Namespace(n_union_tp=3500, data_folder='datasets/ZTF_all', checkpoint='datasets/ZTF_all0.9781152606010437.h5', start_col=1, inc_errors=False, print_at=1, embed_time=128, enc_num_heads=16, latent_dim=64, mixing='concat', num_ref_points=16, rec_hidden=128, width=512, save_at=30, patience=100, early_stopping=False, niters=20000, frac=0.5, batch_size=2, mse_weight=5.0, dropout=0.0, num_resamples=0, lr=0.0001, scheduler=False, warmup=4000, kl_zero=False, kl_annealing=True, net='hetvae', device='cuda', const_var=False, var_per_dim=False, std=0.1, seed=2, save=True, k_iwae=1) 5625491
validated 3407 files out of 3407 for band='r'
validated 3407 files out of 3407 for band='g'
validated 3407 files out of 3407 for band='i'
3407 3407
(3010, 3, 4431, 3)
created union_tp attribute of length 3500
dataset created w/ shape (3010, 3, 4431, 3)
train size: 2709, valid size: 271, test size: 301
=> loading checkpoint 'datasets/ZTF_all0.9781152606010437.h5'
Namespace(n_union_tp=3500, data_folder='datasets/ZTF_all', checkpoint='', start_col=1, inc_errors=False, print_at=1, embed_time=128, enc_num_heads=16, latent_dim=64, mixing='concat', num_ref_points=16, rec_hidden=128, width=512, save_at=30, patience=100, early_stopping=False, niters=20000, frac=0.5, batch_size=2, mse_weight=5.0, dropout=0.0, num_resamples=0, lr=0.00015, scheduler=False, warmup=4000, kl_zero=False, kl_annealing=True, net='hetvae', device='cuda', const_var=False, var_per_dim=False, std=0.1, seed=2, save=True, k_iwae=1)
loaded checkpoint w/ loss=3.4544087566322577
model_size=574662
361,	Iter: 361, train loss: 3.5920, avg nll: 1.0309, avg wnll: nan, avg kl: 0.7560, mse: 0.512218, wmse: 6.314685, mae: 0.517612
362,	Iter: 362, train loss: 3.5706, avg nll: 1.0203, avg wnll: nan, avg kl: 1.9164, mse: 0.509913, wmse: 6.284701, mae: 0.516021
363,	Iter: 363, train loss: 3.5425, avg nll: 1.0136, avg wnll: nan, avg kl: 3.1465, mse: 0.505269, wmse: 6.219972, mae: 0.513686
364,	Iter: 364, train loss: 3.5396, avg nll: 1.0098, avg wnll: nan, avg kl: 4.1777, mse: 0.504958, wmse: 6.212713, mae: 0.513724
365,	Iter: 365, train loss: 3.5415, avg nll: 1.0128, avg wnll: nan, avg kl: 4.4714, mse: 0.504323, wmse: 6.202541, mae: 0.513085
366,	Iter: 366, train loss: 3.5248, avg nll: 1.0076, avg wnll: nan, avg kl: 4.7230, mse: 0.501542, wmse: 6.173332, mae: 0.511801
367,	Iter: 367, train loss: 3.5217, avg nll: 1.0040, avg wnll: nan, avg kl: 4.3757, mse: 0.501431, wmse: 6.154071, mae: 0.512108
368,	Iter: 368, train loss: 3.5262, avg nll: 1.0053, avg wnll: nan, avg kl: 4.5093, mse: 0.501652, wmse: 6.166977, mae: 0.512096
369,	Iter: 369, train loss: 3.5129, avg nll: 1.0041, avg wnll: nan, avg kl: 4.1803, mse: 0.499099, wmse: 6.118740, mae: 0.511058
370,	Iter: 370, train loss: 3.5073, avg nll: 1.0021, avg wnll: nan, avg kl: 3.8552, mse: 0.498256, wmse: 6.118320, mae: 0.510207
nll: 0.9544, mse: 0.4941, mae: 0.5055, mean_mse: 6.4783, mean_mae: 0.5055
371,	Iter: 371, train loss: 3.3730, avg nll: 0.9618, avg wnll: nan, avg kl: 2.0820, mse: 0.480577, wmse: 5.912093, mae: 0.500703
372,	Iter: 372, train loss: 3.3578, avg nll: 0.9579, avg wnll: nan, avg kl: 1.2841, mse: 0.478857, wmse: 5.908713, mae: 0.499950
373,	Iter: 373, train loss: 3.3496, avg nll: 0.9540, avg wnll: nan, avg kl: 1.1535, mse: 0.478012, wmse: 5.884767, mae: 0.498998
374,	Iter: 374, train loss: 3.3461, avg nll: 0.9513, avg wnll: nan, avg kl: 1.0631, mse: 0.477857, wmse: 5.876794, mae: 0.498964
375,	Iter: 375, train loss: 3.3541, avg nll: 0.9543, avg wnll: nan, avg kl: 1.0441, mse: 0.478782, wmse: 5.885649, mae: 0.499569
376,	Iter: 376, train loss: 3.3229, avg nll: 0.9500, avg wnll: nan, avg kl: 1.0671, mse: 0.473288, wmse: 5.835341, mae: 0.496722
377,	Iter: 377, train loss: 3.3095, avg nll: 0.9400, avg wnll: nan, avg kl: 0.9607, mse: 0.472659, wmse: 5.819438, mae: 0.496201
378,	Iter: 378, train loss: 3.3269, avg nll: 0.9436, avg wnll: nan, avg kl: 0.9532, mse: 0.475360, wmse: 5.861066, mae: 0.497713
379,	Iter: 379, train loss: 3.3358, avg nll: 0.9527, avg wnll: nan, avg kl: 0.9744, mse: 0.475209, wmse: 5.861989, mae: 0.497755
380,	Iter: 380, train loss: 3.3103, avg nll: 0.9472, avg wnll: nan, avg kl: 0.9403, mse: 0.471196, wmse: 5.795083, mae: 0.495652
nll: 0.9602, mse: 0.4918, mae: 0.5037, mean_mse: 6.4621, mean_mae: 0.5037
381,	Iter: 381, train loss: 3.2985, avg nll: 0.9400, avg wnll: nan, avg kl: 0.9362, mse: 0.470201, wmse: 5.793327, mae: 0.494901
382,	Iter: 382, train loss: 3.3169, avg nll: 0.9501, avg wnll: nan, avg kl: 1.0032, mse: 0.471679, wmse: 5.816514, mae: 0.495662
383,	Iter: 383, train loss: 3.3057, avg nll: 0.9370, avg wnll: nan, avg kl: 0.9575, mse: 0.472039, wmse: 5.819014, mae: 0.495704
384,	Iter: 384, train loss: 3.3064, avg nll: 0.9392, avg wnll: nan, avg kl: 0.9496, mse: 0.471678, wmse: 5.811306, mae: 0.495515
385,	Iter: 385, train loss: 3.3142, avg nll: 0.9417, avg wnll: nan, avg kl: 0.9140, mse: 0.472736, wmse: 5.811732, mae: 0.496123
386,	Iter: 386, train loss: 3.2952, avg nll: 0.9372, avg wnll: nan, avg kl: 0.9420, mse: 0.469728, wmse: 5.793486, mae: 0.494604
387,	Iter: 387, train loss: 3.2951, avg nll: 0.9364, avg wnll: nan, avg kl: 0.9350, mse: 0.469793, wmse: 5.781686, mae: 0.494826
388,	Iter: 388, train loss: 3.3055, avg nll: 0.9377, avg wnll: nan, avg kl: 0.9219, mse: 0.471568, wmse: 5.813126, mae: 0.495630
389,	Iter: 389, train loss: 3.2973, avg nll: 0.9389, avg wnll: nan, avg kl: 0.9071, mse: 0.469651, wmse: 5.790209, mae: 0.494261
390,	Iter: 390, train loss: 3.2732, avg nll: 0.9297, avg wnll: nan, avg kl: 0.8777, mse: 0.466674, wmse: 5.741363, mae: 0.492905
nll: 0.9583, mse: 0.4923, mae: 0.5036, mean_mse: 6.4648, mean_mae: 0.5036
saving.................
done
391,	Iter: 391, train loss: 3.2750, avg nll: 0.9303, avg wnll: nan, avg kl: 0.9044, mse: 0.466773, wmse: 5.753111, mae: 0.493141
392,	Iter: 392, train loss: 3.2884, avg nll: 0.9323, avg wnll: nan, avg kl: 0.9314, mse: 0.468913, wmse: 5.777902, mae: 0.494083
393,	Iter: 393, train loss: 3.3090, avg nll: 0.9371, avg wnll: nan, avg kl: 0.9126, mse: 0.472051, wmse: 5.818752, mae: 0.495727
394,	Iter: 394, train loss: 3.2916, avg nll: 0.9337, avg wnll: nan, avg kl: 0.8831, mse: 0.469247, wmse: 5.777825, mae: 0.493877
395,	Iter: 395, train loss: 3.2963, avg nll: 0.9315, avg wnll: nan, avg kl: 0.8710, mse: 0.470601, wmse: 5.786999, mae: 0.495180
396,	Iter: 396, train loss: 3.2931, avg nll: 0.9413, avg wnll: nan, avg kl: 0.8867, mse: 0.467876, wmse: 5.765444, mae: 0.493613
397,	Iter: 397, train loss: 3.2840, avg nll: 0.9346, avg wnll: nan, avg kl: 0.8768, mse: 0.467360, wmse: 5.759071, mae: 0.493519
398,	Iter: 398, train loss: 3.2962, avg nll: 0.9338, avg wnll: nan, avg kl: 0.8871, mse: 0.469852, wmse: 5.796959, mae: 0.494700
399,	Iter: 399, train loss: 3.2810, avg nll: 0.9322, avg wnll: nan, avg kl: 0.8460, mse: 0.467199, wmse: 5.756535, mae: 0.492932
400,	Iter: 400, train loss: 3.2641, avg nll: 0.9294, avg wnll: nan, avg kl: 0.8402, mse: 0.464312, wmse: 5.717384, mae: 0.491803
nll: 0.9599, mse: 0.4925, mae: 0.5053, mean_mse: 6.4892, mean_mae: 0.5053
401,	Iter: 401, train loss: 3.2704, avg nll: 0.9297, avg wnll: nan, avg kl: 0.8432, mse: 0.465455, wmse: 5.736431, mae: 0.492622
402,	Iter: 402, train loss: 3.3690, avg nll: 0.9584, avg wnll: nan, avg kl: 0.8729, mse: 0.479254, wmse: 5.963408, mae: 0.499797
403,	Iter: 403, train loss: 3.2888, avg nll: 0.9333, avg wnll: nan, avg kl: 0.8646, mse: 0.468200, wmse: 5.773643, mae: 0.493841
404,	Iter: 404, train loss: 3.2686, avg nll: 0.9218, avg wnll: nan, avg kl: 0.8331, mse: 0.466491, wmse: 5.737632, mae: 0.492769
405,	Iter: 405, train loss: 3.2811, avg nll: 0.9269, avg wnll: nan, avg kl: 0.8355, mse: 0.467894, wmse: 5.755309, mae: 0.493585
406,	Iter: 406, train loss: 3.2734, avg nll: 0.9339, avg wnll: nan, avg kl: 0.8796, mse: 0.464748, wmse: 5.723322, mae: 0.491856
407,	Iter: 407, train loss: 3.2546, avg nll: 0.9217, avg wnll: nan, avg kl: 0.8337, mse: 0.463508, wmse: 5.701308, mae: 0.491412
408,	Iter: 408, train loss: 3.2800, avg nll: 0.9257, avg wnll: nan, avg kl: 0.8487, mse: 0.467672, wmse: 5.766745, mae: 0.493490
409,	Iter: 409, train loss: 3.2712, avg nll: 0.9285, avg wnll: nan, avg kl: 0.8365, mse: 0.465326, wmse: 5.738078, mae: 0.492137
410,	Iter: 410, train loss: 3.2633, avg nll: 0.9268, avg wnll: nan, avg kl: 0.8250, mse: 0.464062, wmse: 5.712396, mae: 0.491927
nll: 0.9629, mse: 0.4930, mae: 0.5048, mean_mse: 6.4775, mean_mae: 0.5048
411,	Iter: 411, train loss: 3.2654, avg nll: 0.9274, avg wnll: nan, avg kl: 0.8249, mse: 0.464306, wmse: 5.725802, mae: 0.492120
412,	Iter: 412, train loss: 3.2854, avg nll: 0.9345, avg wnll: nan, avg kl: 0.8402, mse: 0.466757, wmse: 5.764422, mae: 0.493543
413,	Iter: 413, train loss: 3.2819, avg nll: 0.9271, avg wnll: nan, avg kl: 0.8500, mse: 0.467410, wmse: 5.766375, mae: 0.493500
414,	Iter: 414, train loss: 3.2668, avg nll: 0.9241, avg wnll: nan, avg kl: 0.8051, mse: 0.465129, wmse: 5.724358, mae: 0.492100
415,	Iter: 415, train loss: 3.2900, avg nll: 0.9355, avg wnll: nan, avg kl: 0.8157, mse: 0.467361, wmse: 5.750056, mae: 0.493502
416,	Iter: 416, train loss: 3.2774, avg nll: 0.9331, avg wnll: nan, avg kl: 0.8370, mse: 0.465172, wmse: 5.753111, mae: 0.492598
417,	Iter: 417, train loss: 3.2519, avg nll: 0.9221, avg wnll: nan, avg kl: 0.7938, mse: 0.462415, wmse: 5.691460, mae: 0.490956
418,	Iter: 418, train loss: 3.2634, avg nll: 0.9193, avg wnll: nan, avg kl: 0.8260, mse: 0.465055, wmse: 5.737814, mae: 0.491964
419,	Iter: 419, train loss: 3.2606, avg nll: 0.9258, avg wnll: nan, avg kl: 0.8232, mse: 0.463143, wmse: 5.709901, mae: 0.491166
420,	Iter: 420, train loss: 3.2580, avg nll: 0.9231, avg wnll: nan, avg kl: 0.7815, mse: 0.463294, wmse: 5.707818, mae: 0.491414
nll: 0.9758, mse: 0.4963, mae: 0.5066, mean_mse: 6.5305, mean_mae: 0.5066
saving.................
done
421,	Iter: 421, train loss: 3.2460, avg nll: 0.9187, avg wnll: nan, avg kl: 0.7962, mse: 0.461639, wmse: 5.692463, mae: 0.490385
422,	Iter: 422, train loss: 3.2671, avg nll: 0.9266, avg wnll: nan, avg kl: 0.8100, mse: 0.464147, wmse: 5.724528, mae: 0.491849
423,	Iter: 423, train loss: 3.2729, avg nll: 0.9241, avg wnll: nan, avg kl: 0.8011, mse: 0.465783, wmse: 5.743944, mae: 0.492856
424,	Iter: 424, train loss: 3.2619, avg nll: 0.9205, avg wnll: nan, avg kl: 0.7800, mse: 0.464358, wmse: 5.714001, mae: 0.491803
425,	Iter: 425, train loss: 3.2725, avg nll: 0.9242, avg wnll: nan, avg kl: 0.7777, mse: 0.465671, wmse: 5.724339, mae: 0.492361
426,	Iter: 426, train loss: 3.2489, avg nll: 0.9209, avg wnll: nan, avg kl: 0.8078, mse: 0.461409, wmse: 5.700160, mae: 0.490269
427,	Iter: 427, train loss: 3.2408, avg nll: 0.9136, avg wnll: nan, avg kl: 0.7667, mse: 0.461386, wmse: 5.686927, mae: 0.490563
428,	Iter: 428, train loss: 3.2673, avg nll: 0.9228, avg wnll: nan, avg kl: 0.7969, mse: 0.464621, wmse: 5.730493, mae: 0.492162
429,	Iter: 429, train loss: 3.2599, avg nll: 0.9263, avg wnll: nan, avg kl: 0.7839, mse: 0.462450, wmse: 5.704093, mae: 0.490766
430,	Iter: 430, train loss: 3.2753, avg nll: 0.9474, avg wnll: nan, avg kl: 0.7767, mse: 0.461298, wmse: 5.680985, mae: 0.490475
nll: 0.9722, mse: 0.4991, mae: 0.5080, mean_mse: 6.5880, mean_mae: 0.5080
431,	Iter: 431, train loss: 3.2532, avg nll: 0.9238, avg wnll: nan, avg kl: 0.7735, mse: 0.461560, wmse: 5.686819, mae: 0.490632
432,	Iter: 432, train loss: 3.2593, avg nll: 0.9253, avg wnll: nan, avg kl: 0.7776, mse: 0.462388, wmse: 5.704361, mae: 0.491244
433,	Iter: 433, train loss: 3.2574, avg nll: 0.9201, avg wnll: nan, avg kl: 0.7799, mse: 0.462973, wmse: 5.700539, mae: 0.490911
434,	Iter: 434, train loss: 3.2528, avg nll: 0.9197, avg wnll: nan, avg kl: 0.7685, mse: 0.462124, wmse: 5.688830, mae: 0.490474
435,	Iter: 435, train loss: 3.2658, avg nll: 0.9239, avg wnll: nan, avg kl: 0.7718, mse: 0.463806, wmse: 5.707376, mae: 0.491712
436,	Iter: 436, train loss: 3.2507, avg nll: 0.9238, avg wnll: nan, avg kl: 0.7727, mse: 0.460737, wmse: 5.674560, mae: 0.490312
437,	Iter: 437, train loss: 3.2337, avg nll: 0.9133, avg wnll: nan, avg kl: 0.7512, mse: 0.459502, wmse: 5.658238, mae: 0.489505
438,	Iter: 438, train loss: 3.2632, avg nll: 0.9214, avg wnll: nan, avg kl: 0.7734, mse: 0.463599, wmse: 5.721596, mae: 0.491476
439,	Iter: 439, train loss: 3.2538, avg nll: 0.9240, avg wnll: nan, avg kl: 0.7590, mse: 0.461226, wmse: 5.694157, mae: 0.490271
440,	Iter: 440, train loss: 3.2303, avg nll: 0.9103, avg wnll: nan, avg kl: 0.7405, mse: 0.459317, wmse: 5.656483, mae: 0.489325
nll: 0.9725, mse: 0.4970, mae: 0.5068, mean_mse: 6.5532, mean_mae: 0.5068
441,	Iter: 441, train loss: 3.2420, avg nll: 0.9146, avg wnll: nan, avg kl: 0.7547, mse: 0.460649, wmse: 5.680012, mae: 0.490087
442,	Iter: 442, train loss: 3.2481, avg nll: 0.9172, avg wnll: nan, avg kl: 0.7496, mse: 0.461307, wmse: 5.700345, mae: 0.490584
443,	Iter: 443, train loss: 3.2549, avg nll: 0.9182, avg wnll: nan, avg kl: 0.7620, mse: 0.462330, wmse: 5.697137, mae: 0.490738
444,	Iter: 444, train loss: 3.2599, avg nll: 0.9213, avg wnll: nan, avg kl: 0.7247, mse: 0.462919, wmse: 5.697742, mae: 0.491367
445,	Iter: 445, train loss: 3.2556, avg nll: 0.9185, avg wnll: nan, avg kl: 0.7313, mse: 0.462500, wmse: 5.692321, mae: 0.490908
446,	Iter: 446, train loss: 3.2609, avg nll: 0.9295, avg wnll: nan, avg kl: 0.7495, mse: 0.461190, wmse: 5.700099, mae: 0.490632
447,	Iter: 447, train loss: 3.2183, avg nll: 0.9072, avg wnll: nan, avg kl: 0.7226, mse: 0.457254, wmse: 5.629955, mae: 0.488099
448,	Iter: 448, train loss: 3.2485, avg nll: 0.9160, avg wnll: nan, avg kl: 0.7473, mse: 0.461291, wmse: 5.688177, mae: 0.490237
449,	Iter: 449, train loss: 3.2476, avg nll: 0.9173, avg wnll: nan, avg kl: 0.7327, mse: 0.460905, wmse: 5.687635, mae: 0.490019
450,	Iter: 450, train loss: 3.2363, avg nll: 0.9158, avg wnll: nan, avg kl: 0.7323, mse: 0.458882, wmse: 5.652436, mae: 0.489261
nll: 0.9642, mse: 0.4952, mae: 0.5067, mean_mse: 6.5303, mean_mae: 0.5067
saving.................
done
451,	Iter: 451, train loss: 3.2406, avg nll: 0.9143, avg wnll: nan, avg kl: 0.7459, mse: 0.459877, wmse: 5.677738, mae: 0.489877
452,	Iter: 452, train loss: 3.2561, avg nll: 0.9241, avg wnll: nan, avg kl: 0.7412, mse: 0.461014, wmse: 5.697978, mae: 0.490567
453,	Iter: 453, train loss: 3.2512, avg nll: 0.9182, avg wnll: nan, avg kl: 0.7312, mse: 0.461215, wmse: 5.690500, mae: 0.490400
454,	Iter: 454, train loss: 3.2406, avg nll: 0.9150, avg wnll: nan, avg kl: 0.7106, mse: 0.459849, wmse: 5.657234, mae: 0.489510
455,	Iter: 455, train loss: 3.2518, avg nll: 0.9151, avg wnll: nan, avg kl: 0.7107, mse: 0.461992, wmse: 5.678695, mae: 0.490983
456,	Iter: 456, train loss: 3.2308, avg nll: 0.9157, avg wnll: nan, avg kl: 0.7262, mse: 0.457497, wmse: 5.639162, mae: 0.488152
457,	Iter: 457, train loss: 3.2323, avg nll: 0.9130, avg wnll: nan, avg kl: 0.7114, mse: 0.458401, wmse: 5.649426, mae: 0.489240
458,	Iter: 458, train loss: 3.2403, avg nll: 0.9117, avg wnll: nan, avg kl: 0.7310, mse: 0.460036, wmse: 5.675978, mae: 0.489670
459,	Iter: 459, train loss: 3.2291, avg nll: 0.9116, avg wnll: nan, avg kl: 0.7146, mse: 0.457892, wmse: 5.648825, mae: 0.488455
460,	Iter: 460, train loss: 3.2181, avg nll: 0.9043, avg wnll: nan, avg kl: 0.7001, mse: 0.457219, wmse: 5.631733, mae: 0.488275
nll: 0.9718, mse: 0.4954, mae: 0.5062, mean_mse: 6.5294, mean_mae: 0.5062
461,	Iter: 461, train loss: 3.2360, avg nll: 0.9156, avg wnll: nan, avg kl: 0.7100, mse: 0.458388, wmse: 5.656744, mae: 0.489136
462,	Iter: 462, train loss: 3.2422, avg nll: 0.9140, avg wnll: nan, avg kl: 0.7095, mse: 0.459913, wmse: 5.680018, mae: 0.490022
463,	Iter: 463, train loss: 3.2457, avg nll: 0.9161, avg wnll: nan, avg kl: 0.7204, mse: 0.460041, wmse: 5.667219, mae: 0.489779
464,	Iter: 464, train loss: 3.2357, avg nll: 0.9123, avg wnll: nan, avg kl: 0.6878, mse: 0.459012, wmse: 5.651700, mae: 0.488944
465,	Iter: 465, train loss: 3.2440, avg nll: 0.9140, avg wnll: nan, avg kl: 0.6967, mse: 0.460212, wmse: 5.665252, mae: 0.489938
466,	Iter: 466, train loss: 3.2148, avg nll: 0.9059, avg wnll: nan, avg kl: 0.7133, mse: 0.455793, wmse: 5.622040, mae: 0.487387
467,	Iter: 467, train loss: 3.2121, avg nll: 0.9044, avg wnll: nan, avg kl: 0.6939, mse: 0.455664, wmse: 5.612716, mae: 0.487610
468,	Iter: 468, train loss: 3.2432, avg nll: 0.9152, avg wnll: nan, avg kl: 0.7076, mse: 0.459538, wmse: 5.672808, mae: 0.489523
469,	Iter: 469, train loss: 3.2241, avg nll: 0.9067, avg wnll: nan, avg kl: 0.6903, mse: 0.457513, wmse: 5.647072, mae: 0.488181
470,	Iter: 470, train loss: 3.2162, avg nll: 0.9081, avg wnll: nan, avg kl: 0.6805, mse: 0.455699, wmse: 5.613591, mae: 0.487462
nll: 0.9700, mse: 0.4955, mae: 0.5059, mean_mse: 6.5077, mean_mae: 0.5059
471,	Iter: 471, train loss: 3.2289, avg nll: 0.9134, avg wnll: nan, avg kl: 0.6909, mse: 0.457020, wmse: 5.637434, mae: 0.488306
472,	Iter: 472, train loss: 3.2306, avg nll: 0.9109, avg wnll: nan, avg kl: 0.6880, mse: 0.457831, wmse: 5.655033, mae: 0.488742
473,	Iter: 473, train loss: 3.2353, avg nll: 0.9105, avg wnll: nan, avg kl: 0.6878, mse: 0.458788, wmse: 5.657625, mae: 0.488922
474,	Iter: 474, train loss: 3.2327, avg nll: 0.9087, avg wnll: nan, avg kl: 0.6741, mse: 0.458692, wmse: 5.648094, mae: 0.489109
475,	Iter: 475, train loss: 3.2387, avg nll: 0.9149, avg wnll: nan, avg kl: 0.6911, mse: 0.458455, wmse: 5.643429, mae: 0.488993
476,	Iter: 476, train loss: 3.2125, avg nll: 0.9047, avg wnll: nan, avg kl: 0.6982, mse: 0.455134, wmse: 5.614643, mae: 0.487188
477,	Iter: 477, train loss: 3.2142, avg nll: 0.9082, avg wnll: nan, avg kl: 0.6708, mse: 0.454971, wmse: 5.605280, mae: 0.487531
478,	Iter: 478, train loss: 3.2346, avg nll: 0.9095, avg wnll: nan, avg kl: 0.6972, mse: 0.458505, wmse: 5.663441, mae: 0.489155
479,	Iter: 479, train loss: 3.2214, avg nll: 0.9067, avg wnll: nan, avg kl: 0.6782, mse: 0.456547, wmse: 5.626808, mae: 0.488072
480,	Iter: 480, train loss: 3.2202, avg nll: 0.9072, avg wnll: nan, avg kl: 0.6681, mse: 0.456239, wmse: 5.625863, mae: 0.488129
nll: 0.9747, mse: 0.4975, mae: 0.5074, mean_mse: 6.5624, mean_mae: 0.5074
saving.................
done
481,	Iter: 481, train loss: 3.2212, avg nll: 0.9125, avg wnll: nan, avg kl: 0.6771, mse: 0.455231, wmse: 5.613736, mae: 0.487330
482,	Iter: 482, train loss: 3.2254, avg nll: 0.9119, avg wnll: nan, avg kl: 0.6722, mse: 0.456206, wmse: 5.638270, mae: 0.488158
483,	Iter: 483, train loss: 3.2338, avg nll: 0.9076, avg wnll: nan, avg kl: 0.6716, mse: 0.458689, wmse: 5.656302, mae: 0.489498
484,	Iter: 484, train loss: 3.2321, avg nll: 0.9093, avg wnll: nan, avg kl: 0.6660, mse: 0.457999, wmse: 5.648529, mae: 0.488707
485,	Iter: 485, train loss: 3.2315, avg nll: 0.9112, avg wnll: nan, avg kl: 0.6612, mse: 0.457501, wmse: 5.638325, mae: 0.488300
486,	Iter: 486, train loss: 3.2022, avg nll: 0.9004, avg wnll: nan, avg kl: 0.6824, mse: 0.453533, wmse: 5.588742, mae: 0.486462
487,	Iter: 487, train loss: 3.1998, avg nll: 0.9000, avg wnll: nan, avg kl: 0.6580, mse: 0.453323, wmse: 5.589530, mae: 0.486428
488,	Iter: 488, train loss: 3.2285, avg nll: 0.9082, avg wnll: nan, avg kl: 0.6735, mse: 0.457215, wmse: 5.646517, mae: 0.488441
489,	Iter: 489, train loss: 3.2365, avg nll: 0.9167, avg wnll: nan, avg kl: 0.6663, mse: 0.457150, wmse: 5.646213, mae: 0.488409
490,	Iter: 490, train loss: 3.2109, avg nll: 0.9052, avg wnll: nan, avg kl: 0.6604, mse: 0.454327, wmse: 5.605998, mae: 0.486833
nll: 0.9622, mse: 0.4948, mae: 0.5060, mean_mse: 6.5093, mean_mae: 0.5060
491,	Iter: 491, train loss: 3.2090, avg nll: 0.9055, avg wnll: nan, avg kl: 0.6642, mse: 0.453796, wmse: 5.600786, mae: 0.486518
492,	Iter: 492, train loss: 3.2177, avg nll: 0.9041, avg wnll: nan, avg kl: 0.6559, mse: 0.455861, wmse: 5.632266, mae: 0.487972
493,	Iter: 493, train loss: 3.2773, avg nll: 0.9235, avg wnll: nan, avg kl: 0.6564, mse: 0.463841, wmse: 5.734236, mae: 0.492549
494,	Iter: 494, train loss: 3.2346, avg nll: 0.9095, avg wnll: nan, avg kl: 0.6445, mse: 0.458158, wmse: 5.648433, mae: 0.488960
495,	Iter: 495, train loss: 3.2341, avg nll: 0.9108, avg wnll: nan, avg kl: 0.6564, mse: 0.457625, wmse: 5.638187, mae: 0.488576
496,	Iter: 496, train loss: 3.2069, avg nll: 0.9028, avg wnll: nan, avg kl: 0.6684, mse: 0.453590, wmse: 5.600941, mae: 0.486611
497,	Iter: 497, train loss: 3.2064, avg nll: 0.9009, avg wnll: nan, avg kl: 0.6472, mse: 0.454063, wmse: 5.590575, mae: 0.486917
498,	Iter: 498, train loss: 3.2603, avg nll: 0.9223, avg wnll: nan, avg kl: 0.6592, mse: 0.460383, wmse: 5.693345, mae: 0.490465
499,	Iter: 499, train loss: 3.2072, avg nll: 0.9031, avg wnll: nan, avg kl: 0.6549, mse: 0.453590, wmse: 5.594558, mae: 0.486329
500,	Iter: 500, train loss: 3.2085, avg nll: 0.9039, avg wnll: nan, avg kl: 0.6374, mse: 0.453845, wmse: 5.598032, mae: 0.486808
nll: 0.9650, mse: 0.4953, mae: 0.5064, mean_mse: 6.5289, mean_mae: 0.5064
501,	Iter: 501, train loss: 3.2146, avg nll: 0.9070, avg wnll: nan, avg kl: 0.6394, mse: 0.454354, wmse: 5.605417, mae: 0.487147
502,	Iter: 502, train loss: 3.2241, avg nll: 0.9097, avg wnll: nan, avg kl: 0.6357, mse: 0.455710, wmse: 5.623592, mae: 0.487929
503,	Iter: 503, train loss: 3.2326, avg nll: 0.9092, avg wnll: nan, avg kl: 0.6420, mse: 0.457383, wmse: 5.642150, mae: 0.488867
504,	Iter: 504, train loss: 3.2339, avg nll: 0.9165, avg wnll: nan, avg kl: 0.6327, mse: 0.456235, wmse: 5.619800, mae: 0.487928
505,	Iter: 505, train loss: 3.2163, avg nll: 0.9026, avg wnll: nan, avg kl: 0.6331, mse: 0.455446, wmse: 5.620430, mae: 0.487320
506,	Iter: 506, train loss: 3.2011, avg nll: 0.9014, avg wnll: nan, avg kl: 0.6545, mse: 0.452345, wmse: 5.583766, mae: 0.485784
507,	Iter: 507, train loss: 3.1967, avg nll: 0.8994, avg wnll: nan, avg kl: 0.6271, mse: 0.452131, wmse: 5.573480, mae: 0.485891
508,	Iter: 508, train loss: 3.2272, avg nll: 0.9071, avg wnll: nan, avg kl: 0.6396, mse: 0.456492, wmse: 5.639117, mae: 0.488057
509,	Iter: 509, train loss: 3.2010, avg nll: 0.8986, avg wnll: nan, avg kl: 0.6234, mse: 0.453100, wmse: 5.591774, mae: 0.486305
510,	Iter: 510, train loss: 3.2002, avg nll: 0.8987, avg wnll: nan, avg kl: 0.6212, mse: 0.452895, wmse: 5.585683, mae: 0.486142
nll: 0.9834, mse: 0.5005, mae: 0.5106, mean_mse: 6.6214, mean_mae: 0.5106
saving.................
done
511,	Iter: 511, train loss: 3.2152, avg nll: 0.9044, avg wnll: nan, avg kl: 0.6281, mse: 0.454632, wmse: 5.617949, mae: 0.487361
512,	Iter: 512, train loss: 3.2111, avg nll: 0.9068, avg wnll: nan, avg kl: 0.6247, mse: 0.453304, wmse: 5.599326, mae: 0.486427
513,	Iter: 513, train loss: 3.2159, avg nll: 0.9050, avg wnll: nan, avg kl: 0.6279, mse: 0.454534, wmse: 5.607684, mae: 0.486999
514,	Iter: 514, train loss: 3.2241, avg nll: 0.9087, avg wnll: nan, avg kl: 0.6152, mse: 0.455562, wmse: 5.612792, mae: 0.487337
515,	Iter: 515, train loss: 3.2062, avg nll: 0.8996, avg wnll: nan, avg kl: 0.6198, mse: 0.453689, wmse: 5.594286, mae: 0.486405
516,	Iter: 516, train loss: 3.1974, avg nll: 0.8996, avg wnll: nan, avg kl: 0.6357, mse: 0.451677, wmse: 5.576884, mae: 0.485470
517,	Iter: 517, train loss: 3.2062, avg nll: 0.9072, avg wnll: nan, avg kl: 0.6220, mse: 0.452040, wmse: 5.570954, mae: 0.486098
518,	Iter: 518, train loss: 3.2169, avg nll: 0.9036, avg wnll: nan, avg kl: 0.6333, mse: 0.454708, wmse: 5.611207, mae: 0.486949
519,	Iter: 519, train loss: 3.2134, avg nll: 0.9055, avg wnll: nan, avg kl: 0.6173, mse: 0.453781, wmse: 5.603868, mae: 0.486780
520,	Iter: 520, train loss: 3.1858, avg nll: 0.8915, avg wnll: nan, avg kl: 0.6134, mse: 0.451071, wmse: 5.560144, mae: 0.485340
nll: 0.9782, mse: 0.4992, mae: 0.5093, mean_mse: 6.6052, mean_mae: 0.5093
521,	Iter: 521, train loss: 3.2196, avg nll: 0.9071, avg wnll: nan, avg kl: 0.6228, mse: 0.454529, wmse: 5.617585, mae: 0.487403
522,	Iter: 522, train loss: 3.2106, avg nll: 0.9041, avg wnll: nan, avg kl: 0.6192, mse: 0.453327, wmse: 5.602733, mae: 0.486652
523,	Iter: 523, train loss: 3.2077, avg nll: 0.8991, avg wnll: nan, avg kl: 0.6172, mse: 0.453723, wmse: 5.596702, mae: 0.486378
524,	Iter: 524, train loss: 3.2285, avg nll: 0.9078, avg wnll: nan, avg kl: 0.5945, mse: 0.456387, wmse: 5.616895, mae: 0.488268
525,	Iter: 525, train loss: 3.2131, avg nll: 0.9032, avg wnll: nan, avg kl: 0.6101, mse: 0.453983, wmse: 5.596406, mae: 0.486532
526,	Iter: 526, train loss: 3.1963, avg nll: 0.9007, avg wnll: nan, avg kl: 0.6257, mse: 0.450856, wmse: 5.574699, mae: 0.485188
527,	Iter: 527, train loss: 3.1850, avg nll: 0.8932, avg wnll: nan, avg kl: 0.6108, mse: 0.450238, wmse: 5.550052, mae: 0.485037
528,	Iter: 528, train loss: 3.2065, avg nll: 0.8991, avg wnll: nan, avg kl: 0.6112, mse: 0.453307, wmse: 5.596378, mae: 0.486413
529,	Iter: 529, train loss: 3.2021, avg nll: 0.8998, avg wnll: nan, avg kl: 0.6142, mse: 0.452209, wmse: 5.584358, mae: 0.485733
530,	Iter: 530, train loss: 3.1946, avg nll: 0.8985, avg wnll: nan, avg kl: 0.5959, mse: 0.451168, wmse: 5.561927, mae: 0.485360
nll: 0.9649, mse: 0.4967, mae: 0.5069, mean_mse: 6.5314, mean_mae: 0.5069
531,	Iter: 531, train loss: 3.1962, avg nll: 0.8971, avg wnll: nan, avg kl: 0.5943, mse: 0.451730, wmse: 5.586595, mae: 0.485653
532,	Iter: 532, train loss: 3.2063, avg nll: 0.9062, avg wnll: nan, avg kl: 0.5938, mse: 0.451892, wmse: 5.584934, mae: 0.485841
533,	Iter: 533, train loss: 3.2135, avg nll: 0.9039, avg wnll: nan, avg kl: 0.5963, mse: 0.453722, wmse: 5.602254, mae: 0.486832
534,	Iter: 534, train loss: 3.2085, avg nll: 0.9008, avg wnll: nan, avg kl: 0.5874, mse: 0.453410, wmse: 5.593622, mae: 0.486612
535,	Iter: 535, train loss: 3.2090, avg nll: 0.9011, avg wnll: nan, avg kl: 0.5946, mse: 0.453305, wmse: 5.589697, mae: 0.486321
536,	Iter: 536, train loss: 3.1723, avg nll: 0.8885, avg wnll: nan, avg kl: 0.6035, mse: 0.448318, wmse: 5.533629, mae: 0.483466
537,	Iter: 537, train loss: 3.1874, avg nll: 0.8940, avg wnll: nan, avg kl: 0.5870, mse: 0.450418, wmse: 5.553076, mae: 0.485209
538,	Iter: 538, train loss: 3.2040, avg nll: 0.8974, avg wnll: nan, avg kl: 0.5972, mse: 0.452863, wmse: 5.589641, mae: 0.486098
539,	Iter: 539, train loss: 3.1887, avg nll: 0.8957, avg wnll: nan, avg kl: 0.5876, mse: 0.450237, wmse: 5.564282, mae: 0.484697
540,	Iter: 540, train loss: 3.1933, avg nll: 0.8979, avg wnll: nan, avg kl: 0.5740, mse: 0.450848, wmse: 5.557224, mae: 0.485046
nll: 0.9718, mse: 0.4977, mae: 0.5075, mean_mse: 6.5638, mean_mae: 0.5075
saving.................
done
541,	Iter: 541, train loss: 3.1910, avg nll: 0.8962, avg wnll: nan, avg kl: 0.5889, mse: 0.450473, wmse: 5.562618, mae: 0.485174
542,	Iter: 542, train loss: 3.1965, avg nll: 0.8983, avg wnll: nan, avg kl: 0.5760, mse: 0.451286, wmse: 5.575420, mae: 0.485641
543,	Iter: 543, train loss: 3.2061, avg nll: 0.8953, avg wnll: nan, avg kl: 0.5835, mse: 0.453666, wmse: 5.598315, mae: 0.486716
544,	Iter: 544, train loss: 3.2112, avg nll: 0.9027, avg wnll: nan, avg kl: 0.5675, mse: 0.453395, wmse: 5.597182, mae: 0.486528
545,	Iter: 545, train loss: 3.2152, avg nll: 0.9067, avg wnll: nan, avg kl: 0.5661, mse: 0.453371, wmse: 5.586523, mae: 0.486691
546,	Iter: 546, train loss: 3.1874, avg nll: 0.8972, avg wnll: nan, avg kl: 0.5826, mse: 0.449410, wmse: 5.544290, mae: 0.484358
547,	Iter: 547, train loss: 3.1965, avg nll: 0.9039, avg wnll: nan, avg kl: 0.5839, mse: 0.449839, wmse: 5.553886, mae: 0.485366
548,	Iter: 548, train loss: 3.1915, avg nll: 0.8932, avg wnll: nan, avg kl: 0.5896, mse: 0.450843, wmse: 5.569653, mae: 0.484994
549,	Iter: 549, train loss: 3.1967, avg nll: 0.8966, avg wnll: nan, avg kl: 0.5790, mse: 0.451318, wmse: 5.580443, mae: 0.485601
550,	Iter: 550, train loss: 3.1875, avg nll: 0.8933, avg wnll: nan, avg kl: 0.5642, mse: 0.450310, wmse: 5.558159, mae: 0.484815
nll: 0.9662, mse: 0.4964, mae: 0.5067, mean_mse: 6.5243, mean_mae: 0.5067
551,	Iter: 551, train loss: 3.1845, avg nll: 0.8935, avg wnll: nan, avg kl: 0.5719, mse: 0.449517, wmse: 5.551506, mae: 0.484717
552,	Iter: 552, train loss: 3.2015, avg nll: 0.9024, avg wnll: nan, avg kl: 0.5666, mse: 0.451161, wmse: 5.570091, mae: 0.485515
553,	Iter: 553, train loss: 3.2228, avg nll: 0.9077, avg wnll: nan, avg kl: 0.5694, mse: 0.454268, wmse: 5.618368, mae: 0.487409
554,	Iter: 554, train loss: 3.1895, avg nll: 0.8937, avg wnll: nan, avg kl: 0.5588, mse: 0.450535, wmse: 5.551968, mae: 0.484994
555,	Iter: 555, train loss: 3.2112, avg nll: 0.9015, avg wnll: nan, avg kl: 0.5630, mse: 0.453198, wmse: 5.586972, mae: 0.486576
556,	Iter: 556, train loss: 3.1860, avg nll: 0.8939, avg wnll: nan, avg kl: 0.5758, mse: 0.449446, wmse: 5.549676, mae: 0.484546
557,	Iter: 557, train loss: 3.1653, avg nll: 0.8852, avg wnll: nan, avg kl: 0.5663, mse: 0.447154, wmse: 5.512997, mae: 0.483227
558,	Iter: 558, train loss: 3.1968, avg nll: 0.8952, avg wnll: nan, avg kl: 0.5719, mse: 0.451313, wmse: 5.579353, mae: 0.485461
559,	Iter: 559, train loss: 3.1902, avg nll: 0.8954, avg wnll: nan, avg kl: 0.5599, mse: 0.450094, wmse: 5.565056, mae: 0.484715
560,	Iter: 560, train loss: 3.1744, avg nll: 0.8886, avg wnll: nan, avg kl: 0.5524, mse: 0.448377, wmse: 5.529524, mae: 0.483644
nll: 0.9784, mse: 0.4990, mae: 0.5089, mean_mse: 6.6099, mean_mae: 0.5089
561,	Iter: 561, train loss: 3.1800, avg nll: 0.8915, avg wnll: nan, avg kl: 0.5592, mse: 0.448753, wmse: 5.539248, mae: 0.484272
562,	Iter: 562, train loss: 3.1904, avg nll: 0.8978, avg wnll: nan, avg kl: 0.5587, mse: 0.449544, wmse: 5.559686, mae: 0.484639
563,	Iter: 563, train loss: 3.1963, avg nll: 0.8955, avg wnll: nan, avg kl: 0.5635, mse: 0.451058, wmse: 5.566134, mae: 0.485522
564,	Iter: 564, train loss: 3.1977, avg nll: 0.8987, avg wnll: nan, avg kl: 0.5496, mse: 0.450877, wmse: 5.567538, mae: 0.485132
565,	Iter: 565, train loss: 3.1922, avg nll: 0.8920, avg wnll: nan, avg kl: 0.5523, mse: 0.451021, wmse: 5.564476, mae: 0.485308
566,	Iter: 566, train loss: 3.1719, avg nll: 0.8876, avg wnll: nan, avg kl: 0.5595, mse: 0.447684, wmse: 5.526886, mae: 0.483674
567,	Iter: 567, train loss: 3.1761, avg nll: 0.8904, avg wnll: nan, avg kl: 0.5490, mse: 0.448091, wmse: 5.524255, mae: 0.484228
568,	Iter: 568, train loss: 3.1974, avg nll: 0.8970, avg wnll: nan, avg kl: 0.5597, mse: 0.450815, wmse: 5.568550, mae: 0.485234
569,	Iter: 569, train loss: 3.2033, avg nll: 0.8992, avg wnll: nan, avg kl: 0.5599, mse: 0.451494, wmse: 5.584394, mae: 0.485406
570,	Iter: 570, train loss: 3.1644, avg nll: 0.8851, avg wnll: nan, avg kl: 0.5478, mse: 0.446714, wmse: 5.505127, mae: 0.482848
nll: 0.9694, mse: 0.4974, mae: 0.5074, mean_mse: 6.5532, mean_mae: 0.5074
saving.................
done
571,	Iter: 571, train loss: 3.1892, avg nll: 0.8980, avg wnll: nan, avg kl: 0.5551, mse: 0.448908, wmse: 5.545919, mae: 0.484322
572,	Iter: 572, train loss: 3.2047, avg nll: 0.9037, avg wnll: nan, avg kl: 0.5461, mse: 0.450981, wmse: 5.581640, mae: 0.485678
573,	Iter: 573, train loss: 3.1780, avg nll: 0.8888, avg wnll: nan, avg kl: 0.5524, mse: 0.448481, wmse: 5.536601, mae: 0.483914
574,slurmstepd: error: *** JOB 242301 ON gpu1 CANCELLED AT 2023-03-06T16:08:23 ***
