Namespace(n_union_tp=3500, data_folder='datasets/ZTF_all', checkpoint='datasets/ZTF_all0.8340276479721069.h5', start_col=1, inc_errors=False, print_at=1, embed_time=128, enc_num_heads=16, latent_dim=64, mixing='concat', num_ref_points=16, rec_hidden=128, width=512, save_at=30, patience=100, early_stopping=False, niters=20000, frac=0.5, batch_size=2, mse_weight=5.0, dropout=0.0, num_resamples=0, lr=2.5e-05, scheduler=False, warmup=4000, kl_zero=False, kl_annealing=True, net='hetvae', device='cuda', const_var=False, var_per_dim=False, std=0.1, seed=2, save=True, k_iwae=1) 4176519
validated 3407 files out of 3407 for band='r'
validated 3407 files out of 3407 for band='g'
validated 3407 files out of 3407 for band='i'
3407 3407
(3010, 3, 4431, 3)
created union_tp attribute of length 3500
dataset created w/ shape (3010, 3, 4431, 3)
train size: 2709, valid size: 271, test size: 301
=> loading checkpoint 'datasets/ZTF_all0.8340276479721069.h5'
Namespace(n_union_tp=3500, data_folder='datasets/ZTF_all', checkpoint='datasets/ZTF_all0.8850716948509216.h5', start_col=1, inc_errors=False, print_at=1, embed_time=128, enc_num_heads=16, latent_dim=64, mixing='concat', num_ref_points=16, rec_hidden=128, width=512, save_at=30, patience=100, early_stopping=False, niters=20000, frac=0.5, batch_size=2, mse_weight=5.0, dropout=0.0, num_resamples=0, lr=5e-05, scheduler=False, warmup=4000, kl_zero=False, kl_annealing=True, net='hetvae', device='cuda', const_var=False, var_per_dim=False, std=0.1, seed=2, save=True, k_iwae=1)
loaded checkpoint w/ loss=3.008066259891114
model_size=574662
631,	Iter: 631, train loss: 3.4065, avg nll: 1.0150, avg wnll: nan, avg kl: 1.6251, mse: 0.478314, wmse: 5.863226, mae: 0.500435
632,	Iter: 632, train loss: 3.3457, avg nll: 0.9815, avg wnll: nan, avg kl: 2.2627, mse: 0.472667, wmse: 5.779575, mae: 0.497315
633,	Iter: 633, train loss: 3.3294, avg nll: 0.9739, avg wnll: nan, avg kl: 2.8101, mse: 0.470643, wmse: 5.744058, mae: 0.496495
634,	Iter: 634, train loss: 3.3221, avg nll: 0.9693, avg wnll: nan, avg kl: 3.3006, mse: 0.469765, wmse: 5.741778, mae: 0.495893
635,	Iter: 635, train loss: 3.3045, avg nll: 0.9622, avg wnll: nan, avg kl: 3.7417, mse: 0.467269, wmse: 5.705057, mae: 0.494347
636,	Iter: 636, train loss: 3.2980, avg nll: 0.9568, avg wnll: nan, avg kl: 4.2301, mse: 0.466544, wmse: 5.704404, mae: 0.493856
637,	Iter: 637, train loss: 3.2978, avg nll: 0.9561, avg wnll: nan, avg kl: 4.5202, mse: 0.466160, wmse: 5.686382, mae: 0.493824
638,	Iter: 638, train loss: 3.3065, avg nll: 0.9596, avg wnll: nan, avg kl: 4.8677, mse: 0.466649, wmse: 5.697314, mae: 0.494188
639,	Iter: 639, train loss: 3.2901, avg nll: 0.9543, avg wnll: nan, avg kl: 4.7727, mse: 0.464112, wmse: 5.653630, mae: 0.492684
640,	Iter: 640, train loss: 3.2880, avg nll: 0.9548, avg wnll: nan, avg kl: 4.6159, mse: 0.463314, wmse: 5.661071, mae: 0.492495
nll: 0.9478, mse: 0.4955, mae: 0.5059, mean_mse: 6.5024, mean_mae: 0.5059
641,	Iter: 641, train loss: 3.0361, avg nll: 0.8652, avg wnll: nan, avg kl: 3.1603, mse: 0.431651, wmse: 5.300959, mae: 0.473736
642,	Iter: 642, train loss: 3.0041, avg nll: 0.8455, avg wnll: nan, avg kl: 2.0815, mse: 0.429905, wmse: 5.285964, mae: 0.472272
643,	Iter: 643, train loss: 2.9865, avg nll: 0.8334, avg wnll: nan, avg kl: 1.6983, mse: 0.428992, wmse: 5.278444, mae: 0.471360
644,	Iter: 644, train loss: 2.9827, avg nll: 0.8328, avg wnll: nan, avg kl: 1.5249, mse: 0.428389, wmse: 5.264047, mae: 0.470822
645,	Iter: 645, train loss: 2.9853, avg nll: 0.8351, avg wnll: nan, avg kl: 1.4420, mse: 0.428439, wmse: 5.261490, mae: 0.470947
646,	Iter: 646, train loss: 2.9543, avg nll: 0.8247, avg wnll: nan, avg kl: 1.4299, mse: 0.424204, wmse: 5.218446, mae: 0.468356
647,	Iter: 647, train loss: 2.9479, avg nll: 0.8159, avg wnll: nan, avg kl: 1.3818, mse: 0.424620, wmse: 5.218123, mae: 0.468903
648,	Iter: 648, train loss: 2.9675, avg nll: 0.8194, avg wnll: nan, avg kl: 1.3578, mse: 0.427781, wmse: 5.264750, mae: 0.470210
649,	Iter: 649, train loss: 2.9613, avg nll: 0.8244, avg wnll: nan, avg kl: 1.3407, mse: 0.425447, wmse: 5.233720, mae: 0.468890
650,	Iter: 650, train loss: 2.9451, avg nll: 0.8143, avg wnll: nan, avg kl: 1.3027, mse: 0.424183, wmse: 5.216978, mae: 0.468140
nll: 0.9656, mse: 0.4957, mae: 0.5059, mean_mse: 6.5240, mean_mae: 0.5059
651,	Iter: 651, train loss: 2.9545, avg nll: 0.8177, avg wnll: nan, avg kl: 1.3742, mse: 0.425148, wmse: 5.231377, mae: 0.468804
652,	Iter: 652, train loss: 2.9582, avg nll: 0.8175, avg wnll: nan, avg kl: 1.3580, mse: 0.425857, wmse: 5.239764, mae: 0.469219
653,	Iter: 653, train loss: 2.9482, avg nll: 0.8077, avg wnll: nan, avg kl: 1.3632, mse: 0.425700, wmse: 5.239760, mae: 0.468913
654,	Iter: 654, train loss: 2.9462, avg nll: 0.8037, avg wnll: nan, avg kl: 1.3213, mse: 0.426073, wmse: 5.236974, mae: 0.468929
655,	Iter: 655, train loss: 2.9503, avg nll: 0.8073, avg wnll: nan, avg kl: 1.3049, mse: 0.426102, wmse: 5.235447, mae: 0.469127
656,	Iter: 656, train loss: 2.9284, avg nll: 0.8023, avg wnll: nan, avg kl: 1.3342, mse: 0.422561, wmse: 5.197370, mae: 0.467031
657,	Iter: 657, train loss: 2.9290, avg nll: 0.8019, avg wnll: nan, avg kl: 1.2935, mse: 0.422732, wmse: 5.196300, mae: 0.467467
658,	Iter: 658, train loss: 2.9528, avg nll: 0.8083, avg wnll: nan, avg kl: 1.2845, mse: 0.426126, wmse: 5.244399, mae: 0.468940
659,	Iter: 659, train loss: 2.9438, avg nll: 0.8085, avg wnll: nan, avg kl: 1.2690, mse: 0.424227, wmse: 5.221179, mae: 0.467879
660,	Iter: 660, train loss: 2.9276, avg nll: 0.7983, avg wnll: nan, avg kl: 1.2335, mse: 0.422999, wmse: 5.203734, mae: 0.467313
nll: 0.9673, mse: 0.4956, mae: 0.5059, mean_mse: 6.5227, mean_mae: 0.5059
saving.................
done
661,	Iter: 661, train loss: 2.9457, avg nll: 0.8095, avg wnll: nan, avg kl: 1.2847, mse: 0.424154, wmse: 5.219533, mae: 0.468178
662,	Iter: 662, train loss: 2.9567, avg nll: 0.8134, avg wnll: nan, avg kl: 1.2820, mse: 0.425481, wmse: 5.233290, mae: 0.468880
663,	Iter: 663, train loss: 2.9438, avg nll: 0.8021, avg wnll: nan, avg kl: 1.2734, mse: 0.425068, wmse: 5.232619, mae: 0.468543
664,	Iter: 664, train loss: 2.9419, avg nll: 0.7985, avg wnll: nan, avg kl: 1.2483, mse: 0.425399, wmse: 5.227825, mae: 0.468491
665,	Iter: 665, train loss: 2.9584, avg nll: 0.8131, avg wnll: nan, avg kl: 1.2445, mse: 0.425678, wmse: 5.231606, mae: 0.468927
666,	Iter: 666, train loss: 2.9255, avg nll: 0.7991, avg wnll: nan, avg kl: 1.2552, mse: 0.421773, wmse: 5.191447, mae: 0.466579
667,	Iter: 667, train loss: 2.9324, avg nll: 0.8048, avg wnll: nan, avg kl: 1.2213, mse: 0.421984, wmse: 5.188641, mae: 0.467134
668,	Iter: 668, train loss: 2.9484, avg nll: 0.8035, avg wnll: nan, avg kl: 1.2230, mse: 0.425359, wmse: 5.237312, mae: 0.468499
669,	Iter: 669, train loss: 2.9389, avg nll: 0.8044, avg wnll: nan, avg kl: 1.2056, mse: 0.423225, wmse: 5.208652, mae: 0.467427
670,	Iter: 670, train loss: 2.9254, avg nll: 0.7953, avg wnll: nan, avg kl: 1.1600, mse: 0.422400, wmse: 5.197978, mae: 0.466802
nll: 0.9707, mse: 0.4963, mae: 0.5064, mean_mse: 6.5363, mean_mae: 0.5064
671,	Iter: 671, train loss: 2.9459, avg nll: 0.8090, avg wnll: nan, avg kl: 1.2052, mse: 0.423523, wmse: 5.214652, mae: 0.467841
672,	Iter: 672, train loss: 2.9576, avg nll: 0.8138, avg wnll: nan, avg kl: 1.2040, mse: 0.424810, wmse: 5.227869, mae: 0.468590
673,	Iter: 673, train loss: 2.9533, avg nll: 0.8098, avg wnll: nan, avg kl: 1.2169, mse: 0.424595, wmse: 5.227534, mae: 0.468283
674,	Iter: 674, train loss: 2.9516, avg nll: 0.8058, avg wnll: nan, avg kl: 1.1647, mse: 0.425152, wmse: 5.224807, mae: 0.468497
675,	Iter: 675, train loss: 2.9460, avg nll: 0.8011, avg wnll: nan, avg kl: 1.1638, mse: 0.424884, wmse: 5.220636, mae: 0.468492
676,	Iter: 676, train loss: 2.9199, avg nll: 0.7925, avg wnll: nan, avg kl: 1.2028, mse: 0.421137, wmse: 5.181089, mae: 0.466028
677,	Iter: 677, train loss: 2.9284, avg nll: 0.7988, avg wnll: nan, avg kl: 1.1739, mse: 0.421600, wmse: 5.182667, mae: 0.466844
678,	Iter: 678, train loss: 2.9421, avg nll: 0.7971, avg wnll: nan, avg kl: 1.1611, mse: 0.424641, wmse: 5.226995, mae: 0.468210
679,	Iter: 679, train loss: 2.9391, avg nll: 0.8036, avg wnll: nan, avg kl: 1.1557, mse: 0.422666, wmse: 5.201499, mae: 0.467010
680,	Iter: 680, train loss: 2.9205, avg nll: 0.7897, avg wnll: nan, avg kl: 1.1221, mse: 0.421755, wmse: 5.189998, mae: 0.466469
nll: 0.9671, mse: 0.4953, mae: 0.5058, mean_mse: 6.5149, mean_mae: 0.5058
681,	Iter: 681, train loss: 2.9503, avg nll: 0.8103, avg wnll: nan, avg kl: 1.1669, mse: 0.423338, wmse: 5.212093, mae: 0.467838
682,	Iter: 682, train loss: 2.9453, avg nll: 0.8033, avg wnll: nan, avg kl: 1.1425, mse: 0.423744, wmse: 5.213297, mae: 0.467999
683,	Iter: 683, train loss: 2.9459, avg nll: 0.8000, avg wnll: nan, avg kl: 1.1528, mse: 0.424385, wmse: 5.224382, mae: 0.468214
684,	Iter: 684, train loss: 2.9468, avg nll: 0.7988, avg wnll: nan, avg kl: 1.1250, mse: 0.424827, wmse: 5.222505, mae: 0.468190
685,	Iter: 685, train loss: 2.9509, avg nll: 0.8043, avg wnll: nan, avg kl: 1.1222, mse: 0.424473, wmse: 5.217908, mae: 0.468237
686,	Iter: 686, train loss: 2.9251, avg nll: 0.7953, avg wnll: nan, avg kl: 1.1373, mse: 0.420964, wmse: 5.180489, mae: 0.466085
687,	Iter: 687, train loss: 2.9296, avg nll: 0.7986, avg wnll: nan, avg kl: 1.1075, mse: 0.421243, wmse: 5.181490, mae: 0.466626
688,	Iter: 688, train loss: 2.9501, avg nll: 0.8010, avg wnll: nan, avg kl: 1.1175, mse: 0.424729, wmse: 5.231477, mae: 0.468319
689,	Iter: 689, train loss: 2.9342, avg nll: 0.7971, avg wnll: nan, avg kl: 1.0911, mse: 0.422372, wmse: 5.200000, mae: 0.466987
690,	Iter: 690, train loss: 2.9192, avg nll: 0.7885, avg wnll: nan, avg kl: 1.0649, mse: 0.421121, wmse: 5.184615, mae: 0.466027
nll: 0.9720, mse: 0.4967, mae: 0.5065, mean_mse: 6.5457, mean_mae: 0.5065
saving.................
done
691,	Iter: 691, train loss: 2.9497, avg nll: 0.8090, avg wnll: nan, avg kl: 1.1012, mse: 0.422859, wmse: 5.205330, mae: 0.467443
692,	Iter: 692, train loss: 2.9468, avg nll: 0.8025, avg wnll: nan, avg kl: 1.0903, mse: 0.423549, wmse: 5.210972, mae: 0.467890
693,	Iter: 693, train loss: 2.9467, avg nll: 0.7998, avg wnll: nan, avg kl: 1.1009, mse: 0.423917, wmse: 5.219310, mae: 0.467969
694,	Iter: 694, train loss: 2.9498, avg nll: 0.8015, avg wnll: nan, avg kl: 1.0680, mse: 0.424270, wmse: 5.214539, mae: 0.467988
695,	Iter: 695, train loss: 2.9503, avg nll: 0.8025, avg wnll: nan, avg kl: 1.0732, mse: 0.424063, wmse: 5.212384, mae: 0.467905
696,	Iter: 696, train loss: 2.9202, avg nll: 0.7897, avg wnll: nan, avg kl: 1.0842, mse: 0.420457, wmse: 5.175633, mae: 0.465736
697,	Iter: 697, train loss: 2.9271, avg nll: 0.7953, avg wnll: nan, avg kl: 1.0746, mse: 0.420672, wmse: 5.174154, mae: 0.466277
698,	Iter: 698, train loss: 2.9414, avg nll: 0.7931, avg wnll: nan, avg kl: 1.0682, mse: 0.423935, wmse: 5.220696, mae: 0.467684
699,	Iter: 699, train loss: 2.9351, avg nll: 0.7958, avg wnll: nan, avg kl: 1.0586, mse: 0.422104, wmse: 5.197841, mae: 0.466686
700,	Iter: 700, train loss: 2.9262, avg nll: 0.7915, avg wnll: nan, avg kl: 1.0226, mse: 0.421310, wmse: 5.186247, mae: 0.466192
nll: 0.9670, mse: 0.4960, mae: 0.5061, mean_mse: 6.5299, mean_mae: 0.5061
701,	Iter: 701, train loss: 2.9499, avg nll: 0.8052, avg wnll: nan, avg kl: 1.0637, mse: 0.422983, wmse: 5.210978, mae: 0.467654
702,	Iter: 702, train loss: 2.9452, avg nll: 0.8002, avg wnll: nan, avg kl: 1.0524, mse: 0.423035, wmse: 5.207023, mae: 0.467478
703,	Iter: 703, train loss: 2.9445, avg nll: 0.7966, avg wnll: nan, avg kl: 1.0719, mse: 0.423404, wmse: 5.213656, mae: 0.467791
704,	Iter: 704, train loss: 2.9442, avg nll: 0.7947, avg wnll: nan, avg kl: 1.0349, mse: 0.423867, wmse: 5.210760, mae: 0.467828
705,	Iter: 705, train loss: 2.9460, avg nll: 0.7966, avg wnll: nan, avg kl: 1.0258, mse: 0.423824, wmse: 5.210095, mae: 0.468003
706,	Iter: 706, train loss: 2.9266, avg nll: 0.7921, avg wnll: nan, avg kl: 1.0423, mse: 0.420638, wmse: 5.178292, mae: 0.466020
707,	Iter: 707, train loss: 2.9316, avg nll: 0.7974, avg wnll: nan, avg kl: 1.0276, mse: 0.420595, wmse: 5.172278, mae: 0.466315
708,	Iter: 708, train loss: 2.9412, avg nll: 0.7918, avg wnll: nan, avg kl: 1.0240, mse: 0.423569, wmse: 5.215691, mae: 0.467558
709,	Iter: 709, train loss: 2.9502, avg nll: 0.8038, avg wnll: nan, avg kl: 1.0204, mse: 0.422917, wmse: 5.207596, mae: 0.467409
710,	Iter: 710, train loss: 2.9199, avg nll: 0.7859, avg wnll: nan, avg kl: 0.9951, mse: 0.420508, wmse: 5.177859, mae: 0.465793
nll: 0.9718, mse: 0.4966, mae: 0.5064, mean_mse: 6.5430, mean_mae: 0.5064
711,	Iter: 711, train loss: 2.9428, avg nll: 0.8002, avg wnll: nan, avg kl: 1.0204, mse: 0.421973, wmse: 5.195609, mae: 0.467022
712,slurmstepd: error: *** JOB 242714 ON gpu1 CANCELLED AT 2023-03-07T02:30:48 ***
