Namespace(n_union_tp=3500, data_folder='datasets/ZTF_all_noz', checkpoint='datasets/ZTF_all_noz0.799736499786377.h5', start_col=1, inc_errors=False, print_at=1, embed_time=128, enc_num_heads=16, latent_dim=64, mixing='concat', num_ref_points=16, rec_hidden=128, width=512, save_at=30, patience=100, early_stopping=False, niters=20000, frac=0.5, batch_size=2, mse_weight=5.0, dropout=0.0, num_resamples=0, lr=1e-07, scheduler=False, warmup=4000, kl_zero=False, kl_annealing=True, net='hetvae', device='cuda', const_var=False, var_per_dim=False, std=0.1, seed=2, save=True, k_iwae=1) 6335488
validated 3407 files out of 3407 for band='i'
validated 3407 files out of 3407 for band='g'
validated 3407 files out of 3407 for band='r'
3407 3407
(2683, 3, 4431, 3)
created union_tp attribute of length 3500
dataset created w/ shape (2683, 3, 4431, 3)
train size: 2414, valid size: 242, test size: 269
datasets/ZTF_all_noz
=> loading checkpoint 'datasets/ZTF_all_noz0.799736499786377.h5'
Namespace(n_union_tp=3500, data_folder='datasets/ZTF_all_noz', checkpoint='datasets/ZTF_all_noz0.8076059222221375.h5', start_col=1, inc_errors=False, print_at=1, embed_time=128, enc_num_heads=16, latent_dim=64, mixing='concat', num_ref_points=16, rec_hidden=128, width=512, save_at=30, patience=100, early_stopping=False, niters=20000, frac=0.5, batch_size=2, mse_weight=5.0, dropout=0.0, num_resamples=0, lr=1e-06, scheduler=False, warmup=4000, kl_zero=False, kl_annealing=True, net='hetvae', device='cuda', const_var=False, var_per_dim=False, std=0.1, seed=2, save=True, k_iwae=1)
loaded checkpoint w/ loss=2.879305360923647
model_size=574662
3121,	Iter: 3121, train loss: 4.0874, avg nll: 1.6946, avg wnll: 18.4989, avg kl: 0.0516, mse: 0.471916, wmse: 6.219225, mae: 0.500237
3122,	Iter: 3122, train loss: 3.9700, avg nll: 1.5705, avg wnll: 17.2297, avg kl: 0.0528, mse: 0.473028, wmse: 6.218254, mae: 0.500601
3123,	Iter: 3123, train loss: 4.0003, avg nll: 1.6061, avg wnll: 18.2679, avg kl: 0.0544, mse: 0.471711, wmse: 6.193028, mae: 0.499700
3124,	Iter: 3124, train loss: 4.1040, avg nll: 1.7153, avg wnll: 20.4599, avg kl: 0.0542, mse: 0.470578, wmse: 6.169500, mae: 0.499425
3125,	Iter: 3125, train loss: 4.0328, avg nll: 1.6315, avg wnll: 16.6009, avg kl: 0.0542, mse: 0.473041, wmse: 6.219658, mae: 0.499966
3126,	Iter: 3126, train loss: 4.0261, avg nll: 1.6401, avg wnll: 16.5658, avg kl: 0.0564, mse: 0.469616, wmse: 6.170957, mae: 0.498804
3127,	Iter: 3127, train loss: 3.8896, avg nll: 1.4879, avg wnll: 13.7285, avg kl: 0.0574, mse: 0.472567, wmse: 6.198529, mae: 0.500636
3128,	Iter: 3128, train loss: 3.8942, avg nll: 1.4986, avg wnll: 16.1321, avg kl: 0.0570, mse: 0.471334, wmse: 6.203050, mae: 0.499928
3129,	Iter: 3129, train loss: 3.8604, avg nll: 1.4827, avg wnll: 13.7005, avg kl: 0.0581, mse: 0.467539, wmse: 6.141243, mae: 0.497873
3130,	Iter: 3130, train loss: 3.8672, avg nll: 1.4853, avg wnll: 15.9680, avg kl: 0.0580, mse: 0.468349, wmse: 6.146422, mae: 0.498130
nll: 1.0359, mse: 0.5319, mae: 0.5302, mean_mse: 6.9532, mean_mae: 0.5302
1679151968.0280788
3131,	Iter: 3131, train loss: 2.9457, avg nll: 0.8300, avg wnll: 5.3137, avg kl: 0.0566, mse: 0.415230, wmse: 5.434341, mae: 0.465661
3132,	Iter: 3132, train loss: 2.9428, avg nll: 0.8256, avg wnll: 5.4453, avg kl: 0.0549, mse: 0.415706, wmse: 5.443762, mae: 0.466084
3133,	Iter: 3133, train loss: 2.9337, avg nll: 0.8238, avg wnll: 5.5141, avg kl: 0.0534, mse: 0.414401, wmse: 5.422118, mae: 0.465048
3134,	Iter: 3134, train loss: 2.9089, avg nll: 0.8156, avg wnll: 5.6244, avg kl: 0.0516, mse: 0.411274, wmse: 5.383327, mae: 0.463305
3135,	Iter: 3135, train loss: 2.9196, avg nll: 0.8195, avg wnll: 5.8366, avg kl: 0.0503, mse: 0.412776, wmse: 5.390575, mae: 0.464182
3136,	Iter: 3136, train loss: 2.9102, avg nll: 0.8108, avg wnll: 5.8753, avg kl: 0.0500, mse: 0.412618, wmse: 5.388664, mae: 0.463796
3137,	Iter: 3137, train loss: 2.8807, avg nll: 0.8031, avg wnll: 5.9345, avg kl: 0.0491, mse: 0.408342, wmse: 5.331014, mae: 0.462167
3138,	Iter: 3138, train loss: 2.8952, avg nll: 0.8065, avg wnll: 6.0112, avg kl: 0.0488, mse: 0.410546, wmse: 5.365881, mae: 0.462807
3139,	Iter: 3139, train loss: 2.8954, avg nll: 0.8048, avg wnll: 6.0350, avg kl: 0.0488, mse: 0.410883, wmse: 5.376181, mae: 0.462644
3140,	Iter: 3140, train loss: 2.8916, avg nll: 0.8022, avg wnll: 6.0573, avg kl: 0.0493, mse: 0.410514, wmse: 5.372455, mae: 0.462165
nll: 1.0521, mse: 0.5300, mae: 0.5288, mean_mse: 6.9225, mean_mae: 0.5288
1679153867.6892798
3141,	Iter: 3141, train loss: 2.9113, avg nll: 0.8135, avg wnll: 6.1565, avg kl: 0.0486, mse: 0.412264, wmse: 5.390471, mae: 0.463496
3142,	Iter: 3142, train loss: 2.9131, avg nll: 0.8106, avg wnll: 6.2091, avg kl: 0.0481, mse: 0.413208, wmse: 5.408203, mae: 0.464233
3143,	Iter: 3143, train loss: 2.9130, avg nll: 0.8118, avg wnll: 6.1606, avg kl: 0.0481, mse: 0.412899, wmse: 5.399368, mae: 0.463848
3144,	Iter: 3144, train loss: 2.8958, avg nll: 0.8081, avg wnll: 6.1517, avg kl: 0.0478, mse: 0.410215, wmse: 5.367834, mae: 0.462540
3145,	Iter: 3145, train loss: 2.9124, avg nll: 0.8146, avg wnll: 6.2185, avg kl: 0.0476, mse: 0.412202, wmse: 5.382345, mae: 0.463758
3146,	Iter: 3146, train loss: 2.9059, avg nll: 0.8073, avg wnll: 6.1345, avg kl: 0.0480, mse: 0.412251, wmse: 5.383389, mae: 0.463570
3147,	Iter: 3147, train loss: 2.8790, avg nll: 0.8007, avg wnll: 6.1155, avg kl: 0.0477, mse: 0.408180, wmse: 5.328941, mae: 0.462019
3148,	Iter: 3148, train loss: 2.8949, avg nll: 0.8051, avg wnll: 6.1327, avg kl: 0.0477, mse: 0.410438, wmse: 5.364498, mae: 0.462741
3149,	Iter: 3149, train loss: 2.8965, avg nll: 0.8041, avg wnll: 6.1184, avg kl: 0.0478, mse: 0.410882, wmse: 5.376184, mae: 0.462655
3150,	Iter: 3150, train loss: 2.8931, avg nll: 0.8015, avg wnll: 6.1125, avg kl: 0.0485, mse: 0.410560, wmse: 5.373301, mae: 0.462188
nll: 1.0540, mse: 0.5301, mae: 0.5289, mean_mse: 6.9243, mean_mae: 0.5289
1679155762.248808
saving.................
done
3151,	Iter: 3151, train loss: 2.9123, avg nll: 0.8128, avg wnll: 6.1923, avg kl: 0.0479, mse: 0.412183, wmse: 5.389649, mae: 0.463459
3152,	Iter: 3152, train loss: 2.9143, avg nll: 0.8101, avg wnll: 6.2345, avg kl: 0.0475, mse: 0.413130, wmse: 5.407382, mae: 0.464200
3153,	Iter: 3153, train loss: 2.9140, avg nll: 0.8112, avg wnll: 6.1754, avg kl: 0.0474, mse: 0.412815, wmse: 5.398500, mae: 0.463798
3154,	Iter: 3154, train loss: 2.8972, avg nll: 0.8077, avg wnll: 6.1648, avg kl: 0.0472, mse: 0.410152, wmse: 5.367166, mae: 0.462506
3155,	Iter: 3155, train loss: 2.9138, avg nll: 0.8141, avg wnll: 6.2263, avg kl: 0.0470, mse: 0.412187, wmse: 5.382269, mae: 0.463752
3156,	Iter: 3156, train loss: 2.9075, avg nll: 0.8068, avg wnll: 6.1390, avg kl: 0.0474, mse: 0.412236, wmse: 5.383480, mae: 0.463565
3157,	Iter: 3157, train loss: 2.8807, avg nll: 0.8003, avg wnll: 6.1207, avg kl: 0.0471, mse: 0.408193, wmse: 5.329388, mae: 0.462026
3158,	Iter: 3158, train loss: 2.8968, avg nll: 0.8048, avg wnll: 6.1367, avg kl: 0.0471, mse: 0.410453, wmse: 5.364822, mae: 0.462761
3159,	Iter: 3159, train loss: 2.8986, avg nll: 0.8039, avg wnll: 6.1232, avg kl: 0.0473, mse: 0.410917, wmse: 5.376820, mae: 0.462687
3160,	Iter: 3160, train loss: 2.8953, avg nll: 0.8012, avg wnll: 6.1140, avg kl: 0.0480, mse: 0.410627, wmse: 5.374355, mae: 0.462229
nll: 1.0543, mse: 0.5301, mae: 0.5288, mean_mse: 6.9236, mean_mae: 0.5288
1679157585.4475236
3161,	Iter: 3161, train loss: 2.9140, avg nll: 0.8125, avg wnll: 6.1924, avg kl: 0.0473, mse: 0.412172, wmse: 5.389682, mae: 0.463454
3162,	Iter: 3162, train loss: 2.9160, avg nll: 0.8099, avg wnll: 6.2382, avg kl: 0.0470, mse: 0.413113, wmse: 5.407327, mae: 0.464192
3163,	Iter: 3163, train loss: 2.9156, avg nll: 0.8108, avg wnll: 6.1776, avg kl: 0.0469, mse: 0.412801, wmse: 5.398452, mae: 0.463786
3164,	Iter: 3164, train loss: 2.8991, avg nll: 0.8075, avg wnll: 6.1675, avg kl: 0.0467, mse: 0.410144, wmse: 5.367151, mae: 0.462502
3165,	Iter: 3165, train loss: 2.9157, avg nll: 0.8138, avg wnll: 6.2282, avg kl: 0.0465, mse: 0.412196, wmse: 5.382491, mae: 0.463758
3166,	Iter: 3166, train loss: 2.9094, avg nll: 0.8066, avg wnll: 6.1401, avg kl: 0.0470, mse: 0.412248, wmse: 5.383832, mae: 0.463572
3167,	Iter: 3167, train loss: 2.8828, avg nll: 0.8001, avg wnll: 6.1219, avg kl: 0.0466, mse: 0.408224, wmse: 5.329973, mae: 0.462043
3168,	Iter: 3168, train loss: 2.8989, avg nll: 0.8047, avg wnll: 6.1374, avg kl: 0.0466, mse: 0.410489, wmse: 5.365404, mae: 0.462785
3169,	Iter: 3169, train loss: 2.9009, avg nll: 0.8039, avg wnll: 6.1253, avg kl: 0.0468, mse: 0.410956, wmse: 5.377510, mae: 0.462717
3170,	Iter: 3170, train loss: 2.8976, avg nll: 0.8011, avg wnll: 6.1145, avg kl: 0.0475, mse: 0.410683, wmse: 5.375258, mae: 0.462263
nll: 1.0545, mse: 0.5300, mae: 0.5288, mean_mse: 6.9232, mean_mae: 0.5288
1679159438.182233
3171,	Iter: 3171, train loss: 2.9160, avg nll: 0.8123, avg wnll: 6.1910, avg kl: 0.0469, mse: 0.412182, wmse: 5.389977, mae: 0.463465
3172,	Iter: 3172, train loss: 2.9180, avg nll: 0.8097, avg wnll: 6.2401, avg kl: 0.0465, mse: 0.413117, wmse: 5.407504, mae: 0.464195
3173,	Iter: 3173, train loss: 2.9175, avg nll: 0.8106, avg wnll: 6.1771, avg kl: 0.0465, mse: 0.412811, wmse: 5.398683, mae: 0.463791
3174,	Iter: 3174, train loss: 2.9011, avg nll: 0.8074, avg wnll: 6.1702, avg kl: 0.0463, mse: 0.410149, wmse: 5.367273, mae: 0.462504
3175,	Iter: 3175, train loss: 2.9178, avg nll: 0.8137, avg wnll: 6.2313, avg kl: 0.0461, mse: 0.412213, wmse: 5.382811, mae: 0.463771
3176,	Iter: 3176, train loss: 2.9115, avg nll: 0.8065, avg wnll: 6.1401, avg kl: 0.0465, mse: 0.412279, wmse: 5.384346, mae: 0.463588
3177,	Iter: 3177, train loss: 2.8849, avg nll: 0.8000, avg wnll: 6.1225, avg kl: 0.0462, mse: 0.408258, wmse: 5.330523, mae: 0.462062
3178,	Iter: 3178, train loss: 2.9012, avg nll: 0.8046, avg wnll: 6.1381, avg kl: 0.0462, mse: 0.410534, wmse: 5.366068, mae: 0.462811
3179,	Iter: 3179, train loss: 2.9031, avg nll: 0.8039, avg wnll: 6.1265, avg kl: 0.0464, mse: 0.410995, wmse: 5.378124, mae: 0.462744
3180,	Iter: 3180, train loss: 2.8998, avg nll: 0.8010, avg wnll: 6.1145, avg kl: 0.0471, mse: 0.410725, wmse: 5.375930, mae: 0.462289
nll: 1.0546, mse: 0.5300, mae: 0.5288, mean_mse: 6.9227, mean_mae: 0.5288
1679161246.8918746
saving.................
done
3181,	Iter: 3181, train loss: 2.9181, avg nll: 0.8122, avg wnll: 6.1915, avg kl: 0.0465, mse: 0.412192, wmse: 5.390195, mae: 0.463475
3182,	Iter: 3182, train loss: 2.9201, avg nll: 0.8096, avg wnll: 6.2400, avg kl: 0.0461, mse: 0.413136, wmse: 5.407856, mae: 0.464207
3183,	Iter: 3183, train loss: 2.9195, avg nll: 0.8104, avg wnll: 6.1749, avg kl: 0.0461, mse: 0.412828, wmse: 5.398995, mae: 0.463796
3184,	Iter: 3184, train loss: 2.9032, avg nll: 0.8074, avg wnll: 6.1706, avg kl: 0.0459, mse: 0.410163, wmse: 5.367537, mae: 0.462509
3185,	Iter: 3185, train loss: 2.9199, avg nll: 0.8136, avg wnll: 6.2324, avg kl: 0.0457, mse: 0.412241, wmse: 5.383272, mae: 0.463783
3186,	Iter: 3186, train loss: 2.9137, avg nll: 0.8064, avg wnll: 6.1411, avg kl: 0.0461, mse: 0.412310, wmse: 5.384827, mae: 0.463603
3187,	Iter: 3187, train loss: 2.8871, avg nll: 0.7999, avg wnll: 6.1243, avg kl: 0.0458, mse: 0.408290, wmse: 5.331069, mae: 0.462080
3188,	Iter: 3188, train loss: 2.9033, avg nll: 0.8046, avg wnll: 6.1398, avg kl: 0.0458, mse: 0.410576, wmse: 5.366730, mae: 0.462836
3189,	Iter: 3189, train loss: 2.9051, avg nll: 0.8039, avg wnll: 6.1281, avg kl: 0.0460, mse: 0.411035, wmse: 5.378750, mae: 0.462770
3190,	Iter: 3190, train loss: 2.9015, avg nll: 0.8010, avg wnll: 6.1148, avg kl: 0.0467, mse: 0.410768, wmse: 5.376601, mae: 0.462314
nll: 1.0547, mse: 0.5300, mae: 0.5288, mean_mse: 6.9222, mean_mae: 0.5288
1679163131.2553835
3191,	Iter: 3191, train loss: 2.9194, avg nll: 0.8122, avg wnll: 6.1917, avg kl: 0.0461, mse: 0.412211, wmse: 5.390531, mae: 0.463486
3192,	Iter: 3192, train loss: 2.9210, avg nll: 0.8096, avg wnll: 6.2406, avg kl: 0.0457, mse: 0.413153, wmse: 5.408160, mae: 0.464215
3193,	Iter: 3193, train loss: 2.9202, avg nll: 0.8103, avg wnll: 6.1745, avg kl: 0.0457, mse: 0.412844, wmse: 5.399286, mae: 0.463802
3194,	Iter: 3194, train loss: 2.9038, avg nll: 0.8073, avg wnll: 6.1712, avg kl: 0.0455, mse: 0.410180, wmse: 5.367801, mae: 0.462516
3195,	Iter: 3195, train loss: 2.9203, avg nll: 0.8136, avg wnll: 6.2329, avg kl: 0.0454, mse: 0.412260, wmse: 5.383595, mae: 0.463793
3196,	Iter: 3196, train loss: 2.9138, avg nll: 0.8063, avg wnll: 6.1414, avg kl: 0.0458, mse: 0.412329, wmse: 5.385147, mae: 0.463613
3197,	Iter: 3197, train loss: 2.8869, avg nll: 0.7999, avg wnll: 6.1250, avg kl: 0.0455, mse: 0.408309, wmse: 5.331400, mae: 0.462091
3198,	Iter: 3198, train loss: 2.9032, avg nll: 0.8046, avg wnll: 6.1406, avg kl: 0.0455, mse: 0.410603, wmse: 5.367152, mae: 0.462853
3199,	Iter: 3199, train loss: 2.9049, avg nll: 0.8039, avg wnll: 6.1284, avg kl: 0.0458, mse: 0.411061, wmse: 5.379148, mae: 0.462787
3200,	Iter: 3200, train loss: 2.9013, avg nll: 0.8009, avg wnll: 6.1144, avg kl: 0.0465, mse: 0.410793, wmse: 5.376979, mae: 0.462328
nll: 1.0548, mse: 0.5300, mae: 0.5288, mean_mse: 6.9219, mean_mae: 0.5288
1679164913.911204
3201,	Iter: 3201, train loss: 2.9191, avg nll: 0.8121, avg wnll: 6.1911, avg kl: 0.0459, mse: 0.412216, wmse: 5.390646, mae: 0.463489
3202,	Iter: 3202, train loss: 2.9208, avg nll: 0.8095, avg wnll: 6.2404, avg kl: 0.0455, mse: 0.413158, wmse: 5.408270, mae: 0.464218
3203,	Iter: 3203, train loss: 2.9199, avg nll: 0.8102, avg wnll: 6.1740, avg kl: 0.0455, mse: 0.412845, wmse: 5.399328, mae: 0.463800
3204,	Iter: 3204, train loss: 2.9035, avg nll: 0.8073, avg wnll: 6.1710, avg kl: 0.0453, mse: 0.410185, wmse: 5.367883, mae: 0.462517
3205,	Iter: 3205, train loss: 2.9200, avg nll: 0.8135, avg wnll: 6.2329, avg kl: 0.0452, mse: 0.412268, wmse: 5.383747, mae: 0.463797
3206,	Iter: 3206, train loss: 2.9135, avg nll: 0.8062, avg wnll: 6.1414, avg kl: 0.0456, mse: 0.412339, wmse: 5.385277, mae: 0.463618
3207,	Iter: 3207, train loss: 2.8867, avg nll: 0.7998, avg wnll: 6.1253, avg kl: 0.0453, mse: 0.408321, wmse: 5.331615, mae: 0.462096
3208,	Iter: 3208, train loss: 2.9030, avg nll: 0.8046, avg wnll: 6.1414, avg kl: 0.0454, mse: 0.410619, wmse: 5.367400, mae: 0.462864
3209,	Iter: 3209, train loss: 2.9048, avg nll: 0.8038, avg wnll: 6.1288, avg kl: 0.0456, mse: 0.411078, wmse: 5.379410, mae: 0.462798
3210,	Iter: 3210, train loss: 2.9012, avg nll: 0.8009, avg wnll: 6.1146, avg kl: 0.0463, mse: 0.410812, wmse: 5.377258, mae: 0.462337
nll: 1.0550, mse: 0.5300, mae: 0.5288, mean_mse: 6.9217, mean_mae: 0.5288
1679166724.1574636
saving.................
done
3211,	Iter: 3211, train loss: 2.9188, avg nll: 0.8120, avg wnll: 6.1913, avg kl: 0.0457, mse: 0.412220, wmse: 5.390719, mae: 0.463489
3212,	Iter: 3212, train loss: 2.9205, avg nll: 0.8094, avg wnll: 6.2402, avg kl: 0.0453, mse: 0.413157, wmse: 5.408282, mae: 0.464215
3213,	Iter: 3213, train loss: 2.9196, avg nll: 0.8101, avg wnll: 6.1737, avg kl: 0.0453, mse: 0.412845, wmse: 5.399342, mae: 0.463795
3214,	Iter: 3214, train loss: 2.9033, avg nll: 0.8072, avg wnll: 6.1712, avg kl: 0.0451, mse: 0.410192, wmse: 5.367959, mae: 0.462520
3215,	Iter: 3215, train loss: 2.9199, avg nll: 0.8135, avg wnll: 6.2332, avg kl: 0.0450, mse: 0.412276, wmse: 5.383861, mae: 0.463802
3216,	Iter: 3216, train loss: 2.9133, avg nll: 0.8061, avg wnll: 6.1414, avg kl: 0.0455, mse: 0.412335, wmse: 5.385248, mae: 0.463615
3217,	Iter: 3217, train loss: 2.8865, avg nll: 0.7998, avg wnll: 6.1262, avg kl: 0.0451, mse: 0.408329, wmse: 5.331753, mae: 0.462101
3218,	Iter: 3218, train loss: 2.9029, avg nll: 0.8045, avg wnll: 6.1419, avg kl: 0.0452, mse: 0.410625, wmse: 5.367497, mae: 0.462868
3219,	Iter: 3219, train loss: 2.9047, avg nll: 0.8038, avg wnll: 6.1295, avg kl: 0.0454, mse: 0.411088, wmse: 5.379552, mae: 0.462803
3220,	Iter: 3220, train loss: 2.9011, avg nll: 0.8008, avg wnll: 6.1150, avg kl: 0.0461, mse: 0.410825, wmse: 5.377439, mae: 0.462344
nll: 1.0551, mse: 0.5299, mae: 0.5287, mean_mse: 6.9214, mean_mae: 0.5287
1679168641.8056607
3221,	Iter: 3221, train loss: 2.9186, avg nll: 0.8119, avg wnll: 6.1913, avg kl: 0.0456, mse: 0.412216, wmse: 5.390687, mae: 0.463486
3222,	Iter: 3222, train loss: 2.9203, avg nll: 0.8093, avg wnll: 6.2401, avg kl: 0.0452, mse: 0.413158, wmse: 5.408307, mae: 0.464213
3223,	Iter: 3223, train loss: 2.9194, avg nll: 0.8100, avg wnll: 6.1734, avg kl: 0.0452, mse: 0.412843, wmse: 5.399312, mae: 0.463791
3224,	Iter: 3224, train loss: 2.9031, avg nll: 0.8071, avg wnll: 6.1711, avg kl: 0.0450, mse: 0.410193, wmse: 5.367972, mae: 0.462518
3225,	Iter: 3225, train loss: 2.9197, avg nll: 0.8134, avg wnll: 6.2336, avg kl: 0.0449, mse: 0.412277, wmse: 5.383922, mae: 0.463801
3226,	Iter: 3226, train loss: 2.9131, avg nll: 0.8061, avg wnll: 6.1420, avg kl: 0.0453, mse: 0.412340, wmse: 5.385320, mae: 0.463616
3227,	Iter: 3227, train loss: 2.8864, avg nll: 0.7997, avg wnll: 6.1270, avg kl: 0.0450, mse: 0.408333, wmse: 5.331818, mae: 0.462102
3228,	Iter: 3228, train loss: 2.9028, avg nll: 0.8045, avg wnll: 6.1428, avg kl: 0.0451, mse: 0.410636, wmse: 5.367655, mae: 0.462874
3229,	Iter: 3229, train loss: 2.9046, avg nll: 0.8038, avg wnll: 6.1298, avg kl: 0.0453, mse: 0.411096, wmse: 5.379673, mae: 0.462809
3230,	Iter: 3230, train loss: 2.9009, avg nll: 0.8008, avg wnll: 6.1149, avg kl: 0.0460, mse: 0.410836, wmse: 5.377590, mae: 0.462349
nll: 1.0552, mse: 0.5299, mae: 0.5287, mean_mse: 6.9212, mean_mae: 0.5287
1679170487.9987633
3231,	Iter: 3231, train loss: 2.9184, avg nll: 0.8119, avg wnll: 6.1911, avg kl: 0.0454, mse: 0.412214, wmse: 5.390669, mae: 0.463483
3232,	Iter: 3232, train loss: 2.9201, avg nll: 0.8092, avg wnll: 6.2400, avg kl: 0.0451, mse: 0.413156, wmse: 5.408290, mae: 0.464209
3233,	Iter: 3233, train loss: 2.9192, avg nll: 0.8099, avg wnll: 6.1731, avg kl: 0.0450, mse: 0.412840, wmse: 5.399277, mae: 0.463788
3234,	Iter: 3234, train loss: 2.9029, avg nll: 0.8071, avg wnll: 6.1709, avg kl: 0.0449, mse: 0.410193, wmse: 5.367973, mae: 0.462516
3235,	Iter: 3235, train loss: 2.9195, avg nll: 0.8133, avg wnll: 6.2337, avg kl: 0.0448, mse: 0.412281, wmse: 5.383986, mae: 0.463802
3236,	Iter: 3236, train loss: 2.9129, avg nll: 0.8060, avg wnll: 6.1422, avg kl: 0.0452, mse: 0.412343, wmse: 5.385358, mae: 0.463615
3237,	Iter: 3237, train loss: 2.8862, avg nll: 0.7996, avg wnll: 6.1273, avg kl: 0.0449, mse: 0.408335, wmse: 5.331857, mae: 0.462102
3238,	Iter: 3238, train loss: 2.9026, avg nll: 0.8045, avg wnll: 6.1432, avg kl: 0.0450, mse: 0.410642, wmse: 5.367754, mae: 0.462878
3239,	Iter: 3239, train loss: 2.9045, avg nll: 0.8038, avg wnll: 6.1301, avg kl: 0.0452, mse: 0.411103, wmse: 5.379788, mae: 0.462813
3240,	Iter: 3240, train loss: 2.9008, avg nll: 0.8007, avg wnll: 6.1149, avg kl: 0.0459, mse: 0.410846, wmse: 5.377739, mae: 0.462354
nll: 1.0553, mse: 0.5299, mae: 0.5287, mean_mse: 6.9211, mean_mae: 0.5287
1679172318.0475209
saving.................
done
3241,	Iter: 3241, train loss: 2.9182, avg nll: 0.8118, avg wnll: 6.1910, avg kl: 0.0453, mse: 0.412211, wmse: 5.390637, mae: 0.463479
3242,	Iter: 3242, train loss: 2.9199, avg nll: 0.8092, avg wnll: 6.2402, avg kl: 0.0449, mse: 0.413152, wmse: 5.408240, mae: 0.464205
3243,	Iter: 3243, train loss: 2.9190, avg nll: 0.8099, avg wnll: 6.1729, avg kl: 0.0449, mse: 0.412838, wmse: 5.399261, mae: 0.463785
3244,	Iter: 3244, train loss: 2.9027, avg nll: 0.8070, avg wnll: 6.1707, avg kl: 0.0448, mse: 0.410190, wmse: 5.367949, mae: 0.462512
3245,	Iter: 3245, train loss: 2.9194, avg nll: 0.8133, avg wnll: 6.2342, avg kl: 0.0447, mse: 0.412282, wmse: 5.384007, mae: 0.463801
3246,	Iter: 3246, train loss: 2.9128, avg nll: 0.8060, avg wnll: 6.1427, avg kl: 0.0451, mse: 0.412344, wmse: 5.385365, mae: 0.463615
3247,	Iter: 3247, train loss: 2.8861, avg nll: 0.7996, avg wnll: 6.1278, avg kl: 0.0448, mse: 0.408337, wmse: 5.331900, mae: 0.462102
3248,	Iter: 3248, train loss: 2.9025, avg nll: 0.8044, avg wnll: 6.1435, avg kl: 0.0449, mse: 0.410649, wmse: 5.367855, mae: 0.462881
3249,	Iter: 3249, train loss: 2.9044, avg nll: 0.8037, avg wnll: 6.1303, avg kl: 0.0451, mse: 0.411110, wmse: 5.379893, mae: 0.462816
3250,	Iter: 3250, train loss: 2.9007, avg nll: 0.8007, avg wnll: 6.1150, avg kl: 0.0458, mse: 0.410852, wmse: 5.377822, mae: 0.462356
nll: 1.0555, mse: 0.5299, mae: 0.5287, mean_mse: 6.9209, mean_mae: 0.5287
1679174216.1581476
3251,	Iter: 3251, train loss: 2.9180, avg nll: 0.8118, avg wnll: 6.1911, avg kl: 0.0452, mse: 0.412205, wmse: 5.390557, mae: 0.463474
3252,	Iter: 3252, train loss: 2.9197, avg nll: 0.8091, avg wnll: 6.2403, avg kl: 0.0448, mse: 0.413150, wmse: 5.408223, mae: 0.464202
3253,	Iter: 3253, train loss: 2.9188, avg nll: 0.8098, avg wnll: 6.1725, avg kl: 0.0448, mse: 0.412836, wmse: 5.399220, mae: 0.463783
3254,	Iter: 3254, train loss: 2.9026, avg nll: 0.8070, avg wnll: 6.1704, avg kl: 0.0447, mse: 0.410189, wmse: 5.367929, mae: 0.462511
3255,	Iter: 3255, train loss: 2.9192, avg nll: 0.8132, avg wnll: 6.2344, avg kl: 0.0446, mse: 0.412282, wmse: 5.384020, mae: 0.463800
3256,	Iter: 3256, train loss: 2.9126, avg nll: 0.8059, avg wnll: 6.1434, avg kl: 0.0450, mse: 0.412343, wmse: 5.385340, mae: 0.463613
3257,	Iter: 3257, train loss: 2.8859, avg nll: 0.7996, avg wnll: 6.1282, avg kl: 0.0447, mse: 0.408340, wmse: 5.331945, mae: 0.462102
3258,	Iter: 3258, train loss: 2.9024, avg nll: 0.8044, avg wnll: 6.1439, avg kl: 0.0448, mse: 0.410653, wmse: 5.367910, mae: 0.462884
3259,	Iter: 3259, train loss: 2.9043, avg nll: 0.8037, avg wnll: 6.1304, avg kl: 0.0450, mse: 0.411116, wmse: 5.379983, mae: 0.462818
3260,	Iter: 3260, train loss: 2.9006, avg nll: 0.8006, avg wnll: 6.1156, avg kl: 0.0457, mse: 0.410857, wmse: 5.377890, mae: 0.462357
nll: 1.0555, mse: 0.5299, mae: 0.5287, mean_mse: 6.9208, mean_mae: 0.5287
1679175995.9578571
3261,	Iter: 3261, train loss: 2.9178, avg nll: 0.8117, avg wnll: 6.1909, avg kl: 0.0451, mse: 0.412202, wmse: 5.390542, mae: 0.463469
3262,	Iter: 3262, train loss: 2.9195, avg nll: 0.8091, avg wnll: 6.2404, avg kl: 0.0447, mse: 0.413147, wmse: 5.408191, mae: 0.464198
3263,	Iter: 3263, train loss: 2.9186, avg nll: 0.8098, avg wnll: 6.1724, avg kl: 0.0447, mse: 0.412834, wmse: 5.399210, mae: 0.463779
3264,	Iter: 3264, train loss: 2.9024, avg nll: 0.8069, avg wnll: 6.1705, avg kl: 0.0446, mse: 0.410188, wmse: 5.367904, mae: 0.462507
3265,	Iter: 3265, train loss: 2.9190, avg nll: 0.8132, avg wnll: 6.2348, avg kl: 0.0445, mse: 0.412281, wmse: 5.384004, mae: 0.463798
3266,	Iter: 3266, train loss: 2.9125, avg nll: 0.8059, avg wnll: 6.1435, avg kl: 0.0449, mse: 0.412345, wmse: 5.385371, mae: 0.463612
3267,	Iter: 3267, train loss: 2.8858, avg nll: 0.7995, avg wnll: 6.1288, avg kl: 0.0446, mse: 0.408340, wmse: 5.331934, mae: 0.462100
3268,	Iter: 3268, train loss: 2.9023, avg nll: 0.8044, avg wnll: 6.1442, avg kl: 0.0447, mse: 0.410658, wmse: 5.367983, mae: 0.462886
3269,	Iter: 3269, train loss: 2.9042, avg nll: 0.8037, avg wnll: 6.1307, avg kl: 0.0449, mse: 0.411120, wmse: 5.380041, mae: 0.462820
3270,	Iter: 3270, train loss: 2.9005, avg nll: 0.8006, avg wnll: 6.1158, avg kl: 0.0456, mse: 0.410864, wmse: 5.377982, mae: 0.462360
nll: 1.0557, mse: 0.5299, mae: 0.5287, mean_mse: 6.9207, mean_mae: 0.5287
1679177822.4705634
saving.................
done
3271,	Iter: 3271, train loss: 2.9177, avg nll: 0.8117, avg wnll: 6.1911, avg kl: 0.0450, mse: 0.412199, wmse: 5.390515, mae: 0.463466
3272,	Iter: 3272, train loss: 2.9194, avg nll: 0.8090, avg wnll: 6.2404, avg kl: 0.0446, mse: 0.413146, wmse: 5.408162, mae: 0.464195
3273,	Iter: 3273, train loss: 2.9185, avg nll: 0.8097, avg wnll: 6.1721, avg kl: 0.0446, mse: 0.412831, wmse: 5.399160, mae: 0.463775
3274,	Iter: 3274, train loss: 2.9022, avg nll: 0.8068, avg wnll: 6.1705, avg kl: 0.0445, mse: 0.410186, wmse: 5.367878, mae: 0.462504
3275,	Iter: 3275, train loss: 2.9189, avg nll: 0.8131, avg wnll: 6.2348, avg kl: 0.0444, mse: 0.412280, wmse: 5.384027, mae: 0.463797
3276,	Iter: 3276, train loss: 2.9123, avg nll: 0.8058, avg wnll: 6.1436, avg kl: 0.0448, mse: 0.412343, wmse: 5.385340, mae: 0.463610
3277,	Iter: 3277, train loss: 2.8857, avg nll: 0.7995, avg wnll: 6.1291, avg kl: 0.0445, mse: 0.408341, wmse: 5.331960, mae: 0.462100
3278,	Iter: 3278, train loss: 2.9022, avg nll: 0.8043, avg wnll: 6.1446, avg kl: 0.0446, mse: 0.410663, wmse: 5.368051, mae: 0.462889
3279,	Iter: 3279, train loss: 2.9041, avg nll: 0.8037, avg wnll: 6.1309, avg kl: 0.0448, mse: 0.411124, wmse: 5.380109, mae: 0.462822
3280,	Iter: 3280, train loss: 2.9004, avg nll: 0.8006, avg wnll: 6.1158, avg kl: 0.0455, mse: 0.410869, wmse: 5.378053, mae: 0.462361
nll: 1.0558, mse: 0.5299, mae: 0.5287, mean_mse: 6.9206, mean_mae: 0.5287
1679179618.2316022
3281,	Iter: 3281, train loss: 2.9175, avg nll: 0.8116, avg wnll: 6.1910, avg kl: 0.0449, mse: 0.412195, wmse: 5.390464, mae: 0.463463
3282,	Iter: 3282, train loss: 2.9192, avg nll: 0.8090, avg wnll: 6.2403, avg kl: 0.0446, mse: 0.413145, wmse: 5.408161, mae: 0.464194
3283,	Iter: 3283, train loss: 2.9183, avg nll: 0.8096, avg wnll: 6.1719, avg kl: 0.0445, mse: 0.412830, wmse: 5.399144, mae: 0.463772
3284,	Iter: 3284, train loss: 2.9021, avg nll: 0.8068, avg wnll: 6.1704, avg kl: 0.0444, mse: 0.410184, wmse: 5.367847, mae: 0.462501
3285,	Iter: 3285, train loss: 2.9188, avg nll: 0.8131, avg wnll: 6.2350, avg kl: 0.0443, mse: 0.412279, wmse: 5.384004, mae: 0.463793
3286,	Iter: 3286, train loss: 2.9122, avg nll: 0.8058, avg wnll: 6.1439, avg kl: 0.0447, mse: 0.412343, wmse: 5.385364, mae: 0.463608
3287,	Iter: 3287, train loss: 2.8855, avg nll: 0.7994, avg wnll: 6.1294, avg kl: 0.0444, mse: 0.408342, wmse: 5.331988, mae: 0.462100
3288,	Iter: 3288, train loss: 2.9021, avg nll: 0.8043, avg wnll: 6.1449, avg kl: 0.0445, mse: 0.410665, wmse: 5.368087, mae: 0.462890
3289,	Iter: 3289, train loss: 2.9040, avg nll: 0.8036, avg wnll: 6.1313, avg kl: 0.0447, mse: 0.411127, wmse: 5.380155, mae: 0.462823
3290,	Iter: 3290, train loss: 2.9003, avg nll: 0.8005, avg wnll: 6.1160, avg kl: 0.0454, mse: 0.410874, wmse: 5.378141, mae: 0.462363
nll: 1.0559, mse: 0.5299, mae: 0.5287, mean_mse: 6.9205, mean_mae: 0.5287
1679181537.3049107
3291,	Iter: 3291, train loss: 2.9174, avg nll: 0.8115, avg wnll: 6.1909, avg kl: 0.0449, mse: 0.412193, wmse: 5.390450, mae: 0.463460
3292,	Iter: 3292, train loss: 2.9191, avg nll: 0.8089, avg wnll: 6.2403, avg kl: 0.0445, mse: 0.413141, wmse: 5.408124, mae: 0.464190
3293,	Iter: 3293, train loss: 2.9182, avg nll: 0.8096, avg wnll: 6.1718, avg kl: 0.0445, mse: 0.412828, wmse: 5.399113, mae: 0.463770
3294,	Iter: 3294, train loss: 2.9020, avg nll: 0.8067, avg wnll: 6.1702, avg kl: 0.0443, mse: 0.410183, wmse: 5.367839, mae: 0.462500
3295,	Iter: 3295, train loss: 2.9186, avg nll: 0.8130, avg wnll: 6.2352, avg kl: 0.0442, mse: 0.412277, wmse: 5.383979, mae: 0.463792
3296,	Iter: 3296, train loss: 2.9121, avg nll: 0.8057, avg wnll: 6.1442, avg kl: 0.0447, mse: 0.412342, wmse: 5.385329, mae: 0.463605
3297,	Iter: 3297, train loss: 2.8854, avg nll: 0.7994, avg wnll: 6.1296, avg kl: 0.0443, mse: 0.408343, wmse: 5.332001, mae: 0.462099
3298,	Iter: 3298, train loss: 2.9020, avg nll: 0.8043, avg wnll: 6.1449, avg kl: 0.0444, mse: 0.410668, wmse: 5.368131, mae: 0.462891
3299,	Iter: 3299, train loss: 2.9039, avg nll: 0.8036, avg wnll: 6.1313, avg kl: 0.0447, mse: 0.411129, wmse: 5.380180, mae: 0.462823
3300,	Iter: 3300, train loss: 2.9002, avg nll: 0.8005, avg wnll: 6.1157, avg kl: 0.0453, mse: 0.410881, wmse: 5.378233, mae: 0.462366
nll: 1.0560, mse: 0.5299, mae: 0.5287, mean_mse: 6.9205, mean_mae: 0.5287
1679183337.7065423
saving.................
done
3301,	Iter: 3301, train loss: 2.9172, avg nll: 0.8115, avg wnll: 6.1916, avg kl: 0.0448, mse: 0.412189, wmse: 5.390400, mae: 0.463457
3302,	Iter: 3302, train loss: 2.9190, avg nll: 0.8089, avg wnll: 6.2406, avg kl: 0.0444, mse: 0.413138, wmse: 5.408075, mae: 0.464186
3303,	Iter: 3303, train loss: 2.9181, avg nll: 0.8095, avg wnll: 6.1718, avg kl: 0.0444, mse: 0.412824, wmse: 5.399058, mae: 0.463767
3304,	Iter: 3304, train loss: 2.9018, avg nll: 0.8067, avg wnll: 6.1700, avg kl: 0.0442, mse: 0.410181, wmse: 5.367796, mae: 0.462497
3305,	Iter: 3305, train loss: 2.9185, avg nll: 0.8130, avg wnll: 6.2349, avg kl: 0.0441, mse: 0.412273, wmse: 5.383921, mae: 0.463789
3306,	Iter: 3306, train loss: 2.9120, avg nll: 0.8057, avg wnll: 6.1445, avg kl: 0.0446, mse: 0.412344, wmse: 5.385352, mae: 0.463606
3307,	Iter: 3307, train loss: 2.8853, avg nll: 0.7994, avg wnll: 6.1300, avg kl: 0.0443, mse: 0.408346, wmse: 5.332045, mae: 0.462101
3308,	Iter: 3308, train loss: 2.9020, avg nll: 0.8043, avg wnll: 6.1453, avg kl: 0.0444, mse: 0.410669, wmse: 5.368153, mae: 0.462891
3309,	Iter: 3309, train loss: 2.9038, avg nll: 0.8036, avg wnll: 6.1315, avg kl: 0.0446, mse: 0.411133, wmse: 5.380233, mae: 0.462823
3310,	Iter: 3310, train loss: 2.9001, avg nll: 0.8005, avg wnll: 6.1162, avg kl: 0.0452, mse: 0.410882, wmse: 5.378265, mae: 0.462366
nll: 1.0561, mse: 0.5299, mae: 0.5287, mean_mse: 6.9204, mean_mae: 0.5287
1679185211.1392174
3311,	Iter: 3311, train loss: 2.9171, avg nll: 0.8114, avg wnll: 6.1913, avg kl: 0.0447, mse: 0.412186, wmse: 5.390366, mae: 0.463454
3312,	Iter: 3312, train loss: 2.9188, avg nll: 0.8088, avg wnll: 6.2409, avg kl: 0.0443, mse: 0.413137, wmse: 5.408066, mae: 0.464183
3313,	Iter: 3313, train loss: 2.9179, avg nll: 0.8095, avg wnll: 6.1722, avg kl: 0.0443, mse: 0.412824, wmse: 5.399083, mae: 0.463764
3314,	Iter: 3314, train loss: 2.9017, avg nll: 0.8066, avg wnll: 6.1702, avg kl: 0.0442, mse: 0.410182, wmse: 5.367790, mae: 0.462497
3315,	Iter: 3315, train loss: 2.9184, avg nll: 0.8129, avg wnll: 6.2351, avg kl: 0.0441, mse: 0.412275, wmse: 5.383960, mae: 0.463790
3316,	Iter: 3316, train loss: 2.9118, avg nll: 0.8056, avg wnll: 6.1442, avg kl: 0.0445, mse: 0.412342, wmse: 5.385291, mae: 0.463602
3317,	Iter: 3317, train loss: 2.8852, avg nll: 0.7993, avg wnll: 6.1306, avg kl: 0.0442, mse: 0.408347, wmse: 5.332067, mae: 0.462100
3318,	Iter: 3318, train loss: 2.9019, avg nll: 0.8042, avg wnll: 6.1455, avg kl: 0.0443, mse: 0.410669, wmse: 5.368162, mae: 0.462893
3319,	Iter: 3319, train loss: 2.9038, avg nll: 0.8036, avg wnll: 6.1321, avg kl: 0.0445, mse: 0.411138, wmse: 5.380347, mae: 0.462827
3320,	Iter: 3320, train loss: 2.9000, avg nll: 0.8004, avg wnll: 6.1161, avg kl: 0.0452, mse: 0.410883, wmse: 5.378273, mae: 0.462366
nll: 1.0563, mse: 0.5299, mae: 0.5287, mean_mse: 6.9202, mean_mae: 0.5287
1679187108.7341626
3321,	Iter: 3321, train loss: 2.9170, avg nll: 0.8114, avg wnll: 6.1912, avg kl: 0.0446, mse: 0.412185, wmse: 5.390375, mae: 0.463452
3322,	Iter: 3322, train loss: 2.9187, avg nll: 0.8088, avg wnll: 6.2405, avg kl: 0.0443, mse: 0.413131, wmse: 5.407963, mae: 0.464179
3323,	Iter: 3323, train loss: 2.9178, avg nll: 0.8094, avg wnll: 6.1721, avg kl: 0.0443, mse: 0.412818, wmse: 5.399026, mae: 0.463761
3324,	Iter: 3324, train loss: 2.9016, avg nll: 0.8066, avg wnll: 6.1704, avg kl: 0.0441, mse: 0.410180, wmse: 5.367790, mae: 0.462495
3325,	Iter: 3325, train loss: 2.9183, avg nll: 0.8129, avg wnll: 6.2351, avg kl: 0.0440, mse: 0.412272, wmse: 5.383924, mae: 0.463787
3326,	Iter: 3326, train loss: 2.9117, avg nll: 0.8056, avg wnll: 6.1441, avg kl: 0.0444, mse: 0.412336, wmse: 5.385236, mae: 0.463599
3327,	Iter: 3327, train loss: 2.8851, avg nll: 0.7993, avg wnll: 6.1309, avg kl: 0.0441, mse: 0.408345, wmse: 5.332044, mae: 0.462098
3328,	Iter: 3328, train loss: 2.9018, avg nll: 0.8042, avg wnll: 6.1460, avg kl: 0.0442, mse: 0.410670, wmse: 5.368182, mae: 0.462893
3329,	Iter: 3329, train loss: 2.9037, avg nll: 0.8035, avg wnll: 6.1324, avg kl: 0.0445, mse: 0.411139, wmse: 5.380357, mae: 0.462828
3330,	Iter: 3330, train loss: 2.8999, avg nll: 0.8004, avg wnll: 6.1163, avg kl: 0.0451, mse: 0.410886, wmse: 5.378324, mae: 0.462367
nll: 1.0564, mse: 0.5298, mae: 0.5287, mean_mse: 6.9202, mean_mae: 0.5287
1679189075.9465065
saving.................
done
3331,	Iter: 3331, train loss: 2.9168, avg nll: 0.8113, avg wnll: 6.1909, avg kl: 0.0446, mse: 0.412180, wmse: 5.390323, mae: 0.463448
3332,	Iter: 3332, train loss: 2.9186, avg nll: 0.8087, avg wnll: 6.2406, avg kl: 0.0442, mse: 0.413130, wmse: 5.407950, mae: 0.464177
3333,	Iter: 3333, train loss: 2.9177, avg nll: 0.8094, avg wnll: 6.1722, avg kl: 0.0442, mse: 0.412813, wmse: 5.398955, mae: 0.463756
3334,	Iter: 3334, train loss: 2.9015, avg nll: 0.8065, avg wnll: 6.1702, avg kl: 0.0441, mse: 0.410178, wmse: 5.367776, mae: 0.462493
3335,	Iter: 3335, train loss: 2.9182, avg nll: 0.8129, avg wnll: 6.2352, avg kl: 0.0440, mse: 0.412269, wmse: 5.383894, mae: 0.463785
3336,	Iter: 3336, train loss: 2.9116, avg nll: 0.8055, avg wnll: 6.1441, avg kl: 0.0444, mse: 0.412335, wmse: 5.385217, mae: 0.463597
3337,	Iter: 3337, train loss: 2.8850, avg nll: 0.7992, avg wnll: 6.1310, avg kl: 0.0441, mse: 0.408343, wmse: 5.332029, mae: 0.462096
3338,	Iter: 3338, train loss: 2.9017, avg nll: 0.8042, avg wnll: 6.1461, avg kl: 0.0442, mse: 0.410670, wmse: 5.368200, mae: 0.462892
3339,	Iter: 3339, train loss: 2.9036, avg nll: 0.8035, avg wnll: 6.1324, avg kl: 0.0444, mse: 0.411139, wmse: 5.380354, mae: 0.462827
3340,	Iter: 3340, train loss: 2.8999, avg nll: 0.8004, avg wnll: 6.1163, avg kl: 0.0451, mse: 0.410888, wmse: 5.378348, mae: 0.462368
nll: 1.0565, mse: 0.5298, mae: 0.5287, mean_mse: 6.9201, mean_mae: 0.5287
1679190922.8081124
3341,	Iter: 3341, train loss: 2.9167, avg nll: 0.8113, avg wnll: 6.1911, avg kl: 0.0445, mse: 0.412175, wmse: 5.390274, mae: 0.463443
3342,	Iter: 3342, train loss: 2.9185, avg nll: 0.8087, avg wnll: 6.2405, avg kl: 0.0441, mse: 0.413128, wmse: 5.407918, mae: 0.464174
3343,	Iter: 3343, train loss: 2.9175, avg nll: 0.8093, avg wnll: 6.1721, avg kl: 0.0441, mse: 0.412810, wmse: 5.398909, mae: 0.463752
3344,	Iter: 3344, train loss: 2.9014, avg nll: 0.8065, avg wnll: 6.1702, avg kl: 0.0440, mse: 0.410179, wmse: 5.367765, mae: 0.462492
3345,	Iter: 3345, train loss: 2.9180, avg nll: 0.8128, avg wnll: 6.2350, avg kl: 0.0439, mse: 0.412268, wmse: 5.383872, mae: 0.463783
3346,	Iter: 3346, train loss: 2.9115, avg nll: 0.8055, avg wnll: 6.1445, avg kl: 0.0443, mse: 0.412335, wmse: 5.385231, mae: 0.463596
3347,	Iter: 3347, train loss: 2.8849, avg nll: 0.7992, avg wnll: 6.1312, avg kl: 0.0440, mse: 0.408343, wmse: 5.332031, mae: 0.462095
3348,	Iter: 3348, train loss: 2.9016, avg nll: 0.8041, avg wnll: 6.1463, avg kl: 0.0441, mse: 0.410669, wmse: 5.368185, mae: 0.462891
3349,	Iter: 3349, train loss: 2.9035, avg nll: 0.8035, avg wnll: 6.1325, avg kl: 0.0443, mse: 0.411139, wmse: 5.380374, mae: 0.462828
3350,	Iter: 3350, train loss: 2.8998, avg nll: 0.8003, avg wnll: 6.1165, avg kl: 0.0450, mse: 0.410889, wmse: 5.378375, mae: 0.462368
nll: 1.0566, mse: 0.5298, mae: 0.5287, mean_mse: 6.9201, mean_mae: 0.5287
1679192819.7343073
3351,	Iter: 3351, train loss: 2.9166, avg nll: 0.8112, avg wnll: 6.1910, avg kl: 0.0445, mse: 0.412173, wmse: 5.390244, mae: 0.463441
3352,	Iter: 3352, train loss: 2.9183, avg nll: 0.8086, avg wnll: 6.2403, avg kl: 0.0441, mse: 0.413126, wmse: 5.407899, mae: 0.464171
3353,	Iter: 3353, train loss: 2.9174, avg nll: 0.8093, avg wnll: 6.1720, avg kl: 0.0441, mse: 0.412805, wmse: 5.398854, mae: 0.463749
3354,	Iter: 3354, train loss: 2.9012, avg nll: 0.8064, avg wnll: 6.1701, avg kl: 0.0439, mse: 0.410176, wmse: 5.367728, mae: 0.462489
3355,	Iter: 3355, train loss: 2.9179, avg nll: 0.8128, avg wnll: 6.2355, avg kl: 0.0438, mse: 0.412265, wmse: 5.383838, mae: 0.463781
3356,	Iter: 3356, train loss: 2.9114, avg nll: 0.8054, avg wnll: 6.1447, avg kl: 0.0443, mse: 0.412334, wmse: 5.385219, mae: 0.463595
3357,	Iter: 3357, train loss: 2.8848, avg nll: 0.7992, avg wnll: 6.1313, avg kl: 0.0440, mse: 0.408343, wmse: 5.332020, mae: 0.462094
3358,	Iter: 3358, train loss: 2.9015, avg nll: 0.8041, avg wnll: 6.1463, avg kl: 0.0441, mse: 0.410672, wmse: 5.368238, mae: 0.462893
3359,	Iter: 3359, train loss: 2.9034, avg nll: 0.8034, avg wnll: 6.1326, avg kl: 0.0443, mse: 0.411142, wmse: 5.380407, mae: 0.462828
3360,	Iter: 3360, train loss: 2.8997, avg nll: 0.8003, avg wnll: 6.1163, avg kl: 0.0449, mse: 0.410892, wmse: 5.378409, mae: 0.462369
nll: 1.0567, mse: 0.5298, mae: 0.5287, mean_mse: 6.9201, mean_mae: 0.5287
1679194645.8151307
saving.................
done
3361,	Iter: 3361, train loss: 2.9165, avg nll: 0.8112, avg wnll: 6.1912, avg kl: 0.0444, mse: 0.412171, wmse: 5.390227, mae: 0.463439
3362,	Iter: 3362, train loss: 2.9182, avg nll: 0.8086, avg wnll: 6.2404, avg kl: 0.0440, mse: 0.413124, wmse: 5.407862, mae: 0.464168
3363,	Iter: 3363, train loss: 2.9173, avg nll: 0.8093, avg wnll: 6.1720, avg kl: 0.0440, mse: 0.412803, wmse: 5.398815, mae: 0.463747
3364,	Iter: 3364, train loss: 2.9011, avg nll: 0.8064, avg wnll: 6.1700, avg kl: 0.0439, mse: 0.410172, wmse: 5.367676, mae: 0.462487
3365,	Iter: 3365, train loss: 2.9178, avg nll: 0.8127, avg wnll: 6.2356, avg kl: 0.0438, mse: 0.412262, wmse: 5.383807, mae: 0.463778
3366,	Iter: 3366, train loss: 2.9113, avg nll: 0.8054, avg wnll: 6.1449, avg kl: 0.0442, mse: 0.412332, wmse: 5.385198, mae: 0.463593
3367,	Iter: 3367, train loss: 2.8847, avg nll: 0.7991, avg wnll: 6.1316, avg kl: 0.0439, mse: 0.408341, wmse: 5.332006, mae: 0.462093
3368,	Iter: 3368, train loss: 2.9014, avg nll: 0.8041, avg wnll: 6.1465, avg kl: 0.0440, mse: 0.410672, wmse: 5.368240, mae: 0.462892
3369,	Iter: 3369, train loss: 2.9034, avg nll: 0.8034, avg wnll: 6.1328, avg kl: 0.0442, mse: 0.411143, wmse: 5.380437, mae: 0.462829
3370,	Iter: 3370, train loss: 2.8996, avg nll: 0.8003, avg wnll: 6.1167, avg kl: 0.0449, mse: 0.410894, wmse: 5.378452, mae: 0.462369
nll: 1.0567, mse: 0.5298, mae: 0.5287, mean_mse: 6.9200, mean_mae: 0.5287
1679196489.3602238
3371,	Iter: 3371, train loss: 2.9164, avg nll: 0.8112, avg wnll: 6.1911, avg kl: 0.0444, mse: 0.412169, wmse: 5.390221, mae: 0.463436
3372,	Iter: 3372, train loss: 2.9181, avg nll: 0.8085, avg wnll: 6.2406, avg kl: 0.0440, mse: 0.413121, wmse: 5.407828, mae: 0.464166
3373,	Iter: 3373, train loss: 2.9172, avg nll: 0.8092, avg wnll: 6.1720, avg kl: 0.0440, mse: 0.412800, wmse: 5.398789, mae: 0.463744
3374,	Iter: 3374, train loss: 2.9010, avg nll: 0.8063, avg wnll: 6.1701, avg kl: 0.0438, mse: 0.410170, wmse: 5.367636, mae: 0.462484
3375,	Iter: 3375, train loss: 2.8736, avg nll: 0.8126, avg wnll: 6.2316, avg kl: 0.0441, mse: 0.412211, wmse: 5.383024, mae: 0.463759
3376,	Iter: 3376, train loss: 2.8666, avg nll: 0.8052, avg wnll: 6.1399, avg kl: 0.0451, mse: 0.412232, wmse: 5.383764, mae: 0.463556
3377,	Iter: 3377, train loss: 2.8402, avg nll: 0.7988, avg wnll: 6.1225, avg kl: 0.0452, mse: 0.408187, wmse: 5.329771, mae: 0.462023
3378,	Iter: 3378, train loss: 2.8576, avg nll: 0.8039, avg wnll: 6.1436, avg kl: 0.0457, mse: 0.410596, wmse: 5.367225, mae: 0.462886
3379,	Iter: 3379, train loss: 2.8593, avg nll: 0.8032, avg wnll: 6.1280, avg kl: 0.0464, mse: 0.411029, wmse: 5.378580, mae: 0.462806
3380,	Iter: 3380, train loss: 2.8546, avg nll: 0.7999, avg wnll: 6.1035, avg kl: 0.0473, mse: 0.410681, wmse: 5.374840, mae: 0.462290
nll: 1.0582, mse: 0.5302, mae: 0.5289, mean_mse: 6.9260, mean_mae: 0.5289
1679198340.292696
3381,	Iter: 3381, train loss: 2.8719, avg nll: 0.8106, avg wnll: 6.1758, avg kl: 0.0470, mse: 0.411952, wmse: 5.386778, mae: 0.463318
3382,	Iter: 3382, train loss: 2.8743, avg nll: 0.8081, avg wnll: 6.2257, avg kl: 0.0468, mse: 0.412887, wmse: 5.403974, mae: 0.464067
3383,	Iter: 3383, train loss: 2.8733, avg nll: 0.8087, avg wnll: 6.1628, avg kl: 0.0471, mse: 0.412512, wmse: 5.394309, mae: 0.463611
3384,	Iter: 3384, train loss: 2.8575, avg nll: 0.8058, avg wnll: 6.1581, avg kl: 0.0472, mse: 0.409900, wmse: 5.363646, mae: 0.462345
3385,	Iter: 3385, train loss: 2.8743, avg nll: 0.8120, avg wnll: 6.2242, avg kl: 0.0473, mse: 0.411945, wmse: 5.378642, mae: 0.463620
3386,	Iter: 3386, train loss: 2.8677, avg nll: 0.8048, avg wnll: 6.1359, avg kl: 0.0481, mse: 0.412015, wmse: 5.380204, mae: 0.463422
3387,	Iter: 3387, train loss: 2.8411, avg nll: 0.7982, avg wnll: 6.1177, avg kl: 0.0480, mse: 0.407949, wmse: 5.325757, mae: 0.461856
3388,	Iter: 3388, train loss: 2.8582, avg nll: 0.8034, avg wnll: 6.1395, avg kl: 0.0484, mse: 0.410300, wmse: 5.362417, mae: 0.462687
3389,	Iter: 3389, train loss: 2.8603, avg nll: 0.8027, avg wnll: 6.1286, avg kl: 0.0490, mse: 0.410794, wmse: 5.374900, mae: 0.462626
3390,	Iter: 3390, train loss: 2.8559, avg nll: 0.7994, avg wnll: 6.1081, avg kl: 0.0498, mse: 0.410500, wmse: 5.371674, mae: 0.462160
nll: 1.0591, mse: 0.5303, mae: 0.5290, mean_mse: 6.9269, mean_mae: 0.5290
1679200197.0292356
saving.................
done
3391,	Iter: 3391, train loss: 2.8734, avg nll: 0.8103, avg wnll: 6.1816, avg kl: 0.0495, mse: 0.411792, wmse: 5.383987, mae: 0.463184
3392,	Iter: 3392, train loss: 2.8759, avg nll: 0.8077, avg wnll: 6.2287, avg kl: 0.0493, mse: 0.412744, wmse: 5.401446, mae: 0.463954
3393,	Iter: 3393, train loss: 2.8744, avg nll: 0.8082, avg wnll: 6.1590, avg kl: 0.0494, mse: 0.412287, wmse: 5.390517, mae: 0.463435
3394,	Iter: 3394, train loss: 2.8593, avg nll: 0.8054, avg wnll: 6.1644, avg kl: 0.0495, mse: 0.409767, wmse: 5.361429, mae: 0.462232
3395,	Iter: 3395, train loss: 2.8759, avg nll: 0.8116, avg wnll: 6.2289, avg kl: 0.0496, mse: 0.411799, wmse: 5.376110, mae: 0.463503
3396,	Iter: 3396, train loss: 2.8693, avg nll: 0.8044, avg wnll: 6.1370, avg kl: 0.0503, mse: 0.411848, wmse: 5.377461, mae: 0.463287
3397,	Iter: 3397, train loss: 2.8428, avg nll: 0.7979, avg wnll: 6.1206, avg kl: 0.0502, mse: 0.407818, wmse: 5.323425, mae: 0.461738
3398,	Iter: 3398, train loss: 2.8601, avg nll: 0.8031, avg wnll: 6.1418, avg kl: 0.0504, mse: 0.410178, wmse: 5.360332, mae: 0.462582
3399,	Iter: 3399, train loss: 2.8622, avg nll: 0.8023, avg wnll: 6.1304, avg kl: 0.0509, mse: 0.410672, wmse: 5.372879, mae: 0.462514
3400,	Iter: 3400, train loss: 2.8580, avg nll: 0.7991, avg wnll: 6.1106, avg kl: 0.0518, mse: 0.410396, wmse: 5.369880, mae: 0.462070
nll: 1.0597, mse: 0.5304, mae: 0.5290, mean_mse: 6.9281, mean_mae: 0.5290
1679202019.792252
3401,	Iter: 3401, train loss: 2.8754, avg nll: 0.8100, avg wnll: 6.1842, avg kl: 0.0514, mse: 0.411673, wmse: 5.381981, mae: 0.463082
3402,	Iter: 3402, train loss: 2.8779, avg nll: 0.8074, avg wnll: 6.2303, avg kl: 0.0510, mse: 0.412634, wmse: 5.399585, mae: 0.463860
3403,	Iter: 3403, train loss: 2.8765, avg nll: 0.8079, avg wnll: 6.1607, avg kl: 0.0511, mse: 0.412187, wmse: 5.388756, mae: 0.463346
3404,	Iter: 3404, train loss: 2.8614, avg nll: 0.8051, avg wnll: 6.1663, avg kl: 0.0511, mse: 0.409678, wmse: 5.359948, mae: 0.462150
3405,	Iter: 3405, train loss: 2.8781, avg nll: 0.8114, avg wnll: 6.2312, avg kl: 0.0511, mse: 0.411706, wmse: 5.374508, mae: 0.463420
3406,	Iter: 3406, train loss: 2.8715, avg nll: 0.8041, avg wnll: 6.1385, avg kl: 0.0519, mse: 0.411760, wmse: 5.375965, mae: 0.463210
3407,	Iter: 3407, train loss: 2.8451, avg nll: 0.7976, avg wnll: 6.1217, avg kl: 0.0516, mse: 0.407736, wmse: 5.321985, mae: 0.461662
3408,	Iter: 3408, train loss: 2.8625, avg nll: 0.8029, avg wnll: 6.1442, avg kl: 0.0518, mse: 0.410104, wmse: 5.359058, mae: 0.462513
3409,	Iter: 3409, train loss: 2.8646, avg nll: 0.8021, avg wnll: 6.1320, avg kl: 0.0522, mse: 0.410601, wmse: 5.371711, mae: 0.462445
3410,	Iter: 3410, train loss: 2.8604, avg nll: 0.7989, avg wnll: 6.1124, avg kl: 0.0530, mse: 0.410328, wmse: 5.368753, mae: 0.462011
nll: 1.0600, mse: 0.5303, mae: 0.5290, mean_mse: 6.9277, mean_mae: 0.5290
1679203908.219533
3411,	Iter: 3411, train loss: 2.8778, avg nll: 0.8097, avg wnll: 6.1864, avg kl: 0.0525, mse: 0.411606, wmse: 5.380839, mae: 0.463018
3412,	Iter: 3412, train loss: 2.8803, avg nll: 0.8072, avg wnll: 6.2326, avg kl: 0.0521, mse: 0.412573, wmse: 5.398572, mae: 0.463804
3413,	Iter: 3413, train loss: 2.8791, avg nll: 0.8077, avg wnll: 6.1633, avg kl: 0.0522, mse: 0.412151, wmse: 5.388049, mae: 0.463316
3414,	Iter: 3414, train loss: 2.8638, avg nll: 0.8049, avg wnll: 6.1660, avg kl: 0.0520, mse: 0.409616, wmse: 5.358974, mae: 0.462098
3415,	Iter: 3415, train loss: 2.8806, avg nll: 0.8112, avg wnll: 6.2325, avg kl: 0.0520, mse: 0.411659, wmse: 5.373694, mae: 0.463376
3416,	Iter: 3416, train loss: 2.8739, avg nll: 0.8039, avg wnll: 6.1408, avg kl: 0.0526, mse: 0.411705, wmse: 5.375081, mae: 0.463161
3417,	Iter: 3417, train loss: 2.8476, avg nll: 0.7974, avg wnll: 6.1243, avg kl: 0.0523, mse: 0.407692, wmse: 5.321249, mae: 0.461619
3418,	Iter: 3418, train loss: 2.8651, avg nll: 0.8027, avg wnll: 6.1476, avg kl: 0.0524, mse: 0.410066, wmse: 5.358407, mae: 0.462477
3419,	Iter: 3419, train loss: 2.8671, avg nll: 0.8019, avg wnll: 6.1347, avg kl: 0.0528, mse: 0.410561, wmse: 5.371080, mae: 0.462407
3420,	Iter: 3420, train loss: 2.8631, avg nll: 0.7988, avg wnll: 6.1144, avg kl: 0.0535, mse: 0.410291, wmse: 5.368214, mae: 0.461978
nll: 1.0601, mse: 0.5303, mae: 0.5290, mean_mse: 6.9276, mean_mae: 0.5290
1679205756.4972413
saving.................
done
3421,	Iter: 3421, train loss: 2.8804, avg nll: 0.8096, avg wnll: 6.1884, avg kl: 0.0529, mse: 0.411567, wmse: 5.380219, mae: 0.462983
3422,	Iter: 3422, train loss: 2.8829, avg nll: 0.8070, avg wnll: 6.2346, avg kl: 0.0525, mse: 0.412538, wmse: 5.398051, mae: 0.463771
3423,	Iter: 3423, train loss: 2.8816, avg nll: 0.8076, avg wnll: 6.1647, avg kl: 0.0525, mse: 0.412120, wmse: 5.387553, mae: 0.463289
3424,	Iter: 3424, train loss: 2.8663, avg nll: 0.8048, avg wnll: 6.1672, avg kl: 0.0522, mse: 0.409589, wmse: 5.358541, mae: 0.462073
3425,	Iter: 3425, train loss: 2.8831, avg nll: 0.8111, avg wnll: 6.2342, avg kl: 0.0521, mse: 0.411636, wmse: 5.373326, mae: 0.463353
3426,	Iter: 3426, train loss: 2.8766, avg nll: 0.8038, avg wnll: 6.1438, avg kl: 0.0528, mse: 0.411694, wmse: 5.374874, mae: 0.463150
3427,	Iter: 3427, train loss: 2.8503, avg nll: 0.7974, avg wnll: 6.1254, avg kl: 0.0524, mse: 0.407678, wmse: 5.321060, mae: 0.461606
3428,	Iter: 3428, train loss: 2.8677, avg nll: 0.8026, avg wnll: 6.1480, avg kl: 0.0524, mse: 0.410051, wmse: 5.358179, mae: 0.462462
3429,	Iter: 3429, train loss: 2.8698, avg nll: 0.8019, avg wnll: 6.1353, avg kl: 0.0528, mse: 0.410550, wmse: 5.370930, mae: 0.462394
3430,	Iter: 3430, train loss: 2.8658, avg nll: 0.7987, avg wnll: 6.1162, avg kl: 0.0534, mse: 0.410281, wmse: 5.368133, mae: 0.461965
nll: 1.0603, mse: 0.5303, mae: 0.5290, mean_mse: 6.9279, mean_mae: 0.5290
1679207653.3814561
3431,	Iter: 3431, train loss: 2.8831, avg nll: 0.8095, avg wnll: 6.1893, avg kl: 0.0528, mse: 0.411552, wmse: 5.380064, mae: 0.462973
3432,	Iter: 3432, train loss: 2.8855, avg nll: 0.8070, avg wnll: 6.2357, avg kl: 0.0523, mse: 0.412523, wmse: 5.397901, mae: 0.463760
3433,	Iter: 3433, train loss: 2.8845, avg nll: 0.8076, avg wnll: 6.1693, avg kl: 0.0524, mse: 0.412149, wmse: 5.388047, mae: 0.463309
3434,	Iter: 3434, train loss: 2.8689, avg nll: 0.8047, avg wnll: 6.1667, avg kl: 0.0520, mse: 0.409568, wmse: 5.358262, mae: 0.462059
3435,	Iter: 3435, train loss: 2.8856, avg nll: 0.8110, avg wnll: 6.2336, avg kl: 0.0518, mse: 0.411618, wmse: 5.373166, mae: 0.463336
3436,	Iter: 3436, train loss: 2.8790, avg nll: 0.8037, avg wnll: 6.1430, avg kl: 0.0523, mse: 0.411662, wmse: 5.374386, mae: 0.463122
3437,	Iter: 3437, train loss: 2.8529, avg nll: 0.7973, avg wnll: 6.1301, avg kl: 0.0520, mse: 0.407677, wmse: 5.321070, mae: 0.461604
3438,	Iter: 3438, train loss: 2.8704, avg nll: 0.8026, avg wnll: 6.1505, avg kl: 0.0521, mse: 0.410056, wmse: 5.358275, mae: 0.462465
3439,	Iter: 3439, train loss: 2.8725, avg nll: 0.8018, avg wnll: 6.1362, avg kl: 0.0524, mse: 0.410558, wmse: 5.371071, mae: 0.462400
3440,	Iter: 3440, train loss: 2.8684, avg nll: 0.7987, avg wnll: 6.1164, avg kl: 0.0530, mse: 0.410282, wmse: 5.368266, mae: 0.461969
nll: 1.0602, mse: 0.5303, mae: 0.5290, mean_mse: 6.9271, mean_mae: 0.5290
1679209576.4002135
3441,	Iter: 3441, train loss: 2.8857, avg nll: 0.8095, avg wnll: 6.1901, avg kl: 0.0523, mse: 0.411553, wmse: 5.380170, mae: 0.462977
3442,	Iter: 3442, train loss: 2.8881, avg nll: 0.8069, avg wnll: 6.2369, avg kl: 0.0518, mse: 0.412526, wmse: 5.398023, mae: 0.463763
3443,	Iter: 3443, train loss: 2.8868, avg nll: 0.8075, avg wnll: 6.1674, avg kl: 0.0518, mse: 0.412115, wmse: 5.387623, mae: 0.463289
3444,	Iter: 3444, train loss: 2.8716, avg nll: 0.8047, avg wnll: 6.1703, avg kl: 0.0514, mse: 0.409593, wmse: 5.358679, mae: 0.462080
3445,	Iter: 3445, train loss: 2.8882, avg nll: 0.8109, avg wnll: 6.2360, avg kl: 0.0513, mse: 0.411620, wmse: 5.373302, mae: 0.463343
3446,	Iter: 3446, train loss: 2.8817, avg nll: 0.8037, avg wnll: 6.1448, avg kl: 0.0518, mse: 0.411682, wmse: 5.374779, mae: 0.463141
3447,	Iter: 3447, train loss: 2.8555, avg nll: 0.7973, avg wnll: 6.1310, avg kl: 0.0514, mse: 0.407693, wmse: 5.321422, mae: 0.461622
3448,	Iter: 3448, train loss: 2.8730, avg nll: 0.8026, avg wnll: 6.1507, avg kl: 0.0515, mse: 0.410068, wmse: 5.358548, mae: 0.462480
3449,	Iter: 3449, train loss: 2.8751, avg nll: 0.8018, avg wnll: 6.1363, avg kl: 0.0517, mse: 0.410575, wmse: 5.371377, mae: 0.462417
3450,	Iter: 3450, train loss: 2.8710, avg nll: 0.7986, avg wnll: 6.1170, avg kl: 0.0523, mse: 0.410297, wmse: 5.368613, mae: 0.461982
nll: 1.0601, mse: 0.5303, mae: 0.5290, mean_mse: 6.9267, mean_mae: 0.5290
1679211455.5037866
saving.................
done
3451,	Iter: 3451, train loss: 2.8882, avg nll: 0.8095, avg wnll: 6.1899, avg kl: 0.0517, mse: 0.411569, wmse: 5.380501, mae: 0.462995
3452,	Iter: 3452, train loss: 2.8906, avg nll: 0.8069, avg wnll: 6.2376, avg kl: 0.0512, mse: 0.412540, wmse: 5.398362, mae: 0.463777
3453,	Iter: 3453, train loss: 2.8894, avg nll: 0.8075, avg wnll: 6.1683, avg kl: 0.0511, mse: 0.412133, wmse: 5.388002, mae: 0.463306
3454,	Iter: 3454, train loss: 2.8741, avg nll: 0.8047, avg wnll: 6.1710, avg kl: 0.0508, mse: 0.409605, wmse: 5.358894, mae: 0.462094
3455,	Iter: 3455, train loss: 2.8908, avg nll: 0.8110, avg wnll: 6.2373, avg kl: 0.0506, mse: 0.411648, wmse: 5.373831, mae: 0.463368
3456,	Iter: 3456, train loss: 2.8842, avg nll: 0.8037, avg wnll: 6.1449, avg kl: 0.0510, mse: 0.411698, wmse: 5.375114, mae: 0.463156
3457,	Iter: 3457, train loss: 2.8581, avg nll: 0.7973, avg wnll: 6.1317, avg kl: 0.0507, mse: 0.407717, wmse: 5.321918, mae: 0.461643
3458,	Iter: 3458, train loss: 2.8755, avg nll: 0.8026, avg wnll: 6.1526, avg kl: 0.0507, mse: 0.410093, wmse: 5.359018, mae: 0.462499
3459,	Iter: 3459, train loss: 2.8777, avg nll: 0.8018, avg wnll: 6.1367, avg kl: 0.0510, mse: 0.410604, wmse: 5.371894, mae: 0.462443
3460,	Iter: 3460, train loss: 2.8737, avg nll: 0.7987, avg wnll: 6.1173, avg kl: 0.0516, mse: 0.410322, wmse: 5.369117, mae: 0.462004
nll: 1.0601, mse: 0.5302, mae: 0.5289, mean_mse: 6.9264, mean_mae: 0.5289
1679213379.7791069
3461,	Iter: 3461, train loss: 2.8908, avg nll: 0.8095, avg wnll: 6.1902, avg kl: 0.0509, mse: 0.411591, wmse: 5.380946, mae: 0.463019
3462,	Iter: 3462, train loss: 2.8931, avg nll: 0.8069, avg wnll: 6.2387, avg kl: 0.0504, mse: 0.412562, wmse: 5.398837, mae: 0.463799
3463,	Iter: 3463, train loss: 2.8919, avg nll: 0.8075, avg wnll: 6.1691, avg kl: 0.0504, mse: 0.412155, wmse: 5.388487, mae: 0.463327
3464,	Iter: 3464, train loss: 2.8766, avg nll: 0.8047, avg wnll: 6.1718, avg kl: 0.0500, mse: 0.409627, wmse: 5.359310, mae: 0.462116
3465,	Iter: 3465, train loss: 2.8932, avg nll: 0.8110, avg wnll: 6.2369, avg kl: 0.0499, mse: 0.411664, wmse: 5.374231, mae: 0.463385
3466,	Iter: 3466, train loss: 2.8868, avg nll: 0.8037, avg wnll: 6.1467, avg kl: 0.0503, mse: 0.411738, wmse: 5.375800, mae: 0.463191
3467,	Iter: 3467, train loss: 2.8607, avg nll: 0.7974, avg wnll: 6.1324, avg kl: 0.0500, mse: 0.407749, wmse: 5.322526, mae: 0.461673
3468,	Iter: 3468, train loss: 2.8781, avg nll: 0.8026, avg wnll: 6.1533, avg kl: 0.0500, mse: 0.410124, wmse: 5.359608, mae: 0.462526
3469,	Iter: 3469, train loss: 2.8802, avg nll: 0.8019, avg wnll: 6.1361, avg kl: 0.0503, mse: 0.410636, wmse: 5.372484, mae: 0.462474
3470,	Iter: 3470, train loss: 2.8762, avg nll: 0.7987, avg wnll: 6.1173, avg kl: 0.0508, mse: 0.410348, wmse: 5.369680, mae: 0.462029
nll: 1.0600, mse: 0.5302, mae: 0.5289, mean_mse: 6.9260, mean_mae: 0.5289
1679215256.9067392
3471,	Iter: 3471, train loss: 2.8933, avg nll: 0.8095, avg wnll: 6.1903, avg kl: 0.0502, mse: 0.411622, wmse: 5.381531, mae: 0.463050
3472,	Iter: 3472, train loss: 2.8956, avg nll: 0.8070, avg wnll: 6.2391, avg kl: 0.0497, mse: 0.412592, wmse: 5.399404, mae: 0.463825
3473,	Iter: 3473, train loss: 2.8944, avg nll: 0.8075, avg wnll: 6.1693, avg kl: 0.0497, mse: 0.412184, wmse: 5.389056, mae: 0.463352
3474,	Iter: 3474, train loss: 2.8790, avg nll: 0.8047, avg wnll: 6.1727, avg kl: 0.0493, mse: 0.409656, wmse: 5.359813, mae: 0.462142
3475,	Iter: 3475, train loss: 2.8958, avg nll: 0.8110, avg wnll: 6.2384, avg kl: 0.0492, mse: 0.411706, wmse: 5.374994, mae: 0.463421
3476,	Iter: 3476, train loss: 2.8893, avg nll: 0.8037, avg wnll: 6.1464, avg kl: 0.0496, mse: 0.411764, wmse: 5.376283, mae: 0.463215
3477,	Iter: 3477, train loss: 2.8632, avg nll: 0.7974, avg wnll: 6.1336, avg kl: 0.0493, mse: 0.407789, wmse: 5.323236, mae: 0.461706
3478,	Iter: 3478, train loss: 2.8805, avg nll: 0.8027, avg wnll: 6.1540, avg kl: 0.0493, mse: 0.410156, wmse: 5.360198, mae: 0.462553
3479,	Iter: 3479, train loss: 2.8828, avg nll: 0.8019, avg wnll: 6.1361, avg kl: 0.0496, mse: 0.410672, wmse: 5.373076, mae: 0.462505
3480,	Iter: 3480, train loss: 2.8788, avg nll: 0.7988, avg wnll: 6.1169, avg kl: 0.0502, mse: 0.410382, wmse: 5.370327, mae: 0.462058
nll: 1.0599, mse: 0.5302, mae: 0.5289, mean_mse: 6.9258, mean_mae: 0.5289
1679217096.2982888
saving.................
done
3481,	Iter: 3481, train loss: 2.8958, avg nll: 0.8095, avg wnll: 6.1896, avg kl: 0.0495, mse: 0.411656, wmse: 5.382159, mae: 0.463082
3482,	Iter: 3482, train loss: 2.8981, avg nll: 0.8070, avg wnll: 6.2390, avg kl: 0.0490, mse: 0.412624, wmse: 5.400017, mae: 0.463853
3483,	Iter: 3483, train loss: 2.8969, avg nll: 0.8076, avg wnll: 6.1701, avg kl: 0.0490, mse: 0.412217, wmse: 5.389696, mae: 0.463380
3484,	Iter: 3484, train loss: 2.8815, avg nll: 0.8047, avg wnll: 6.1736, avg kl: 0.0487, mse: 0.409693, wmse: 5.360429, mae: 0.462172
3485,	Iter: 3485, train loss: 2.8982, avg nll: 0.8111, avg wnll: 6.2379, avg kl: 0.0485, mse: 0.411728, wmse: 5.375466, mae: 0.463440
3486,	Iter: 3486, train loss: 2.8918, avg nll: 0.8038, avg wnll: 6.1471, avg kl: 0.0489, mse: 0.411801, wmse: 5.376920, mae: 0.463244
3487,	Iter: 3487, train loss: 2.8658, avg nll: 0.7975, avg wnll: 6.1356, avg kl: 0.0486, mse: 0.407837, wmse: 5.324038, mae: 0.461744
3488,	Iter: 3488, train loss: 2.8830, avg nll: 0.8027, avg wnll: 6.1542, avg kl: 0.0487, mse: 0.410193, wmse: 5.360829, mae: 0.462583
3489,	Iter: 3489, train loss: 2.8852, avg nll: 0.8019, avg wnll: 6.1358, avg kl: 0.0490, mse: 0.410704, wmse: 5.373662, mae: 0.462534
3490,	Iter: 3490, train loss: 2.8813, avg nll: 0.7988, avg wnll: 6.1176, avg kl: 0.0495, mse: 0.410418, wmse: 5.370974, mae: 0.462087
nll: 1.0598, mse: 0.5302, mae: 0.5289, mean_mse: 6.9252, mean_mae: 0.5289
1679219040.4531
3491,	Iter: 3491, train loss: 2.8983, avg nll: 0.8096, avg wnll: 6.1908, avg kl: 0.0489, mse: 0.411691, wmse: 5.382766, mae: 0.463111
3492,	Iter: 3492, train loss: 2.9006, avg nll: 0.8071, avg wnll: 6.2397, avg kl: 0.0484, mse: 0.412658, wmse: 5.400603, mae: 0.463878
3493,	Iter: 3493, train loss: 2.8993, avg nll: 0.8076, avg wnll: 6.1699, avg kl: 0.0484, mse: 0.412247, wmse: 5.390210, mae: 0.463404
3494,	Iter: 3494, train loss: 2.8840, avg nll: 0.8048, avg wnll: 6.1736, avg kl: 0.0481, mse: 0.409728, wmse: 5.360990, mae: 0.462199
3495,	Iter: 3495, train loss: 2.9006, avg nll: 0.8111, avg wnll: 6.2385, avg kl: 0.0479, mse: 0.411769, wmse: 5.376174, mae: 0.463474
3496,	Iter: 3496, train loss: 2.8943, avg nll: 0.8038, avg wnll: 6.1480, avg kl: 0.0484, mse: 0.411848, wmse: 5.377702, mae: 0.463280
3497,	Iter: 3497, train loss: 2.8682, avg nll: 0.7976, avg wnll: 6.1353, avg kl: 0.0481, mse: 0.407865, wmse: 5.324570, mae: 0.461769
3498,	Iter: 3498, train loss: 2.8855, avg nll: 0.8028, avg wnll: 6.1544, avg kl: 0.0481, mse: 0.410231, wmse: 5.361469, mae: 0.462612
3499,	Iter: 3499, train loss: 2.8877, avg nll: 0.8020, avg wnll: 6.1361, avg kl: 0.0484, mse: 0.410742, wmse: 5.374267, mae: 0.462565
3500,	Iter: 3500, train loss: 2.8838, avg nll: 0.7988, avg wnll: 6.1183, avg kl: 0.0490, mse: 0.410453, wmse: 5.371607, mae: 0.462113
nll: 1.0598, mse: 0.5301, mae: 0.5289, mean_mse: 6.9247, mean_mae: 0.5289
1679220848.0898278
3501,	Iter: 3501, train loss: 2.9008, avg nll: 0.8096, avg wnll: 6.1907, avg kl: 0.0484, mse: 0.411727, wmse: 5.383402, mae: 0.463141
3502,	Iter: 3502, train loss: 2.9030, avg nll: 0.8071, avg wnll: 6.2402, avg kl: 0.0479, mse: 0.412691, wmse: 5.401182, mae: 0.463902
3503,	Iter: 3503, train loss: 2.9017, avg nll: 0.8076, avg wnll: 6.1700, avg kl: 0.0479, mse: 0.412282, wmse: 5.390856, mae: 0.463430
3504,	Iter: 3504, train loss: 2.8863, avg nll: 0.8048, avg wnll: 6.1733, avg kl: 0.0476, mse: 0.409761, wmse: 5.361510, mae: 0.462224
3505,	Iter: 3505, train loss: 2.9030, avg nll: 0.8111, avg wnll: 6.2389, avg kl: 0.0474, mse: 0.411800, wmse: 5.376749, mae: 0.463497
3506,	Iter: 3506, train loss: 2.8968, avg nll: 0.8039, avg wnll: 6.1486, avg kl: 0.0479, mse: 0.411889, wmse: 5.378374, mae: 0.463311
3507,	Iter: 3507, train loss: 2.8706, avg nll: 0.7976, avg wnll: 6.1361, avg kl: 0.0475, mse: 0.407906, wmse: 5.325284, mae: 0.461800
3508,	Iter: 3508, train loss: 2.8879, avg nll: 0.8028, avg wnll: 6.1549, avg kl: 0.0476, mse: 0.410268, wmse: 5.362092, mae: 0.462640
3509,	Iter: 3509, train loss: 2.8901, avg nll: 0.8020, avg wnll: 6.1365, avg kl: 0.0479, mse: 0.410779, wmse: 5.374874, mae: 0.462593
3510,	Iter: 3510, train loss: 2.8862, avg nll: 0.7989, avg wnll: 6.1185, avg kl: 0.0485, mse: 0.410491, wmse: 5.372271, mae: 0.462140
nll: 1.0598, mse: 0.5301, mae: 0.5289, mean_mse: 6.9243, mean_mae: 0.5289
1679222696.5831368
saving.................
done
3511,	Iter: 3511, train loss: 2.9032, avg nll: 0.8097, avg wnll: 6.1913, avg kl: 0.0479, mse: 0.411764, wmse: 5.384046, mae: 0.463169
3512,	Iter: 3512, train loss: 2.9054, avg nll: 0.8071, avg wnll: 6.2404, avg kl: 0.0474, mse: 0.412724, wmse: 5.401764, mae: 0.463925
3513,	Iter: 3513, train loss: 2.9040, avg nll: 0.8077, avg wnll: 6.1699, avg kl: 0.0473, mse: 0.412306, wmse: 5.391292, mae: 0.463445
3514,	Iter: 3514, train loss: 2.8887, avg nll: 0.8049, avg wnll: 6.1746, avg kl: 0.0471, mse: 0.409793, wmse: 5.362042, mae: 0.462247
3515,	Iter: 3515, train loss: 2.9054, avg nll: 0.8112, avg wnll: 6.2393, avg kl: 0.0469, mse: 0.411834, wmse: 5.377343, mae: 0.463522
3516,	Iter: 3516, train loss: 2.8991, avg nll: 0.8039, avg wnll: 6.1478, avg kl: 0.0474, mse: 0.411909, wmse: 5.378755, mae: 0.463324
3517,	Iter: 3517, train loss: 2.8731, avg nll: 0.7977, avg wnll: 6.1370, avg kl: 0.0471, mse: 0.407949, wmse: 5.325990, mae: 0.461831
3518,	Iter: 3518, train loss: 2.8903, avg nll: 0.8028, avg wnll: 6.1555, avg kl: 0.0472, mse: 0.410304, wmse: 5.362689, mae: 0.462666
3519,	Iter: 3519, train loss: 2.8926, avg nll: 0.8021, avg wnll: 6.1365, avg kl: 0.0474, mse: 0.410817, wmse: 5.375475, mae: 0.462621
3520,	Iter: 3520, train loss: 2.8887, avg nll: 0.7989, avg wnll: 6.1186, avg kl: 0.0480, mse: 0.410528, wmse: 5.372915, mae: 0.462165
nll: 1.0597, mse: 0.5301, mae: 0.5288, mean_mse: 6.9238, mean_mae: 0.5288
1679224580.0253835
3521,	Iter: 3521, train loss: 2.9056, avg nll: 0.8097, avg wnll: 6.1912, avg kl: 0.0474, mse: 0.411799, wmse: 5.384635, mae: 0.463195
3522,	Iter: 3522, train loss: 2.9077, avg nll: 0.8072, avg wnll: 6.2406, avg kl: 0.0469, mse: 0.412756, wmse: 5.402312, mae: 0.463948
3523,	Iter: 3523, train loss: 2.9064, avg nll: 0.8077, avg wnll: 6.1701, avg kl: 0.0469, mse: 0.412340, wmse: 5.391874, mae: 0.463468
3524,	Iter: 3524, train loss: 2.8911, avg nll: 0.8049, avg wnll: 6.1748, avg kl: 0.0467, mse: 0.409824, wmse: 5.362524, mae: 0.462269
3525,	Iter: 3525, train loss: 2.9078, avg nll: 0.8112, avg wnll: 6.2401, avg kl: 0.0465, mse: 0.411868, wmse: 5.377940, mae: 0.463546
3526,	Iter: 3526, train loss: 2.9014, avg nll: 0.8039, avg wnll: 6.1485, avg kl: 0.0469, mse: 0.411943, wmse: 5.379322, mae: 0.463349
3527,	Iter: 3527, train loss: 2.8755, avg nll: 0.7977, avg wnll: 6.1368, avg kl: 0.0466, mse: 0.407986, wmse: 5.326612, mae: 0.461859
3528,	Iter: 3528, train loss: 2.8927, avg nll: 0.8029, avg wnll: 6.1545, avg kl: 0.0467, mse: 0.410343, wmse: 5.363304, mae: 0.462692
3529,	Iter: 3529, train loss: 2.8950, avg nll: 0.8021, avg wnll: 6.1364, avg kl: 0.0470, mse: 0.410854, wmse: 5.376080, mae: 0.462648
3530,	Iter: 3530, train loss: 2.8911, avg nll: 0.7990, avg wnll: 6.1192, avg kl: 0.0476, mse: 0.410564, wmse: 5.373546, mae: 0.462190
nll: 1.0596, mse: 0.5300, mae: 0.5288, mean_mse: 6.9233, mean_mae: 0.5288
1679226367.657661
3531,	Iter: 3531, train loss: 2.9080, avg nll: 0.8097, avg wnll: 6.1915, avg kl: 0.0470, mse: 0.411834, wmse: 5.385231, mae: 0.463220
3532,	Iter: 3532, train loss: 2.9101, avg nll: 0.8072, avg wnll: 6.2412, avg kl: 0.0465, mse: 0.412789, wmse: 5.402874, mae: 0.463968
3533,	Iter: 3533, train loss: 2.9087, avg nll: 0.8077, avg wnll: 6.1702, avg kl: 0.0465, mse: 0.412373, wmse: 5.392425, mae: 0.463489
3534,	Iter: 3534, train loss: 2.8934, avg nll: 0.8049, avg wnll: 6.1747, avg kl: 0.0462, mse: 0.409858, wmse: 5.363049, mae: 0.462291
3535,	Iter: 3535, train loss: 2.9101, avg nll: 0.8113, avg wnll: 6.2402, avg kl: 0.0461, mse: 0.411902, wmse: 5.378519, mae: 0.463567
3536,	Iter: 3536, train loss: 2.9038, avg nll: 0.8040, avg wnll: 6.1492, avg kl: 0.0465, mse: 0.411980, wmse: 5.379913, mae: 0.463374
3537,	Iter: 3537, train loss: 2.8778, avg nll: 0.7978, avg wnll: 6.1373, avg kl: 0.0462, mse: 0.408022, wmse: 5.327218, mae: 0.461883
3538,	Iter: 3538, train loss: 2.8951, avg nll: 0.8029, avg wnll: 6.1546, avg kl: 0.0463, mse: 0.410380, wmse: 5.363902, mae: 0.462716
3539,	Iter: 3539, train loss: 2.8974, avg nll: 0.8022, avg wnll: 6.1367, avg kl: 0.0466, mse: 0.410891, wmse: 5.376673, mae: 0.462674
3540,	Iter: 3540, train loss: 2.8935, avg nll: 0.7990, avg wnll: 6.1196, avg kl: 0.0472, mse: 0.410599, wmse: 5.374136, mae: 0.462212
nll: 1.0596, mse: 0.5300, mae: 0.5288, mean_mse: 6.9228, mean_mae: 0.5288
1679228263.6831858
saving.................
done
3541,	Iter: 3541, train loss: 2.9103, avg nll: 0.8098, avg wnll: 6.1916, avg kl: 0.0466, mse: 0.411867, wmse: 5.385800, mae: 0.463244
3542,	Iter: 3542, train loss: 2.9124, avg nll: 0.8072, avg wnll: 6.2417, avg kl: 0.0461, mse: 0.412822, wmse: 5.403416, mae: 0.463989
3543,	Iter: 3543, train loss: 2.9111, avg nll: 0.8078, avg wnll: 6.1703, avg kl: 0.0461, mse: 0.412409, wmse: 5.393008, mae: 0.463510
3544,	Iter: 3544, train loss: 2.8957, avg nll: 0.8050, avg wnll: 6.1743, avg kl: 0.0458, mse: 0.409891, wmse: 5.363564, mae: 0.462312
3545,	Iter: 3545, train loss: 2.9124, avg nll: 0.8113, avg wnll: 6.2406, avg kl: 0.0457, mse: 0.411935, wmse: 5.379091, mae: 0.463589
3546,	Iter: 3546, train loss: 2.9062, avg nll: 0.8040, avg wnll: 6.1498, avg kl: 0.0461, mse: 0.412015, wmse: 5.380475, mae: 0.463396
3547,	Iter: 3547, train loss: 2.8802, avg nll: 0.7978, avg wnll: 6.1378, avg kl: 0.0458, mse: 0.408061, wmse: 5.327868, mae: 0.461909
3548,	Iter: 3548, train loss: 2.8974, avg nll: 0.8030, avg wnll: 6.1542, avg kl: 0.0459, mse: 0.410418, wmse: 5.364493, mae: 0.462741
3549,	Iter: 3549, train loss: 2.8997, avg nll: 0.8022, avg wnll: 6.1361, avg kl: 0.0462, mse: 0.410927, wmse: 5.377239, mae: 0.462698
3550,	Iter: 3550, train loss: 2.8959, avg nll: 0.7991, avg wnll: 6.1198, avg kl: 0.0468, mse: 0.410638, wmse: 5.374797, mae: 0.462235
nll: 1.0595, mse: 0.5300, mae: 0.5288, mean_mse: 6.9223, mean_mae: 0.5288
1679230118.033719
3551,	Iter: 3551, train loss: 2.9127, avg nll: 0.8098, avg wnll: 6.1916, avg kl: 0.0462, mse: 0.411902, wmse: 5.386389, mae: 0.463268
3552,	Iter: 3552, train loss: 2.9147, avg nll: 0.8073, avg wnll: 6.2427, avg kl: 0.0457, mse: 0.412855, wmse: 5.403956, mae: 0.464009
3553,	Iter: 3553, train loss: 2.9134, avg nll: 0.8078, avg wnll: 6.1703, avg kl: 0.0457, mse: 0.412444, wmse: 5.393581, mae: 0.463531
3554,	Iter: 3554, train loss: 2.8980, avg nll: 0.8050, avg wnll: 6.1744, avg kl: 0.0455, mse: 0.409921, wmse: 5.364020, mae: 0.462331
3555,	Iter: 3555, train loss: 2.9148, avg nll: 0.8114, avg wnll: 6.2414, avg kl: 0.0453, mse: 0.411978, wmse: 5.379786, mae: 0.463616
3556,	Iter: 3556, train loss: 2.9084, avg nll: 0.8040, avg wnll: 6.1495, avg kl: 0.0457, mse: 0.412037, wmse: 5.380886, mae: 0.463409
3557,	Iter: 3557, train loss: 2.8825, avg nll: 0.7979, avg wnll: 6.1388, avg kl: 0.0454, mse: 0.408101, wmse: 5.328484, mae: 0.461933
3558,	Iter: 3558, train loss: 2.8998, avg nll: 0.8030, avg wnll: 6.1551, avg kl: 0.0455, mse: 0.410457, wmse: 5.365096, mae: 0.462764
3559,	Iter: 3559, train loss: 2.9020, avg nll: 0.8023, avg wnll: 6.1366, avg kl: 0.0458, mse: 0.410962, wmse: 5.377788, mae: 0.462720
3560,	Iter: 3560, train loss: 2.8983, avg nll: 0.7991, avg wnll: 6.1200, avg kl: 0.0464, mse: 0.410672, wmse: 5.375349, mae: 0.462256
nll: 1.0595, mse: 0.5299, mae: 0.5288, mean_mse: 6.9218, mean_mae: 0.5288
1679232022.4218152
3561,	Iter: 3561, train loss: 2.9150, avg nll: 0.8099, avg wnll: 6.1917, avg kl: 0.0458, mse: 0.411935, wmse: 5.386935, mae: 0.463289
3562,	Iter: 3562, train loss: 2.9170, avg nll: 0.8073, avg wnll: 6.2429, avg kl: 0.0453, mse: 0.412890, wmse: 5.404518, mae: 0.464029
3563,	Iter: 3563, train loss: 2.9156, avg nll: 0.8078, avg wnll: 6.1700, avg kl: 0.0453, mse: 0.412478, wmse: 5.394122, mae: 0.463551
3564,	Iter: 3564, train loss: 2.8999, avg nll: 0.8050, avg wnll: 6.1729, avg kl: 0.0451, mse: 0.409953, wmse: 5.364518, mae: 0.462349
3565,	Iter: 3565, train loss: 2.9165, avg nll: 0.8114, avg wnll: 6.2419, avg kl: 0.0450, mse: 0.412027, wmse: 5.380530, mae: 0.463645
3566,	Iter: 3566, train loss: 2.9100, avg nll: 0.8041, avg wnll: 6.1511, avg kl: 0.0454, mse: 0.412094, wmse: 5.381780, mae: 0.463448
3567,	Iter: 3567, train loss: 2.8837, avg nll: 0.7979, avg wnll: 6.1373, avg kl: 0.0451, mse: 0.408125, wmse: 5.328917, mae: 0.461951
3568,	Iter: 3568, train loss: 2.9007, avg nll: 0.8031, avg wnll: 6.1548, avg kl: 0.0452, mse: 0.410487, wmse: 5.365580, mae: 0.462784
3569,	Iter: 3569, train loss: 2.9028, avg nll: 0.8023, avg wnll: 6.1363, avg kl: 0.0455, mse: 0.410994, wmse: 5.378279, mae: 0.462742
3570,	Iter: 3570, train loss: 2.8988, avg nll: 0.7992, avg wnll: 6.1199, avg kl: 0.0461, mse: 0.410703, wmse: 5.375866, mae: 0.462275
nll: 1.0595, mse: 0.5299, mae: 0.5287, mean_mse: 6.9216, mean_mae: 0.5287
1679233920.9194064
saving.................
done
3571,	Iter: 3571, train loss: 2.9152, avg nll: 0.8099, avg wnll: 6.1909, avg kl: 0.0455, mse: 0.411962, wmse: 5.387374, mae: 0.463307
3572,	Iter: 3572, train loss: 2.9170, avg nll: 0.8073, avg wnll: 6.2423, avg kl: 0.0451, mse: 0.412912, wmse: 5.404894, mae: 0.464043
3573,	Iter: 3573, train loss: 2.9155, avg nll: 0.8079, avg wnll: 6.1706, avg kl: 0.0451, mse: 0.412504, wmse: 5.394573, mae: 0.463566
3574,	Iter: 3574, train loss: 2.8998, avg nll: 0.8050, avg wnll: 6.1741, avg kl: 0.0449, mse: 0.409978, wmse: 5.364902, mae: 0.462365
3575,	Iter: 3575, train loss: 2.9163, avg nll: 0.8114, avg wnll: 6.2397, avg kl: 0.0447, mse: 0.412025, wmse: 5.380566, mae: 0.463645
3576,	Iter: 3576, train loss: 2.9098, avg nll: 0.8041, avg wnll: 6.1499, avg kl: 0.0452, mse: 0.412102, wmse: 5.381843, mae: 0.463450
3577,	Iter: 3577, train loss: 2.8836, avg nll: 0.7979, avg wnll: 6.1383, avg kl: 0.0449, mse: 0.408152, wmse: 5.329335, mae: 0.461968
3578,	Iter: 3578, train loss: 2.9006, avg nll: 0.8031, avg wnll: 6.1538, avg kl: 0.0450, mse: 0.410504, wmse: 5.365862, mae: 0.462794
3579,	Iter: 3579, train loss: 2.9027, avg nll: 0.8023, avg wnll: 6.1356, avg kl: 0.0453, mse: 0.411008, wmse: 5.378508, mae: 0.462751
3580,	Iter: 3580, train loss: 2.8987, avg nll: 0.7992, avg wnll: 6.1193, avg kl: 0.0459, mse: 0.410721, wmse: 5.376136, mae: 0.462285
nll: 1.0595, mse: 0.5299, mae: 0.5287, mean_mse: 6.9212, mean_mae: 0.5287
1679235780.4842937
3581,	Iter: 3581, train loss: 2.9151, avg nll: 0.8099, avg wnll: 6.1910, avg kl: 0.0453, mse: 0.411976, wmse: 5.387599, mae: 0.463315
3582,	Iter: 3582, train loss: 2.9169, avg nll: 0.8073, avg wnll: 6.2426, avg kl: 0.0449, mse: 0.412924, wmse: 5.405072, mae: 0.464048
3583,	Iter: 3583, train loss: 2.9153, avg nll: 0.8079, avg wnll: 6.1694, avg kl: 0.0449, mse: 0.412515, wmse: 5.394707, mae: 0.463572
3584,	Iter: 3584, train loss: 2.8997, avg nll: 0.8050, avg wnll: 6.1734, avg kl: 0.0447, mse: 0.409987, wmse: 5.365045, mae: 0.462370
3585,	Iter: 3585, train loss: 2.9163, avg nll: 0.8114, avg wnll: 6.2411, avg kl: 0.0446, mse: 0.412053, wmse: 5.380980, mae: 0.463662
3586,	Iter: 3586, train loss: 2.9097, avg nll: 0.8041, avg wnll: 6.1496, avg kl: 0.0450, mse: 0.412112, wmse: 5.382034, mae: 0.463458
3587,	Iter: 3587, train loss: 2.8835, avg nll: 0.7979, avg wnll: 6.1374, avg kl: 0.0448, mse: 0.408162, wmse: 5.329504, mae: 0.461973
3588,	Iter: 3588, train loss: 2.9005, avg nll: 0.8031, avg wnll: 6.1533, avg kl: 0.0449, mse: 0.410516, wmse: 5.366047, mae: 0.462802
3589,	Iter: 3589, train loss: 2.9026, avg nll: 0.8023, avg wnll: 6.1353, avg kl: 0.0452, mse: 0.411020, wmse: 5.378703, mae: 0.462759
3590,	Iter: 3590, train loss: 2.8986, avg nll: 0.7992, avg wnll: 6.1190, avg kl: 0.0458, mse: 0.410734, wmse: 5.376331, mae: 0.462292
nll: 1.0595, mse: 0.5299, mae: 0.5287, mean_mse: 6.9211, mean_mae: 0.5287
1679237655.8330753
3591,	Iter: 3591, train loss: 2.9150, avg nll: 0.8099, avg wnll: 6.1903, avg kl: 0.0452, mse: 0.411985, wmse: 5.387767, mae: 0.463320
3592,slurmstepd: error: *** JOB 247022 ON gpu0 CANCELLED AT 2023-03-19T15:02:52 ***
