Namespace(n_union_tp=3500, data_folder='datasets/ZTF_all_noz', checkpoint='datasets/ZTF_all_noz0.8170632719993591.h5', start_col=1, inc_errors=False, print_at=1, embed_time=128, enc_num_heads=16, latent_dim=64, mixing='concat', num_ref_points=16, rec_hidden=128, width=512, save_at=30, patience=100, early_stopping=False, niters=20000, frac=0.5, batch_size=2, mse_weight=5.0, dropout=0.0, num_resamples=0, lr=2.5e-06, scheduler=False, warmup=4000, kl_zero=False, kl_annealing=True, net='hetvae', device='cuda', const_var=False, var_per_dim=False, std=0.1, seed=2, save=True, k_iwae=1) 795598
validated 3407 files out of 3407 for band='i'
validated 3407 files out of 3407 for band='g'
validated 3407 files out of 3407 for band='r'
3407 3407
(2683, 3, 4431, 3)
created union_tp attribute of length 3500
dataset created w/ shape (2683, 3, 4431, 3)
train size: 2414, valid size: 242, test size: 269
datasets/ZTF_all_noz
=> loading checkpoint 'datasets/ZTF_all_noz0.8170632719993591.h5'
Namespace(n_union_tp=3500, data_folder='datasets/ZTF_all_noz', checkpoint='datasets/ZTF_all_noz0.8276346325874329.h5', start_col=1, inc_errors=False, print_at=1, embed_time=128, enc_num_heads=16, latent_dim=64, mixing='concat', num_ref_points=16, rec_hidden=128, width=512, save_at=30, patience=100, early_stopping=False, niters=20000, frac=0.5, batch_size=2, mse_weight=5.0, dropout=0.0, num_resamples=0, lr=5e-06, scheduler=False, warmup=4000, kl_zero=False, kl_annealing=True, net='hetvae', device='cuda', const_var=False, var_per_dim=False, std=0.1, seed=2, save=True, k_iwae=1)
loaded checkpoint w/ loss=2.901498343422083
model_size=574662
2731,	Iter: 2731, train loss: 3.5492, avg nll: 1.1589, avg wnll: 9.4167, avg kl: 0.0657, mse: 0.470627, wmse: 6.196478, mae: 0.499138
2732,	Iter: 2732, train loss: 3.4525, avg nll: 1.0622, avg wnll: 8.0355, avg kl: 0.0724, mse: 0.469806, wmse: 6.174300, mae: 0.498216
2733,	Iter: 2733, train loss: 3.4173, avg nll: 1.0346, avg wnll: 7.6340, avg kl: 0.0755, mse: 0.467852, wmse: 6.143078, mae: 0.496649
2734,	Iter: 2734, train loss: 3.4097, avg nll: 1.0346, avg wnll: 7.5413, avg kl: 0.0758, mse: 0.466212, wmse: 6.104400, mae: 0.496209
2735,	Iter: 2735, train loss: 3.4034, avg nll: 1.0151, avg wnll: 7.1318, avg kl: 0.0751, mse: 0.468854, wmse: 6.164241, mae: 0.496710
2736,	Iter: 2736, train loss: 3.3796, avg nll: 1.0066, avg wnll: 7.0229, avg kl: 0.0754, mse: 0.465674, wmse: 6.122860, mae: 0.495556
2737,	Iter: 2737, train loss: 3.3758, avg nll: 0.9920, avg wnll: 6.8094, avg kl: 0.0752, mse: 0.467769, wmse: 6.131922, mae: 0.496994
2738,	Iter: 2738, train loss: 3.3755, avg nll: 0.9976, avg wnll: 7.0591, avg kl: 0.0729, mse: 0.466805, wmse: 6.131629, mae: 0.496197
2739,	Iter: 2739, train loss: 3.3472, avg nll: 0.9888, avg wnll: 6.7746, avg kl: 0.0726, mse: 0.462866, wmse: 6.072805, mae: 0.493983
2740,	Iter: 2740, train loss: 3.3458, avg nll: 0.9840, avg wnll: 6.7893, avg kl: 0.0721, mse: 0.463511, wmse: 6.076400, mae: 0.494389
nll: 1.0117, mse: 0.5274, mae: 0.5274, mean_mse: 6.8709, mean_mae: 0.5274
1679062595.3050616
2741,	Iter: 2741, train loss: 2.9854, avg nll: 0.8674, avg wnll: 5.8184, avg kl: 0.0580, mse: 0.416428, wmse: 5.445626, mae: 0.466436
2742,	Iter: 2742, train loss: 2.9581, avg nll: 0.8509, avg wnll: 5.9853, avg kl: 0.0500, mse: 0.415209, wmse: 5.434258, mae: 0.465484
2743,	Iter: 2743, train loss: 2.9423, avg nll: 0.8413, avg wnll: 5.9568, avg kl: 0.0497, mse: 0.413939, wmse: 5.407173, mae: 0.464496
2744,	Iter: 2744, train loss: 2.9171, avg nll: 0.8329, avg wnll: 5.9828, avg kl: 0.0491, mse: 0.410613, wmse: 5.370347, mae: 0.462779
2745,	Iter: 2745, train loss: 2.9290, avg nll: 0.8338, avg wnll: 6.0247, avg kl: 0.0496, mse: 0.412688, wmse: 5.386915, mae: 0.464110
2746,	Iter: 2746, train loss: 2.9197, avg nll: 0.8258, avg wnll: 5.9908, avg kl: 0.0502, mse: 0.412304, wmse: 5.381883, mae: 0.463444
2747,	Iter: 2747, train loss: 2.8909, avg nll: 0.8184, avg wnll: 6.0066, avg kl: 0.0503, mse: 0.407957, wmse: 5.325158, mae: 0.462061
2748,	Iter: 2748, train loss: 2.9093, avg nll: 0.8231, avg wnll: 6.0609, avg kl: 0.0501, mse: 0.410660, wmse: 5.364903, mae: 0.462996
2749,	Iter: 2749, train loss: 2.9140, avg nll: 0.8223, avg wnll: 6.0737, avg kl: 0.0503, mse: 0.411671, wmse: 5.382582, mae: 0.463334
2750,	Iter: 2750, train loss: 2.9077, avg nll: 0.8182, avg wnll: 6.0750, avg kl: 0.0509, mse: 0.411102, wmse: 5.378690, mae: 0.462597
nll: 1.0363, mse: 0.5307, mae: 0.5294, mean_mse: 6.9109, mean_mae: 0.5294
1679064501.1862996
2751,	Iter: 2751, train loss: 2.9197, avg nll: 0.8258, avg wnll: 6.0825, avg kl: 0.0502, mse: 0.412036, wmse: 5.387002, mae: 0.463471
2752,	Iter: 2752, train loss: 2.9213, avg nll: 0.8230, avg wnll: 6.1259, avg kl: 0.0494, mse: 0.412964, wmse: 5.405320, mae: 0.464060
2753,	Iter: 2753, train loss: 2.9177, avg nll: 0.8220, avg wnll: 6.0909, avg kl: 0.0496, mse: 0.412372, wmse: 5.386598, mae: 0.463498
2754,	Iter: 2754, train loss: 2.9012, avg nll: 0.8194, avg wnll: 6.1012, avg kl: 0.0491, mse: 0.409594, wmse: 5.357144, mae: 0.462164
2755,	Iter: 2755, train loss: 2.9189, avg nll: 0.8243, avg wnll: 6.1369, avg kl: 0.0493, mse: 0.412089, wmse: 5.379064, mae: 0.463738
2756,	Iter: 2756, train loss: 2.9108, avg nll: 0.8173, avg wnll: 6.0888, avg kl: 0.0497, mse: 0.411737, wmse: 5.374818, mae: 0.463073
2757,	Iter: 2757, train loss: 2.8840, avg nll: 0.8113, avg wnll: 6.0829, avg kl: 0.0497, mse: 0.407525, wmse: 5.319822, mae: 0.461788
2758,	Iter: 2758, train loss: 2.9030, avg nll: 0.8163, avg wnll: 6.1165, avg kl: 0.0495, mse: 0.410331, wmse: 5.360507, mae: 0.462730
2759,	Iter: 2759, train loss: 2.9093, avg nll: 0.8164, avg wnll: 6.1126, avg kl: 0.0498, mse: 0.411449, wmse: 5.379975, mae: 0.463129
2760,	Iter: 2760, train loss: 2.9040, avg nll: 0.8133, avg wnll: 6.1134, avg kl: 0.0503, mse: 0.410909, wmse: 5.375840, mae: 0.462489
nll: 1.0413, mse: 0.5311, mae: 0.5296, mean_mse: 6.9159, mean_mae: 0.5296
1679066402.6350915
saving.................
done
2761,	Iter: 2761, train loss: 2.9181, avg nll: 0.8229, avg wnll: 6.1452, avg kl: 0.0496, mse: 0.411858, wmse: 5.385155, mae: 0.463352
2762,	Iter: 2762, train loss: 2.9197, avg nll: 0.8198, avg wnll: 6.1732, avg kl: 0.0487, mse: 0.412864, wmse: 5.404073, mae: 0.464000
2763,	Iter: 2763, train loss: 2.9166, avg nll: 0.8191, avg wnll: 6.1373, avg kl: 0.0488, mse: 0.412308, wmse: 5.385725, mae: 0.463471
2764,	Iter: 2764, train loss: 2.9002, avg nll: 0.8168, avg wnll: 6.1398, avg kl: 0.0482, mse: 0.409544, wmse: 5.356580, mae: 0.462138
2765,	Iter: 2765, train loss: 2.9186, avg nll: 0.8222, avg wnll: 6.1731, avg kl: 0.0489, mse: 0.411977, wmse: 5.377852, mae: 0.463659
2766,	Iter: 2766, train loss: 2.9102, avg nll: 0.8150, avg wnll: 6.1191, avg kl: 0.0490, mse: 0.411657, wmse: 5.373886, mae: 0.463029
2767,	Iter: 2767, train loss: 2.8836, avg nll: 0.8094, avg wnll: 6.1143, avg kl: 0.0488, mse: 0.407450, wmse: 5.319125, mae: 0.461744
2768,	Iter: 2768, train loss: 2.9031, avg nll: 0.8146, avg wnll: 6.1418, avg kl: 0.0487, mse: 0.410273, wmse: 5.359904, mae: 0.462701
2769,	Iter: 2769, train loss: 2.9088, avg nll: 0.8146, avg wnll: 6.1354, avg kl: 0.0490, mse: 0.411312, wmse: 5.378105, mae: 0.463053
2770,	Iter: 2770, train loss: 2.9043, avg nll: 0.8117, avg wnll: 6.1367, avg kl: 0.0494, mse: 0.410872, wmse: 5.375788, mae: 0.462448
nll: 1.0439, mse: 0.5313, mae: 0.5297, mean_mse: 6.9177, mean_mae: 0.5297
1679068232.2795126
2771,	Iter: 2771, train loss: 2.9180, avg nll: 0.8213, avg wnll: 6.1665, avg kl: 0.0488, mse: 0.411750, wmse: 5.383898, mae: 0.463284
2772,	Iter: 2772, train loss: 2.9200, avg nll: 0.8183, avg wnll: 6.1927, avg kl: 0.0480, mse: 0.412813, wmse: 5.403665, mae: 0.463975
2773,	Iter: 2773, train loss: 2.9172, avg nll: 0.8180, avg wnll: 6.1562, avg kl: 0.0480, mse: 0.412265, wmse: 5.385854, mae: 0.463475
2774,	Iter: 2774, train loss: 2.9011, avg nll: 0.8157, avg wnll: 6.1585, avg kl: 0.0475, mse: 0.409530, wmse: 5.356326, mae: 0.462152
2775,	Iter: 2775, train loss: 2.9196, avg nll: 0.8214, avg wnll: 6.1928, avg kl: 0.0479, mse: 0.411981, wmse: 5.378292, mae: 0.463656
2776,	Iter: 2776, train loss: 2.9112, avg nll: 0.8145, avg wnll: 6.1420, avg kl: 0.0480, mse: 0.411609, wmse: 5.373236, mae: 0.463014
2777,	Iter: 2777, train loss: 2.8850, avg nll: 0.8088, avg wnll: 6.1311, avg kl: 0.0481, mse: 0.407457, wmse: 5.319443, mae: 0.461777
2778,	Iter: 2778, train loss: 2.9043, avg nll: 0.8138, avg wnll: 6.1562, avg kl: 0.0478, mse: 0.410294, wmse: 5.360452, mae: 0.462725
2779,	Iter: 2779, train loss: 2.9103, avg nll: 0.8139, avg wnll: 6.1469, avg kl: 0.0481, mse: 0.411362, wmse: 5.379265, mae: 0.463077
2780,	Iter: 2780, train loss: 2.9061, avg nll: 0.8110, avg wnll: 6.1437, avg kl: 0.0485, mse: 0.410986, wmse: 5.377134, mae: 0.462519
nll: 1.0454, mse: 0.5313, mae: 0.5297, mean_mse: 6.9185, mean_mae: 0.5297
1679070090.9771156
2781,	Iter: 2781, train loss: 2.9188, avg nll: 0.8203, avg wnll: 6.1762, avg kl: 0.0479, mse: 0.411722, wmse: 5.383752, mae: 0.463257
2782,	Iter: 2782, train loss: 2.9209, avg nll: 0.8176, avg wnll: 6.2020, avg kl: 0.0471, mse: 0.412787, wmse: 5.403508, mae: 0.463962
2783,	Iter: 2783, train loss: 2.9185, avg nll: 0.8175, avg wnll: 6.1625, avg kl: 0.0471, mse: 0.412269, wmse: 5.385820, mae: 0.463474
2784,	Iter: 2784, train loss: 2.9021, avg nll: 0.8151, avg wnll: 6.1683, avg kl: 0.0466, mse: 0.409507, wmse: 5.356344, mae: 0.462130
2785,	Iter: 2785, train loss: 2.9210, avg nll: 0.8208, avg wnll: 6.2003, avg kl: 0.0471, mse: 0.411987, wmse: 5.378673, mae: 0.463674
2786,	Iter: 2786, train loss: 2.9131, avg nll: 0.8141, avg wnll: 6.1526, avg kl: 0.0471, mse: 0.411693, wmse: 5.374750, mae: 0.463092
2787,	Iter: 2787, train loss: 2.8870, avg nll: 0.8087, avg wnll: 6.1417, avg kl: 0.0472, mse: 0.407515, wmse: 5.320695, mae: 0.461833
2788,	Iter: 2788, train loss: 2.9057, avg nll: 0.8134, avg wnll: 6.1628, avg kl: 0.0469, mse: 0.410301, wmse: 5.360906, mae: 0.462744
2789,	Iter: 2789, train loss: 2.9119, avg nll: 0.8137, avg wnll: 6.1518, avg kl: 0.0470, mse: 0.411432, wmse: 5.379836, mae: 0.463103
2790,	Iter: 2790, train loss: 2.9080, avg nll: 0.8110, avg wnll: 6.1559, avg kl: 0.0476, mse: 0.411022, wmse: 5.377527, mae: 0.462539
nll: 1.0459, mse: 0.5313, mae: 0.5297, mean_mse: 6.9219, mean_mae: 0.5297
1679071907.070123
saving.................
done
2791,	Iter: 2791, train loss: 2.9199, avg nll: 0.8199, avg wnll: 6.1801, avg kl: 0.0470, mse: 0.411674, wmse: 5.383092, mae: 0.463255
2792,	Iter: 2792, train loss: 2.9230, avg nll: 0.8176, avg wnll: 6.2097, avg kl: 0.0462, mse: 0.412836, wmse: 5.403976, mae: 0.463983
2793,	Iter: 2793, train loss: 2.9215, avg nll: 0.8183, avg wnll: 6.1813, avg kl: 0.0462, mse: 0.412352, wmse: 5.387516, mae: 0.463546
2794,	Iter: 2794, train loss: 2.9040, avg nll: 0.8150, avg wnll: 6.1729, avg kl: 0.0458, mse: 0.409548, wmse: 5.356598, mae: 0.462165
2795,	Iter: 2795, train loss: 2.9224, avg nll: 0.8205, avg wnll: 6.2049, avg kl: 0.0463, mse: 0.411970, wmse: 5.378428, mae: 0.463691
2796,	Iter: 2796, train loss: 2.9154, avg nll: 0.8145, avg wnll: 6.1639, avg kl: 0.0464, mse: 0.411726, wmse: 5.375588, mae: 0.463134
2797,	Iter: 2797, train loss: 2.8887, avg nll: 0.8086, avg wnll: 6.1482, avg kl: 0.0462, mse: 0.407563, wmse: 5.321577, mae: 0.461869
2798,	Iter: 2798, train loss: 2.9072, avg nll: 0.8133, avg wnll: 6.1646, avg kl: 0.0460, mse: 0.410298, wmse: 5.360967, mae: 0.462719
2799,	Iter: 2799, train loss: 2.9131, avg nll: 0.8134, avg wnll: 6.1575, avg kl: 0.0463, mse: 0.411354, wmse: 5.379716, mae: 0.463082
2800,	Iter: 2800, train loss: 2.9093, avg nll: 0.8111, avg wnll: 6.1690, avg kl: 0.0468, mse: 0.410905, wmse: 5.377043, mae: 0.462518
nll: 1.0467, mse: 0.5314, mae: 0.5298, mean_mse: 6.9202, mean_mae: 0.5298
1679073797.7585003
2801,	Iter: 2801, train loss: 2.9215, avg nll: 0.8197, avg wnll: 6.1845, avg kl: 0.0462, mse: 0.411685, wmse: 5.383758, mae: 0.463220
2802,	Iter: 2802, train loss: 2.9251, avg nll: 0.8180, avg wnll: 6.2194, avg kl: 0.0453, mse: 0.412870, wmse: 5.405195, mae: 0.464065
2803,	Iter: 2803, train loss: 2.9238, avg nll: 0.8188, avg wnll: 6.1877, avg kl: 0.0455, mse: 0.412366, wmse: 5.387966, mae: 0.463580
2804,	Iter: 2804, train loss: 2.9058, avg nll: 0.8152, avg wnll: 6.1827, avg kl: 0.0449, mse: 0.409551, wmse: 5.356808, mae: 0.462172
2805,	Iter: 2805, train loss: 2.9243, avg nll: 0.8210, avg wnll: 6.2164, avg kl: 0.0454, mse: 0.411946, wmse: 5.378379, mae: 0.463655
2806,	Iter: 2806, train loss: 2.9170, avg nll: 0.8141, avg wnll: 6.1607, avg kl: 0.0455, mse: 0.411795, wmse: 5.376415, mae: 0.463145
2807,	Iter: 2807, train loss: 2.8906, avg nll: 0.8085, avg wnll: 6.1476, avg kl: 0.0454, mse: 0.407600, wmse: 5.322440, mae: 0.461895
2808,	Iter: 2808, train loss: 2.9092, avg nll: 0.8134, avg wnll: 6.1709, avg kl: 0.0452, mse: 0.410352, wmse: 5.361664, mae: 0.462772
2809,	Iter: 2809, train loss: 2.9150, avg nll: 0.8135, avg wnll: 6.1591, avg kl: 0.0453, mse: 0.411413, wmse: 5.380018, mae: 0.463124
2810,	Iter: 2810, train loss: 2.9110, avg nll: 0.8109, avg wnll: 6.1633, avg kl: 0.0458, mse: 0.410972, wmse: 5.377423, mae: 0.462499
nll: 1.0462, mse: 0.5312, mae: 0.5297, mean_mse: 6.9216, mean_mae: 0.5297
1679075587.8089838
2811,	Iter: 2811, train loss: 2.9224, avg nll: 0.8192, avg wnll: 6.1811, avg kl: 0.0455, mse: 0.411611, wmse: 5.382784, mae: 0.463239
2812,	Iter: 2812, train loss: 2.9262, avg nll: 0.8175, avg wnll: 6.2143, avg kl: 0.0445, mse: 0.412861, wmse: 5.404630, mae: 0.464033
2813,	Iter: 2813, train loss: 2.9249, avg nll: 0.8182, avg wnll: 6.1903, avg kl: 0.0446, mse: 0.412420, wmse: 5.388601, mae: 0.463629
2814,	Iter: 2814, train loss: 2.9081, avg nll: 0.8159, avg wnll: 6.1898, avg kl: 0.0442, mse: 0.409616, wmse: 5.358382, mae: 0.462239
2815,	Iter: 2815, train loss: 2.9264, avg nll: 0.8214, avg wnll: 6.2156, avg kl: 0.0446, mse: 0.412085, wmse: 5.380560, mae: 0.463799
2816,	Iter: 2816, train loss: 2.9183, avg nll: 0.8146, avg wnll: 6.1728, avg kl: 0.0447, mse: 0.411794, wmse: 5.377032, mae: 0.463205
2817,	Iter: 2817, train loss: 2.8912, avg nll: 0.8083, avg wnll: 6.1480, avg kl: 0.0446, mse: 0.407639, wmse: 5.322649, mae: 0.461921
2818,	Iter: 2818, train loss: 2.9103, avg nll: 0.8138, avg wnll: 6.1768, avg kl: 0.0444, mse: 0.410420, wmse: 5.362967, mae: 0.462825
2819,	Iter: 2819, train loss: 2.9145, avg nll: 0.8130, avg wnll: 6.1547, avg kl: 0.0449, mse: 0.411323, wmse: 5.379576, mae: 0.463052
2820,	Iter: 2820, train loss: 2.9108, avg nll: 0.8108, avg wnll: 6.1625, avg kl: 0.0452, mse: 0.410955, wmse: 5.377809, mae: 0.462530
nll: 1.0470, mse: 0.5313, mae: 0.5297, mean_mse: 6.9194, mean_mae: 0.5297
1679077405.425269
saving.................
done
2821,	Iter: 2821, train loss: 2.9216, avg nll: 0.8189, avg wnll: 6.1809, avg kl: 0.0447, mse: 0.411596, wmse: 5.382894, mae: 0.463181
2822,	Iter: 2822, train loss: 2.9258, avg nll: 0.8176, avg wnll: 6.2149, avg kl: 0.0440, mse: 0.412849, wmse: 5.405103, mae: 0.464050
2823,	Iter: 2823, train loss: 2.9232, avg nll: 0.8174, avg wnll: 6.1812, avg kl: 0.0441, mse: 0.412342, wmse: 5.387481, mae: 0.463552
2824,	Iter: 2824, train loss: 2.9072, avg nll: 0.8153, avg wnll: 6.1813, avg kl: 0.0436, mse: 0.409642, wmse: 5.358589, mae: 0.462248
2825,	Iter: 2825, train loss: 2.9260, avg nll: 0.8214, avg wnll: 6.2195, avg kl: 0.0442, mse: 0.412103, wmse: 5.380904, mae: 0.463790
2826,	Iter: 2826, train loss: 2.9192, avg nll: 0.8154, avg wnll: 6.1958, avg kl: 0.0442, mse: 0.411928, wmse: 5.378644, mae: 0.463264
2827,	Iter: 2827, train loss: 2.8908, avg nll: 0.8084, avg wnll: 6.1462, avg kl: 0.0442, mse: 0.407656, wmse: 5.323189, mae: 0.461915
2828,	Iter: 2828, train loss: 2.9087, avg nll: 0.8130, avg wnll: 6.1716, avg kl: 0.0440, mse: 0.410338, wmse: 5.361813, mae: 0.462754
2829,	Iter: 2829, train loss: 2.9137, avg nll: 0.8127, avg wnll: 6.1635, avg kl: 0.0444, mse: 0.411329, wmse: 5.379661, mae: 0.463086
2830,	Iter: 2830, train loss: 2.9110, avg nll: 0.8109, avg wnll: 6.1810, avg kl: 0.0449, mse: 0.411030, wmse: 5.378692, mae: 0.462615
nll: 1.0473, mse: 0.5314, mae: 0.5298, mean_mse: 6.9217, mean_mae: 0.5298
1679079330.7218227
2831,	Iter: 2831, train loss: 2.9216, avg nll: 0.8195, avg wnll: 6.1833, avg kl: 0.0444, mse: 0.411559, wmse: 5.382987, mae: 0.463189
2832,	Iter: 2832, train loss: 2.9259, avg nll: 0.8182, avg wnll: 6.2157, avg kl: 0.0435, mse: 0.412855, wmse: 5.404819, mae: 0.464067
2833,	Iter: 2833, train loss: 2.9225, avg nll: 0.8173, avg wnll: 6.1821, avg kl: 0.0436, mse: 0.412335, wmse: 5.388427, mae: 0.463544
2834,	Iter: 2834, train loss: 2.9063, avg nll: 0.8150, avg wnll: 6.1822, avg kl: 0.0432, mse: 0.409633, wmse: 5.358325, mae: 0.462243
2835,	Iter: 2835, train loss: 2.9257, avg nll: 0.8213, avg wnll: 6.2173, avg kl: 0.0436, mse: 0.412161, wmse: 5.381545, mae: 0.463833
2836,	Iter: 2836, train loss: 2.9185, avg nll: 0.8151, avg wnll: 6.1817, avg kl: 0.0441, mse: 0.411877, wmse: 5.378241, mae: 0.463261
2837,	Iter: 2837, train loss: 2.8906, avg nll: 0.8087, avg wnll: 6.1512, avg kl: 0.0438, mse: 0.407623, wmse: 5.322247, mae: 0.461927
2838,	Iter: 2838, train loss: 2.9079, avg nll: 0.8127, avg wnll: 6.1708, avg kl: 0.0437, mse: 0.410289, wmse: 5.361471, mae: 0.462759
2839,	Iter: 2839, train loss: 2.9132, avg nll: 0.8128, avg wnll: 6.1608, avg kl: 0.0438, mse: 0.411311, wmse: 5.379273, mae: 0.463080
2840,	Iter: 2840, train loss: 2.9096, avg nll: 0.8107, avg wnll: 6.1733, avg kl: 0.0443, mse: 0.410916, wmse: 5.376927, mae: 0.462545
nll: 1.0477, mse: 0.5314, mae: 0.5297, mean_mse: 6.9235, mean_mae: 0.5297
1679081184.06384
2841,	Iter: 2841, train loss: 2.9213, avg nll: 0.8194, avg wnll: 6.1867, avg kl: 0.0441, mse: 0.411562, wmse: 5.382476, mae: 0.463213
2842,	Iter: 2842, train loss: 2.9267, avg nll: 0.8187, avg wnll: 6.2164, avg kl: 0.0432, mse: 0.412969, wmse: 5.406487, mae: 0.464168
2843,	Iter: 2843, train loss: 2.9222, avg nll: 0.8172, avg wnll: 6.1847, avg kl: 0.0434, mse: 0.412329, wmse: 5.387581, mae: 0.463533
2844,	Iter: 2844, train loss: 2.9054, avg nll: 0.8144, avg wnll: 6.1846, avg kl: 0.0429, mse: 0.409628, wmse: 5.358515, mae: 0.462226
2845,	Iter: 2845, train loss: 2.9248, avg nll: 0.8212, avg wnll: 6.2293, avg kl: 0.0435, mse: 0.412030, wmse: 5.379650, mae: 0.463748
2846,	Iter: 2846, train loss: 2.9169, avg nll: 0.8140, avg wnll: 6.1724, avg kl: 0.0437, mse: 0.411851, wmse: 5.378053, mae: 0.463221
2847,	Iter: 2847, train loss: 2.8897, avg nll: 0.8081, avg wnll: 6.1445, avg kl: 0.0435, mse: 0.407617, wmse: 5.322922, mae: 0.461912
2848,	Iter: 2848, train loss: 2.9066, avg nll: 0.8120, avg wnll: 6.1723, avg kl: 0.0434, mse: 0.410240, wmse: 5.360860, mae: 0.462691
2849,	Iter: 2849, train loss: 2.9121, avg nll: 0.8121, avg wnll: 6.1576, avg kl: 0.0437, mse: 0.411243, wmse: 5.378887, mae: 0.463043
2850,	Iter: 2850, train loss: 2.9087, avg nll: 0.8103, avg wnll: 6.1799, avg kl: 0.0442, mse: 0.410838, wmse: 5.376814, mae: 0.462539
nll: 1.0483, mse: 0.5316, mae: 0.5299, mean_mse: 6.9237, mean_mae: 0.5299
1679083021.373646
saving.................
done
2851,	Iter: 2851, train loss: 2.9215, avg nll: 0.8199, avg wnll: 6.1973, avg kl: 0.0436, mse: 0.411598, wmse: 5.383318, mae: 0.463215
2852,	Iter: 2852, train loss: 2.9256, avg nll: 0.8181, avg wnll: 6.2213, avg kl: 0.0429, mse: 0.412930, wmse: 5.406057, mae: 0.464142
2853,	Iter: 2853, train loss: 2.9218, avg nll: 0.8170, avg wnll: 6.1898, avg kl: 0.0430, mse: 0.412346, wmse: 5.388618, mae: 0.463578
2854,	Iter: 2854, train loss: 2.9053, avg nll: 0.8145, avg wnll: 6.1893, avg kl: 0.0426, mse: 0.409625, wmse: 5.358363, mae: 0.462264
2855,	Iter: 2855, train loss: 2.9253, avg nll: 0.8212, avg wnll: 6.2246, avg kl: 0.0431, mse: 0.412180, wmse: 5.382565, mae: 0.463900
2856,	Iter: 2856, train loss: 2.9177, avg nll: 0.8150, avg wnll: 6.1813, avg kl: 0.0432, mse: 0.411887, wmse: 5.378244, mae: 0.463314
2857,	Iter: 2857, train loss: 2.8894, avg nll: 0.8081, avg wnll: 6.1511, avg kl: 0.0432, mse: 0.407616, wmse: 5.322364, mae: 0.461921
2858,	Iter: 2858, train loss: 2.9070, avg nll: 0.8128, avg wnll: 6.1869, avg kl: 0.0429, mse: 0.410271, wmse: 5.360676, mae: 0.462705
2859,	Iter: 2859, train loss: 2.9115, avg nll: 0.8120, avg wnll: 6.1527, avg kl: 0.0433, mse: 0.411233, wmse: 5.377962, mae: 0.463017
2860,	Iter: 2860, train loss: 2.9095, avg nll: 0.8106, avg wnll: 6.1662, avg kl: 0.0440, mse: 0.410981, wmse: 5.377742, mae: 0.462602
nll: 1.0481, mse: 0.5313, mae: 0.5297, mean_mse: 6.9222, mean_mae: 0.5297
1679084927.167152
2861,	Iter: 2861, train loss: 2.9214, avg nll: 0.8199, avg wnll: 6.1934, avg kl: 0.0434, mse: 0.411627, wmse: 5.383570, mae: 0.463266
2862,	Iter: 2862, train loss: 2.9254, avg nll: 0.8180, avg wnll: 6.2133, avg kl: 0.0427, mse: 0.412958, wmse: 5.406715, mae: 0.464161
2863,	Iter: 2863, train loss: 2.9208, avg nll: 0.8167, avg wnll: 6.1895, avg kl: 0.0428, mse: 0.412253, wmse: 5.387020, mae: 0.463488
2864,	Iter: 2864, train loss: 2.9044, avg nll: 0.8143, avg wnll: 6.1904, avg kl: 0.0423, mse: 0.409561, wmse: 5.357658, mae: 0.462203
2865,	Iter: 2865, train loss: 2.9229, avg nll: 0.8202, avg wnll: 6.2228, avg kl: 0.0428, mse: 0.411975, wmse: 5.378975, mae: 0.463719
2866,	Iter: 2866, train loss: 2.9185, avg nll: 0.8156, avg wnll: 6.1892, avg kl: 0.0431, mse: 0.411958, wmse: 5.379586, mae: 0.463348
2867,	Iter: 2867, train loss: 2.8895, avg nll: 0.8080, avg wnll: 6.1472, avg kl: 0.0429, mse: 0.407719, wmse: 5.324160, mae: 0.461977
2868,	Iter: 2868, train loss: 2.9080, avg nll: 0.8131, avg wnll: 6.1867, avg kl: 0.0427, mse: 0.410440, wmse: 5.363749, mae: 0.462814
2869,	Iter: 2869, train loss: 2.9109, avg nll: 0.8118, avg wnll: 6.1537, avg kl: 0.0432, mse: 0.411193, wmse: 5.378252, mae: 0.463024
2870,	Iter: 2870, train loss: 2.9076, avg nll: 0.8099, avg wnll: 6.1685, avg kl: 0.0438, mse: 0.410786, wmse: 5.376059, mae: 0.462527
nll: 1.0491, mse: 0.5317, mae: 0.5299, mean_mse: 6.9253, mean_mae: 0.5299
1679086714.706461
2871,	Iter: 2871, train loss: 2.9208, avg nll: 0.8199, avg wnll: 6.1933, avg kl: 0.0431, mse: 0.411575, wmse: 5.383328, mae: 0.463237
2872,	Iter: 2872, train loss: 2.9253, avg nll: 0.8181, avg wnll: 6.2188, avg kl: 0.0424, mse: 0.412960, wmse: 5.406269, mae: 0.464147
2873,	Iter: 2873, train loss: 2.9202, avg nll: 0.8164, avg wnll: 6.1828, avg kl: 0.0425, mse: 0.412267, wmse: 5.387468, mae: 0.463515
2874,	Iter: 2874, train loss: 2.9052, avg nll: 0.8150, avg wnll: 6.1959, avg kl: 0.0422, mse: 0.409601, wmse: 5.358568, mae: 0.462244
2875,	Iter: 2875, train loss: 2.9233, avg nll: 0.8206, avg wnll: 6.2222, avg kl: 0.0427, mse: 0.411990, wmse: 5.379857, mae: 0.463753
2876,	Iter: 2876, train loss: 2.9165, avg nll: 0.8144, avg wnll: 6.1774, avg kl: 0.0427, mse: 0.411880, wmse: 5.378108, mae: 0.463301
2877,	Iter: 2877, train loss: 2.8880, avg nll: 0.8072, avg wnll: 6.1469, avg kl: 0.0427, mse: 0.407615, wmse: 5.322276, mae: 0.461910
2878,	Iter: 2878, train loss: 2.9062, avg nll: 0.8125, avg wnll: 6.1783, avg kl: 0.0427, mse: 0.410212, wmse: 5.360231, mae: 0.462709
2879,	Iter: 2879, train loss: 2.9108, avg nll: 0.8120, avg wnll: 6.1576, avg kl: 0.0428, mse: 0.411181, wmse: 5.378404, mae: 0.463019
2880,	Iter: 2880, train loss: 2.9059, avg nll: 0.8089, avg wnll: 6.1596, avg kl: 0.0434, mse: 0.410726, wmse: 5.375129, mae: 0.462458
nll: 1.0496, mse: 0.5317, mae: 0.5299, mean_mse: 6.9265, mean_mae: 0.5299
1679088548.2419426
saving.................
done
2881,	Iter: 2881, train loss: 2.9207, avg nll: 0.8196, avg wnll: 6.1971, avg kl: 0.0430, mse: 0.411624, wmse: 5.383927, mae: 0.463282
2882,	Iter: 2882, train loss: 2.9238, avg nll: 0.8172, avg wnll: 6.2145, avg kl: 0.0423, mse: 0.412877, wmse: 5.405685, mae: 0.464119
2883,	Iter: 2883, train loss: 2.9193, avg nll: 0.8159, avg wnll: 6.1728, avg kl: 0.0424, mse: 0.412203, wmse: 5.386356, mae: 0.463476
2884,	Iter: 2884, train loss: 2.9036, avg nll: 0.8141, avg wnll: 6.1903, avg kl: 0.0419, mse: 0.409511, wmse: 5.357165, mae: 0.462195
2885,	Iter: 2885, train loss: 2.9225, avg nll: 0.8202, avg wnll: 6.2274, avg kl: 0.0424, mse: 0.411970, wmse: 5.379244, mae: 0.463700
2886,	Iter: 2886, train loss: 2.9157, avg nll: 0.8138, avg wnll: 6.1680, avg kl: 0.0428, mse: 0.411832, wmse: 5.378053, mae: 0.463271
2887,	Iter: 2887, train loss: 2.8877, avg nll: 0.8070, avg wnll: 6.1436, avg kl: 0.0426, mse: 0.407621, wmse: 5.323303, mae: 0.461946
2888,	Iter: 2888, train loss: 2.9048, avg nll: 0.8116, avg wnll: 6.1694, avg kl: 0.0424, mse: 0.410153, wmse: 5.360231, mae: 0.462655
2889,	Iter: 2889, train loss: 2.9105, avg nll: 0.8120, avg wnll: 6.1680, avg kl: 0.0427, mse: 0.411151, wmse: 5.377269, mae: 0.463013
2890,	Iter: 2890, train loss: 2.9058, avg nll: 0.8089, avg wnll: 6.1636, avg kl: 0.0433, mse: 0.410724, wmse: 5.374975, mae: 0.462469
nll: 1.0493, mse: 0.5316, mae: 0.5299, mean_mse: 6.9243, mean_mae: 0.5299
1679090352.136766
2891,	Iter: 2891, train loss: 2.9209, avg nll: 0.8201, avg wnll: 6.1914, avg kl: 0.0428, mse: 0.411621, wmse: 5.383903, mae: 0.463293
2892,	Iter: 2892, train loss: 2.9238, avg nll: 0.8176, avg wnll: 6.2320, avg kl: 0.0420, mse: 0.412867, wmse: 5.405687, mae: 0.464101
2893,	Iter: 2893, train loss: 2.9189, avg nll: 0.8158, avg wnll: 6.1703, avg kl: 0.0421, mse: 0.412196, wmse: 5.386771, mae: 0.463484
2894,	Iter: 2894, train loss: 2.9038, avg nll: 0.8144, avg wnll: 6.1892, avg kl: 0.0417, mse: 0.409521, wmse: 5.357070, mae: 0.462192
2895,	Iter: 2895, train loss: 2.9213, avg nll: 0.8196, avg wnll: 6.2197, avg kl: 0.0421, mse: 0.411915, wmse: 5.378651, mae: 0.463689
2896,	Iter: 2896, train loss: 2.9150, avg nll: 0.8135, avg wnll: 6.1725, avg kl: 0.0423, mse: 0.411827, wmse: 5.377465, mae: 0.463266
2897,	Iter: 2897, train loss: 2.8861, avg nll: 0.8063, avg wnll: 6.1453, avg kl: 0.0424, mse: 0.407490, wmse: 5.321070, mae: 0.461816
2898,	Iter: 2898, train loss: 2.9050, avg nll: 0.8121, avg wnll: 6.1781, avg kl: 0.0422, mse: 0.410129, wmse: 5.359217, mae: 0.462655
2899,	Iter: 2899, train loss: 2.9122, avg nll: 0.8133, avg wnll: 6.1818, avg kl: 0.0426, mse: 0.411253, wmse: 5.379597, mae: 0.463091
2900,	Iter: 2900, train loss: 2.9066, avg nll: 0.8100, avg wnll: 6.1939, avg kl: 0.0429, mse: 0.410746, wmse: 5.375510, mae: 0.462457
nll: 1.0491, mse: 0.5316, mae: 0.5298, mean_mse: 6.9280, mean_mae: 0.5298
1679092278.3806994
2901,	Iter: 2901, train loss: 2.9201, avg nll: 0.8194, avg wnll: 6.2078, avg kl: 0.0426, mse: 0.411611, wmse: 5.384219, mae: 0.463265
2902,	Iter: 2902, train loss: 2.9225, avg nll: 0.8166, avg wnll: 6.2226, avg kl: 0.0418, mse: 0.412821, wmse: 5.404844, mae: 0.464072
2903,	Iter: 2903, train loss: 2.9181, avg nll: 0.8153, avg wnll: 6.1667, avg kl: 0.0420, mse: 0.412173, wmse: 5.386414, mae: 0.463448
2904,	Iter: 2904, train loss: 2.9047, avg nll: 0.8152, avg wnll: 6.1958, avg kl: 0.0416, mse: 0.409580, wmse: 5.358733, mae: 0.462279
2905,	Iter: 2905, train loss: 2.9225, avg nll: 0.8206, avg wnll: 6.2228, avg kl: 0.0420, mse: 0.411986, wmse: 5.379798, mae: 0.463698
2906,	Iter: 2906, train loss: 2.9148, avg nll: 0.8132, avg wnll: 6.1666, avg kl: 0.0424, mse: 0.411847, wmse: 5.378469, mae: 0.463303
2907,	Iter: 2907, train loss: 2.8858, avg nll: 0.8061, avg wnll: 6.1390, avg kl: 0.0421, mse: 0.407512, wmse: 5.321543, mae: 0.461880
2908,	Iter: 2908, train loss: 2.9065, avg nll: 0.8131, avg wnll: 6.1900, avg kl: 0.0422, mse: 0.410229, wmse: 5.361197, mae: 0.462726
2909,	Iter: 2909, train loss: 2.9105, avg nll: 0.8125, avg wnll: 6.1727, avg kl: 0.0423, mse: 0.411135, wmse: 5.376996, mae: 0.463025
2910,	Iter: 2910, train loss: 2.9062, avg nll: 0.8098, avg wnll: 6.1798, avg kl: 0.0428, mse: 0.410726, wmse: 5.375067, mae: 0.462474
nll: 1.0495, mse: 0.5316, mae: 0.5298, mean_mse: 6.9258, mean_mae: 0.5298
1679094085.7689464
saving.................
done
2911,	Iter: 2911, train loss: 2.9190, avg nll: 0.8191, avg wnll: 6.2034, avg kl: 0.0423, mse: 0.411514, wmse: 5.382374, mae: 0.463230
2912,	Iter: 2912, train loss: 2.9216, avg nll: 0.8163, avg wnll: 6.2313, avg kl: 0.0419, mse: 0.412683, wmse: 5.403320, mae: 0.464002
2913,	Iter: 2913, train loss: 2.9192, avg nll: 0.8165, avg wnll: 6.1837, avg kl: 0.0417, mse: 0.412199, wmse: 5.387017, mae: 0.463475
2914,	Iter: 2914, train loss: 2.9033, avg nll: 0.8144, avg wnll: 6.1827, avg kl: 0.0414, mse: 0.409512, wmse: 5.357076, mae: 0.462212
2915,	Iter: 2915, train loss: 2.9210, avg nll: 0.8197, avg wnll: 6.2121, avg kl: 0.0419, mse: 0.411893, wmse: 5.378488, mae: 0.463691
2916,	Iter: 2916, train loss: 2.9135, avg nll: 0.8128, avg wnll: 6.1663, avg kl: 0.0419, mse: 0.411752, wmse: 5.375955, mae: 0.463244
2917,	Iter: 2917, train loss: 2.8851, avg nll: 0.8058, avg wnll: 6.1364, avg kl: 0.0419, mse: 0.407479, wmse: 5.320843, mae: 0.461812
2918,	Iter: 2918, train loss: 2.9049, avg nll: 0.8121, avg wnll: 6.1792, avg kl: 0.0418, mse: 0.410184, wmse: 5.360298, mae: 0.462698
2919,	Iter: 2919, train loss: 2.9099, avg nll: 0.8121, avg wnll: 6.1696, avg kl: 0.0422, mse: 0.411120, wmse: 5.377341, mae: 0.462999
2920,	Iter: 2920, train loss: 2.9063, avg nll: 0.8095, avg wnll: 6.1801, avg kl: 0.0427, mse: 0.410831, wmse: 5.376669, mae: 0.462547
nll: 1.0505, mse: 0.5317, mae: 0.5299, mean_mse: 6.9264, mean_mae: 0.5299
1679095966.6199296
2921,	Iter: 2921, train loss: 2.9185, avg nll: 0.8192, avg wnll: 6.2271, avg kl: 0.0422, mse: 0.411420, wmse: 5.381423, mae: 0.463134
2922,	Iter: 2922, train loss: 2.9210, avg nll: 0.8160, avg wnll: 6.2188, avg kl: 0.0415, mse: 0.412695, wmse: 5.403635, mae: 0.464000
2923,	Iter: 2923, train loss: 2.9188, avg nll: 0.8164, avg wnll: 6.1917, avg kl: 0.0416, mse: 0.412155, wmse: 5.386486, mae: 0.463428
2924,	Iter: 2924, train loss: 2.9022, avg nll: 0.8138, avg wnll: 6.1765, avg kl: 0.0413, mse: 0.409404, wmse: 5.356204, mae: 0.462188
2925,	Iter: 2925, train loss: 2.9206, avg nll: 0.8198, avg wnll: 6.2165, avg kl: 0.0416, mse: 0.411842, wmse: 5.377894, mae: 0.463636
2926,	Iter: 2926, train loss: 2.9132, avg nll: 0.8128, avg wnll: 6.1688, avg kl: 0.0420, mse: 0.411674, wmse: 5.376453, mae: 0.463179
2927,	Iter: 2927, train loss: 2.8843, avg nll: 0.8057, avg wnll: 6.1408, avg kl: 0.0418, mse: 0.407352, wmse: 5.319651, mae: 0.461786
2928,	Iter: 2928, train loss: 2.9040, avg nll: 0.8118, avg wnll: 6.1762, avg kl: 0.0418, mse: 0.410068, wmse: 5.359093, mae: 0.462629
2929,	Iter: 2929, train loss: 2.9096, avg nll: 0.8120, avg wnll: 6.1766, avg kl: 0.0422, mse: 0.411084, wmse: 5.377090, mae: 0.463016
2930,	Iter: 2930, train loss: 2.9051, avg nll: 0.8092, avg wnll: 6.1746, avg kl: 0.0425, mse: 0.410672, wmse: 5.374751, mae: 0.462430
nll: 1.0502, mse: 0.5316, mae: 0.5299, mean_mse: 6.9270, mean_mae: 0.5299
1679097871.8757198
2931,	Iter: 2931, train loss: 2.9179, avg nll: 0.8189, avg wnll: 6.2103, avg kl: 0.0421, mse: 0.411399, wmse: 5.380987, mae: 0.463158
2932,	Iter: 2932, train loss: 2.9221, avg nll: 0.8170, avg wnll: 6.2315, avg kl: 0.0415, mse: 0.412702, wmse: 5.403274, mae: 0.464003
2933,	Iter: 2933, train loss: 2.9196, avg nll: 0.8173, avg wnll: 6.2048, avg kl: 0.0415, mse: 0.412155, wmse: 5.386620, mae: 0.463468
2934,	Iter: 2934, train loss: 2.9020, avg nll: 0.8138, avg wnll: 6.1776, avg kl: 0.0410, mse: 0.409451, wmse: 5.356332, mae: 0.462198
2935,	Iter: 2935, train loss: 2.9209, avg nll: 0.8197, avg wnll: 6.2176, avg kl: 0.0415, mse: 0.411940, wmse: 5.378952, mae: 0.463724
2936,	Iter: 2936, train loss: 2.9124, avg nll: 0.8124, avg wnll: 6.1578, avg kl: 0.0417, mse: 0.411653, wmse: 5.374945, mae: 0.463184
2937,	Iter: 2937, train loss: 2.8836, avg nll: 0.8053, avg wnll: 6.1410, avg kl: 0.0417, mse: 0.407310, wmse: 5.318796, mae: 0.461753
2938,	Iter: 2938, train loss: 2.9037, avg nll: 0.8116, avg wnll: 6.1771, avg kl: 0.0415, mse: 0.410105, wmse: 5.359580, mae: 0.462667
2939,	Iter: 2939, train loss: 2.9087, avg nll: 0.8115, avg wnll: 6.1715, avg kl: 0.0418, mse: 0.411068, wmse: 5.376662, mae: 0.462992
2940,	Iter: 2940, train loss: 2.9049, avg nll: 0.8092, avg wnll: 6.1750, avg kl: 0.0423, mse: 0.410664, wmse: 5.374493, mae: 0.462441
nll: 1.0512, mse: 0.5318, mae: 0.5300, mean_mse: 6.9272, mean_mae: 0.5300
1679099845.854237
saving.................
done
2941,	Iter: 2941, train loss: 2.9171, avg nll: 0.8184, avg wnll: 6.2174, avg kl: 0.0420, mse: 0.411348, wmse: 5.380513, mae: 0.463079
2942,	Iter: 2942, train loss: 2.9227, avg nll: 0.8177, avg wnll: 6.2340, avg kl: 0.0412, mse: 0.412762, wmse: 5.404858, mae: 0.464073
2943,	Iter: 2943, train loss: 2.9177, avg nll: 0.8158, avg wnll: 6.1866, avg kl: 0.0413, mse: 0.412143, wmse: 5.386215, mae: 0.463441
2944,	Iter: 2944, train loss: 2.9018, avg nll: 0.8136, avg wnll: 6.1733, avg kl: 0.0410, mse: 0.409456, wmse: 5.357119, mae: 0.462228
2945,	Iter: 2945, train loss: 2.9212, avg nll: 0.8204, avg wnll: 6.2285, avg kl: 0.0413, mse: 0.411896, wmse: 5.378503, mae: 0.463713
2946,	Iter: 2946, train loss: 2.9121, avg nll: 0.8121, avg wnll: 6.1532, avg kl: 0.0417, mse: 0.411649, wmse: 5.375723, mae: 0.463179
2947,	Iter: 2947, train loss: 2.8848, avg nll: 0.8063, avg wnll: 6.1498, avg kl: 0.0415, mse: 0.407396, wmse: 5.320597, mae: 0.461790
2948,	Iter: 2948, train loss: 2.9030, avg nll: 0.8113, avg wnll: 6.1810, avg kl: 0.0415, mse: 0.410050, wmse: 5.358734, mae: 0.462650
2949,	Iter: 2949, train loss: 2.9080, avg nll: 0.8111, avg wnll: 6.1685, avg kl: 0.0419, mse: 0.411011, wmse: 5.375979, mae: 0.462976
2950,	Iter: 2950, train loss: 2.9040, avg nll: 0.8086, avg wnll: 6.1639, avg kl: 0.0423, mse: 0.410623, wmse: 5.373949, mae: 0.462398
nll: 1.0510, mse: 0.5318, mae: 0.5300, mean_mse: 6.9309, mean_mae: 0.5300
1679101700.0719197
2951,	Iter: 2951, train loss: 2.9172, avg nll: 0.8185, avg wnll: 6.2056, avg kl: 0.0417, mse: 0.411400, wmse: 5.381243, mae: 0.463180
2952,	Iter: 2952, train loss: 2.9221, avg nll: 0.8173, avg wnll: 6.2398, avg kl: 0.0413, mse: 0.412714, wmse: 5.403330, mae: 0.464043
2953,	Iter: 2953, train loss: 2.9175, avg nll: 0.8162, avg wnll: 6.2022, avg kl: 0.0412, mse: 0.412023, wmse: 5.385189, mae: 0.463384
2954,	Iter: 2954, train loss: 2.9021, avg nll: 0.8141, avg wnll: 6.1857, avg kl: 0.0408, mse: 0.409434, wmse: 5.356645, mae: 0.462207
2955,	Iter: 2955, train loss: 2.9226, avg nll: 0.8215, avg wnll: 6.2397, avg kl: 0.0413, mse: 0.411970, wmse: 5.380163, mae: 0.463794
2956,	Iter: 2956, train loss: 2.9104, avg nll: 0.8115, avg wnll: 6.1461, avg kl: 0.0416, mse: 0.411481, wmse: 5.373352, mae: 0.463105
2957,	Iter: 2957, train loss: 2.8840, avg nll: 0.8062, avg wnll: 6.1461, avg kl: 0.0414, mse: 0.407271, wmse: 5.318489, mae: 0.461764
2958,	Iter: 2958, train loss: 2.9010, avg nll: 0.8103, avg wnll: 6.1702, avg kl: 0.0414, mse: 0.409867, wmse: 5.356700, mae: 0.462532
2959,	Iter: 2959, train loss: 2.9075, avg nll: 0.8112, avg wnll: 6.1617, avg kl: 0.0414, mse: 0.410990, wmse: 5.375426, mae: 0.462933
2960,	Iter: 2960, train loss: 2.9031, avg nll: 0.8081, avg wnll: 6.1680, avg kl: 0.0422, mse: 0.410574, wmse: 5.373730, mae: 0.462373
nll: 1.0515, mse: 0.5318, mae: 0.5300, mean_mse: 6.9277, mean_mae: 0.5300
1679103604.4713395
2961,	Iter: 2961, train loss: 2.9162, avg nll: 0.8181, avg wnll: 6.2068, avg kl: 0.0417, mse: 0.411293, wmse: 5.380089, mae: 0.463094
2962,	Iter: 2962, train loss: 2.9209, avg nll: 0.8165, avg wnll: 6.2293, avg kl: 0.0409, mse: 0.412721, wmse: 5.404294, mae: 0.464046
2963,	Iter: 2963, train loss: 2.9182, avg nll: 0.8165, avg wnll: 6.2030, avg kl: 0.0411, mse: 0.412130, wmse: 5.385984, mae: 0.463464
2964,	Iter: 2964, train loss: 2.9021, avg nll: 0.8140, avg wnll: 6.1875, avg kl: 0.0408, mse: 0.409456, wmse: 5.357320, mae: 0.462232
2965,	Iter: 2965, train loss: 2.9209, avg nll: 0.8206, avg wnll: 6.2290, avg kl: 0.0410, mse: 0.411848, wmse: 5.377788, mae: 0.463676
2966,	Iter: 2966, train loss: 2.9106, avg nll: 0.8112, avg wnll: 6.1433, avg kl: 0.0415, mse: 0.411583, wmse: 5.374592, mae: 0.463107
2967,	Iter: 2967, train loss: 2.8843, avg nll: 0.8066, avg wnll: 6.1459, avg kl: 0.0413, mse: 0.407283, wmse: 5.318741, mae: 0.461747
2968,	Iter: 2968, train loss: 2.9001, avg nll: 0.8096, avg wnll: 6.1686, avg kl: 0.0412, mse: 0.409865, wmse: 5.356102, mae: 0.462527
2969,	Iter: 2969, train loss: 2.9070, avg nll: 0.8108, avg wnll: 6.1602, avg kl: 0.0415, mse: 0.410942, wmse: 5.374827, mae: 0.462893
2970,	Iter: 2970, train loss: 2.9028, avg nll: 0.8076, avg wnll: 6.1517, avg kl: 0.0421, mse: 0.410614, wmse: 5.373452, mae: 0.462398
nll: 1.0510, mse: 0.5317, mae: 0.5299, mean_mse: 6.9279, mean_mae: 0.5299
1679105438.0578473
saving.................
done
2971,	Iter: 2971, train loss: 2.9158, avg nll: 0.8177, avg wnll: 6.1995, avg kl: 0.0415, mse: 0.411322, wmse: 5.380320, mae: 0.463084
2972,	Iter: 2972, train loss: 2.9206, avg nll: 0.8162, avg wnll: 6.2285, avg kl: 0.0410, mse: 0.412698, wmse: 5.403139, mae: 0.464018
2973,	Iter: 2973, train loss: 2.9182, avg nll: 0.8169, avg wnll: 6.2192, avg kl: 0.0410, mse: 0.412056, wmse: 5.385484, mae: 0.463442
2974,	Iter: 2974, train loss: 2.9011, avg nll: 0.8134, avg wnll: 6.1848, avg kl: 0.0406, mse: 0.409422, wmse: 5.356586, mae: 0.462210
2975,	Iter: 2975, train loss: 2.9216, avg nll: 0.8209, avg wnll: 6.2354, avg kl: 0.0410, mse: 0.411923, wmse: 5.379091, mae: 0.463768
2976,	Iter: 2976, train loss: 2.9102, avg nll: 0.8115, avg wnll: 6.1499, avg kl: 0.0413, mse: 0.411499, wmse: 5.373489, mae: 0.463082
2977,	Iter: 2977, train loss: 2.8834, avg nll: 0.8061, avg wnll: 6.1477, avg kl: 0.0413, mse: 0.407208, wmse: 5.317796, mae: 0.461732
2978,	Iter: 2978, train loss: 2.8997, avg nll: 0.8096, avg wnll: 6.1685, avg kl: 0.0412, mse: 0.409786, wmse: 5.355651, mae: 0.462471
2979,	Iter: 2979, train loss: 2.9067, avg nll: 0.8105, avg wnll: 6.1540, avg kl: 0.0414, mse: 0.410949, wmse: 5.375816, mae: 0.462907
2980,	Iter: 2980, train loss: 2.9022, avg nll: 0.8082, avg wnll: 6.1685, avg kl: 0.0419, mse: 0.410433, wmse: 5.372102, mae: 0.462330
nll: 1.0509, mse: 0.5318, mae: 0.5300, mean_mse: 6.9274, mean_mae: 0.5300
1679107289.4259696
2981,	Iter: 2981, train loss: 2.9150, avg nll: 0.8176, avg wnll: 6.2098, avg kl: 0.0415, mse: 0.411183, wmse: 5.378647, mae: 0.463012
2982,	Iter: 2982, train loss: 2.9187, avg nll: 0.8151, avg wnll: 6.2201, avg kl: 0.0407, mse: 0.412582, wmse: 5.402570, mae: 0.463975
2983,	Iter: 2983, train loss: 2.9189, avg nll: 0.8172, avg wnll: 6.2180, avg kl: 0.0409, mse: 0.412152, wmse: 5.386166, mae: 0.463489
2984,	Iter: 2984, train loss: 2.9000, avg nll: 0.8127, avg wnll: 6.1855, avg kl: 0.0404, mse: 0.409362, wmse: 5.355889, mae: 0.462157
2985,	Iter: 2985, train loss: 2.9213, avg nll: 0.8213, avg wnll: 6.2407, avg kl: 0.0410, mse: 0.411795, wmse: 5.377675, mae: 0.463715
2986,	Iter: 2986, train loss: 2.9113, avg nll: 0.8121, avg wnll: 6.1635, avg kl: 0.0411, mse: 0.411615, wmse: 5.374872, mae: 0.463154
2987,	Iter: 2987, train loss: 2.8835, avg nll: 0.8060, avg wnll: 6.1465, avg kl: 0.0411, mse: 0.407303, wmse: 5.319072, mae: 0.461744
2988,	Iter: 2988, train loss: 2.8995, avg nll: 0.8096, avg wnll: 6.1773, avg kl: 0.0410, mse: 0.409764, wmse: 5.354939, mae: 0.462467
2989,	Iter: 2989, train loss: 2.9053, avg nll: 0.8098, avg wnll: 6.1523, avg kl: 0.0413, mse: 0.410831, wmse: 5.373252, mae: 0.462835
2990,	Iter: 2990, train loss: 2.9010, avg nll: 0.8073, avg wnll: 6.1558, avg kl: 0.0418, mse: 0.410385, wmse: 5.370959, mae: 0.462262
nll: 1.0524, mse: 0.5319, mae: 0.5300, mean_mse: 6.9308, mean_mae: 0.5300
1679109148.0708423
2991,	Iter: 2991, train loss: 2.9153, avg nll: 0.8176, avg wnll: 6.2069, avg kl: 0.0413, mse: 0.411299, wmse: 5.380306, mae: 0.463084
2992,	Iter: 2992, train loss: 2.9179, avg nll: 0.8146, avg wnll: 6.2155, avg kl: 0.0407, mse: 0.412527, wmse: 5.401181, mae: 0.463925
2993,slurmstepd: error: *** JOB 246868 ON gpu0 CANCELLED AT 2023-03-18T03:21:31 ***
