Namespace(n_union_tp=3500, data_folder='datasets/ZTF_all', checkpoint='', start_col=1, inc_errors=False, print_at=1, embed_time=128, enc_num_heads=16, latent_dim=64, mixing='concat', num_ref_points=16, rec_hidden=128, width=512, save_at=30, patience=100, early_stopping=False, niters=20000, frac=0.5, batch_size=2, mse_weight=5.0, dropout=0.0, num_resamples=0, lr=1e-05, scheduler=False, warmup=4000, kl_zero=False, kl_annealing=True, net='hetvae', device='cuda', const_var=False, var_per_dim=False, std=0.1, seed=2, save=True, k_iwae=1) 6109166
validated 3407 files out of 3407 for band='r'
validated 3407 files out of 3407 for band='g'
validated 3407 files out of 3407 for band='i'
3407 3407
(3010, 3, 4431, 3)
created union_tp attribute of length 3500
dataset created w/ shape (3010, 3, 4431, 3)
train size: 2709, valid size: 271, test size: 301
model_size=574662
1678305127.007673
1,	Iter: 1, train loss: 6.5291, avg nll: 1.4262, avg wnll: nan, avg kl: 0.1758, mse: 1.020369, wmse: 14.949680, mae: 0.795926
2,	Iter: 2, train loss: 6.5286, avg nll: 1.4237, avg wnll: nan, avg kl: 0.1010, mse: 1.020738, wmse: 14.960191, mae: 0.795853
3,	Iter: 3, train loss: 6.5064, avg nll: 1.4206, avg wnll: nan, avg kl: 0.0500, mse: 1.016990, wmse: 14.903991, mae: 0.794870
4,	Iter: 4, train loss: 6.5140, avg nll: 1.4198, avg wnll: nan, avg kl: 0.0262, mse: 1.018701, wmse: 14.917528, mae: 0.795480
5,	Iter: 5, train loss: 6.5123, avg nll: 1.4195, avg wnll: nan, avg kl: 0.0165, mse: 1.018463, wmse: 14.915979, mae: 0.795018
6,	Iter: 6, train loss: 6.5082, avg nll: 1.4173, avg wnll: nan, avg kl: 0.0133, mse: 1.018082, wmse: 14.918468, mae: 0.795101
7,	Iter: 7, train loss: 6.5159, avg nll: 1.4189, avg wnll: nan, avg kl: 0.0096, mse: 1.019325, wmse: 14.910529, mae: 0.795505
8,	Iter: 8, train loss: 6.5233, avg nll: 1.4174, avg wnll: nan, avg kl: 0.0081, mse: 1.021106, wmse: 14.951305, mae: 0.795788
9,	Iter: 9, train loss: 6.5092, avg nll: 1.4172, avg wnll: nan, avg kl: 0.0068, mse: 1.018327, wmse: 14.925893, mae: 0.795233
10,	Iter: 10, train loss: 6.5003, avg nll: 1.4164, avg wnll: nan, avg kl: 0.0062, mse: 1.016709, wmse: 14.912911, mae: 0.793789
nll: 1.4309, mse: 1.0243, mae: 0.7998, mean_mse: 16.2605, mean_mae: 0.7998
1678307189.8053045
11,	Iter: 11, train loss: 6.5063, avg nll: 1.4184, avg wnll: nan, avg kl: 0.0054, mse: 1.017520, wmse: 14.904373, mae: 0.794630
12,	Iter: 12, train loss: 6.5260, avg nll: 1.4195, avg wnll: nan, avg kl: 0.0045, mse: 1.021240, wmse: 14.929794, mae: 0.796352
13,	Iter: 13, train loss: 6.5073, avg nll: 1.4151, avg wnll: nan, avg kl: 0.0042, mse: 1.018375, wmse: 14.922764, mae: 0.794848
14,	Iter: 14, train loss: 6.5295, avg nll: 1.4189, avg wnll: nan, avg kl: 0.0039, mse: 1.022067, wmse: 14.943903, mae: 0.796416
15,	Iter: 15, train loss: 6.5309, avg nll: 1.4199, avg wnll: nan, avg kl: 0.0035, mse: 1.022125, wmse: 14.947322, mae: 0.796566
16,	Iter: 16, train loss: 6.4905, avg nll: 1.4146, avg wnll: nan, avg kl: 0.0035, mse: 1.015109, wmse: 14.857707, mae: 0.793535
17,	Iter: 17, train loss: 6.5054, avg nll: 1.4169, avg wnll: nan, avg kl: 0.0030, mse: 1.017624, wmse: 14.894240, mae: 0.794544
18,	Iter: 18, train loss: 6.5181, avg nll: 1.4163, avg wnll: nan, avg kl: 0.0030, mse: 1.020284, wmse: 14.933579, mae: 0.796257
19,	Iter: 19, train loss: 6.5002, avg nll: 1.4140, avg wnll: nan, avg kl: 0.0031, mse: 1.017156, wmse: 14.886309, mae: 0.794969
20,	Iter: 20, train loss: 6.5177, avg nll: 1.4177, avg wnll: nan, avg kl: 0.0029, mse: 1.019912, wmse: 14.910154, mae: 0.795969
nll: 1.4310, mse: 1.0243, mae: 0.7997, mean_mse: 16.2657, mean_mae: 0.7997
1678309361.2995434
21,	Iter: 21, train loss: 6.5034, avg nll: 1.4173, avg wnll: nan, avg kl: 0.0030, mse: 1.017146, wmse: 14.895988, mae: 0.794512
22,	Iter: 22, train loss: 6.5229, avg nll: 1.4186, avg wnll: nan, avg kl: 0.0029, mse: 1.020769, wmse: 14.919557, mae: 0.796198
23,	Iter: 23, train loss: 6.5031, avg nll: 1.4138, avg wnll: nan, avg kl: 0.0030, mse: 1.017773, wmse: 14.909812, mae: 0.794690
24,	Iter: 24, train loss: 6.5256, avg nll: 1.4179, avg wnll: nan, avg kl: 0.0031, mse: 1.021455, wmse: 14.930016, mae: 0.796298
25,	Iter: 25, train loss: 6.5270, avg nll: 1.4188, avg wnll: nan, avg kl: 0.0029, mse: 1.021555, wmse: 14.934838, mae: 0.796429
26,	Iter: 26, train loss: 6.4870, avg nll: 1.4135, avg wnll: nan, avg kl: 0.0031, mse: 1.014599, wmse: 14.847585, mae: 0.793422
27,	Iter: 27, train loss: 6.5013, avg nll: 1.4160, avg wnll: nan, avg kl: 0.0028, mse: 1.016963, wmse: 14.880145, mae: 0.794426
28,	Iter: 28, train loss: 6.5138, avg nll: 1.4152, avg wnll: nan, avg kl: 0.0032, mse: 1.019601, wmse: 14.918429, mae: 0.796163
29,	Iter: 29, train loss: 6.4957, avg nll: 1.4130, avg wnll: nan, avg kl: 0.0033, mse: 1.016429, wmse: 14.871899, mae: 0.794825
30,	Iter: 30, train loss: 6.5135, avg nll: 1.4165, avg wnll: nan, avg kl: 0.0030, mse: 1.019281, wmse: 14.896922, mae: 0.795832
nll: 1.4309, mse: 1.0241, mae: 0.7998, mean_mse: 16.2619, mean_mae: 0.7998
1678311456.2899263
saving.................
done
31,	Iter: 31, train loss: 6.4998, avg nll: 1.4163, avg wnll: nan, avg kl: 0.0031, mse: 1.016580, wmse: 14.882792, mae: 0.794410
32,	Iter: 32, train loss: 6.5189, avg nll: 1.4178, avg wnll: nan, avg kl: 0.0031, mse: 1.020086, wmse: 14.905663, mae: 0.796039
33,	Iter: 33, train loss: 6.4989, avg nll: 1.4128, avg wnll: nan, avg kl: 0.0030, mse: 1.017113, wmse: 14.897788, mae: 0.794570
34,	Iter: 34, train loss: 6.5222, avg nll: 1.4172, avg wnll: nan, avg kl: 0.0030, mse: 1.020893, wmse: 14.918874, mae: 0.796203
35,	Iter: 35, train loss: 6.5232, avg nll: 1.4179, avg wnll: nan, avg kl: 0.0029, mse: 1.020934, wmse: 14.922344, mae: 0.796302
36,	Iter: 36, train loss: 6.4834, avg nll: 1.4126, avg wnll: nan, avg kl: 0.0030, mse: 1.014033, wmse: 14.835438, mae: 0.793318
37,	Iter: 37, train loss: 6.4978, avg nll: 1.4151, avg wnll: nan, avg kl: 0.0028, mse: 1.016412, wmse: 14.868852, mae: 0.794370
38,	Iter: 38, train loss: 6.5097, avg nll: 1.4142, avg wnll: nan, avg kl: 0.0031, mse: 1.018956, wmse: 14.906446, mae: 0.796112
39,	Iter: 39, train loss: 6.4924, avg nll: 1.4122, avg wnll: nan, avg kl: 0.0030, mse: 1.015904, wmse: 14.862174, mae: 0.794725
40,	Iter: 40, train loss: 6.5101, avg nll: 1.4155, avg wnll: nan, avg kl: 0.0029, mse: 1.018787, wmse: 14.887984, mae: 0.795727
nll: 1.4309, mse: 1.0240, mae: 0.7998, mean_mse: 16.2651, mean_mae: 0.7998
1678313474.1110876
41,	Iter: 41, train loss: 6.4960, avg nll: 1.4153, avg wnll: nan, avg kl: 0.0030, mse: 1.015986, wmse: 14.872362, mae: 0.794226
42,	Iter: 42, train loss: 6.5154, avg nll: 1.4170, avg wnll: nan, avg kl: 0.0030, mse: 1.019516, wmse: 14.895348, mae: 0.795891
43,	Iter: 43, train loss: 6.4951, avg nll: 1.4118, avg wnll: nan, avg kl: 0.0029, mse: 1.016502, wmse: 14.887523, mae: 0.794385
44,	Iter: 44, train loss: 6.5187, avg nll: 1.4163, avg wnll: nan, avg kl: 0.0031, mse: 1.020311, wmse: 14.908690, mae: 0.796053
45,	Iter: 45, train loss: 6.5191, avg nll: 1.4170, avg wnll: nan, avg kl: 0.0031, mse: 1.020249, wmse: 14.909764, mae: 0.796112
46,	Iter: 46, train loss: 6.4783, avg nll: 1.4115, avg wnll: nan, avg kl: 0.0033, mse: 1.013183, wmse: 14.820653, mae: 0.793089
47,	Iter: 47, train loss: 6.4912, avg nll: 1.4139, avg wnll: nan, avg kl: 0.0035, mse: 1.015266, wmse: 14.852215, mae: 0.794000
48,	Iter: 48, train loss: 6.4965, avg nll: 1.4124, avg wnll: nan, avg kl: 0.0050, mse: 1.016523, wmse: 14.873178, mae: 0.795236
49,	Iter: 49, train loss: 6.4663, avg nll: 1.4093, avg wnll: nan, avg kl: 0.0074, mse: 1.010953, wmse: 14.803760, mae: 0.792680
50,	Iter: 50, train loss: 6.4734, avg nll: 1.4110, avg wnll: nan, avg kl: 0.0065, mse: 1.012073, wmse: 14.815352, mae: 0.792843
nll: 1.4262, mse: 1.0179, mae: 0.7972, mean_mse: 16.2054, mean_mae: 0.7972
1678315490.2444952
51,	Iter: 51, train loss: 6.4556, avg nll: 1.4103, avg wnll: nan, avg kl: 0.0053, mse: 1.008721, wmse: 14.791453, mae: 0.791162
52,	Iter: 52, train loss: 6.4735, avg nll: 1.4118, avg wnll: nan, avg kl: 0.0046, mse: 1.012036, wmse: 14.811803, mae: 0.792681
53,	Iter: 53, train loss: 6.4492, avg nll: 1.4061, avg wnll: nan, avg kl: 0.0043, mse: 1.008334, wmse: 14.798477, mae: 0.790882
54,	Iter: 54, train loss: 6.4735, avg nll: 1.4102, avg wnll: nan, avg kl: 0.0041, mse: 1.012369, wmse: 14.822976, mae: 0.792583
55,	Iter: 55, train loss: 6.4717, avg nll: 1.4105, avg wnll: nan, avg kl: 0.0039, mse: 1.011965, wmse: 14.822881, mae: 0.792570
56,	Iter: 56, train loss: 6.4301, avg nll: 1.4047, avg wnll: nan, avg kl: 0.0040, mse: 1.004803, wmse: 14.726351, mae: 0.789406
57,	Iter: 57, train loss: 6.4423, avg nll: 1.4067, avg wnll: nan, avg kl: 0.0038, mse: 1.006860, wmse: 14.762795, mae: 0.790259
58,	Iter: 58, train loss: 6.4532, avg nll: 1.4055, avg wnll: nan, avg kl: 0.0040, mse: 1.009250, wmse: 14.793272, mae: 0.791955
59,	Iter: 59, train loss: 6.4340, avg nll: 1.4037, avg wnll: nan, avg kl: 0.0040, mse: 1.005781, wmse: 14.743290, mae: 0.790315
60,	Iter: 60, train loss: 6.4439, avg nll: 1.4059, avg wnll: nan, avg kl: 0.0041, mse: 1.007298, wmse: 14.749108, mae: 0.790630
nll: 1.4210, mse: 1.0142, mae: 0.7954, mean_mse: 16.1511, mean_mae: 0.7954
1678317550.2075386
saving.................
done
61,	Iter: 61, train loss: 6.4212, avg nll: 1.4053, avg wnll: nan, avg kl: 0.0046, mse: 1.002829, wmse: 14.704971, mae: 0.788318
62,	Iter: 62, train loss: 6.4071, avg nll: 1.4051, avg wnll: nan, avg kl: 0.0061, mse: 0.999944, wmse: 14.612556, mae: 0.786692
63,	Iter: 63, train loss: 6.3070, avg nll: 1.3951, avg wnll: nan, avg kl: 0.0096, mse: 0.981630, wmse: 14.352989, mae: 0.777206
64,	Iter: 64, train loss: 6.2166, avg nll: 1.3909, avg wnll: nan, avg kl: 0.0134, mse: 0.964101, wmse: 13.994037, mae: 0.766966
65,	Iter: 65, train loss: 6.1140, avg nll: 1.3824, avg wnll: nan, avg kl: 0.0151, mse: 0.945111, wmse: 13.678242, mae: 0.756831
66,	Iter: 66, train loss: 5.9494, avg nll: 1.3654, avg wnll: nan, avg kl: 0.0167, mse: 0.915442, wmse: 13.178861, mae: 0.742709
67,	Iter: 67, train loss: 5.8767, avg nll: 1.3596, avg wnll: nan, avg kl: 0.0165, mse: 0.902074, wmse: 12.934694, mae: 0.736389
68,	Iter: 68, train loss: 5.8122, avg nll: 1.3518, avg wnll: nan, avg kl: 0.0173, mse: 0.890623, wmse: 12.715398, mae: 0.730851
69,	Iter: 69, train loss: 5.7457, avg nll: 1.3450, avg wnll: nan, avg kl: 0.0172, mse: 0.878673, wmse: 12.521626, mae: 0.725005
70,	Iter: 70, train loss: 5.7216, avg nll: 1.3434, avg wnll: nan, avg kl: 0.0162, mse: 0.874243, wmse: 12.403424, mae: 0.722721
nll: 1.3297, mse: 0.8495, mae: 0.7084, mean_mse: 12.9260, mean_mae: 0.7084
1678319622.8786616
71,	Iter: 71, train loss: 5.6808, avg nll: 1.3403, avg wnll: nan, avg kl: 0.0150, mse: 0.866778, wmse: 12.305027, mae: 0.718958
72,	Iter: 72, train loss: 5.6745, avg nll: 1.3401, avg wnll: nan, avg kl: 0.0143, mse: 0.865614, wmse: 12.260495, mae: 0.717897
73,	Iter: 73, train loss: 5.6377, avg nll: 1.3322, avg wnll: nan, avg kl: 0.0132, mse: 0.859909, wmse: 12.210035, mae: 0.715100
74,	Iter: 74, train loss: 5.6403, avg nll: 1.3341, avg wnll: nan, avg kl: 0.0122, mse: 0.860132, wmse: 12.150827, mae: 0.714877
75,	Iter: 75, train loss: 5.6352, avg nll: 1.3338, avg wnll: nan, avg kl: 0.0113, mse: 0.859245, wmse: 12.154720, mae: 0.714741
76,	Iter: 76, train loss: 5.5731, avg nll: 1.3254, avg wnll: nan, avg kl: 0.0117, mse: 0.848450, wmse: 11.989434, mae: 0.709680
77,	Iter: 77, train loss: 5.5708, avg nll: 1.3255, avg wnll: nan, avg kl: 0.0109, mse: 0.848029, wmse: 11.971895, mae: 0.709403
78,	Iter: 78, train loss: 5.5572, avg nll: 1.3223, avg wnll: nan, avg kl: 0.0118, mse: 0.845840, wmse: 11.944556, mae: 0.708354
79,	Iter: 79, train loss: 5.5155, avg nll: 1.3177, avg wnll: nan, avg kl: 0.0130, mse: 0.838286, wmse: 11.815579, mae: 0.704873
80,	Iter: 80, train loss: 5.4764, avg nll: 1.3153, avg wnll: nan, avg kl: 0.0155, mse: 0.830684, wmse: 11.635663, mae: 0.700524
nll: 1.2875, mse: 0.7947, mae: 0.6812, mean_mse: 11.9231, mean_mae: 0.6812
1678321613.8969302
81,	Iter: 81, train loss: 5.3756, avg nll: 1.3063, avg wnll: nan, avg kl: 0.0200, mse: 0.811862, wmse: 11.317511, mae: 0.689709
82,	Iter: 82, train loss: 5.3236, avg nll: 1.3016, avg wnll: nan, avg kl: 0.0227, mse: 0.802109, wmse: 11.097379, mae: 0.684150
83,	Iter: 83, train loss: 5.2648, avg nll: 1.2906, avg wnll: nan, avg kl: 0.0242, mse: 0.792378, wmse: 10.958314, mae: 0.678263
84,	Iter: 84, train loss: 5.2795, avg nll: 1.2933, avg wnll: nan, avg kl: 0.0251, mse: 0.794661, wmse: 10.931962, mae: 0.678782
85,	Iter: 85, train loss: 5.2547, avg nll: 1.2913, avg wnll: nan, avg kl: 0.0259, mse: 0.789955, wmse: 10.871233, mae: 0.676365
86,	Iter: 86, train loss: 5.2025, avg nll: 1.2830, avg wnll: nan, avg kl: 0.0281, mse: 0.780948, wmse: 10.727883, mae: 0.672357
87,	Iter: 87, train loss: 5.2068, avg nll: 1.2840, avg wnll: nan, avg kl: 0.0272, mse: 0.781652, wmse: 10.754407, mae: 0.672372
88,	Iter: 88, train loss: 5.2082, avg nll: 1.2815, avg wnll: nan, avg kl: 0.0284, mse: 0.782271, wmse: 10.770844, mae: 0.672746
89,	Iter: 89, train loss: 5.1895, avg nll: 1.2789, avg wnll: nan, avg kl: 0.0273, mse: 0.779123, wmse: 10.704655, mae: 0.671576
90,	Iter: 90, train loss: 5.1956, avg nll: 1.2806, avg wnll: nan, avg kl: 0.0280, mse: 0.779897, wmse: 10.699450, mae: 0.671587
nll: 1.2376, mse: 0.7364, mae: 0.6479, mean_mse: 10.7971, mean_mae: 0.6479
1678323651.9609702
saving.................
done
91,	Iter: 91, train loss: 5.1660, avg nll: 1.2772, avg wnll: nan, avg kl: 0.0293, mse: 0.774461, wmse: 10.636698, mae: 0.668100
92,	Iter: 92, train loss: 5.1697, avg nll: 1.2787, avg wnll: nan, avg kl: 0.0287, mse: 0.774954, wmse: 10.617141, mae: 0.668550
93,	Iter: 93, train loss: 5.1455, avg nll: 1.2723, avg wnll: nan, avg kl: 0.0280, mse: 0.771437, wmse: 10.611693, mae: 0.666777
94,	Iter: 94, train loss: 5.1707, avg nll: 1.2762, avg wnll: nan, avg kl: 0.0280, mse: 0.775663, wmse: 10.625042, mae: 0.668620
95,	Iter: 95, train loss: 5.1620, avg nll: 1.2769, avg wnll: nan, avg kl: 0.0270, mse: 0.773864, wmse: 10.603980, mae: 0.667564
96,	Iter: 96, train loss: 5.1195, avg nll: 1.2695, avg wnll: nan, avg kl: 0.0280, mse: 0.766689, wmse: 10.502869, mae: 0.664685
97,	Iter: 97, train loss: 5.1233, avg nll: 1.2705, avg wnll: nan, avg kl: 0.0274, mse: 0.767292, wmse: 10.520185, mae: 0.664572
98,	Iter: 98, train loss: 5.1347, avg nll: 1.2693, avg wnll: nan, avg kl: 0.0274, mse: 0.769766, wmse: 10.565675, mae: 0.666002
99,	Iter: 99, train loss: 5.1199, avg nll: 1.2679, avg wnll: nan, avg kl: 0.0258, mse: 0.767243, wmse: 10.510505, mae: 0.665182
100,	Iter: 100, train loss: 5.1274, avg nll: 1.2702, avg wnll: nan, avg kl: 0.0258, mse: 0.768264, wmse: 10.512756, mae: 0.665486
nll: 1.2258, mse: 0.7262, mae: 0.6427, mean_mse: 10.5850, mean_mae: 0.6427
1678325652.9861975
101,	Iter: 101, train loss: 5.1013, avg nll: 1.2670, avg wnll: nan, avg kl: 0.0265, mse: 0.763572, wmse: 10.460409, mae: 0.662265
102,	Iter: 102, train loss: 5.1080, avg nll: 1.2689, avg wnll: nan, avg kl: 0.0255, mse: 0.764609, wmse: 10.450972, mae: 0.663079
103,	Iter: 103, train loss: 5.0858, avg nll: 1.2629, avg wnll: nan, avg kl: 0.0248, mse: 0.761436, wmse: 10.454130, mae: 0.661538
104,	Iter: 104, train loss: 5.1132, avg nll: 1.2676, avg wnll: nan, avg kl: 0.0243, mse: 0.766027, wmse: 10.469991, mae: 0.663598
105,	Iter: 105, train loss: 5.1088, avg nll: 1.2686, avg wnll: nan, avg kl: 0.0235, mse: 0.765013, wmse: 10.460234, mae: 0.662792
106,	Iter: 106, train loss: 5.0672, avg nll: 1.2615, avg wnll: nan, avg kl: 0.0232, mse: 0.758117, wmse: 10.369924, mae: 0.660271
107,	Iter: 107, train loss: 5.0688, avg nll: 1.2620, avg wnll: nan, avg kl: 0.0226, mse: 0.758387, wmse: 10.381194, mae: 0.659988
108,	Iter: 108, train loss: 5.0845, avg nll: 1.2613, avg wnll: nan, avg kl: 0.0223, mse: 0.761667, wmse: 10.434114, mae: 0.661858
109,	Iter: 109, train loss: 5.0708, avg nll: 1.2603, avg wnll: nan, avg kl: 0.0211, mse: 0.759277, wmse: 10.383182, mae: 0.660936
110,	Iter: 110, train loss: 5.0792, avg nll: 1.2629, avg wnll: nan, avg kl: 0.0207, mse: 0.760461, wmse: 10.385183, mae: 0.661322
nll: 1.2182, mse: 0.7200, mae: 0.6397, mean_mse: 10.4641, mean_mae: 0.6397
1678327660.0117795
111,	Iter: 111, train loss: 5.0526, avg nll: 1.2598, avg wnll: nan, avg kl: 0.0213, mse: 0.755638, wmse: 10.332475, mae: 0.658207
112,	Iter: 112, train loss: 5.0576, avg nll: 1.2614, avg wnll: nan, avg kl: 0.0204, mse: 0.756429, wmse: 10.321353, mae: 0.658800
113,	Iter: 113, train loss: 5.0350, avg nll: 1.2554, avg wnll: nan, avg kl: 0.0199, mse: 0.753132, wmse: 10.319731, mae: 0.657221
114,	Iter: 114, train loss: 5.0614, avg nll: 1.2603, avg wnll: nan, avg kl: 0.0194, mse: 0.757494, wmse: 10.334295, mae: 0.659113
115,	Iter: 115, train loss: 5.0567, avg nll: 1.2611, avg wnll: nan, avg kl: 0.0190, mse: 0.756420, wmse: 10.319137, mae: 0.658373
116,	Iter: 116, train loss: 5.0114, avg nll: 1.2539, avg wnll: nan, avg kl: 0.0190, mse: 0.748794, wmse: 10.219391, mae: 0.655393
117,	Iter: 117, train loss: 5.0122, avg nll: 1.2540, avg wnll: nan, avg kl: 0.0186, mse: 0.748970, wmse: 10.226171, mae: 0.654942
118,	Iter: 118, train loss: 5.0248, avg nll: 1.2530, avg wnll: nan, avg kl: 0.0189, mse: 0.751635, wmse: 10.268205, mae: 0.656679
119,	Iter: 119, train loss: 5.0038, avg nll: 1.2514, avg wnll: nan, avg kl: 0.0186, mse: 0.747752, wmse: 10.188196, mae: 0.654865
120,	Iter: 120, train loss: 5.0071, avg nll: 1.2535, avg wnll: nan, avg kl: 0.0189, mse: 0.747936, wmse: 10.178741, mae: 0.654650
nll: 1.2023, mse: 0.7017, mae: 0.6291, mean_mse: 10.1281, mean_mae: 0.6291
1678329704.1548753
saving.................
done
121,	Iter: 121, train loss: 4.9659, avg nll: 1.2490, avg wnll: nan, avg kl: 0.0209, mse: 0.740266, wmse: 10.077898, mae: 0.650163
122,	Iter: 122, train loss: 4.9557, avg nll: 1.2491, avg wnll: nan, avg kl: 0.0213, mse: 0.738131, wmse: 10.013213, mae: 0.649082
123,	Iter: 123, train loss: 4.9158, avg nll: 1.2413, avg wnll: nan, avg kl: 0.0235, mse: 0.731360, wmse: 9.946138, mae: 0.645199
124,	Iter: 124, train loss: 4.9199, avg nll: 1.2436, avg wnll: nan, avg kl: 0.0253, mse: 0.731404, wmse: 9.895129, mae: 0.644705
125,	Iter: 125, train loss: 4.8995, avg nll: 1.2427, avg wnll: nan, avg kl: 0.0268, mse: 0.727250, wmse: 9.815139, mae: 0.642571
126,	Iter: 126, train loss: 4.8488, avg nll: 1.2349, avg wnll: nan, avg kl: 0.0288, mse: 0.718302, wmse: 9.706249, mae: 0.638492
127,	Iter: 127, train loss: 4.8456, avg nll: 1.2343, avg wnll: nan, avg kl: 0.0286, mse: 0.717781, wmse: 9.693049, mae: 0.637627
128,	Iter: 128, train loss: 4.8538, avg nll: 1.2325, avg wnll: nan, avg kl: 0.0304, mse: 0.719483, wmse: 9.706542, mae: 0.638739
129,	Iter: 129, train loss: 4.8365, avg nll: 1.2308, avg wnll: nan, avg kl: 0.0300, mse: 0.716375, wmse: 9.652611, mae: 0.636782
130,	Iter: 130, train loss: 4.8462, avg nll: 1.2335, avg wnll: nan, avg kl: 0.0291, mse: 0.717864, wmse: 9.659584, mae: 0.637679
nll: 1.1780, mse: 0.6709, mae: 0.6116, mean_mse: 9.6070, mean_mae: 0.6116
1678331749.7900977
131,	Iter: 131, train loss: 4.8196, avg nll: 1.2306, avg wnll: nan, avg kl: 0.0307, mse: 0.712852, wmse: 9.601748, mae: 0.634760
132,	Iter: 132, train loss: 4.8216, avg nll: 1.2316, avg wnll: nan, avg kl: 0.0287, mse: 0.713347, wmse: 9.587318, mae: 0.634786
133,	Iter: 133, train loss: 4.7974, avg nll: 1.2255, avg wnll: nan, avg kl: 0.0292, mse: 0.709601, wmse: 9.568474, mae: 0.632826
134,	Iter: 134, train loss: 4.8195, avg nll: 1.2297, avg wnll: nan, avg kl: 0.0292, mse: 0.713155, wmse: 9.580275, mae: 0.634324
135,	Iter: 135, train loss: 4.8106, avg nll: 1.2303, avg wnll: nan, avg kl: 0.0289, mse: 0.711247, wmse: 9.543794, mae: 0.633437
136,	Iter: 136, train loss: 4.7690, avg nll: 1.2230, avg wnll: nan, avg kl: 0.0293, mse: 0.704305, wmse: 9.467266, mae: 0.630354
137,	Iter: 137, train loss: 4.7768, avg nll: 1.2239, avg wnll: nan, avg kl: 0.0282, mse: 0.705826, wmse: 9.492255, mae: 0.630813
138,	Iter: 138, train loss: 4.7871, avg nll: 1.2222, avg wnll: nan, avg kl: 0.0292, mse: 0.708016, wmse: 9.524099, mae: 0.632273
139,	Iter: 139, train loss: 4.7736, avg nll: 1.2211, avg wnll: nan, avg kl: 0.0284, mse: 0.705630, wmse: 9.479786, mae: 0.630717
140,	Iter: 140, train loss: 4.7808, avg nll: 1.2238, avg wnll: nan, avg kl: 0.0272, mse: 0.706707, wmse: 9.475268, mae: 0.631258
nll: 1.1691, mse: 0.6624, mae: 0.6068, mean_mse: 9.4376, mean_mae: 0.6068
1678333746.0188458
141,	Iter: 141, train loss: 4.7564, avg nll: 1.2208, avg wnll: nan, avg kl: 0.0290, mse: 0.702078, wmse: 9.421161, mae: 0.628594
142,	Iter: 142, train loss: 4.7629, avg nll: 1.2223, avg wnll: nan, avg kl: 0.0277, mse: 0.703266, wmse: 9.424310, mae: 0.629013
143,	Iter: 143, train loss: 4.7395, avg nll: 1.2167, avg wnll: nan, avg kl: 0.0273, mse: 0.699760, wmse: 9.409722, mae: 0.627236
144,	Iter: 144, train loss: 4.7601, avg nll: 1.2203, avg wnll: nan, avg kl: 0.0275, mse: 0.703093, wmse: 9.417610, mae: 0.628756
145,	Iter: 145, train loss: 4.7531, avg nll: 1.2212, avg wnll: nan, avg kl: 0.0272, mse: 0.701507, wmse: 9.384900, mae: 0.627808
146,	Iter: 146, train loss: 4.7107, avg nll: 1.2138, avg wnll: nan, avg kl: 0.0272, mse: 0.694495, wmse: 9.306571, mae: 0.624650
147,	Iter: 147, train loss: 4.7188, avg nll: 1.2148, avg wnll: nan, avg kl: 0.0266, mse: 0.695990, wmse: 9.331347, mae: 0.625232
148,	Iter: 148, train loss: 4.7275, avg nll: 1.2129, avg wnll: nan, avg kl: 0.0273, mse: 0.697942, wmse: 9.360760, mae: 0.626476
149,	Iter: 149, train loss: 4.7157, avg nll: 1.2124, avg wnll: nan, avg kl: 0.0264, mse: 0.695840, wmse: 9.324617, mae: 0.625181
150,	Iter: 150, train loss: 4.7206, avg nll: 1.2145, avg wnll: nan, avg kl: 0.0255, mse: 0.696519, wmse: 9.305151, mae: 0.625379
nll: 1.1582, mse: 0.6523, mae: 0.6008, mean_mse: 9.2499, mean_mae: 0.6008
1678335783.1953828
saving.................
done
151,	Iter: 151, train loss: 4.6972, avg nll: 1.2118, avg wnll: nan, avg kl: 0.0272, mse: 0.692016, wmse: 9.251335, mae: 0.622865
152,	Iter: 152, train loss: 4.7007, avg nll: 1.2130, avg wnll: nan, avg kl: 0.0266, mse: 0.692570, wmse: 9.249318, mae: 0.622908
153,	Iter: 153, train loss: 4.6802, avg nll: 1.2079, avg wnll: nan, avg kl: 0.0263, mse: 0.689513, wmse: 9.232463, mae: 0.621391
154,	Iter: 154, train loss: 4.6963, avg nll: 1.2107, avg wnll: nan, avg kl: 0.0265, mse: 0.692106, wmse: 9.228947, mae: 0.622517
155,	Iter: 155, train loss: 4.6905, avg nll: 1.2117, avg wnll: nan, avg kl: 0.0261, mse: 0.690770, wmse: 9.201909, mae: 0.621625
156,	Iter: 156, train loss: 4.6482, avg nll: 1.2044, avg wnll: nan, avg kl: 0.0264, mse: 0.683677, wmse: 9.125885, mae: 0.618482
157,	Iter: 157, train loss: 4.6510, avg nll: 1.2052, avg wnll: nan, avg kl: 0.0256, mse: 0.684215, wmse: 9.127854, mae: 0.618550
158,	Iter: 158, train loss: 4.6626, avg nll: 1.2033, avg wnll: nan, avg kl: 0.0266, mse: 0.686672, wmse: 9.166868, mae: 0.619902
159,	Iter: 159, train loss: 4.6508, avg nll: 1.2029, avg wnll: nan, avg kl: 0.0258, mse: 0.684544, wmse: 9.128003, mae: 0.618560
160,	Iter: 160, train loss: 4.6571, avg nll: 1.2052, avg wnll: nan, avg kl: 0.0253, mse: 0.685402, wmse: 9.103178, mae: 0.618851
nll: 1.1486, mse: 0.6426, mae: 0.5953, mean_mse: 9.0635, mean_mae: 0.5953
1678337762.4710093
161,	Iter: 161, train loss: 4.6344, avg nll: 1.2026, avg wnll: nan, avg kl: 0.0266, mse: 0.681089, wmse: 9.060741, mae: 0.616535
162,	Iter: 162, train loss: 4.6359, avg nll: 1.2035, avg wnll: nan, avg kl: 0.0262, mse: 0.681262, wmse: 9.050724, mae: 0.616461
163,	Iter: 163, train loss: 4.6209, avg nll: 1.1994, avg wnll: nan, avg kl: 0.0255, mse: 0.679189, wmse: 9.046192, mae: 0.615338
164,	Iter: 164, train loss: 4.6355, avg nll: 1.2024, avg wnll: nan, avg kl: 0.0257, mse: 0.681468, wmse: 9.046196, mae: 0.616401
165,	Iter: 165, train loss: 4.6312, avg nll: 1.2030, avg wnll: nan, avg kl: 0.0253, mse: 0.680596, wmse: 9.026358, mae: 0.615694
166,	Iter: 166, train loss: 4.5915, avg nll: 1.1962, avg wnll: nan, avg kl: 0.0259, mse: 0.673873, wmse: 8.956369, mae: 0.612654
167,	Iter: 167, train loss: 4.5940, avg nll: 1.1969, avg wnll: nan, avg kl: 0.0248, mse: 0.674472, wmse: 8.959307, mae: 0.612693
168,	Iter: 168, train loss: 4.6072, avg nll: 1.1952, avg wnll: nan, avg kl: 0.0255, mse: 0.677302, wmse: 9.009681, mae: 0.614523
169,	Iter: 169, train loss: 4.5973, avg nll: 1.1949, avg wnll: nan, avg kl: 0.0248, mse: 0.675512, wmse: 8.973102, mae: 0.613171
170,	Iter: 170, train loss: 4.6044, avg nll: 1.1976, avg wnll: nan, avg kl: 0.0240, mse: 0.676558, wmse: 8.956581, mae: 0.613719
nll: 1.1424, mse: 0.6360, mae: 0.5914, mean_mse: 8.9636, mean_mae: 0.5914
1678339816.0472097
171,	Iter: 171, train loss: 4.5837, avg nll: 1.1953, avg wnll: nan, avg kl: 0.0247, mse: 0.672743, wmse: 8.921461, mae: 0.611593
172,	Iter: 172, train loss: 4.5828, avg nll: 1.1952, avg wnll: nan, avg kl: 0.0244, mse: 0.672633, wmse: 8.903111, mae: 0.611451
173,	Iter: 173, train loss: 4.5707, avg nll: 1.1925, avg wnll: nan, avg kl: 0.0238, mse: 0.670880, wmse: 8.903131, mae: 0.610350
174,	Iter: 174, train loss: 4.5868, avg nll: 1.1956, avg wnll: nan, avg kl: 0.0236, mse: 0.673510, wmse: 8.911645, mae: 0.611817
175,	Iter: 175, train loss: 4.5806, avg nll: 1.1950, avg wnll: nan, avg kl: 0.0230, mse: 0.672501, wmse: 8.890116, mae: 0.610959
176,	Iter: 176, train loss: 4.5447, avg nll: 1.1894, avg wnll: nan, avg kl: 0.0239, mse: 0.666281, wmse: 8.826239, mae: 0.608189
177,	Iter: 177, train loss: 4.5445, avg nll: 1.1897, avg wnll: nan, avg kl: 0.0225, mse: 0.666461, wmse: 8.823589, mae: 0.607984
178,	Iter: 178, train loss: 4.5579, avg nll: 1.1879, avg wnll: nan, avg kl: 0.0231, mse: 0.669384, wmse: 8.878766, mae: 0.609921
179,	Iter: 179, train loss: 4.5489, avg nll: 1.1875, avg wnll: nan, avg kl: 0.0225, mse: 0.667783, wmse: 8.840709, mae: 0.608703
180,	Iter: 180, train loss: 4.5574, avg nll: 1.1904, avg wnll: nan, avg kl: 0.0215, mse: 0.669084, wmse: 8.828765, mae: 0.609212
nll: 1.1359, mse: 0.6299, mae: 0.5879, mean_mse: 8.8634, mean_mae: 0.5879
1678341817.1764119
saving.................
done
181,	Iter: 181, train loss: 4.5360, avg nll: 1.1882, avg wnll: nan, avg kl: 0.0218, mse: 0.665208, wmse: 8.801118, mae: 0.607148
182,	Iter: 182, train loss: 4.5355, avg nll: 1.1878, avg wnll: nan, avg kl: 0.0218, mse: 0.665179, wmse: 8.776093, mae: 0.607045
183,	Iter: 183, train loss: 4.5271, avg nll: 1.1854, avg wnll: nan, avg kl: 0.0211, mse: 0.664137, wmse: 8.792913, mae: 0.606353
184,	Iter: 184, train loss: 4.5419, avg nll: 1.1892, avg wnll: nan, avg kl: 0.0206, mse: 0.666412, wmse: 8.796494, mae: 0.607588
185,	Iter: 185, train loss: 4.5354, avg nll: 1.1879, avg wnll: nan, avg kl: 0.0202, mse: 0.665463, wmse: 8.775327, mae: 0.606852
186,	Iter: 186, train loss: 4.5020, avg nll: 1.1831, avg wnll: nan, avg kl: 0.0210, mse: 0.659565, wmse: 8.713505, mae: 0.604273
187,	Iter: 187, train loss: 4.5010, avg nll: 1.1829, avg wnll: nan, avg kl: 0.0196, mse: 0.659682, wmse: 8.710988, mae: 0.603976
188,	Iter: 188, train loss: 4.5136, avg nll: 1.1809, avg wnll: nan, avg kl: 0.0200, mse: 0.662540, wmse: 8.765232, mae: 0.605871
189,	Iter: 189, train loss: 4.5063, avg nll: 1.1806, avg wnll: nan, avg kl: 0.0193, mse: 0.661270, wmse: 8.733216, mae: 0.604886
190,	Iter: 190, train loss: 4.5158, avg nll: 1.1843, avg wnll: nan, avg kl: 0.0186, mse: 0.662602, wmse: 8.722517, mae: 0.605457
nll: 1.1289, mse: 0.6241, mae: 0.5846, mean_mse: 8.7651, mean_mae: 0.5846
1678343872.6373627
191,	Iter: 191, train loss: 4.4966, avg nll: 1.1830, avg wnll: nan, avg kl: 0.0186, mse: 0.658997, wmse: 8.701398, mae: 0.603537
192,	Iter: 192, train loss: 4.4941, avg nll: 1.1811, avg wnll: nan, avg kl: 0.0186, mse: 0.658891, wmse: 8.673225, mae: 0.603397
193,	Iter: 193, train loss: 4.4920, avg nll: 1.1826, avg wnll: nan, avg kl: 0.0182, mse: 0.658247, wmse: 8.698595, mae: 0.602914
194,	Iter: 194, train loss: 4.5038, avg nll: 1.1833, avg wnll: nan, avg kl: 0.0176, mse: 0.660571, wmse: 8.699636, mae: 0.604167
195,	Iter: 195, train loss: 4.4982, avg nll: 1.1820, avg wnll: nan, avg kl: 0.0172, mse: 0.659789, wmse: 8.683867, mae: 0.603582
196,	Iter: 196, train loss: 4.4638, avg nll: 1.1770, avg wnll: nan, avg kl: 0.0180, mse: 0.653768, wmse: 8.618667, mae: 0.600912
197,	Iter: 197, train loss: 4.4650, avg nll: 1.1777, avg wnll: nan, avg kl: 0.0166, mse: 0.654141, wmse: 8.621275, mae: 0.600797
198,	Iter: 198, train loss: 4.4783, avg nll: 1.1758, avg wnll: nan, avg kl: 0.0169, mse: 0.657103, wmse: 8.678212, mae: 0.602743
199,	Iter: 199, train loss: 4.4711, avg nll: 1.1753, avg wnll: nan, avg kl: 0.0165, mse: 0.655859, wmse: 8.644567, mae: 0.601839
200,	Iter: 200, train loss: 4.4819, avg nll: 1.1796, avg wnll: nan, avg kl: 0.0158, mse: 0.657301, wmse: 8.641231, mae: 0.602361
nll: 1.1235, mse: 0.6197, mae: 0.5820, mean_mse: 8.6768, mean_mae: 0.5820
1678345963.5133407
201,	Iter: 201, train loss: 4.4624, avg nll: 1.1773, avg wnll: nan, avg kl: 0.0156, mse: 0.653904, wmse: 8.618583, mae: 0.600569
202,	Iter: 202, train loss: 4.4608, avg nll: 1.1755, avg wnll: nan, avg kl: 0.0159, mse: 0.653894, wmse: 8.593670, mae: 0.600527
203,	Iter: 203, train loss: 4.4590, avg nll: 1.1748, avg wnll: nan, avg kl: 0.0156, mse: 0.653727, wmse: 8.625859, mae: 0.600290
204,	Iter: 204, train loss: 4.4730, avg nll: 1.1788, avg wnll: nan, avg kl: 0.0150, mse: 0.655837, wmse: 8.627762, mae: 0.601539
205,	Iter: 205, train loss: 4.4670, avg nll: 1.1771, avg wnll: nan, avg kl: 0.0148, mse: 0.655036, wmse: 8.608078, mae: 0.600916
206,	Iter: 206, train loss: 4.4326, avg nll: 1.1721, avg wnll: nan, avg kl: 0.0154, mse: 0.649018, wmse: 8.540627, mae: 0.598315
207,	Iter: 207, train loss: 4.4338, avg nll: 1.1724, avg wnll: nan, avg kl: 0.0142, mse: 0.649450, wmse: 8.547365, mae: 0.598194
208,	Iter: 208, train loss: 4.4472, avg nll: 1.1707, avg wnll: nan, avg kl: 0.0146, mse: 0.652394, wmse: 8.598928, mae: 0.600064
209,	Iter: 209, train loss: 4.4397, avg nll: 1.1700, avg wnll: nan, avg kl: 0.0143, mse: 0.651068, wmse: 8.565743, mae: 0.599134
210,	Iter: 210, train loss: 4.4518, avg nll: 1.1738, avg wnll: nan, avg kl: 0.0138, mse: 0.652859, wmse: 8.570092, mae: 0.599808
nll: 1.1197, mse: 0.6168, mae: 0.5805, mean_mse: 8.6113, mean_mae: 0.5805
1678347945.1488667
saving.................
done
211,	Iter: 211, train loss: 4.4329, avg nll: 1.1725, avg wnll: nan, avg kl: 0.0136, mse: 0.649364, wmse: 8.546695, mae: 0.598030
212,	Iter: 212, train loss: 4.4323, avg nll: 1.1705, avg wnll: nan, avg kl: 0.0140, mse: 0.649550, wmse: 8.525926, mae: 0.598124
213,	Iter: 213, train loss: 4.4335, avg nll: 1.1746, avg wnll: nan, avg kl: 0.0139, mse: 0.649003, wmse: 8.551765, mae: 0.597666
214,	Iter: 214, train loss: 4.4430, avg nll: 1.1737, avg wnll: nan, avg kl: 0.0133, mse: 0.651216, wmse: 8.551762, mae: 0.598978
215,	Iter: 215, train loss: 4.4391, avg nll: 1.1724, avg wnll: nan, avg kl: 0.0131, mse: 0.650718, wmse: 8.539752, mae: 0.598441
216,	Iter: 216, train loss: 4.4039, avg nll: 1.1673, avg wnll: nan, avg kl: 0.0136, mse: 0.644599, wmse: 8.470144, mae: 0.595797
217,	Iter: 217, train loss: 4.4057, avg nll: 1.1680, avg wnll: nan, avg kl: 0.0127, mse: 0.645007, wmse: 8.479010, mae: 0.595677
218,	Iter: 218, train loss: 4.4196, avg nll: 1.1659, avg wnll: nan, avg kl: 0.0130, mse: 0.648155, wmse: 8.532867, mae: 0.597613
219,	Iter: 219, train loss: 4.4109, avg nll: 1.1654, avg wnll: nan, avg kl: 0.0129, mse: 0.646529, wmse: 8.497943, mae: 0.596605
220,	Iter: 220, train loss: 4.4239, avg nll: 1.1695, avg wnll: nan, avg kl: 0.0125, mse: 0.648380, wmse: 8.502860, mae: 0.597357
nll: 1.1154, mse: 0.6137, mae: 0.5787, mean_mse: 8.5513, mean_mae: 0.5787
1678349980.5354686
221,	Iter: 221, train loss: 4.4058, avg nll: 1.1677, avg wnll: nan, avg kl: 0.0123, mse: 0.645142, wmse: 8.475829, mae: 0.595707
222,	Iter: 222, train loss: 4.4060, avg nll: 1.1660, avg wnll: nan, avg kl: 0.0128, mse: 0.645444, wmse: 8.462401, mae: 0.595835
223,	Iter: 223, train loss: 4.4029, avg nll: 1.1653, avg wnll: nan, avg kl: 0.0127, mse: 0.644985, wmse: 8.488071, mae: 0.595452
224,	Iter: 224, train loss: 4.4173, avg nll: 1.1693, avg wnll: nan, avg kl: 0.0121, mse: 0.647168, wmse: 8.490870, mae: 0.596707
225,	Iter: 225, train loss: 4.4139, avg nll: 1.1684, avg wnll: nan, avg kl: 0.0121, mse: 0.646701, wmse: 8.474249, mae: 0.596233
226,	Iter: 226, train loss: 4.3782, avg nll: 1.1631, avg wnll: nan, avg kl: 0.0126, mse: 0.640499, wmse: 8.407467, mae: 0.593606
227,	Iter: 227, train loss: 4.3799, avg nll: 1.1632, avg wnll: nan, avg kl: 0.0118, mse: 0.640981, wmse: 8.415153, mae: 0.593429
228,	Iter: 228, train loss: 4.3940, avg nll: 1.1617, avg wnll: nan, avg kl: 0.0121, mse: 0.644035, wmse: 8.466433, mae: 0.595385
229,	Iter: 229, train loss: 4.3850, avg nll: 1.1610, avg wnll: nan, avg kl: 0.0122, mse: 0.642377, wmse: 8.430113, mae: 0.594362
230,	Iter: 230, train loss: 4.4023, avg nll: 1.1688, avg wnll: nan, avg kl: 0.0120, mse: 0.644294, wmse: 8.435955, mae: 0.595153
nll: 1.1119, mse: 0.6108, mae: 0.5771, mean_mse: 8.4952, mean_mae: 0.5771
1678352032.4809697
231,	Iter: 231, train loss: 4.3798, avg nll: 1.1634, avg wnll: nan, avg kl: 0.0117, mse: 0.640943, wmse: 8.406388, mae: 0.593366
232,	Iter: 232, train loss: 4.3809, avg nll: 1.1617, avg wnll: nan, avg kl: 0.0121, mse: 0.641416, wmse: 8.398140, mae: 0.593608
233,	Iter: 233, train loss: 4.3797, avg nll: 1.1632, avg wnll: nan, avg kl: 0.0123, mse: 0.640851, wmse: 8.422589, mae: 0.593190
234,	Iter: 234, train loss: 4.3911, avg nll: 1.1649, avg wnll: nan, avg kl: 0.0117, mse: 0.642887, wmse: 8.422139, mae: 0.594334
235,	Iter: 235, train loss: 4.3881, avg nll: 1.1641, avg wnll: nan, avg kl: 0.0119, mse: 0.642423, wmse: 8.408378, mae: 0.593899
236,	Iter: 236, train loss: 4.3528, avg nll: 1.1590, avg wnll: nan, avg kl: 0.0123, mse: 0.636286, wmse: 8.340737, mae: 0.591227
237,	Iter: 237, train loss: 4.3544, avg nll: 1.1591, avg wnll: nan, avg kl: 0.0117, mse: 0.636729, wmse: 8.347859, mae: 0.591091
238,	Iter: 238, train loss: 4.3671, avg nll: 1.1572, avg wnll: nan, avg kl: 0.0120, mse: 0.639571, wmse: 8.394569, mae: 0.592917
239,	Iter: 239, train loss: 4.3581, avg nll: 1.1563, avg wnll: nan, avg kl: 0.0121, mse: 0.637957, wmse: 8.356662, mae: 0.591970
240,	Iter: 240, train loss: 4.3746, avg nll: 1.1634, avg wnll: nan, avg kl: 0.0122, mse: 0.639803, wmse: 8.362784, mae: 0.592626
nll: 1.1078, mse: 0.6077, mae: 0.5754, mean_mse: 8.4391, mean_mae: 0.5754
1678354090.1623893
saving.................
done
241,	Iter: 241, train loss: 4.3534, avg nll: 1.1592, avg wnll: nan, avg kl: 0.0119, mse: 0.636462, wmse: 8.331986, mae: 0.590868
242,	Iter: 242, train loss: 4.3554, avg nll: 1.1576, avg wnll: nan, avg kl: 0.0123, mse: 0.637090, wmse: 8.327924, mae: 0.591157
243,	Iter: 243, train loss: 4.3529, avg nll: 1.1589, avg wnll: nan, avg kl: 0.0126, mse: 0.636275, wmse: 8.349126, mae: 0.590634
244,	Iter: 244, train loss: 4.3641, avg nll: 1.1608, avg wnll: nan, avg kl: 0.0121, mse: 0.638224, wmse: 8.347056, mae: 0.591727
245,	Iter: 245, train loss: 4.3604, avg nll: 1.1595, avg wnll: nan, avg kl: 0.0124, mse: 0.637707, wmse: 8.334174, mae: 0.591273
246,	Iter: 246, train loss: 4.3241, avg nll: 1.1539, avg wnll: nan, avg kl: 0.0130, mse: 0.631429, wmse: 8.263725, mae: 0.588598
247,	Iter: 247, train loss: 4.3270, avg nll: 1.1544, avg wnll: nan, avg kl: 0.0125, mse: 0.632028, wmse: 8.271037, mae: 0.588405
248,	Iter: 248, train loss: 4.3379, avg nll: 1.1533, avg wnll: nan, avg kl: 0.0129, mse: 0.634357, wmse: 8.310399, mae: 0.590075
249,	Iter: 249, train loss: 4.3287, avg nll: 1.1515, avg wnll: nan, avg kl: 0.0130, mse: 0.632842, wmse: 8.270861, mae: 0.589160
250,	Iter: 250, train loss: 4.3443, avg nll: 1.1570, avg wnll: nan, avg kl: 0.0132, mse: 0.634801, wmse: 8.280028, mae: 0.589881
nll: 1.1033, mse: 0.6035, mae: 0.5731, mean_mse: 8.3561, mean_mae: 0.5731
1678356191.3308516
251,	Iter: 251, train loss: 4.3236, avg nll: 1.1541, avg wnll: nan, avg kl: 0.0131, mse: 0.631286, wmse: 8.246221, mae: 0.588022
252,	Iter: 252, train loss: 4.3265, avg nll: 1.1525, avg wnll: nan, avg kl: 0.0134, mse: 0.632107, wmse: 8.249035, mae: 0.588292
253,	Iter: 253, train loss: 4.3222, avg nll: 1.1533, avg wnll: nan, avg kl: 0.0140, mse: 0.630983, wmse: 8.261402, mae: 0.587662
254,	Iter: 254, train loss: 4.3325, avg nll: 1.1557, avg wnll: nan, avg kl: 0.0136, mse: 0.632625, wmse: 8.254033, mae: 0.588624
255,	Iter: 255, train loss: 4.3282, avg nll: 1.1543, avg wnll: nan, avg kl: 0.0141, mse: 0.631966, wmse: 8.243686, mae: 0.588120
256,	Iter: 256, train loss: 4.2945, avg nll: 1.1503, avg wnll: nan, avg kl: 0.0147, mse: 0.625908, wmse: 8.174846, mae: 0.585438
257,	Iter: 257, train loss: 4.2940, avg nll: 1.1493, avg wnll: nan, avg kl: 0.0143, mse: 0.626074, wmse: 8.172513, mae: 0.585013
258,	Iter: 258, train loss: 4.3045, avg nll: 1.1482, avg wnll: nan, avg kl: 0.0146, mse: 0.628313, wmse: 8.210727, mae: 0.586664
259,	Iter: 259, train loss: 4.2961, avg nll: 1.1463, avg wnll: nan, avg kl: 0.0148, mse: 0.626993, wmse: 8.172295, mae: 0.585894
260,	Iter: 260, train loss: 4.3107, avg nll: 1.1514, avg wnll: nan, avg kl: 0.0152, mse: 0.628845, wmse: 8.177177, mae: 0.586537
nll: 1.0967, mse: 0.5976, mae: 0.5695, mean_mse: 8.2523, mean_mae: 0.5695
1678358288.0006728
261,	Iter: 261, train loss: 4.2898, avg nll: 1.1483, avg wnll: nan, avg kl: 0.0150, mse: 0.625314, wmse: 8.145152, mae: 0.584647
262,	Iter: 262, train loss: 4.2939, avg nll: 1.1473, avg wnll: nan, avg kl: 0.0153, mse: 0.626287, wmse: 8.152178, mae: 0.584993
263,	Iter: 263, train loss: 4.2861, avg nll: 1.1463, avg wnll: nan, avg kl: 0.0160, mse: 0.624759, wmse: 8.155313, mae: 0.584158
264,	Iter: 264, train loss: 4.2976, avg nll: 1.1497, avg wnll: nan, avg kl: 0.0157, mse: 0.626438, wmse: 8.151594, mae: 0.585137
265,	Iter: 265, train loss: 4.2930, avg nll: 1.1487, avg wnll: nan, avg kl: 0.0163, mse: 0.625621, wmse: 8.138124, mae: 0.584487
266,	Iter: 266, train loss: 4.2589, avg nll: 1.1433, avg wnll: nan, avg kl: 0.0169, mse: 0.619744, wmse: 8.069858, mae: 0.581938
267,	Iter: 267, train loss: 4.2584, avg nll: 1.1428, avg wnll: nan, avg kl: 0.0166, mse: 0.619803, wmse: 8.064246, mae: 0.581425
268,	Iter: 268, train loss: 4.2686, avg nll: 1.1418, avg wnll: nan, avg kl: 0.0167, mse: 0.622027, wmse: 8.103096, mae: 0.583110
269,	Iter: 269, train loss: 4.2599, avg nll: 1.1402, avg wnll: nan, avg kl: 0.0169, mse: 0.620568, wmse: 8.060317, mae: 0.582236
270,	Iter: 270, train loss: 4.2787, avg nll: 1.1482, avg wnll: nan, avg kl: 0.0174, mse: 0.622621, wmse: 8.067607, mae: 0.582955
nll: 1.0895, mse: 0.5910, mae: 0.5655, mean_mse: 8.1334, mean_mae: 0.5655
1678360333.133335
saving.................
done
271,	Iter: 271, train loss: 4.2560, avg nll: 1.1430, avg wnll: nan, avg kl: 0.0170, mse: 0.619194, wmse: 8.039272, mae: 0.581179
272,	Iter: 272, train loss: 4.2600, avg nll: 1.1415, avg wnll: nan, avg kl: 0.0172, mse: 0.620265, wmse: 8.050010, mae: 0.581526
273,	Iter: 273, train loss: 4.2506, avg nll: 1.1399, avg wnll: nan, avg kl: 0.0180, mse: 0.618522, wmse: 8.045660, mae: 0.580534
274,	Iter: 274, train loss: 4.2634, avg nll: 1.1439, avg wnll: nan, avg kl: 0.0176, mse: 0.620371, wmse: 8.045748, mae: 0.581600
275,	Iter: 275, train loss: 4.2581, avg nll: 1.1423, avg wnll: nan, avg kl: 0.0180, mse: 0.619552, wmse: 8.034178, mae: 0.580924
276,	Iter: 276, train loss: 4.2292, avg nll: 1.1390, avg wnll: nan, avg kl: 0.0187, mse: 0.614291, wmse: 7.975705, mae: 0.578726
277,	Iter: 277, train loss: 4.2260, avg nll: 1.1371, avg wnll: nan, avg kl: 0.0180, mse: 0.614190, wmse: 7.967846, mae: 0.578108
278,	Iter: 278, train loss: 4.2381, avg nll: 1.1373, avg wnll: nan, avg kl: 0.0182, mse: 0.616527, wmse: 8.006169, mae: 0.579933
279,	Iter: 279, train loss: 4.2272, avg nll: 1.1346, avg wnll: nan, avg kl: 0.0180, mse: 0.614922, wmse: 7.963242, mae: 0.579028
280,	Iter: 280, train loss: 4.2469, avg nll: 1.1418, avg wnll: nan, avg kl: 0.0185, mse: 0.617328, wmse: 7.978502, mae: 0.579923
nll: 1.0842, mse: 0.5864, mae: 0.5628, mean_mse: 8.0549, mean_mae: 0.5628
1678362431.53071
281,	Iter: 281, train loss: 4.2253, avg nll: 1.1371, avg wnll: nan, avg kl: 0.0180, mse: 0.614038, wmse: 7.949528, mae: 0.578216
282,	Iter: 282, train loss: 4.2328, avg nll: 1.1372, avg wnll: nan, avg kl: 0.0181, mse: 0.615503, wmse: 7.971987, mae: 0.578741
283,	Iter: 283, train loss: 4.2210, avg nll: 1.1338, avg wnll: nan, avg kl: 0.0187, mse: 0.613707, wmse: 7.960448, mae: 0.577750
284,	Iter: 284, train loss: 4.2364, avg nll: 1.1393, avg wnll: nan, avg kl: 0.0183, mse: 0.615746, wmse: 7.969190, mae: 0.578841
285,	Iter: 285, train loss: 4.2296, avg nll: 1.1372, avg wnll: nan, avg kl: 0.0185, mse: 0.614780, wmse: 7.952599, mae: 0.578115
286,	Iter: 286, train loss: 4.2031, avg nll: 1.1343, avg wnll: nan, avg kl: 0.0190, mse: 0.609957, wmse: 7.902228, mae: 0.576236
287,	Iter: 287, train loss: 4.1983, avg nll: 1.1317, avg wnll: nan, avg kl: 0.0182, mse: 0.609681, wmse: 7.893672, mae: 0.575488
288,	Iter: 288, train loss: 4.2138, avg nll: 1.1342, avg wnll: nan, avg kl: 0.0184, mse: 0.612242, wmse: 7.933238, mae: 0.577477
289,	Iter: 289, train loss: 4.2018, avg nll: 1.1303, avg wnll: nan, avg kl: 0.0181, mse: 0.610693, wmse: 7.892553, mae: 0.576603
290,	Iter: 290, train loss: 4.2200, avg nll: 1.1363, avg wnll: nan, avg kl: 0.0185, mse: 0.613049, wmse: 7.908445, mae: 0.577402
nll: 1.0804, mse: 0.5835, mae: 0.5610, mean_mse: 8.0025, mean_mae: 0.5610
1678364364.6753917
291,	Iter: 291, train loss: 4.1999, avg nll: 1.1324, avg wnll: nan, avg kl: 0.0181, mse: 0.609877, wmse: 7.881075, mae: 0.575864
292,	Iter: 292, train loss: 4.2115, avg nll: 1.1348, avg wnll: nan, avg kl: 0.0180, mse: 0.611724, wmse: 7.910384, mae: 0.576548
293,	Iter: 293, train loss: 4.1979, avg nll: 1.1301, avg wnll: nan, avg kl: 0.0185, mse: 0.609866, wmse: 7.894731, mae: 0.575525
294,	Iter: 294, train loss: 4.2124, avg nll: 1.1346, avg wnll: nan, avg kl: 0.0180, mse: 0.611962, wmse: 7.904872, mae: 0.576720
295,	Iter: 295, train loss: 4.2058, avg nll: 1.1328, avg wnll: nan, avg kl: 0.0180, mse: 0.611007, wmse: 7.890841, mae: 0.575920
296,	Iter: 296, train loss: 4.1814, avg nll: 1.1310, avg wnll: nan, avg kl: 0.0184, mse: 0.606389, wmse: 7.844396, mae: 0.574216
297,	Iter: 297, train loss: 4.1759, avg nll: 1.1276, avg wnll: nan, avg kl: 0.0177, mse: 0.606114, wmse: 7.836449, mae: 0.573429
298,	Iter: 298, train loss: 4.1904, avg nll: 1.1288, avg wnll: nan, avg kl: 0.0178, mse: 0.608758, wmse: 7.874166, mae: 0.575442
299,	Iter: 299, train loss: 4.1791, avg nll: 1.1260, avg wnll: nan, avg kl: 0.0176, mse: 0.607122, wmse: 7.835978, mae: 0.574532
300,	Iter: 300, train loss: 4.1968, avg nll: 1.1315, avg wnll: nan, avg kl: 0.0180, mse: 0.609458, wmse: 7.849636, mae: 0.575368
nll: 1.0771, mse: 0.5809, mae: 0.5596, mean_mse: 7.9574, mean_mae: 0.5596
1678366415.2992008
saving.................
done
301,	Iter: 301, train loss: 4.1788, avg nll: 1.1297, avg wnll: nan, avg kl: 0.0176, mse: 0.606299, wmse: 7.823495, mae: 0.573854
302,	Iter: 302, train loss: 4.1903, avg nll: 1.1313, avg wnll: nan, avg kl: 0.0174, mse: 0.608326, wmse: 7.856594, mae: 0.574603
303,	Iter: 303, train loss: 4.1766, avg nll: 1.1259, avg wnll: nan, avg kl: 0.0179, mse: 0.606565, wmse: 7.839953, mae: 0.573649
304,	Iter: 304, train loss: 4.1911, avg nll: 1.1307, avg wnll: nan, avg kl: 0.0174, mse: 0.608609, wmse: 7.852987, mae: 0.574792
305,	Iter: 305, train loss: 4.1842, avg nll: 1.1288, avg wnll: nan, avg kl: 0.0174, mse: 0.607612, wmse: 7.835920, mae: 0.574005
306,	Iter: 306, train loss: 4.1595, avg nll: 1.1252, avg wnll: nan, avg kl: 0.0177, mse: 0.603326, wmse: 7.795118, mae: 0.572427
307,	Iter: 307, train loss: 4.1568, avg nll: 1.1245, avg wnll: nan, avg kl: 0.0172, mse: 0.603027, wmse: 7.788042, mae: 0.571679
308,	Iter: 308, train loss: 4.1705, avg nll: 1.1257, avg wnll: nan, avg kl: 0.0173, mse: 0.605501, wmse: 7.822479, mae: 0.573559
309,	Iter: 309, train loss: 4.1595, avg nll: 1.1226, avg wnll: nan, avg kl: 0.0171, mse: 0.603959, wmse: 7.787240, mae: 0.572727
310,	Iter: 310, train loss: 4.1762, avg nll: 1.1282, avg wnll: nan, avg kl: 0.0175, mse: 0.606109, wmse: 7.798136, mae: 0.573491
nll: 1.0736, mse: 0.5784, mae: 0.5581, mean_mse: 7.9181, mean_mae: 0.5581
1678368522.9698915
311,	Iter: 311, train loss: 4.1581, avg nll: 1.1253, avg wnll: nan, avg kl: 0.0170, mse: 0.603165, wmse: 7.774126, mae: 0.572141
312,	Iter: 312, train loss: 4.1696, avg nll: 1.1252, avg wnll: nan, avg kl: 0.0168, mse: 0.605512, wmse: 7.810896, mae: 0.573037
313,	Iter: 313, train loss: 4.1573, avg nll: 1.1226, avg wnll: nan, avg kl: 0.0173, mse: 0.603463, wmse: 7.789908, mae: 0.571908
314,	Iter: 314, train loss: 4.1707, avg nll: 1.1263, avg wnll: nan, avg kl: 0.0169, mse: 0.605495, wmse: 7.805371, mae: 0.572984
315,	Iter: 315, train loss: 4.1645, avg nll: 1.1249, avg wnll: nan, avg kl: 0.0169, mse: 0.604542, wmse: 7.787137, mae: 0.572247
316,	Iter: 316, train loss: 4.1408, avg nll: 1.1227, avg wnll: nan, avg kl: 0.0172, mse: 0.600189, wmse: 7.746168, mae: 0.570624
317,	Iter: 317, train loss: 4.1374, avg nll: 1.1212, avg wnll: nan, avg kl: 0.0167, mse: 0.599916, wmse: 7.740041, mae: 0.569891
318,	Iter: 318, train loss: 4.1515, avg nll: 1.1220, avg wnll: nan, avg kl: 0.0167, mse: 0.602556, wmse: 7.775150, mae: 0.571876
319,	Iter: 319, train loss: 4.1400, avg nll: 1.1186, avg wnll: nan, avg kl: 0.0166, mse: 0.600948, wmse: 7.739102, mae: 0.571025
320,	Iter: 320, train loss: 4.1562, avg nll: 1.1240, avg wnll: nan, avg kl: 0.0170, mse: 0.603029, wmse: 7.748183, mae: 0.571761
nll: 1.0704, mse: 0.5760, mae: 0.5566, mean_mse: 7.8811, mean_mae: 0.5566
1678370541.8063114
321,	Iter: 321, train loss: 4.1377, avg nll: 1.1208, avg wnll: nan, avg kl: 0.0166, mse: 0.600050, wmse: 7.724614, mae: 0.570406
322,	Iter: 322, train loss: 4.1514, avg nll: 1.1229, avg wnll: nan, avg kl: 0.0166, mse: 0.602399, wmse: 7.762916, mae: 0.571266
323,	Iter: 323, train loss: 4.1458, avg nll: 1.1267, avg wnll: nan, avg kl: 0.0169, mse: 0.600454, wmse: 7.739357, mae: 0.570172
324,	Iter: 324, train loss: 4.1529, avg nll: 1.1247, avg wnll: nan, avg kl: 0.0165, mse: 0.602347, wmse: 7.756950, mae: 0.571203
325,	Iter: 325, train loss: 4.1287, avg nll: 1.1225, avg wnll: nan, avg kl: 0.0247, mse: 0.601237, wmse: 7.731212, mae: 0.570408
326,	Iter: 326, train loss: 4.1018, avg nll: 1.1187, avg wnll: nan, avg kl: 0.0478, mse: 0.596557, wmse: 7.687132, mae: 0.568581
327,	Iter: 327, train loss: 4.0984, avg nll: 1.1164, avg wnll: nan, avg kl: 0.0704, mse: 0.596236, wmse: 7.682620, mae: 0.567746
328,	Iter: 328, train loss: 4.1102, avg nll: 1.1169, avg wnll: nan, avg kl: 0.0817, mse: 0.598367, wmse: 7.705902, mae: 0.569428
329,	Iter: 329, train loss: 4.1024, avg nll: 1.1154, avg wnll: nan, avg kl: 0.0798, mse: 0.597023, wmse: 7.677224, mae: 0.568766
330,	Iter: 330, train loss: 4.1153, avg nll: 1.1187, avg wnll: nan, avg kl: 0.0670, mse: 0.598900, wmse: 7.682748, mae: 0.569380
nll: 1.0674, mse: 0.5737, mae: 0.5553, mean_mse: 7.8348, mean_mae: 0.5553
1678372586.2403204
saving.................
done
331,	Iter: 331, train loss: 4.0980, avg nll: 1.1164, avg wnll: nan, avg kl: 0.0608, mse: 0.595881, wmse: 7.654625, mae: 0.567946
332,	Iter: 332, train loss: 4.1126, avg nll: 1.1190, avg wnll: nan, avg kl: 0.0576, mse: 0.598231, wmse: 7.694978, mae: 0.568868
333,	Iter: 333, train loss: 4.0997, avg nll: 1.1145, avg wnll: nan, avg kl: 0.0533, mse: 0.596516, wmse: 7.673037, mae: 0.567865
334,	Iter: 334, train loss: 4.1134, avg nll: 1.1183, avg wnll: nan, avg kl: 0.0498, mse: 0.598464, wmse: 7.692283, mae: 0.568950
335,	Iter: 335, train loss: 4.1065, avg nll: 1.1168, avg wnll: nan, avg kl: 0.0464, mse: 0.597357, wmse: 7.666993, mae: 0.568084
336,	Iter: 336, train loss: 4.0845, avg nll: 1.1170, avg wnll: nan, avg kl: 0.0458, mse: 0.592882, wmse: 7.625684, mae: 0.566478
337,	Iter: 337, train loss: 4.0796, avg nll: 1.1126, avg wnll: nan, avg kl: 0.0447, mse: 0.592742, wmse: 7.626300, mae: 0.565765
338,	Iter: 338, train loss: 4.0905, avg nll: 1.1118, avg wnll: nan, avg kl: 0.0446, mse: 0.595038, wmse: 7.652375, mae: 0.567522
339,	Iter: 339, train loss: 4.0828, avg nll: 1.1111, avg wnll: nan, avg kl: 0.0445, mse: 0.593579, wmse: 7.620791, mae: 0.566844
340,	Iter: 340, train loss: 4.0986, avg nll: 1.1161, avg wnll: nan, avg kl: 0.0444, mse: 0.595668, wmse: 7.632321, mae: 0.567576
nll: 1.0631, mse: 0.5705, mae: 0.5532, mean_mse: 7.7828, mean_mae: 0.5532
1678374583.153455
341,	Iter: 341, train loss: 4.0781, avg nll: 1.1114, avg wnll: nan, avg kl: 0.0444, mse: 0.592476, wmse: 7.599607, mae: 0.566052
342,	Iter: 342, train loss: 4.0954, avg nll: 1.1150, avg wnll: nan, avg kl: 0.0447, mse: 0.595140, wmse: 7.644363, mae: 0.567153
343,	Iter: 343, train loss: 4.0815, avg nll: 1.1104, avg wnll: nan, avg kl: 0.0448, mse: 0.593236, wmse: 7.620230, mae: 0.565990
344,	Iter: 344, train loss: 4.0952, avg nll: 1.1145, avg wnll: nan, avg kl: 0.0442, mse: 0.595095, wmse: 7.641309, mae: 0.567092
345,	Iter: 345, train loss: 4.0894, avg nll: 1.1138, avg wnll: nan, avg kl: 0.0438, mse: 0.594054, wmse: 7.614733, mae: 0.566246
346,	Iter: 346, train loss: 4.0660, avg nll: 1.1116, avg wnll: nan, avg kl: 0.0444, mse: 0.589739, wmse: 7.574603, mae: 0.564693
347,	Iter: 347, train loss: 4.0641, avg nll: 1.1087, avg wnll: nan, avg kl: 0.0440, mse: 0.589891, wmse: 7.580756, mae: 0.564106
348,	Iter: 348, train loss: 4.0744, avg nll: 1.1078, avg wnll: nan, avg kl: 0.0446, mse: 0.592073, wmse: 7.605419, mae: 0.565813
349,	Iter: 349, train loss: 4.0671, avg nll: 1.1080, avg wnll: nan, avg kl: 0.0445, mse: 0.590503, wmse: 7.571168, mae: 0.565044
350,	Iter: 350, train loss: 4.0817, avg nll: 1.1119, avg wnll: nan, avg kl: 0.0456, mse: 0.592546, wmse: 7.583794, mae: 0.565782
nll: 1.0600, mse: 0.5681, mae: 0.5516, mean_mse: 7.7393, mean_mae: 0.5516
1678376597.3351524
351,	Iter: 351, train loss: 4.0630, avg nll: 1.1085, avg wnll: nan, avg kl: 0.0457, mse: 0.589443, wmse: 7.551482, mae: 0.564356
352,	Iter: 352, train loss: 4.0808, avg nll: 1.1126, avg wnll: nan, avg kl: 0.0454, mse: 0.592114, wmse: 7.597176, mae: 0.565432
353,	Iter: 353, train loss: 4.0677, avg nll: 1.1080, avg wnll: nan, avg kl: 0.0452, mse: 0.590375, wmse: 7.574499, mae: 0.564342
354,	Iter: 354, train loss: 4.0801, avg nll: 1.1110, avg wnll: nan, avg kl: 0.0446, mse: 0.592241, wmse: 7.597261, mae: 0.565506
355,	Iter: 355, train loss: 4.0739, avg nll: 1.1094, avg wnll: nan, avg kl: 0.0446, mse: 0.591265, wmse: 7.569460, mae: 0.564668
356,	Iter: 356, train loss: 4.0515, avg nll: 1.1083, avg wnll: nan, avg kl: 0.0450, mse: 0.586917, wmse: 7.529788, mae: 0.563098
357,	Iter: 357, train loss: 4.0519, avg nll: 1.1072, avg wnll: nan, avg kl: 0.0447, mse: 0.587176, wmse: 7.537793, mae: 0.562602
358,	Iter: 358, train loss: 4.0624, avg nll: 1.1064, avg wnll: nan, avg kl: 0.0449, mse: 0.589372, wmse: 7.562305, mae: 0.564214
359,	Iter: 359, train loss: 4.0541, avg nll: 1.1049, avg wnll: nan, avg kl: 0.0443, mse: 0.587978, wmse: 7.533679, mae: 0.563656
360,	Iter: 360, train loss: 4.0684, avg nll: 1.1087, avg wnll: nan, avg kl: 0.0455, mse: 0.589980, wmse: 7.543368, mae: 0.564364
nll: 1.0571, mse: 0.5659, mae: 0.5503, mean_mse: 7.7031, mean_mae: 0.5503
1678378639.0726414
saving.................
done
361,	Iter: 361, train loss: 4.0493, avg nll: 1.1052, avg wnll: nan, avg kl: 0.0455, mse: 0.586820, wmse: 7.510456, mae: 0.562907
362,	Iter: 362, train loss: 4.0649, avg nll: 1.1066, avg wnll: nan, avg kl: 0.0450, mse: 0.589615, wmse: 7.558689, mae: 0.564067
363,	Iter: 363, train loss: 4.0563, avg nll: 1.1061, avg wnll: nan, avg kl: 0.0442, mse: 0.587957, wmse: 7.536259, mae: 0.562963
364,	Iter: 364, train loss: 4.0672, avg nll: 1.1077, avg wnll: nan, avg kl: 0.0436, mse: 0.589812, wmse: 7.560055, mae: 0.564109
365,	Iter: 365, train loss: 4.0618, avg nll: 1.1073, avg wnll: nan, avg kl: 0.0431, mse: 0.588774, wmse: 7.530213, mae: 0.563232
366,	Iter: 366, train loss: 4.0399, avg nll: 1.1060, avg wnll: nan, avg kl: 0.0436, mse: 0.584569, wmse: 7.493545, mae: 0.561732
367,	Iter: 367, train loss: 4.0399, avg nll: 1.1042, avg wnll: nan, avg kl: 0.0433, mse: 0.584896, wmse: 7.501140, mae: 0.561259
368,	Iter: 368, train loss: 4.0495, avg nll: 1.1028, avg wnll: nan, avg kl: 0.0431, mse: 0.587060, wmse: 7.525730, mae: 0.562845
369,	Iter: 369, train loss: 4.0420, avg nll: 1.1018, avg wnll: nan, avg kl: 0.0428, mse: 0.585735, wmse: 7.499670, mae: 0.562414
370,	Iter: 370, train loss: 4.0567, avg nll: 1.1068, avg wnll: nan, avg kl: 0.0435, mse: 0.587556, wmse: 7.506665, mae: 0.563012
nll: 1.0555, mse: 0.5650, mae: 0.5496, mean_mse: 7.6937, mean_mae: 0.5496
1678380683.9859166
371,	Iter: 371, train loss: 4.0376, avg nll: 1.1023, avg wnll: nan, avg kl: 0.0433, mse: 0.584602, wmse: 7.477076, mae: 0.561647
372,	Iter: 372, train loss: 4.0535, avg nll: 1.1046, avg wnll: nan, avg kl: 0.0429, mse: 0.587294, wmse: 7.521632, mae: 0.562762
373,	Iter: 373, train loss: 4.0454, avg nll: 1.1041, avg wnll: nan, avg kl: 0.0419, mse: 0.585791, wmse: 7.501475, mae: 0.561718
374,	Iter: 374, train loss: 4.0572, avg nll: 1.1057, avg wnll: nan, avg kl: 0.0415, mse: 0.587801, wmse: 7.528934, mae: 0.563042
375,	Iter: 375, train loss: 4.0496, avg nll: 1.1041, avg wnll: nan, avg kl: 0.0406, mse: 0.586616, wmse: 7.496779, mae: 0.562062
376,	Iter: 376, train loss: 4.0270, avg nll: 1.1017, avg wnll: nan, avg kl: 0.0411, mse: 0.582468, wmse: 7.462213, mae: 0.560572
377,	Iter: 377, train loss: 4.0282, avg nll: 1.1008, avg wnll: nan, avg kl: 0.0407, mse: 0.582874, wmse: 7.469300, mae: 0.560172
378,	Iter: 378, train loss: 4.0373, avg nll: 1.0987, avg wnll: nan, avg kl: 0.0406, mse: 0.585074, wmse: 7.494735, mae: 0.561735
379,	Iter: 379, train loss: 4.0317, avg nll: 1.0999, avg wnll: nan, avg kl: 0.0403, mse: 0.583680, wmse: 7.469665, mae: 0.561240
380,	Iter: 380, train loss: 4.0450, avg nll: 1.1035, avg wnll: nan, avg kl: 0.0406, mse: 0.585550, wmse: 7.476110, mae: 0.561889
nll: 1.0535, mse: 0.5635, mae: 0.5487, mean_mse: 7.6657, mean_mae: 0.5487
1678382786.087374
381,	Iter: 381, train loss: 4.0254, avg nll: 1.0988, avg wnll: nan, avg kl: 0.0405, mse: 0.582529, wmse: 7.446311, mae: 0.560485
382,	Iter: 382, train loss: 4.0420, avg nll: 1.1020, avg wnll: nan, avg kl: 0.0403, mse: 0.585176, wmse: 7.490289, mae: 0.561607
383,	Iter: 383, train loss: 4.0329, avg nll: 1.0990, avg wnll: nan, avg kl: 0.0386, mse: 0.584020, wmse: 7.473544, mae: 0.560708
384,	Iter: 384, train loss: 4.0481, avg nll: 1.1047, avg wnll: nan, avg kl: 0.0388, mse: 0.585865, wmse: 7.499263, mae: 0.561976
385,slurmstepd: error: *** JOB 243698 ON gpu0 CANCELLED AT 2023-03-09T17:45:43 ***
