Namespace(n_union_tp=3500, data_folder='datasets/ZTF_all_noz', checkpoint='ZTF_all_noz0.7986480593681335.h5', start_col=1, inc_errors=False, print_at=1, embed_time=128, enc_num_heads=16, latent_dim=64, mixing='concat', num_ref_points=16, rec_hidden=128, width=512, save_at=30, patience=100, early_stopping=False, niters=20000, frac=0.5, batch_size=2, mse_weight=5.0, dropout=0.0, num_resamples=0, lr=1e-08, scheduler=False, warmup=4000, kl_zero=False, kl_annealing=True, net='hetvae', device='cuda', const_var=False, var_per_dim=False, std=0.1, seed=2, save=True, k_iwae=1) 5070271
validated 3407 files out of 3407 for band='i'
validated 3407 files out of 3407 for band='g'
validated 3407 files out of 3407 for band='r'
3407 3407
(2683, 3, 4431, 3)
created union_tp attribute of length 3500
dataset created w/ shape (2683, 3, 4431, 3)
train size: 2414, valid size: 242, test size: 269
datasets/ZTF_all_noz
=> loading checkpoint 'ZTF_all_noz0.7986480593681335.h5'
Namespace(n_union_tp=3500, data_folder='datasets/ZTF_all_noz', checkpoint='datasets/ZTF_all_noz0.799736499786377.h5', start_col=1, inc_errors=False, print_at=1, embed_time=128, enc_num_heads=16, latent_dim=64, mixing='concat', num_ref_points=16, rec_hidden=128, width=512, save_at=30, patience=100, early_stopping=False, niters=20000, frac=0.5, batch_size=2, mse_weight=5.0, dropout=0.0, num_resamples=0, lr=1e-07, scheduler=False, warmup=4000, kl_zero=False, kl_annealing=True, net='hetvae', device='cuda', const_var=False, var_per_dim=False, std=0.1, seed=2, save=True, k_iwae=1)
loaded checkpoint w/ loss=2.871047617844441
model_size=574662
3451,	Iter: 3451, train loss: 4.1521, avg nll: 1.7781, avg wnll: 19.8075, avg kl: 0.0533, mse: 0.470491, wmse: 6.199229, mae: 0.499261
3452,	Iter: 3452, train loss: 4.0692, avg nll: 1.6865, avg wnll: 19.3236, avg kl: 0.0533, mse: 0.472166, wmse: 6.204277, mae: 0.499886
3453,	Iter: 3453, train loss: 4.1585, avg nll: 1.7811, avg wnll: 21.6691, avg kl: 0.0541, mse: 0.470979, wmse: 6.178992, mae: 0.499072
3454,	Iter: 3454, train loss: 4.3262, avg nll: 1.9534, avg wnll: 25.3983, avg kl: 0.0532, mse: 0.470061, wmse: 6.158965, mae: 0.498858
3455,	Iter: 3455, train loss: 4.2557, avg nll: 1.8711, avg wnll: 20.3888, avg kl: 0.0526, mse: 0.472423, wmse: 6.206676, mae: 0.499373
3456,	Iter: 3456, train loss: 4.3002, avg nll: 1.9312, avg wnll: 21.3779, avg kl: 0.0541, mse: 0.469130, wmse: 6.158581, mae: 0.498229
3457,	Iter: 3457, train loss: 4.1090, avg nll: 1.7248, avg wnll: 17.3776, avg kl: 0.0545, mse: 0.472074, wmse: 6.184886, mae: 0.499990
3458,	Iter: 3458, train loss: 4.1268, avg nll: 1.7495, avg wnll: 21.0063, avg kl: 0.0537, mse: 0.470707, wmse: 6.190282, mae: 0.499282
3459,	Iter: 3459, train loss: 4.1030, avg nll: 1.7446, avg wnll: 18.0556, avg kl: 0.0543, mse: 0.466827, wmse: 6.127780, mae: 0.497267
3460,	Iter: 3460, train loss: 4.1739, avg nll: 1.8097, avg wnll: 22.5149, avg kl: 0.0537, mse: 0.467988, wmse: 6.135795, mae: 0.497724
nll: 1.0568, mse: 0.5303, mae: 0.5290, mean_mse: 6.9262, mean_mae: 0.5290
1679275785.0832496
3461,	Iter: 3461, train loss: 2.8920, avg nll: 0.8097, avg wnll: 6.0872, avg kl: 0.0524, mse: 0.411653, wmse: 5.380939, mae: 0.463066
3462,	Iter: 3462, train loss: 2.8943, avg nll: 0.8071, avg wnll: 6.1348, avg kl: 0.0520, mse: 0.412608, wmse: 5.397458, mae: 0.463831
3463,	Iter: 3463, train loss: 2.8933, avg nll: 0.8079, avg wnll: 6.0752, avg kl: 0.0522, mse: 0.412185, wmse: 5.387727, mae: 0.463371
3464,	Iter: 3464, train loss: 2.8780, avg nll: 0.8049, avg wnll: 6.0746, avg kl: 0.0520, mse: 0.409674, wmse: 5.359290, mae: 0.462155
3465,	Iter: 3465, train loss: 2.8938, avg nll: 0.8110, avg wnll: 6.1514, avg kl: 0.0518, mse: 0.411598, wmse: 5.373217, mae: 0.463359
3466,	Iter: 3466, train loss: 2.8880, avg nll: 0.8039, avg wnll: 6.0563, avg kl: 0.0522, mse: 0.411752, wmse: 5.375599, mae: 0.463211
3467,	Iter: 3467, train loss: 2.8614, avg nll: 0.7974, avg wnll: 6.0393, avg kl: 0.0519, mse: 0.407698, wmse: 5.321518, mae: 0.461645
3468,	Iter: 3468, train loss: 2.8786, avg nll: 0.8025, avg wnll: 6.0514, avg kl: 0.0519, mse: 0.410057, wmse: 5.358104, mae: 0.462480
3469,	Iter: 3469, train loss: 2.8801, avg nll: 0.8016, avg wnll: 6.0386, avg kl: 0.0521, mse: 0.410471, wmse: 5.369751, mae: 0.462342
3470,	Iter: 3470, train loss: 2.8759, avg nll: 0.7985, avg wnll: 6.0209, avg kl: 0.0527, mse: 0.410157, wmse: 5.367135, mae: 0.461914
nll: 1.0575, mse: 0.5302, mae: 0.5289, mean_mse: 6.9249, mean_mae: 0.5289
1679277885.1520865
3471,	Iter: 3471, train loss: 2.8944, avg nll: 0.8096, avg wnll: 6.1165, avg kl: 0.0520, mse: 0.411621, wmse: 5.380402, mae: 0.463040
3472,	Iter: 3472, train loss: 2.8966, avg nll: 0.8070, avg wnll: 6.1668, avg kl: 0.0516, mse: 0.412577, wmse: 5.397253, mae: 0.463797
3473,	Iter: 3473, train loss: 2.8957, avg nll: 0.8078, avg wnll: 6.1109, avg kl: 0.0518, mse: 0.412173, wmse: 5.387996, mae: 0.463355
3474,	Iter: 3474, train loss: 2.8802, avg nll: 0.8048, avg wnll: 6.1116, avg kl: 0.0516, mse: 0.409634, wmse: 5.359193, mae: 0.462120
3475,	Iter: 3475, train loss: 2.8963, avg nll: 0.8109, avg wnll: 6.1900, avg kl: 0.0513, mse: 0.411595, wmse: 5.373414, mae: 0.463348
3476,	Iter: 3476, train loss: 2.8901, avg nll: 0.8038, avg wnll: 6.0914, avg kl: 0.0518, mse: 0.411695, wmse: 5.375020, mae: 0.463166
3477,	Iter: 3477, train loss: 2.8637, avg nll: 0.7973, avg wnll: 6.0741, avg kl: 0.0515, mse: 0.407669, wmse: 5.321251, mae: 0.461619
3478,	Iter: 3478, train loss: 2.8809, avg nll: 0.8024, avg wnll: 6.0849, avg kl: 0.0515, mse: 0.410029, wmse: 5.357967, mae: 0.462457
3479,	Iter: 3479, train loss: 2.8826, avg nll: 0.8016, avg wnll: 6.0708, avg kl: 0.0517, mse: 0.410476, wmse: 5.369934, mae: 0.462342
3480,	Iter: 3480, train loss: 2.8785, avg nll: 0.7984, avg wnll: 6.0516, avg kl: 0.0523, mse: 0.410169, wmse: 5.367459, mae: 0.461915
nll: 1.0584, mse: 0.5302, mae: 0.5289, mean_mse: 6.9245, mean_mae: 0.5289
1679279982.9489603
saving.................
done
3481,	Iter: 3481, train loss: 2.8969, avg nll: 0.8096, avg wnll: 6.1460, avg kl: 0.0517, mse: 0.411615, wmse: 5.380460, mae: 0.463035
3482,	Iter: 3482, train loss: 2.8990, avg nll: 0.8070, avg wnll: 6.1944, avg kl: 0.0512, mse: 0.412560, wmse: 5.397112, mae: 0.463781
3483,	Iter: 3483, train loss: 2.8982, avg nll: 0.8077, avg wnll: 6.1369, avg kl: 0.0514, mse: 0.412179, wmse: 5.388142, mae: 0.463353
3484,	Iter: 3484, train loss: 2.8827, avg nll: 0.8048, avg wnll: 6.1366, avg kl: 0.0512, mse: 0.409628, wmse: 5.359196, mae: 0.462113
3485,	Iter: 3485, train loss: 2.8989, avg nll: 0.8110, avg wnll: 6.2143, avg kl: 0.0510, mse: 0.411600, wmse: 5.373590, mae: 0.463351
3486,	Iter: 3486, train loss: 2.8926, avg nll: 0.8038, avg wnll: 6.1131, avg kl: 0.0514, mse: 0.411683, wmse: 5.374925, mae: 0.463157
3487,	Iter: 3487, train loss: 2.8662, avg nll: 0.7973, avg wnll: 6.0952, avg kl: 0.0511, mse: 0.407672, wmse: 5.321333, mae: 0.461619
3488,	Iter: 3488, train loss: 2.8834, avg nll: 0.8024, avg wnll: 6.1046, avg kl: 0.0512, mse: 0.410029, wmse: 5.358059, mae: 0.462454
3489,	Iter: 3489, train loss: 2.8853, avg nll: 0.8016, avg wnll: 6.0900, avg kl: 0.0513, mse: 0.410491, wmse: 5.370189, mae: 0.462351
3490,	Iter: 3490, train loss: 2.8812, avg nll: 0.7985, avg wnll: 6.0699, avg kl: 0.0519, mse: 0.410185, wmse: 5.367786, mae: 0.461923
nll: 1.0588, mse: 0.5301, mae: 0.5289, mean_mse: 6.9242, mean_mae: 0.5289
1679282102.0357392
3491,	Iter: 3491, train loss: 2.8995, avg nll: 0.8096, avg wnll: 6.1634, avg kl: 0.0513, mse: 0.411620, wmse: 5.380616, mae: 0.463039
3492,	Iter: 3492, train loss: 2.9016, avg nll: 0.8070, avg wnll: 6.2110, avg kl: 0.0509, mse: 0.412558, wmse: 5.397143, mae: 0.463780
3493,	Iter: 3493, train loss: 2.9008, avg nll: 0.8077, avg wnll: 6.1524, avg kl: 0.0511, mse: 0.412192, wmse: 5.388361, mae: 0.463359
3494,	Iter: 3494, train loss: 2.8852, avg nll: 0.8048, avg wnll: 6.1517, avg kl: 0.0509, mse: 0.409634, wmse: 5.359329, mae: 0.462115
3495,	Iter: 3495, train loss: 2.9015, avg nll: 0.8110, avg wnll: 6.2291, avg kl: 0.0506, mse: 0.411613, wmse: 5.373844, mae: 0.463359
3496,	Iter: 3496, train loss: 2.8951, avg nll: 0.8038, avg wnll: 6.1266, avg kl: 0.0511, mse: 0.411687, wmse: 5.375025, mae: 0.463159
3497,	Iter: 3497, train loss: 2.8688, avg nll: 0.7973, avg wnll: 6.1083, avg kl: 0.0508, mse: 0.407685, wmse: 5.321552, mae: 0.461628
3498,	Iter: 3498, train loss: 2.8860, avg nll: 0.8024, avg wnll: 6.1169, avg kl: 0.0509, mse: 0.410038, wmse: 5.358249, mae: 0.462459
3499,	Iter: 3499, train loss: 2.8879, avg nll: 0.8016, avg wnll: 6.1020, avg kl: 0.0510, mse: 0.410510, wmse: 5.370485, mae: 0.462364
3500,	Iter: 3500, train loss: 2.8839, avg nll: 0.7985, avg wnll: 6.0814, avg kl: 0.0516, mse: 0.410205, wmse: 5.368131, mae: 0.461934
nll: 1.0591, mse: 0.5301, mae: 0.5288, mean_mse: 6.9239, mean_mae: 0.5288
1679284239.5812488
3501,	Iter: 3501, train loss: 2.9021, avg nll: 0.8097, avg wnll: 6.1743, avg kl: 0.0510, mse: 0.411632, wmse: 5.380839, mae: 0.463048
3502,	Iter: 3502, train loss: 2.9041, avg nll: 0.8071, avg wnll: 6.2214, avg kl: 0.0505, mse: 0.412563, wmse: 5.397275, mae: 0.463783
3503,	Iter: 3503, train loss: 2.9034, avg nll: 0.8078, avg wnll: 6.1622, avg kl: 0.0507, mse: 0.412208, wmse: 5.388623, mae: 0.463368
3504,	Iter: 3504, train loss: 2.8878, avg nll: 0.8048, avg wnll: 6.1613, avg kl: 0.0505, mse: 0.409645, wmse: 5.359514, mae: 0.462122
3505,	Iter: 3505, train loss: 2.9041, avg nll: 0.8111, avg wnll: 6.2385, avg kl: 0.0503, mse: 0.411629, wmse: 5.374124, mae: 0.463369
3506,	Iter: 3506, train loss: 2.8977, avg nll: 0.8038, avg wnll: 6.1352, avg kl: 0.0507, mse: 0.411698, wmse: 5.375241, mae: 0.463166
3507,	Iter: 3507, train loss: 2.8714, avg nll: 0.7973, avg wnll: 6.1167, avg kl: 0.0505, mse: 0.407702, wmse: 5.321843, mae: 0.461639
3508,	Iter: 3508, train loss: 2.8886, avg nll: 0.8025, avg wnll: 6.1246, avg kl: 0.0505, mse: 0.410053, wmse: 5.358503, mae: 0.462467
3509,	Iter: 3509, train loss: 2.8905, avg nll: 0.8017, avg wnll: 6.1097, avg kl: 0.0507, mse: 0.410529, wmse: 5.370797, mae: 0.462378
3510,	Iter: 3510, train loss: 2.8866, avg nll: 0.7985, avg wnll: 6.0889, avg kl: 0.0513, mse: 0.410226, wmse: 5.368498, mae: 0.461947
nll: 1.0592, mse: 0.5301, mae: 0.5288, mean_mse: 6.9237, mean_mae: 0.5288
1679286314.623306
saving.................
done
3511,	Iter: 3511, train loss: 2.9047, avg nll: 0.8097, avg wnll: 6.1813, avg kl: 0.0507, mse: 0.411647, wmse: 5.381107, mae: 0.463058
3512,	Iter: 3512, train loss: 2.9066, avg nll: 0.8071, avg wnll: 6.2282, avg kl: 0.0502, mse: 0.412572, wmse: 5.397476, mae: 0.463789
3513,	Iter: 3513, train loss: 2.9060, avg nll: 0.8078, avg wnll: 6.1686, avg kl: 0.0504, mse: 0.412225, wmse: 5.388914, mae: 0.463379
3514,	Iter: 3514, train loss: 2.8904, avg nll: 0.8049, avg wnll: 6.1675, avg kl: 0.0502, mse: 0.409659, wmse: 5.359731, mae: 0.462131
3515,	Iter: 3515, train loss: 2.9067, avg nll: 0.8111, avg wnll: 6.2448, avg kl: 0.0500, mse: 0.411648, wmse: 5.374436, mae: 0.463383
3516,	Iter: 3516, train loss: 2.9003, avg nll: 0.8038, avg wnll: 6.1409, avg kl: 0.0504, mse: 0.411713, wmse: 5.375515, mae: 0.463177
3517,	Iter: 3517, train loss: 2.8740, avg nll: 0.7974, avg wnll: 6.1223, avg kl: 0.0501, mse: 0.407722, wmse: 5.322169, mae: 0.461654
3518,	Iter: 3518, train loss: 2.8911, avg nll: 0.8025, avg wnll: 6.1298, avg kl: 0.0502, mse: 0.410070, wmse: 5.358798, mae: 0.462478
3519,	Iter: 3519, train loss: 2.8931, avg nll: 0.8017, avg wnll: 6.1147, avg kl: 0.0503, mse: 0.410551, wmse: 5.371140, mae: 0.462393
3520,	Iter: 3520, train loss: 2.8892, avg nll: 0.7986, avg wnll: 6.0938, avg kl: 0.0509, mse: 0.410247, wmse: 5.368873, mae: 0.461961
nll: 1.0593, mse: 0.5301, mae: 0.5288, mean_mse: 6.9234, mean_mae: 0.5288
1679288474.4502552
3521,	Iter: 3521, train loss: 2.9073, avg nll: 0.8097, avg wnll: 6.1860, avg kl: 0.0503, mse: 0.411665, wmse: 5.381413, mae: 0.463071
3522,	Iter: 3522, train loss: 2.9092, avg nll: 0.8071, avg wnll: 6.2327, avg kl: 0.0499, mse: 0.412585, wmse: 5.397723, mae: 0.463798
3523,	Iter: 3523, train loss: 2.9086, avg nll: 0.8078, avg wnll: 6.1730, avg kl: 0.0501, mse: 0.412244, wmse: 5.389225, mae: 0.463391
3524,	Iter: 3524, train loss: 2.8929, avg nll: 0.8049, avg wnll: 6.1718, avg kl: 0.0499, mse: 0.409676, wmse: 5.359980, mae: 0.462142
3525,	Iter: 3525, train loss: 2.9093, avg nll: 0.8112, avg wnll: 6.2492, avg kl: 0.0496, mse: 0.411668, wmse: 5.374779, mae: 0.463397
3526,	Iter: 3526, train loss: 2.9028, avg nll: 0.8038, avg wnll: 6.1449, avg kl: 0.0501, mse: 0.411731, wmse: 5.375833, mae: 0.463190
3527,	Iter: 3527, train loss: 2.8765, avg nll: 0.7974, avg wnll: 6.1264, avg kl: 0.0498, mse: 0.407745, wmse: 5.322530, mae: 0.461669
3528,	Iter: 3528, train loss: 2.8937, avg nll: 0.8025, avg wnll: 6.1334, avg kl: 0.0499, mse: 0.410089, wmse: 5.359133, mae: 0.462491
3529,	Iter: 3529, train loss: 2.8957, avg nll: 0.8018, avg wnll: 6.1184, avg kl: 0.0500, mse: 0.410573, wmse: 5.371493, mae: 0.462408
3530,	Iter: 3530, train loss: 2.8918, avg nll: 0.7986, avg wnll: 6.0974, avg kl: 0.0506, mse: 0.410270, wmse: 5.369263, mae: 0.461975
nll: 1.0593, mse: 0.5301, mae: 0.5288, mean_mse: 6.9232, mean_mae: 0.5288
1679290500.3110538
3531,	Iter: 3531, train loss: 2.9098, avg nll: 0.8098, avg wnll: 6.1892, avg kl: 0.0500, mse: 0.411685, wmse: 5.381736, mae: 0.463084
3532,	Iter: 3532, train loss: 2.9117, avg nll: 0.8072, avg wnll: 6.2360, avg kl: 0.0495, mse: 0.412601, wmse: 5.397999, mae: 0.463808
3533,	Iter: 3533, train loss: 2.9111, avg nll: 0.8079, avg wnll: 6.1761, avg kl: 0.0497, mse: 0.412264, wmse: 5.389555, mae: 0.463403
3534,	Iter: 3534, train loss: 2.8954, avg nll: 0.8049, avg wnll: 6.1749, avg kl: 0.0495, mse: 0.409694, wmse: 5.360249, mae: 0.462154
3535,	Iter: 3535, train loss: 2.9118, avg nll: 0.8113, avg wnll: 6.2524, avg kl: 0.0493, mse: 0.411691, wmse: 5.375149, mae: 0.463412
3536,	Iter: 3536, train loss: 2.9053, avg nll: 0.8039, avg wnll: 6.1478, avg kl: 0.0497, mse: 0.411752, wmse: 5.376197, mae: 0.463204
3537,	Iter: 3537, train loss: 2.8791, avg nll: 0.7975, avg wnll: 6.1294, avg kl: 0.0495, mse: 0.407770, wmse: 5.322927, mae: 0.461686
3538,	Iter: 3538, train loss: 2.8962, avg nll: 0.8026, avg wnll: 6.1361, avg kl: 0.0495, mse: 0.410111, wmse: 5.359490, mae: 0.462505
3539,	Iter: 3539, train loss: 2.8982, avg nll: 0.8018, avg wnll: 6.1210, avg kl: 0.0497, mse: 0.410597, wmse: 5.371870, mae: 0.462425
3540,	Iter: 3540, train loss: 2.8944, avg nll: 0.7987, avg wnll: 6.1001, avg kl: 0.0502, mse: 0.410294, wmse: 5.369682, mae: 0.461991
nll: 1.0593, mse: 0.5300, mae: 0.5288, mean_mse: 6.9230, mean_mae: 0.5288
1679292713.6898847
saving.................
done
3541,	Iter: 3541, train loss: 2.9123, avg nll: 0.8098, avg wnll: 6.1916, avg kl: 0.0496, mse: 0.411707, wmse: 5.382100, mae: 0.463101
3542,	Iter: 3542, train loss: 2.9141, avg nll: 0.8072, avg wnll: 6.2385, avg kl: 0.0492, mse: 0.412619, wmse: 5.398301, mae: 0.463820
3543,	Iter: 3543, train loss: 2.9136, avg nll: 0.8079, avg wnll: 6.1783, avg kl: 0.0494, mse: 0.412285, wmse: 5.389914, mae: 0.463418
3544,	Iter: 3544, train loss: 2.8979, avg nll: 0.8050, avg wnll: 6.1771, avg kl: 0.0492, mse: 0.409713, wmse: 5.360557, mae: 0.462167
3545,	Iter: 3545, train loss: 2.9143, avg nll: 0.8113, avg wnll: 6.2548, avg kl: 0.0490, mse: 0.411715, wmse: 5.375549, mae: 0.463428
3546,	Iter: 3546, train loss: 2.9078, avg nll: 0.8039, avg wnll: 6.1500, avg kl: 0.0494, mse: 0.411776, wmse: 5.376583, mae: 0.463220
3547,	Iter: 3547, train loss: 2.8816, avg nll: 0.7976, avg wnll: 6.1317, avg kl: 0.0491, mse: 0.407795, wmse: 5.323331, mae: 0.461704
3548,	Iter: 3548, train loss: 2.8986, avg nll: 0.8026, avg wnll: 6.1380, avg kl: 0.0492, mse: 0.410134, wmse: 5.359883, mae: 0.462521
3549,	Iter: 3549, train loss: 2.9007, avg nll: 0.8019, avg wnll: 6.1229, avg kl: 0.0493, mse: 0.410622, wmse: 5.372263, mae: 0.462443
3550,	Iter: 3550, train loss: 2.8969, avg nll: 0.7987, avg wnll: 6.1021, avg kl: 0.0499, mse: 0.410320, wmse: 5.370116, mae: 0.462008
nll: 1.0593, mse: 0.5300, mae: 0.5288, mean_mse: 6.9227, mean_mae: 0.5288
1679294779.1594872
3551,	Iter: 3551, train loss: 2.9148, avg nll: 0.8099, avg wnll: 6.1934, avg kl: 0.0493, mse: 0.411730, wmse: 5.382483, mae: 0.463117
3552,	Iter: 3552, train loss: 2.9166, avg nll: 0.8073, avg wnll: 6.2403, avg kl: 0.0488, mse: 0.412638, wmse: 5.398646, mae: 0.463834
3553,	Iter: 3553, train loss: 2.9161, avg nll: 0.8080, avg wnll: 6.1801, avg kl: 0.0490, mse: 0.412308, wmse: 5.390293, mae: 0.463433
3554,	Iter: 3554, train loss: 2.9003, avg nll: 0.8050, avg wnll: 6.1789, avg kl: 0.0488, mse: 0.409734, wmse: 5.360866, mae: 0.462180
3555,	Iter: 3555, train loss: 2.9167, avg nll: 0.8114, avg wnll: 6.2567, avg kl: 0.0486, mse: 0.411740, wmse: 5.375961, mae: 0.463446
3556,	Iter: 3556, train loss: 2.9103, avg nll: 0.8040, avg wnll: 6.1518, avg kl: 0.0490, mse: 0.411800, wmse: 5.376984, mae: 0.463237
3557,	Iter: 3557, train loss: 2.8841, avg nll: 0.7976, avg wnll: 6.1335, avg kl: 0.0488, mse: 0.407822, wmse: 5.323771, mae: 0.461723
3558,	Iter: 3558, train loss: 2.9011, avg nll: 0.8027, avg wnll: 6.1396, avg kl: 0.0488, mse: 0.410158, wmse: 5.360290, mae: 0.462538
3559,	Iter: 3559, train loss: 2.9032, avg nll: 0.8019, avg wnll: 6.1246, avg kl: 0.0490, mse: 0.410648, wmse: 5.372672, mae: 0.462461
3560,	Iter: 3560, train loss: 2.8994, avg nll: 0.7988, avg wnll: 6.1038, avg kl: 0.0496, mse: 0.410345, wmse: 5.370563, mae: 0.462024
nll: 1.0593, mse: 0.5300, mae: 0.5288, mean_mse: 6.9225, mean_mae: 0.5288
1679296847.3879652
3561,	Iter: 3561, train loss: 2.9173, avg nll: 0.8099, avg wnll: 6.1949, avg kl: 0.0490, mse: 0.411756, wmse: 5.382888, mae: 0.463135
3562,	Iter: 3562, train loss: 2.9190, avg nll: 0.8073, avg wnll: 6.2419, avg kl: 0.0485, mse: 0.412659, wmse: 5.399015, mae: 0.463849
3563,	Iter: 3563, train loss: 2.9184, avg nll: 0.8080, avg wnll: 6.1815, avg kl: 0.0487, mse: 0.412331, wmse: 5.390688, mae: 0.463449
3564,	Iter: 3564, train loss: 2.9024, avg nll: 0.8051, avg wnll: 6.1803, avg kl: 0.0485, mse: 0.409756, wmse: 5.361202, mae: 0.462196
3565,	Iter: 3565, train loss: 2.9185, avg nll: 0.8114, avg wnll: 6.2583, avg kl: 0.0483, mse: 0.411766, wmse: 5.376400, mae: 0.463464
3566,	Iter: 3566, train loss: 2.9119, avg nll: 0.8040, avg wnll: 6.1532, avg kl: 0.0487, mse: 0.411825, wmse: 5.377404, mae: 0.463254
3567,	Iter: 3567, train loss: 2.8854, avg nll: 0.7977, avg wnll: 6.1350, avg kl: 0.0484, mse: 0.407849, wmse: 5.324206, mae: 0.461742
3568,	Iter: 3568, train loss: 2.9021, avg nll: 0.8027, avg wnll: 6.1408, avg kl: 0.0485, mse: 0.410184, wmse: 5.360698, mae: 0.462555
3569,	Iter: 3569, train loss: 2.9040, avg nll: 0.8020, avg wnll: 6.1257, avg kl: 0.0486, mse: 0.410673, wmse: 5.373074, mae: 0.462480
3570,	Iter: 3570, train loss: 2.8999, avg nll: 0.7989, avg wnll: 6.1050, avg kl: 0.0492, mse: 0.410370, wmse: 5.370992, mae: 0.462041
nll: 1.0592, mse: 0.5300, mae: 0.5287, mean_mse: 6.9223, mean_mae: 0.5287
1679298944.4742832
saving.................
done
3571,	Iter: 3571, train loss: 2.9175, avg nll: 0.8100, avg wnll: 6.1958, avg kl: 0.0486, mse: 0.411780, wmse: 5.383279, mae: 0.463153
3572,	Iter: 3572, train loss: 2.9190, avg nll: 0.8074, avg wnll: 6.2429, avg kl: 0.0482, mse: 0.412679, wmse: 5.399357, mae: 0.463864
3573,	Iter: 3573, train loss: 2.9182, avg nll: 0.8081, avg wnll: 6.1824, avg kl: 0.0484, mse: 0.412353, wmse: 5.391057, mae: 0.463465
3574,	Iter: 3574, train loss: 2.9022, avg nll: 0.8051, avg wnll: 6.1811, avg kl: 0.0482, mse: 0.409777, wmse: 5.361526, mae: 0.462210
3575,	Iter: 3575, train loss: 2.9184, avg nll: 0.8115, avg wnll: 6.2592, avg kl: 0.0480, mse: 0.411789, wmse: 5.376789, mae: 0.463481
3576,	Iter: 3576, train loss: 2.9117, avg nll: 0.8041, avg wnll: 6.1541, avg kl: 0.0484, mse: 0.411848, wmse: 5.377796, mae: 0.463271
3577,	Iter: 3577, train loss: 2.8852, avg nll: 0.7977, avg wnll: 6.1359, avg kl: 0.0481, mse: 0.407873, wmse: 5.324612, mae: 0.461761
3578,	Iter: 3578, train loss: 2.9020, avg nll: 0.8028, avg wnll: 6.1414, avg kl: 0.0482, mse: 0.410207, wmse: 5.361084, mae: 0.462572
3579,	Iter: 3579, train loss: 2.9039, avg nll: 0.8020, avg wnll: 6.1263, avg kl: 0.0484, mse: 0.410696, wmse: 5.373430, mae: 0.462496
3580,	Iter: 3580, train loss: 2.8998, avg nll: 0.7989, avg wnll: 6.1056, avg kl: 0.0490, mse: 0.410392, wmse: 5.371372, mae: 0.462057
nll: 1.0592, mse: 0.5300, mae: 0.5287, mean_mse: 6.9221, mean_mae: 0.5287
1679301006.19049
3581,	Iter: 3581, train loss: 2.9174, avg nll: 0.8100, avg wnll: 6.1962, avg kl: 0.0484, mse: 0.411801, wmse: 5.383620, mae: 0.463168
3582,	Iter: 3582, train loss: 2.9188, avg nll: 0.8074, avg wnll: 6.2434, avg kl: 0.0479, mse: 0.412696, wmse: 5.399660, mae: 0.463877
3583,	Iter: 3583, train loss: 2.9181, avg nll: 0.8081, avg wnll: 6.1828, avg kl: 0.0481, mse: 0.412373, wmse: 5.391397, mae: 0.463480
3584,	Iter: 3584, train loss: 2.9021, avg nll: 0.8052, avg wnll: 6.1817, avg kl: 0.0479, mse: 0.409797, wmse: 5.361816, mae: 0.462225
3585,	Iter: 3585, train loss: 2.9183, avg nll: 0.8115, avg wnll: 6.2598, avg kl: 0.0477, mse: 0.411810, wmse: 5.377132, mae: 0.463497
3586,	Iter: 3586, train loss: 2.9116, avg nll: 0.8041, avg wnll: 6.1547, avg kl: 0.0481, mse: 0.411869, wmse: 5.378145, mae: 0.463287
3587,	Iter: 3587, train loss: 2.8851, avg nll: 0.7978, avg wnll: 6.1365, avg kl: 0.0479, mse: 0.407895, wmse: 5.324975, mae: 0.461778
3588,	Iter: 3588, train loss: 2.9019, avg nll: 0.8028, avg wnll: 6.1418, avg kl: 0.0480, mse: 0.410228, wmse: 5.361438, mae: 0.462587
3589,	Iter: 3589, train loss: 2.9038, avg nll: 0.8021, avg wnll: 6.1266, avg kl: 0.0481, mse: 0.410716, wmse: 5.373750, mae: 0.462512
3590,	Iter: 3590, train loss: 2.8997, avg nll: 0.7990, avg wnll: 6.1060, avg kl: 0.0487, mse: 0.410411, wmse: 5.371713, mae: 0.462071
nll: 1.0592, mse: 0.5300, mae: 0.5287, mean_mse: 6.9220, mean_mae: 0.5287
1679303101.5930395
3591,	Iter: 3591, train loss: 2.9173, avg nll: 0.8101, avg wnll: 6.1964, avg kl: 0.0481, mse: 0.411819, wmse: 5.383930, mae: 0.463182
3592,	Iter: 3592, train loss: 2.9187, avg nll: 0.8074, avg wnll: 6.2437, avg kl: 0.0477, mse: 0.412713, wmse: 5.399954, mae: 0.463890
3593,	Iter: 3593, train loss: 2.9180, avg nll: 0.8082, avg wnll: 6.1831, avg kl: 0.0479, mse: 0.412391, wmse: 5.391701, mae: 0.463493
3594,	Iter: 3594, train loss: 2.9020, avg nll: 0.8052, avg wnll: 6.1821, avg kl: 0.0477, mse: 0.409813, wmse: 5.362089, mae: 0.462238
3595,	Iter: 3595, train loss: 2.9182, avg nll: 0.8116, avg wnll: 6.2602, avg kl: 0.0475, mse: 0.411829, wmse: 5.377450, mae: 0.463511
3596,	Iter: 3596, train loss: 2.9115, avg nll: 0.8042, avg wnll: 6.1550, avg kl: 0.0479, mse: 0.411887, wmse: 5.378474, mae: 0.463301
3597,	Iter: 3597, train loss: 2.8851, avg nll: 0.7978, avg wnll: 6.1369, avg kl: 0.0477, mse: 0.407915, wmse: 5.325305, mae: 0.461793
3598,	Iter: 3598, train loss: 2.9018, avg nll: 0.8028, avg wnll: 6.1420, avg kl: 0.0477, mse: 0.410247, wmse: 5.361763, mae: 0.462602
3599,	Iter: 3599, train loss: 2.9037, avg nll: 0.8021, avg wnll: 6.1269, avg kl: 0.0479, mse: 0.410735, wmse: 5.374058, mae: 0.462526
3600,	Iter: 3600, train loss: 2.8996, avg nll: 0.7990, avg wnll: 6.1062, avg kl: 0.0485, mse: 0.410429, wmse: 5.372021, mae: 0.462084
nll: 1.0591, mse: 0.5300, mae: 0.5287, mean_mse: 6.9219, mean_mae: 0.5287
1679305199.4075418
saving.................
done
3601,	Iter: 3601, train loss: 2.9172, avg nll: 0.8101, avg wnll: 6.1965, avg kl: 0.0479, mse: 0.411837, wmse: 5.384230, mae: 0.463196
3602,	Iter: 3602, train loss: 2.9186, avg nll: 0.8075, avg wnll: 6.2439, avg kl: 0.0475, mse: 0.412728, wmse: 5.400220, mae: 0.463901
3603,	Iter: 3603, train loss: 2.9179, avg nll: 0.8082, avg wnll: 6.1833, avg kl: 0.0477, mse: 0.412408, wmse: 5.392002, mae: 0.463507
3604,	Iter: 3604, train loss: 2.9019, avg nll: 0.8052, avg wnll: 6.1823, avg kl: 0.0475, mse: 0.409830, wmse: 5.362343, mae: 0.462251
3605,	Iter: 3605, train loss: 2.9181, avg nll: 0.8116, avg wnll: 6.2604, avg kl: 0.0473, mse: 0.411846, wmse: 5.377744, mae: 0.463525
3606,	Iter: 3606, train loss: 2.9114, avg nll: 0.8042, avg wnll: 6.1553, avg kl: 0.0477, mse: 0.411904, wmse: 5.378770, mae: 0.463315
3607,	Iter: 3607, train loss: 2.8850, avg nll: 0.7979, avg wnll: 6.1372, avg kl: 0.0474, mse: 0.407933, wmse: 5.325609, mae: 0.461808
3608,	Iter: 3608, train loss: 2.9017, avg nll: 0.8029, avg wnll: 6.1422, avg kl: 0.0475, mse: 0.410265, wmse: 5.362060, mae: 0.462616
3609,	Iter: 3609, train loss: 2.9036, avg nll: 0.8021, avg wnll: 6.1270, avg kl: 0.0477, mse: 0.410751, wmse: 5.374327, mae: 0.462540
3610,	Iter: 3610, train loss: 2.8995, avg nll: 0.7990, avg wnll: 6.1063, avg kl: 0.0483, mse: 0.410445, wmse: 5.372302, mae: 0.462096
nll: 1.0591, mse: 0.5300, mae: 0.5287, mean_mse: 6.9219, mean_mae: 0.5287
1679307303.5163026
3611,	Iter: 3611, train loss: 2.9171, avg nll: 0.8101, avg wnll: 6.1965, avg kl: 0.0477, mse: 0.411853, wmse: 5.384501, mae: 0.463209
3612,	Iter: 3612, train loss: 2.9185, avg nll: 0.8075, avg wnll: 6.2440, avg kl: 0.0473, mse: 0.412742, wmse: 5.400466, mae: 0.463912
3613,	Iter: 3613, train loss: 2.9178, avg nll: 0.8082, avg wnll: 6.1834, avg kl: 0.0475, mse: 0.412424, wmse: 5.392279, mae: 0.463518
3614,	Iter: 3614, train loss: 2.9018, avg nll: 0.8053, avg wnll: 6.1824, avg kl: 0.0473, mse: 0.409845, wmse: 5.362580, mae: 0.462263
3615,	Iter: 3615, train loss: 2.9181, avg nll: 0.8117, avg wnll: 6.2605, avg kl: 0.0471, mse: 0.411863, wmse: 5.378027, mae: 0.463538
3616,	Iter: 3616, train loss: 2.9114, avg nll: 0.8042, avg wnll: 6.1554, avg kl: 0.0475, mse: 0.411921, wmse: 5.379056, mae: 0.463328
3617,	Iter: 3617, train loss: 2.8849, avg nll: 0.7979, avg wnll: 6.1374, avg kl: 0.0473, mse: 0.407950, wmse: 5.325896, mae: 0.461822
3618,	Iter: 3618, train loss: 2.9017, avg nll: 0.8029, avg wnll: 6.1422, avg kl: 0.0473, mse: 0.410282, wmse: 5.362352, mae: 0.462629
3619,	Iter: 3619, train loss: 2.9035, avg nll: 0.8022, avg wnll: 6.1270, avg kl: 0.0475, mse: 0.410768, wmse: 5.374601, mae: 0.462553
3620,	Iter: 3620, train loss: 2.8995, avg nll: 0.7991, avg wnll: 6.1063, avg kl: 0.0481, mse: 0.410461, wmse: 5.372582, mae: 0.462108
nll: 1.0591, mse: 0.5299, mae: 0.5287, mean_mse: 6.9218, mean_mae: 0.5287
1679309341.7044623
3621,	Iter: 3621, train loss: 2.9170, avg nll: 0.8102, avg wnll: 6.1964, avg kl: 0.0475, mse: 0.411868, wmse: 5.384753, mae: 0.463220
3622,	Iter: 3622, train loss: 2.9184, avg nll: 0.8075, avg wnll: 6.2440, avg kl: 0.0471, mse: 0.412755, wmse: 5.400715, mae: 0.463924
3623,	Iter: 3623, train loss: 2.9177, avg nll: 0.8083, avg wnll: 6.1835, avg kl: 0.0473, mse: 0.412440, wmse: 5.392545, mae: 0.463530
3624,	Iter: 3624, train loss: 2.9017, avg nll: 0.8053, avg wnll: 6.1825, avg kl: 0.0471, mse: 0.409860, wmse: 5.362811, mae: 0.462275
3625,	Iter: 3625, train loss: 2.9180, avg nll: 0.8117, avg wnll: 6.2606, avg kl: 0.0469, mse: 0.411879, wmse: 5.378295, mae: 0.463551
3626,	Iter: 3626, train loss: 2.9113, avg nll: 0.8043, avg wnll: 6.1555, avg kl: 0.0473, mse: 0.411937, wmse: 5.379331, mae: 0.463340
3627,	Iter: 3627, train loss: 2.8849, avg nll: 0.7980, avg wnll: 6.1374, avg kl: 0.0471, mse: 0.407966, wmse: 5.326167, mae: 0.461835
3628,	Iter: 3628, train loss: 2.9016, avg nll: 0.8030, avg wnll: 6.1420, avg kl: 0.0472, mse: 0.410300, wmse: 5.362637, mae: 0.462642
3629,	Iter: 3629, train loss: 2.9035, avg nll: 0.8022, avg wnll: 6.1268, avg kl: 0.0473, mse: 0.410783, wmse: 5.374839, mae: 0.462566
3630,	Iter: 3630, train loss: 2.8994, avg nll: 0.7991, avg wnll: 6.1061, avg kl: 0.0480, mse: 0.410475, wmse: 5.372835, mae: 0.462120
nll: 1.0590, mse: 0.5299, mae: 0.5287, mean_mse: 6.9216, mean_mae: 0.5287
1679311478.4698944
saving.................
done
3631,	Iter: 3631, train loss: 2.9169, avg nll: 0.8102, avg wnll: 6.1961, avg kl: 0.0474, mse: 0.411881, wmse: 5.384969, mae: 0.463230
3632,	Iter: 3632, train loss: 2.9183, avg nll: 0.8076, avg wnll: 6.2440, avg kl: 0.0469, mse: 0.412768, wmse: 5.400938, mae: 0.463935
3633,	Iter: 3633, train loss: 2.9177, avg nll: 0.8083, avg wnll: 6.1834, avg kl: 0.0471, mse: 0.412454, wmse: 5.392798, mae: 0.463542
3634,	Iter: 3634, train loss: 2.9017, avg nll: 0.8053, avg wnll: 6.1825, avg kl: 0.0470, mse: 0.409874, wmse: 5.363030, mae: 0.462285
3635,	Iter: 3635, train loss: 2.9180, avg nll: 0.8117, avg wnll: 6.2604, avg kl: 0.0468, mse: 0.411893, wmse: 5.378535, mae: 0.463562
3636,	Iter: 3636, train loss: 2.9113, avg nll: 0.8043, avg wnll: 6.1555, avg kl: 0.0472, mse: 0.411952, wmse: 5.379568, mae: 0.463352
3637,	Iter: 3637, train loss: 2.8848, avg nll: 0.7980, avg wnll: 6.1374, avg kl: 0.0469, mse: 0.407982, wmse: 5.326413, mae: 0.461847
3638,	Iter: 3638, train loss: 2.9016, avg nll: 0.8030, avg wnll: 6.1418, avg kl: 0.0470, mse: 0.410315, wmse: 5.362894, mae: 0.462654
3639,	Iter: 3639, train loss: 2.9034, avg nll: 0.8022, avg wnll: 6.1266, avg kl: 0.0472, mse: 0.410798, wmse: 5.375068, mae: 0.462577
3640,	Iter: 3640, train loss: 2.8994, avg nll: 0.7991, avg wnll: 6.1059, avg kl: 0.0478, mse: 0.410489, wmse: 5.373067, mae: 0.462131
nll: 1.0590, mse: 0.5299, mae: 0.5287, mean_mse: 6.9215, mean_mae: 0.5287
1679313533.5996737
3641,	Iter: 3641, train loss: 2.9169, avg nll: 0.8102, avg wnll: 6.1959, avg kl: 0.0472, mse: 0.411894, wmse: 5.385179, mae: 0.463241
3642,	Iter: 3642, train loss: 2.9183, avg nll: 0.8076, avg wnll: 6.2439, avg kl: 0.0468, mse: 0.412780, wmse: 5.401154, mae: 0.463944
3643,	Iter: 3643, train loss: 2.9176, avg nll: 0.8083, avg wnll: 6.1832, avg kl: 0.0470, mse: 0.412467, wmse: 5.393028, mae: 0.463552
3644,	Iter: 3644, train loss: 2.9016, avg nll: 0.8054, avg wnll: 6.1824, avg kl: 0.0468, mse: 0.409887, wmse: 5.363238, mae: 0.462296
3645,	Iter: 3645, train loss: 2.9179, avg nll: 0.8118, avg wnll: 6.2603, avg kl: 0.0466, mse: 0.411907, wmse: 5.378767, mae: 0.463574
3646,	Iter: 3646, train loss: 2.9112, avg nll: 0.8043, avg wnll: 6.1554, avg kl: 0.0470, mse: 0.411966, wmse: 5.379800, mae: 0.463363
3647,	Iter: 3647, train loss: 2.8848, avg nll: 0.7980, avg wnll: 6.1373, avg kl: 0.0468, mse: 0.407996, wmse: 5.326637, mae: 0.461859
3648,	Iter: 3648, train loss: 2.9015, avg nll: 0.8030, avg wnll: 6.1417, avg kl: 0.0469, mse: 0.410330, wmse: 5.363129, mae: 0.462664
3649,	Iter: 3649, train loss: 2.9034, avg nll: 0.8023, avg wnll: 6.1265, avg kl: 0.0471, mse: 0.410811, wmse: 5.375285, mae: 0.462587
3650,	Iter: 3650, train loss: 2.8993, avg nll: 0.7992, avg wnll: 6.1058, avg kl: 0.0477, mse: 0.410502, wmse: 5.373293, mae: 0.462140
nll: 1.0590, mse: 0.5299, mae: 0.5287, mean_mse: 6.9215, mean_mae: 0.5287
1679315646.2241063
3651,	Iter: 3651, train loss: 2.9168, avg nll: 0.8102, avg wnll: 6.1956, avg kl: 0.0471, mse: 0.411907, wmse: 5.385384, mae: 0.463251
3652,	Iter: 3652, train loss: 2.9182, avg nll: 0.8076, avg wnll: 6.2437, avg kl: 0.0467, mse: 0.412792, wmse: 5.401356, mae: 0.463954
3653,	Iter: 3653, train loss: 2.9176, avg nll: 0.8083, avg wnll: 6.1831, avg kl: 0.0468, mse: 0.412480, wmse: 5.393247, mae: 0.463562
3654,	Iter: 3654, train loss: 2.9016, avg nll: 0.8054, avg wnll: 6.1823, avg kl: 0.0467, mse: 0.409900, wmse: 5.363436, mae: 0.462307
3655,	Iter: 3655, train loss: 2.9179, avg nll: 0.8118, avg wnll: 6.2602, avg kl: 0.0465, mse: 0.411920, wmse: 5.378983, mae: 0.463584
3656,	Iter: 3656, train loss: 2.9112, avg nll: 0.8044, avg wnll: 6.1553, avg kl: 0.0469, mse: 0.411979, wmse: 5.380025, mae: 0.463373
3657,	Iter: 3657, train loss: 2.8848, avg nll: 0.7981, avg wnll: 6.1372, avg kl: 0.0467, mse: 0.408010, wmse: 5.326856, mae: 0.461870
3658,	Iter: 3658, train loss: 2.9015, avg nll: 0.8030, avg wnll: 6.1414, avg kl: 0.0468, mse: 0.410344, wmse: 5.363357, mae: 0.462674
3659,	Iter: 3659, train loss: 2.9033, avg nll: 0.8023, avg wnll: 6.1263, avg kl: 0.0469, mse: 0.410824, wmse: 5.375478, mae: 0.462597
3660,	Iter: 3660, train loss: 2.8993, avg nll: 0.7992, avg wnll: 6.1055, avg kl: 0.0475, mse: 0.410513, wmse: 5.373495, mae: 0.462149
nll: 1.0589, mse: 0.5299, mae: 0.5287, mean_mse: 6.9214, mean_mae: 0.5287
1679317655.8799455
saving.................
done
3661,	Iter: 3661, train loss: 2.9168, avg nll: 0.8102, avg wnll: 6.1954, avg kl: 0.0470, mse: 0.411918, wmse: 5.385573, mae: 0.463260
3662,	Iter: 3662, train loss: 2.9182, avg nll: 0.8076, avg wnll: 6.2436, avg kl: 0.0465, mse: 0.412803, wmse: 5.401541, mae: 0.463962
3663,	Iter: 3663, train loss: 2.9176, avg nll: 0.8084, avg wnll: 6.1829, avg kl: 0.0467, mse: 0.412493, wmse: 5.393452, mae: 0.463572
3664,	Iter: 3664, train loss: 2.9015, avg nll: 0.8054, avg wnll: 6.1821, avg kl: 0.0466, mse: 0.409912, wmse: 5.363618, mae: 0.462316
3665,	Iter: 3665, train loss: 2.9179, avg nll: 0.8118, avg wnll: 6.2600, avg kl: 0.0464, mse: 0.411932, wmse: 5.379191, mae: 0.463594
3666,	Iter: 3666, train loss: 2.9112, avg nll: 0.8044, avg wnll: 6.1552, avg kl: 0.0468, mse: 0.411991, wmse: 5.380230, mae: 0.463383
3667,	Iter: 3667, train loss: 2.8848, avg nll: 0.7981, avg wnll: 6.1371, avg kl: 0.0466, mse: 0.408022, wmse: 5.327060, mae: 0.461880
3668,	Iter: 3668, train loss: 2.9015, avg nll: 0.8031, avg wnll: 6.1413, avg kl: 0.0466, mse: 0.410357, wmse: 5.363566, mae: 0.462685
3669,	Iter: 3669, train loss: 2.9033, avg nll: 0.8023, avg wnll: 6.1261, avg kl: 0.0468, mse: 0.410836, wmse: 5.375672, mae: 0.462606
3670,	Iter: 3670, train loss: 2.8993, avg nll: 0.7992, avg wnll: 6.1053, avg kl: 0.0474, mse: 0.410524, wmse: 5.373691, mae: 0.462157
nll: 1.0589, mse: 0.5299, mae: 0.5287, mean_mse: 6.9213, mean_mae: 0.5287
1679319787.4695847
3671,	Iter: 3671, train loss: 2.9168, avg nll: 0.8103, avg wnll: 6.1950, avg kl: 0.0468, mse: 0.411929, wmse: 5.385752, mae: 0.463268
3672,	Iter: 3672, train loss: 2.9181, avg nll: 0.8077, avg wnll: 6.2433, avg kl: 0.0464, mse: 0.412813, wmse: 5.401724, mae: 0.463970
3673,	Iter: 3673, train loss: 2.9175, avg nll: 0.8084, avg wnll: 6.1827, avg kl: 0.0466, mse: 0.412504, wmse: 5.393650, mae: 0.463581
3674,	Iter: 3674, train loss: 2.9015, avg nll: 0.8054, avg wnll: 6.1820, avg kl: 0.0465, mse: 0.409923, wmse: 5.363789, mae: 0.462324
3675,	Iter: 3675, train loss: 2.9178, avg nll: 0.8119, avg wnll: 6.2598, avg kl: 0.0463, mse: 0.411944, wmse: 5.379383, mae: 0.463603
3676,	Iter: 3676, train loss: 2.9111, avg nll: 0.8044, avg wnll: 6.1551, avg kl: 0.0467, mse: 0.412003, wmse: 5.380419, mae: 0.463392
3677,	Iter: 3677, train loss: 2.8847, avg nll: 0.7981, avg wnll: 6.1369, avg kl: 0.0464, mse: 0.408034, wmse: 5.327245, mae: 0.461889
3678,	Iter: 3678, train loss: 2.9015, avg nll: 0.8031, avg wnll: 6.1410, avg kl: 0.0465, mse: 0.410369, wmse: 5.363760, mae: 0.462694
3679,	Iter: 3679, train loss: 2.9033, avg nll: 0.8023, avg wnll: 6.1258, avg kl: 0.0467, mse: 0.410847, wmse: 5.375848, mae: 0.462615
3680,	Iter: 3680, train loss: 2.8992, avg nll: 0.7992, avg wnll: 6.1050, avg kl: 0.0473, mse: 0.410536, wmse: 5.373868, mae: 0.462165
nll: 1.0589, mse: 0.5299, mae: 0.5287, mean_mse: 6.9213, mean_mae: 0.5287
1679321979.1123013
3681,	Iter: 3681, train loss: 2.9167, avg nll: 0.8103, avg wnll: 6.1947, avg kl: 0.0467, mse: 0.411940, wmse: 5.385914, mae: 0.463276
3682,	Iter: 3682, train loss: 2.9181, avg nll: 0.8077, avg wnll: 6.2431, avg kl: 0.0463, mse: 0.412823, wmse: 5.401887, mae: 0.463978
3683,	Iter: 3683, train loss: 2.9175, avg nll: 0.8084, avg wnll: 6.1825, avg kl: 0.0465, mse: 0.412515, wmse: 5.393831, mae: 0.463589
3684,	Iter: 3684, train loss: 2.9015, avg nll: 0.8055, avg wnll: 6.1818, avg kl: 0.0464, mse: 0.409934, wmse: 5.363945, mae: 0.462333
3685,	Iter: 3685, train loss: 2.9178, avg nll: 0.8119, avg wnll: 6.2596, avg kl: 0.0462, mse: 0.411955, wmse: 5.379566, mae: 0.463612
3686,	Iter: 3686, train loss: 2.9111, avg nll: 0.8044, avg wnll: 6.1549, avg kl: 0.0466, mse: 0.412014, wmse: 5.380604, mae: 0.463401
3687,	Iter: 3687, train loss: 2.8847, avg nll: 0.7981, avg wnll: 6.1368, avg kl: 0.0464, mse: 0.408046, wmse: 5.327416, mae: 0.461898
3688,	Iter: 3688, train loss: 2.9015, avg nll: 0.8031, avg wnll: 6.1408, avg kl: 0.0464, mse: 0.410381, wmse: 5.363955, mae: 0.462702
3689,	Iter: 3689, train loss: 2.9033, avg nll: 0.8024, avg wnll: 6.1256, avg kl: 0.0466, mse: 0.410857, wmse: 5.376018, mae: 0.462623
3690,	Iter: 3690, train loss: 2.8992, avg nll: 0.7992, avg wnll: 6.1047, avg kl: 0.0472, mse: 0.410545, wmse: 5.374042, mae: 0.462172
nll: 1.0589, mse: 0.5299, mae: 0.5287, mean_mse: 6.9213, mean_mae: 0.5287
1679324107.1849387
saving.................
done
3691,	Iter: 3691, train loss: 2.9167, avg nll: 0.8103, avg wnll: 6.1944, avg kl: 0.0466, mse: 0.411949, wmse: 5.386077, mae: 0.463283
3692,	Iter: 3692, train loss: 2.9181, avg nll: 0.8077, avg wnll: 6.2429, avg kl: 0.0462, mse: 0.412832, wmse: 5.402052, mae: 0.463985
3693,	Iter: 3693, train loss: 2.9175, avg nll: 0.8084, avg wnll: 6.1823, avg kl: 0.0464, mse: 0.412525, wmse: 5.394005, mae: 0.463597
3694,	Iter: 3694, train loss: 2.9015, avg nll: 0.8055, avg wnll: 6.1817, avg kl: 0.0463, mse: 0.409944, wmse: 5.364103, mae: 0.462341
3695,	Iter: 3695, train loss: 2.9178, avg nll: 0.8119, avg wnll: 6.2595, avg kl: 0.0461, mse: 0.411965, wmse: 5.379732, mae: 0.463620
3696,	Iter: 3696, train loss: 2.9111, avg nll: 0.8045, avg wnll: 6.1548, avg kl: 0.0465, mse: 0.412025, wmse: 5.380775, mae: 0.463409
3697,	Iter: 3697, train loss: 2.8847, avg nll: 0.7982, avg wnll: 6.1366, avg kl: 0.0463, mse: 0.408056, wmse: 5.327591, mae: 0.461907
3698,	Iter: 3698, train loss: 2.9014, avg nll: 0.8031, avg wnll: 6.1406, avg kl: 0.0463, mse: 0.410391, wmse: 5.364128, mae: 0.462710
3699,	Iter: 3699, train loss: 2.9032, avg nll: 0.8024, avg wnll: 6.1254, avg kl: 0.0465, mse: 0.410867, wmse: 5.376182, mae: 0.462631
3700,	Iter: 3700, train loss: 2.8992, avg nll: 0.7993, avg wnll: 6.1045, avg kl: 0.0471, mse: 0.410555, wmse: 5.374207, mae: 0.462180
nll: 1.0589, mse: 0.5299, mae: 0.5287, mean_mse: 6.9212, mean_mae: 0.5287
1679326225.7624056
3701,slurmstepd: error: *** JOB 247246 ON gpu1 CANCELLED AT 2023-03-20T15:36:56 ***
