Namespace(n_union_tp=3500, data_folder='datasets/ZTF_g', checkpoint='datasets/ZTF_g0.9750720858573914.h5', start_col=1, inc_errors=False, print_at=1, embed_time=128, enc_num_heads=16, latent_dim=64, mixing='concat', num_ref_points=16, rec_hidden=128, width=512, save_at=30, patience=100, early_stopping=False, niters=20000, frac=0.5, batch_size=2, mse_weight=5.0, dropout=0.0, num_resamples=0, lr=0.0001, scheduler=False, warmup=4000, kl_zero=False, kl_annealing=True, net='hetvae', device='cuda', const_var=False, var_per_dim=False, std=0.1, seed=2, save=True, k_iwae=1) 1116409
validated 3407 files out of 3407 for band='g'
3407 3407
(2559, 1, 1974, 3)
created union_tp attribute of length 3500
dataset created w/ shape (2559, 1, 1974, 3)
train size: 2303, valid size: 231, test size: 256
datasets/ZTF_g
=> loading checkpoint 'datasets/ZTF_g0.9750720858573914.h5'
Namespace(n_union_tp=3500, data_folder='datasets/ZTF_g', checkpoint='', start_col=1, inc_errors=False, print_at=1, embed_time=128, enc_num_heads=16, latent_dim=64, mixing='concat', num_ref_points=16, rec_hidden=128, width=512, save_at=30, patience=100, early_stopping=False, niters=20000, frac=0.5, batch_size=2, mse_weight=5.0, dropout=0.0, num_resamples=0, lr=0.0002, scheduler=False, warmup=4000, kl_zero=False, kl_annealing=True, net='hetvae', device='cuda', const_var=False, var_per_dim=False, std=0.1, seed=2, save=True, k_iwae=1)
loaded checkpoint w/ loss=3.3549072142015888
model_size=498882
211,	Iter: 211, train loss: 3.4589, avg nll: 0.9992, avg wnll: nan, avg kl: 0.0024, mse: 0.491466, wmse: 6.491604, mae: 0.503845
212,	Iter: 212, train loss: 3.4146, avg nll: 0.9947, avg wnll: nan, avg kl: 0.0027, mse: 0.483449, wmse: 6.341066, mae: 0.499799
213,	Iter: 213, train loss: 3.3962, avg nll: 0.9824, avg wnll: nan, avg kl: 0.0024, mse: 0.482269, wmse: 6.337990, mae: 0.499161
214,	Iter: 214, train loss: 3.3779, avg nll: 0.9799, avg wnll: nan, avg kl: 0.0024, mse: 0.479125, wmse: 6.296752, mae: 0.497311
215,	Iter: 215, train loss: 3.4710, avg nll: 1.0098, avg wnll: nan, avg kl: 0.0022, mse: 0.491810, wmse: 6.491987, mae: 0.503833
216,	Iter: 216, train loss: 3.3904, avg nll: 0.9767, avg wnll: nan, avg kl: 0.0022, mse: 0.482305, wmse: 6.329515, mae: 0.498639
217,	Iter: 217, train loss: 3.3692, avg nll: 0.9754, avg wnll: nan, avg kl: 0.0021, mse: 0.478348, wmse: 6.286068, mae: 0.496269
218,	Iter: 218, train loss: 3.3715, avg nll: 0.9787, avg wnll: nan, avg kl: 0.0020, mse: 0.478153, wmse: 6.266562, mae: 0.496123
219,	Iter: 219, train loss: 3.3718, avg nll: 0.9801, avg wnll: nan, avg kl: 0.0020, mse: 0.477951, wmse: 6.274882, mae: 0.496650
220,	Iter: 220, train loss: 3.3766, avg nll: 0.9795, avg wnll: nan, avg kl: 0.0020, mse: 0.479011, wmse: 6.294528, mae: 0.497018
nll: 0.9264, mse: 0.4577, mae: 0.4880, mean_mse: 6.3381, mean_mae: 0.4880
1678937020.90417
221,	Iter: 221, train loss: 3.2959, avg nll: 0.9524, avg wnll: nan, avg kl: 0.0017, mse: 0.468360, wmse: 6.113684, mae: 0.490885
222,	Iter: 222, train loss: 3.2700, avg nll: 0.9474, avg wnll: nan, avg kl: 0.0016, mse: 0.464213, wmse: 6.110530, mae: 0.489266
223,	Iter: 223, train loss: 3.2669, avg nll: 0.9470, avg wnll: nan, avg kl: 0.0016, mse: 0.463660, wmse: 6.071167, mae: 0.488839
224,	Iter: 224, train loss: 3.2835, avg nll: 0.9509, avg wnll: nan, avg kl: 0.0016, mse: 0.466195, wmse: 6.127778, mae: 0.489552
225,	Iter: 225, train loss: 3.2713, avg nll: 0.9518, avg wnll: nan, avg kl: 0.0015, mse: 0.463587, wmse: 6.047850, mae: 0.489529
226,	Iter: 226, train loss: 3.2555, avg nll: 0.9456, avg wnll: nan, avg kl: 0.0016, mse: 0.461671, wmse: 6.049875, mae: 0.488432
227,	Iter: 227, train loss: 3.2439, avg nll: 0.9416, avg wnll: nan, avg kl: 0.0014, mse: 0.460155, wmse: 6.013295, mae: 0.487323
228,	Iter: 228, train loss: 3.2364, avg nll: 0.9402, avg wnll: nan, avg kl: 0.0017, mse: 0.458919, wmse: 5.985070, mae: 0.487006
229,	Iter: 229, train loss: 3.2418, avg nll: 0.9413, avg wnll: nan, avg kl: 0.0017, mse: 0.459755, wmse: 6.012057, mae: 0.487029
230,	Iter: 230, train loss: 3.2266, avg nll: 0.9405, avg wnll: nan, avg kl: 0.0017, mse: 0.456879, wmse: 5.973043, mae: 0.485992
nll: 0.8981, mse: 0.4450, mae: 0.4798, mean_mse: 6.1885, mean_mae: 0.4798
1678937953.0146506
231,	Iter: 231, train loss: 3.2640, avg nll: 0.9441, avg wnll: nan, avg kl: 0.0017, mse: 0.463635, wmse: 6.055730, mae: 0.488268
232,	Iter: 232, train loss: 3.2359, avg nll: 0.9392, avg wnll: nan, avg kl: 0.0017, mse: 0.459014, wmse: 6.037102, mae: 0.486177
233,	Iter: 233, train loss: 3.2317, avg nll: 0.9367, avg wnll: nan, avg kl: 0.0018, mse: 0.458645, wmse: 5.999105, mae: 0.486188
234,	Iter: 234, train loss: 3.2592, avg nll: 0.9433, avg wnll: nan, avg kl: 0.0018, mse: 0.462812, wmse: 6.079042, mae: 0.487715
235,	Iter: 235, train loss: 3.2470, avg nll: 0.9434, avg wnll: nan, avg kl: 0.0019, mse: 0.460334, wmse: 6.004255, mae: 0.488017
236,	Iter: 236, train loss: 3.2277, avg nll: 0.9361, avg wnll: nan, avg kl: 0.0019, mse: 0.457950, wmse: 6.000668, mae: 0.486055
237,	Iter: 237, train loss: 3.2171, avg nll: 0.9337, avg wnll: nan, avg kl: 0.0016, mse: 0.456348, wmse: 5.951833, mae: 0.485272
238,	Iter: 238, train loss: 3.2129, avg nll: 0.9322, avg wnll: nan, avg kl: 0.0018, mse: 0.455765, wmse: 5.934789, mae: 0.484918
239,	Iter: 239, train loss: 3.2135, avg nll: 0.9309, avg wnll: nan, avg kl: 0.0019, mse: 0.456144, wmse: 5.963742, mae: 0.484863
240,	Iter: 240, train loss: 3.2050, avg nll: 0.9345, avg wnll: nan, avg kl: 0.0020, mse: 0.453714, wmse: 5.919159, mae: 0.484371
nll: 0.8981, mse: 0.4441, mae: 0.4792, mean_mse: 6.1550, mean_mae: 0.4792
1678938903.4356124
saving.................
done
241,	Iter: 241, train loss: 3.2436, avg nll: 0.9390, avg wnll: nan, avg kl: 0.0019, mse: 0.460535, wmse: 6.006155, mae: 0.486632
242,	Iter: 242, train loss: 3.2254, avg nll: 0.9390, avg wnll: nan, avg kl: 0.0019, mse: 0.456902, wmse: 6.001555, mae: 0.485169
243,	Iter: 243, train loss: 3.2135, avg nll: 0.9314, avg wnll: nan, avg kl: 0.0020, mse: 0.456006, wmse: 5.962640, mae: 0.484705
244,	Iter: 244, train loss: 3.2381, avg nll: 0.9376, avg wnll: nan, avg kl: 0.0021, mse: 0.459666, wmse: 6.030722, mae: 0.485922
245,	Iter: 245, train loss: 3.2271, avg nll: 0.9382, avg wnll: nan, avg kl: 0.0021, mse: 0.457374, wmse: 5.953590, mae: 0.485969
246,	Iter: 246, train loss: 3.2082, avg nll: 0.9317, avg wnll: nan, avg kl: 0.0021, mse: 0.454880, wmse: 5.959203, mae: 0.484996
247,	Iter: 247, train loss: 3.2038, avg nll: 0.9308, avg wnll: nan, avg kl: 0.0019, mse: 0.454223, wmse: 5.917196, mae: 0.484249
248,	Iter: 248, train loss: 3.1989, avg nll: 0.9294, avg wnll: nan, avg kl: 0.0021, mse: 0.453484, wmse: 5.905198, mae: 0.483889
249,	Iter: 249, train loss: 3.2069, avg nll: 0.9314, avg wnll: nan, avg kl: 0.0022, mse: 0.454672, wmse: 5.938591, mae: 0.484263
250,	Iter: 250, train loss: 3.1886, avg nll: 0.9303, avg wnll: nan, avg kl: 0.0021, mse: 0.451250, wmse: 5.891913, mae: 0.482947
nll: 0.8965, mse: 0.4433, mae: 0.4788, mean_mse: 6.1481, mean_mae: 0.4788
1678939860.0682766
251,	Iter: 251, train loss: 3.2233, avg nll: 0.9328, avg wnll: nan, avg kl: 0.0021, mse: 0.457669, wmse: 5.965184, mae: 0.485017
252,	Iter: 252, train loss: 3.2081, avg nll: 0.9313, avg wnll: nan, avg kl: 0.0021, mse: 0.454924, wmse: 5.971401, mae: 0.483904
253,	Iter: 253, train loss: 3.2078, avg nll: 0.9327, avg wnll: nan, avg kl: 0.0021, mse: 0.454604, wmse: 5.941327, mae: 0.484100
254,	Iter: 254, train loss: 3.2357, avg nll: 0.9397, avg wnll: nan, avg kl: 0.0020, mse: 0.458798, wmse: 6.015550, mae: 0.485524
255,	Iter: 255, train loss: 3.2141, avg nll: 0.9369, avg wnll: nan, avg kl: 0.0021, mse: 0.455006, wmse: 5.921277, mae: 0.484895
256,	Iter: 256, train loss: 3.1940, avg nll: 0.9266, avg wnll: nan, avg kl: 0.0021, mse: 0.453056, wmse: 5.929546, mae: 0.483739
257,	Iter: 257, train loss: 3.1962, avg nll: 0.9304, avg wnll: nan, avg kl: 0.0019, mse: 0.452772, wmse: 5.896688, mae: 0.483567
258,	Iter: 258, train loss: 3.1869, avg nll: 0.9274, avg wnll: nan, avg kl: 0.0022, mse: 0.451452, wmse: 5.877501, mae: 0.482921
259,	Iter: 259, train loss: 3.1896, avg nll: 0.9249, avg wnll: nan, avg kl: 0.0024, mse: 0.452462, wmse: 5.907671, mae: 0.482901
260,	Iter: 260, train loss: 3.1769, avg nll: 0.9253, avg wnll: nan, avg kl: 0.0023, mse: 0.449877, wmse: 5.869004, mae: 0.482296
nll: 0.8983, mse: 0.4434, mae: 0.4789, mean_mse: 6.1548, mean_mae: 0.4789
1678940785.0193968
261,	Iter: 261, train loss: 3.2213, avg nll: 0.9345, avg wnll: nan, avg kl: 0.0023, mse: 0.456915, wmse: 5.955559, mae: 0.484827
262,	Iter: 262, train loss: 3.1917, avg nll: 0.9267, avg wnll: nan, avg kl: 0.0024, mse: 0.452543, wmse: 5.932035, mae: 0.482578
263,	Iter: 263, train loss: 3.1997, avg nll: 0.9302, avg wnll: nan, avg kl: 0.0022, mse: 0.453445, wmse: 5.925942, mae: 0.483464
264,	Iter: 264, train loss: 3.2175, avg nll: 0.9328, avg wnll: nan, avg kl: 0.0022, mse: 0.456504, wmse: 5.984738, mae: 0.484087
265,	Iter: 265, train loss: 3.2014, avg nll: 0.9321, avg wnll: nan, avg kl: 0.0022, mse: 0.453403, wmse: 5.896646, mae: 0.484171
266,	Iter: 266, train loss: 3.2018, avg nll: 0.9322, avg wnll: nan, avg kl: 0.0022, mse: 0.453484, wmse: 5.930829, mae: 0.484049
267,	Iter: 267, train loss: 3.1828, avg nll: 0.9251, avg wnll: nan, avg kl: 0.0020, mse: 0.451146, wmse: 5.873215, mae: 0.482845
268,	Iter: 268, train loss: 3.1773, avg nll: 0.9266, avg wnll: nan, avg kl: 0.0022, mse: 0.449701, wmse: 5.851932, mae: 0.482023
269,	Iter: 269, train loss: 3.1737, avg nll: 0.9205, avg wnll: nan, avg kl: 0.0024, mse: 0.450153, wmse: 5.872244, mae: 0.481664
270,	Iter: 270, train loss: 3.1593, avg nll: 0.9196, avg wnll: nan, avg kl: 0.0024, mse: 0.447471, wmse: 5.835611, mae: 0.480958
nll: 0.8987, mse: 0.4428, mae: 0.4790, mean_mse: 6.1378, mean_mae: 0.4790
1678941697.758795
saving.................
done
271,	Iter: 271, train loss: 3.2152, avg nll: 0.9300, avg wnll: nan, avg kl: 0.0027, mse: 0.456506, wmse: 5.952364, mae: 0.484502
272,	Iter: 272, train loss: 3.1831, avg nll: 0.9256, avg wnll: nan, avg kl: 0.0023, mse: 0.451036, wmse: 5.905675, mae: 0.481729
273,	Iter: 273, train loss: 3.1856, avg nll: 0.9249, avg wnll: nan, avg kl: 0.0024, mse: 0.451647, wmse: 5.895638, mae: 0.482379
274,	Iter: 274, train loss: 3.2239, avg nll: 0.9383, avg wnll: nan, avg kl: 0.0025, mse: 0.456613, wmse: 5.980993, mae: 0.484130
275,	Iter: 275, train loss: 3.1906, avg nll: 0.9296, avg wnll: nan, avg kl: 0.0025, mse: 0.451712, wmse: 5.875986, mae: 0.483081
276,	Iter: 276, train loss: 3.2091, avg nll: 0.9317, avg wnll: nan, avg kl: 0.0024, mse: 0.454997, wmse: 5.952694, mae: 0.485036
277,	Iter: 277, train loss: 3.1698, avg nll: 0.9217, avg wnll: nan, avg kl: 0.0022, mse: 0.449165, wmse: 5.848701, mae: 0.481639
278,	Iter: 278, train loss: 3.1587, avg nll: 0.9188, avg wnll: nan, avg kl: 0.0024, mse: 0.447511, wmse: 5.822326, mae: 0.480582
279,	Iter: 279, train loss: 3.1669, avg nll: 0.9198, avg wnll: nan, avg kl: 0.0025, mse: 0.448905, wmse: 5.859824, mae: 0.481086
280,	Iter: 280, train loss: 3.1603, avg nll: 0.9222, avg wnll: nan, avg kl: 0.0026, mse: 0.447099, wmse: 5.826762, mae: 0.480714
nll: 0.8990, mse: 0.4427, mae: 0.4790, mean_mse: 6.1322, mean_mae: 0.4790
1678942613.6144626
281,	Iter: 281, train loss: 3.1939, avg nll: 0.9255, avg wnll: nan, avg kl: 0.0026, mse: 0.453163, wmse: 5.904386, mae: 0.482732
282,	Iter: 282, train loss: 3.1765, avg nll: 0.9251, avg wnll: nan, avg kl: 0.0026, mse: 0.449749, wmse: 5.887931, mae: 0.481173
283,	Iter: 283, train loss: 3.1666, avg nll: 0.9197, avg wnll: nan, avg kl: 0.0027, mse: 0.448837, wmse: 5.861359, mae: 0.481004
284,	Iter: 284, train loss: 3.2074, avg nll: 0.9325, avg wnll: nan, avg kl: 0.0027, mse: 0.454451, wmse: 5.950751, mae: 0.482925
285,	Iter: 285, train loss: 3.1830, avg nll: 0.9275, avg wnll: nan, avg kl: 0.0026, mse: 0.450576, wmse: 5.857370, mae: 0.482309
286,	Iter: 286, train loss: 3.1845, avg nll: 0.9275, avg wnll: nan, avg kl: 0.0026, mse: 0.450892, wmse: 5.902098, mae: 0.482475
287,	Iter: 287, train loss: 3.1590, avg nll: 0.9178, avg wnll: nan, avg kl: 0.0023, mse: 0.447772, wmse: 5.826353, mae: 0.480768
288,	Iter: 288, train loss: 3.1674, avg nll: 0.9264, avg wnll: nan, avg kl: 0.0025, mse: 0.447708, wmse: 5.820925, mae: 0.480775
289,	Iter: 289, train loss: 3.1576, avg nll: 0.9177, avg wnll: nan, avg kl: 0.0028, mse: 0.447412, wmse: 5.839047, mae: 0.480407
290,	Iter: 290, train loss: 3.1581, avg nll: 0.9231, avg wnll: nan, avg kl: 0.0027, mse: 0.446463, wmse: 5.817394, mae: 0.480476
nll: 0.9032, mse: 0.4458, mae: 0.4810, mean_mse: 6.2128, mean_mae: 0.4810
1678943518.9434369
291,	Iter: 291, train loss: 3.1816, avg nll: 0.9215, avg wnll: nan, avg kl: 0.0025, mse: 0.451520, wmse: 5.876045, mae: 0.481839
292,	Iter: 292, train loss: 3.1617, avg nll: 0.9183, avg wnll: nan, avg kl: 0.0026, mse: 0.448166, wmse: 5.862053, mae: 0.480493
293,	Iter: 293, train loss: 3.1647, avg nll: 0.9204, avg wnll: nan, avg kl: 0.0026, mse: 0.448341, wmse: 5.852875, mae: 0.480478
294,	Iter: 294, train loss: 3.1875, avg nll: 0.9262, avg wnll: nan, avg kl: 0.0029, mse: 0.451685, wmse: 5.914091, mae: 0.481487
295,	Iter: 295, train loss: 3.1754, avg nll: 0.9263, avg wnll: nan, avg kl: 0.0029, mse: 0.449233, wmse: 5.844844, mae: 0.481936
296,	Iter: 296, train loss: 3.1592, avg nll: 0.9196, avg wnll: nan, avg kl: 0.0027, mse: 0.447387, wmse: 5.845347, mae: 0.480297
297,	Iter: 297, train loss: 3.1540, avg nll: 0.9171, avg wnll: nan, avg kl: 0.0024, mse: 0.446882, wmse: 5.812242, mae: 0.480547
298,	Iter: 298, train loss: 3.1476, avg nll: 0.9172, avg wnll: nan, avg kl: 0.0027, mse: 0.445540, wmse: 5.793106, mae: 0.479635
299,	Iter: 299, train loss: 3.1514, avg nll: 0.9153, avg wnll: nan, avg kl: 0.0028, mse: 0.446681, wmse: 5.828599, mae: 0.480533
300,	Iter: 300, train loss: 3.1360, avg nll: 0.9150, avg wnll: nan, avg kl: 0.0028, mse: 0.443624, wmse: 5.782505, mae: 0.479036
nll: 0.8939, mse: 0.4420, mae: 0.4784, mean_mse: 6.1386, mean_mae: 0.4784
1678944472.409534
saving.................
done
301,	Iter: 301, train loss: 3.1717, avg nll: 0.9188, avg wnll: nan, avg kl: 0.0026, mse: 0.450052, wmse: 5.858609, mae: 0.480983
302,	Iter: 302, train loss: 3.1570, avg nll: 0.9186, avg wnll: nan, avg kl: 0.0029, mse: 0.447079, wmse: 5.853321, mae: 0.479857
303,	Iter: 303, train loss: 3.1555, avg nll: 0.9214, avg wnll: nan, avg kl: 0.0026, mse: 0.446298, wmse: 5.819834, mae: 0.479587
304,	Iter: 304, train loss: 3.1879, avg nll: 0.9285, avg wnll: nan, avg kl: 0.0029, mse: 0.451307, wmse: 5.913390, mae: 0.481673
305,	Iter: 305, train loss: 3.1641, avg nll: 0.9237, avg wnll: nan, avg kl: 0.0031, mse: 0.447455, wmse: 5.812920, mae: 0.480816
306,	Iter: 306, train loss: 3.1579, avg nll: 0.9189, avg wnll: nan, avg kl: 0.0028, mse: 0.447227, wmse: 5.851236, mae: 0.480470
307,	Iter: 307, train loss: 3.1436, avg nll: 0.9148, avg wnll: nan, avg kl: 0.0025, mse: 0.445243, wmse: 5.794357, mae: 0.479436
308,	Iter: 308, train loss: 3.1308, avg nll: 0.9114, avg wnll: nan, avg kl: 0.0030, mse: 0.443286, wmse: 5.763381, mae: 0.478485
309,	Iter: 309, train loss: 3.1397, avg nll: 0.9106, avg wnll: nan, avg kl: 0.0030, mse: 0.445228, wmse: 5.814764, mae: 0.479358
310,	Iter: 310, train loss: 3.1408, avg nll: 0.9184, avg wnll: nan, avg kl: 0.0029, mse: 0.443905, wmse: 5.787603, mae: 0.479526
nll: 0.8955, mse: 0.4423, mae: 0.4790, mean_mse: 6.1364, mean_mae: 0.4790
1678945424.0330207
311,	Iter: 311, train loss: 3.1773, avg nll: 0.9271, avg wnll: nan, avg kl: 0.0031, mse: 0.449408, wmse: 5.853293, mae: 0.481071
312,	Iter: 312, train loss: 3.1508, avg nll: 0.9175, avg wnll: nan, avg kl: 0.0029, mse: 0.446065, wmse: 5.836336, mae: 0.479305
313,	Iter: 313, train loss: 3.1436, avg nll: 0.9159, avg wnll: nan, avg kl: 0.0029, mse: 0.444966, wmse: 5.799967, mae: 0.478711
314,	Iter: 314, train loss: 3.1755, avg nll: 0.9226, avg wnll: nan, avg kl: 0.0031, mse: 0.449959, wmse: 5.890336, mae: 0.480564
315,	Iter: 315, train loss: 3.1630, avg nll: 0.9237, avg wnll: nan, avg kl: 0.0031, mse: 0.447236, wmse: 5.813424, mae: 0.480764
316,	Iter: 316, train loss: 3.1395, avg nll: 0.9140, avg wnll: nan, avg kl: 0.0028, mse: 0.444539, wmse: 5.812292, mae: 0.479039
317,	Iter: 317, train loss: 3.1389, avg nll: 0.9152, avg wnll: nan, avg kl: 0.0027, mse: 0.444222, wmse: 5.771353, mae: 0.479113
318,	Iter: 318, train loss: 3.1306, avg nll: 0.9122, avg wnll: nan, avg kl: 0.0029, mse: 0.443095, wmse: 5.757690, mae: 0.478412
319,	Iter: 319, train loss: 3.1287, avg nll: 0.9080, avg wnll: nan, avg kl: 0.0031, mse: 0.443507, wmse: 5.781077, mae: 0.478586
320,	Iter: 320, train loss: 3.1286, avg nll: 0.9151, avg wnll: nan, avg kl: 0.0032, mse: 0.442064, wmse: 5.757139, mae: 0.478007
nll: 0.8957, mse: 0.4419, mae: 0.4783, mean_mse: 6.1199, mean_mae: 0.4783
1678946389.8957672
321,	Iter: 321, train loss: 3.1653, avg nll: 0.9193, avg wnll: nan, avg kl: 0.0029, mse: 0.448604, wmse: 5.842037, mae: 0.480333
322,	Iter: 322, train loss: 3.1365, avg nll: 0.9128, avg wnll: nan, avg kl: 0.0029, mse: 0.444147, wmse: 5.813516, mae: 0.478111
323,	Iter: 323, train loss: 3.1588, avg nll: 0.9252, avg wnll: nan, avg kl: 0.0031, mse: 0.446103, wmse: 5.821752, mae: 0.479516
324,	Iter: 324, train loss: 3.1646, avg nll: 0.9226, avg wnll: nan, avg kl: 0.0033, mse: 0.447737, wmse: 5.855227, mae: 0.479462
325,	Iter: 325, train loss: 3.1486, avg nll: 0.9204, avg wnll: nan, avg kl: 0.0031, mse: 0.444996, wmse: 5.775061, mae: 0.479602
326,	Iter: 326, train loss: 3.1311, avg nll: 0.9114, avg wnll: nan, avg kl: 0.0031, mse: 0.443304, wmse: 5.788980, mae: 0.478515
327,	Iter: 327, train loss: 3.1291, avg nll: 0.9113, avg wnll: nan, avg kl: 0.0027, mse: 0.443018, wmse: 5.759076, mae: 0.478533
328,	Iter: 328, train loss: 3.1304, avg nll: 0.9124, avg wnll: nan, avg kl: 0.0031, mse: 0.442974, wmse: 5.753611, mae: 0.478259
329,	Iter: 329, train loss: 3.1137, avg nll: 0.9026, avg wnll: nan, avg kl: 0.0030, mse: 0.441615, wmse: 5.757517, mae: 0.476995
330,	Iter: 330, train loss: 3.1132, avg nll: 0.9093, avg wnll: nan, avg kl: 0.0033, mse: 0.440109, wmse: 5.724690, mae: 0.476993
nll: 0.8962, mse: 0.4433, mae: 0.4787, mean_mse: 6.1789, mean_mae: 0.4787
1678947328.2703443
saving.................
done
331,	Iter: 331, train loss: 3.1463, avg nll: 0.9130, avg wnll: nan, avg kl: 0.0031, mse: 0.446036, wmse: 5.799074, mae: 0.478891
332,	Iter: 332, train loss: 3.1413, avg nll: 0.9148, avg wnll: nan, avg kl: 0.0031, mse: 0.444675, wmse: 5.818237, mae: 0.479001
333,	Iter: 333, train loss: 3.1363, avg nll: 0.9159, avg wnll: nan, avg kl: 0.0033, mse: 0.443421, wmse: 5.773565, mae: 0.477912
334,	Iter: 334, train loss: 3.1534, avg nll: 0.9178, avg wnll: nan, avg kl: 0.0033, mse: 0.446453, wmse: 5.839865, mae: 0.478599
335,	Iter: 335, train loss: 3.1410, avg nll: 0.9165, avg wnll: nan, avg kl: 0.0032, mse: 0.444237, wmse: 5.769419, mae: 0.479181
336,	Iter: 336, train loss: 3.1348, avg nll: 0.9137, avg wnll: nan, avg kl: 0.0033, mse: 0.443569, wmse: 5.792201, mae: 0.478819
337,	Iter: 337, train loss: 3.1192, avg nll: 0.9084, avg wnll: nan, avg kl: 0.0029, mse: 0.441581, wmse: 5.735205, mae: 0.477729
338,	Iter: 338, train loss: 3.1147, avg nll: 0.9071, avg wnll: nan, avg kl: 0.0033, mse: 0.440866, wmse: 5.720498, mae: 0.477159
339,	Iter: 339, train loss: 3.1073, avg nll: 0.9007, avg wnll: nan, avg kl: 0.0032, mse: 0.440676, wmse: 5.739870, mae: 0.476975
340,	Iter: 340, train loss: 3.1051, avg nll: 0.9081, avg wnll: nan, avg kl: 0.0033, mse: 0.438736, wmse: 5.709556, mae: 0.476175
nll: 0.8975, mse: 0.4430, mae: 0.4790, mean_mse: 6.1554, mean_mae: 0.4790
1678948267.1740475
341,	Iter: 341, train loss: 3.1390, avg nll: 0.9112, avg wnll: nan, avg kl: 0.0032, mse: 0.444926, wmse: 5.784216, mae: 0.478422
342,	Iter: 342, train loss: 3.1338, avg nll: 0.9128, avg wnll: nan, avg kl: 0.0034, mse: 0.443533, wmse: 5.799882, mae: 0.478491
343,	Iter: 343, train loss: 3.1285, avg nll: 0.9146, avg wnll: nan, avg kl: 0.0033, mse: 0.442113, wmse: 5.761868, mae: 0.477353
344,	Iter: 344, train loss: 3.1407, avg nll: 0.9120, avg wnll: nan, avg kl: 0.0036, mse: 0.445033, wmse: 5.817498, mae: 0.477752
345,	Iter: 345, train loss: 3.1455, avg nll: 0.9178, avg wnll: nan, avg kl: 0.0034, mse: 0.444858, wmse: 5.782650, mae: 0.479644
346,	Iter: 346, train loss: 3.1191, avg nll: 0.9107, avg wnll: nan, avg kl: 0.0033, mse: 0.441020, wmse: 5.758172, mae: 0.477441
347,	Iter: 347, train loss: 3.1065, avg nll: 0.9048, avg wnll: nan, avg kl: 0.0030, mse: 0.439736, wmse: 5.720946, mae: 0.476504
348,	Iter: 348, train loss: 3.1016, avg nll: 0.9040, avg wnll: nan, avg kl: 0.0035, mse: 0.438836, wmse: 5.700556, mae: 0.476175
349,	Iter: 349, train loss: 3.1363, avg nll: 0.9167, avg wnll: nan, avg kl: 0.0035, mse: 0.443218, wmse: 5.774880, mae: 0.477950
350,	Iter: 350, train loss: 3.0971, avg nll: 0.9051, avg wnll: nan, avg kl: 0.0036, mse: 0.437664, wmse: 5.696749, mae: 0.475810
nll: 0.8990, mse: 0.4449, mae: 0.4795, mean_mse: 6.1829, mean_mae: 0.4795
1678949185.237362
351,	Iter: 351, train loss: 3.1352, avg nll: 0.9115, avg wnll: nan, avg kl: 0.0032, mse: 0.444094, wmse: 5.770654, mae: 0.477839
352,	Iter: 352, train loss: 3.1259, avg nll: 0.9174, avg wnll: nan, avg kl: 0.0035, mse: 0.440992, wmse: 5.761001, mae: 0.476519
353,	Iter: 353, train loss: 3.1162, avg nll: 0.9080, avg wnll: nan, avg kl: 0.0033, mse: 0.440980, wmse: 5.746799, mae: 0.476741
354,	Iter: 354, train loss: 3.1419, avg nll: 0.9138, avg wnll: nan, avg kl: 0.0038, mse: 0.444860, wmse: 5.815594, mae: 0.477877
355,	Iter: 355, train loss: 3.1579, avg nll: 0.9207, avg wnll: nan, avg kl: 0.0036, mse: 0.446718, wmse: 5.808093, mae: 0.480738
356,	Iter: 356, train loss: 3.1130, avg nll: 0.9078, avg wnll: nan, avg kl: 0.0034, mse: 0.440348, wmse: 5.744364, mae: 0.476773
357,	Iter: 357, train loss: 3.1031, avg nll: 0.9044, avg wnll: nan, avg kl: 0.0032, mse: 0.439083, wmse: 5.707810, mae: 0.476350
358,	Iter: 358, train loss: 3.0998, avg nll: 0.9055, avg wnll: nan, avg kl: 0.0035, mse: 0.438154, wmse: 5.687757, mae: 0.475928
359,	Iter: 359, train loss: 3.1009, avg nll: 0.9003, avg wnll: nan, avg kl: 0.0036, mse: 0.439387, wmse: 5.722428, mae: 0.476119
360,	Iter: 360, train loss: 3.0925, avg nll: 0.9057, avg wnll: nan, avg kl: 0.0037, mse: 0.436615, wmse: 5.685761, mae: 0.475184
nll: 0.9032, mse: 0.4455, mae: 0.4808, mean_mse: 6.1719, mean_mae: 0.4808
1678950112.0862658
saving.................
done
361,	Iter: 361, train loss: 3.1236, avg nll: 0.9077, avg wnll: nan, avg kl: 0.0036, mse: 0.442476, wmse: 5.755105, mae: 0.477240
362,	Iter: 362, train loss: 3.1154, avg nll: 0.9084, avg wnll: nan, avg kl: 0.0034, mse: 0.440705, wmse: 5.763814, mae: 0.476558
363,	Iter: 363, train loss: 3.1164, avg nll: 0.9107, avg wnll: nan, avg kl: 0.0036, mse: 0.440422, wmse: 5.738031, mae: 0.476196
364,	Iter: 364, train loss: 3.1427, avg nll: 0.9147, avg wnll: nan, avg kl: 0.0038, mse: 0.444848, wmse: 5.810376, mae: 0.477541
365,	Iter: 365, train loss: 3.2008, avg nll: 0.9426, avg wnll: nan, avg kl: 0.0039, mse: 0.450859, wmse: 5.877622, mae: 0.483160
366,	Iter: 366, train loss: 3.0991, avg nll: 0.9045, avg wnll: nan, avg kl: 0.0034, mse: 0.438252, wmse: 5.718084, mae: 0.475589
367,	Iter: 367, train loss: 3.0894, avg nll: 0.9010, avg wnll: nan, avg kl: 0.0032, mse: 0.437029, wmse: 5.678202, mae: 0.475107
368,	Iter: 368, train loss: 3.1076, avg nll: 0.9098, avg wnll: nan, avg kl: 0.0038, mse: 0.438815, wmse: 5.695193, mae: 0.476444
369,	Iter: 369, train loss: 3.0875, avg nll: 0.8977, avg wnll: nan, avg kl: 0.0036, mse: 0.437226, wmse: 5.694785, mae: 0.474820
370,	Iter: 370, train loss: 3.0913, avg nll: 0.9039, avg wnll: nan, avg kl: 0.0037, mse: 0.436731, wmse: 5.686037, mae: 0.475328
nll: 0.8984, mse: 0.4438, mae: 0.4797, mean_mse: 6.1687, mean_mae: 0.4797
1678951065.4208276
371,	Iter: 371, train loss: 3.1204, avg nll: 0.9080, avg wnll: nan, avg kl: 0.0036, mse: 0.441755, wmse: 5.737788, mae: 0.476975
372,	Iter: 372, train loss: 3.1079, avg nll: 0.9059, avg wnll: nan, avg kl: 0.0038, mse: 0.439658, wmse: 5.744021, mae: 0.475970
373,	Iter: 373, train loss: 3.1018, avg nll: 0.9082, avg wnll: nan, avg kl: 0.0037, mse: 0.437963, wmse: 5.702252, mae: 0.475269
374,	Iter: 374, train loss: 3.1245, avg nll: 0.9089, avg wnll: nan, avg kl: 0.0041, mse: 0.442294, wmse: 5.778926, mae: 0.476377
375,	Iter: 375, train loss: 3.1210, avg nll: 0.9142, avg wnll: nan, avg kl: 0.0058, mse: 0.441361, wmse: 5.735567, mae: 0.477548
376,	Iter: 376, train loss: 3.0950, avg nll: 0.9036, avg wnll: nan, avg kl: 0.0100, mse: 0.438263, wmse: 5.720142, mae: 0.475938
377,	Iter: 377, train loss: 3.0877, avg nll: 0.8997, avg wnll: nan, avg kl: 0.0137, mse: 0.437580, wmse: 5.680785, mae: 0.475464
378,	Iter: 378, train loss: 3.0709, avg nll: 0.8959, avg wnll: nan, avg kl: 0.0199, mse: 0.434922, wmse: 5.636164, mae: 0.474133
379,	Iter: 379, train loss: 3.0778, avg nll: 0.8944, avg wnll: nan, avg kl: 0.0239, mse: 0.436579, wmse: 5.679914, mae: 0.474662
380,	Iter: 380, train loss: 3.0691, avg nll: 0.8979, avg wnll: nan, avg kl: 0.0273, mse: 0.434095, wmse: 5.649373, mae: 0.473762
nll: 0.8947, mse: 0.4418, mae: 0.4777, mean_mse: 6.1179, mean_mae: 0.4777
1678951994.871275
381,	Iter: 381, train loss: 3.1116, avg nll: 0.9046, avg wnll: nan, avg kl: 0.0265, mse: 0.441233, wmse: 5.727160, mae: 0.476793
382,	Iter: 382, train loss: 3.0901, avg nll: 0.9008, avg wnll: nan, avg kl: 0.0264, mse: 0.437662, wmse: 5.715382, mae: 0.474744
383,	Iter: 383, train loss: 3.0886, avg nll: 0.9010, avg wnll: nan, avg kl: 0.0324, mse: 0.437228, wmse: 5.682902, mae: 0.474344
384,	Iter: 384, train loss: 3.1156, avg nll: 0.9083, avg wnll: nan, avg kl: 0.0333, mse: 0.441141, wmse: 5.755911, mae: 0.475739
385,	Iter: 385, train loss: 3.1044, avg nll: 0.9085, avg wnll: nan, avg kl: 0.0318, mse: 0.438837, wmse: 5.690879, mae: 0.476171
386,	Iter: 386, train loss: 3.0905, avg nll: 0.9015, avg wnll: nan, avg kl: 0.0313, mse: 0.437413, wmse: 5.704699, mae: 0.475389
387,	Iter: 387, train loss: 3.0745, avg nll: 0.8967, avg wnll: nan, avg kl: 0.0277, mse: 0.435199, wmse: 5.642697, mae: 0.474110
388,	Iter: 388, train loss: 3.0650, avg nll: 0.8948, avg wnll: nan, avg kl: 0.0298, mse: 0.433616, wmse: 5.618996, mae: 0.473496
389,	Iter: 389, train loss: 3.0726, avg nll: 0.8940, avg wnll: nan, avg kl: 0.0307, mse: 0.435265, wmse: 5.658677, mae: 0.474054
390,	Iter: 390, train loss: 3.0693, avg nll: 0.8991, avg wnll: nan, avg kl: 0.0299, mse: 0.433569, wmse: 5.640014, mae: 0.473437
nll: 0.8978, mse: 0.4430, mae: 0.4789, mean_mse: 6.1495, mean_mae: 0.4789
1678952923.8188567
saving.................
done
391,	Iter: 391, train loss: 3.0944, avg nll: 0.9004, avg wnll: nan, avg kl: 0.0271, mse: 0.438336, wmse: 5.687963, mae: 0.474722
392,	Iter: 392, train loss: 3.0936, avg nll: 0.9036, avg wnll: nan, avg kl: 0.0287, mse: 0.437462, wmse: 5.717040, mae: 0.475349
393,	Iter: 393, train loss: 3.0826, avg nll: 0.8993, avg wnll: nan, avg kl: 0.0294, mse: 0.436105, wmse: 5.668831, mae: 0.474049
394,	Iter: 394, train loss: 3.1044, avg nll: 0.9059, avg wnll: nan, avg kl: 0.0302, mse: 0.439072, wmse: 5.731529, mae: 0.474876
395,	Iter: 395, train loss: 3.1024, avg nll: 0.9089, avg wnll: nan, avg kl: 0.0306, mse: 0.438055, wmse: 5.681979, mae: 0.475940
396,	Iter: 396, train loss: 3.0866, avg nll: 0.9062, avg wnll: nan, avg kl: 0.0279, mse: 0.435449, wmse: 5.678257, mae: 0.474214
397,	Iter: 397, train loss: 3.0708, avg nll: 0.8955, avg wnll: nan, avg kl: 0.0247, mse: 0.434477, wmse: 5.632449, mae: 0.473964
398,	Iter: 398, train loss: 3.0607, avg nll: 0.8939, avg wnll: nan, avg kl: 0.0277, mse: 0.432692, wmse: 5.611612, mae: 0.472979
399,	Iter: 399, train loss: 3.0651, avg nll: 0.8928, avg wnll: nan, avg kl: 0.0250, mse: 0.433811, wmse: 5.642453, mae: 0.473481
400,	Iter: 400, train loss: 3.0541, avg nll: 0.8934, avg wnll: nan, avg kl: 0.0269, mse: 0.431420, wmse: 5.616708, mae: 0.472440
nll: 0.8959, mse: 0.4427, mae: 0.4783, mean_mse: 6.1431, mean_mae: 0.4783
1678953835.4186249
401,	Iter: 401, train loss: 3.0835, avg nll: 0.8953, avg wnll: nan, avg kl: 0.0245, mse: 0.436973, wmse: 5.673946, mae: 0.474185
402,	Iter: 402, train loss: 3.0845, avg nll: 0.8998, avg wnll: nan, avg kl: 0.0246, mse: 0.436215, wmse: 5.691018, mae: 0.474253
403,	Iter: 403, train loss: 3.0711, avg nll: 0.8974, avg wnll: nan, avg kl: 0.0251, mse: 0.433996, wmse: 5.640727, mae: 0.472989
404,	Iter: 404, train loss: 3.0961, avg nll: 0.9005, avg wnll: nan, avg kl: 0.0247, mse: 0.438347, wmse: 5.718559, mae: 0.474187
405,	Iter: 405, train loss: 3.1166, avg nll: 0.9145, avg wnll: nan, avg kl: 0.0275, mse: 0.439537, wmse: 5.703250, mae: 0.477159
406,	Iter: 406, train loss: 3.0855, avg nll: 0.9032, avg wnll: nan, avg kl: 0.0256, mse: 0.435622, wmse: 5.670614, mae: 0.474664
407,	Iter: 407, train loss: 3.0612, avg nll: 0.8927, avg wnll: nan, avg kl: 0.0225, mse: 0.432921, wmse: 5.620723, mae: 0.472899
408,	Iter: 408, train loss: 3.0517, avg nll: 0.8910, avg wnll: nan, avg kl: 0.0246, mse: 0.431281, wmse: 5.590810, mae: 0.471809
409,	Iter: 409, train loss: 3.0583, avg nll: 0.8890, avg wnll: nan, avg kl: 0.0242, mse: 0.432988, wmse: 5.635047, mae: 0.473116
410,	Iter: 410, train loss: 3.0484, avg nll: 0.8922, avg wnll: nan, avg kl: 0.0248, mse: 0.430313, wmse: 5.596010, mae: 0.471785
nll: 0.8899, mse: 0.4390, mae: 0.4766, mean_mse: 6.0637, mean_mae: 0.4766
1678954768.7775214
411,	Iter: 411, train loss: 3.0819, avg nll: 0.8970, avg wnll: nan, avg kl: 0.0239, mse: 0.436067, wmse: 5.662912, mae: 0.473986
412,	Iter: 412, train loss: 3.0721, avg nll: 0.8963, avg wnll: nan, avg kl: 0.0237, mse: 0.434235, wmse: 5.662452, mae: 0.473310
413,	Iter: 413, train loss: 3.0736, avg nll: 0.8969, avg wnll: nan, avg kl: 0.0237, mse: 0.434388, wmse: 5.648468, mae: 0.473440
414,	Iter: 414, train loss: 3.0902, avg nll: 0.9009, avg wnll: nan, avg kl: 0.0231, mse: 0.436905, wmse: 5.701183, mae: 0.473692
415,	Iter: 415, train loss: 3.0845, avg nll: 0.9047, avg wnll: nan, avg kl: 0.0237, mse: 0.434941, wmse: 5.637894, mae: 0.474199
416,	Iter: 416, train loss: 3.0732, avg nll: 0.8971, avg wnll: nan, avg kl: 0.0229, mse: 0.434210, wmse: 5.660588, mae: 0.473847
417,	Iter: 417, train loss: 3.0531, avg nll: 0.8890, avg wnll: nan, avg kl: 0.0210, mse: 0.431891, wmse: 5.605089, mae: 0.472769
418,	Iter: 418, train loss: 3.0472, avg nll: 0.8876, avg wnll: nan, avg kl: 0.0230, mse: 0.430881, wmse: 5.590844, mae: 0.471873
419,	Iter: 419, train loss: 3.0489, avg nll: 0.8851, avg wnll: nan, avg kl: 0.0228, mse: 0.431687, wmse: 5.615139, mae: 0.472052
420,	Iter: 420, train loss: 3.0473, avg nll: 0.8920, avg wnll: nan, avg kl: 0.0231, mse: 0.429950, wmse: 5.595286, mae: 0.471993
nll: 0.8986, mse: 0.4441, mae: 0.4790, mean_mse: 6.1671, mean_mae: 0.4790
1678955735.5369887
saving.................
done
421,	Iter: 421, train loss: 3.0794, avg nll: 0.8957, avg wnll: nan, avg kl: 0.0212, mse: 0.435709, wmse: 5.660602, mae: 0.473610
422,	Iter: 422, train loss: 3.0605, avg nll: 0.8906, avg wnll: nan, avg kl: 0.0222, mse: 0.432866, wmse: 5.642941, mae: 0.472351
423,	Iter: 423, train loss: 3.0583, avg nll: 0.8913, avg wnll: nan, avg kl: 0.0218, mse: 0.432289, wmse: 5.615843, mae: 0.472023
424,	Iter: 424, train loss: 3.1087, avg nll: 0.9104, avg wnll: nan, avg kl: 0.0214, mse: 0.438542, wmse: 5.735040, mae: 0.474858
425,	Iter: 425, train loss: 3.0782, avg nll: 0.9005, avg wnll: nan, avg kl: 0.0221, mse: 0.434356, wmse: 5.631763, mae: 0.474012
426,	Iter: 426, train loss: 3.0668, avg nll: 0.8974, avg wnll: nan, avg kl: 0.0209, mse: 0.432742, wmse: 5.639784, mae: 0.473320
427,	Iter: 427, train loss: 3.0503, avg nll: 0.8898, avg wnll: nan, avg kl: 0.0189, mse: 0.431065, wmse: 5.598322, mae: 0.472223
428,	Iter: 428, train loss: 3.0505, avg nll: 0.8896, avg wnll: nan, avg kl: 0.0206, mse: 0.431014, wmse: 5.595261, mae: 0.472151
429,	Iter: 429, train loss: 3.0428, avg nll: 0.8851, avg wnll: nan, avg kl: 0.0204, mse: 0.430374, wmse: 5.599703, mae: 0.471490
430,	Iter: 430, train loss: 3.0413, avg nll: 0.8906, avg wnll: nan, avg kl: 0.0211, mse: 0.428907, wmse: 5.583343, mae: 0.471211
nll: 0.8914, mse: 0.4398, mae: 0.4772, mean_mse: 6.0976, mean_mae: 0.4772
1678956670.2950802
431,	Iter: 431, train loss: 3.0725, avg nll: 0.8944, avg wnll: nan, avg kl: 0.0206, mse: 0.434408, wmse: 5.644574, mae: 0.473083
432,	Iter: 432, train loss: 3.0604, avg nll: 0.8927, avg wnll: nan, avg kl: 0.0200, mse: 0.432328, wmse: 5.639085, mae: 0.472609
433,	Iter: 433, train loss: 3.0560, avg nll: 0.8912, avg wnll: nan, avg kl: 0.0207, mse: 0.431670, wmse: 5.608926, mae: 0.471902
434,	Iter: 434, train loss: 3.0734, avg nll: 0.8944, avg wnll: nan, avg kl: 0.0198, mse: 0.434555, wmse: 5.670665, mae: 0.472513
435,	Iter: 435, train loss: 3.0928, avg nll: 0.9060, avg wnll: nan, avg kl: 0.0207, mse: 0.436043, wmse: 5.650227, mae: 0.474916
436,	Iter: 436, train loss: 3.0576, avg nll: 0.8914, avg wnll: nan, avg kl: 0.0190, mse: 0.432010, wmse: 5.634064, mae: 0.472765
437,	Iter: 437, train loss: 3.0415, avg nll: 0.8844, avg wnll: nan, avg kl: 0.0177, mse: 0.430252, wmse: 5.587449, mae: 0.471857
438,	Iter: 438, train loss: 3.0493, avg nll: 0.8912, avg wnll: nan, avg kl: 0.0194, mse: 0.430313, wmse: 5.580857, mae: 0.471548
439,	Iter: 439, train loss: 3.0552, avg nll: 0.8897, avg wnll: nan, avg kl: 0.0192, mse: 0.431773, wmse: 5.618371, mae: 0.472377
440,	Iter: 440, train loss: 3.0269, avg nll: 0.8862, avg wnll: nan, avg kl: 0.0199, mse: 0.426763, wmse: 5.545838, mae: 0.470094
nll: 0.8949, mse: 0.4428, mae: 0.4784, mean_mse: 6.1328, mean_mae: 0.4784
1678957598.3539853
441,	Iter: 441, train loss: 3.0596, avg nll: 0.8890, avg wnll: nan, avg kl: 0.0186, mse: 0.432819, wmse: 5.618440, mae: 0.472220
442,	Iter: 442, train loss: 3.0547, avg nll: 0.8922, avg wnll: nan, avg kl: 0.0179, mse: 0.431224, wmse: 5.628710, mae: 0.471775
443,	Iter: 443, train loss: 3.0468, avg nll: 0.8878, avg wnll: nan, avg kl: 0.0185, mse: 0.430462, wmse: 5.592495, mae: 0.471075
444,	Iter: 444, train loss: 3.0717, avg nll: 0.8931, avg wnll: nan, avg kl: 0.0188, mse: 0.434335, wmse: 5.671000, mae: 0.472480
445,	Iter: 445, train loss: 3.4543, avg nll: 1.0047, avg wnll: nan, avg kl: 0.0229, mse: 0.488217, wmse: 6.552408, mae: 0.506651
446,	Iter: 446, train loss: 3.1309, avg nll: 0.9198, avg wnll: nan, avg kl: 0.0183, mse: 0.440837, wmse: 5.774122, mae: 0.478522
447,	Iter: 447, train loss: 3.0912, avg nll: 0.9063, avg wnll: nan, avg kl: 0.0170, mse: 0.435689, wmse: 5.677043, mae: 0.475456
448,	Iter: 448, train loss: 3.0869, avg nll: 0.9064, avg wnll: nan, avg kl: 0.0177, mse: 0.434731, wmse: 5.649675, mae: 0.474821
449,	Iter: 449, train loss: 3.1125, avg nll: 0.9144, avg wnll: nan, avg kl: 0.0179, mse: 0.438205, wmse: 5.728018, mae: 0.476795
450,	Iter: 450, train loss: 3.0761, avg nll: 0.9047, avg wnll: nan, avg kl: 0.0195, mse: 0.432734, wmse: 5.643384, mae: 0.473987
nll: 0.8944, mse: 0.4424, mae: 0.4785, mean_mse: 6.1354, mean_mae: 0.4785
1678958528.154373
saving.................
done
451,	Iter: 451, train loss: 3.1149, avg nll: 0.9119, avg wnll: nan, avg kl: 0.0183, mse: 0.439126, wmse: 5.714949, mae: 0.476186
452,	Iter: 452, train loss: 3.0898, avg nll: 0.9070, avg wnll: nan, avg kl: 0.0169, mse: 0.435172, wmse: 5.691432, mae: 0.474582
453,	Iter: 453, train loss: 3.0921, avg nll: 0.9086, avg wnll: nan, avg kl: 0.0182, mse: 0.435171, wmse: 5.658480, mae: 0.474388
454,	Iter: 454, train loss: 3.1162, avg nll: 0.9115, avg wnll: nan, avg kl: 0.0180, mse: 0.439419, wmse: 5.745715, mae: 0.476044
455,	Iter: 455, train loss: 3.1150, avg nll: 0.9144, avg wnll: nan, avg kl: 0.0185, mse: 0.438537, wmse: 5.700609, mae: 0.476539
456,	Iter: 456, train loss: 3.0857, avg nll: 0.9029, avg wnll: nan, avg kl: 0.0177, mse: 0.435027, wmse: 5.686105, mae: 0.474762
457,	Iter: 457, train loss: 3.0666, avg nll: 0.8984, avg wnll: nan, avg kl: 0.0154, mse: 0.432281, wmse: 5.622581, mae: 0.473535
458,	Iter: 458, train loss: 3.0600, avg nll: 0.8973, avg wnll: nan, avg kl: 0.0167, mse: 0.431077, wmse: 5.604586, mae: 0.472858
459,	Iter: 459, train loss: 3.0644, avg nll: 0.8948, avg wnll: nan, avg kl: 0.0164, mse: 0.432466, wmse: 5.637228, mae: 0.472976
460,	Iter: 460, train loss: 3.0494, avg nll: 0.8947, avg wnll: nan, avg kl: 0.0175, mse: 0.429354, wmse: 5.585770, mae: 0.471610
nll: 0.9103, mse: 0.4481, mae: 0.4832, mean_mse: 6.2433, mean_mae: 0.4832
1678959434.3012192
461,	Iter: 461, train loss: 3.0857, avg nll: 0.9014, avg wnll: nan, avg kl: 0.0171, mse: 0.435285, wmse: 5.660393, mae: 0.474157
462,	Iter: 462, train loss: 3.0681, avg nll: 0.8996, avg wnll: nan, avg kl: 0.0173, mse: 0.432108, wmse: 5.643701, mae: 0.472440
463,	Iter: 463, train loss: 3.0632, avg nll: 0.8976, avg wnll: nan, avg kl: 0.0189, mse: 0.431364, wmse: 5.604895, mae: 0.472142
464,	Iter: 464, train loss: 3.0792, avg nll: 0.8969, avg wnll: nan, avg kl: 0.0177, mse: 0.434791, wmse: 5.680044, mae: 0.472903
465,	Iter: 465, train loss: 3.0928, avg nll: 0.9082, avg wnll: nan, avg kl: 0.0173, mse: 0.435261, wmse: 5.644700, mae: 0.475115
466,	Iter: 466, train loss: 3.0784, avg nll: 0.9007, avg wnll: nan, avg kl: 0.0156, mse: 0.434015, wmse: 5.664183, mae: 0.474282
467,	Iter: 467, train loss: 3.0512, avg nll: 0.8938, avg wnll: nan, avg kl: 0.0145, mse: 0.430063, wmse: 5.578792, mae: 0.471987
468,	Iter: 468, train loss: 3.0589, avg nll: 0.8965, avg wnll: nan, avg kl: 0.0158, mse: 0.430917, wmse: 5.592281, mae: 0.472395
469,	Iter: 469, train loss: 3.0463, avg nll: 0.8894, avg wnll: nan, avg kl: 0.0149, mse: 0.429900, wmse: 5.595808, mae: 0.471629
470,	Iter: 470, train loss: 3.0627, avg nll: 0.9026, avg wnll: nan, avg kl: 0.0160, mse: 0.430398, wmse: 5.613709, mae: 0.472664
nll: 0.8959, mse: 0.4413, mae: 0.4777, mean_mse: 6.1215, mean_mae: 0.4777
1678960398.0609262
471,	Iter: 471, train loss: 3.0684, avg nll: 0.8979, avg wnll: nan, avg kl: 0.0143, mse: 0.432639, wmse: 5.618586, mae: 0.472526
472,	Iter: 472, train loss: 3.0456, avg nll: 0.8919, avg wnll: nan, avg kl: 0.0153, mse: 0.429160, wmse: 5.602035, mae: 0.470758
473,	Iter: 473, train loss: 3.0377, avg nll: 0.8887, avg wnll: nan, avg kl: 0.0147, mse: 0.428275, wmse: 5.566072, mae: 0.469981
474,	Iter: 474, train loss: 3.0947, avg nll: 0.9057, avg wnll: nan, avg kl: 0.0145, mse: 0.436275, wmse: 5.709773, mae: 0.473918
475,	Iter: 475, train loss: 3.0650, avg nll: 0.8998, avg wnll: nan, avg kl: 0.0150, mse: 0.431431, wmse: 5.590523, mae: 0.472390
476,	Iter: 476, train loss: 3.0516, avg nll: 0.8913, avg wnll: nan, avg kl: 0.0145, mse: 0.430497, wmse: 5.611593, mae: 0.472080
477,	Iter: 477, train loss: 3.0382, avg nll: 0.8884, avg wnll: nan, avg kl: 0.0133, mse: 0.428499, wmse: 5.558664, mae: 0.471085
478,	Iter: 478, train loss: 3.0360, avg nll: 0.8877, avg wnll: nan, avg kl: 0.0143, mse: 0.428082, wmse: 5.552956, mae: 0.470645
479,	Iter: 479, train loss: 3.0307, avg nll: 0.8838, avg wnll: nan, avg kl: 0.0136, mse: 0.427880, wmse: 5.562086, mae: 0.470452
480,	Iter: 480, train loss: 3.0202, avg nll: 0.8862, avg wnll: nan, avg kl: 0.0144, mse: 0.425186, wmse: 5.524702, mae: 0.469237
nll: 0.8957, mse: 0.4413, mae: 0.4778, mean_mse: 6.1045, mean_mae: 0.4778
1678961362.2634928
saving.................
done
481,	Iter: 481, train loss: 3.0526, avg nll: 0.8909, avg wnll: nan, avg kl: 0.0139, mse: 0.430775, wmse: 5.595711, mae: 0.471577
482,	Iter: 482, train loss: 3.0337, avg nll: 0.8864, avg wnll: nan, avg kl: 0.0139, mse: 0.427892, wmse: 5.578248, mae: 0.470131
483,	Iter: 483, train loss: 3.0309, avg nll: 0.8884, avg wnll: nan, avg kl: 0.0136, mse: 0.426920, wmse: 5.547030, mae: 0.469508
484,	Iter: 484, train loss: 3.0789, avg nll: 0.8988, avg wnll: nan, avg kl: 0.0140, mse: 0.434407, wmse: 5.664149, mae: 0.472814
485,	Iter: 485, train loss: 3.0625, avg nll: 0.8970, avg wnll: nan, avg kl: 0.0138, mse: 0.431487, wmse: 5.600605, mae: 0.473038
486,	Iter: 486, train loss: 3.0430, avg nll: 0.8889, avg wnll: nan, avg kl: 0.0130, mse: 0.429276, wmse: 5.593731, mae: 0.471628
487,	Iter: 487, train loss: 3.0223, avg nll: 0.8839, avg wnll: nan, avg kl: 0.0124, mse: 0.426210, wmse: 5.529282, mae: 0.469886
488,	Iter: 488, train loss: 3.0293, avg nll: 0.8866, avg wnll: nan, avg kl: 0.0136, mse: 0.426909, wmse: 5.544346, mae: 0.470254
489,	Iter: 489, train loss: 3.0180, avg nll: 0.8797, avg wnll: nan, avg kl: 0.0130, mse: 0.426086, wmse: 5.546399, mae: 0.469683
490,	Iter: 490, train loss: 3.0163, avg nll: 0.8853, avg wnll: nan, avg kl: 0.0137, mse: 0.424528, wmse: 5.515067, mae: 0.469095
nll: 0.9020, mse: 0.4451, mae: 0.4801, mean_mse: 6.1863, mean_mae: 0.4801
1678962268.3273475
491,	Iter: 491, train loss: 3.0480, avg nll: 0.8896, avg wnll: nan, avg kl: 0.0130, mse: 0.430059, wmse: 5.588812, mae: 0.471095
492,	Iter: 492, train loss: 3.0471, avg nll: 0.8951, avg wnll: nan, avg kl: 0.0134, mse: 0.428737, wmse: 5.594400, mae: 0.470946
493,	Iter: 493, train loss: 3.0332, avg nll: 0.8913, avg wnll: nan, avg kl: 0.0135, mse: 0.426685, wmse: 5.541073, mae: 0.469273
494,nan in loss,,,,,,,,, stopping
