Namespace(n_union_tp=3500, data_folder='datasets/ZTF_g', checkpoint='ZTF_g0.6500861048698425.h5', start_col=1, inc_errors=False, print_at=1, embed_time=128, enc_num_heads=16, latent_dim=64, mixing='concat', num_ref_points=16, rec_hidden=128, width=512, save_at=30, patience=100, early_stopping=False, niters=20000, frac=0.5, batch_size=2, mse_weight=5.0, dropout=0.0, num_resamples=0, lr=2e-05, scheduler=False, warmup=4000, kl_zero=False, kl_annealing=True, net='hetvae', device='cuda', const_var=False, var_per_dim=False, std=0.1, seed=2, save=True, k_iwae=1) 7040721
validated 3407 files out of 3407 for band='g'
3407 3407
(2559, 1, 1974, 3)
created union_tp attribute of length 3500
dataset created w/ shape (2559, 1, 1974, 3)
train size: 2303, valid size: 231, test size: 256
datasets/ZTF_g
=> loading checkpoint 'ZTF_g0.6500861048698425.h5'
Namespace(n_union_tp=3500, data_folder='datasets/ZTF_g', checkpoint='ZTF_g0.6659670472145081.h5', start_col=1, inc_errors=False, print_at=1, embed_time=128, enc_num_heads=16, latent_dim=64, mixing='concat', num_ref_points=16, rec_hidden=128, width=512, save_at=30, patience=100, early_stopping=False, niters=20000, frac=0.5, batch_size=2, mse_weight=5.0, dropout=0.0, num_resamples=0, lr=2e-07, scheduler=False, warmup=4000, kl_zero=False, kl_annealing=True, net='hetvae', device='cuda', const_var=False, var_per_dim=False, std=0.1, seed=2, save=True, k_iwae=1)
loaded checkpoint w/ loss=2.4780263793996453
model_size=498882
3751,	Iter: 3751, train loss: 5.8895, avg nll: 3.1882, avg wnll: nan, avg kl: 0.0394, mse: 0.540197, wmse: 7.327523, mae: 0.537028
3752,	Iter: 3752, train loss: 3.8507, avg nll: 1.3840, avg wnll: nan, avg kl: 0.0384, mse: 0.493268, wmse: 6.533215, mae: 0.509088
3753,	Iter: 3753, train loss: 3.7441, avg nll: 1.3042, avg wnll: nan, avg kl: 0.0637, mse: 0.487765, wmse: 6.481041, mae: 0.505009
3754,	Iter: 3754, train loss: 3.4235, avg nll: 1.0469, avg wnll: nan, avg kl: 0.1183, mse: 0.474813, wmse: 6.236003, mae: 0.496640
3755,	Iter: 3755, train loss: 3.3719, avg nll: 1.0322, avg wnll: nan, avg kl: 0.1700, mse: 0.467027, wmse: 6.141980, mae: 0.491916
3756,	Iter: 3756, train loss: 4.0951, avg nll: 1.7809, avg wnll: nan, avg kl: 0.2150, mse: 0.461474, wmse: 6.015893, mae: 0.487945
3757,	Iter: 3757, train loss: 3.4663, avg nll: 1.1791, avg wnll: nan, avg kl: 0.2700, mse: 0.455417, wmse: 5.954333, mae: 0.484994
3758,	Iter: 3758, train loss: 6.0404, avg nll: 3.7297, avg wnll: nan, avg kl: 0.2943, mse: 0.459632, wmse: 6.005869, mae: 0.486667
3759,	Iter: 3759, train loss: 3.5869, avg nll: 1.2988, avg wnll: nan, avg kl: 0.3318, mse: 0.454442, wmse: 5.916831, mae: 0.484201
3760,	Iter: 3760, train loss: 3.2961, avg nll: 1.0064, avg wnll: nan, avg kl: 0.3242, mse: 0.454482, wmse: 5.935436, mae: 0.483793
nll: 0.8789, mse: 0.4308, mae: 0.4715, mean_mse: 5.9243, mean_mae: 0.4715
1679452684.482865
3761,	Iter: 3761, train loss: 2.8116, avg nll: 0.8436, avg wnll: nan, avg kl: 0.1292, mse: 0.392071, wmse: 5.065773, mae: 0.450436
3762,	Iter: 3762, train loss: 2.6941, avg nll: 0.8062, avg wnll: nan, avg kl: 0.0784, mse: 0.376585, wmse: 4.872764, mae: 0.441788
3763,	Iter: 3763, train loss: 2.6651, avg nll: 0.7912, avg wnll: nan, avg kl: 0.0721, mse: 0.373765, wmse: 4.828343, mae: 0.439764
3764,	Iter: 3764, train loss: 2.6594, avg nll: 0.7793, avg wnll: nan, avg kl: 0.0629, mse: 0.375069, wmse: 4.858046, mae: 0.439398
3765,	Iter: 3765, train loss: 2.6399, avg nll: 0.7729, avg wnll: nan, avg kl: 0.0580, mse: 0.372473, wmse: 4.798075, mae: 0.439320
3766,	Iter: 3766, train loss: 2.6404, avg nll: 0.7693, avg wnll: nan, avg kl: 0.0534, mse: 0.373308, wmse: 4.843628, mae: 0.439159
3767,	Iter: 3767, train loss: 2.6118, avg nll: 0.7606, avg wnll: nan, avg kl: 0.0466, mse: 0.369404, wmse: 4.753446, mae: 0.437148
3768,	Iter: 3768, train loss: 2.6115, avg nll: 0.7571, avg wnll: nan, avg kl: 0.0446, mse: 0.370017, wmse: 4.766948, mae: 0.437626
3769,	Iter: 3769, train loss: 2.6063, avg nll: 0.7541, avg wnll: nan, avg kl: 0.0452, mse: 0.369528, wmse: 4.774857, mae: 0.437223
3770,	Iter: 3770, train loss: 2.6266, avg nll: 0.7686, avg wnll: nan, avg kl: 0.0442, mse: 0.370655, wmse: 4.786704, mae: 0.438048
nll: 0.8929, mse: 0.4388, mae: 0.4765, mean_mse: 6.0727, mean_mae: 0.4765
1679453641.6730847
3771,	Iter: 3771, train loss: 2.6472, avg nll: 0.7713, avg wnll: nan, avg kl: 0.0422, mse: 0.374225, wmse: 4.832424, mae: 0.439236
3772,	Iter: 3772, train loss: 2.6036, avg nll: 0.7516, avg wnll: nan, avg kl: 0.0441, mse: 0.369372, wmse: 4.778376, mae: 0.436683
3773,	Iter: 3773, train loss: 2.6129, avg nll: 0.7577, avg wnll: nan, avg kl: 0.0431, mse: 0.369990, wmse: 4.776435, mae: 0.437106
3774,	Iter: 3774, train loss: 2.6343, avg nll: 0.7613, avg wnll: nan, avg kl: 0.0424, mse: 0.373506, wmse: 4.840960, mae: 0.438369
3775,	Iter: 3775, train loss: 2.6338, avg nll: 0.7717, avg wnll: nan, avg kl: 0.0418, mse: 0.371305, wmse: 4.780089, mae: 0.438692
3776,	Iter: 3776, train loss: 2.6319, avg nll: 0.7664, avg wnll: nan, avg kl: 0.0399, mse: 0.371985, wmse: 4.827989, mae: 0.438464
3777,	Iter: 3777, train loss: 2.6504, avg nll: 0.7870, avg wnll: nan, avg kl: 0.0389, mse: 0.371562, wmse: 4.792364, mae: 0.438939
3778,	Iter: 3778, train loss: 2.6494, avg nll: 0.7857, avg wnll: nan, avg kl: 0.0390, mse: 0.371566, wmse: 4.790067, mae: 0.439163
3779,	Iter: 3779, train loss: 2.6349, avg nll: 0.7805, avg wnll: nan, avg kl: 0.0411, mse: 0.369589, wmse: 4.776827, mae: 0.437691
3780,	Iter: 3780, train loss: 2.6341, avg nll: 0.7803, avg wnll: nan, avg kl: 0.0406, mse: 0.369456, wmse: 4.772104, mae: 0.437506
nll: 0.8848, mse: 0.4374, mae: 0.4752, mean_mse: 6.0244, mean_mae: 0.4752
1679454539.465429
saving.................
done
3781,	Iter: 3781, train loss: 2.6515, avg nll: 0.7799, avg wnll: nan, avg kl: 0.0412, mse: 0.372972, wmse: 4.815080, mae: 0.438719
3782,	Iter: 3782, train loss: 2.6271, avg nll: 0.7703, avg wnll: nan, avg kl: 0.0419, mse: 0.369923, wmse: 4.786379, mae: 0.437270
3783,	Iter: 3783, train loss: 2.6326, avg nll: 0.7754, avg wnll: nan, avg kl: 0.0413, mse: 0.369985, wmse: 4.778952, mae: 0.437553
3784,	Iter: 3784, train loss: 2.6372, avg nll: 0.7685, avg wnll: nan, avg kl: 0.0416, mse: 0.372226, wmse: 4.823048, mae: 0.437688
3785,	Iter: 3785, train loss: 2.6418, avg nll: 0.7776, avg wnll: nan, avg kl: 0.0413, mse: 0.371304, wmse: 4.780097, mae: 0.439108
3786,	Iter: 3786, train loss: 2.6338, avg nll: 0.7702, avg wnll: nan, avg kl: 0.0392, mse: 0.371217, wmse: 4.817551, mae: 0.437961
3787,	Iter: 3787, train loss: 2.6205, avg nll: 0.7708, avg wnll: nan, avg kl: 0.0384, mse: 0.368438, wmse: 4.747261, mae: 0.436952
3788,	Iter: 3788, train loss: 2.5984, avg nll: 0.7509, avg wnll: nan, avg kl: 0.0384, mse: 0.367926, wmse: 4.743833, mae: 0.436211
3789,	Iter: 3789, train loss: 2.6053, avg nll: 0.7530, avg wnll: nan, avg kl: 0.0392, mse: 0.368827, wmse: 4.767881, mae: 0.436969
3790,	Iter: 3790, train loss: 2.6241, avg nll: 0.7678, avg wnll: nan, avg kl: 0.0386, mse: 0.369607, wmse: 4.778265, mae: 0.437500
nll: 0.8890, mse: 0.4381, mae: 0.4754, mean_mse: 6.0308, mean_mae: 0.4754
1679455499.0057914
3791,	Iter: 3791, train loss: 2.6313, avg nll: 0.7612, avg wnll: nan, avg kl: 0.0378, mse: 0.372366, wmse: 4.807883, mae: 0.438127
3792,	Iter: 3792, train loss: 2.6275, avg nll: 0.7665, avg wnll: nan, avg kl: 0.0390, mse: 0.370439, wmse: 4.793784, mae: 0.437621
3793,	Iter: 3793, train loss: 2.6105, avg nll: 0.7557, avg wnll: nan, avg kl: 0.0396, mse: 0.369158, wmse: 4.768444, mae: 0.436775
3794,	Iter: 3794, train loss: 2.6335, avg nll: 0.7619, avg wnll: nan, avg kl: 0.0397, mse: 0.372453, wmse: 4.827404, mae: 0.437999
3795,	Iter: 3795, train loss: 2.6251, avg nll: 0.7648, avg wnll: nan, avg kl: 0.0395, mse: 0.370173, wmse: 4.767369, mae: 0.437977
3796,	Iter: 3796, train loss: 2.6104, avg nll: 0.7504, avg wnll: nan, avg kl: 0.0372, mse: 0.370186, wmse: 4.803539, mae: 0.437186
3797,	Iter: 3797, train loss: 2.6081, avg nll: 0.7565, avg wnll: nan, avg kl: 0.0362, mse: 0.368515, wmse: 4.744072, mae: 0.436814
3798,	Iter: 3798, train loss: 2.6152, avg nll: 0.7624, avg wnll: nan, avg kl: 0.0363, mse: 0.368703, wmse: 4.754784, mae: 0.437029
3799,	Iter: 3799, train loss: 2.6170, avg nll: 0.7636, avg wnll: nan, avg kl: 0.0379, mse: 0.368696, wmse: 4.766235, mae: 0.437065
3800,	Iter: 3800, train loss: 2.6154, avg nll: 0.7624, avg wnll: nan, avg kl: 0.0380, mse: 0.368582, wmse: 4.762823, mae: 0.436886
nll: 0.8881, mse: 0.4378, mae: 0.4758, mean_mse: 6.0418, mean_mae: 0.4758
1679456425.1847134
3801,	Iter: 3801, train loss: 2.6256, avg nll: 0.7546, avg wnll: nan, avg kl: 0.0385, mse: 0.372102, wmse: 4.803899, mae: 0.438027
3802,	Iter: 3802, train loss: 2.6091, avg nll: 0.7530, avg wnll: nan, avg kl: 0.0385, mse: 0.369082, wmse: 4.775235, mae: 0.436608
3803,	Iter: 3803, train loss: 2.6196, avg nll: 0.7597, avg wnll: nan, avg kl: 0.0373, mse: 0.369864, wmse: 4.777655, mae: 0.437406
3804,	Iter: 3804, train loss: 2.6329, avg nll: 0.7618, avg wnll: nan, avg kl: 0.0372, mse: 0.372085, wmse: 4.820058, mae: 0.437727
3805,	Iter: 3805, train loss: 2.6289, avg nll: 0.7646, avg wnll: nan, avg kl: 0.0374, mse: 0.370676, wmse: 4.772463, mae: 0.438513
3806,	Iter: 3806, train loss: 2.6118, avg nll: 0.7514, avg wnll: nan, avg kl: 0.0364, mse: 0.369922, wmse: 4.799443, mae: 0.437166
3807,	Iter: 3807, train loss: 2.6195, avg nll: 0.7661, avg wnll: nan, avg kl: 0.0354, mse: 0.368537, wmse: 4.749077, mae: 0.436769
3808,	Iter: 3808, train loss: 2.6062, avg nll: 0.7555, avg wnll: nan, avg kl: 0.0350, mse: 0.367969, wmse: 4.743668, mae: 0.436555
3809,	Iter: 3809, train loss: 2.5950, avg nll: 0.7433, avg wnll: nan, avg kl: 0.0361, mse: 0.368066, wmse: 4.755880, mae: 0.436434
3810,	Iter: 3810, train loss: 2.6191, avg nll: 0.7625, avg wnll: nan, avg kl: 0.0372, mse: 0.368944, wmse: 4.766778, mae: 0.437116
nll: 0.8902, mse: 0.4391, mae: 0.4760, mean_mse: 6.0390, mean_mae: 0.4760
1679457352.5966408
saving.................
done
3811,	Iter: 3811, train loss: 2.6290, avg nll: 0.7580, avg wnll: nan, avg kl: 0.0355, mse: 0.371899, wmse: 4.802396, mae: 0.437917
3812,	Iter: 3812, train loss: 2.6161, avg nll: 0.7588, avg wnll: nan, avg kl: 0.0369, mse: 0.369026, wmse: 4.771957, mae: 0.436550
3813,	Iter: 3813, train loss: 2.6136, avg nll: 0.7575, avg wnll: nan, avg kl: 0.0365, mse: 0.368773, wmse: 4.763828, mae: 0.436502
3814,	Iter: 3814, train loss: 2.6361, avg nll: 0.7642, avg wnll: nan, avg kl: 0.0364, mse: 0.371898, wmse: 4.820436, mae: 0.437410
3815,	Iter: 3815, train loss: 2.6186, avg nll: 0.7593, avg wnll: nan, avg kl: 0.0361, mse: 0.369355, wmse: 4.755383, mae: 0.437623
3816,	Iter: 3816, train loss: 2.6252, avg nll: 0.7590, avg wnll: nan, avg kl: 0.0344, mse: 0.370815, wmse: 4.812675, mae: 0.437924
3817,	Iter: 3817, train loss: 2.6016, avg nll: 0.7510, avg wnll: nan, avg kl: 0.0332, mse: 0.367734, wmse: 4.736823, mae: 0.436415
3818,	Iter: 3818, train loss: 2.5943, avg nll: 0.7452, avg wnll: nan, avg kl: 0.0335, mse: 0.367388, wmse: 4.736836, mae: 0.436121
3819,	Iter: 3819, train loss: 2.6142, avg nll: 0.7574, avg wnll: nan, avg kl: 0.0348, mse: 0.368804, wmse: 4.766480, mae: 0.437215
3820,	Iter: 3820, train loss: 2.6097, avg nll: 0.7550, avg wnll: nan, avg kl: 0.0342, mse: 0.368385, wmse: 4.759115, mae: 0.436671
nll: 0.8906, mse: 0.4378, mae: 0.4754, mean_mse: 6.0407, mean_mae: 0.4754
1679458287.7585223
3821,	Iter: 3821, train loss: 2.6393, avg nll: 0.7652, avg wnll: nan, avg kl: 0.0344, mse: 0.372214, wmse: 4.810851, mae: 0.438322
3822,	Iter: 3822, train loss: 2.6030, avg nll: 0.7472, avg wnll: nan, avg kl: 0.0355, mse: 0.368434, wmse: 4.764846, mae: 0.436061
3823,	Iter: 3823, train loss: 2.6277, avg nll: 0.7641, avg wnll: nan, avg kl: 0.0346, mse: 0.370030, wmse: 4.781499, mae: 0.437319
3824,	Iter: 3824, train loss: 2.6213, avg nll: 0.7529, avg wnll: nan, avg kl: 0.0345, mse: 0.370959, wmse: 4.808558, mae: 0.436799
3825,	Iter: 3825, train loss: 2.6229, avg nll: 0.7592, avg wnll: nan, avg kl: 0.0341, mse: 0.370020, wmse: 4.764833, mae: 0.438079
3826,	Iter: 3826, train loss: 2.6214, avg nll: 0.7557, avg wnll: nan, avg kl: 0.0340, mse: 0.370386, wmse: 4.806603, mae: 0.437314
3827,	Iter: 3827, train loss: 2.6021, avg nll: 0.7498, avg wnll: nan, avg kl: 0.0330, mse: 0.367753, wmse: 4.738003, mae: 0.436348
3828,	Iter: 3828, train loss: 2.5986, avg nll: 0.7475, avg wnll: nan, avg kl: 0.0319, mse: 0.367560, wmse: 4.740880, mae: 0.436286
3829,	Iter: 3829, train loss: 2.6066, avg nll: 0.7504, avg wnll: nan, avg kl: 0.0334, mse: 0.368424, wmse: 4.764124, mae: 0.436989
3830,	Iter: 3830, train loss: 2.6065, avg nll: 0.7528, avg wnll: nan, avg kl: 0.0336, mse: 0.367887, wmse: 4.751701, mae: 0.436328
nll: 0.8871, mse: 0.4366, mae: 0.4750, mean_mse: 6.0091, mean_mae: 0.4750
1679459208.3330247
3831,	Iter: 3831, train loss: 2.6219, avg nll: 0.7521, avg wnll: nan, avg kl: 0.0334, mse: 0.371075, wmse: 4.792881, mae: 0.437621
3832,	Iter: 3832, train loss: 2.6065, avg nll: 0.7488, avg wnll: nan, avg kl: 0.0337, mse: 0.368599, wmse: 4.772876, mae: 0.436324
3833,	Iter: 3833, train loss: 2.6050, avg nll: 0.7488, avg wnll: nan, avg kl: 0.0328, mse: 0.368355, wmse: 4.757379, mae: 0.436177
3834,	Iter: 3834, train loss: 2.6174, avg nll: 0.7469, avg wnll: nan, avg kl: 0.0335, mse: 0.371105, wmse: 4.808145, mae: 0.436917
3835,	Iter: 3835, train loss: 2.6218, avg nll: 0.7574, avg wnll: nan, avg kl: 0.0333, mse: 0.369858, wmse: 4.761770, mae: 0.437704
3836,	Iter: 3836, train loss: 2.6107, avg nll: 0.7492, avg wnll: nan, avg kl: 0.0324, mse: 0.369332, wmse: 4.794195, mae: 0.436751
3837,	Iter: 3837, train loss: 2.6094, avg nll: 0.7532, avg wnll: nan, avg kl: 0.0304, mse: 0.368412, wmse: 4.747963, mae: 0.436861
3838,	Iter: 3838, train loss: 2.5960, avg nll: 0.7450, avg wnll: nan, avg kl: 0.0317, mse: 0.367208, wmse: 4.735648, mae: 0.435937
3839,	Iter: 3839, train loss: 2.6033, avg nll: 0.7473, avg wnll: nan, avg kl: 0.0322, mse: 0.368140, wmse: 4.761510, mae: 0.436821
3840,	Iter: 3840, train loss: 2.6131, avg nll: 0.7566, avg wnll: nan, avg kl: 0.0323, mse: 0.368195, wmse: 4.759242, mae: 0.436719
nll: 0.8883, mse: 0.4376, mae: 0.4752, mean_mse: 6.0222, mean_mae: 0.4752
1679460129.4078028
saving.................
done
3841,	Iter: 3841, train loss: 2.6292, avg nll: 0.7567, avg wnll: nan, avg kl: 0.0322, mse: 0.371371, wmse: 4.797576, mae: 0.437537
3842,	Iter: 3842, train loss: 2.6079, avg nll: 0.7498, avg wnll: nan, avg kl: 0.0323, mse: 0.368458, wmse: 4.770154, mae: 0.436011
3843,	Iter: 3843, train loss: 2.6132, avg nll: 0.7534, avg wnll: nan, avg kl: 0.0323, mse: 0.368754, wmse: 4.759345, mae: 0.436639
3844,	Iter: 3844, train loss: 2.6302, avg nll: 0.7576, avg wnll: nan, avg kl: 0.0320, mse: 0.371327, wmse: 4.814477, mae: 0.437262
3845,	Iter: 3845, train loss: 2.6237, avg nll: 0.7602, avg wnll: nan, avg kl: 0.0318, mse: 0.369468, wmse: 4.758697, mae: 0.437664
3846,	Iter: 3846, train loss: 2.6070, avg nll: 0.7439, avg wnll: nan, avg kl: 0.0320, mse: 0.369352, wmse: 4.794441, mae: 0.436701
3847,	Iter: 3847, train loss: 2.6135, avg nll: 0.7575, avg wnll: nan, avg kl: 0.0298, mse: 0.368139, wmse: 4.744393, mae: 0.436702
3848,	Iter: 3848, train loss: 2.5997, avg nll: 0.7462, avg wnll: nan, avg kl: 0.0297, mse: 0.367588, wmse: 4.740270, mae: 0.436273
3849,	Iter: 3849, train loss: 2.6072, avg nll: 0.7503, avg wnll: nan, avg kl: 0.0315, mse: 0.368064, wmse: 4.757668, mae: 0.436669
3850,	Iter: 3850, train loss: 2.6054, avg nll: 0.7504, avg wnll: nan, avg kl: 0.0313, mse: 0.367669, wmse: 4.750515, mae: 0.436253
nll: 0.8914, mse: 0.4376, mae: 0.4752, mean_mse: 6.0295, mean_mae: 0.4752
1679461074.3876872
3851,	Iter: 3851, train loss: 2.6198, avg nll: 0.7485, avg wnll: nan, avg kl: 0.0310, mse: 0.370927, wmse: 4.789950, mae: 0.437266
3852,	Iter: 3852, train loss: 2.6035, avg nll: 0.7449, avg wnll: nan, avg kl: 0.0312, mse: 0.368322, wmse: 4.766298, mae: 0.436034
3853,	Iter: 3853, train loss: 2.6096, avg nll: 0.7511, avg wnll: nan, avg kl: 0.0304, mse: 0.368369, wmse: 4.761729, mae: 0.436309
3854,	Iter: 3854, train loss: 2.6247, avg nll: 0.7516, avg wnll: nan, avg kl: 0.0306, mse: 0.371219, wmse: 4.811162, mae: 0.437113
3855,	Iter: 3855, train loss: 2.6202, avg nll: 0.7555, avg wnll: nan, avg kl: 0.0307, mse: 0.369494, wmse: 4.760361, mae: 0.437601
3856,	Iter: 3856, train loss: 2.6088, avg nll: 0.7451, avg wnll: nan, avg kl: 0.0299, mse: 0.369354, wmse: 4.793384, mae: 0.436704
3857,	Iter: 3857, train loss: 2.6073, avg nll: 0.7521, avg wnll: nan, avg kl: 0.0289, mse: 0.367732, wmse: 4.739529, mae: 0.436590
3858,	Iter: 3858, train loss: 2.6024, avg nll: 0.7481, avg wnll: nan, avg kl: 0.0286, mse: 0.367557, wmse: 4.741737, mae: 0.436255
3859,	Iter: 3859, train loss: 2.5993, avg nll: 0.7423, avg wnll: nan, avg kl: 0.0301, mse: 0.367906, wmse: 4.755929, mae: 0.436444
3860,	Iter: 3860, train loss: 2.6112, avg nll: 0.7544, avg wnll: nan, avg kl: 0.0298, mse: 0.367867, wmse: 4.754924, mae: 0.436410
nll: 0.8888, mse: 0.4379, mae: 0.4755, mean_mse: 6.0411, mean_mae: 0.4755
1679462015.6371675
3861,	Iter: 3861, train loss: 2.6183, avg nll: 0.7475, avg wnll: nan, avg kl: 0.0300, mse: 0.370607, wmse: 4.789066, mae: 0.437299
3862,	Iter: 3862, train loss: 2.6225, avg nll: 0.7597, avg wnll: nan, avg kl: 0.0296, mse: 0.369026, wmse: 4.776516, mae: 0.436823
3863,	Iter: 3863, train loss: 2.6119, avg nll: 0.7538, avg wnll: nan, avg kl: 0.0290, mse: 0.368134, wmse: 4.754717, mae: 0.436301
3864,	Iter: 3864, train loss: 2.6253, avg nll: 0.7525, avg wnll: nan, avg kl: 0.0293, mse: 0.371001, wmse: 4.810872, mae: 0.437050
3865,	Iter: 3865, train loss: 2.6195, avg nll: 0.7550, avg wnll: nan, avg kl: 0.0292, mse: 0.369323, wmse: 4.755749, mae: 0.437513
3866,	Iter: 3866, train loss: 2.6068, avg nll: 0.7413, avg wnll: nan, avg kl: 0.0291, mse: 0.369507, wmse: 4.797297, mae: 0.436839
3867,	Iter: 3867, train loss: 2.5992, avg nll: 0.7459, avg wnll: nan, avg kl: 0.0280, mse: 0.367162, wmse: 4.728539, mae: 0.436067
3868,	Iter: 3868, train loss: 2.6052, avg nll: 0.7497, avg wnll: nan, avg kl: 0.0283, mse: 0.367520, wmse: 4.739474, mae: 0.436408
3869,	Iter: 3869, train loss: 2.6035, avg nll: 0.7469, avg wnll: nan, avg kl: 0.0286, mse: 0.367685, wmse: 4.755505, mae: 0.436365
3870,	Iter: 3870, train loss: 2.6064, avg nll: 0.7512, avg wnll: nan, avg kl: 0.0284, mse: 0.367401, wmse: 4.748633, mae: 0.436287
nll: 0.8882, mse: 0.4376, mae: 0.4752, mean_mse: 6.0145, mean_mae: 0.4752
1679462933.4666784
saving.................
done
3871,	Iter: 3871, train loss: 2.6278, avg nll: 0.7554, avg wnll: nan, avg kl: 0.0281, mse: 0.370854, wmse: 4.794696, mae: 0.437454
3872,	Iter: 3872, train loss: 2.6042, avg nll: 0.7460, avg wnll: nan, avg kl: 0.0297, mse: 0.367788, wmse: 4.759298, mae: 0.435788
3873,	Iter: 3873, train loss: 2.6008, avg nll: 0.7418, avg wnll: nan, avg kl: 0.0288, mse: 0.368029, wmse: 4.755579, mae: 0.436204
3874,	Iter: 3874, train loss: 2.6330, avg nll: 0.7533, avg wnll: nan, avg kl: 0.0287, mse: 0.372142, wmse: 4.826849, mae: 0.437736
3875,	Iter: 3875, train loss: 2.6192, avg nll: 0.7543, avg wnll: nan, avg kl: 0.0288, mse: 0.369135, wmse: 4.751896, mae: 0.437489
3876,	Iter: 3876, train loss: 2.6105, avg nll: 0.7450, avg wnll: nan, avg kl: 0.0280, mse: 0.369327, wmse: 4.795043, mae: 0.436782
3877,	Iter: 3877, train loss: 2.6063, avg nll: 0.7505, avg wnll: nan, avg kl: 0.0268, mse: 0.367533, wmse: 4.735037, mae: 0.436298
3878,	Iter: 3878, train loss: 2.5998, avg nll: 0.7476, avg wnll: nan, avg kl: 0.0266, mse: 0.366813, wmse: 4.733685, mae: 0.435896
3879,	Iter: 3879, train loss: 2.5981, avg nll: 0.7422, avg wnll: nan, avg kl: 0.0278, mse: 0.367351, wmse: 4.750736, mae: 0.436174
3880,	Iter: 3880, train loss: 2.6046, avg nll: 0.7488, avg wnll: nan, avg kl: 0.0278, mse: 0.367321, wmse: 4.746252, mae: 0.436120
nll: 0.8864, mse: 0.4369, mae: 0.4752, mean_mse: 6.0264, mean_mae: 0.4752
1679463870.3715875
3881,	Iter: 3881, train loss: 2.6225, avg nll: 0.7499, avg wnll: nan, avg kl: 0.0281, mse: 0.370585, wmse: 4.789224, mae: 0.437271
3882,	Iter: 3882, train loss: 2.6051, avg nll: 0.7444, avg wnll: nan, avg kl: 0.0281, mse: 0.368173, wmse: 4.764282, mae: 0.436071
3883,	Iter: 3883, train loss: 2.6140, avg nll: 0.7528, avg wnll: nan, avg kl: 0.0277, mse: 0.368308, wmse: 4.759577, mae: 0.436407
3884,	Iter: 3884, train loss: 2.6306, avg nll: 0.7555, avg wnll: nan, avg kl: 0.0269, mse: 0.371183, wmse: 4.811027, mae: 0.437268
3885,	Iter: 3885, train loss: 2.6233, avg nll: 0.7566, avg wnll: nan, avg kl: 0.0275, mse: 0.369362, wmse: 4.757327, mae: 0.437540
3886,	Iter: 3886, train loss: 2.6089, avg nll: 0.7432, avg wnll: nan, avg kl: 0.0273, mse: 0.369180, wmse: 4.794107, mae: 0.436817
3887,	Iter: 3887, train loss: 2.5963, avg nll: 0.7427, avg wnll: nan, avg kl: 0.0262, mse: 0.366891, wmse: 4.726924, mae: 0.435900
3888,	Iter: 3888, train loss: 2.5927, avg nll: 0.7390, avg wnll: nan, avg kl: 0.0261, mse: 0.366896, wmse: 4.732193, mae: 0.435855
3889,	Iter: 3889, train loss: 2.6064, avg nll: 0.7474, avg wnll: nan, avg kl: 0.0273, mse: 0.367743, wmse: 4.757415, mae: 0.436605
3890,	Iter: 3890, train loss: 2.6109, avg nll: 0.7517, avg wnll: nan, avg kl: 0.0268, mse: 0.367837, wmse: 4.752854, mae: 0.436494
nll: 0.8911, mse: 0.4384, mae: 0.4753, mean_mse: 6.0312, mean_mae: 0.4753
1679464808.1160626
3891,	Iter: 3891, train loss: 2.6225, avg nll: 0.7484, avg wnll: nan, avg kl: 0.0270, mse: 0.370754, wmse: 4.790696, mae: 0.437336
3892,	Iter: 3892, train loss: 2.6085, avg nll: 0.7479, avg wnll: nan, avg kl: 0.0270, mse: 0.368042, wmse: 4.763302, mae: 0.435862
3893,	Iter: 3893, train loss: 2.6153, avg nll: 0.7516, avg wnll: nan, avg kl: 0.0267, mse: 0.368671, wmse: 4.763691, mae: 0.436779
3894,	Iter: 3894, train loss: 2.6237, avg nll: 0.7487, avg wnll: nan, avg kl: 0.0262, mse: 0.370963, wmse: 4.808503, mae: 0.437012
3895,	Iter: 3895, train loss: 2.6215, avg nll: 0.7554, avg wnll: nan, avg kl: 0.0270, mse: 0.369047, wmse: 4.753043, mae: 0.437375
3896,	Iter: 3896, train loss: 2.6121, avg nll: 0.7458, avg wnll: nan, avg kl: 0.0259, mse: 0.369218, wmse: 4.794537, mae: 0.436692
3897,	Iter: 3897, train loss: 2.6013, avg nll: 0.7465, avg wnll: nan, avg kl: 0.0250, mse: 0.367047, wmse: 4.728949, mae: 0.436046
3898,	Iter: 3898, train loss: 2.6048, avg nll: 0.7485, avg wnll: nan, avg kl: 0.0258, mse: 0.367189, wmse: 4.737009, mae: 0.436157
3899,	Iter: 3899, train loss: 2.6053, avg nll: 0.7455, avg wnll: nan, avg kl: 0.0263, mse: 0.367795, wmse: 4.754127, mae: 0.436525
3900,	Iter: 3900, train loss: 2.6090, avg nll: 0.7510, avg wnll: nan, avg kl: 0.0256, mse: 0.367504, wmse: 4.751894, mae: 0.436286
nll: 0.8917, mse: 0.4381, mae: 0.4757, mean_mse: 6.0458, mean_mae: 0.4757
1679465706.4315183
saving.................
done
3901,	Iter: 3901, train loss: 2.6218, avg nll: 0.7494, avg wnll: nan, avg kl: 0.0259, mse: 0.370299, wmse: 4.785187, mae: 0.436904
3902,	Iter: 3902, train loss: 2.6010, avg nll: 0.7414, avg wnll: nan, avg kl: 0.0267, mse: 0.367591, wmse: 4.755730, mae: 0.435799
3903,	Iter: 3903, train loss: 2.6078, avg nll: 0.7465, avg wnll: nan, avg kl: 0.0254, mse: 0.368110, wmse: 4.758968, mae: 0.436260
3904,	Iter: 3904, train loss: 2.6227, avg nll: 0.7474, avg wnll: nan, avg kl: 0.0256, mse: 0.370838, wmse: 4.808562, mae: 0.436933
3905,	Iter: 3905, train loss: 2.6148, avg nll: 0.7501, avg wnll: nan, avg kl: 0.0256, mse: 0.368715, wmse: 4.749596, mae: 0.437023
3906,	Iter: 3906, train loss: 2.6110, avg nll: 0.7431, avg wnll: nan, avg kl: 0.0254, mse: 0.369349, wmse: 4.794467, mae: 0.436709
3907,	Iter: 3907, train loss: 2.5997, avg nll: 0.7448, avg wnll: nan, avg kl: 0.0238, mse: 0.366996, wmse: 4.731032, mae: 0.435970
3908,	Iter: 3908, train loss: 2.5933, avg nll: 0.7380, avg wnll: nan, avg kl: 0.0241, mse: 0.367018, wmse: 4.736306, mae: 0.435985
3909,	Iter: 3909, train loss: 2.6030, avg nll: 0.7422, avg wnll: nan, avg kl: 0.0255, mse: 0.367828, wmse: 4.756224, mae: 0.436515
3910,	Iter: 3910, train loss: 2.6089, avg nll: 0.7487, avg wnll: nan, avg kl: 0.0253, mse: 0.367721, wmse: 4.751496, mae: 0.436324
nll: 0.8901, mse: 0.4394, mae: 0.4765, mean_mse: 6.0580, mean_mae: 0.4765
1679466673.1177716
3911,	Iter: 3911, train loss: 2.6237, avg nll: 0.7496, avg wnll: nan, avg kl: 0.0248, mse: 0.370570, wmse: 4.788964, mae: 0.437454
3912,	Iter: 3912, train loss: 2.6058, avg nll: 0.7439, avg wnll: nan, avg kl: 0.0253, mse: 0.368015, wmse: 4.766069, mae: 0.436023
3913,	Iter: 3913, train loss: 2.6128, avg nll: 0.7507, avg wnll: nan, avg kl: 0.0245, mse: 0.368158, wmse: 4.757314, mae: 0.436462
3914,	Iter: 3914, train loss: 2.6265, avg nll: 0.7504, avg wnll: nan, avg kl: 0.0247, mse: 0.370900, wmse: 4.807243, mae: 0.436919
3915,	Iter: 3915, train loss: 2.6145, avg nll: 0.7489, avg wnll: nan, avg kl: 0.0252, mse: 0.368676, wmse: 4.747937, mae: 0.437177
3916,	Iter: 3916, train loss: 2.6124, avg nll: 0.7461, avg wnll: nan, avg kl: 0.0245, mse: 0.368933, wmse: 4.792832, mae: 0.436681
3917,	Iter: 3917, train loss: 2.6074, avg nll: 0.7492, avg wnll: nan, avg kl: 0.0232, mse: 0.367491, wmse: 4.732608, mae: 0.436315
3918,	Iter: 3918, train loss: 2.5967, avg nll: 0.7416, avg wnll: nan, avg kl: 0.0234, mse: 0.366813, wmse: 4.732093, mae: 0.436017
3919,	Iter: 3919, train loss: 2.6151, avg nll: 0.7532, avg wnll: nan, avg kl: 0.0241, mse: 0.368037, wmse: 4.762127, mae: 0.437059
3920,	Iter: 3920, train loss: 2.6127, avg nll: 0.7535, avg wnll: nan, avg kl: 0.0240, mse: 0.367484, wmse: 4.751013, mae: 0.436380
nll: 0.8929, mse: 0.4383, mae: 0.4757, mean_mse: 6.0392, mean_mae: 0.4757
1679467582.4418852
3921,	Iter: 3921, train loss: 2.6213, avg nll: 0.7476, avg wnll: nan, avg kl: 0.0241, mse: 0.370330, wmse: 4.786805, mae: 0.437118
3922,	Iter: 3922, train loss: 2.6096, avg nll: 0.7491, avg wnll: nan, avg kl: 0.0241, mse: 0.367673, wmse: 4.757844, mae: 0.435904
3923,	Iter: 3923, train loss: 2.6045, avg nll: 0.7431, avg wnll: nan, avg kl: 0.0237, mse: 0.367924, wmse: 4.752928, mae: 0.436298
3924,	Iter: 3924, train loss: 2.6263, avg nll: 0.7497, avg wnll: nan, avg kl: 0.0238, mse: 0.370898, wmse: 4.812654, mae: 0.437037
3925,	Iter: 3925, train loss: 2.6155, avg nll: 0.7496, avg wnll: nan, avg kl: 0.0238, mse: 0.368736, wmse: 4.750506, mae: 0.437238
3926,	Iter: 3926, train loss: 2.6103, avg nll: 0.7428, avg wnll: nan, avg kl: 0.0237, mse: 0.369073, wmse: 4.792093, mae: 0.436604
3927,	Iter: 3927, train loss: 2.6020, avg nll: 0.7452, avg wnll: nan, avg kl: 0.0221, mse: 0.367175, wmse: 4.732337, mae: 0.436029
3928,	Iter: 3928, train loss: 2.5925, avg nll: 0.7382, avg wnll: nan, avg kl: 0.0227, mse: 0.366537, wmse: 4.729556, mae: 0.435789
3929,	Iter: 3929, train loss: 2.6051, avg nll: 0.7431, avg wnll: nan, avg kl: 0.0233, mse: 0.367946, wmse: 4.760521, mae: 0.436682
3930,	Iter: 3930, train loss: 2.6082, avg nll: 0.7480, avg wnll: nan, avg kl: 0.0237, mse: 0.367502, wmse: 4.751431, mae: 0.436226
nll: 0.8914, mse: 0.4380, mae: 0.4753, mean_mse: 6.0152, mean_mae: 0.4753
1679468519.1198976
saving.................
done
3931,	Iter: 3931, train loss: 2.6236, avg nll: 0.7479, avg wnll: nan, avg kl: 0.0235, mse: 0.370611, wmse: 4.788532, mae: 0.437372
3932,	Iter: 3932, train loss: 2.6030, avg nll: 0.7416, avg wnll: nan, avg kl: 0.0235, mse: 0.367716, wmse: 4.757294, mae: 0.435608
3933,	Iter: 3933, train loss: 2.6127, avg nll: 0.7480, avg wnll: nan, avg kl: 0.0230, mse: 0.368443, wmse: 4.764875, mae: 0.436600
3934,	Iter: 3934, train loss: 2.6265, avg nll: 0.7483, avg wnll: nan, avg kl: 0.0229, mse: 0.371146, wmse: 4.814312, mae: 0.437317
3935,	Iter: 3935, train loss: 2.6224, avg nll: 0.7518, avg wnll: nan, avg kl: 0.0235, mse: 0.369491, wmse: 4.761247, mae: 0.437739
3936,	Iter: 3936, train loss: 2.6131, avg nll: 0.7453, avg wnll: nan, avg kl: 0.0222, mse: 0.369154, wmse: 4.792315, mae: 0.436755
3937,	Iter: 3937, train loss: 2.5943, avg nll: 0.7408, avg wnll: nan, avg kl: 0.0218, mse: 0.366352, wmse: 4.721416, mae: 0.435540
3938,	Iter: 3938, train loss: 2.5979, avg nll: 0.7425, avg wnll: nan, avg kl: 0.0219, mse: 0.366700, wmse: 4.731375, mae: 0.435885
3939,	Iter: 3939, train loss: 2.6090, avg nll: 0.7481, avg wnll: nan, avg kl: 0.0227, mse: 0.367629, wmse: 4.753838, mae: 0.436433
3940,	Iter: 3940, train loss: 2.6062, avg nll: 0.7494, avg wnll: nan, avg kl: 0.0224, mse: 0.366880, wmse: 4.742275, mae: 0.435858
nll: 0.8903, mse: 0.4378, mae: 0.4752, mean_mse: 6.0359, mean_mae: 0.4752
1679469460.0234401
3941,	Iter: 3941, train loss: 2.6279, avg nll: 0.7525, avg wnll: nan, avg kl: 0.0222, mse: 0.370639, wmse: 4.790547, mae: 0.437465
3942,	Iter: 3942, train loss: 2.6006, avg nll: 0.7418, avg wnll: nan, avg kl: 0.0229, mse: 0.367175, wmse: 4.754583, mae: 0.435488
3943,	Iter: 3943, train loss: 2.6105, avg nll: 0.7490, avg wnll: nan, avg kl: 0.0215, mse: 0.367999, wmse: 4.755512, mae: 0.436322
3944,	Iter: 3944, train loss: 2.6185, avg nll: 0.7427, avg wnll: nan, avg kl: 0.0224, mse: 0.370697, wmse: 4.807119, mae: 0.436820
3945,	Iter: 3945, train loss: 2.6266, avg nll: 0.7562, avg wnll: nan, avg kl: 0.0221, mse: 0.369647, wmse: 4.764025, mae: 0.437827
3946,	Iter: 3946, train loss: 2.6087, avg nll: 0.7425, avg wnll: nan, avg kl: 0.0220, mse: 0.368840, wmse: 4.789793, mae: 0.436615
3947,	Iter: 3947, train loss: 2.6037, avg nll: 0.7463, avg wnll: nan, avg kl: 0.0210, mse: 0.367266, wmse: 4.733180, mae: 0.436029
3948,	Iter: 3948, train loss: 2.5976, avg nll: 0.7433, avg wnll: nan, avg kl: 0.0217, mse: 0.366517, wmse: 4.728649, mae: 0.435692
3949,	Iter: 3949, train loss: 2.5983, avg nll: 0.7396, avg wnll: nan, avg kl: 0.0226, mse: 0.367226, wmse: 4.749561, mae: 0.436166
3950,	Iter: 3950, train loss: 2.6017, avg nll: 0.7447, avg wnll: nan, avg kl: 0.0223, mse: 0.366934, wmse: 4.741109, mae: 0.435889
nll: 0.8938, mse: 0.4379, mae: 0.4754, mean_mse: 6.0267, mean_mae: 0.4754
1679470389.195187
3951,	Iter: 3951, train loss: 2.6173, avg nll: 0.7441, avg wnll: nan, avg kl: 0.0224, mse: 0.370162, wmse: 4.784021, mae: 0.436971
3952,	Iter: 3952, train loss: 2.6029, avg nll: 0.7427, avg wnll: nan, avg kl: 0.0226, mse: 0.367511, wmse: 4.758855, mae: 0.435577
3953,	Iter: 3953, train loss: 2.6051, avg nll: 0.7434, avg wnll: nan, avg kl: 0.0219, mse: 0.367973, wmse: 4.754639, mae: 0.436208
3954,	Iter: 3954, train loss: 2.6221, avg nll: 0.7456, avg wnll: nan, avg kl: 0.0219, mse: 0.370921, wmse: 4.812076, mae: 0.437177
3955,	Iter: 3955, train loss: 2.6145, avg nll: 0.7500, avg wnll: nan, avg kl: 0.0221, mse: 0.368481, wmse: 4.746914, mae: 0.437077
3956,	Iter: 3956, train loss: 2.6021, avg nll: 0.7361, avg wnll: nan, avg kl: 0.0218, mse: 0.368845, wmse: 4.790547, mae: 0.436577
3957,	Iter: 3957, train loss: 2.6026, avg nll: 0.7470, avg wnll: nan, avg kl: 0.0209, mse: 0.366942, wmse: 4.727394, mae: 0.436112
3958,	Iter: 3958, train loss: 2.5980, avg nll: 0.7423, avg wnll: nan, avg kl: 0.0211, mse: 0.366933, wmse: 4.734516, mae: 0.436004
3959,	Iter: 3959, train loss: 2.6017, avg nll: 0.7427, avg wnll: nan, avg kl: 0.0215, mse: 0.367496, wmse: 4.752877, mae: 0.436437
3960,	Iter: 3960, train loss: 2.6043, avg nll: 0.7481, avg wnll: nan, avg kl: 0.0218, mse: 0.366879, wmse: 4.742994, mae: 0.435829
nll: 0.8905, mse: 0.4376, mae: 0.4751, mean_mse: 6.0304, mean_mae: 0.4751
1679471318.467643
saving.................
done
3961,	Iter: 3961, train loss: 2.6276, avg nll: 0.7527, avg wnll: nan, avg kl: 0.0223, mse: 0.370502, wmse: 4.788110, mae: 0.437331
3962,	Iter: 3962, train loss: 2.6045, avg nll: 0.7450, avg wnll: nan, avg kl: 0.0222, mse: 0.367483, wmse: 4.756794, mae: 0.435713
3963,	Iter: 3963, train loss: 2.6116, avg nll: 0.7497, avg wnll: nan, avg kl: 0.0216, mse: 0.368066, wmse: 4.757239, mae: 0.436380
3964,	Iter: 3964, train loss: 2.6317, avg nll: 0.7547, avg wnll: nan, avg kl: 0.0219, mse: 0.371021, wmse: 4.814297, mae: 0.437100
3965,	Iter: 3965, train loss: 2.6173, avg nll: 0.7510, avg wnll: nan, avg kl: 0.0221, mse: 0.368843, wmse: 4.752534, mae: 0.437466
3966,	Iter: 3966, train loss: 2.6111, avg nll: 0.7447, avg wnll: nan, avg kl: 0.0219, mse: 0.368900, wmse: 4.793614, mae: 0.436796
3967,	Iter: 3967, train loss: 2.6009, avg nll: 0.7470, avg wnll: nan, avg kl: 0.0209, mse: 0.366604, wmse: 4.723850, mae: 0.435808
3968,	Iter: 3968, train loss: 2.5905, avg nll: 0.7378, avg wnll: nan, avg kl: 0.0212, mse: 0.366294, wmse: 4.727030, mae: 0.435506
3969,	Iter: 3969, train loss: 2.5972, avg nll: 0.7387, avg wnll: nan, avg kl: 0.0220, mse: 0.367295, wmse: 4.753437, mae: 0.436352
3970,	Iter: 3970, train loss: 2.6022, avg nll: 0.7466, avg wnll: nan, avg kl: 0.0220, mse: 0.366722, wmse: 4.741528, mae: 0.435970
nll: 0.8914, mse: 0.4378, mae: 0.4754, mean_mse: 6.0365, mean_mae: 0.4754
1679472270.2279212
3971,	Iter: 3971, train loss: 2.6199, avg nll: 0.7473, avg wnll: nan, avg kl: 0.0219, mse: 0.370131, wmse: 4.784351, mae: 0.436862
3972,	Iter: 3972, train loss: 2.6008, avg nll: 0.7404, avg wnll: nan, avg kl: 0.0218, mse: 0.367732, wmse: 4.763892, mae: 0.435939
3973,	Iter: 3973, train loss: 2.6036, avg nll: 0.7429, avg wnll: nan, avg kl: 0.0217, mse: 0.367806, wmse: 4.755019, mae: 0.436072
3974,	Iter: 3974, train loss: 2.6179, avg nll: 0.7430, avg wnll: nan, avg kl: 0.0218, mse: 0.370614, wmse: 4.806832, mae: 0.436795
3975,	Iter: 3975, train loss: 2.6231, avg nll: 0.7559, avg wnll: nan, avg kl: 0.0224, mse: 0.368963, wmse: 4.753471, mae: 0.437679
3976,	Iter: 3976, train loss: 2.6018, avg nll: 0.7381, avg wnll: nan, avg kl: 0.0216, mse: 0.368414, wmse: 4.781669, mae: 0.436280
3977,	Iter: 3977, train loss: 2.5916, avg nll: 0.7391, avg wnll: nan, avg kl: 0.0207, mse: 0.366374, wmse: 4.722013, mae: 0.435536
3978,	Iter: 3978, train loss: 2.5928, avg nll: 0.7393, avg wnll: nan, avg kl: 0.0215, mse: 0.366391, wmse: 4.727950, mae: 0.435623
3979,	Iter: 3979, train loss: 2.5996, avg nll: 0.7421, avg wnll: nan, avg kl: 0.0218, mse: 0.367147, wmse: 4.747909, mae: 0.436227
3980,	Iter: 3980, train loss: 2.6024, avg nll: 0.7470, avg wnll: nan, avg kl: 0.0216, mse: 0.366765, wmse: 4.741694, mae: 0.435988
nll: 0.8934, mse: 0.4385, mae: 0.4757, mean_mse: 6.0404, mean_mae: 0.4757
1679473192.8506727
3981,	Iter: 3981, train loss: 2.6121, avg nll: 0.7415, avg wnll: nan, avg kl: 0.0223, mse: 0.369640, wmse: 4.779795, mae: 0.436638
3982,	Iter: 3982, train loss: 2.6063, avg nll: 0.7451, avg wnll: nan, avg kl: 0.0216, mse: 0.367924, wmse: 4.764136, mae: 0.436243
3983,	Iter: 3983, train loss: 2.6055, avg nll: 0.7455, avg wnll: nan, avg kl: 0.0212, mse: 0.367746, wmse: 4.753252, mae: 0.436226
3984,	Iter: 3984, train loss: 2.6225, avg nll: 0.7480, avg wnll: nan, avg kl: 0.0212, mse: 0.370644, wmse: 4.806294, mae: 0.436956
3985,	Iter: 3985, train loss: 2.6192, avg nll: 0.7536, avg wnll: nan, avg kl: 0.0217, mse: 0.368787, wmse: 4.752812, mae: 0.437261
3986,	Iter: 3986, train loss: 2.6044, avg nll: 0.7402, avg wnll: nan, avg kl: 0.0215, mse: 0.368545, wmse: 4.788043, mae: 0.436380
3987,	Iter: 3987, train loss: 2.6059, avg nll: 0.7488, avg wnll: nan, avg kl: 0.0202, mse: 0.367398, wmse: 4.736432, mae: 0.436368
3988,	Iter: 3988, train loss: 2.5890, avg nll: 0.7382, avg wnll: nan, avg kl: 0.0206, mse: 0.366037, wmse: 4.722955, mae: 0.435310
3989,	Iter: 3989, train loss: 2.5942, avg nll: 0.7373, avg wnll: nan, avg kl: 0.0220, mse: 0.366973, wmse: 4.746497, mae: 0.436068
3990,	Iter: 3990, train loss: 2.6032, avg nll: 0.7475, avg wnll: nan, avg kl: 0.0211, mse: 0.366917, wmse: 4.742310, mae: 0.435875
nll: 0.8896, mse: 0.4375, mae: 0.4752, mean_mse: 6.0271, mean_mae: 0.4752
1679474118.7929482
saving.................
done
3991,	Iter: 3991, train loss: 2.6187, avg nll: 0.7485, avg wnll: nan, avg kl: 0.0216, mse: 0.369729, wmse: 4.780496, mae: 0.436861
3992,	Iter: 3992, train loss: 2.5971, avg nll: 0.7401, avg wnll: nan, avg kl: 0.0218, mse: 0.367043, wmse: 4.752754, mae: 0.435363
3993,	Iter: 3993, train loss: 2.6027, avg nll: 0.7447, avg wnll: nan, avg kl: 0.0210, mse: 0.367389, wmse: 4.749563, mae: 0.435847
3994,	Iter: 3994, train loss: 2.6208, avg nll: 0.7470, avg wnll: nan, avg kl: 0.0211, mse: 0.370547, wmse: 4.803627, mae: 0.436803
3995,	Iter: 3995, train loss: 2.6179, avg nll: 0.7535, avg wnll: nan, avg kl: 0.0214, mse: 0.368577, wmse: 4.746882, mae: 0.437297
3996,	Iter: 3996, train loss: 2.6015, avg nll: 0.7388, avg wnll: nan, avg kl: 0.0213, mse: 0.368260, wmse: 4.781915, mae: 0.436264
3997,	Iter: 3997, train loss: 2.5883, avg nll: 0.7368, avg wnll: nan, avg kl: 0.0205, mse: 0.366195, wmse: 4.719038, mae: 0.435488
3998,	Iter: 3998, train loss: 2.5860, avg nll: 0.7339, avg wnll: nan, avg kl: 0.0209, mse: 0.366249, wmse: 4.726494, mae: 0.435641
3999,	Iter: 3999, train loss: 2.6024, avg nll: 0.7443, avg wnll: nan, avg kl: 0.0214, mse: 0.367343, wmse: 4.755214, mae: 0.436509
4000,	Iter: 4000, train loss: 2.6012, avg nll: 0.7479, avg wnll: nan, avg kl: 0.0211, mse: 0.366453, wmse: 4.739273, mae: 0.435760
nll: 0.8897, mse: 0.4391, mae: 0.4759, mean_mse: 6.0373, mean_mae: 0.4759
1679475050.6807187
4001,	Iter: 4001, train loss: 2.6189, avg nll: 0.7479, avg wnll: nan, avg kl: 0.0213, mse: 0.369934, wmse: 4.780007, mae: 0.436950
4002,	Iter: 4002, train loss: 2.5959, avg nll: 0.7387, avg wnll: nan, avg kl: 0.0215, mse: 0.367154, wmse: 4.750940, mae: 0.435478
4003,	Iter: 4003, train loss: 2.6075, avg nll: 0.7482, avg wnll: nan, avg kl: 0.0211, mse: 0.367653, wmse: 4.752676, mae: 0.436213
4004,	Iter: 4004, train loss: 2.6200, avg nll: 0.7471, avg wnll: nan, avg kl: 0.0209, mse: 0.370413, wmse: 4.805593, mae: 0.436833
4005,	Iter: 4005, train loss: 2.6174, avg nll: 0.7532, avg wnll: nan, avg kl: 0.0211, mse: 0.368618, wmse: 4.751382, mae: 0.437338
4006,	Iter: 4006, train loss: 2.5977, avg nll: 0.7365, avg wnll: nan, avg kl: 0.0211, mse: 0.368006, wmse: 4.778092, mae: 0.435999
4007,	Iter: 4007, train loss: 2.6052, avg nll: 0.7489, avg wnll: nan, avg kl: 0.0196, mse: 0.367341, wmse: 4.733924, mae: 0.436348
4008,	Iter: 4008, train loss: 2.6022, avg nll: 0.7484, avg wnll: nan, avg kl: 0.0205, mse: 0.366655, wmse: 4.730818, mae: 0.436007
4009,	Iter: 4009, train loss: 2.5958, avg nll: 0.7410, avg wnll: nan, avg kl: 0.0218, mse: 0.366598, wmse: 4.739818, mae: 0.436005
4010,	Iter: 4010, train loss: 2.6000, avg nll: 0.7469, avg wnll: nan, avg kl: 0.0212, mse: 0.366374, wmse: 4.735586, mae: 0.435509
nll: 0.8925, mse: 0.4385, mae: 0.4759, mean_mse: 6.0570, mean_mae: 0.4759
1679476001.6114502
4011,	Iter: 4011, train loss: 2.6160, avg nll: 0.7472, avg wnll: nan, avg kl: 0.0217, mse: 0.369419, wmse: 4.774841, mae: 0.436671
4012,	Iter: 4012, train loss: 2.6004, avg nll: 0.7442, avg wnll: nan, avg kl: 0.0212, mse: 0.366996, wmse: 4.750985, mae: 0.435519
4013,	Iter: 4013, train loss: 2.5991, avg nll: 0.7430, avg wnll: nan, avg kl: 0.0210, mse: 0.367034, wmse: 4.743752, mae: 0.435768
4014,	Iter: 4014, train loss: 2.6142, avg nll: 0.7433, avg wnll: nan, avg kl: 0.0209, mse: 0.369999, wmse: 4.796680, mae: 0.436362
4015,	Iter: 4015, train loss: 2.6102, avg nll: 0.7491, avg wnll: nan, avg kl: 0.0214, mse: 0.367942, wmse: 4.741109, mae: 0.436814
4016,	Iter: 4016, train loss: 2.5954, avg nll: 0.7342, avg wnll: nan, avg kl: 0.0213, mse: 0.367977, wmse: 4.780700, mae: 0.436018
4017,	Iter: 4017, train loss: 2.5978, avg nll: 0.7440, avg wnll: nan, avg kl: 0.0200, mse: 0.366755, wmse: 4.726585, mae: 0.436011
4018,	Iter: 4018, train loss: 2.5904, avg nll: 0.7393, avg wnll: nan, avg kl: 0.0204, mse: 0.366133, wmse: 4.724064, mae: 0.435367
4019,	Iter: 4019, train loss: 2.5978, avg nll: 0.7393, avg wnll: nan, avg kl: 0.0211, mse: 0.367491, wmse: 4.753681, mae: 0.436472
4020,	Iter: 4020, train loss: 2.5966, avg nll: 0.7443, avg wnll: nan, avg kl: 0.0210, mse: 0.366262, wmse: 4.735339, mae: 0.435551
nll: 0.8921, mse: 0.4380, mae: 0.4757, mean_mse: 6.0390, mean_mae: 0.4757
1679476930.9181454
saving.................
done
4021,	Iter: 4021, train loss: 2.6122, avg nll: 0.7452, avg wnll: nan, avg kl: 0.0212, mse: 0.369158, wmse: 4.771724, mae: 0.436542
4022,	Iter: 4022, train loss: 2.6031, avg nll: 0.7450, avg wnll: nan, avg kl: 0.0210, mse: 0.367419, wmse: 4.756186, mae: 0.435909
4023,	Iter: 4023, train loss: 2.6037, avg nll: 0.7480, avg wnll: nan, avg kl: 0.0206, mse: 0.367018, wmse: 4.743382, mae: 0.435756
4024,	Iter: 4024, train loss: 2.6090, avg nll: 0.7404, avg wnll: nan, avg kl: 0.0211, mse: 0.369505, wmse: 4.792168, mae: 0.436102
4025,	Iter: 4025, train loss: 2.6120, avg nll: 0.7486, avg wnll: nan, avg kl: 0.0213, mse: 0.368408, wmse: 4.746795, mae: 0.437123
4026,	Iter: 4026, train loss: 2.6011, avg nll: 0.7397, avg wnll: nan, avg kl: 0.0209, mse: 0.368102, wmse: 4.780763, mae: 0.436307
4027,	Iter: 4027, train loss: 2.5956, avg nll: 0.7431, avg wnll: nan, avg kl: 0.0202, mse: 0.366447, wmse: 4.721672, mae: 0.435713
4028,	Iter: 4028, train loss: 2.5905, avg nll: 0.7406, avg wnll: nan, avg kl: 0.0203, mse: 0.365919, wmse: 4.721382, mae: 0.435481
4029,	Iter: 4029, train loss: 2.5922, avg nll: 0.7388, avg wnll: nan, avg kl: 0.0212, mse: 0.366443, wmse: 4.739346, mae: 0.435940
4030,	Iter: 4030, train loss: 2.5964, avg nll: 0.7440, avg wnll: nan, avg kl: 0.0215, mse: 0.366177, wmse: 4.733335, mae: 0.435536
nll: 0.8941, mse: 0.4382, mae: 0.4758, mean_mse: 6.0421, mean_mae: 0.4758
1679477863.2678459
4031,	Iter: 4031, train loss: 2.6133, avg nll: 0.7452, avg wnll: nan, avg kl: 0.0213, mse: 0.369353, wmse: 4.775083, mae: 0.436570
4032,	Iter: 4032, train loss: 2.5986, avg nll: 0.7419, avg wnll: nan, avg kl: 0.0215, mse: 0.367029, wmse: 4.751015, mae: 0.435458
4033,	Iter: 4033, train loss: 2.6050, avg nll: 0.7476, avg wnll: nan, avg kl: 0.0211, mse: 0.367262, wmse: 4.746455, mae: 0.435856
4034,	Iter: 4034, train loss: 2.6146, avg nll: 0.7438, avg wnll: nan, avg kl: 0.0209, mse: 0.369958, wmse: 4.798048, mae: 0.436549
4035,	Iter: 4035, train loss: 2.6132, avg nll: 0.7519, avg wnll: nan, avg kl: 0.0209, mse: 0.368100, wmse: 4.742929, mae: 0.436955
4036,	Iter: 4036, train loss: 2.5987, avg nll: 0.7386, avg wnll: nan, avg kl: 0.0210, mse: 0.367827, wmse: 4.775277, mae: 0.436019
4037,	Iter: 4037, train loss: 2.6013, avg nll: 0.7479, avg wnll: nan, avg kl: 0.0196, mse: 0.366750, wmse: 4.727223, mae: 0.435979
4038,	Iter: 4038, train loss: 2.5863, avg nll: 0.7374, avg wnll: nan, avg kl: 0.0202, mse: 0.365735, wmse: 4.717966, mae: 0.435320
4039,	Iter: 4039, train loss: 2.5923, avg nll: 0.7386, avg wnll: nan, avg kl: 0.0210, mse: 0.366536, wmse: 4.741695, mae: 0.435826
4040,	Iter: 4040, train loss: 2.6025, avg nll: 0.7475, avg wnll: nan, avg kl: 0.0209, mse: 0.366831, wmse: 4.742207, mae: 0.435858
nll: 0.8910, mse: 0.4381, mae: 0.4756, mean_mse: 6.0284, mean_mae: 0.4756
1679478852.529232
4041,	Iter: 4041, train loss: 2.6069, avg nll: 0.7427, avg wnll: nan, avg kl: 0.0215, mse: 0.368542, wmse: 4.764657, mae: 0.435969
4042,	Iter: 4042, train loss: 2.5997, avg nll: 0.7423, avg wnll: nan, avg kl: 0.0212, mse: 0.367242, wmse: 4.752606, mae: 0.435628
4043,	Iter: 4043, train loss: 2.5983, avg nll: 0.7441, avg wnll: nan, avg kl: 0.0207, mse: 0.366696, wmse: 4.738729, mae: 0.435479
4044,	Iter: 4044, train loss: 2.6122, avg nll: 0.7421, avg wnll: nan, avg kl: 0.0210, mse: 0.369803, wmse: 4.795998, mae: 0.436464
4045,	Iter: 4045, train loss: 2.6119, avg nll: 0.7507, avg wnll: nan, avg kl: 0.0211, mse: 0.368025, wmse: 4.743736, mae: 0.436891
4046,	Iter: 4046, train loss: 2.5959, avg nll: 0.7366, avg wnll: nan, avg kl: 0.0207, mse: 0.367699, wmse: 4.777004, mae: 0.435967
4047,	Iter: 4047, train loss: 2.5952, avg nll: 0.7438, avg wnll: nan, avg kl: 0.0201, mse: 0.366261, wmse: 4.720080, mae: 0.435740
4048,	Iter: 4048, train loss: 2.5896, avg nll: 0.7392, avg wnll: nan, avg kl: 0.0201, mse: 0.366056, wmse: 4.723248, mae: 0.435597
4049,	Iter: 4049, train loss: 2.5925, avg nll: 0.7410, avg wnll: nan, avg kl: 0.0212, mse: 0.366046, wmse: 4.733418, mae: 0.435396
4050,	Iter: 4050, train loss: 2.5941, avg nll: 0.7456, avg wnll: nan, avg kl: 0.0205, mse: 0.365588, wmse: 4.725008, mae: 0.435092
nll: 0.8934, mse: 0.4389, mae: 0.4757, mean_mse: 6.0439, mean_mae: 0.4757
1679479811.161575
saving.................
done
4051,	Iter: 4051, train loss: 2.6071, avg nll: 0.7411, avg wnll: nan, avg kl: 0.0212, mse: 0.368955, wmse: 4.767543, mae: 0.436239
4052,	Iter: 4052, train loss: 2.5994, avg nll: 0.7434, avg wnll: nan, avg kl: 0.0211, mse: 0.366983, wmse: 4.751343, mae: 0.435492
4053,	Iter: 4053, train loss: 2.5983, avg nll: 0.7420, avg wnll: nan, avg kl: 0.0206, mse: 0.367136, wmse: 4.746520, mae: 0.436020
4054,	Iter: 4054, train loss: 2.6194, avg nll: 0.7479, avg wnll: nan, avg kl: 0.0207, mse: 0.370162, wmse: 4.798335, mae: 0.436905
4055,	Iter: 4055, train loss: 2.6122, avg nll: 0.7517, avg wnll: nan, avg kl: 0.0214, mse: 0.367822, wmse: 4.736917, mae: 0.436882
4056,	Iter: 4056, train loss: 2.5980, avg nll: 0.7395, avg wnll: nan, avg kl: 0.0208, mse: 0.367556, wmse: 4.772404, mae: 0.435981
4057,	Iter: 4057, train loss: 2.5857, avg nll: 0.7374, avg wnll: nan, avg kl: 0.0200, mse: 0.365681, wmse: 4.710898, mae: 0.435082
4058,	Iter: 4058, train loss: 2.5893, avg nll: 0.7404, avg wnll: nan, avg kl: 0.0202, mse: 0.365739, wmse: 4.720025, mae: 0.435331
4059,	Iter: 4059, train loss: 2.5976, avg nll: 0.7423, avg wnll: nan, avg kl: 0.0213, mse: 0.366795, wmse: 4.746309, mae: 0.436121
4060,	Iter: 4060, train loss: 2.5945, avg nll: 0.7443, avg wnll: nan, avg kl: 0.0212, mse: 0.365785, wmse: 4.727105, mae: 0.435338
nll: 0.8926, mse: 0.4387, mae: 0.4761, mean_mse: 6.0502, mean_mae: 0.4761
1679480764.9613311
4061,	Iter: 4061, train loss: 2.6126, avg nll: 0.7467, avg wnll: nan, avg kl: 0.0211, mse: 0.368943, wmse: 4.770251, mae: 0.436508
4062,	Iter: 4062, train loss: 2.5954, avg nll: 0.7409, avg wnll: nan, avg kl: 0.0213, mse: 0.366643, wmse: 4.745023, mae: 0.435431
4063,	Iter: 4063, train loss: 2.6023, avg nll: 0.7451, avg wnll: nan, avg kl: 0.0207, mse: 0.367297, wmse: 4.746594, mae: 0.436027
4064,	Iter: 4064, train loss: 2.6154, avg nll: 0.7463, avg wnll: nan, avg kl: 0.0209, mse: 0.369646, wmse: 4.793582, mae: 0.436337
4065,	Iter: 4065, train loss: 2.6027, avg nll: 0.7440, avg wnll: nan, avg kl: 0.0210, mse: 0.367543, wmse: 4.737070, mae: 0.436648
4066,	Iter: 4066, train loss: 2.5909, avg nll: 0.7326, avg wnll: nan, avg kl: 0.0209, mse: 0.367474, wmse: 4.771971, mae: 0.435650
4067,	Iter: 4067, train loss: 2.5858, avg nll: 0.7374, avg wnll: nan, avg kl: 0.0199, mse: 0.365701, wmse: 4.715071, mae: 0.435172
4068,	Iter: 4068, train loss: 2.5914, avg nll: 0.7412, avg wnll: nan, avg kl: 0.0201, mse: 0.366014, wmse: 4.721041, mae: 0.435580
4069,	Iter: 4069, train loss: 2.5939, avg nll: 0.7406, avg wnll: nan, avg kl: 0.0208, mse: 0.366494, wmse: 4.740840, mae: 0.435963
4070,	Iter: 4070, train loss: 2.5914, avg nll: 0.7420, avg wnll: nan, avg kl: 0.0210, mse: 0.365671, wmse: 4.728524, mae: 0.435283
nll: 0.8937, mse: 0.4389, mae: 0.4755, mean_mse: 6.0340, mean_mae: 0.4755
1679481712.9331217
4071,	Iter: 4071, train loss: 2.6092, avg nll: 0.7445, avg wnll: nan, avg kl: 0.0212, mse: 0.368694, wmse: 4.764512, mae: 0.436182
4072,	Iter: 4072, train loss: 2.5925, avg nll: 0.7385, avg wnll: nan, avg kl: 0.0213, mse: 0.366532, wmse: 4.745459, mae: 0.435179
4073,	Iter: 4073, train loss: 2.5952, avg nll: 0.7415, avg wnll: nan, avg kl: 0.0207, mse: 0.366604, wmse: 4.739769, mae: 0.435506
4074,	Iter: 4074, train loss: 2.6113, avg nll: 0.7434, avg wnll: nan, avg kl: 0.0209, mse: 0.369403, wmse: 4.790943, mae: 0.435995
4075,	Iter: 4075, train loss: 2.6090, avg nll: 0.7475, avg wnll: nan, avg kl: 0.0212, mse: 0.368077, wmse: 4.741422, mae: 0.437075
4076,	Iter: 4076, train loss: 2.5966, avg nll: 0.7388, avg wnll: nan, avg kl: 0.0205, mse: 0.367476, wmse: 4.772291, mae: 0.435864
4077,	Iter: 4077, train loss: 2.5916, avg nll: 0.7441, avg wnll: nan, avg kl: 0.0199, mse: 0.365529, wmse: 4.709970, mae: 0.435136
4078,	Iter: 4078, train loss: 2.5826, avg nll: 0.7363, avg wnll: nan, avg kl: 0.0201, mse: 0.365256, wmse: 4.715343, mae: 0.435018
4079,	Iter: 4079, train loss: 2.5914, avg nll: 0.7389, avg wnll: nan, avg kl: 0.0207, mse: 0.366354, wmse: 4.738095, mae: 0.435822
4080,	Iter: 4080, train loss: 2.5974, avg nll: 0.7469, avg wnll: nan, avg kl: 0.0206, mse: 0.365956, wmse: 4.729652, mae: 0.435461
nll: 0.8935, mse: 0.4382, mae: 0.4756, mean_mse: 6.0470, mean_mae: 0.4756
1679482661.0715017
saving.................
done
4081,	Iter: 4081, train loss: 2.6134, avg nll: 0.7470, avg wnll: nan, avg kl: 0.0210, mse: 0.369068, wmse: 4.769823, mae: 0.436268
4082,	Iter: 4082, train loss: 2.5924, avg nll: 0.7403, avg wnll: nan, avg kl: 0.0213, mse: 0.366161, wmse: 4.736869, mae: 0.435009
4083,	Iter: 4083, train loss: 2.5882, avg nll: 0.7365, avg wnll: nan, avg kl: 0.0207, mse: 0.366199, wmse: 4.732924, mae: 0.435293
4084,	Iter: 4084, train loss: 2.6227, avg nll: 0.7499, avg wnll: nan, avg kl: 0.0209, mse: 0.370383, wmse: 4.803237, mae: 0.436945
4085,	Iter: 4085, train loss: 2.6106, avg nll: 0.7508, avg wnll: nan, avg kl: 0.0209, mse: 0.367780, wmse: 4.737823, mae: 0.436747
4086,	Iter: 4086, train loss: 2.5930, avg nll: 0.7349, avg wnll: nan, avg kl: 0.0205, mse: 0.367505, wmse: 4.773108, mae: 0.435896
4087,	Iter: 4087, train loss: 2.5848, avg nll: 0.7385, avg wnll: nan, avg kl: 0.0195, mse: 0.365354, wmse: 4.707167, mae: 0.435135
4088,	Iter: 4088, train loss: 2.5819, avg nll: 0.7342, avg wnll: nan, avg kl: 0.0204, mse: 0.365452, wmse: 4.716821, mae: 0.435148
4089,	Iter: 4089, train loss: 2.5937, avg nll: 0.7417, avg wnll: nan, avg kl: 0.0210, mse: 0.366205, wmse: 4.738127, mae: 0.435660
4090,	Iter: 4090, train loss: 2.5932, avg nll: 0.7450, avg wnll: nan, avg kl: 0.0206, mse: 0.365537, wmse: 4.726540, mae: 0.435346
nll: 0.8921, mse: 0.4383, mae: 0.4757, mean_mse: 6.0293, mean_mae: 0.4757
1679483619.3010867
4091,	Iter: 4091, train loss: 2.6025, avg nll: 0.7404, avg wnll: nan, avg kl: 0.0210, mse: 0.368232, wmse: 4.760471, mae: 0.435923
4092,	Iter: 4092, train loss: 2.5957, avg nll: 0.7415, avg wnll: nan, avg kl: 0.0209, mse: 0.366663, wmse: 4.748268, mae: 0.435380
4093,	Iter: 4093, train loss: 2.5893, avg nll: 0.7387, avg wnll: nan, avg kl: 0.0206, mse: 0.365990, wmse: 4.729669, mae: 0.435140
4094,	Iter: 4094, train loss: 2.6153, avg nll: 0.7478, avg wnll: nan, avg kl: 0.0203, mse: 0.369430, wmse: 4.793866, mae: 0.436215
4095,	Iter: 4095, train loss: 2.6060, avg nll: 0.7483, avg wnll: nan, avg kl: 0.0211, mse: 0.367342, wmse: 4.733749, mae: 0.436474
4096,	Iter: 4096, train loss: 2.5899, avg nll: 0.7341, avg wnll: nan, avg kl: 0.0204, mse: 0.367070, wmse: 4.767404, mae: 0.435551
4097,	Iter: 4097, train loss: 2.5870, avg nll: 0.7397, avg wnll: nan, avg kl: 0.0198, mse: 0.365494, wmse: 4.710057, mae: 0.435161
4098,	Iter: 4098, train loss: 2.5886, avg nll: 0.7420, avg wnll: nan, avg kl: 0.0200, mse: 0.365322, wmse: 4.712361, mae: 0.435201
4099,	Iter: 4099, train loss: 2.5880, avg nll: 0.7372, avg wnll: nan, avg kl: 0.0209, mse: 0.365998, wmse: 4.732550, mae: 0.435564
4100,	Iter: 4100, train loss: 2.5870, avg nll: 0.7397, avg wnll: nan, avg kl: 0.0208, mse: 0.365299, wmse: 4.720383, mae: 0.434998
nll: 0.8966, mse: 0.4388, mae: 0.4761, mean_mse: 6.0503, mean_mae: 0.4761
1679484544.5359106
4101,	Iter: 4101, train loss: 2.6096, avg nll: 0.7438, avg wnll: nan, avg kl: 0.0212, mse: 0.368915, wmse: 4.767211, mae: 0.436276
4102,	Iter: 4102, train loss: 2.5969, avg nll: 0.7421, avg wnll: nan, avg kl: 0.0208, mse: 0.366804, wmse: 4.748336, mae: 0.435470
4103,	Iter: 4103, train loss: 2.5957, avg nll: 0.7442, avg wnll: nan, avg kl: 0.0207, mse: 0.366148, wmse: 4.733358, mae: 0.435496
4104,	Iter: 4104, train loss: 2.6091, avg nll: 0.7410, avg wnll: nan, avg kl: 0.0211, mse: 0.369392, wmse: 4.790151, mae: 0.436113
4105,	Iter: 4105, train loss: 2.6006, avg nll: 0.7443, avg wnll: nan, avg kl: 0.0207, mse: 0.367111, wmse: 4.729313, mae: 0.436269
4106,	Iter: 4106, train loss: 2.5913, avg nll: 0.7334, avg wnll: nan, avg kl: 0.0206, mse: 0.367460, wmse: 4.773365, mae: 0.435843
4107,	Iter: 4107, train loss: 2.5847, avg nll: 0.7383, avg wnll: nan, avg kl: 0.0198, mse: 0.365335, wmse: 4.708245, mae: 0.435033
4108,	Iter: 4108, train loss: 2.5884, avg nll: 0.7392, avg wnll: nan, avg kl: 0.0198, mse: 0.365892, wmse: 4.722270, mae: 0.435543
4109,	Iter: 4109, train loss: 2.5883, avg nll: 0.7373, avg wnll: nan, avg kl: 0.0205, mse: 0.366090, wmse: 4.735765, mae: 0.435498
4110,	Iter: 4110, train loss: 2.5932, avg nll: 0.7441, avg wnll: nan, avg kl: 0.0203, mse: 0.365752, wmse: 4.726422, mae: 0.435366
nll: 0.8908, mse: 0.4383, mae: 0.4756, mean_mse: 6.0389, mean_mae: 0.4756
1679485476.514122
saving.................
done
4111,	Iter: 4111, train loss: 2.6125, avg nll: 0.7492, avg wnll: nan, avg kl: 0.0206, mse: 0.368536, wmse: 4.763816, mae: 0.436235
4112,	Iter: 4112, train loss: 2.5996, avg nll: 0.7462, avg wnll: nan, avg kl: 0.0203, mse: 0.366610, wmse: 4.748928, mae: 0.435397
4113,	Iter: 4113, train loss: 2.5899, avg nll: 0.7397, avg wnll: nan, avg kl: 0.0203, mse: 0.365967, wmse: 4.731704, mae: 0.435148
4114,	Iter: 4114, train loss: 2.6122, avg nll: 0.7445, avg wnll: nan, avg kl: 0.0204, mse: 0.369470, wmse: 4.793379, mae: 0.436293
4115,	Iter: 4115, train loss: 2.6027, avg nll: 0.7468, avg wnll: nan, avg kl: 0.0211, mse: 0.366967, wmse: 4.727744, mae: 0.436275
4116,	Iter: 4116, train loss: 2.5933, avg nll: 0.7368, avg wnll: nan, avg kl: 0.0199, mse: 0.367331, wmse: 4.769257, mae: 0.435895
4117,	Iter: 4117, train loss: 2.5855, avg nll: 0.7391, avg wnll: nan, avg kl: 0.0198, mse: 0.365334, wmse: 4.707792, mae: 0.434981
4118,	Iter: 4118, train loss: 2.5905, avg nll: 0.7438, avg wnll: nan, avg kl: 0.0201, mse: 0.365314, wmse: 4.715584, mae: 0.435186
4119,	Iter: 4119, train loss: 2.5910, avg nll: 0.7411, avg wnll: nan, avg kl: 0.0207, mse: 0.365849, wmse: 4.733512, mae: 0.435470
4120,	Iter: 4120, train loss: 2.5838, avg nll: 0.7377, avg wnll: nan, avg kl: 0.0204, mse: 0.365149, wmse: 4.719470, mae: 0.435041
nll: 0.8947, mse: 0.4378, mae: 0.4754, mean_mse: 6.0320, mean_mae: 0.4754
1679486418.5495274
4121,	Iter: 4121, train loss: 2.6124, avg nll: 0.7476, avg wnll: nan, avg kl: 0.0205, mse: 0.368861, wmse: 4.764894, mae: 0.436565
4122,	Iter: 4122, train loss: 2.5916, avg nll: 0.7393, avg wnll: nan, avg kl: 0.0213, mse: 0.366197, wmse: 4.739904, mae: 0.435024
4123,	Iter: 4123, train loss: 2.5894, avg nll: 0.7381, avg wnll: nan, avg kl: 0.0204, mse: 0.366188, wmse: 4.733686, mae: 0.435292
4124,	Iter: 4124, train loss: 2.6094, avg nll: 0.7433, avg wnll: nan, avg kl: 0.0205, mse: 0.369117, wmse: 4.787501, mae: 0.435989
4125,	Iter: 4125, train loss: 2.5825, avg nll: 0.7466, avg wnll: nan, avg kl: 0.0239, mse: 0.367175, wmse: 4.730183, mae: 0.436418
4126,	Iter: 4126, train loss: 2.5673, avg nll: 0.7350, avg wnll: nan, avg kl: 0.0263, mse: 0.366437, wmse: 4.757940, mae: 0.435152
4127,	Iter: 4127, train loss: 2.5593, avg nll: 0.7368, avg wnll: nan, avg kl: 0.0272, mse: 0.364428, wmse: 4.692550, mae: 0.434271
4128,	Iter: 4128, train loss: 2.5570, avg nll: 0.7342, avg wnll: nan, avg kl: 0.0283, mse: 0.364453, wmse: 4.697197, mae: 0.434386
4129,	Iter: 4129, train loss: 2.5682, avg nll: 0.7398, avg wnll: nan, avg kl: 0.0312, mse: 0.365546, wmse: 4.725133, mae: 0.435152
4130,	Iter: 4130, train loss: 2.5639, avg nll: 0.7397, avg wnll: nan, avg kl: 0.0324, mse: 0.364670, wmse: 4.707817, mae: 0.434408
nll: 0.8956, mse: 0.4388, mae: 0.4759, mean_mse: 6.0509, mean_mae: 0.4759
1679487353.7520263
4131,	Iter: 4131, train loss: 2.5744, avg nll: 0.7376, avg wnll: nan, avg kl: 0.0342, mse: 0.367151, wmse: 4.741740, mae: 0.435174
4132,	Iter: 4132, train loss: 2.5673, avg nll: 0.7394, avg wnll: nan, avg kl: 0.0350, mse: 0.365309, wmse: 4.727725, mae: 0.434514
4133,	Iter: 4133, train loss: 2.5735, avg nll: 0.7440, avg wnll: nan, avg kl: 0.0360, mse: 0.365589, wmse: 4.719784, mae: 0.434659
4134,	Iter: 4134, train loss: 2.5791, avg nll: 0.7383, avg wnll: nan, avg kl: 0.0364, mse: 0.367812, wmse: 4.763286, mae: 0.435105
4135,	Iter: 4135, train loss: 2.5804, avg nll: 0.7475, avg wnll: nan, avg kl: 0.0370, mse: 0.366199, wmse: 4.712179, mae: 0.435645
4136,	Iter: 4136, train loss: 2.5672, avg nll: 0.7343, avg wnll: nan, avg kl: 0.0362, mse: 0.366156, wmse: 4.750499, mae: 0.434799
4137,	Iter: 4137, train loss: 2.5609, avg nll: 0.7349, avg wnll: nan, avg kl: 0.0352, mse: 0.364753, wmse: 4.695668, mae: 0.434595
4138,	Iter: 4138, train loss: 2.5628, avg nll: 0.7395, avg wnll: nan, avg kl: 0.0362, mse: 0.364173, wmse: 4.694526, mae: 0.434384
4139,	Iter: 4139, train loss: 2.5633, avg nll: 0.7384, avg wnll: nan, avg kl: 0.0384, mse: 0.364413, wmse: 4.708382, mae: 0.434329
4140,	Iter: 4140, train loss: 2.5675, avg nll: 0.7422, avg wnll: nan, avg kl: 0.0386, mse: 0.364427, wmse: 4.706979, mae: 0.434505
nll: 0.8931, mse: 0.4394, mae: 0.4761, mean_mse: 6.0445, mean_mae: 0.4761
1679488286.770331
saving.................
done
4141,	Iter: 4141, train loss: 2.5736, avg nll: 0.7365, avg wnll: nan, avg kl: 0.0387, mse: 0.366747, wmse: 4.735057, mae: 0.434793
4142,	Iter: 4142, train loss: 2.5571, avg nll: 0.7315, avg wnll: nan, avg kl: 0.0387, mse: 0.364420, wmse: 4.713583, mae: 0.433740
4143,	Iter: 4143, train loss: 2.5667, avg nll: 0.7374, avg wnll: nan, avg kl: 0.0388, mse: 0.365124, wmse: 4.712486, mae: 0.434356
4144,	Iter: 4144, train loss: 2.5911, avg nll: 0.7461, avg wnll: nan, avg kl: 0.0386, mse: 0.368222, wmse: 4.770882, mae: 0.435334
4145,	Iter: 4145, train loss: 2.5742, avg nll: 0.7416, avg wnll: nan, avg kl: 0.0396, mse: 0.365667, wmse: 4.707802, mae: 0.435447
4146,	Iter: 4146, train loss: 2.5687, avg nll: 0.7328, avg wnll: nan, avg kl: 0.0391, mse: 0.366301, wmse: 4.755471, mae: 0.434988
4147,	Iter: 4147, train loss: 2.5597, avg nll: 0.7367, avg wnll: nan, avg kl: 0.0375, mse: 0.363722, wmse: 4.682270, mae: 0.433888
4148,	Iter: 4148, train loss: 2.5629, avg nll: 0.7374, avg wnll: nan, avg kl: 0.0375, mse: 0.364175, wmse: 4.695834, mae: 0.434275
4149,slurmstepd: error: *** JOB 247843 ON gpu1 CANCELLED AT 2023-03-22T12:46:27 ***
