Namespace(n_union_tp=3500, data_folder='datasets/ZTF_gr', checkpoint='datasets/ZTF_gr0.804035484790802.h5', start_col=1, inc_errors=False, print_at=1, embed_time=128, enc_num_heads=16, latent_dim=64, mixing='concat', num_ref_points=16, rec_hidden=128, width=512, save_at=30, patience=100, early_stopping=False, niters=20000, frac=0.5, batch_size=2, mse_weight=5.0, dropout=0.0, num_resamples=0, lr=1e-07, scheduler=False, warmup=4000, kl_zero=False, kl_annealing=True, net='hetvae', device='cuda', const_var=False, var_per_dim=False, std=0.1, seed=2, save=True, k_iwae=1) 1151400
validated 3407 files out of 3407 for band='r'
3407 3407
(2614, 1, 2011, 3)
created union_tp attribute of length 3500
dataset created w/ shape (2614, 1, 2011, 3)
train size: 2352, valid size: 236, test size: 262
datasets/ZTF_gr
=> loading checkpoint 'datasets/ZTF_gr0.804035484790802.h5'
Namespace(n_union_tp=3500, data_folder='datasets/ZTF_gr', checkpoint='datasets/ZTF_gr0.8207521438598633.h5', start_col=1, inc_errors=False, print_at=1, embed_time=128, enc_num_heads=16, latent_dim=64, mixing='concat', num_ref_points=16, rec_hidden=128, width=512, save_at=30, patience=100, early_stopping=False, niters=20000, frac=0.5, batch_size=2, mse_weight=5.0, dropout=0.0, num_resamples=0, lr=1e-06, scheduler=False, warmup=4000, kl_zero=False, kl_annealing=True, net='hetvae', device='cuda', const_var=False, var_per_dim=False, std=0.1, seed=2, save=True, k_iwae=1)
loaded checkpoint w/ loss=2.9594787026242333
model_size=498882
1321,	Iter: 1321, train loss: 4.9581, avg nll: 2.3628, avg wnll: 33.7090, avg kl: 0.0277, mse: 0.513784, wmse: 6.530332, mae: 0.522133
1322,	Iter: 1322, train loss: 4.9465, avg nll: 2.3445, avg wnll: 29.2785, avg kl: 0.0282, mse: 0.515031, wmse: 6.553059, mae: 0.522050
1323,	Iter: 1323, train loss: 5.2471, avg nll: 2.6360, avg wnll: 34.1414, avg kl: 0.0282, mse: 0.516845, wmse: 6.579607, mae: 0.523394
1324,	Iter: 1324, train loss: 4.5733, avg nll: 2.0003, avg wnll: 25.3330, avg kl: 0.0279, mse: 0.509265, wmse: 6.483413, mae: 0.520829
1325,	Iter: 1325, train loss: 4.6798, avg nll: 2.0887, avg wnll: 24.3262, avg kl: 0.0285, mse: 0.512761, wmse: 6.519970, mae: 0.522033
1326,	Iter: 1326, train loss: 5.1726, avg nll: 2.5788, avg wnll: 32.5146, avg kl: 0.0295, mse: 0.513105, wmse: 6.522432, mae: 0.522202
1327,	Iter: 1327, train loss: 4.8241, avg nll: 2.2378, avg wnll: 25.2015, avg kl: 0.0292, mse: 0.511647, wmse: 6.503241, mae: 0.521249
1328,	Iter: 1328, train loss: 4.8409, avg nll: 2.2442, avg wnll: 26.9697, avg kl: 0.0297, mse: 0.513622, wmse: 6.523258, mae: 0.522469
1329,	Iter: 1329, train loss: 4.6495, avg nll: 2.0505, avg wnll: 24.3455, avg kl: 0.0296, mse: 0.514090, wmse: 6.501552, mae: 0.521527
1330,	Iter: 1330, train loss: 4.6966, avg nll: 2.1021, avg wnll: 24.2736, avg kl: 0.0292, mse: 0.513256, wmse: 6.564958, mae: 0.521168
nll: 0.9758, mse: 0.5125, mae: 0.5129, mean_mse: 6.6983, mean_mae: 0.5129
1679438816.3773978
1331,	Iter: 1331, train loss: 3.0029, avg nll: 0.8198, avg wnll: 5.7435, avg kl: 0.0292, mse: 0.430973, wmse: 5.425148, mae: 0.473954
1332,	Iter: 1332, train loss: 3.0021, avg nll: 0.8224, avg wnll: 5.7722, avg kl: 0.0288, mse: 0.430349, wmse: 5.414047, mae: 0.473451
1333,	Iter: 1333, train loss: 3.0004, avg nll: 0.8220, avg wnll: 5.7643, avg kl: 0.0292, mse: 0.430012, wmse: 5.409966, mae: 0.473338
1334,	Iter: 1334, train loss: 2.9892, avg nll: 0.8167, avg wnll: 5.7521, avg kl: 0.0297, mse: 0.428722, wmse: 5.401425, mae: 0.472426
1335,	Iter: 1335, train loss: 2.9969, avg nll: 0.8210, avg wnll: 5.8873, avg kl: 0.0288, mse: 0.429568, wmse: 5.412806, mae: 0.473162
1336,	Iter: 1336, train loss: 2.9784, avg nll: 0.8165, avg wnll: 5.8353, avg kl: 0.0277, mse: 0.426983, wmse: 5.380597, mae: 0.471550
1337,	Iter: 1337, train loss: 2.9677, avg nll: 0.8083, avg wnll: 5.7397, avg kl: 0.0274, mse: 0.426535, wmse: 5.368172, mae: 0.471495
1338,	Iter: 1338, train loss: 2.9781, avg nll: 0.8131, avg wnll: 5.7825, avg kl: 0.0273, mse: 0.427646, wmse: 5.379256, mae: 0.471080
1339,	Iter: 1339, train loss: 2.9853, avg nll: 0.8111, avg wnll: 5.7958, avg kl: 0.0266, mse: 0.429620, wmse: 5.414855, mae: 0.472264
1340,	Iter: 1340, train loss: 2.9597, avg nll: 0.8047, avg wnll: 5.7939, avg kl: 0.0276, mse: 0.425564, wmse: 5.363173, mae: 0.470518
nll: 0.9797, mse: 0.5125, mae: 0.5128, mean_mse: 6.7028, mean_mae: 0.5128
1679439802.485985
1341,	Iter: 1341, train loss: 2.9870, avg nll: 0.8128, avg wnll: 5.9497, avg kl: 0.0270, mse: 0.429540, wmse: 5.410328, mae: 0.473089
1342,	Iter: 1342, train loss: 2.9853, avg nll: 0.8156, avg wnll: 5.9957, avg kl: 0.0267, mse: 0.428664, wmse: 5.395235, mae: 0.472500
1343,	Iter: 1343, train loss: 2.9859, avg nll: 0.8154, avg wnll: 5.9935, avg kl: 0.0271, mse: 0.428734, wmse: 5.395187, mae: 0.472481
1344,	Iter: 1344, train loss: 2.9787, avg nll: 0.8119, avg wnll: 5.9946, avg kl: 0.0279, mse: 0.427833, wmse: 5.392625, mae: 0.471912
1345,	Iter: 1345, train loss: 2.9898, avg nll: 0.8179, avg wnll: 6.1537, avg kl: 0.0274, mse: 0.428937, wmse: 5.406290, mae: 0.472837
1346,	Iter: 1346, train loss: 2.9743, avg nll: 0.8146, avg wnll: 6.0760, avg kl: 0.0268, mse: 0.426625, wmse: 5.375757, mae: 0.471376
1347,	Iter: 1347, train loss: 2.9638, avg nll: 0.8057, avg wnll: 5.9381, avg kl: 0.0268, mse: 0.426289, wmse: 5.365088, mae: 0.471369
1348,	Iter: 1348, train loss: 2.9737, avg nll: 0.8103, avg wnll: 5.9433, avg kl: 0.0269, mse: 0.427311, wmse: 5.374830, mae: 0.470855
1349,	Iter: 1349, train loss: 2.9842, avg nll: 0.8100, avg wnll: 5.9552, avg kl: 0.0263, mse: 0.429577, wmse: 5.414410, mae: 0.472281
1350,	Iter: 1350, train loss: 2.9600, avg nll: 0.8043, avg wnll: 5.9372, avg kl: 0.0275, mse: 0.425632, wmse: 5.364162, mae: 0.470588
nll: 0.9813, mse: 0.5125, mae: 0.5128, mean_mse: 6.7041, mean_mae: 0.5128
1679440782.6432104
saving.................
done
1351,	Iter: 1351, train loss: 2.9865, avg nll: 0.8125, avg wnll: 6.0707, avg kl: 0.0269, mse: 0.429434, wmse: 5.409180, mae: 0.473040
1352,	Iter: 1352, train loss: 2.9845, avg nll: 0.8150, avg wnll: 6.0953, avg kl: 0.0267, mse: 0.428568, wmse: 5.394272, mae: 0.472458
1353,	Iter: 1353, train loss: 2.9849, avg nll: 0.8148, avg wnll: 6.0777, avg kl: 0.0270, mse: 0.428612, wmse: 5.393669, mae: 0.472403
1354,	Iter: 1354, train loss: 2.9779, avg nll: 0.8113, avg wnll: 6.0664, avg kl: 0.0279, mse: 0.427746, wmse: 5.391509, mae: 0.471859
1355,	Iter: 1355, train loss: 2.9892, avg nll: 0.8175, avg wnll: 6.2194, avg kl: 0.0274, mse: 0.428859, wmse: 5.405337, mae: 0.472777
1356,	Iter: 1356, train loss: 2.9739, avg nll: 0.8142, avg wnll: 6.1350, avg kl: 0.0268, mse: 0.426585, wmse: 5.375213, mae: 0.471340
1357,	Iter: 1357, train loss: 2.9635, avg nll: 0.8054, avg wnll: 5.9907, avg kl: 0.0268, mse: 0.426270, wmse: 5.364911, mae: 0.471355
1358,	Iter: 1358, train loss: 2.9734, avg nll: 0.8100, avg wnll: 5.9888, avg kl: 0.0269, mse: 0.427305, wmse: 5.374907, mae: 0.470848
1359,	Iter: 1359, train loss: 2.9842, avg nll: 0.8099, avg wnll: 5.9979, avg kl: 0.0263, mse: 0.429596, wmse: 5.414691, mae: 0.472301
1360,	Iter: 1360, train loss: 2.9602, avg nll: 0.8043, avg wnll: 5.9765, avg kl: 0.0275, mse: 0.425684, wmse: 5.364833, mae: 0.470622
nll: 0.9818, mse: 0.5125, mae: 0.5128, mean_mse: 6.7045, mean_mae: 0.5128
1679441753.1633637
1361,	Iter: 1361, train loss: 2.9861, avg nll: 0.8123, avg wnll: 6.1035, avg kl: 0.0269, mse: 0.429383, wmse: 5.408463, mae: 0.473011
1362,	Iter: 1362, train loss: 2.9839, avg nll: 0.8147, avg wnll: 6.1219, avg kl: 0.0267, mse: 0.428503, wmse: 5.393440, mae: 0.472418
1363,	Iter: 1363, train loss: 2.9843, avg nll: 0.8145, avg wnll: 6.1023, avg kl: 0.0270, mse: 0.428555, wmse: 5.392918, mae: 0.472365
1364,	Iter: 1364, train loss: 2.9773, avg nll: 0.8110, avg wnll: 6.0877, avg kl: 0.0279, mse: 0.427699, wmse: 5.390846, mae: 0.471824
1365,	Iter: 1365, train loss: 2.9887, avg nll: 0.8172, avg wnll: 6.2400, avg kl: 0.0274, mse: 0.428821, wmse: 5.404786, mae: 0.472745
1366,	Iter: 1366, train loss: 2.9736, avg nll: 0.8140, avg wnll: 6.1546, avg kl: 0.0268, mse: 0.426569, wmse: 5.374941, mae: 0.471321
1367,	Iter: 1367, train loss: 2.9633, avg nll: 0.8052, avg wnll: 6.0091, avg kl: 0.0267, mse: 0.426268, wmse: 5.364897, mae: 0.471351
1368,	Iter: 1368, train loss: 2.9733, avg nll: 0.8099, avg wnll: 6.0053, avg kl: 0.0269, mse: 0.427310, wmse: 5.375046, mae: 0.470849
1369,	Iter: 1369, train loss: 2.9842, avg nll: 0.8098, avg wnll: 6.0139, avg kl: 0.0263, mse: 0.429614, wmse: 5.414947, mae: 0.472315
1370,	Iter: 1370, train loss: 2.9603, avg nll: 0.8043, avg wnll: 5.9909, avg kl: 0.0275, mse: 0.425714, wmse: 5.365219, mae: 0.470640
nll: 0.9820, mse: 0.5125, mae: 0.5128, mean_mse: 6.7047, mean_mae: 0.5128
1679442749.4252825
1371,	Iter: 1371, train loss: 2.9858, avg nll: 0.8121, avg wnll: 6.1152, avg kl: 0.0269, mse: 0.429351, wmse: 5.407999, mae: 0.472992
1372,	Iter: 1372, train loss: 2.9834, avg nll: 0.8144, avg wnll: 6.1310, avg kl: 0.0267, mse: 0.428463, wmse: 5.392904, mae: 0.472392
1373,	Iter: 1373, train loss: 2.9839, avg nll: 0.8143, avg wnll: 6.1112, avg kl: 0.0270, mse: 0.428519, wmse: 5.392440, mae: 0.472339
1374,	Iter: 1374, train loss: 2.9769, avg nll: 0.8107, avg wnll: 6.0953, avg kl: 0.0279, mse: 0.427670, wmse: 5.390430, mae: 0.471801
1375,	Iter: 1375, train loss: 2.9884, avg nll: 0.8170, avg wnll: 6.2474, avg kl: 0.0274, mse: 0.428796, wmse: 5.404457, mae: 0.472725
1376,	Iter: 1376, train loss: 2.9733, avg nll: 0.8138, avg wnll: 6.1618, avg kl: 0.0267, mse: 0.426560, wmse: 5.374820, mae: 0.471311
1377,	Iter: 1377, train loss: 2.9631, avg nll: 0.8050, avg wnll: 6.0164, avg kl: 0.0267, mse: 0.426268, wmse: 5.364920, mae: 0.471349
1378,	Iter: 1378, train loss: 2.9732, avg nll: 0.8097, avg wnll: 6.0121, avg kl: 0.0269, mse: 0.427318, wmse: 5.375206, mae: 0.470854
1379,	Iter: 1379, train loss: 2.9842, avg nll: 0.8097, avg wnll: 6.0209, avg kl: 0.0263, mse: 0.429626, wmse: 5.415129, mae: 0.472326
1380,	Iter: 1380, train loss: 2.9603, avg nll: 0.8042, avg wnll: 5.9972, avg kl: 0.0275, mse: 0.425735, wmse: 5.365476, mae: 0.470652
nll: 0.9822, mse: 0.5126, mae: 0.5128, mean_mse: 6.7049, mean_mae: 0.5128
1679443718.3119462
saving.................
done
1381,	Iter: 1381, train loss: 2.9855, avg nll: 0.8120, avg wnll: 6.1197, avg kl: 0.0269, mse: 0.429328, wmse: 5.407647, mae: 0.472977
1382,	Iter: 1382, train loss: 2.9830, avg nll: 0.8142, avg wnll: 6.1341, avg kl: 0.0267, mse: 0.428435, wmse: 5.392528, mae: 0.472373
1383,	Iter: 1383, train loss: 2.9835, avg nll: 0.8141, avg wnll: 6.1147, avg kl: 0.0270, mse: 0.428493, wmse: 5.392097, mae: 0.472322
1384,	Iter: 1384, train loss: 2.9766, avg nll: 0.8105, avg wnll: 6.0985, avg kl: 0.0278, mse: 0.427649, wmse: 5.390131, mae: 0.471785
1385,	Iter: 1385, train loss: 2.9882, avg nll: 0.8169, avg wnll: 6.2509, avg kl: 0.0274, mse: 0.428781, wmse: 5.404236, mae: 0.472713
1386,	Iter: 1386, train loss: 2.9731, avg nll: 0.8136, avg wnll: 6.1655, avg kl: 0.0267, mse: 0.426556, wmse: 5.374759, mae: 0.471306
1387,	Iter: 1387, train loss: 2.9630, avg nll: 0.8049, avg wnll: 6.0202, avg kl: 0.0267, mse: 0.426269, wmse: 5.364960, mae: 0.471348
1388,	Iter: 1388, train loss: 2.9731, avg nll: 0.8097, avg wnll: 6.0155, avg kl: 0.0268, mse: 0.427324, wmse: 5.375323, mae: 0.470857
1389,	Iter: 1389, train loss: 2.9842, avg nll: 0.8097, avg wnll: 6.0243, avg kl: 0.0263, mse: 0.429635, wmse: 5.415267, mae: 0.472333
1390,	Iter: 1390, train loss: 2.9603, avg nll: 0.8041, avg wnll: 6.0001, avg kl: 0.0275, mse: 0.425749, wmse: 5.365662, mae: 0.470660
nll: 0.9823, mse: 0.5126, mae: 0.5128, mean_mse: 6.7050, mean_mae: 0.5128
1679444690.488557
1391,	Iter: 1391, train loss: 2.9852, avg nll: 0.8118, avg wnll: 6.1215, avg kl: 0.0269, mse: 0.429309, wmse: 5.407377, mae: 0.472965
1392,	Iter: 1392, train loss: 2.9827, avg nll: 0.8140, avg wnll: 6.1350, avg kl: 0.0266, mse: 0.428414, wmse: 5.392245, mae: 0.472358
1393,	Iter: 1393, train loss: 2.9833, avg nll: 0.8139, avg wnll: 6.1160, avg kl: 0.0270, mse: 0.428474, wmse: 5.391862, mae: 0.472308
1394,	Iter: 1394, train loss: 2.9764, avg nll: 0.8104, avg wnll: 6.0999, avg kl: 0.0278, mse: 0.427635, wmse: 5.389944, mae: 0.471773
1395,	Iter: 1395, train loss: 2.9880, avg nll: 0.8168, avg wnll: 6.2525, avg kl: 0.0274, mse: 0.428769, wmse: 5.404083, mae: 0.472703
1396,	Iter: 1396, train loss: 2.9730, avg nll: 0.8135, avg wnll: 6.1671, avg kl: 0.0267, mse: 0.426552, wmse: 5.374724, mae: 0.471301
1397,	Iter: 1397, train loss: 2.9629, avg nll: 0.8048, avg wnll: 6.0223, avg kl: 0.0267, mse: 0.426269, wmse: 5.364980, mae: 0.471346
1398,	Iter: 1398, train loss: 2.9730, avg nll: 0.8096, avg wnll: 6.0175, avg kl: 0.0268, mse: 0.427327, wmse: 5.375410, mae: 0.470858
1399,	Iter: 1399, train loss: 2.9841, avg nll: 0.8096, avg wnll: 6.0265, avg kl: 0.0263, mse: 0.429642, wmse: 5.415360, mae: 0.472337
1400,	Iter: 1400, train loss: 2.9603, avg nll: 0.8040, avg wnll: 6.0021, avg kl: 0.0274, mse: 0.425759, wmse: 5.365799, mae: 0.470665
nll: 0.9824, mse: 0.5126, mae: 0.5128, mean_mse: 6.7050, mean_mae: 0.5128
1679445676.7015235
1401,	Iter: 1401, train loss: 2.9850, avg nll: 0.8117, avg wnll: 6.1225, avg kl: 0.0268, mse: 0.429294, wmse: 5.407147, mae: 0.472954
1402,	Iter: 1402, train loss: 2.9825, avg nll: 0.8139, avg wnll: 6.1356, avg kl: 0.0266, mse: 0.428397, wmse: 5.392035, mae: 0.472346
1403,	Iter: 1403, train loss: 2.9830, avg nll: 0.8138, avg wnll: 6.1170, avg kl: 0.0270, mse: 0.428459, wmse: 5.391692, mae: 0.472298
1404,	Iter: 1404, train loss: 2.9762, avg nll: 0.8102, avg wnll: 6.1009, avg kl: 0.0278, mse: 0.427623, wmse: 5.389784, mae: 0.471762
1405,	Iter: 1405, train loss: 2.9878, avg nll: 0.8167, avg wnll: 6.2536, avg kl: 0.0274, mse: 0.428760, wmse: 5.403962, mae: 0.472694
1406,	Iter: 1406, train loss: 2.9728, avg nll: 0.8134, avg wnll: 6.1680, avg kl: 0.0267, mse: 0.426549, wmse: 5.374708, mae: 0.471297
1407,	Iter: 1407, train loss: 2.9628, avg nll: 0.8047, avg wnll: 6.0237, avg kl: 0.0267, mse: 0.426271, wmse: 5.365033, mae: 0.471347
1408,	Iter: 1408, train loss: 2.9729, avg nll: 0.8095, avg wnll: 6.0187, avg kl: 0.0268, mse: 0.427330, wmse: 5.375486, mae: 0.470859
1409,	Iter: 1409, train loss: 2.9840, avg nll: 0.8096, avg wnll: 6.0278, avg kl: 0.0263, mse: 0.429646, wmse: 5.415430, mae: 0.472340
1410,	Iter: 1410, train loss: 2.9602, avg nll: 0.8040, avg wnll: 6.0033, avg kl: 0.0274, mse: 0.425767, wmse: 5.365915, mae: 0.470669
nll: 0.9825, mse: 0.5126, mae: 0.5128, mean_mse: 6.7050, mean_mae: 0.5128
1679446662.6622393
saving.................
done
1411,	Iter: 1411, train loss: 2.9848, avg nll: 0.8116, avg wnll: 6.1230, avg kl: 0.0268, mse: 0.429280, wmse: 5.406950, mae: 0.472944
1412,	Iter: 1412, train loss: 2.9823, avg nll: 0.8137, avg wnll: 6.1359, avg kl: 0.0266, mse: 0.428385, wmse: 5.391878, mae: 0.472336
1413,	Iter: 1413, train loss: 2.9828, avg nll: 0.8137, avg wnll: 6.1178, avg kl: 0.0269, mse: 0.428446, wmse: 5.391538, mae: 0.472289
1414,	Iter: 1414, train loss: 2.9760, avg nll: 0.8101, avg wnll: 6.1017, avg kl: 0.0278, mse: 0.427613, wmse: 5.389663, mae: 0.471754
1415,	Iter: 1415, train loss: 2.9877, avg nll: 0.8166, avg wnll: 6.2544, avg kl: 0.0273, mse: 0.428752, wmse: 5.403848, mae: 0.472688
1416,	Iter: 1416, train loss: 2.9727, avg nll: 0.8133, avg wnll: 6.1686, avg kl: 0.0267, mse: 0.426546, wmse: 5.374693, mae: 0.471293
1417,	Iter: 1417, train loss: 2.9627, avg nll: 0.8047, avg wnll: 6.0246, avg kl: 0.0267, mse: 0.426272, wmse: 5.365086, mae: 0.471346
1418,	Iter: 1418, train loss: 2.9729, avg nll: 0.8094, avg wnll: 6.0195, avg kl: 0.0268, mse: 0.427333, wmse: 5.375549, mae: 0.470860
1419,	Iter: 1419, train loss: 2.9840, avg nll: 0.8095, avg wnll: 6.0287, avg kl: 0.0262, mse: 0.429650, wmse: 5.415493, mae: 0.472342
1420,	Iter: 1420, train loss: 2.9602, avg nll: 0.8039, avg wnll: 6.0043, avg kl: 0.0274, mse: 0.425773, wmse: 5.365996, mae: 0.470672
nll: 0.9825, mse: 0.5126, mae: 0.5128, mean_mse: 6.7050, mean_mae: 0.5128
1679447635.2362518
1421,	Iter: 1421, train loss: 2.9846, avg nll: 0.8115, avg wnll: 6.1231, avg kl: 0.0268, mse: 0.429269, wmse: 5.406797, mae: 0.472935
1422,	Iter: 1422, train loss: 2.9821, avg nll: 0.8136, avg wnll: 6.1358, avg kl: 0.0266, mse: 0.428374, wmse: 5.391729, mae: 0.472328
1423,	Iter: 1423, train loss: 2.9826, avg nll: 0.8135, avg wnll: 6.1182, avg kl: 0.0269, mse: 0.428433, wmse: 5.391401, mae: 0.472280
1424,	Iter: 1424, train loss: 2.9758, avg nll: 0.8100, avg wnll: 6.1020, avg kl: 0.0278, mse: 0.427603, wmse: 5.389534, mae: 0.471745
1425,	Iter: 1425, train loss: 2.9875, avg nll: 0.8165, avg wnll: 6.2548, avg kl: 0.0273, mse: 0.428744, wmse: 5.403754, mae: 0.472681
1426,	Iter: 1426, train loss: 2.9725, avg nll: 0.8132, avg wnll: 6.1690, avg kl: 0.0267, mse: 0.426544, wmse: 5.374705, mae: 0.471290
1427,	Iter: 1427, train loss: 2.9626, avg nll: 0.8046, avg wnll: 6.0254, avg kl: 0.0266, mse: 0.426273, wmse: 5.365124, mae: 0.471346
1428,	Iter: 1428, train loss: 2.9728, avg nll: 0.8093, avg wnll: 6.0202, avg kl: 0.0268, mse: 0.427335, wmse: 5.375598, mae: 0.470860
1429,	Iter: 1429, train loss: 2.9839, avg nll: 0.8094, avg wnll: 6.0296, avg kl: 0.0262, mse: 0.429652, wmse: 5.415528, mae: 0.472344
1430,	Iter: 1430, train loss: 2.9601, avg nll: 0.8038, avg wnll: 6.0050, avg kl: 0.0274, mse: 0.425778, wmse: 5.366075, mae: 0.470674
nll: 0.9826, mse: 0.5126, mae: 0.5128, mean_mse: 6.7051, mean_mae: 0.5128
1679448630.8938503
1431,	Iter: 1431, train loss: 2.9844, avg nll: 0.8114, avg wnll: 6.1231, avg kl: 0.0268, mse: 0.429258, wmse: 5.406668, mae: 0.472928
1432,	Iter: 1432, train loss: 2.9819, avg nll: 0.8135, avg wnll: 6.1357, avg kl: 0.0265, mse: 0.428362, wmse: 5.391600, mae: 0.472320
1433,	Iter: 1433, train loss: 2.9825, avg nll: 0.8134, avg wnll: 6.1183, avg kl: 0.0269, mse: 0.428424, wmse: 5.391285, mae: 0.472272
1434,	Iter: 1434, train loss: 2.9756, avg nll: 0.8099, avg wnll: 6.1023, avg kl: 0.0277, mse: 0.427596, wmse: 5.389462, mae: 0.471739
1435,	Iter: 1435, train loss: 2.9874, avg nll: 0.8164, avg wnll: 6.2553, avg kl: 0.0273, mse: 0.428737, wmse: 5.403683, mae: 0.472677
1436,	Iter: 1436, train loss: 2.9724, avg nll: 0.8131, avg wnll: 6.1692, avg kl: 0.0266, mse: 0.426542, wmse: 5.374699, mae: 0.471288
1437,	Iter: 1437, train loss: 2.9625, avg nll: 0.8045, avg wnll: 6.0260, avg kl: 0.0266, mse: 0.426273, wmse: 5.365154, mae: 0.471345
1438,	Iter: 1438, train loss: 2.9727, avg nll: 0.8093, avg wnll: 6.0207, avg kl: 0.0268, mse: 0.427336, wmse: 5.375621, mae: 0.470861
1439,	Iter: 1439, train loss: 2.9838, avg nll: 0.8094, avg wnll: 6.0302, avg kl: 0.0262, mse: 0.429652, wmse: 5.415544, mae: 0.472344
1440,	Iter: 1440, train loss: 2.9600, avg nll: 0.8038, avg wnll: 6.0056, avg kl: 0.0274, mse: 0.425780, wmse: 5.366105, mae: 0.470675
nll: 0.9827, mse: 0.5126, mae: 0.5128, mean_mse: 6.7051, mean_mae: 0.5128
1679449607.166819
saving.................
done
1441,	Iter: 1441, train loss: 2.9843, avg nll: 0.8113, avg wnll: 6.1230, avg kl: 0.0268, mse: 0.429250, wmse: 5.406549, mae: 0.472921
1442,	Iter: 1442, train loss: 2.9817, avg nll: 0.8134, avg wnll: 6.1354, avg kl: 0.0265, mse: 0.428353, wmse: 5.391501, mae: 0.472313
1443,	Iter: 1443, train loss: 2.9823, avg nll: 0.8134, avg wnll: 6.1185, avg kl: 0.0269, mse: 0.428416, wmse: 5.391196, mae: 0.472267
1444,	Iter: 1444, train loss: 2.9755, avg nll: 0.8098, avg wnll: 6.1024, avg kl: 0.0277, mse: 0.427588, wmse: 5.389360, mae: 0.471732
1445,	Iter: 1445, train loss: 2.9872, avg nll: 0.8163, avg wnll: 6.2556, avg kl: 0.0273, mse: 0.428731, wmse: 5.403599, mae: 0.472671
1446,	Iter: 1446, train loss: 2.9723, avg nll: 0.8130, avg wnll: 6.1694, avg kl: 0.0266, mse: 0.426540, wmse: 5.374689, mae: 0.471284
1447,	Iter: 1447, train loss: 2.9624, avg nll: 0.8044, avg wnll: 6.0266, avg kl: 0.0266, mse: 0.426273, wmse: 5.365183, mae: 0.471344
1448,	Iter: 1448, train loss: 2.9726, avg nll: 0.8092, avg wnll: 6.0212, avg kl: 0.0267, mse: 0.427337, wmse: 5.375671, mae: 0.470861
1449,	Iter: 1449, train loss: 2.9838, avg nll: 0.8093, avg wnll: 6.0306, avg kl: 0.0262, mse: 0.429654, wmse: 5.415571, mae: 0.472344
1450,	Iter: 1450, train loss: 2.9599, avg nll: 0.8037, avg wnll: 6.0060, avg kl: 0.0273, mse: 0.425782, wmse: 5.366143, mae: 0.470676
nll: 0.9828, mse: 0.5126, mae: 0.5128, mean_mse: 6.7052, mean_mae: 0.5128
1679450604.4861743
1451,	Iter: 1451, train loss: 2.9841, avg nll: 0.8112, avg wnll: 6.1229, avg kl: 0.0267, mse: 0.429241, wmse: 5.406429, mae: 0.472913
1452,	Iter: 1452, train loss: 2.9815, avg nll: 0.8133, avg wnll: 6.1352, avg kl: 0.0265, mse: 0.428346, wmse: 5.391406, mae: 0.472307
1453,	Iter: 1453, train loss: 2.9822, avg nll: 0.8133, avg wnll: 6.1186, avg kl: 0.0269, mse: 0.428408, wmse: 5.391111, mae: 0.472262
1454,	Iter: 1454, train loss: 2.9753, avg nll: 0.8097, avg wnll: 6.1026, avg kl: 0.0277, mse: 0.427582, wmse: 5.389290, mae: 0.471727
1455,	Iter: 1455, train loss: 2.9871, avg nll: 0.8162, avg wnll: 6.2560, avg kl: 0.0273, mse: 0.428725, wmse: 5.403534, mae: 0.472667
1456,slurmstepd: error: *** JOB 247826 ON gpu1 CANCELLED AT 2023-03-22T02:14:12 ***
