Namespace(n_union_tp=3500, data_folder='datasets/ZTF_gr', checkpoint='ZTF_gr0.9500744938850403.h5', start_col=1, inc_errors=False, print_at=1, embed_time=128, enc_num_heads=16, latent_dim=64, mixing='concat', num_ref_points=16, rec_hidden=128, width=512, save_at=30, patience=100, early_stopping=False, niters=20000, frac=0.5, batch_size=2, mse_weight=5.0, dropout=0.0, num_resamples=0, lr=5e-05, scheduler=False, warmup=4000, kl_zero=False, kl_annealing=True, net='hetvae', device='cuda', const_var=False, var_per_dim=False, std=0.1, seed=2, save=True, k_iwae=1) 8361100
validated 3407 files out of 3407 for band='r'
3407 3407
(2614, 1, 2011, 3)
created union_tp attribute of length 3500
dataset created w/ shape (2614, 1, 2011, 3)
train size: 2352, valid size: 236, test size: 262
datasets/ZTF_gr
=> loading checkpoint 'ZTF_gr0.9500744938850403.h5'
Namespace(n_union_tp=3500, data_folder='datasets/ZTF_gr', checkpoint='', start_col=1, inc_errors=False, print_at=1, embed_time=128, enc_num_heads=16, latent_dim=64, mixing='concat', num_ref_points=16, rec_hidden=128, width=512, save_at=30, patience=100, early_stopping=False, niters=20000, frac=0.5, batch_size=2, mse_weight=5.0, dropout=0.0, num_resamples=0, lr=0.0001, scheduler=False, warmup=4000, kl_zero=False, kl_annealing=True, net='hetvae', device='cuda', const_var=False, var_per_dim=False, std=0.1, seed=2, save=True, k_iwae=1)
loaded checkpoint w/ loss=3.3459354601547022
model_size=498882
391,	Iter: 391, train loss: 3.6124, avg nll: 1.0272, avg wnll: 6.3051, avg kl: 0.0259, mse: 0.513666, wmse: 6.549445, mae: 0.519634
392,	Iter: 392, train loss: 3.6004, avg nll: 1.0196, avg wnll: 6.1928, avg kl: 0.0268, mse: 0.512646, wmse: 6.518239, mae: 0.518439
393,	Iter: 393, train loss: 3.5995, avg nll: 1.0221, avg wnll: 6.2374, avg kl: 0.0251, mse: 0.512184, wmse: 6.515184, mae: 0.517956
394,	Iter: 394, train loss: 3.5581, avg nll: 1.0115, avg wnll: 6.2020, avg kl: 0.0244, mse: 0.506116, wmse: 6.448153, mae: 0.515776
395,	Iter: 395, train loss: 3.5648, avg nll: 1.0103, avg wnll: 6.1985, avg kl: 0.0234, mse: 0.507824, wmse: 6.460520, mae: 0.515919
396,	Iter: 396, train loss: 3.5557, avg nll: 1.0081, avg wnll: 6.1780, avg kl: 0.0228, mse: 0.506518, wmse: 6.443314, mae: 0.514827
397,	Iter: 397, train loss: 3.5490, avg nll: 1.0068, avg wnll: 6.1647, avg kl: 0.0219, mse: 0.505531, wmse: 6.427351, mae: 0.514661
398,	Iter: 398, train loss: 3.5527, avg nll: 1.0088, avg wnll: 6.1377, avg kl: 0.0212, mse: 0.505971, wmse: 6.410009, mae: 0.514947
399,	Iter: 399, train loss: 3.5587, avg nll: 1.0061, avg wnll: 6.1898, avg kl: 0.0211, mse: 0.507715, wmse: 6.430748, mae: 0.514930
400,	Iter: 400, train loss: 3.5438, avg nll: 1.0039, avg wnll: 6.2283, avg kl: 0.0200, mse: 0.505315, wmse: 6.435453, mae: 0.513784
nll: 0.9604, mse: 0.5094, mae: 0.5094, mean_mse: 6.6164, mean_mae: 0.5094
1679338245.301647
401,	Iter: 401, train loss: 3.3354, avg nll: 0.9487, avg wnll: 6.0718, avg kl: 0.0171, mse: 0.475064, wmse: 6.014982, mae: 0.498395
402,	Iter: 402, train loss: 3.3122, avg nll: 0.9422, avg wnll: 6.1448, avg kl: 0.0168, mse: 0.471743, wmse: 5.954215, mae: 0.496198
403,	Iter: 403, train loss: 3.3050, avg nll: 0.9392, avg wnll: 6.1345, avg kl: 0.0166, mse: 0.470937, wmse: 5.945178, mae: 0.495823
404,	Iter: 404, train loss: 3.3000, avg nll: 0.9372, avg wnll: 6.1500, avg kl: 0.0170, mse: 0.470279, wmse: 5.949910, mae: 0.495518
405,	Iter: 405, train loss: 3.3036, avg nll: 0.9386, avg wnll: 6.1954, avg kl: 0.0173, mse: 0.470654, wmse: 5.956052, mae: 0.495791
406,	Iter: 406, train loss: 3.2867, avg nll: 0.9358, avg wnll: 6.1637, avg kl: 0.0162, mse: 0.467991, wmse: 5.912361, mae: 0.494504
407,	Iter: 407, train loss: 3.2848, avg nll: 0.9311, avg wnll: 6.1723, avg kl: 0.0169, mse: 0.468451, wmse: 5.910117, mae: 0.494594
408,	Iter: 408, train loss: 3.2956, avg nll: 0.9337, avg wnll: 6.1365, avg kl: 0.0170, mse: 0.470068, wmse: 5.935858, mae: 0.494735
409,	Iter: 409, train loss: 3.3067, avg nll: 0.9348, avg wnll: 6.1142, avg kl: 0.0164, mse: 0.472148, wmse: 5.975481, mae: 0.496506
410,	Iter: 410, train loss: 3.2781, avg nll: 0.9294, avg wnll: 6.1553, avg kl: 0.0170, mse: 0.467435, wmse: 5.911879, mae: 0.494173
nll: 0.9639, mse: 0.5112, mae: 0.5108, mean_mse: 6.6598, mean_mae: 0.5108
1679339113.473208
411,	Iter: 411, train loss: 3.2752, avg nll: 0.9287, avg wnll: 6.1359, avg kl: 0.0170, mse: 0.466962, wmse: 5.903125, mae: 0.494024
412,	Iter: 412, train loss: 3.2696, avg nll: 0.9280, avg wnll: 6.1432, avg kl: 0.0170, mse: 0.465992, wmse: 5.882036, mae: 0.493368
413,	Iter: 413, train loss: 3.2723, avg nll: 0.9286, avg wnll: 6.1585, avg kl: 0.0169, mse: 0.466405, wmse: 5.886668, mae: 0.493862
414,	Iter: 414, train loss: 3.2709, avg nll: 0.9277, avg wnll: 6.1551, avg kl: 0.0177, mse: 0.466210, wmse: 5.897031, mae: 0.493443
415,	Iter: 415, train loss: 3.2748, avg nll: 0.9297, avg wnll: 6.1769, avg kl: 0.0178, mse: 0.466560, wmse: 5.902144, mae: 0.493650
416,	Iter: 416, train loss: 3.2586, avg nll: 0.9256, avg wnll: 6.1696, avg kl: 0.0169, mse: 0.464264, wmse: 5.864012, mae: 0.492533
417,	Iter: 417, train loss: 3.2538, avg nll: 0.9201, avg wnll: 6.1623, avg kl: 0.0175, mse: 0.464301, wmse: 5.855736, mae: 0.492324
418,	Iter: 418, train loss: 3.2722, avg nll: 0.9257, avg wnll: 6.1646, avg kl: 0.0177, mse: 0.466838, wmse: 5.894437, mae: 0.492973
419,	Iter: 419, train loss: 3.2823, avg nll: 0.9260, avg wnll: 6.1153, avg kl: 0.0170, mse: 0.468877, wmse: 5.932304, mae: 0.494649
420,	Iter: 420, train loss: 3.2595, avg nll: 0.9232, avg wnll: 6.1539, avg kl: 0.0177, mse: 0.464779, wmse: 5.875098, mae: 0.492872
nll: 0.9661, mse: 0.5123, mae: 0.5116, mean_mse: 6.6784, mean_mae: 0.5116
1679340003.5240593
saving.................
done
421,	Iter: 421, train loss: 3.2609, avg nll: 0.9252, avg wnll: 6.1514, avg kl: 0.0174, mse: 0.464698, wmse: 5.878063, mae: 0.493056
422,	Iter: 422, train loss: 3.2637, avg nll: 0.9284, avg wnll: 6.1834, avg kl: 0.0177, mse: 0.464579, wmse: 5.864671, mae: 0.492974
423,	Iter: 423, train loss: 3.2680, avg nll: 0.9277, avg wnll: 6.1450, avg kl: 0.0175, mse: 0.465593, wmse: 5.879000, mae: 0.493622
424,	Iter: 424, train loss: 3.2639, avg nll: 0.9283, avg wnll: 6.1780, avg kl: 0.0180, mse: 0.464568, wmse: 5.878860, mae: 0.492803
425,	Iter: 425, train loss: 3.2609, avg nll: 0.9247, avg wnll: 6.1640, avg kl: 0.0183, mse: 0.464654, wmse: 5.874361, mae: 0.492826
426,	Iter: 426, train loss: 3.2436, avg nll: 0.9209, avg wnll: 6.1793, avg kl: 0.0173, mse: 0.462089, wmse: 5.839542, mae: 0.491335
427,	Iter: 427, train loss: 3.2437, avg nll: 0.9177, avg wnll: 6.1683, avg kl: 0.0178, mse: 0.462671, wmse: 5.836099, mae: 0.491692
428,	Iter: 428, train loss: 3.2670, avg nll: 0.9251, avg wnll: 6.1457, avg kl: 0.0180, mse: 0.465827, wmse: 5.881899, mae: 0.492827
429,	Iter: 429, train loss: 3.2699, avg nll: 0.9216, avg wnll: 6.1230, avg kl: 0.0173, mse: 0.467177, wmse: 5.911277, mae: 0.493821
430,	Iter: 430, train loss: 3.2477, avg nll: 0.9195, avg wnll: 6.1543, avg kl: 0.0180, mse: 0.463083, wmse: 5.853090, mae: 0.491962
nll: 0.9668, mse: 0.5127, mae: 0.5122, mean_mse: 6.6789, mean_mae: 0.5122
1679340858.8677468
431,	Iter: 431, train loss: 3.2535, avg nll: 0.9227, avg wnll: 6.1209, avg kl: 0.0178, mse: 0.463603, wmse: 5.860192, mae: 0.492741
432,	Iter: 432, train loss: 3.2507, avg nll: 0.9242, avg wnll: 6.1824, avg kl: 0.0177, mse: 0.462771, wmse: 5.843022, mae: 0.492008
433,	Iter: 433, train loss: 3.2608, avg nll: 0.9263, avg wnll: 6.1825, avg kl: 0.0180, mse: 0.464307, wmse: 5.865183, mae: 0.492970
434,	Iter: 434, train loss: 3.2545, avg nll: 0.9232, avg wnll: 6.1722, avg kl: 0.0186, mse: 0.463573, wmse: 5.865873, mae: 0.492360
435,	Iter: 435, train loss: 3.2553, avg nll: 0.9237, avg wnll: 6.1735, avg kl: 0.0186, mse: 0.463612, wmse: 5.864057, mae: 0.492279
436,	Iter: 436, train loss: 3.2361, avg nll: 0.9188, avg wnll: 6.1758, avg kl: 0.0176, mse: 0.460917, wmse: 5.822495, mae: 0.490866
437,	Iter: 437, train loss: 3.2371, avg nll: 0.9171, avg wnll: 6.1761, avg kl: 0.0182, mse: 0.461338, wmse: 5.820605, mae: 0.491187
438,	Iter: 438, train loss: 3.2596, avg nll: 0.9234, avg wnll: 6.1553, avg kl: 0.0186, mse: 0.464525, wmse: 5.867610, mae: 0.492042
439,	Iter: 439, train loss: 3.2624, avg nll: 0.9202, avg wnll: 6.1190, avg kl: 0.0176, mse: 0.465861, wmse: 5.894398, mae: 0.493255
440,	Iter: 440, train loss: 3.2385, avg nll: 0.9159, avg wnll: 6.1517, avg kl: 0.0181, mse: 0.461856, wmse: 5.838127, mae: 0.491216
nll: 0.9684, mse: 0.5131, mae: 0.5123, mean_mse: 6.6805, mean_mae: 0.5123
1679341751.2760625
441,	Iter: 441, train loss: 3.2456, avg nll: 0.9214, avg wnll: 6.1289, avg kl: 0.0179, mse: 0.462219, wmse: 5.840904, mae: 0.491885
442,	Iter: 442, train loss: 3.2391, avg nll: 0.9196, avg wnll: 6.1513, avg kl: 0.0176, mse: 0.461308, wmse: 5.823171, mae: 0.491159
443,	Iter: 443, train loss: 3.2470, avg nll: 0.9214, avg wnll: 6.1727, avg kl: 0.0179, mse: 0.462486, wmse: 5.838498, mae: 0.492031
444,	Iter: 444, train loss: 3.2475, avg nll: 0.9232, avg wnll: 6.1718, avg kl: 0.0184, mse: 0.462135, wmse: 5.846083, mae: 0.491798
445,	Iter: 445, train loss: 3.2449, avg nll: 0.9198, avg wnll: 6.1764, avg kl: 0.0185, mse: 0.462283, wmse: 5.848937, mae: 0.491756
446,	Iter: 446, train loss: 3.2330, avg nll: 0.9195, avg wnll: 6.1700, avg kl: 0.0174, mse: 0.460121, wmse: 5.811290, mae: 0.490574
447,	Iter: 447, train loss: 3.2344, avg nll: 0.9163, avg wnll: 6.1809, avg kl: 0.0180, mse: 0.460931, wmse: 5.815872, mae: 0.490951
448,	Iter: 448, train loss: 3.2474, avg nll: 0.9187, avg wnll: 6.1490, avg kl: 0.0179, mse: 0.463061, wmse: 5.845958, mae: 0.491439
449,	Iter: 449, train loss: 3.2540, avg nll: 0.9176, avg wnll: 6.1076, avg kl: 0.0177, mse: 0.464640, wmse: 5.877698, mae: 0.492573
450,	Iter: 450, train loss: 3.2311, avg nll: 0.9135, avg wnll: 6.1529, avg kl: 0.0180, mse: 0.460809, wmse: 5.824439, mae: 0.490816
nll: 0.9693, mse: 0.5134, mae: 0.5122, mean_mse: 6.6924, mean_mae: 0.5122
1679342647.5521307
saving.................
done
451,	Iter: 451, train loss: 3.2366, avg nll: 0.9173, avg wnll: 6.1501, avg kl: 0.0177, mse: 0.461210, wmse: 5.829146, mae: 0.491480
452,	Iter: 452, train loss: 3.2322, avg nll: 0.9170, avg wnll: 6.1625, avg kl: 0.0177, mse: 0.460369, wmse: 5.811288, mae: 0.490679
453,	Iter: 453, train loss: 3.2429, avg nll: 0.9204, avg wnll: 6.1809, avg kl: 0.0176, mse: 0.461843, wmse: 5.832991, mae: 0.491879
454,	Iter: 454, train loss: 3.2378, avg nll: 0.9194, avg wnll: 6.1563, avg kl: 0.0182, mse: 0.460928, wmse: 5.830918, mae: 0.491018
455,	Iter: 455, train loss: 3.2379, avg nll: 0.9181, avg wnll: 6.1899, avg kl: 0.0183, mse: 0.461181, wmse: 5.833730, mae: 0.491252
456,	Iter: 456, train loss: 3.2260, avg nll: 0.9172, avg wnll: 6.1714, avg kl: 0.0175, mse: 0.459109, wmse: 5.803042, mae: 0.490068
457,	Iter: 457, train loss: 3.2235, avg nll: 0.9122, avg wnll: 6.1624, avg kl: 0.0177, mse: 0.459571, wmse: 5.797289, mae: 0.490363
458,	Iter: 458, train loss: 3.2412, avg nll: 0.9174, avg wnll: 6.1631, avg kl: 0.0178, mse: 0.462032, wmse: 5.834552, mae: 0.490774
459,	Iter: 459, train loss: 3.2483, avg nll: 0.9159, avg wnll: 6.1171, avg kl: 0.0173, mse: 0.463840, wmse: 5.869955, mae: 0.492262
460,	Iter: 460, train loss: 3.2292, avg nll: 0.9147, avg wnll: 6.1800, avg kl: 0.0180, mse: 0.460142, wmse: 5.813597, mae: 0.490447
nll: 0.9688, mse: 0.5138, mae: 0.5127, mean_mse: 6.7100, mean_mae: 0.5127
1679343537.9955583
461,	Iter: 461, train loss: 3.2256, avg nll: 0.9140, avg wnll: 6.1426, avg kl: 0.0179, mse: 0.459584, wmse: 5.806520, mae: 0.490483
462,	Iter: 462, train loss: 3.2265, avg nll: 0.9158, avg wnll: 6.1470, avg kl: 0.0177, mse: 0.459408, wmse: 5.797167, mae: 0.490317
463,	Iter: 463, train loss: 3.2442, avg nll: 0.9239, avg wnll: 6.1759, avg kl: 0.0180, mse: 0.461279, wmse: 5.825511, mae: 0.491907
464,	Iter: 464, train loss: 3.2337, avg nll: 0.9187, avg wnll: 6.1534, avg kl: 0.0183, mse: 0.460173, wmse: 5.823657, mae: 0.490766
465,	Iter: 465, train loss: 3.2316, avg nll: 0.9164, avg wnll: 6.1581, avg kl: 0.0183, mse: 0.460207, wmse: 5.821540, mae: 0.490699
466,	Iter: 466, train loss: 3.2197, avg nll: 0.9158, avg wnll: 6.1866, avg kl: 0.0174, mse: 0.458074, wmse: 5.788726, mae: 0.489581
467,	Iter: 467, train loss: 3.2164, avg nll: 0.9110, avg wnll: 6.1936, avg kl: 0.0179, mse: 0.458300, wmse: 5.780230, mae: 0.489795
468,	Iter: 468, train loss: 3.2381, avg nll: 0.9193, avg wnll: 6.1717, avg kl: 0.0178, mse: 0.460994, wmse: 5.824101, mae: 0.490415
469,	Iter: 469, train loss: 3.2427, avg nll: 0.9151, avg wnll: 6.0959, avg kl: 0.0176, mse: 0.462779, wmse: 5.856768, mae: 0.491742
470,	Iter: 470, train loss: 3.2257, avg nll: 0.9147, avg wnll: 6.1968, avg kl: 0.0179, mse: 0.459380, wmse: 5.809223, mae: 0.490517
nll: 0.9681, mse: 0.5134, mae: 0.5126, mean_mse: 6.6967, mean_mae: 0.5126
1679344419.756272
471,	Iter: 471, train loss: 3.2233, avg nll: 0.9126, avg wnll: 6.1228, avg kl: 0.0178, mse: 0.459346, wmse: 5.806962, mae: 0.490620
472,	Iter: 472, train loss: 3.2212, avg nll: 0.9144, avg wnll: 6.1436, avg kl: 0.0175, mse: 0.458606, wmse: 5.786304, mae: 0.490065
473,	Iter: 473, train loss: 3.2355, avg nll: 0.9195, avg wnll: 6.1721, avg kl: 0.0176, mse: 0.460424, wmse: 5.818191, mae: 0.491234
474,	Iter: 474, train loss: 3.2254, avg nll: 0.9154, avg wnll: 6.1649, avg kl: 0.0182, mse: 0.459140, wmse: 5.805327, mae: 0.490167
475,	Iter: 475, train loss: 3.2256, avg nll: 0.9143, avg wnll: 6.1861, avg kl: 0.0183, mse: 0.459346, wmse: 5.811892, mae: 0.490360
476,	Iter: 476, train loss: 3.2172, avg nll: 0.9146, avg wnll: 6.1956, avg kl: 0.0174, mse: 0.457758, wmse: 5.788802, mae: 0.489498
477,	Iter: 477, train loss: 3.2120, avg nll: 0.9092, avg wnll: 6.1687, avg kl: 0.0178, mse: 0.457732, wmse: 5.776088, mae: 0.489437
478,	Iter: 478, train loss: 3.2293, avg nll: 0.9144, avg wnll: 6.1660, avg kl: 0.0177, mse: 0.460150, wmse: 5.815737, mae: 0.489940
479,	Iter: 479, train loss: 3.2335, avg nll: 0.9111, avg wnll: 6.1085, avg kl: 0.0174, mse: 0.461700, wmse: 5.840546, mae: 0.491122
480,	Iter: 480, train loss: 3.2176, avg nll: 0.9101, avg wnll: 6.1771, avg kl: 0.0181, mse: 0.458617, wmse: 5.795982, mae: 0.489781
nll: 0.9729, mse: 0.5145, mae: 0.5133, mean_mse: 6.7228, mean_mae: 0.5133
1679345280.3797517
saving.................
done
481,	Iter: 481, train loss: 3.2149, avg nll: 0.9089, avg wnll: 6.1197, avg kl: 0.0177, mse: 0.458381, wmse: 5.790226, mae: 0.490139
482,	Iter: 482, train loss: 3.2160, avg nll: 0.9117, avg wnll: 6.1639, avg kl: 0.0174, mse: 0.458051, wmse: 5.780513, mae: 0.489583
483,	Iter: 483, train loss: 3.2210, avg nll: 0.9141, avg wnll: 6.1759, avg kl: 0.0175, mse: 0.458562, wmse: 5.791276, mae: 0.490118
484,	Iter: 484, train loss: 3.2258, avg nll: 0.9163, avg wnll: 6.1914, avg kl: 0.0179, mse: 0.459023, wmse: 5.809823, mae: 0.490344
485,	Iter: 485, train loss: 3.2202, avg nll: 0.9133, avg wnll: 6.1755, avg kl: 0.0180, mse: 0.458474, wmse: 5.798016, mae: 0.489771
486,	Iter: 486, train loss: 3.2089, avg nll: 0.9134, avg wnll: 6.2168, avg kl: 0.0173, mse: 0.456303, wmse: 5.768282, mae: 0.488841
487,	Iter: 487, train loss: 3.2022, avg nll: 0.9053, avg wnll: 6.1547, avg kl: 0.0178, mse: 0.456480, wmse: 5.756224, mae: 0.488800
488,	Iter: 488, train loss: 3.2199, avg nll: 0.9103, avg wnll: 6.1763, avg kl: 0.0179, mse: 0.459006, wmse: 5.794982, mae: 0.489152
489,	Iter: 489, train loss: 3.2320, avg nll: 0.9109, avg wnll: 6.1079, avg kl: 0.0173, mse: 0.461398, wmse: 5.835475, mae: 0.490946
490,	Iter: 490, train loss: 3.2100, avg nll: 0.9081, avg wnll: 6.1575, avg kl: 0.0177, mse: 0.457496, wmse: 5.781363, mae: 0.489184
nll: 0.9697, mse: 0.5140, mae: 0.5130, mean_mse: 6.7040, mean_mae: 0.5130
1679346177.8028924
491,	Iter: 491, train loss: 3.2116, avg nll: 0.9087, avg wnll: 6.1492, avg kl: 0.0175, mse: 0.457718, wmse: 5.781719, mae: 0.489651
492,	Iter: 492, train loss: 3.2115, avg nll: 0.9101, avg wnll: 6.1677, avg kl: 0.0173, mse: 0.457437, wmse: 5.775666, mae: 0.489293
493,	Iter: 493, train loss: 3.2197, avg nll: 0.9144, avg wnll: 6.1856, avg kl: 0.0176, mse: 0.458176, wmse: 5.786490, mae: 0.489822
494,	Iter: 494, train loss: 3.2143, avg nll: 0.9123, avg wnll: 6.1643, avg kl: 0.0180, mse: 0.457438, wmse: 5.784045, mae: 0.489388
495,	Iter: 495, train loss: 3.2199, avg nll: 0.9134, avg wnll: 6.1533, avg kl: 0.0181, mse: 0.458307, wmse: 5.794710, mae: 0.489888
496,	Iter: 496, train loss: 3.2038, avg nll: 0.9115, avg wnll: 6.1961, avg kl: 0.0171, mse: 0.455629, wmse: 5.759422, mae: 0.488381
497,	Iter: 497, train loss: 3.2037, avg nll: 0.9070, avg wnll: 6.1398, avg kl: 0.0176, mse: 0.456428, wmse: 5.755960, mae: 0.488838
498,	Iter: 498, train loss: 3.2145, avg nll: 0.9090, avg wnll: 6.1651, avg kl: 0.0178, mse: 0.458136, wmse: 5.785665, mae: 0.488905
499,	Iter: 499, train loss: 3.2328, avg nll: 0.9136, avg wnll: 6.1456, avg kl: 0.0172, mse: 0.460977, wmse: 5.834757, mae: 0.491207
500,	Iter: 500, train loss: 3.2077, avg nll: 0.9095, avg wnll: 6.1586, avg kl: 0.0175, mse: 0.456726, wmse: 5.773218, mae: 0.489048
nll: 0.9730, mse: 0.5149, mae: 0.5134, mean_mse: 6.7245, mean_mae: 0.5134
1679347058.9957745
501,	Iter: 501, train loss: 3.2036, avg nll: 0.9063, avg wnll: 6.1152, avg kl: 0.0174, mse: 0.456568, wmse: 5.766676, mae: 0.489081
502,	Iter: 502, train loss: 3.2006, avg nll: 0.9062, avg wnll: 6.1499, avg kl: 0.0173, mse: 0.455988, wmse: 5.756528, mae: 0.488568
503,	Iter: 503, train loss: 3.2133, avg nll: 0.9121, avg wnll: 6.1483, avg kl: 0.0172, mse: 0.457345, wmse: 5.777855, mae: 0.489484
504,	Iter: 504, train loss: 3.2170, avg nll: 0.9153, avg wnll: 6.1791, avg kl: 0.0178, mse: 0.457362, wmse: 5.786920, mae: 0.489335
505,	Iter: 505, train loss: 3.2169, avg nll: 0.9148, avg wnll: 6.1480, avg kl: 0.0179, mse: 0.457401, wmse: 5.786244, mae: 0.489383
506,	Iter: 506, train loss: 3.1971, avg nll: 0.9091, avg wnll: 6.1707, avg kl: 0.0171, mse: 0.454703, wmse: 5.745456, mae: 0.487942
507,	Iter: 507, train loss: 3.2019, avg nll: 0.9077, avg wnll: 6.1510, avg kl: 0.0176, mse: 0.455876, wmse: 5.750373, mae: 0.488767
508,	Iter: 508, train loss: 3.2105, avg nll: 0.9078, avg wnll: 6.1510, avg kl: 0.0174, mse: 0.457606, wmse: 5.778655, mae: 0.488912
509,	Iter: 509, train loss: 3.2192, avg nll: 0.9089, avg wnll: 6.1140, avg kl: 0.0168, mse: 0.459219, wmse: 5.810045, mae: 0.490039
510,	Iter: 510, train loss: 3.2027, avg nll: 0.9065, avg wnll: 6.1374, avg kl: 0.0175, mse: 0.456268, wmse: 5.764377, mae: 0.488726
nll: 0.9716, mse: 0.5153, mae: 0.5139, mean_mse: 6.7300, mean_mae: 0.5139
1679347952.9898736
saving.................
done
511,	Iter: 511, train loss: 3.1993, avg nll: 0.9058, avg wnll: 6.1272, avg kl: 0.0174, mse: 0.455749, wmse: 5.756338, mae: 0.488726
512,	Iter: 512, train loss: 3.2075, avg nll: 0.9127, avg wnll: 6.1798, avg kl: 0.0172, mse: 0.456023, wmse: 5.757278, mae: 0.488715
513,	Iter: 513, train loss: 3.2099, avg nll: 0.9117, avg wnll: 6.1336, avg kl: 0.0177, mse: 0.456612, wmse: 5.769639, mae: 0.489093
514,	Iter: 514, train loss: 3.2184, avg nll: 0.9154, avg wnll: 6.1655, avg kl: 0.0179, mse: 0.457529, wmse: 5.786029, mae: 0.489609
515,	Iter: 515, train loss: 3.2075, avg nll: 0.9109, avg wnll: 6.1683, avg kl: 0.0181, mse: 0.456233, wmse: 5.771523, mae: 0.488911
516,	Iter: 516, train loss: 3.1932, avg nll: 0.9080, avg wnll: 6.1828, avg kl: 0.0170, mse: 0.454107, wmse: 5.740057, mae: 0.487576
517,	Iter: 517, train loss: 3.1914, avg nll: 0.9032, avg wnll: 6.1507, avg kl: 0.0174, mse: 0.454651, wmse: 5.732464, mae: 0.487862
518,	Iter: 518, train loss: 3.2050, avg nll: 0.9077, avg wnll: 6.1318, avg kl: 0.0173, mse: 0.456475, wmse: 5.766024, mae: 0.488252
519,	Iter: 519, train loss: 3.2227, avg nll: 0.9110, avg wnll: 6.1072, avg kl: 0.0170, mse: 0.459408, wmse: 5.811321, mae: 0.490177
520,	Iter: 520, train loss: 3.1910, avg nll: 0.9018, avg wnll: 6.1441, avg kl: 0.0173, mse: 0.454844, wmse: 5.744408, mae: 0.487882
nll: 0.9720, mse: 0.5146, mae: 0.5133, mean_mse: 6.7151, mean_mae: 0.5133
1679348839.7744875
521,	Iter: 521, train loss: 3.1964, avg nll: 0.9061, avg wnll: 6.1366, avg kl: 0.0171, mse: 0.455079, wmse: 5.751081, mae: 0.488367
522,	Iter: 522, train loss: 3.2049, avg nll: 0.9125, avg wnll: 6.1706, avg kl: 0.0169, mse: 0.455534, wmse: 5.751122, mae: 0.488648
523,	Iter: 523, train loss: 3.1963, avg nll: 0.9058, avg wnll: 6.1369, avg kl: 0.0172, mse: 0.455094, wmse: 5.746233, mae: 0.488251
524,	Iter: 524, train loss: 3.2076, avg nll: 0.9099, avg wnll: 6.1573, avg kl: 0.0174, mse: 0.456504, wmse: 5.773318, mae: 0.489143
525,	Iter: 525, train loss: 3.2059, avg nll: 0.9105, avg wnll: 6.1790, avg kl: 0.0178, mse: 0.455958, wmse: 5.764980, mae: 0.488570
526,	Iter: 526, train loss: 3.1858, avg nll: 0.9047, avg wnll: 6.1560, avg kl: 0.0169, mse: 0.453258, wmse: 5.726589, mae: 0.487153
527,	Iter: 527, train loss: 3.1869, avg nll: 0.9012, avg wnll: 6.1795, avg kl: 0.0171, mse: 0.454121, wmse: 5.727953, mae: 0.487856
528,	Iter: 528, train loss: 3.1987, avg nll: 0.9046, avg wnll: 6.1464, avg kl: 0.0173, mse: 0.455763, wmse: 5.753321, mae: 0.488012
529,	Iter: 529, train loss: 3.2099, avg nll: 0.9052, avg wnll: 6.1255, avg kl: 0.0167, mse: 0.457986, wmse: 5.794505, mae: 0.489308
530,	Iter: 530, train loss: 3.1899, avg nll: 0.9028, avg wnll: 6.1788, avg kl: 0.0173, mse: 0.454366, wmse: 5.740844, mae: 0.487935
nll: 0.9709, mse: 0.5156, mae: 0.5140, mean_mse: 6.7325, mean_mae: 0.5140
1679349724.065754
531,	Iter: 531, train loss: 3.1902, avg nll: 0.9032, avg wnll: 6.1056, avg kl: 0.0170, mse: 0.454388, wmse: 5.738505, mae: 0.487936
532,	Iter: 532, train loss: 3.1914, avg nll: 0.9053, avg wnll: 6.1544, avg kl: 0.0166, mse: 0.454263, wmse: 5.735228, mae: 0.487925
533,	Iter: 533, train loss: 3.1962, avg nll: 0.9062, avg wnll: 6.1465, avg kl: 0.0173, mse: 0.454908, wmse: 5.742466, mae: 0.488233
534,	Iter: 534, train loss: 3.1991, avg nll: 0.9074, avg wnll: 6.1449, avg kl: 0.0176, mse: 0.455212, wmse: 5.755045, mae: 0.488281
535,	Iter: 535, train loss: 3.2001, avg nll: 0.9082, avg wnll: 6.1772, avg kl: 0.0179, mse: 0.455198, wmse: 5.757558, mae: 0.488286
536,	Iter: 536, train loss: 3.1846, avg nll: 0.9060, avg wnll: 6.1638, avg kl: 0.0168, mse: 0.452733, wmse: 5.720335, mae: 0.486925
537,	Iter: 537, train loss: 3.1819, avg nll: 0.9015, avg wnll: 6.1662, avg kl: 0.0174, mse: 0.452970, wmse: 5.715363, mae: 0.487050
538,	Iter: 538, train loss: 3.2031, avg nll: 0.9080, avg wnll: 6.1619, avg kl: 0.0172, mse: 0.455930, wmse: 5.756332, mae: 0.488133
539,	Iter: 539, train loss: 3.2067, avg nll: 0.9050, avg wnll: 6.1291, avg kl: 0.0169, mse: 0.457296, wmse: 5.786837, mae: 0.488887
540,	Iter: 540, train loss: 3.1855, avg nll: 0.9024, avg wnll: 6.1753, avg kl: 0.0172, mse: 0.453538, wmse: 5.731188, mae: 0.487305
nll: 0.9724, mse: 0.5149, mae: 0.5136, mean_mse: 6.7179, mean_mae: 0.5136
1679350600.9388943
saving.................
done
541,	Iter: 541, train loss: 3.1824, avg nll: 0.9006, avg wnll: 6.0922, avg kl: 0.0171, mse: 0.453280, wmse: 5.726197, mae: 0.487327
542,	Iter: 542, train loss: 3.1906, avg nll: 0.9066, avg wnll: 6.2232, avg kl: 0.0163, mse: 0.453839, wmse: 5.730042, mae: 0.487900
543,	Iter: 543, train loss: 3.1923, avg nll: 0.9054, avg wnll: 6.1265, avg kl: 0.0169, mse: 0.454318, wmse: 5.737890, mae: 0.488053
544,	Iter: 544, train loss: 3.1962, avg nll: 0.9085, avg wnll: 6.1823, avg kl: 0.0176, mse: 0.454342, wmse: 5.747052, mae: 0.487810
545,	Iter: 545, train loss: 3.1925, avg nll: 0.9063, avg wnll: 6.1617, avg kl: 0.0173, mse: 0.454104, wmse: 5.742087, mae: 0.487543
546,	Iter: 546, train loss: 3.1818, avg nll: 0.9045, avg wnll: 6.1532, avg kl: 0.0165, mse: 0.452465, wmse: 5.720322, mae: 0.487016
547,	Iter: 547, train loss: 3.1780, avg nll: 0.8993, avg wnll: 6.1525, avg kl: 0.0168, mse: 0.452670, wmse: 5.710840, mae: 0.487084
548,	Iter: 548, train loss: 3.1923, avg nll: 0.9038, avg wnll: 6.1615, avg kl: 0.0170, mse: 0.454588, wmse: 5.738732, mae: 0.487414
549,	Iter: 549, train loss: 3.2024, avg nll: 0.9039, avg wnll: 6.1074, avg kl: 0.0167, mse: 0.456657, wmse: 5.779995, mae: 0.488588
550,	Iter: 550, train loss: 3.1784, avg nll: 0.8981, avg wnll: 6.1524, avg kl: 0.0169, mse: 0.452976, wmse: 5.722089, mae: 0.487125
nll: 0.9730, mse: 0.5149, mae: 0.5140, mean_mse: 6.7326, mean_mae: 0.5140
1679351496.6468747
551,	Iter: 551, train loss: 3.1848, avg nll: 0.9024, avg wnll: 6.1196, avg kl: 0.0169, mse: 0.453370, wmse: 5.725653, mae: 0.487677
552,	Iter: 552, train loss: 3.1793, avg nll: 0.9021, avg wnll: 6.1594, avg kl: 0.0167, mse: 0.452360, wmse: 5.708521, mae: 0.486777
553,	Iter: 553, train loss: 3.1898, avg nll: 0.9049, avg wnll: 6.1528, avg kl: 0.0169, mse: 0.453865, wmse: 5.732419, mae: 0.487946
554,	Iter: 554, train loss: 3.1928, avg nll: 0.9082, avg wnll: 6.1702, avg kl: 0.0169, mse: 0.453816, wmse: 5.740189, mae: 0.487824
555,	Iter: 555, train loss: 3.1887, avg nll: 0.9049, avg wnll: 6.1772, avg kl: 0.0174, mse: 0.453540, wmse: 5.735134, mae: 0.487376
556,	Iter: 556, train loss: 3.1763, avg nll: 0.9035, avg wnll: 6.1763, avg kl: 0.0167, mse: 0.451476, wmse: 5.705450, mae: 0.486324
557,	Iter: 557, train loss: 3.1804, avg nll: 0.9009, avg wnll: 6.1585, avg kl: 0.0173, mse: 0.452692, wmse: 5.713216, mae: 0.487272
558,	Iter: 558, train loss: 3.1896, avg nll: 0.9044, avg wnll: 6.1555, avg kl: 0.0171, mse: 0.453866, wmse: 5.731111, mae: 0.486870
559,	Iter: 559, train loss: 3.1989, avg nll: 0.9021, avg wnll: 6.0906, avg kl: 0.0164, mse: 0.456302, wmse: 5.768672, mae: 0.488543
560,	Iter: 560, train loss: 3.1818, avg nll: 0.9020, avg wnll: 6.1367, avg kl: 0.0169, mse: 0.452812, wmse: 5.721093, mae: 0.487171
nll: 0.9712, mse: 0.5153, mae: 0.5136, mean_mse: 6.7157, mean_mae: 0.5136
1679352374.1057096
561,	Iter: 561, train loss: 3.1756, avg nll: 0.8997, avg wnll: 6.0954, avg kl: 0.0165, mse: 0.452103, wmse: 5.709480, mae: 0.486907
562,	Iter: 562, train loss: 3.1716, avg nll: 0.8988, avg wnll: 6.1354, avg kl: 0.0165, mse: 0.451471, wmse: 5.696767, mae: 0.486246
563,	Iter: 563, train loss: 3.1834, avg nll: 0.9038, avg wnll: 6.1592, avg kl: 0.0168, mse: 0.452763, wmse: 5.717109, mae: 0.487308
564,	Iter: 564, train loss: 3.1913, avg nll: 0.9077, avg wnll: 6.1754, avg kl: 0.0169, mse: 0.453535, wmse: 5.734714, mae: 0.487625
565,	Iter: 565, train loss: 3.1877, avg nll: 0.9064, avg wnll: 6.1775, avg kl: 0.0173, mse: 0.453009, wmse: 5.730674, mae: 0.487276
566,	Iter: 566, train loss: 3.1764, avg nll: 0.9047, avg wnll: 6.1769, avg kl: 0.0165, mse: 0.451230, wmse: 5.702364, mae: 0.486460
567,	Iter: 567, train loss: 3.1730, avg nll: 0.8990, avg wnll: 6.1508, avg kl: 0.0168, mse: 0.451607, wmse: 5.700406, mae: 0.486703
568,	Iter: 568, train loss: 3.1824, avg nll: 0.9021, avg wnll: 6.1424, avg kl: 0.0167, mse: 0.452895, wmse: 5.717155, mae: 0.486465
569,	Iter: 569, train loss: 3.1984, avg nll: 0.9045, avg wnll: 6.0961, avg kl: 0.0163, mse: 0.455686, wmse: 5.766067, mae: 0.488320
570,	Iter: 570, train loss: 3.1707, avg nll: 0.8978, avg wnll: 6.1448, avg kl: 0.0166, mse: 0.451426, wmse: 5.702806, mae: 0.486315
nll: 0.9727, mse: 0.5149, mae: 0.5136, mean_mse: 6.7334, mean_mae: 0.5136
1679353248.3229337
saving.................
done
571,	Iter: 571, train loss: 3.1681, avg nll: 0.8960, avg wnll: 6.1228, avg kl: 0.0166, mse: 0.451246, wmse: 5.699939, mae: 0.486242
572,	Iter: 572, train loss: 3.1705, avg nll: 0.8984, avg wnll: 6.1488, avg kl: 0.0161, mse: 0.451353, wmse: 5.698227, mae: 0.486317
573,	Iter: 573, train loss: 3.1823, avg nll: 0.9036, avg wnll: 6.1548, avg kl: 0.0165, mse: 0.452608, wmse: 5.716363, mae: 0.487172
574,	Iter: 574, train loss: 3.1836, avg nll: 0.9049, avg wnll: 6.1779, avg kl: 0.0169, mse: 0.452530, wmse: 5.721388, mae: 0.486927
575,	Iter: 575, train loss: 3.1773, avg nll: 0.9008, avg wnll: 6.1778, avg kl: 0.0170, mse: 0.452046, wmse: 5.717587, mae: 0.486509
576,	Iter: 576, train loss: 3.1704, avg nll: 0.9024, avg wnll: 6.1768, avg kl: 0.0163, mse: 0.450468, wmse: 5.693240, mae: 0.485996
577,	Iter: 577, train loss: 3.1673, avg nll: 0.8965, avg wnll: 6.1478, avg kl: 0.0167, mse: 0.450952, wmse: 5.684751, mae: 0.486264
578,	Iter: 578, train loss: 3.1757, avg nll: 0.8994, avg wnll: 6.1908, avg kl: 0.0167, mse: 0.452035, wmse: 5.703942, mae: 0.485773
579,	Iter: 579, train loss: 3.1946, avg nll: 0.9021, avg wnll: 6.1016, avg kl: 0.0163, mse: 0.455365, wmse: 5.763204, mae: 0.488091
580,	Iter: 580, train loss: 3.1669, avg nll: 0.8966, avg wnll: 6.1512, avg kl: 0.0166, mse: 0.450849, wmse: 5.693124, mae: 0.485995
nll: 0.9742, mse: 0.5148, mae: 0.5139, mean_mse: 6.7215, mean_mae: 0.5139
1679354132.4014
581,	Iter: 581, train loss: 3.1689, avg nll: 0.8974, avg wnll: 6.1345, avg kl: 0.0162, mse: 0.451149, wmse: 5.700514, mae: 0.486432
582,	Iter: 582, train loss: 3.1639, avg nll: 0.8966, avg wnll: 6.1543, avg kl: 0.0158, mse: 0.450399, wmse: 5.683594, mae: 0.485858
583,	Iter: 583, train loss: 3.1731, avg nll: 0.9000, avg wnll: 6.1694, avg kl: 0.0161, mse: 0.451495, wmse: 5.700731, mae: 0.486456
584,	Iter: 584, train loss: 3.1731, avg nll: 0.9006, avg wnll: 6.1331, avg kl: 0.0165, mse: 0.451274, wmse: 5.705700, mae: 0.486356
585,	Iter: 585, train loss: 3.1692, avg nll: 0.8969, avg wnll: 6.1567, avg kl: 0.0169, mse: 0.451164, wmse: 5.706240, mae: 0.486018
586,	Iter: 586, train loss: 3.1657, avg nll: 0.9004, avg wnll: 6.1729, avg kl: 0.0162, mse: 0.449902, wmse: 5.687482, mae: 0.485854
587,	Iter: 587, train loss: 3.1621, avg nll: 0.8955, avg wnll: 6.1422, avg kl: 0.0166, mse: 0.450076, wmse: 5.678296, mae: 0.485819
588,	Iter: 588, train loss: 3.1745, avg nll: 0.8994, avg wnll: 6.1896, avg kl: 0.0167, mse: 0.451738, wmse: 5.704576, mae: 0.485861
589,	Iter: 589, train loss: 3.1904, avg nll: 0.9025, avg wnll: 6.1117, avg kl: 0.0160, mse: 0.454451, wmse: 5.755027, mae: 0.487701
590,	Iter: 590, train loss: 3.1676, avg nll: 0.8980, avg wnll: 6.1493, avg kl: 0.0166, mse: 0.450665, wmse: 5.693132, mae: 0.485890
nll: 0.9731, mse: 0.5151, mae: 0.5138, mean_mse: 6.7384, mean_mae: 0.5138
1679354999.913594
591,	Iter: 591, train loss: 3.1648, avg nll: 0.8958, avg wnll: 6.1438, avg kl: 0.0163, mse: 0.450595, wmse: 5.691006, mae: 0.486076
592,	Iter: 592, train loss: 3.1584, avg nll: 0.8951, avg wnll: 6.1424, avg kl: 0.0159, mse: 0.449513, wmse: 5.677502, mae: 0.485363
593,	Iter: 593, train loss: 3.1748, avg nll: 0.9019, avg wnll: 6.1593, avg kl: 0.0165, mse: 0.451324, wmse: 5.699906, mae: 0.486643
594,	Iter: 594, train loss: 3.1740, avg nll: 0.9012, avg wnll: 6.1416, avg kl: 0.0168, mse: 0.451228, wmse: 5.708298, mae: 0.486458
595,	Iter: 595, train loss: 3.1668, avg nll: 0.8976, avg wnll: 6.1617, avg kl: 0.0170, mse: 0.450490, wmse: 5.695293, mae: 0.485764
596,	Iter: 596, train loss: 3.1562, avg nll: 0.8968, avg wnll: 6.1778, avg kl: 0.0159, mse: 0.448711, wmse: 5.671070, mae: 0.485044
597,	Iter: 597, train loss: 3.1581, avg nll: 0.8929, avg wnll: 6.1188, avg kl: 0.0163, mse: 0.449799, wmse: 5.669996, mae: 0.485568
598,	Iter: 598, train loss: 3.1746, avg nll: 0.9007, avg wnll: 6.1517, avg kl: 0.0162, mse: 0.451539, wmse: 5.699633, mae: 0.485872
599,	Iter: 599, train loss: 3.1797, avg nll: 0.8978, avg wnll: 6.0972, avg kl: 0.0160, mse: 0.453182, wmse: 5.734096, mae: 0.486983
600,	Iter: 600, train loss: 3.1531, avg nll: 0.8907, avg wnll: 6.1428, avg kl: 0.0163, mse: 0.449236, wmse: 5.675407, mae: 0.485161
nll: 0.9740, mse: 0.5148, mae: 0.5140, mean_mse: 6.7231, mean_mae: 0.5140
1679355877.530007
saving.................
done
601,	Iter: 601, train loss: 3.1685, avg nll: 0.8985, avg wnll: 6.1765, avg kl: 0.0160, mse: 0.450804, wmse: 5.694015, mae: 0.486354
602,	Iter: 602, train loss: 3.1517, avg nll: 0.8916, avg wnll: 6.1298, avg kl: 0.0159, mse: 0.448847, wmse: 5.662087, mae: 0.484959
603,	Iter: 603, train loss: 3.1759, avg nll: 0.9028, avg wnll: 6.1432, avg kl: 0.0161, mse: 0.451387, wmse: 5.701627, mae: 0.486702
604,	Iter: 604, train loss: 3.1744, avg nll: 0.9016, avg wnll: 6.1542, avg kl: 0.0164, mse: 0.451263, wmse: 5.708323, mae: 0.486503
605,	Iter: 605, train loss: 3.1660, avg nll: 0.8975, avg wnll: 6.1835, avg kl: 0.0170, mse: 0.450293, wmse: 5.697646, mae: 0.485533
606,	Iter: 606, train loss: 3.1535, avg nll: 0.8959, avg wnll: 6.1507, avg kl: 0.0159, mse: 0.448336, wmse: 5.665248, mae: 0.484821
607,	Iter: 607, train loss: 3.1564, avg nll: 0.8941, avg wnll: 6.1485, avg kl: 0.0165, mse: 0.449160, wmse: 5.663781, mae: 0.485089
608,	Iter: 608, train loss: 3.1748, avg nll: 0.9008, avg wnll: 6.1367, avg kl: 0.0164, mse: 0.451520, wmse: 5.699791, mae: 0.485950
609,	Iter: 609, train loss: 3.1823, avg nll: 0.9002, avg wnll: 6.1116, avg kl: 0.0159, mse: 0.453236, wmse: 5.732403, mae: 0.487293
610,	Iter: 610, train loss: 3.1500, avg nll: 0.8907, avg wnll: 6.1371, avg kl: 0.0162, mse: 0.448610, wmse: 5.666601, mae: 0.484683
nll: 0.9778, mse: 0.5166, mae: 0.5147, mean_mse: 6.7556, mean_mae: 0.5147
1679356746.962433
611,	Iter: 611, train loss: 3.1634, avg nll: 0.8977, avg wnll: 6.1015, avg kl: 0.0161, mse: 0.449934, wmse: 5.682761, mae: 0.485819
612,	Iter: 612, train loss: 3.1546, avg nll: 0.8956, avg wnll: 6.1909, avg kl: 0.0157, mse: 0.448665, wmse: 5.666595, mae: 0.485042
613,	Iter: 613, train loss: 3.1616, avg nll: 0.8973, avg wnll: 6.1201, avg kl: 0.0162, mse: 0.449618, wmse: 5.675795, mae: 0.485780
614,	Iter: 614, train loss: 3.1664, avg nll: 0.8990, avg wnll: 6.1585, avg kl: 0.0163, mse: 0.450212, wmse: 5.693274, mae: 0.485860
615,	Iter: 615, train loss: 3.1701, avg nll: 0.9016, avg wnll: 6.1644, avg kl: 0.0168, mse: 0.450339, wmse: 5.694941, mae: 0.485920
616,	Iter: 616, train loss: 3.1527, avg nll: 0.8970, avg wnll: 6.1694, avg kl: 0.0161, mse: 0.447917, wmse: 5.660276, mae: 0.484591
617,	Iter: 617, train loss: 3.1504, avg nll: 0.8913, avg wnll: 6.1513, avg kl: 0.0163, mse: 0.448556, wmse: 5.660703, mae: 0.485085
618,	Iter: 618, train loss: 3.1620, avg nll: 0.8949, avg wnll: 6.1425, avg kl: 0.0162, mse: 0.450154, wmse: 5.679261, mae: 0.485084
619,	Iter: 619, train loss: 3.1739, avg nll: 0.8970, avg wnll: 6.1130, avg kl: 0.0158, mse: 0.452228, wmse: 5.724062, mae: 0.486617
620,	Iter: 620, train loss: 3.1492, avg nll: 0.8916, avg wnll: 6.1279, avg kl: 0.0164, mse: 0.448256, wmse: 5.662514, mae: 0.484903
nll: 0.9741, mse: 0.5154, mae: 0.5146, mean_mse: 6.7468, mean_mae: 0.5146
1679357626.357058
621,	Iter: 621, train loss: 3.1558, avg nll: 0.8933, avg wnll: 6.0890, avg kl: 0.0161, mse: 0.449267, wmse: 5.677051, mae: 0.485580
622,	Iter: 622, train loss: 3.1538, avg nll: 0.8958, avg wnll: 6.1934, avg kl: 0.0159, mse: 0.448416, wmse: 5.659091, mae: 0.484876
623,	Iter: 623, train loss: 3.1575, avg nll: 0.8962, avg wnll: 6.1224, avg kl: 0.0163, mse: 0.449002, wmse: 5.672081, mae: 0.485362
624,	Iter: 624, train loss: 3.1614, avg nll: 0.8974, avg wnll: 6.1537, avg kl: 0.0166, mse: 0.449474, wmse: 5.683908, mae: 0.485708
625,	Iter: 625, train loss: 3.1593, avg nll: 0.8960, avg wnll: 6.1507, avg kl: 0.0170, mse: 0.449259, wmse: 5.681656, mae: 0.485191
626,	Iter: 626, train loss: 3.1445, avg nll: 0.8936, avg wnll: 6.1567, avg kl: 0.0159, mse: 0.446994, wmse: 5.651656, mae: 0.484080
627,	Iter: 627, train loss: 3.1493, avg nll: 0.8915, avg wnll: 6.1519, avg kl: 0.0162, mse: 0.448317, wmse: 5.655192, mae: 0.484971
628,	Iter: 628, train loss: 3.1575, avg nll: 0.8935, avg wnll: 6.1343, avg kl: 0.0165, mse: 0.449505, wmse: 5.673825, mae: 0.484804
629,	Iter: 629, train loss: 3.1693, avg nll: 0.8957, avg wnll: 6.1142, avg kl: 0.0158, mse: 0.451575, wmse: 5.716499, mae: 0.486234
630,	Iter: 630, train loss: 3.1489, avg nll: 0.8916, avg wnll: 6.1210, avg kl: 0.0162, mse: 0.448235, wmse: 5.662384, mae: 0.484785
nll: 0.9746, mse: 0.5162, mae: 0.5144, mean_mse: 6.7342, mean_mae: 0.5144
1679358510.6688583
saving.................
done
631,	Iter: 631, train loss: 3.1480, avg nll: 0.8903, avg wnll: 6.0964, avg kl: 0.0161, mse: 0.448305, wmse: 5.659533, mae: 0.484909
632,	Iter: 632, train loss: 3.1463, avg nll: 0.8912, avg wnll: 6.1450, avg kl: 0.0157, mse: 0.447873, wmse: 5.652299, mae: 0.484664
633,	Iter: 633, train loss: 3.1607, avg nll: 0.8977, avg wnll: 6.1674, avg kl: 0.0158, mse: 0.449443, wmse: 5.681376, mae: 0.485756
634,	Iter: 634, train loss: 3.1622, avg nll: 0.9002, avg wnll: 6.1495, avg kl: 0.0165, mse: 0.449094, wmse: 5.680446, mae: 0.485133
635,	Iter: 635, train loss: 3.1647, avg nll: 0.9005, avg wnll: 6.1920, avg kl: 0.0168, mse: 0.449474, wmse: 5.688646, mae: 0.485265
636,	Iter: 636, train loss: 3.1423, avg nll: 0.8941, avg wnll: 6.1554, avg kl: 0.0160, mse: 0.446423, wmse: 5.641175, mae: 0.483766
637,	Iter: 637, train loss: 3.1486, avg nll: 0.8924, avg wnll: 6.1322, avg kl: 0.0165, mse: 0.447930, wmse: 5.648544, mae: 0.484855
638,	Iter: 638, train loss: 3.1512, avg nll: 0.8909, avg wnll: 6.1290, avg kl: 0.0163, mse: 0.448813, wmse: 5.661771, mae: 0.484174
639,	Iter: 639, train loss: 3.1687, avg nll: 0.8965, avg wnll: 6.1526, avg kl: 0.0159, mse: 0.451242, wmse: 5.713046, mae: 0.486197
640,	Iter: 640, train loss: 3.1360, avg nll: 0.8876, avg wnll: 6.1246, avg kl: 0.0163, mse: 0.446424, wmse: 5.637893, mae: 0.483600
nll: 0.9739, mse: 0.5164, mae: 0.5151, mean_mse: 6.7550, mean_mae: 0.5151
1679359398.4934075
641,	Iter: 641, train loss: 3.1520, avg nll: 0.8951, avg wnll: 6.1184, avg kl: 0.0161, mse: 0.448148, wmse: 5.662180, mae: 0.485206
642,	Iter: 642, train loss: 3.1436, avg nll: 0.8924, avg wnll: 6.1643, avg kl: 0.0159, mse: 0.447057, wmse: 5.643843, mae: 0.484114
643,	Iter: 643, train loss: 3.1490, avg nll: 0.8930, avg wnll: 6.1167, avg kl: 0.0162, mse: 0.447949, wmse: 5.656826, mae: 0.484992
644,	Iter: 644, train loss: 3.1556, avg nll: 0.8960, avg wnll: 6.1528, avg kl: 0.0165, mse: 0.448608, wmse: 5.673574, mae: 0.485084
645,	Iter: 645, train loss: 3.1525, avg nll: 0.8964, avg wnll: 6.1977, avg kl: 0.0169, mse: 0.447836, wmse: 5.664014, mae: 0.484373
646,	Iter: 646, train loss: 3.1404, avg nll: 0.8943, avg wnll: 6.1805, avg kl: 0.0158, mse: 0.446041, wmse: 5.639211, mae: 0.483635
647,	Iter: 647, train loss: 3.1371, avg nll: 0.8872, avg wnll: 6.1297, avg kl: 0.0165, mse: 0.446671, wmse: 5.627367, mae: 0.483995
648,	Iter: 648, train loss: 3.1430, avg nll: 0.8888, avg wnll: 6.1259, avg kl: 0.0164, mse: 0.447565, wmse: 5.648126, mae: 0.483583
649,	Iter: 649, train loss: 3.1706, avg nll: 0.8980, avg wnll: 6.1500, avg kl: 0.0159, mse: 0.451354, wmse: 5.713909, mae: 0.486292
650,	Iter: 650, train loss: 3.1379, avg nll: 0.8882, avg wnll: 6.1299, avg kl: 0.0165, mse: 0.446644, wmse: 5.642840, mae: 0.483973
nll: 0.9758, mse: 0.5151, mae: 0.5140, mean_mse: 6.7270, mean_mae: 0.5140
1679360274.6056876
651,	Iter: 651, train loss: 3.1486, avg nll: 0.8940, avg wnll: 6.1327, avg kl: 0.0165, mse: 0.447619, wmse: 5.656889, mae: 0.484831
652,	Iter: 652, train loss: 3.1443, avg nll: 0.8939, avg wnll: 6.1359, avg kl: 0.0163, mse: 0.446824, wmse: 5.638454, mae: 0.483943
653,	Iter: 653, train loss: 3.1433, avg nll: 0.8909, avg wnll: 6.1321, avg kl: 0.0164, mse: 0.447195, wmse: 5.645466, mae: 0.484301
654,	Iter: 654, train loss: 3.1514, avg nll: 0.8955, avg wnll: 6.1751, avg kl: 0.0167, mse: 0.447838, wmse: 5.660294, mae: 0.484787
655,	Iter: 655, train loss: 3.1479, avg nll: 0.8939, avg wnll: 6.1643, avg kl: 0.0171, mse: 0.447374, wmse: 5.658161, mae: 0.484240
656,	Iter: 656, train loss: 3.1397, avg nll: 0.8937, avg wnll: 6.2049, avg kl: 0.0164, mse: 0.445919, wmse: 5.637449, mae: 0.483829
657,	Iter: 657, train loss: 3.1377, avg nll: 0.8892, avg wnll: 6.1591, avg kl: 0.0165, mse: 0.446406, wmse: 5.635017, mae: 0.483974
658,	Iter: 658, train loss: 3.1406, avg nll: 0.8883, avg wnll: 6.1600, avg kl: 0.0166, mse: 0.447149, wmse: 5.642744, mae: 0.483424
659,	Iter: 659, train loss: 3.1636, avg nll: 0.8957, avg wnll: 6.1256, avg kl: 0.0160, mse: 0.450388, wmse: 5.701149, mae: 0.485960
660,	Iter: 660, train loss: 3.1345, avg nll: 0.8872, avg wnll: 6.1195, avg kl: 0.0164, mse: 0.446167, wmse: 5.637801, mae: 0.483818
nll: 0.9778, mse: 0.5169, mae: 0.5153, mean_mse: 6.7681, mean_mae: 0.5153
1679361169.458298
saving.................
done
661,	Iter: 661, train loss: 3.1405, avg nll: 0.8902, avg wnll: 6.1217, avg kl: 0.0163, mse: 0.446798, wmse: 5.642250, mae: 0.484269
662,	Iter: 662, train loss: 3.1357, avg nll: 0.8891, avg wnll: 6.1252, avg kl: 0.0160, mse: 0.446131, wmse: 5.630640, mae: 0.483722
663,	Iter: 663, train loss: 3.1455, avg nll: 0.8939, avg wnll: 6.2075, avg kl: 0.0161, mse: 0.447097, wmse: 5.648853, mae: 0.484412
664,	Iter: 664, train loss: 3.1498, avg nll: 0.8950, avg wnll: 6.1410, avg kl: 0.0167, mse: 0.447607, wmse: 5.657186, mae: 0.484722
665,	Iter: 665, train loss: 3.1432, avg nll: 0.8931, avg wnll: 6.1593, avg kl: 0.0169, mse: 0.446644, wmse: 5.650840, mae: 0.483725
666,	Iter: 666, train loss: 3.1314, avg nll: 0.8903, avg wnll: 6.1615, avg kl: 0.0160, mse: 0.445020, wmse: 5.623633, mae: 0.483000
667,	Iter: 667, train loss: 3.1366, avg nll: 0.8885, avg wnll: 6.1430, avg kl: 0.0166, mse: 0.446310, wmse: 5.629331, mae: 0.483952
668,	Iter: 668, train loss: 3.1392, avg nll: 0.8887, avg wnll: 6.1400, avg kl: 0.0165, mse: 0.446794, wmse: 5.636660, mae: 0.483221
669,	Iter: 669, train loss: 3.1526, avg nll: 0.8910, avg wnll: 6.1045, avg kl: 0.0165, mse: 0.449024, wmse: 5.682708, mae: 0.484943
670,	Iter: 670, train loss: 3.1301, avg nll: 0.8859, avg wnll: 6.1217, avg kl: 0.0169, mse: 0.445449, wmse: 5.626769, mae: 0.483276
nll: 0.9733, mse: 0.5149, mae: 0.5142, mean_mse: 6.7436, mean_mae: 0.5142
1679362065.3487217
671,	Iter: 671, train loss: 3.1356, avg nll: 0.8886, avg wnll: 6.1105, avg kl: 0.0169, mse: 0.446014, wmse: 5.634224, mae: 0.483803
672,	Iter: 672, train loss: 3.1296, avg nll: 0.8860, avg wnll: 6.1477, avg kl: 0.0161, mse: 0.445496, wmse: 5.622898, mae: 0.483337
673,	Iter: 673, train loss: 3.1454, avg nll: 0.8944, avg wnll: 6.1441, avg kl: 0.0164, mse: 0.446919, wmse: 5.643532, mae: 0.484554
674,	Iter: 674, train loss: 3.1438, avg nll: 0.8928, avg wnll: 6.1359, avg kl: 0.0168, mse: 0.446846, wmse: 5.649048, mae: 0.484204
675,	Iter: 675, train loss: 3.1514, avg nll: 0.8973, avg wnll: 6.2013, avg kl: 0.0169, mse: 0.447453, wmse: 5.660714, mae: 0.484651
676,	Iter: 676, train loss: 3.1273, avg nll: 0.8885, avg wnll: 6.1741, avg kl: 0.0162, mse: 0.444538, wmse: 5.617725, mae: 0.482851
677,	Iter: 677, train loss: 3.1236, avg nll: 0.8839, avg wnll: 6.1536, avg kl: 0.0164, mse: 0.444674, wmse: 5.607809, mae: 0.483029
678,	Iter: 678, train loss: 3.1305, avg nll: 0.8847, avg wnll: 6.1311, avg kl: 0.0165, mse: 0.445846, wmse: 5.625378, mae: 0.482812
679,	Iter: 679, train loss: 3.1487, avg nll: 0.8880, avg wnll: 6.1177, avg kl: 0.0161, mse: 0.448922, wmse: 5.682376, mae: 0.484626
680,	Iter: 680, train loss: 3.1299, avg nll: 0.8870, avg wnll: 6.1610, avg kl: 0.0166, mse: 0.445254, wmse: 5.625672, mae: 0.483208
nll: 0.9770, mse: 0.5167, mae: 0.5151, mean_mse: 6.7464, mean_mae: 0.5151
1679362947.9894629
681,	Iter: 681, train loss: 3.1365, avg nll: 0.8887, avg wnll: 6.1061, avg kl: 0.0163, mse: 0.446302, wmse: 5.636660, mae: 0.484222
682,	Iter: 682, train loss: 3.1262, avg nll: 0.8862, avg wnll: 6.1708, avg kl: 0.0161, mse: 0.444793, wmse: 5.612572, mae: 0.482931
683,	Iter: 683, train loss: 3.1423, avg nll: 0.8937, avg wnll: 6.1525, avg kl: 0.0166, mse: 0.446389, wmse: 5.638679, mae: 0.484347
684,	Iter: 684, train loss: 3.1479, avg nll: 0.8952, avg wnll: 6.1048, avg kl: 0.0167, mse: 0.447178, wmse: 5.652992, mae: 0.484374
685,	Iter: 685, train loss: 3.1381, avg nll: 0.8905, avg wnll: 6.1427, avg kl: 0.0170, mse: 0.446121, wmse: 5.641531, mae: 0.483527
686,	Iter: 686, train loss: 3.1242, avg nll: 0.8889, avg wnll: 6.1709, avg kl: 0.0164, mse: 0.443778, wmse: 5.608718, mae: 0.482477
687,	Iter: 687, train loss: 3.1187, avg nll: 0.8822, avg wnll: 6.1454, avg kl: 0.0166, mse: 0.443967, wmse: 5.598315, mae: 0.482649
688,	Iter: 688, train loss: 3.1253, avg nll: 0.8831, avg wnll: 6.1264, avg kl: 0.0168, mse: 0.445078, wmse: 5.615466, mae: 0.482278
689,	Iter: 689, train loss: 3.1474, avg nll: 0.8897, avg wnll: 6.0961, avg kl: 0.0165, mse: 0.448241, wmse: 5.673598, mae: 0.484569
690,	Iter: 690, train loss: 3.1251, avg nll: 0.8850, avg wnll: 6.1399, avg kl: 0.0168, mse: 0.444666, wmse: 5.620441, mae: 0.483236
nll: 0.9771, mse: 0.5171, mae: 0.5154, mean_mse: 6.7759, mean_mae: 0.5154
1679363836.0827496
saving.................
done
691,	Iter: 691, train loss: 3.1356, avg nll: 0.8894, avg wnll: 6.1048, avg kl: 0.0170, mse: 0.445838, wmse: 5.630496, mae: 0.483992
692,	Iter: 692, train loss: 3.1258, avg nll: 0.8865, avg wnll: 6.1483, avg kl: 0.0164, mse: 0.444581, wmse: 5.613383, mae: 0.482911
693,	Iter: 693, train loss: 3.1340, avg nll: 0.8896, avg wnll: 6.1391, avg kl: 0.0168, mse: 0.445511, wmse: 5.627138, mae: 0.483865
694,	Iter: 694, train loss: 3.1412, avg nll: 0.8932, avg wnll: 6.1230, avg kl: 0.0172, mse: 0.446165, wmse: 5.644066, mae: 0.484055
695,	Iter: 695, train loss: 3.1356, avg nll: 0.8891, avg wnll: 6.1442, avg kl: 0.0174, mse: 0.445839, wmse: 5.640702, mae: 0.483561
696,	Iter: 696, train loss: 3.1226, avg nll: 0.8881, avg wnll: 6.1852, avg kl: 0.0164, mse: 0.443608, wmse: 5.609721, mae: 0.482468
697,	Iter: 697, train loss: 3.1253, avg nll: 0.8864, avg wnll: 6.1695, avg kl: 0.0168, mse: 0.444421, wmse: 5.607575, mae: 0.482886
698,	Iter: 698, train loss: 3.1324, avg nll: 0.8886, avg wnll: 6.1595, avg kl: 0.0166, mse: 0.445449, wmse: 5.626954, mae: 0.482763
699,	Iter: 699, train loss: 3.1411, avg nll: 0.8871, avg wnll: 6.1063, avg kl: 0.0162, mse: 0.447578, wmse: 5.664368, mae: 0.484078
700,	Iter: 700, train loss: 3.1275, avg nll: 0.8870, avg wnll: 6.1561, avg kl: 0.0167, mse: 0.444755, wmse: 5.623041, mae: 0.482975
nll: 0.9761, mse: 0.5171, mae: 0.5153, mean_mse: 6.7550, mean_mae: 0.5153
1679364738.8973908
701,	Iter: 701, train loss: 3.1370, avg nll: 0.8926, avg wnll: 6.1322, avg kl: 0.0167, mse: 0.445548, wmse: 5.628231, mae: 0.483868
702,	Iter: 702, train loss: 3.1270, avg nll: 0.8882, avg wnll: 6.1180, avg kl: 0.0163, mse: 0.444496, wmse: 5.612780, mae: 0.482780
703,	Iter: 703, train loss: 3.1389, avg nll: 0.8922, avg wnll: 6.1401, avg kl: 0.0165, mse: 0.446046, wmse: 5.633607, mae: 0.484353
704,	Iter: 704, train loss: 3.1339, avg nll: 0.8912, avg wnll: 6.1634, avg kl: 0.0170, mse: 0.445146, wmse: 5.628236, mae: 0.483402
705,	Iter: 705, train loss: 3.1379, avg nll: 0.8923, avg wnll: 6.1518, avg kl: 0.0174, mse: 0.445631, wmse: 5.634904, mae: 0.483470
706,	Iter: 706, train loss: 3.1245, avg nll: 0.8911, avg wnll: 6.2308, avg kl: 0.0163, mse: 0.443428, wmse: 5.603228, mae: 0.482606
707,	Iter: 707, train loss: 3.1135, avg nll: 0.8815, avg wnll: 6.1136, avg kl: 0.0167, mse: 0.443061, wmse: 5.586510, mae: 0.482222
708,slurmstepd: error: *** JOB 247456 ON gpu0 CANCELLED AT 2023-03-21T02:25:12 ***
