Namespace(n_union_tp=3500, data_folder='datasets/ZTF_i', checkpoint='datasets/ZTF_i0.5990962982177734.h5', start_col=1, inc_errors=False, print_at=1, embed_time=128, enc_num_heads=16, latent_dim=64, mixing='concat', num_ref_points=16, rec_hidden=128, width=512, save_at=30, patience=100, early_stopping=False, niters=20000, frac=0.5, batch_size=2, mse_weight=5.0, dropout=0.0, num_resamples=0, lr=5e-06, scheduler=False, warmup=4000, kl_zero=False, kl_annealing=True, net='hetvae', device='cuda', const_var=False, var_per_dim=False, std=0.1, seed=2, save=True, k_iwae=1) 8245551
validated 3407 files out of 3407 for band='i'
3407 3407
(1731, 1, 539, 3)
created union_tp attribute of length 3500
dataset created w/ shape (1731, 1, 539, 3)
train size: 1557, valid size: 156, test size: 174
datasets/ZTF_i
=> loading checkpoint 'datasets/ZTF_i0.5990962982177734.h5'
Namespace(n_union_tp=3500, data_folder='datasets/ZTF_i', checkpoint='', start_col=1, inc_errors=False, print_at=1, embed_time=128, enc_num_heads=16, latent_dim=64, mixing='concat', num_ref_points=16, rec_hidden=128, width=512, save_at=30, patience=100, early_stopping=False, niters=20000, frac=0.5, batch_size=2, mse_weight=5.0, dropout=0.0, num_resamples=0, lr=0.0001, scheduler=False, warmup=4000, kl_zero=False, kl_annealing=True, net='hetvae', device='cuda', const_var=False, var_per_dim=False, std=0.1, seed=2, save=True, k_iwae=1)
loaded checkpoint w/ loss=2.1254369570091893
model_size=498882
1411,	Iter: 1411, train loss: 8.5809, avg nll: 3.5529, avg wnll: 125.1730, avg kl: 0.1091, mse: 0.983797, wmse: 17.884468, mae: 0.743206
1412,	Iter: 1412, train loss: 6.6272, avg nll: 1.9483, avg wnll: 21.5051, avg kl: 0.0714, mse: 0.921482, wmse: 14.485949, mae: 0.731341
1413,	Iter: 1413, train loss: 6.3017, avg nll: 1.7631, avg wnll: 17.1600, avg kl: 0.0740, mse: 0.892926, wmse: 13.871272, mae: 0.719943
1414,	Iter: 1414, train loss: 6.1917, avg nll: 1.7030, avg wnll: 16.5021, avg kl: 0.0702, mse: 0.883704, wmse: 13.866427, mae: 0.716609
1415,	Iter: 1415, train loss: 6.1567, avg nll: 1.6809, avg wnll: 15.3862, avg kl: 0.0684, mse: 0.881477, wmse: 13.809000, mae: 0.714826
1416,	Iter: 1416, train loss: 5.9424, avg nll: 1.5753, avg wnll: 13.3077, avg kl: 0.0665, mse: 0.860128, wmse: 13.490181, mae: 0.707588
1417,	Iter: 1417, train loss: 5.8981, avg nll: 1.5328, avg wnll: 12.7258, avg kl: 0.0664, mse: 0.859777, wmse: 13.457818, mae: 0.705430
1418,	Iter: 1418, train loss: 5.7642, avg nll: 1.4801, avg wnll: 11.5780, avg kl: 0.0627, mse: 0.844266, wmse: 13.393519, mae: 0.701921
1419,	Iter: 1419, train loss: 5.6205, avg nll: 1.4554, avg wnll: 10.7750, avg kl: 0.0606, mse: 0.820899, wmse: 12.847094, mae: 0.689541
1420,	Iter: 1420, train loss: 5.6027, avg nll: 1.4337, avg wnll: 10.0139, avg kl: 0.0580, mse: 0.822203, wmse: 12.848581, mae: 0.691226
nll: 1.2829, mse: 0.7238, mae: 0.6402, mean_mse: 12.8553, mean_mae: 0.6402
1679423947.892584
1421,	Iter: 1421, train loss: 3.6329, avg nll: 1.0524, avg wnll: 4.8296, avg kl: 0.0446, mse: 0.507182, wmse: 8.134857, mae: 0.538747
1422,	Iter: 1422, train loss: 2.8848, avg nll: 0.8941, avg wnll: 3.8095, avg kl: 0.0316, mse: 0.391815, wmse: 6.296668, mae: 0.468510
1423,	Iter: 1423, train loss: 2.5831, avg nll: 0.7929, avg wnll: 4.0576, avg kl: 0.0281, mse: 0.352435, wmse: 5.702847, mae: 0.437110
1424,	Iter: 1424, train loss: 2.4663, avg nll: 0.7353, avg wnll: 4.4536, avg kl: 0.0274, mse: 0.340724, wmse: 5.543599, mae: 0.427288
1425,	Iter: 1425, train loss: 2.3404, avg nll: 0.6869, avg wnll: 4.9870, avg kl: 0.0287, mse: 0.324975, wmse: 5.242131, mae: 0.416158
1426,	Iter: 1426, train loss: 2.2440, avg nll: 0.6472, avg wnll: 5.4696, avg kl: 0.0281, mse: 0.313738, wmse: 5.068689, mae: 0.406030
1427,	Iter: 1427, train loss: 2.2995, avg nll: 0.6529, avg wnll: 6.0624, avg kl: 0.0295, mse: 0.323419, wmse: 5.194008, mae: 0.414182
1428,	Iter: 1428, train loss: 2.1700, avg nll: 0.6210, avg wnll: 6.2733, avg kl: 0.0290, mse: 0.303999, wmse: 4.884223, mae: 0.399779
1429,	Iter: 1429, train loss: 2.1669, avg nll: 0.6204, avg wnll: 6.6120, avg kl: 0.0293, mse: 0.303432, wmse: 4.922017, mae: 0.400184
1430,	Iter: 1430, train loss: 2.1759, avg nll: 0.6385, avg wnll: 6.7618, avg kl: 0.0287, mse: 0.301738, wmse: 4.868400, mae: 0.397522
nll: 1.4340, mse: 0.6959, mae: 0.6250, mean_mse: 12.1977, mean_mae: 0.6250
1679424171.519528
1431,	Iter: 1431, train loss: 2.1967, avg nll: 0.6113, avg wnll: 6.3898, avg kl: 0.0296, mse: 0.311155, wmse: 5.005181, mae: 0.402763
1432,	Iter: 1432, train loss: 2.1437, avg nll: 0.5905, avg wnll: 6.3510, avg kl: 0.0291, mse: 0.304827, wmse: 4.919827, mae: 0.399071
1433,	Iter: 1433, train loss: 2.1876, avg nll: 0.6031, avg wnll: 6.7445, avg kl: 0.0319, mse: 0.310537, wmse: 5.008617, mae: 0.402383
1434,	Iter: 1434, train loss: 2.1905, avg nll: 0.5989, avg wnll: 6.3302, avg kl: 0.0300, mse: 0.312317, wmse: 5.070119, mae: 0.402732
1435,	Iter: 1435, train loss: 2.1077, avg nll: 0.5727, avg wnll: 6.3280, avg kl: 0.0307, mse: 0.300870, wmse: 4.831483, mae: 0.394049
1436,	Iter: 1436, train loss: 2.0459, avg nll: 0.5509, avg wnll: 6.3768, avg kl: 0.0294, mse: 0.293111, wmse: 4.740967, mae: 0.386617
1437,	Iter: 1437, train loss: 2.1446, avg nll: 0.5812, avg wnll: 6.6093, avg kl: 0.0320, mse: 0.306295, wmse: 4.915536, mae: 0.397573
1438,	Iter: 1438, train loss: 2.0346, avg nll: 0.5547, avg wnll: 6.6293, avg kl: 0.0302, mse: 0.289963, wmse: 4.660685, mae: 0.385981
1439,	Iter: 1439, train loss: 2.0534, avg nll: 0.5632, avg wnll: 6.8530, avg kl: 0.0303, mse: 0.291984, wmse: 4.733153, mae: 0.388692
1440,	Iter: 1440, train loss: 2.0643, avg nll: 0.5784, avg wnll: 6.8011, avg kl: 0.0295, mse: 0.291286, wmse: 4.704102, mae: 0.387114
nll: 1.5146, mse: 0.6970, mae: 0.6261, mean_mse: 12.2239, mean_mae: 0.6261
1679424401.2343245
saving.................
done
1441,	Iter: 1441, train loss: 2.1026, avg nll: 0.5625, avg wnll: 6.4856, avg kl: 0.0300, mse: 0.302005, wmse: 4.864711, mae: 0.393655
1442,	Iter: 1442, train loss: 2.0520, avg nll: 0.5426, avg wnll: 6.3925, avg kl: 0.0294, mse: 0.296009, wmse: 4.781549, mae: 0.390065
1443,	Iter: 1443, train loss: 2.0952, avg nll: 0.5559, avg wnll: 6.7498, avg kl: 0.0321, mse: 0.301439, wmse: 4.868477, mae: 0.392888
1444,	Iter: 1444, train loss: 2.1095, avg nll: 0.5560, avg wnll: 6.3663, avg kl: 0.0303, mse: 0.304645, wmse: 4.950488, mae: 0.395071
1445,	Iter: 1445, train loss: 2.0192, avg nll: 0.5242, avg wnll: 6.2689, avg kl: 0.0310, mse: 0.292805, wmse: 4.709747, mae: 0.385427
1446,	Iter: 1446, train loss: 1.9619, avg nll: 0.5029, avg wnll: 6.3351, avg kl: 0.0293, mse: 0.285933, wmse: 4.633601, mae: 0.378811
1447,	Iter: 1447, train loss: 2.0634, avg nll: 0.5357, avg wnll: 6.5863, avg kl: 0.0322, mse: 0.299111, wmse: 4.806547, mae: 0.389816
1448,	Iter: 1448, train loss: 1.9591, avg nll: 0.5102, avg wnll: 6.6252, avg kl: 0.0304, mse: 0.283690, wmse: 4.567035, mae: 0.378947
1449,	Iter: 1449, train loss: 1.9799, avg nll: 0.5197, avg wnll: 6.8001, avg kl: 0.0307, mse: 0.285882, wmse: 4.638202, mae: 0.381848
1450,	Iter: 1450, train loss: 1.9894, avg nll: 0.5314, avg wnll: 6.7107, avg kl: 0.0299, mse: 0.285610, wmse: 4.616742, mae: 0.380604
nll: 1.5767, mse: 0.6971, mae: 0.6262, mean_mse: 12.2279, mean_mae: 0.6262
1679424628.4192533
1451,	Iter: 1451, train loss: 2.0413, avg nll: 0.5273, avg wnll: 6.5502, avg kl: 0.0305, mse: 0.296688, wmse: 4.782978, mae: 0.387679
1452,	Iter: 1452, train loss: 1.9887, avg nll: 0.5052, avg wnll: 6.4006, avg kl: 0.0298, mse: 0.290753, wmse: 4.700243, mae: 0.383875
1453,	Iter: 1453, train loss: 2.0315, avg nll: 0.5185, avg wnll: 6.7381, avg kl: 0.0326, mse: 0.296082, wmse: 4.787621, mae: 0.386846
1454,	Iter: 1454, train loss: 2.0534, avg nll: 0.5231, avg wnll: 6.3786, avg kl: 0.0307, mse: 0.299930, wmse: 4.877408, mae: 0.389742
1455,	Iter: 1455, train loss: 1.9634, avg nll: 0.4895, avg wnll: 6.2559, avg kl: 0.0313, mse: 0.288520, wmse: 4.645002, mae: 0.380349
1456,	Iter: 1456, train loss: 1.9023, avg nll: 0.4647, avg wnll: 6.2567, avg kl: 0.0297, mse: 0.281579, wmse: 4.564329, mae: 0.373483
1457,	Iter: 1457, train loss: 2.0034, avg nll: 0.4982, avg wnll: 6.5479, avg kl: 0.0323, mse: 0.294568, wmse: 4.736717, mae: 0.384633
1458,	Iter: 1458, train loss: 1.8991, avg nll: 0.4717, avg wnll: 6.6171, avg kl: 0.0306, mse: 0.279370, wmse: 4.502548, mae: 0.373456
1459,	Iter: 1459, train loss: 1.9234, avg nll: 0.4831, avg wnll: 6.7452, avg kl: 0.0312, mse: 0.281839, wmse: 4.575957, mae: 0.377054
1460,	Iter: 1460, train loss: 1.9302, avg nll: 0.4911, avg wnll: 6.6081, avg kl: 0.0301, mse: 0.281816, wmse: 4.557580, mae: 0.375792
nll: 1.6330, mse: 0.6978, mae: 0.6266, mean_mse: 12.2453, mean_mae: 0.6266
1679424855.5745308
1461,	Iter: 1461, train loss: 1.9904, avg nll: 0.4963, avg wnll: 6.5858, avg kl: 0.0306, mse: 0.292693, wmse: 4.721936, mae: 0.383021
1462,	Iter: 1462, train loss: 1.9361, avg nll: 0.4722, avg wnll: 6.3990, avg kl: 0.0298, mse: 0.286816, wmse: 4.640660, mae: 0.379161
1463,	Iter: 1463, train loss: 1.9794, avg nll: 0.4857, avg wnll: 6.7218, avg kl: 0.0329, mse: 0.292172, wmse: 4.727266, mae: 0.382246
1464,	Iter: 1464, train loss: 2.0070, avg nll: 0.4939, avg wnll: 6.3801, avg kl: 0.0310, mse: 0.296426, wmse: 4.824275, mae: 0.385556
1465,	Iter: 1465, train loss: 1.9125, avg nll: 0.4569, avg wnll: 6.2094, avg kl: 0.0315, mse: 0.284816, wmse: 4.588029, mae: 0.375871
1466,	Iter: 1466, train loss: 1.8512, avg nll: 0.4307, avg wnll: 6.2504, avg kl: 0.0299, mse: 0.278119, wmse: 4.511860, mae: 0.369202
1467,	Iter: 1467, train loss: 1.9525, avg nll: 0.4643, avg wnll: 6.5051, avg kl: 0.0326, mse: 0.291137, wmse: 4.685303, mae: 0.380455
1468,	Iter: 1468, train loss: 1.8505, avg nll: 0.4380, avg wnll: 6.5923, avg kl: 0.0308, mse: 0.276342, wmse: 4.456706, mae: 0.369296
1469,	Iter: 1469, train loss: 1.8737, avg nll: 0.4492, avg wnll: 6.6990, avg kl: 0.0314, mse: 0.278621, wmse: 4.525899, mae: 0.372951
1470,	Iter: 1470, train loss: 1.8809, avg nll: 0.4554, avg wnll: 6.5391, avg kl: 0.0304, mse: 0.279017, wmse: 4.514647, mae: 0.371967
nll: 1.6854, mse: 0.6982, mae: 0.6267, mean_mse: 12.2560, mean_mae: 0.6267
1679425084.0856583
saving.................
done
1471,	Iter: 1471, train loss: 1.9457, avg nll: 0.4673, avg wnll: 6.6204, avg kl: 0.0309, mse: 0.289495, wmse: 4.674543, mae: 0.379112
1472,	Iter: 1472, train loss: 1.8905, avg nll: 0.4413, avg wnll: 6.3888, avg kl: 0.0301, mse: 0.283807, wmse: 4.594022, mae: 0.375374
1473,	Iter: 1473, train loss: 1.9329, avg nll: 0.4546, avg wnll: 6.6896, avg kl: 0.0331, mse: 0.289036, wmse: 4.679083, mae: 0.378348
1474,	Iter: 1474, train loss: 1.9661, avg nll: 0.4670, avg wnll: 6.3801, avg kl: 0.0310, mse: 0.293598, wmse: 4.780195, mae: 0.382051
1475,	Iter: 1475, train loss: 1.8686, avg nll: 0.4271, avg wnll: 6.1840, avg kl: 0.0315, mse: 0.282003, wmse: 4.545514, mae: 0.372278
1476,	Iter: 1476, train loss: 1.8078, avg nll: 0.3994, avg wnll: 6.2110, avg kl: 0.0302, mse: 0.275650, wmse: 4.473292, mae: 0.365944
1477,	Iter: 1477, train loss: 1.9076, avg nll: 0.4325, avg wnll: 6.4686, avg kl: 0.0326, mse: 0.288515, wmse: 4.646101, mae: 0.377002
1478,	Iter: 1478, train loss: 1.8048, avg nll: 0.4054, avg wnll: 6.5477, avg kl: 0.0308, mse: 0.273707, wmse: 4.416524, mae: 0.365466
1479,	Iter: 1479, train loss: 1.8283, avg nll: 0.4169, avg wnll: 6.6713, avg kl: 0.0316, mse: 0.275946, wmse: 4.485558, mae: 0.369332
1480,	Iter: 1480, train loss: 1.8372, avg nll: 0.4226, avg wnll: 6.5160, avg kl: 0.0306, mse: 0.276806, wmse: 4.480587, mae: 0.368686
nll: 1.7440, mse: 0.6984, mae: 0.6269, mean_mse: 12.2627, mean_mae: 0.6269
1679425316.1228423
1481,	Iter: 1481, train loss: 1.9084, avg nll: 0.4412, avg wnll: 6.6640, avg kl: 0.0313, mse: 0.287184, wmse: 4.639036, mae: 0.376054
1482,	Iter: 1482, train loss: 1.8505, avg nll: 0.4131, avg wnll: 6.3691, avg kl: 0.0302, mse: 0.281419, wmse: 4.556833, mae: 0.372251
1483,	Iter: 1483, train loss: 1.8930, avg nll: 0.4260, avg wnll: 6.6499, avg kl: 0.0333, mse: 0.286745, wmse: 4.643452, mae: 0.375284
1484,	Iter: 1484, train loss: 1.9311, avg nll: 0.4424, avg wnll: 6.3774, avg kl: 0.0313, mse: 0.291482, wmse: 4.747573, mae: 0.379321
1485,	Iter: 1485, train loss: 1.8288, avg nll: 0.3988, avg wnll: 6.1592, avg kl: 0.0316, mse: 0.279696, wmse: 4.510342, mae: 0.369129
1486,	Iter: 1486, train loss: 1.7678, avg nll: 0.3698, avg wnll: 6.1805, avg kl: 0.0303, mse: 0.273540, wmse: 4.439648, mae: 0.363056
1487,	Iter: 1487, train loss: 1.8671, avg nll: 0.4023, avg wnll: 6.4161, avg kl: 0.0328, mse: 0.286402, wmse: 4.614181, mae: 0.374050
1488,	Iter: 1488, train loss: 1.7642, avg nll: 0.3753, avg wnll: 6.5230, avg kl: 0.0310, mse: 0.271583, wmse: 4.384634, mae: 0.362390
1489,	Iter: 1489, train loss: 1.7864, avg nll: 0.3859, avg wnll: 6.6268, avg kl: 0.0317, mse: 0.273767, wmse: 4.451567, mae: 0.366165
1490,	Iter: 1490, train loss: 1.7967, avg nll: 0.3912, avg wnll: 6.4829, avg kl: 0.0307, mse: 0.274969, wmse: 4.453264, mae: 0.365804
nll: 1.8024, mse: 0.6988, mae: 0.6270, mean_mse: 12.2700, mean_mae: 0.6270
1679425544.3998625
1491,	Iter: 1491, train loss: 1.8711, avg nll: 0.4148, avg wnll: 6.6875, avg kl: 0.0314, mse: 0.284988, wmse: 4.605433, mae: 0.373100
1492,	Iter: 1492, train loss: 1.8131, avg nll: 0.3854, avg wnll: 6.3504, avg kl: 0.0305, mse: 0.279439, wmse: 4.525640, mae: 0.369448
1493,	Iter: 1493, train loss: 1.8559, avg nll: 0.3987, avg wnll: 6.6332, avg kl: 0.0336, mse: 0.284732, wmse: 4.612881, mae: 0.372553
1494,	Iter: 1494, train loss: 1.8988, avg nll: 0.4184, avg wnll: 6.3762, avg kl: 0.0314, mse: 0.289805, wmse: 4.721758, mae: 0.376962
1495,	Iter: 1495, train loss: 1.7949, avg nll: 0.3732, avg wnll: 6.1910, avg kl: 0.0317, mse: 0.278017, wmse: 4.485870, mae: 0.366762
1496,	Iter: 1496, train loss: 1.7324, avg nll: 0.3432, avg wnll: 6.1775, avg kl: 0.0301, mse: 0.271805, wmse: 4.414528, mae: 0.360597
1497,	Iter: 1497, train loss: 1.8305, avg nll: 0.3747, avg wnll: 6.3600, avg kl: 0.0330, mse: 0.284554, wmse: 4.586670, mae: 0.371314
1498,	Iter: 1498, train loss: 1.7278, avg nll: 0.3469, avg wnll: 6.4555, avg kl: 0.0312, mse: 0.269952, wmse: 4.359470, mae: 0.359669
1499,	Iter: 1499, train loss: 1.7490, avg nll: 0.3567, avg wnll: 6.5792, avg kl: 0.0319, mse: 0.272068, wmse: 4.425891, mae: 0.363616
1500,	Iter: 1500, train loss: 1.7315, avg nll: 0.3634, avg wnll: 6.4567, avg kl: 0.0322, mse: 0.273620, wmse: 4.432615, mae: 0.363507
nll: 1.8621, mse: 0.6994, mae: 0.6273, mean_mse: 12.2828, mean_mae: 0.6273
1679425768.3372269
saving.................
done
1501,	Iter: 1501, train loss: 1.8051, avg nll: 0.3891, avg wnll: 6.6994, avg kl: 0.0348, mse: 0.283170, wmse: 4.577563, mae: 0.370687
1502,	Iter: 1502, train loss: 1.7466, avg nll: 0.3590, avg wnll: 6.3297, avg kl: 0.0345, mse: 0.277455, wmse: 4.494299, mae: 0.366786
1503,	Iter: 1503, train loss: 1.7878, avg nll: 0.3720, avg wnll: 6.6190, avg kl: 0.0390, mse: 0.283023, wmse: 4.586192, mae: 0.370233
1504,	Iter: 1504, train loss: 1.8352, avg nll: 0.3943, avg wnll: 6.3580, avg kl: 0.0367, mse: 0.288012, wmse: 4.692674, mae: 0.374555
1505,	Iter: 1505, train loss: 1.7266, avg nll: 0.3462, avg wnll: 6.1392, avg kl: 0.0378, mse: 0.275879, wmse: 4.451914, mae: 0.364096
1506,	Iter: 1506, train loss: 1.6648, avg nll: 0.3143, avg wnll: 6.1574, avg kl: 0.0363, mse: 0.269878, wmse: 4.381821, mae: 0.357975
1507,	Iter: 1507, train loss: 1.7614, avg nll: 0.3467, avg wnll: 6.3391, avg kl: 0.0399, mse: 0.282653, wmse: 4.556762, mae: 0.368665
1508,	Iter: 1508, train loss: 1.6632, avg nll: 0.3202, avg wnll: 6.4470, avg kl: 0.0378, mse: 0.268277, wmse: 4.331927, mae: 0.357254
1509,	Iter: 1509, train loss: 1.6791, avg nll: 0.3272, avg wnll: 6.5482, avg kl: 0.0394, mse: 0.270006, wmse: 4.391691, mae: 0.360689
1510,	Iter: 1510, train loss: 1.6972, avg nll: 0.3357, avg wnll: 6.4516, avg kl: 0.0384, mse: 0.271901, wmse: 4.406050, mae: 0.361002
nll: 1.9315, mse: 0.6996, mae: 0.6273, mean_mse: 12.2870, mean_mae: 0.6273
1679425994.2284126
1511,	Iter: 1511, train loss: 1.7706, avg nll: 0.3624, avg wnll: 6.6872, avg kl: 0.0398, mse: 0.281177, wmse: 4.546682, mae: 0.368130
1512,	Iter: 1512, train loss: 1.7130, avg nll: 0.3323, avg wnll: 6.2929, avg kl: 0.0385, mse: 0.275630, wmse: 4.465428, mae: 0.364263
1513,	Iter: 1513, train loss: 1.7553, avg nll: 0.3453, avg wnll: 6.5888, avg kl: 0.0429, mse: 0.281416, wmse: 4.561184, mae: 0.367925
1514,	Iter: 1514, train loss: 1.8063, avg nll: 0.3707, avg wnll: 6.3620, avg kl: 0.0401, mse: 0.286516, wmse: 4.668014, mae: 0.372517
1515,	Iter: 1515, train loss: 1.6964, avg nll: 0.3211, avg wnll: 6.1381, avg kl: 0.0410, mse: 0.274401, wmse: 4.430048, mae: 0.362012
1516,	Iter: 1516, train loss: 1.6323, avg nll: 0.2869, avg wnll: 6.1351, avg kl: 0.0392, mse: 0.268426, wmse: 4.358719, mae: 0.355739
1517,	Iter: 1517, train loss: 1.7291, avg nll: 0.3194, avg wnll: 6.2956, avg kl: 0.0428, mse: 0.281169, wmse: 4.534245, mae: 0.366332
1518,	Iter: 1518, train loss: 1.6328, avg nll: 0.2943, avg wnll: 6.4238, avg kl: 0.0403, mse: 0.266918, wmse: 4.310816, mae: 0.355088
1519,	Iter: 1519, train loss: 1.6455, avg nll: 0.2985, avg wnll: 6.5178, avg kl: 0.0420, mse: 0.268539, wmse: 4.368053, mae: 0.358262
1520,	Iter: 1520, train loss: 1.6664, avg nll: 0.3088, avg wnll: 6.4405, avg kl: 0.0408, mse: 0.270655, wmse: 4.387147, mae: 0.358915
nll: 2.0025, mse: 0.6998, mae: 0.6273, mean_mse: 12.2906, mean_mae: 0.6273
1679426223.7267869
1521,	Iter: 1521, train loss: 1.7399, avg nll: 0.3369, avg wnll: 6.6900, avg kl: 0.0421, mse: 0.279640, wmse: 4.523643, mae: 0.365886
1522,	Iter: 1522, train loss: 1.6831, avg nll: 0.3071, avg wnll: 6.2712, avg kl: 0.0407, mse: 0.274248, wmse: 4.443393, mae: 0.362210
1523,	Iter: 1523, train loss: 1.7244, avg nll: 0.3186, avg wnll: 6.5590, avg kl: 0.0450, mse: 0.280038, wmse: 4.540507, mae: 0.365803
1524,	Iter: 1524, train loss: 1.7803, avg nll: 0.3481, avg wnll: 6.3518, avg kl: 0.0421, mse: 0.285358, wmse: 4.649508, mae: 0.370816
1525,	Iter: 1525, train loss: 1.6680, avg nll: 0.2963, avg wnll: 6.1125, avg kl: 0.0429, mse: 0.273201, wmse: 4.411966, mae: 0.360193
1526,	Iter: 1526, train loss: 1.6032, avg nll: 0.2609, avg wnll: 6.1163, avg kl: 0.0410, mse: 0.267331, wmse: 4.342504, mae: 0.353842
1527,	Iter: 1527, train loss: 1.6989, avg nll: 0.2932, avg wnll: 6.2516, avg kl: 0.0446, mse: 0.279846, wmse: 4.513704, mae: 0.364289
1528,	Iter: 1528, train loss: 1.6054, avg nll: 0.2700, avg wnll: 6.4279, avg kl: 0.0418, mse: 0.265838, wmse: 4.295622, mae: 0.353229
1529,	Iter: 1529, train loss: 1.6147, avg nll: 0.2717, avg wnll: 6.5007, avg kl: 0.0434, mse: 0.267248, wmse: 4.347510, mae: 0.356141
1530,	Iter: 1530, train loss: 1.6389, avg nll: 0.2842, avg wnll: 6.4288, avg kl: 0.0422, mse: 0.269589, wmse: 4.370476, mae: 0.357123
nll: 2.0778, mse: 0.6999, mae: 0.6273, mean_mse: 12.2928, mean_mae: 0.6273
1679426447.7233026
saving.................
done
1531,	Iter: 1531, train loss: 1.7117, avg nll: 0.3130, avg wnll: 6.6877, avg kl: 0.0436, mse: 0.278280, wmse: 4.502723, mae: 0.363839
1532,	Iter: 1532, train loss: 1.6561, avg nll: 0.2833, avg wnll: 6.2559, avg kl: 0.0422, mse: 0.273122, wmse: 4.425610, mae: 0.360418
1533,	Iter: 1533, train loss: 1.6957, avg nll: 0.2932, avg wnll: 6.5310, avg kl: 0.0466, mse: 0.278850, wmse: 4.521657, mae: 0.363926
1534,	Iter: 1534, train loss: 1.7558, avg nll: 0.3259, avg wnll: 6.3420, avg kl: 0.0437, mse: 0.284391, wmse: 4.634211, mae: 0.369225
1535,	Iter: 1535, train loss: 1.6421, avg nll: 0.2727, avg wnll: 6.1072, avg kl: 0.0445, mse: 0.272222, wmse: 4.397974, mae: 0.358604
1536,	Iter: 1536, train loss: 1.5779, avg nll: 0.2370, avg wnll: 6.1098, avg kl: 0.0424, mse: 0.266540, wmse: 4.329357, mae: 0.352388
1537,	Iter: 1537, train loss: 1.6731, avg nll: 0.2695, avg wnll: 6.2243, avg kl: 0.0459, mse: 0.278912, wmse: 4.499758, mae: 0.362659
1538,	Iter: 1538, train loss: 1.5821, avg nll: 0.2482, avg wnll: 6.4176, avg kl: 0.0429, mse: 0.265042, wmse: 4.283878, mae: 0.351751
1539,	Iter: 1539, train loss: 1.5894, avg nll: 0.2491, avg wnll: 6.4944, avg kl: 0.0445, mse: 0.266216, wmse: 4.330741, mae: 0.354220
1540,	Iter: 1540, train loss: 1.6161, avg nll: 0.2627, avg wnll: 6.3978, avg kl: 0.0430, mse: 0.268858, wmse: 4.359958, mae: 0.355766
nll: 2.1610, mse: 0.7003, mae: 0.6275, mean_mse: 12.3003, mean_mae: 0.6275
1679426677.320678
1541,	Iter: 1541, train loss: 1.6921, avg nll: 0.2946, avg wnll: 6.6930, avg kl: 0.0447, mse: 0.277539, wmse: 4.492208, mae: 0.362539
1542,	Iter: 1542, train loss: 1.6375, avg nll: 0.2654, avg wnll: 6.2413, avg kl: 0.0430, mse: 0.272500, wmse: 4.416181, mae: 0.359226
1543,	Iter: 1543, train loss: 1.6750, avg nll: 0.2735, avg wnll: 6.4883, avg kl: 0.0469, mse: 0.278141, wmse: 4.511113, mae: 0.362529
1544,	Iter: 1544, train loss: 1.7353, avg nll: 0.3065, avg wnll: 6.3141, avg kl: 0.0443, mse: 0.283673, wmse: 4.622340, mae: 0.367981
1545,	Iter: 1545, train loss: 1.6221, avg nll: 0.2533, avg wnll: 6.1309, avg kl: 0.0449, mse: 0.271604, wmse: 4.389391, mae: 0.357582
1546,	Iter: 1546, train loss: 1.5522, avg nll: 0.2141, avg wnll: 6.0574, avg kl: 0.0430, mse: 0.265505, wmse: 4.313828, mae: 0.350553
1547,	Iter: 1547, train loss: 1.6629, avg nll: 0.2600, avg wnll: 6.2615, avg kl: 0.0465, mse: 0.278253, wmse: 4.489495, mae: 0.361562
1548,	Iter: 1548, train loss: 1.5695, avg nll: 0.2352, avg wnll: 6.3925, avg kl: 0.0430, mse: 0.264658, wmse: 4.278764, mae: 0.350822
1549,	Iter: 1549, train loss: 1.5838, avg nll: 0.2429, avg wnll: 6.6171, avg kl: 0.0446, mse: 0.265842, wmse: 4.325737, mae: 0.353532
1550,	Iter: 1550, train loss: 1.6145, avg nll: 0.2578, avg wnll: 6.3864, avg kl: 0.0434, mse: 0.269030, wmse: 4.362686, mae: 0.355867
nll: 2.1996, mse: 0.7002, mae: 0.6274, mean_mse: 12.2895, mean_mae: 0.6274
1679426905.5219812
1551,	Iter: 1551, train loss: 1.6804, avg nll: 0.2854, avg wnll: 6.7358, avg kl: 0.0448, mse: 0.276569, wmse: 4.476401, mae: 0.361399
1552,	Iter: 1552, train loss: 1.6370, avg nll: 0.2657, avg wnll: 6.3297, avg kl: 0.0434, mse: 0.271865, wmse: 4.406283, mae: 0.358492
1553,	Iter: 1553, train loss: 1.6790, avg nll: 0.2754, avg wnll: 6.5987, avg kl: 0.0480, mse: 0.278004, wmse: 4.508412, mae: 0.362345
1554,	Iter: 1554, train loss: 1.7259, avg nll: 0.2977, avg wnll: 6.2825, avg kl: 0.0448, mse: 0.283073, wmse: 4.612934, mae: 0.366938
1555,	Iter: 1555, train loss: 1.6090, avg nll: 0.2415, avg wnll: 5.9786, avg kl: 0.0454, mse: 0.270832, wmse: 4.376244, mae: 0.356489
1556,	Iter: 1556, train loss: 1.5637, avg nll: 0.2246, avg wnll: 6.2352, avg kl: 0.0432, mse: 0.265255, wmse: 4.309394, mae: 0.350152
1557,	Iter: 1557, train loss: 1.6580, avg nll: 0.2542, avg wnll: 6.1982, avg kl: 0.0466, mse: 0.277932, wmse: 4.485050, mae: 0.360973
1558,	Iter: 1558, train loss: 1.5639, avg nll: 0.2296, avg wnll: 6.3513, avg kl: 0.0434, mse: 0.264164, wmse: 4.272217, mae: 0.350084
1559,	Iter: 1559, train loss: 1.5709, avg nll: 0.2317, avg wnll: 6.5773, avg kl: 0.0451, mse: 0.265008, wmse: 4.311836, mae: 0.352068
1560,	Iter: 1560, train loss: 1.6038, avg nll: 0.2491, avg wnll: 6.3819, avg kl: 0.0436, mse: 0.268153, wmse: 4.348603, mae: 0.354431
nll: 2.2317, mse: 0.7004, mae: 0.6274, mean_mse: 12.2970, mean_mae: 0.6274
1679427137.6253114
saving.................
done
1561,	Iter: 1561, train loss: 1.6692, avg nll: 0.2743, avg wnll: 6.6667, avg kl: 0.0452, mse: 0.276025, wmse: 4.469756, mae: 0.360380
1562,	Iter: 1562, train loss: 1.6227, avg nll: 0.2520, avg wnll: 6.3032, avg kl: 0.0433, mse: 0.271284, wmse: 4.397808, mae: 0.357376
1563,	Iter: 1563, train loss: 1.6593, avg nll: 0.2580, avg wnll: 6.4603, avg kl: 0.0469, mse: 0.277108, wmse: 4.494663, mae: 0.360851
1564,	Iter: 1564, train loss: 1.7210, avg nll: 0.2927, avg wnll: 6.3475, avg kl: 0.0444, mse: 0.282625, wmse: 4.605424, mae: 0.366278
1565,	Iter: 1565, train loss: 1.5952, avg nll: 0.2284, avg wnll: 5.9679, avg kl: 0.0456, mse: 0.270213, wmse: 4.366490, mae: 0.355391
1566,	Iter: 1566, train loss: 1.5454, avg nll: 0.2081, avg wnll: 6.1865, avg kl: 0.0438, mse: 0.264360, wmse: 4.294767, mae: 0.348923
1567,	Iter: 1567, train loss: 1.6399, avg nll: 0.2360, avg wnll: 6.1988, avg kl: 0.0470, mse: 0.277422, wmse: 4.476663, mae: 0.359976
1568,	Iter: 1568, train loss: 1.5489, avg nll: 0.2148, avg wnll: 6.3146, avg kl: 0.0433, mse: 0.263679, wmse: 4.264740, mae: 0.349073
1569,	Iter: 1569, train loss: 1.5491, avg nll: 0.2105, avg wnll: 6.4663, avg kl: 0.0450, mse: 0.264401, wmse: 4.303559, mae: 0.351233
1570,	Iter: 1570, train loss: 1.5898, avg nll: 0.2346, avg wnll: 6.3657, avg kl: 0.0435, mse: 0.267790, wmse: 4.343281, mae: 0.353921
nll: 2.2808, mse: 0.7010, mae: 0.6276, mean_mse: 12.3003, mean_mae: 0.6276
1679427362.116642
1571,	Iter: 1571, train loss: 1.6519, avg nll: 0.2598, avg wnll: 6.6797, avg kl: 0.0452, mse: 0.275007, wmse: 4.452710, mae: 0.359060
1572,	Iter: 1572, train loss: 1.6081, avg nll: 0.2388, avg wnll: 6.3512, avg kl: 0.0436, mse: 0.270515, wmse: 4.385006, mae: 0.356499
1573,	Iter: 1573, train loss: 1.6507, avg nll: 0.2474, avg wnll: 6.5356, avg kl: 0.0479, mse: 0.276944, wmse: 4.492153, mae: 0.360550
1574,	Iter: 1574, train loss: 1.7156, avg nll: 0.2867, avg wnll: 6.3308, avg kl: 0.0444, mse: 0.282270, wmse: 4.599586, mae: 0.365580
1575,	Iter: 1575, train loss: 1.5859, avg nll: 0.2189, avg wnll: 5.8974, avg kl: 0.0451, mse: 0.269795, wmse: 4.360480, mae: 0.354847
1576,	Iter: 1576, train loss: 1.5480, avg nll: 0.2074, avg wnll: 6.2049, avg kl: 0.0430, mse: 0.264629, wmse: 4.299516, mae: 0.349022
1577,	Iter: 1577, train loss: 1.6391, avg nll: 0.2337, avg wnll: 6.1672, avg kl: 0.0462, mse: 0.277297, wmse: 4.475973, mae: 0.359772
1578,	Iter: 1578, train loss: 1.5501, avg nll: 0.2153, avg wnll: 6.4381, avg kl: 0.0429, mse: 0.263382, wmse: 4.260622, mae: 0.348694
1579,	Iter: 1579, train loss: 1.5505, avg nll: 0.2113, avg wnll: 6.5888, avg kl: 0.0451, mse: 0.264037, wmse: 4.296219, mae: 0.350569
1580,	Iter: 1580, train loss: 1.5881, avg nll: 0.2313, avg wnll: 6.4099, avg kl: 0.0435, mse: 0.267638, wmse: 4.339480, mae: 0.353402
nll: 2.3128, mse: 0.7005, mae: 0.6274, mean_mse: 12.2974, mean_mae: 0.6274
1679427589.7841966
1581,	Iter: 1581, train loss: 1.6436, avg nll: 0.2505, avg wnll: 6.6044, avg kl: 0.0448, mse: 0.274764, wmse: 4.451468, mae: 0.358472
1582,	Iter: 1582, train loss: 1.6039, avg nll: 0.2340, avg wnll: 6.3332, avg kl: 0.0429, mse: 0.270231, wmse: 4.382258, mae: 0.355749
1583,	Iter: 1583, train loss: 1.6365, avg nll: 0.2352, avg wnll: 6.3945, avg kl: 0.0465, mse: 0.276132, wmse: 4.479562, mae: 0.359263
1584,	Iter: 1584, train loss: 1.7064, avg nll: 0.2765, avg wnll: 6.3447, avg kl: 0.0436, mse: 0.282066, wmse: 4.596030, mae: 0.365132
1585,	Iter: 1585, train loss: 1.5762, avg nll: 0.2090, avg wnll: 5.9396, avg kl: 0.0448, mse: 0.269373, wmse: 4.353102, mae: 0.353978
1586,	Iter: 1586, train loss: 1.5315, avg nll: 0.1932, avg wnll: 6.2219, avg kl: 0.0429, mse: 0.263729, wmse: 4.285479, mae: 0.347831
1587,	Iter: 1587, train loss: 1.6412, avg nll: 0.2352, avg wnll: 6.3289, avg kl: 0.0462, mse: 0.276918, wmse: 4.468899, mae: 0.359073
1588,	Iter: 1588, train loss: 1.5453, avg nll: 0.2084, avg wnll: 6.3374, avg kl: 0.0421, mse: 0.263419, wmse: 4.261625, mae: 0.348327
1589,	Iter: 1589, train loss: 1.5378, avg nll: 0.1984, avg wnll: 6.4759, avg kl: 0.0433, mse: 0.263771, wmse: 4.295887, mae: 0.350264
1590,	Iter: 1590, train loss: 1.5794, avg nll: 0.2223, avg wnll: 6.3912, avg kl: 0.0421, mse: 0.267395, wmse: 4.337297, mae: 0.353040
nll: 2.3289, mse: 0.7011, mae: 0.6277, mean_mse: 12.2995, mean_mae: 0.6277
1679427818.739899
saving.................
done
1591,	Iter: 1591, train loss: 1.6287, avg nll: 0.2383, avg wnll: 6.5810, avg kl: 0.0439, mse: 0.273814, wmse: 4.434441, mae: 0.357432
1592,	Iter: 1592, train loss: 1.5858, avg nll: 0.2179, avg wnll: 6.2960, avg kl: 0.0427, mse: 0.269395, wmse: 4.367513, mae: 0.354822
1593,	Iter: 1593, train loss: 1.6301, avg nll: 0.2266, avg wnll: 6.4986, avg kl: 0.0470, mse: 0.276039, wmse: 4.478599, mae: 0.359116
1594,	Iter: 1594, train loss: 1.6926, avg nll: 0.2639, avg wnll: 6.2841, avg kl: 0.0437, mse: 0.281363, wmse: 4.586670, mae: 0.363986
1595,	Iter: 1595, train loss: 1.5673, avg nll: 0.2008, avg wnll: 5.9255, avg kl: 0.0445, mse: 0.268800, wmse: 4.345046, mae: 0.353235
1596,	Iter: 1596, train loss: 1.5315, avg nll: 0.1900, avg wnll: 6.2083, avg kl: 0.0422, mse: 0.263963, wmse: 4.289762, mae: 0.347793
1597,	Iter: 1597, train loss: 1.6444, avg nll: 0.2362, avg wnll: 6.3208, avg kl: 0.0458, mse: 0.276910, wmse: 4.469974, mae: 0.359072
1598,	Iter: 1598, train loss: 1.5391, avg nll: 0.2020, avg wnll: 6.4018, avg kl: 0.0424, mse: 0.262986, wmse: 4.255342, mae: 0.347625
1599,	Iter: 1599, train loss: 1.5351, avg nll: 0.1942, avg wnll: 6.5489, avg kl: 0.0442, mse: 0.263514, wmse: 4.289073, mae: 0.349467
1600,	Iter: 1600, train loss: 1.5789, avg nll: 0.2200, avg wnll: 6.5410, avg kl: 0.0423, mse: 0.267265, wmse: 4.333866, mae: 0.352512
nll: 2.3556, mse: 0.7009, mae: 0.6275, mean_mse: 12.2963, mean_mae: 0.6275
1679428047.8912919
1601,	Iter: 1601, train loss: 1.6232, avg nll: 0.2306, avg wnll: 6.5172, avg kl: 0.0440, mse: 0.273762, wmse: 4.435715, mae: 0.356969
1602,	Iter: 1602, train loss: 1.5843, avg nll: 0.2151, avg wnll: 6.2628, avg kl: 0.0421, mse: 0.269257, wmse: 4.367339, mae: 0.354219
1603,	Iter: 1603, train loss: 1.6229, avg nll: 0.2207, avg wnll: 6.4039, avg kl: 0.0456, mse: 0.275431, wmse: 4.468169, mae: 0.358066
1604,	Iter: 1604, train loss: 1.6927, avg nll: 0.2623, avg wnll: 6.3133, avg kl: 0.0427, mse: 0.281338, wmse: 4.583577, mae: 0.363801
1605,	Iter: 1605, train loss: 1.5612, avg nll: 0.1940, avg wnll: 5.9202, avg kl: 0.0439, mse: 0.268526, wmse: 4.340714, mae: 0.352597
1606,	Iter: 1606, train loss: 1.5169, avg nll: 0.1777, avg wnll: 6.2026, avg kl: 0.0423, mse: 0.263067, wmse: 4.275781, mae: 0.346590
1607,	Iter: 1607, train loss: 1.6387, avg nll: 0.2300, avg wnll: 6.4101, avg kl: 0.0451, mse: 0.276578, wmse: 4.463656, mae: 0.358386
1608,	Iter: 1608, train loss: 1.5430, avg nll: 0.2024, avg wnll: 6.4227, avg kl: 0.0414, mse: 0.263348, wmse: 4.261786, mae: 0.347782
1609,	Iter: 1609, train loss: 1.5212, avg nll: 0.1805, avg wnll: 6.3735, avg kl: 0.0426, mse: 0.263171, wmse: 4.286401, mae: 0.349200
1610,	Iter: 1610, train loss: 1.5704, avg nll: 0.2124, avg wnll: 6.4644, avg kl: 0.0414, mse: 0.266743, wmse: 4.327686, mae: 0.352038
nll: 2.3745, mse: 0.7013, mae: 0.6277, mean_mse: 12.3026, mean_mae: 0.6277
1679428271.733028
1611,	Iter: 1611, train loss: 1.6100, avg nll: 0.2200, avg wnll: 6.4873, avg kl: 0.0430, mse: 0.272908, wmse: 4.420618, mae: 0.355849
1612,	Iter: 1612, train loss: 1.5665, avg nll: 0.1990, avg wnll: 6.2307, avg kl: 0.0418, mse: 0.268486, wmse: 4.353791, mae: 0.353384
1613,	Iter: 1613, train loss: 1.6144, avg nll: 0.2114, avg wnll: 6.5080, avg kl: 0.0462, mse: 0.275031, wmse: 4.462931, mae: 0.357592
1614,	Iter: 1614, train loss: 1.6846, avg nll: 0.2554, avg wnll: 6.3194, avg kl: 0.0424, mse: 0.280681, wmse: 4.576569, mae: 0.362945
1615,	Iter: 1615, train loss: 1.5547, avg nll: 0.1874, avg wnll: 5.9422, avg kl: 0.0431, mse: 0.268176, wmse: 4.335557, mae: 0.352196
1616,	Iter: 1616, train loss: 1.5176, avg nll: 0.1753, avg wnll: 6.1719, avg kl: 0.0413, mse: 0.263362, wmse: 4.281655, mae: 0.346787
1617,	Iter: 1617, train loss: 1.6347, avg nll: 0.2258, avg wnll: 6.3229, avg kl: 0.0442, mse: 0.276264, wmse: 4.458441, mae: 0.358134
1618,	Iter: 1618, train loss: 1.5317, avg nll: 0.1930, avg wnll: 6.4331, avg kl: 0.0411, mse: 0.262558, wmse: 4.249641, mae: 0.346649
1619,	Iter: 1619, train loss: 1.5170, avg nll: 0.1747, avg wnll: 6.4483, avg kl: 0.0430, mse: 0.262998, wmse: 4.282425, mae: 0.348527
1620,	Iter: 1620, train loss: 1.5694, avg nll: 0.2095, avg wnll: 6.5565, avg kl: 0.0412, mse: 0.266724, wmse: 4.326877, mae: 0.351506
nll: 2.4077, mse: 0.7011, mae: 0.6275, mean_mse: 12.2957, mean_mae: 0.6275
1679428504.1237447
saving.................
done
1621,	Iter: 1621, train loss: 1.6112, avg nll: 0.2189, avg wnll: 6.5025, avg kl: 0.0430, mse: 0.272900, wmse: 4.421848, mae: 0.355681
1622,	Iter: 1622, train loss: 1.5668, avg nll: 0.1976, avg wnll: 6.1785, avg kl: 0.0411, mse: 0.268476, wmse: 4.354875, mae: 0.353048
1623,	Iter: 1623, train loss: 1.6097, avg nll: 0.2071, avg wnll: 6.4143, avg kl: 0.0444, mse: 0.274693, wmse: 4.457283, mae: 0.356972
1624,	Iter: 1624, train loss: 1.6802, avg nll: 0.2499, avg wnll: 6.3215, avg kl: 0.0418, mse: 0.280540, wmse: 4.571110, mae: 0.362569
1625,	Iter: 1625, train loss: 1.5481, avg nll: 0.1802, avg wnll: 5.8962, avg kl: 0.0427, mse: 0.267873, wmse: 4.331758, mae: 0.351573
1626,	Iter: 1626, train loss: 1.5079, avg nll: 0.1669, avg wnll: 6.2191, avg kl: 0.0409, mse: 0.262698, wmse: 4.270662, mae: 0.345640
1627,	Iter: 1627, train loss: 1.6284, avg nll: 0.2169, avg wnll: 6.3823, avg kl: 0.0438, mse: 0.276360, wmse: 4.460844, mae: 0.357842
1628,	Iter: 1628, train loss: 1.5317, avg nll: 0.1893, avg wnll: 6.4188, avg kl: 0.0403, mse: 0.262975, wmse: 4.256727, mae: 0.346910
1629,	Iter: 1629, train loss: 1.5021, avg nll: 0.1610, avg wnll: 6.2791, avg kl: 0.0416, mse: 0.262495, wmse: 4.275823, mae: 0.347941
1630,	Iter: 1630, train loss: 1.5625, avg nll: 0.2034, avg wnll: 6.4993, avg kl: 0.0404, mse: 0.266224, wmse: 4.319576, mae: 0.351211
nll: 2.4244, mse: 0.7013, mae: 0.6277, mean_mse: 12.3014, mean_mae: 0.6277
1679428731.0131986
1631,	Iter: 1631, train loss: 1.6019, avg nll: 0.2112, avg wnll: 6.5150, avg kl: 0.0420, mse: 0.272259, wmse: 4.411241, mae: 0.354784
1632,	Iter: 1632, train loss: 1.5544, avg nll: 0.1859, avg wnll: 6.1876, avg kl: 0.0410, mse: 0.267929, wmse: 4.345606, mae: 0.352340
1633,	Iter: 1633, train loss: 1.5985, avg nll: 0.1957, avg wnll: 6.4590, avg kl: 0.0451, mse: 0.274154, wmse: 4.448912, mae: 0.356212
1634,	Iter: 1634, train loss: 1.6686, avg nll: 0.2395, avg wnll: 6.3148, avg kl: 0.0413, mse: 0.279922, wmse: 4.565197, mae: 0.361918
1635,	Iter: 1635, train loss: 1.5420, avg nll: 0.1742, avg wnll: 5.9243, avg kl: 0.0422, mse: 0.267492, wmse: 4.324609, mae: 0.351067
1636,	Iter: 1636, train loss: 1.5111, avg nll: 0.1675, avg wnll: 6.2515, avg kl: 0.0407, mse: 0.262809, wmse: 4.273702, mae: 0.346111
1637,	Iter: 1637, train loss: 1.6173, avg nll: 0.2058, avg wnll: 6.2488, avg kl: 0.0429, mse: 0.276024, wmse: 4.454995, mae: 0.357246
1638,	Iter: 1638, train loss: 1.5194, avg nll: 0.1787, avg wnll: 6.3990, avg kl: 0.0399, mse: 0.262276, wmse: 4.244959, mae: 0.345939
1639,	Iter: 1639, train loss: 1.5001, avg nll: 0.1576, avg wnll: 6.3501, avg kl: 0.0417, mse: 0.262318, wmse: 4.272748, mae: 0.347357
1640,	Iter: 1640, train loss: 1.5608, avg nll: 0.1984, avg wnll: 6.5389, avg kl: 0.0402, mse: 0.266485, wmse: 4.323705, mae: 0.350942
nll: 2.4641, mse: 0.7013, mae: 0.6275, mean_mse: 12.2978, mean_mae: 0.6275
1679428960.762018
1641,	Iter: 1641, train loss: 1.6028, avg nll: 0.2102, avg wnll: 6.5278, avg kl: 0.0419, mse: 0.272230, wmse: 4.411399, mae: 0.354651
1642,	Iter: 1642, train loss: 1.5534, avg nll: 0.1841, avg wnll: 6.1450, avg kl: 0.0399, mse: 0.267814, wmse: 4.344774, mae: 0.352016
1643,	Iter: 1643, train loss: 1.5979, avg nll: 0.1937, avg wnll: 6.4129, avg kl: 0.0435, mse: 0.274212, wmse: 4.450875, mae: 0.356130
1644,	Iter: 1644, train loss: 1.6629, avg nll: 0.2321, avg wnll: 6.2806, avg kl: 0.0409, mse: 0.279862, wmse: 4.560677, mae: 0.361524
1645,	Iter: 1645, train loss: 1.5388, avg nll: 0.1704, avg wnll: 5.9237, avg kl: 0.0417, mse: 0.267245, wmse: 4.322676, mae: 0.350620
1646,	Iter: 1646, train loss: 1.5116, avg nll: 0.1681, avg wnll: 6.2950, avg kl: 0.0393, mse: 0.262579, wmse: 4.268717, mae: 0.345285
1647,	Iter: 1647, train loss: 1.6147, avg nll: 0.2009, avg wnll: 6.3405, avg kl: 0.0426, mse: 0.276073, wmse: 4.456921, mae: 0.357266
1648,	Iter: 1648, train loss: 1.5258, avg nll: 0.1816, avg wnll: 6.4443, avg kl: 0.0394, mse: 0.262609, wmse: 4.251946, mae: 0.346175
1649,	Iter: 1649, train loss: 1.4918, avg nll: 0.1493, avg wnll: 6.2655, avg kl: 0.0407, mse: 0.262021, wmse: 4.268037, mae: 0.346947
1650,	Iter: 1650, train loss: 1.5566, avg nll: 0.1951, avg wnll: 6.5514, avg kl: 0.0394, mse: 0.266003, wmse: 4.316383, mae: 0.350693
nll: 2.4806, mse: 0.7010, mae: 0.6276, mean_mse: 12.2912, mean_mae: 0.6276
1679429183.9452639
saving.................
done
1651,	Iter: 1651, train loss: 1.5991, avg nll: 0.2061, avg wnll: 6.5417, avg kl: 0.0408, mse: 0.272037, wmse: 4.408653, mae: 0.354223
1652,	Iter: 1652, train loss: 1.5449, avg nll: 0.1749, avg wnll: 6.1275, avg kl: 0.0400, mse: 0.267525, wmse: 4.338730, mae: 0.351554
1653,	Iter: 1653, train loss: 1.5893, avg nll: 0.1854, avg wnll: 6.4333, avg kl: 0.0440, mse: 0.273603, wmse: 4.440368, mae: 0.355358
1654,	Iter: 1654, train loss: 1.6571, avg nll: 0.2270, avg wnll: 6.3040, avg kl: 0.0402, mse: 0.279420, wmse: 4.556188, mae: 0.361098
1655,	Iter: 1655, train loss: 1.5375, avg nll: 0.1673, avg wnll: 5.9662, avg kl: 0.0411, mse: 0.267236, wmse: 4.320082, mae: 0.350458
1656,	Iter: 1656, train loss: 1.5074, avg nll: 0.1623, avg wnll: 6.3109, avg kl: 0.0397, mse: 0.262402, wmse: 4.267242, mae: 0.345426
1657,	Iter: 1657, train loss: 1.6044, avg nll: 0.1909, avg wnll: 6.2134, avg kl: 0.0418, mse: 0.275681, wmse: 4.448806, mae: 0.356540
1658,	Iter: 1658, train loss: 1.5156, avg nll: 0.1718, avg wnll: 6.3780, avg kl: 0.0386, mse: 0.262234, wmse: 4.243699, mae: 0.345576
1659,	Iter: 1659, train loss: 1.4885, avg nll: 0.1450, avg wnll: 6.3521, avg kl: 0.0407, mse: 0.261798, wmse: 4.265148, mae: 0.346445
1660,	Iter: 1660, train loss: 1.5497, avg nll: 0.1859, avg wnll: 6.4994, avg kl: 0.0390, mse: 0.266112, wmse: 4.318368, mae: 0.350120
nll: 2.5085, mse: 0.7011, mae: 0.6275, mean_mse: 12.2935, mean_mae: 0.6275
1679429412.8353283
1661,	Iter: 1661, train loss: 1.5998, avg nll: 0.2055, avg wnll: 6.6041, avg kl: 0.0408, mse: 0.271854, wmse: 4.405375, mae: 0.353981
1662,	Iter: 1662, train loss: 1.5435, avg nll: 0.1735, avg wnll: 6.1359, avg kl: 0.0385, mse: 0.267358, wmse: 4.338451, mae: 0.351178
1663,	Iter: 1663, train loss: 1.5888, avg nll: 0.1825, avg wnll: 6.3477, avg kl: 0.0423, mse: 0.273908, wmse: 4.444915, mae: 0.355569
1664,	Iter: 1664, train loss: 1.6569, avg nll: 0.2252, avg wnll: 6.3257, avg kl: 0.0396, mse: 0.279414, wmse: 4.554199, mae: 0.360717
1665,	Iter: 1665, train loss: 1.5331, avg nll: 0.1626, avg wnll: 5.8842, avg kl: 0.0406, mse: 0.266956, wmse: 4.319085, mae: 0.350074
1666,	Iter: 1666, train loss: 1.5012, avg nll: 0.1551, avg wnll: 6.2507, avg kl: 0.0383, mse: 0.262425, wmse: 4.266111, mae: 0.344933
1667,	Iter: 1667, train loss: 1.6088, avg nll: 0.1921, avg wnll: 6.4601, avg kl: 0.0416, mse: 0.275935, wmse: 4.455439, mae: 0.356760
1668,	Iter: 1668, train loss: 1.5139, avg nll: 0.1684, avg wnll: 6.3775, avg kl: 0.0384, mse: 0.262215, wmse: 4.246601, mae: 0.345362
1669,	Iter: 1669, train loss: 1.4839, avg nll: 0.1402, avg wnll: 6.3624, avg kl: 0.0396, mse: 0.261604, wmse: 4.262528, mae: 0.346137
1670,	Iter: 1670, train loss: 1.5471, avg nll: 0.1839, avg wnll: 6.4966, avg kl: 0.0382, mse: 0.265709, wmse: 4.312107, mae: 0.350016
nll: 2.5236, mse: 0.7012, mae: 0.6277, mean_mse: 12.2945, mean_mae: 0.6277
1679429642.120189
1671,	Iter: 1671, train loss: 1.5918, avg nll: 0.1967, avg wnll: 6.5326, avg kl: 0.0396, mse: 0.271789, wmse: 4.404452, mae: 0.353631
1672,	Iter: 1672, train loss: 1.5440, avg nll: 0.1724, avg wnll: 6.2432, avg kl: 0.0388, mse: 0.267191, wmse: 4.333614, mae: 0.350847
1673,	Iter: 1673, train loss: 1.5749, avg nll: 0.1694, avg wnll: 6.2791, avg kl: 0.0422, mse: 0.273309, wmse: 4.436172, mae: 0.354658
1674,	Iter: 1674, train loss: 1.6523, avg nll: 0.2207, avg wnll: 6.3943, avg kl: 0.0389, mse: 0.279110, wmse: 4.551217, mae: 0.360444
1675,	Iter: 1675, train loss: 1.5287, avg nll: 0.1564, avg wnll: 5.9450, avg kl: 0.0398, mse: 0.267036, wmse: 4.317227, mae: 0.349952
1676,	Iter: 1676, train loss: 1.5004, avg nll: 0.1543, avg wnll: 6.2982, avg kl: 0.0384, mse: 0.262030, wmse: 4.261933, mae: 0.344717
1677,	Iter: 1677, train loss: 1.6045, avg nll: 0.1891, avg wnll: 6.2954, avg kl: 0.0405, mse: 0.275449, wmse: 4.443975, mae: 0.356099
1678,	Iter: 1678, train loss: 1.5024, avg nll: 0.1568, avg wnll: 6.2354, avg kl: 0.0374, mse: 0.262014, wmse: 4.240765, mae: 0.344960
1679,	Iter: 1679, train loss: 1.4893, avg nll: 0.1432, avg wnll: 6.5361, avg kl: 0.0393, mse: 0.261718, wmse: 4.265000, mae: 0.346131
1680,	Iter: 1680, train loss: 1.5397, avg nll: 0.1744, avg wnll: 6.4556, avg kl: 0.0376, mse: 0.265846, wmse: 4.314889, mae: 0.349475
nll: 2.5539, mse: 0.7013, mae: 0.6276, mean_mse: 12.2959, mean_mae: 0.6276
1679429869.9530504
saving.................
done
1681,	Iter: 1681, train loss: 1.5872, avg nll: 0.1923, avg wnll: 6.5404, avg kl: 0.0394, mse: 0.271382, wmse: 4.398260, mae: 0.353151
1682,	Iter: 1682, train loss: 1.5386, avg nll: 0.1678, avg wnll: 6.2246, avg kl: 0.0373, mse: 0.266936, wmse: 4.331673, mae: 0.350480
1683,	Iter: 1683, train loss: 1.5747, avg nll: 0.1670, avg wnll: 6.2757, avg kl: 0.0412, mse: 0.273490, wmse: 4.439404, mae: 0.354859
1684,	Iter: 1684, train loss: 1.6535, avg nll: 0.2200, avg wnll: 6.4127, avg kl: 0.0383, mse: 0.279181, wmse: 4.551655, mae: 0.360212
1685,	Iter: 1685, train loss: 1.5272, avg nll: 0.1535, avg wnll: 5.8836, avg kl: 0.0393, mse: 0.266990, wmse: 4.320282, mae: 0.349750
1686,	Iter: 1686, train loss: 1.5061, avg nll: 0.1569, avg wnll: 6.3764, avg kl: 0.0373, mse: 0.262450, wmse: 4.266764, mae: 0.344715
1687,	Iter: 1687, train loss: 1.6034, avg nll: 0.1840, avg wnll: 6.2996, avg kl: 0.0402, mse: 0.275873, wmse: 4.455474, mae: 0.356371
1688,	Iter: 1688, train loss: 1.4996, avg nll: 0.1525, avg wnll: 6.2642, avg kl: 0.0373, mse: 0.261961, wmse: 4.242663, mae: 0.344709
1689,	Iter: 1689, train loss: 1.4846, avg nll: 0.1386, avg wnll: 6.5690, avg kl: 0.0385, mse: 0.261493, wmse: 4.261370, mae: 0.345773
1690,	Iter: 1690, train loss: 1.5422, avg nll: 0.1762, avg wnll: 6.5038, avg kl: 0.0369, mse: 0.265807, wmse: 4.314490, mae: 0.349877
nll: 2.5679, mse: 0.7015, mae: 0.6278, mean_mse: 12.3030, mean_mae: 0.6278
1679430102.5642946
1691,	Iter: 1691, train loss: 1.5784, avg nll: 0.1835, avg wnll: 6.4661, avg kl: 0.0385, mse: 0.271265, wmse: 4.396468, mae: 0.352763
1692,	Iter: 1692, train loss: 1.5350, avg nll: 0.1633, avg wnll: 6.2527, avg kl: 0.0378, mse: 0.266785, wmse: 4.327651, mae: 0.350233
1693,	Iter: 1693, train loss: 1.5641, avg nll: 0.1600, avg wnll: 6.2494, avg kl: 0.0407, mse: 0.272663, wmse: 4.426717, mae: 0.353801
1694,	Iter: 1694, train loss: 1.6441, avg nll: 0.2133, avg wnll: 6.4796, avg kl: 0.0377, mse: 0.278627, wmse: 4.544109, mae: 0.359710
1695,	Iter: 1695, train loss: 1.5202, avg nll: 0.1486, avg wnll: 5.9268, avg kl: 0.0388, mse: 0.266564, wmse: 4.309307, mae: 0.349300
1696,	Iter: 1696, train loss: 1.4976, avg nll: 0.1517, avg wnll: 6.3813, avg kl: 0.0375, mse: 0.261693, wmse: 4.255569, mae: 0.343990
1697,	Iter: 1697, train loss: 1.5860, avg nll: 0.1710, avg wnll: 6.1111, avg kl: 0.0394, mse: 0.275129, wmse: 4.440302, mae: 0.355333
1698,	Iter: 1698, train loss: 1.4904, avg nll: 0.1458, avg wnll: 6.2579, avg kl: 0.0364, mse: 0.261654, wmse: 4.235589, mae: 0.344338
1699,	Iter: 1699, train loss: 1.4789, avg nll: 0.1338, avg wnll: 6.5678, avg kl: 0.0382, mse: 0.261386, wmse: 4.259534, mae: 0.345360
1700,	Iter: 1700, train loss: 1.5312, avg nll: 0.1671, avg wnll: 6.4655, avg kl: 0.0370, mse: 0.265440, wmse: 4.308319, mae: 0.348789
nll: 2.6007, mse: 0.7014, mae: 0.6276, mean_mse: 12.2964, mean_mae: 0.6276
1679430329.3500323
1701,	Iter: 1701, train loss: 1.5762, avg nll: 0.1814, avg wnll: 6.4872, avg kl: 0.0386, mse: 0.271224, wmse: 4.396917, mae: 0.352521
1702,	Iter: 1702, train loss: 1.5271, avg nll: 0.1581, avg wnll: 6.2199, avg kl: 0.0368, mse: 0.266429, wmse: 4.322906, mae: 0.349689
1703,	Iter: 1703, train loss: 1.5709, avg nll: 0.1654, avg wnll: 6.3318, avg kl: 0.0410, mse: 0.272901, wmse: 4.430011, mae: 0.353927
1704,	Iter: 1704, train loss: 1.6436, avg nll: 0.2122, avg wnll: 6.3554, avg kl: 0.0374, mse: 0.278792, wmse: 4.545766, mae: 0.359567
1705,	Iter: 1705, train loss: 1.5257, avg nll: 0.1533, avg wnll: 5.9612, avg kl: 0.0386, mse: 0.266768, wmse: 4.317452, mae: 0.349372
1706,	Iter: 1706, train loss: 1.4940, avg nll: 0.1462, avg wnll: 6.3225, avg kl: 0.0368, mse: 0.262205, wmse: 4.262363, mae: 0.344310
1707,	Iter: 1707, train loss: 1.5870, avg nll: 0.1705, avg wnll: 6.1848, avg kl: 0.0399, mse: 0.275333, wmse: 4.446304, mae: 0.355530
1708,	Iter: 1708, train loss: 1.4882, avg nll: 0.1445, avg wnll: 6.2658, avg kl: 0.0370, mse: 0.261360, wmse: 4.233230, mae: 0.343729
1709,	Iter: 1709, train loss: 1.4694, avg nll: 0.1267, avg wnll: 6.5099, avg kl: 0.0378, mse: 0.260988, wmse: 4.253243, mae: 0.345004
1710,	Iter: 1710, train loss: 1.5366, avg nll: 0.1732, avg wnll: 6.5540, avg kl: 0.0363, mse: 0.265418, wmse: 4.310402, mae: 0.349087
nll: 2.5938, mse: 0.7012, mae: 0.6277, mean_mse: 12.2945, mean_mae: 0.6277
1679430552.3306413
saving.................
done
1711,	Iter: 1711, train loss: 1.5722, avg nll: 0.1802, avg wnll: 6.4946, avg kl: 0.0380, mse: 0.270785, wmse: 4.388245, mae: 0.351990
1712,	Iter: 1712, train loss: 1.5203, avg nll: 0.1526, avg wnll: 6.1704, avg kl: 0.0370, mse: 0.266142, wmse: 4.318726, mae: 0.349158
1713,	Iter: 1713, train loss: 1.5668, avg nll: 0.1649, avg wnll: 6.3658, avg kl: 0.0400, mse: 0.272374, wmse: 4.422938, mae: 0.353391
1714,	Iter: 1714, train loss: 1.6304, avg nll: 0.2010, avg wnll: 6.3314, avg kl: 0.0371, mse: 0.278465, wmse: 4.540360, mae: 0.359219
1715,	Iter: 1715, train loss: 1.5170, avg nll: 0.1465, avg wnll: 5.9730, avg kl: 0.0381, mse: 0.266483, wmse: 4.309327, mae: 0.349024
1716,	Iter: 1716, train loss: 1.4777, avg nll: 0.1329, avg wnll: 6.2343, avg kl: 0.0369, mse: 0.261578, wmse: 4.254957, mae: 0.343461
1717,	Iter: 1717, train loss: 1.5775, avg nll: 0.1646, avg wnll: 6.1208, avg kl: 0.0389, mse: 0.274792, wmse: 4.435321, mae: 0.354702
1718,	Iter: 1718, train loss: 1.4852, avg nll: 0.1429, avg wnll: 6.3813, avg kl: 0.0358, mse: 0.261287, wmse: 4.231247, mae: 0.343622
1719,	Iter: 1719, train loss: 1.4651, avg nll: 0.1218, avg wnll: 6.4287, avg kl: 0.0376, mse: 0.261156, wmse: 4.255436, mae: 0.344808
1720,	Iter: 1720, train loss: 1.5245, avg nll: 0.1616, avg wnll: 6.5130, avg kl: 0.0362, mse: 0.265334, wmse: 4.306730, mae: 0.348468
nll: 2.6359, mse: 0.7016, mae: 0.6278, mean_mse: 12.3023, mean_mae: 0.6278
1679430781.836729
1721,	Iter: 1721, train loss: 1.5743, avg nll: 0.1813, avg wnll: 6.5349, avg kl: 0.0381, mse: 0.271001, wmse: 4.393895, mae: 0.352115
1722,	Iter: 1722, train loss: 1.5145, avg nll: 0.1473, avg wnll: 6.1343, avg kl: 0.0365, mse: 0.266137, wmse: 4.318682, mae: 0.349137
1723,	Iter: 1723, train loss: 1.5715, avg nll: 0.1663, avg wnll: 6.4265, avg kl: 0.0404, mse: 0.272944, wmse: 4.431193, mae: 0.353810
1724,	Iter: 1724, train loss: 1.6337, avg nll: 0.2005, avg wnll: 6.2369, avg kl: 0.0369, mse: 0.279254, wmse: 4.553566, mae: 0.359820
1725,	Iter: 1725, train loss: 1.5216, avg nll: 0.1484, avg wnll: 5.9899, avg kl: 0.0383, mse: 0.266996, wmse: 4.320189, mae: 0.349409
1726,	Iter: 1726, train loss: 1.4739, avg nll: 0.1288, avg wnll: 6.2273, avg kl: 0.0364, mse: 0.261735, wmse: 4.255191, mae: 0.343452
1727,	Iter: 1727, train loss: 1.5767, avg nll: 0.1629, avg wnll: 6.1871, avg kl: 0.0394, mse: 0.274891, wmse: 4.438733, mae: 0.354710
1728,	Iter: 1728, train loss: 1.4814, avg nll: 0.1397, avg wnll: 6.3274, avg kl: 0.0365, mse: 0.261040, wmse: 4.228458, mae: 0.343109
1729,	Iter: 1729, train loss: 1.4582, avg nll: 0.1169, avg wnll: 6.4439, avg kl: 0.0375, mse: 0.260763, wmse: 4.250770, mae: 0.344540
1730,	Iter: 1730, train loss: 1.5249, avg nll: 0.1635, avg wnll: 6.5546, avg kl: 0.0363, mse: 0.265015, wmse: 4.304816, mae: 0.348381
nll: 2.6490, mse: 0.7011, mae: 0.6277, mean_mse: 12.2925, mean_mae: 0.6277
1679431010.559559
1731,	Iter: 1731, train loss: 1.5727, avg nll: 0.1820, avg wnll: 6.6395, avg kl: 0.0378, mse: 0.270589, wmse: 4.385798, mae: 0.351626
1732,	Iter: 1732, train loss: 1.5102, avg nll: 0.1437, avg wnll: 6.1170, avg kl: 0.0364, mse: 0.265993, wmse: 4.316384, mae: 0.348709
1733,	Iter: 1733, train loss: 1.5601, avg nll: 0.1587, avg wnll: 6.4079, avg kl: 0.0397, mse: 0.272339, wmse: 4.423254, mae: 0.353329
1734,	Iter: 1734, train loss: 1.6224, avg nll: 0.1928, avg wnll: 6.2977, avg kl: 0.0368, mse: 0.278546, wmse: 4.541749, mae: 0.359075
1735,	Iter: 1735, train loss: 1.5128, avg nll: 0.1423, avg wnll: 5.9980, avg kl: 0.0377, mse: 0.266560, wmse: 4.309837, mae: 0.348955
1736,	Iter: 1736, train loss: 1.4679, avg nll: 0.1245, avg wnll: 6.1677, avg kl: 0.0366, mse: 0.261354, wmse: 4.249805, mae: 0.342901
1737,	Iter: 1737, train loss: 1.5676, avg nll: 0.1564, avg wnll: 6.1319, avg kl: 0.0386, mse: 0.274526, wmse: 4.432381, mae: 0.354109
1738,	Iter: 1738, train loss: 1.4778, avg nll: 0.1374, avg wnll: 6.3750, avg kl: 0.0357, mse: 0.260957, wmse: 4.225641, mae: 0.343029
1739,	Iter: 1739, train loss: 1.4541, avg nll: 0.1138, avg wnll: 6.4088, avg kl: 0.0372, mse: 0.260603, wmse: 4.246865, mae: 0.344067
1740,	Iter: 1740, train loss: 1.5156, avg nll: 0.1550, avg wnll: 6.5377, avg kl: 0.0361, mse: 0.264881, wmse: 4.299356, mae: 0.347828
nll: 2.6733, mse: 0.7017, mae: 0.6277, mean_mse: 12.3002, mean_mae: 0.6277
1679431235.4078417
saving.................
done
1741,	Iter: 1741, train loss: 1.5624, avg nll: 0.1714, avg wnll: 6.5152, avg kl: 0.0379, mse: 0.270607, wmse: 4.388299, mae: 0.351566
1742,	Iter: 1742, train loss: 1.5057, avg nll: 0.1401, avg wnll: 6.1400, avg kl: 0.0364, mse: 0.265839, wmse: 4.314416, mae: 0.348683
1743,	Iter: 1743, train loss: 1.5594, avg nll: 0.1555, avg wnll: 6.3909, avg kl: 0.0403, mse: 0.272726, wmse: 4.428569, mae: 0.353264
1744,	Iter: 1744, train loss: 1.6261, avg nll: 0.1947, avg wnll: 6.2813, avg kl: 0.0367, mse: 0.278959, wmse: 4.548905, mae: 0.359375
1745,	Iter: 1745, train loss: 1.5156, avg nll: 0.1440, avg wnll: 6.0276, avg kl: 0.0381, mse: 0.266711, wmse: 4.316135, mae: 0.348996
1746,	Iter: 1746, train loss: 1.4634, avg nll: 0.1211, avg wnll: 6.2061, avg kl: 0.0362, mse: 0.261225, wmse: 4.247414, mae: 0.342698
1747,	Iter: 1747, train loss: 1.5624, avg nll: 0.1518, avg wnll: 6.1889, avg kl: 0.0392, mse: 0.274273, wmse: 4.428554, mae: 0.353810
1748,	Iter: 1748, train loss: 1.4740, avg nll: 0.1338, avg wnll: 6.3103, avg kl: 0.0363, mse: 0.260779, wmse: 4.224847, mae: 0.342628
1749,	Iter: 1749, train loss: 1.4487, avg nll: 0.1094, avg wnll: 6.4516, avg kl: 0.0373, mse: 0.260408, wmse: 4.245644, mae: 0.343894
1750,	Iter: 1750, train loss: 1.5126, avg nll: 0.1538, avg wnll: 6.5364, avg kl: 0.0362, mse: 0.264509, wmse: 4.297238, mae: 0.347550
nll: 2.6884, mse: 0.7010, mae: 0.6277, mean_mse: 12.2936, mean_mae: 0.6277
1679431461.9153929
1751,	Iter: 1751, train loss: 1.5588, avg nll: 0.1707, avg wnll: 6.6050, avg kl: 0.0376, mse: 0.270088, wmse: 4.378536, mae: 0.350963
1752,	Iter: 1752, train loss: 1.5020, avg nll: 0.1379, avg wnll: 6.1486, avg kl: 0.0361, mse: 0.265597, wmse: 4.310245, mae: 0.348107
1753,	Iter: 1753, train loss: 1.5486, avg nll: 0.1499, avg wnll: 6.4144, avg kl: 0.0397, mse: 0.271806, wmse: 4.415210, mae: 0.352643
1754,	Iter: 1754, train loss: 1.6156, avg nll: 0.1874, avg wnll: 6.2695, avg kl: 0.0365, mse: 0.278324, wmse: 4.538623, mae: 0.358691
1755,	Iter: 1755, train loss: 1.5050, avg nll: 0.1358, avg wnll: 5.9703, avg kl: 0.0376, mse: 0.266320, wmse: 4.306820, mae: 0.348461
1756,	Iter: 1756, train loss: 1.4597, avg nll: 0.1181, avg wnll: 6.1564, avg kl: 0.0361, mse: 0.261104, wmse: 4.245787, mae: 0.342359
1757,	Iter: 1757, train loss: 1.5565, avg nll: 0.1475, avg wnll: 6.1280, avg kl: 0.0384, mse: 0.274116, wmse: 4.425872, mae: 0.353434
1758,	Iter: 1758, train loss: 1.4698, avg nll: 0.1313, avg wnll: 6.3836, avg kl: 0.0355, mse: 0.260597, wmse: 4.220499, mae: 0.342410
1759,	Iter: 1759, train loss: 1.4438, avg nll: 0.1049, avg wnll: 6.3572, avg kl: 0.0371, mse: 0.260348, wmse: 4.243712, mae: 0.343571
1760,	Iter: 1760, train loss: 1.5051, avg nll: 0.1461, avg wnll: 6.5560, avg kl: 0.0359, mse: 0.264613, wmse: 4.295709, mae: 0.347348
nll: 2.7139, mse: 0.7019, mae: 0.6278, mean_mse: 12.3022, mean_mae: 0.6278
1679431689.8094447
1761,	Iter: 1761, train loss: 1.5541, avg nll: 0.1654, avg wnll: 6.5240, avg kl: 0.0376, mse: 0.270214, wmse: 4.381925, mae: 0.350981
1762,	Iter: 1762, train loss: 1.4969, avg nll: 0.1332, avg wnll: 6.1379, avg kl: 0.0363, mse: 0.265486, wmse: 4.309631, mae: 0.348079
1763,	Iter: 1763, train loss: 1.5506, avg nll: 0.1491, avg wnll: 6.3707, avg kl: 0.0400, mse: 0.272288, wmse: 4.422717, mae: 0.352596
1764,	Iter: 1764, train loss: 1.6154, avg nll: 0.1855, avg wnll: 6.2520, avg kl: 0.0366, mse: 0.278645, wmse: 4.544889, mae: 0.358814
1765,	Iter: 1765, train loss: 1.5066, avg nll: 0.1363, avg wnll: 5.9826, avg kl: 0.0379, mse: 0.266480, wmse: 4.313113, mae: 0.348535
1766,	Iter: 1766, train loss: 1.4567, avg nll: 0.1165, avg wnll: 6.2299, avg kl: 0.0362, mse: 0.260799, wmse: 4.241905, mae: 0.342104
1767,	Iter: 1767, train loss: 1.5510, avg nll: 0.1416, avg wnll: 6.1438, avg kl: 0.0391, mse: 0.274063, wmse: 4.426221, mae: 0.353283
1768,	Iter: 1768, train loss: 1.4671, avg nll: 0.1284, avg wnll: 6.3337, avg kl: 0.0362, mse: 0.260506, wmse: 4.221167, mae: 0.342127
1769,	Iter: 1769, train loss: 1.4383, avg nll: 0.1006, avg wnll: 6.3876, avg kl: 0.0371, mse: 0.260131, wmse: 4.241907, mae: 0.343353
1770,	Iter: 1770, train loss: 1.5003, avg nll: 0.1439, avg wnll: 6.5481, avg kl: 0.0361, mse: 0.264059, wmse: 4.290646, mae: 0.346831
nll: 2.7396, mse: 0.7010, mae: 0.6278, mean_mse: 12.2948, mean_mae: 0.6278
1679431921.4053483
saving.................
done
1771,	Iter: 1771, train loss: 1.5516, avg nll: 0.1655, avg wnll: 6.6363, avg kl: 0.0376, mse: 0.269705, wmse: 4.372903, mae: 0.350405
1772,	Iter: 1772, train loss: 1.4915, avg nll: 0.1289, avg wnll: 6.0900, avg kl: 0.0360, mse: 0.265325, wmse: 4.305705, mae: 0.347608
1773,	Iter: 1773, train loss: 1.5407, avg nll: 0.1439, avg wnll: 6.4239, avg kl: 0.0397, mse: 0.271419, wmse: 4.409107, mae: 0.352126
1774,	Iter: 1774, train loss: 1.6030, avg nll: 0.1769, avg wnll: 6.2402, avg kl: 0.0365, mse: 0.277935, wmse: 4.532548, mae: 0.358047
1775,	Iter: 1775, train loss: 1.4953, avg nll: 0.1285, avg wnll: 5.9725, avg kl: 0.0376, mse: 0.265842, wmse: 4.299690, mae: 0.347781
1776,	Iter: 1776, train loss: 1.4621, avg nll: 0.1210, avg wnll: 6.2697, avg kl: 0.0360, mse: 0.261023, wmse: 4.244718, mae: 0.342049
1777,	Iter: 1777, train loss: 1.5464, avg nll: 0.1371, avg wnll: 6.0388, avg kl: 0.0384, mse: 0.274195, wmse: 4.427196, mae: 0.353397
1778,	Iter: 1778, train loss: 1.4657, avg nll: 0.1280, avg wnll: 6.4079, avg kl: 0.0355, mse: 0.260435, wmse: 4.217985, mae: 0.342058
1779,	Iter: 1779, train loss: 1.4345, avg nll: 0.0976, avg wnll: 6.3206, avg kl: 0.0371, mse: 0.259967, wmse: 4.237728, mae: 0.342925
1780,	Iter: 1780, train loss: 1.4979, avg nll: 0.1410, avg wnll: 6.5594, avg kl: 0.0360, mse: 0.264188, wmse: 4.289278, mae: 0.346680
nll: 2.7427, mse: 0.7020, mae: 0.6278, mean_mse: 12.3010, mean_mae: 0.6278
1679432148.0778353
1781,	Iter: 1781, train loss: 1.5482, avg nll: 0.1607, avg wnll: 6.5310, avg kl: 0.0377, mse: 0.269946, wmse: 4.377323, mae: 0.350568
1782,	Iter: 1782, train loss: 1.4872, avg nll: 0.1253, avg wnll: 6.0748, avg kl: 0.0362, mse: 0.265121, wmse: 4.304061, mae: 0.347381
1783,	Iter: 1783, train loss: 1.5423, avg nll: 0.1431, avg wnll: 6.3905, avg kl: 0.0399, mse: 0.271869, wmse: 4.416519, mae: 0.351907
1784,	Iter: 1784, train loss: 1.5996, avg nll: 0.1734, avg wnll: 6.2061, avg kl: 0.0367, mse: 0.277918, wmse: 4.532994, mae: 0.357804
1785,	Iter: 1785, train loss: 1.4979, avg nll: 0.1306, avg wnll: 5.9821, avg kl: 0.0379, mse: 0.265888, wmse: 4.303973, mae: 0.347716
1786,	Iter: 1786, train loss: 1.4493, avg nll: 0.1109, avg wnll: 6.2441, avg kl: 0.0361, mse: 0.260448, wmse: 4.236893, mae: 0.341463
1787,	Iter: 1787, train loss: 1.5445, avg nll: 0.1356, avg wnll: 6.1576, avg kl: 0.0389, mse: 0.274003, wmse: 4.425998, mae: 0.353008
1788,	Iter: 1788, train loss: 1.4619, avg nll: 0.1245, avg wnll: 6.3655, avg kl: 0.0359, mse: 0.260312, wmse: 4.217895, mae: 0.341763
1789,	Iter: 1789, train loss: 1.4329, avg nll: 0.0960, avg wnll: 6.4188, avg kl: 0.0369, mse: 0.259995, wmse: 4.239373, mae: 0.342968
1790,	Iter: 1790, train loss: 1.4966, avg nll: 0.1412, avg wnll: 6.5151, avg kl: 0.0359, mse: 0.263909, wmse: 4.288239, mae: 0.346504
nll: 2.7611, mse: 0.7010, mae: 0.6278, mean_mse: 12.2976, mean_mae: 0.6278
1679432376.9308915
1791,	Iter: 1791, train loss: 1.5416, avg nll: 0.1562, avg wnll: 6.5701, avg kl: 0.0377, mse: 0.269532, wmse: 4.370653, mae: 0.350063
1792,	Iter: 1792, train loss: 1.4837, avg nll: 0.1226, avg wnll: 6.0414, avg kl: 0.0360, mse: 0.265019, wmse: 4.300656, mae: 0.347237
1793,	Iter: 1793, train loss: 1.5366, avg nll: 0.1405, avg wnll: 6.4730, avg kl: 0.0396, mse: 0.271294, wmse: 4.406863, mae: 0.351781
1794,	Iter: 1794, train loss: 1.5943, avg nll: 0.1693, avg wnll: 6.2144, avg kl: 0.0364, mse: 0.277713, wmse: 4.529814, mae: 0.357566
1795,	Iter: 1795, train loss: 1.4886, avg nll: 0.1236, avg wnll: 5.9781, avg kl: 0.0375, mse: 0.265487, wmse: 4.294636, mae: 0.347282
1796,	Iter: 1796, train loss: 1.4536, avg nll: 0.1133, avg wnll: 6.2461, avg kl: 0.0359, mse: 0.260876, wmse: 4.242263, mae: 0.341615
1797,	Iter: 1797, train loss: 1.5454, avg nll: 0.1368, avg wnll: 6.1361, avg kl: 0.0384, mse: 0.274045, wmse: 4.424347, mae: 0.353143
1798,	Iter: 1798, train loss: 1.4605, avg nll: 0.1233, avg wnll: 6.4032, avg kl: 0.0354, mse: 0.260374, wmse: 4.218234, mae: 0.341831
1799,	Iter: 1799, train loss: 1.4308, avg nll: 0.0941, avg wnll: 6.3516, avg kl: 0.0370, mse: 0.259945, wmse: 4.236694, mae: 0.342778
1800,	Iter: 1800, train loss: 1.4930, avg nll: 0.1367, avg wnll: 6.5495, avg kl: 0.0359, mse: 0.264067, wmse: 4.288191, mae: 0.346370
nll: 2.7653, mse: 0.7022, mae: 0.6279, mean_mse: 12.3070, mean_mae: 0.6279
1679432608.5623655
saving.................
done
1801,	Iter: 1801, train loss: 1.5354, avg nll: 0.1491, avg wnll: 6.4535, avg kl: 0.0377, mse: 0.269720, wmse: 4.374080, mae: 0.350158
1802,	Iter: 1802, train loss: 1.4839, avg nll: 0.1235, avg wnll: 6.1199, avg kl: 0.0362, mse: 0.264836, wmse: 4.300224, mae: 0.346984
1803,	Iter: 1803, train loss: 1.5327, avg nll: 0.1357, avg wnll: 6.4174, avg kl: 0.0397, mse: 0.271441, wmse: 4.410124, mae: 0.351317
1804,	Iter: 1804, train loss: 1.5917, avg nll: 0.1680, avg wnll: 6.1932, avg kl: 0.0366, mse: 0.277418, wmse: 4.525348, mae: 0.357105
1805,	Iter: 1805, train loss: 1.4911, avg nll: 0.1251, avg wnll: 6.0040, avg kl: 0.0381, mse: 0.265595, wmse: 4.298917, mae: 0.347255
1806,	Iter: 1806, train loss: 1.4416, avg nll: 0.1049, avg wnll: 6.2622, avg kl: 0.0364, mse: 0.260071, wmse: 4.230872, mae: 0.340884
1807,	Iter: 1807, train loss: 1.5390, avg nll: 0.1323, avg wnll: 6.1793, avg kl: 0.0391, mse: 0.273521, wmse: 4.417127, mae: 0.352356
1808,	Iter: 1808, train loss: 1.4516, avg nll: 0.1151, avg wnll: 6.2983, avg kl: 0.0359, mse: 0.260108, wmse: 4.214485, mae: 0.341380
1809,	Iter: 1809, train loss: 1.4249, avg nll: 0.0893, avg wnll: 6.4113, avg kl: 0.0369, mse: 0.259750, wmse: 4.235659, mae: 0.342610
1810,	Iter: 1810, train loss: 1.4893, avg nll: 0.1348, avg wnll: 6.5081, avg kl: 0.0357, mse: 0.263759, wmse: 4.286275, mae: 0.346134
nll: 2.7806, mse: 0.7012, mae: 0.6279, mean_mse: 12.2989, mean_mae: 0.6279
1679432835.4493787
1811,	Iter: 1811, train loss: 1.5322, avg nll: 0.1482, avg wnll: 6.5140, avg kl: 0.0374, mse: 0.269319, wmse: 4.367713, mae: 0.349596
1812,	Iter: 1812, train loss: 1.4874, avg nll: 0.1270, avg wnll: 6.1006, avg kl: 0.0357, mse: 0.264941, wmse: 4.299575, mae: 0.346884
1813,	Iter: 1813, train loss: 1.5279, avg nll: 0.1327, avg wnll: 6.4437, avg kl: 0.0394, mse: 0.271146, wmse: 4.403995, mae: 0.351380
1814,	Iter: 1814, train loss: 1.5948, avg nll: 0.1706, avg wnll: 6.2617, avg kl: 0.0362, mse: 0.277611, wmse: 4.528603, mae: 0.357300
1815,	Iter: 1815, train loss: 1.4848, avg nll: 0.1203, avg wnll: 5.9460, avg kl: 0.0376, mse: 0.265386, wmse: 4.292968, mae: 0.347114
1816,	Iter: 1816, train loss: 1.4431, avg nll: 0.1037, avg wnll: 6.1708, avg kl: 0.0359, mse: 0.260677, wmse: 4.238797, mae: 0.341373
1817,	Iter: 1817, train loss: 1.5333, avg nll: 0.1271, avg wnll: 6.1500, avg kl: 0.0385, mse: 0.273545, wmse: 4.416868, mae: 0.352418
1818,	Iter: 1818, train loss: 1.4481, avg nll: 0.1124, avg wnll: 6.3572, avg kl: 0.0355, mse: 0.260029, wmse: 4.213138, mae: 0.341235
1819,	Iter: 1819, train loss: 1.4200, avg nll: 0.0855, avg wnll: 6.3493, avg kl: 0.0371, mse: 0.259479, wmse: 4.229847, mae: 0.342065
1820,	Iter: 1820, train loss: 1.4860, avg nll: 0.1312, avg wnll: 6.5733, avg kl: 0.0359, mse: 0.263771, wmse: 4.284313, mae: 0.345933
nll: 2.8126, mse: 0.7019, mae: 0.6277, mean_mse: 12.3015, mean_mae: 0.6277
1679433063.8756144
1821,	Iter: 1821, train loss: 1.5326, avg nll: 0.1467, avg wnll: 6.5123, avg kl: 0.0377, mse: 0.269641, wmse: 4.372598, mae: 0.349923
1822,	Iter: 1822, train loss: 1.4857, avg nll: 0.1256, avg wnll: 6.1732, avg kl: 0.0362, mse: 0.264778, wmse: 4.299696, mae: 0.346734
1823,	Iter: 1823, train loss: 1.5243, avg nll: 0.1272, avg wnll: 6.3612, avg kl: 0.0396, mse: 0.271486, wmse: 4.411431, mae: 0.351314
1824,	Iter: 1824, train loss: 1.5882, avg nll: 0.1649, avg wnll: 6.2165, avg kl: 0.0366, mse: 0.277333, wmse: 4.523498, mae: 0.356938
1825,	Iter: 1825, train loss: 1.4874, avg nll: 0.1210, avg wnll: 5.9587, avg kl: 0.0378, mse: 0.265726, wmse: 4.301075, mae: 0.347202
1826,	Iter: 1826, train loss: 1.4264, avg nll: 0.0904, avg wnll: 6.1805, avg kl: 0.0363, mse: 0.259946, wmse: 4.229391, mae: 0.340555
1827,	Iter: 1827, train loss: 1.5322, avg nll: 0.1268, avg wnll: 6.2036, avg kl: 0.0390, mse: 0.273281, wmse: 4.413184, mae: 0.351837
1828,	Iter: 1828, train loss: 1.4430, avg nll: 0.1076, avg wnll: 6.3031, avg kl: 0.0359, mse: 0.259889, wmse: 4.211420, mae: 0.340944
1829,	Iter: 1829, train loss: 1.4151, avg nll: 0.0818, avg wnll: 6.4096, avg kl: 0.0368, mse: 0.259311, wmse: 4.229130, mae: 0.341898
1830,	Iter: 1830, train loss: 1.4816, avg nll: 0.1285, avg wnll: 6.4964, avg kl: 0.0357, mse: 0.263472, wmse: 4.281660, mae: 0.345779
nll: 2.8067, mse: 0.7015, mae: 0.6281, mean_mse: 12.3025, mean_mae: 0.6281
1679433292.7520783
saving.................
done
1831,	Iter: 1831, train loss: 1.5339, avg nll: 0.1499, avg wnll: 6.5822, avg kl: 0.0374, mse: 0.269312, wmse: 4.367908, mae: 0.349534
1832,	Iter: 1832, train loss: 1.4800, avg nll: 0.1201, avg wnll: 6.0965, avg kl: 0.0357, mse: 0.264847, wmse: 4.298747, mae: 0.346718
1833,	Iter: 1833, train loss: 1.5213, avg nll: 0.1252, avg wnll: 6.3804, avg kl: 0.0393, mse: 0.271365, wmse: 4.406604, mae: 0.351421
1834,	Iter: 1834, train loss: 1.5963, avg nll: 0.1713, avg wnll: 6.3404, avg kl: 0.0363, mse: 0.277740, wmse: 4.531221, mae: 0.357305
1835,	Iter: 1835, train loss: 1.4862, avg nll: 0.1201, avg wnll: 5.9510, avg kl: 0.0376, mse: 0.265713, wmse: 4.297737, mae: 0.347367
1836,	Iter: 1836, train loss: 1.4371, avg nll: 0.0984, avg wnll: 6.1936, avg kl: 0.0359, mse: 0.260576, wmse: 4.236318, mae: 0.341120
1837,	Iter: 1837, train loss: 1.5287, avg nll: 0.1233, avg wnll: 6.1461, avg kl: 0.0386, mse: 0.273371, wmse: 4.414382, mae: 0.352086
1838,	Iter: 1838, train loss: 1.4366, avg nll: 0.1025, avg wnll: 6.2762, avg kl: 0.0356, mse: 0.259704, wmse: 4.207579, mae: 0.340631
1839,	Iter: 1839, train loss: 1.4149, avg nll: 0.0821, avg wnll: 6.3723, avg kl: 0.0369, mse: 0.259186, wmse: 4.225829, mae: 0.341579
1840,	Iter: 1840, train loss: 1.4767, avg nll: 0.1232, avg wnll: 6.5310, avg kl: 0.0359, mse: 0.263512, wmse: 4.280801, mae: 0.345531
nll: 2.8451, mse: 0.7021, mae: 0.6278, mean_mse: 12.3065, mean_mae: 0.6278
1679433523.225964
1841,	Iter: 1841, train loss: 1.5346, avg nll: 0.1478, avg wnll: 6.5642, avg kl: 0.0378, mse: 0.269788, wmse: 4.374332, mae: 0.350041
1842,	Iter: 1842, train loss: 1.4783, avg nll: 0.1183, avg wnll: 6.1571, avg kl: 0.0362, mse: 0.264760, wmse: 4.299983, mae: 0.346498
1843,	Iter: 1843, train loss: 1.5195, avg nll: 0.1221, avg wnll: 6.3491, avg kl: 0.0395, mse: 0.271582, wmse: 4.412484, mae: 0.351250
1844,	Iter: 1844, train loss: 1.5895, avg nll: 0.1666, avg wnll: 6.2771, avg kl: 0.0367, mse: 0.277245, wmse: 4.522218, mae: 0.356760
1845,	Iter: 1845, train loss: 1.4816, avg nll: 0.1149, avg wnll: 5.9136, avg kl: 0.0377, mse: 0.265788, wmse: 4.302635, mae: 0.347208
1846,	Iter: 1846, train loss: 1.4244, avg nll: 0.0886, avg wnll: 6.2191, avg kl: 0.0363, mse: 0.259914, wmse: 4.229311, mae: 0.340390
1847,	Iter: 1847, train loss: 1.5243, avg nll: 0.1203, avg wnll: 6.1277, avg kl: 0.0389, mse: 0.273021, wmse: 4.407921, mae: 0.351498
1848,	Iter: 1848, train loss: 1.4319, avg nll: 0.0981, avg wnll: 6.2563, avg kl: 0.0361, mse: 0.259518, wmse: 4.206574, mae: 0.340369
1849,	Iter: 1849, train loss: 1.4151, avg nll: 0.0823, avg wnll: 6.4896, avg kl: 0.0368, mse: 0.259206, wmse: 4.226878, mae: 0.341545
1850,	Iter: 1850, train loss: 1.4719, avg nll: 0.1195, avg wnll: 6.4305, avg kl: 0.0359, mse: 0.263290, wmse: 4.278424, mae: 0.345411
nll: 2.8394, mse: 0.7016, mae: 0.6282, mean_mse: 12.3049, mean_mae: 0.6282
1679433748.5606387
1851,	Iter: 1851, train loss: 1.5305, avg nll: 0.1468, avg wnll: 6.6190, avg kl: 0.0375, mse: 0.269233, wmse: 4.366302, mae: 0.349388
1852,	Iter: 1852, train loss: 1.4737, avg nll: 0.1150, avg wnll: 6.1195, avg kl: 0.0357, mse: 0.264597, wmse: 4.294786, mae: 0.346419
1853,	Iter: 1853, train loss: 1.5201, avg nll: 0.1228, avg wnll: 6.3675, avg kl: 0.0391, mse: 0.271617, wmse: 4.410806, mae: 0.351538
1854,	Iter: 1854, train loss: 1.5937, avg nll: 0.1694, avg wnll: 6.3234, avg kl: 0.0364, mse: 0.277586, wmse: 4.529047, mae: 0.357065
1855,	Iter: 1855, train loss: 1.4758, avg nll: 0.1109, avg wnll: 5.8762, avg kl: 0.0375, mse: 0.265471, wmse: 4.293462, mae: 0.346970
1856,	Iter: 1856, train loss: 1.4334, avg nll: 0.0956, avg wnll: 6.2528, avg kl: 0.0360, mse: 0.260346, wmse: 4.233150, mae: 0.340777
1857,	Iter: 1857, train loss: 1.5285, avg nll: 0.1224, avg wnll: 6.1927, avg kl: 0.0387, mse: 0.273477, wmse: 4.417591, mae: 0.352093
1858,	Iter: 1858, train loss: 1.4337, avg nll: 0.0995, avg wnll: 6.2733, avg kl: 0.0358, mse: 0.259695, wmse: 4.207100, mae: 0.340460
1859,	Iter: 1859, train loss: 1.4123, avg nll: 0.0803, avg wnll: 6.4275, avg kl: 0.0368, mse: 0.259016, wmse: 4.222585, mae: 0.341256
1860,	Iter: 1860, train loss: 1.4670, avg nll: 0.1148, avg wnll: 6.4951, avg kl: 0.0358, mse: 0.263282, wmse: 4.277607, mae: 0.345217
nll: 2.8655, mse: 0.7021, mae: 0.6279, mean_mse: 12.3073, mean_mae: 0.6279
1679433982.2535279
saving.................
done
1861,	Iter: 1861, train loss: 1.5316, avg nll: 0.1453, avg wnll: 6.6003, avg kl: 0.0377, mse: 0.269729, wmse: 4.372881, mae: 0.349832
1862,	Iter: 1862, train loss: 1.4720, avg nll: 0.1134, avg wnll: 6.1404, avg kl: 0.0363, mse: 0.264466, wmse: 4.296054, mae: 0.346089
1863,	Iter: 1863, train loss: 1.5085, avg nll: 0.1125, avg wnll: 6.2761, avg kl: 0.0394, mse: 0.271304, wmse: 4.407954, mae: 0.350748
1864,	Iter: 1864, train loss: 1.5809, avg nll: 0.1601, avg wnll: 6.2561, avg kl: 0.0367, mse: 0.276834, wmse: 4.514771, mae: 0.356163
1865,	Iter: 1865, train loss: 1.4749, avg nll: 0.1093, avg wnll: 5.9090, avg kl: 0.0378, mse: 0.265563, wmse: 4.298874, mae: 0.346871
1866,	Iter: 1866, train loss: 1.4215, avg nll: 0.0861, avg wnll: 6.2429, avg kl: 0.0362, mse: 0.259846, wmse: 4.227841, mae: 0.340181
1867,	Iter: 1867, train loss: 1.5261, avg nll: 0.1214, avg wnll: 6.2545, avg kl: 0.0387, mse: 0.273192, wmse: 4.409632, mae: 0.351746
1868,	Iter: 1868, train loss: 1.4299, avg nll: 0.0959, avg wnll: 6.2422, avg kl: 0.0359, mse: 0.259604, wmse: 4.208356, mae: 0.340332
1869,	Iter: 1869, train loss: 1.4112, avg nll: 0.0788, avg wnll: 6.5053, avg kl: 0.0369, mse: 0.259089, wmse: 4.225109, mae: 0.341261
1870,	Iter: 1870, train loss: 1.4635, avg nll: 0.1112, avg wnll: 6.4256, avg kl: 0.0358, mse: 0.263299, wmse: 4.278664, mae: 0.345232
nll: 2.8595, mse: 0.7015, mae: 0.6281, mean_mse: 12.3033, mean_mae: 0.6281
1679434210.0284789
1871,	Iter: 1871, train loss: 1.5255, avg nll: 0.1424, avg wnll: 6.6396, avg kl: 0.0375, mse: 0.269128, wmse: 4.365072, mae: 0.349089
1872,	Iter: 1872, train loss: 1.4691, avg nll: 0.1101, avg wnll: 6.1044, avg kl: 0.0358, mse: 0.264622, wmse: 4.295231, mae: 0.346249
1873,	Iter: 1873, train loss: 1.5083, avg nll: 0.1130, avg wnll: 6.3090, avg kl: 0.0393, mse: 0.271186, wmse: 4.404396, mae: 0.350756
1874,	Iter: 1874, train loss: 1.5858, avg nll: 0.1643, avg wnll: 6.3288, avg kl: 0.0362, mse: 0.277056, wmse: 4.521045, mae: 0.356439
1875,	Iter: 1875, train loss: 1.4357, avg nll: 0.1089, avg wnll: 5.8952, avg kl: 0.0386, mse: 0.265369, wmse: 4.291686, mae: 0.346802
1876,	Iter: 1876, train loss: 1.3908, avg nll: 0.0896, avg wnll: 6.2211, avg kl: 0.0379, mse: 0.260211, wmse: 4.230260, mae: 0.340651
1877,	Iter: 1877, train loss: 1.4881, avg nll: 0.1219, avg wnll: 6.2802, avg kl: 0.0413, mse: 0.273144, wmse: 4.411489, mae: 0.351726
1878,	Iter: 1878, train loss: 1.3920, avg nll: 0.0935, avg wnll: 6.2126, avg kl: 0.0386, mse: 0.259572, wmse: 4.204162, mae: 0.340169
1879,	Iter: 1879, train loss: 1.3735, avg nll: 0.0795, avg wnll: 6.5156, avg kl: 0.0399, mse: 0.258625, wmse: 4.214764, mae: 0.340813
1880,	Iter: 1880, train loss: 1.4194, avg nll: 0.1046, avg wnll: 6.4929, avg kl: 0.0393, mse: 0.262760, wmse: 4.269123, mae: 0.344583
nll: 2.9096, mse: 0.7022, mae: 0.6279, mean_mse: 12.3064, mean_mae: 0.6279
1679434440.9042754
1881,	Iter: 1881, train loss: 1.4912, avg nll: 0.1425, avg wnll: 6.6240, avg kl: 0.0417, mse: 0.269466, wmse: 4.368501, mae: 0.349586
1882,	Iter: 1882, train loss: 1.4297, avg nll: 0.1089, avg wnll: 6.1504, avg kl: 0.0404, mse: 0.263859, wmse: 4.286256, mae: 0.345468
1883,	Iter: 1883, train loss: 1.4639, avg nll: 0.1079, avg wnll: 6.3061, avg kl: 0.0443, mse: 0.270816, wmse: 4.399274, mae: 0.350249
1884,	Iter: 1884, train loss: 1.5384, avg nll: 0.1550, avg wnll: 6.2886, avg kl: 0.0415, mse: 0.276282, wmse: 4.505570, mae: 0.355640
1885,	Iter: 1885, train loss: 1.4370, avg nll: 0.1081, avg wnll: 5.9341, avg kl: 0.0427, mse: 0.265336, wmse: 4.294353, mae: 0.346683
1886,	Iter: 1886, train loss: 1.3809, avg nll: 0.0806, avg wnll: 6.1669, avg kl: 0.0408, mse: 0.259578, wmse: 4.221654, mae: 0.339843
1887,	Iter: 1887, train loss: 1.4841, avg nll: 0.1181, avg wnll: 6.2668, avg kl: 0.0441, mse: 0.272627, wmse: 4.399455, mae: 0.351258
1888,	Iter: 1888, train loss: 1.3873, avg nll: 0.0898, avg wnll: 6.2021, avg kl: 0.0412, mse: 0.258935, wmse: 4.196272, mae: 0.339600
1889,	Iter: 1889, train loss: 1.3690, avg nll: 0.0735, avg wnll: 6.4761, avg kl: 0.0425, mse: 0.258467, wmse: 4.214968, mae: 0.340570
1890,	Iter: 1890, train loss: 1.4210, avg nll: 0.1056, avg wnll: 6.4730, avg kl: 0.0414, mse: 0.262428, wmse: 4.264177, mae: 0.344414
nll: 2.8897, mse: 0.7016, mae: 0.6282, mean_mse: 12.3031, mean_mae: 0.6282
1679434668.2833855
saving.................
done
1891,	Iter: 1891, train loss: 1.4823, avg nll: 0.1361, avg wnll: 6.6319, avg kl: 0.0434, mse: 0.268511, wmse: 4.354536, mae: 0.348442
1892,	Iter: 1892, train loss: 1.4266, avg nll: 0.1043, avg wnll: 6.1025, avg kl: 0.0417, mse: 0.263704, wmse: 4.280447, mae: 0.345395
1893,	Iter: 1893, train loss: 1.4634, avg nll: 0.1054, avg wnll: 6.3151, avg kl: 0.0459, mse: 0.270716, wmse: 4.396346, mae: 0.350144
1894,	Iter: 1894, train loss: 1.5401, avg nll: 0.1550, avg wnll: 6.3139, avg kl: 0.0429, mse: 0.276146, wmse: 4.503306, mae: 0.355521
1895,	Iter: 1895, train loss: 1.4290, avg nll: 0.1013, avg wnll: 5.9266, avg kl: 0.0443, mse: 0.264611, wmse: 4.279593, mae: 0.345908
1896,	Iter: 1896, train loss: 1.3856, avg nll: 0.0815, avg wnll: 6.1634, avg kl: 0.0424, mse: 0.259869, wmse: 4.224576, mae: 0.340530
1897,	Iter: 1897, train loss: 1.4806, avg nll: 0.1135, avg wnll: 6.2652, avg kl: 0.0459, mse: 0.272337, wmse: 4.396729, mae: 0.350865
1898,	Iter: 1898, train loss: 1.3914, avg nll: 0.0896, avg wnll: 6.2097, avg kl: 0.0426, mse: 0.259314, wmse: 4.201003, mae: 0.339914
1899,	Iter: 1899, train loss: 1.3701, avg nll: 0.0735, avg wnll: 6.4416, avg kl: 0.0436, mse: 0.258202, wmse: 4.206993, mae: 0.340304
1900,	Iter: 1900, train loss: 1.4189, avg nll: 0.1023, avg wnll: 6.5727, avg kl: 0.0428, mse: 0.262192, wmse: 4.259481, mae: 0.344006
nll: 2.9525, mse: 0.7022, mae: 0.6280, mean_mse: 12.3055, mean_mae: 0.6280
1679434896.5956914
1901,	Iter: 1901, train loss: 1.4873, avg nll: 0.1348, avg wnll: 6.5900, avg kl: 0.0453, mse: 0.269240, wmse: 4.364657, mae: 0.349259
1902,	Iter: 1902, train loss: 1.4244, avg nll: 0.1016, avg wnll: 6.1429, avg kl: 0.0435, mse: 0.263307, wmse: 4.276687, mae: 0.344966
1903,	Iter: 1903, train loss: 1.4574, avg nll: 0.0998, avg wnll: 6.2876, avg kl: 0.0475, mse: 0.270095, wmse: 4.387488, mae: 0.349433
1904,	Iter: 1904, train loss: 1.5356, avg nll: 0.1497, avg wnll: 6.3363, avg kl: 0.0444, mse: 0.275811, wmse: 4.497884, mae: 0.355127
1905,	Iter: 1905, train loss: 1.4343, avg nll: 0.1030, avg wnll: 5.9771, avg kl: 0.0456, mse: 0.264812, wmse: 4.286252, mae: 0.346051
1906,	Iter: 1906, train loss: 1.3856, avg nll: 0.0803, avg wnll: 6.1254, avg kl: 0.0435, mse: 0.259625, wmse: 4.221420, mae: 0.339862
1907,	Iter: 1907, train loss: 1.4922, avg nll: 0.1194, avg wnll: 6.3013, avg kl: 0.0465, mse: 0.272970, wmse: 4.405450, mae: 0.351723
1908,	Iter: 1908, train loss: 1.3909, avg nll: 0.0884, avg wnll: 6.2228, avg kl: 0.0433, mse: 0.258977, wmse: 4.196239, mae: 0.339614
1909,	Iter: 1909, train loss: 1.3707, avg nll: 0.0708, avg wnll: 6.4472, avg kl: 0.0450, mse: 0.258357, wmse: 4.212555, mae: 0.340422
1910,	Iter: 1910, train loss: 1.4213, avg nll: 0.1017, avg wnll: 6.4217, avg kl: 0.0438, mse: 0.262287, wmse: 4.261873, mae: 0.344133
nll: 2.9238, mse: 0.7014, mae: 0.6282, mean_mse: 12.3028, mean_mae: 0.6282
1679435123.007791
1911,	Iter: 1911, train loss: 1.4813, avg nll: 0.1313, avg wnll: 6.5901, avg kl: 0.0456, mse: 0.268231, wmse: 4.349666, mae: 0.348061
1912,	Iter: 1912, train loss: 1.4278, avg nll: 0.1001, avg wnll: 6.1343, avg kl: 0.0437, mse: 0.263815, wmse: 4.281877, mae: 0.345507
1913,	Iter: 1913, train loss: 1.4623, avg nll: 0.1007, avg wnll: 6.3270, avg kl: 0.0480, mse: 0.270360, wmse: 4.390254, mae: 0.349712
1914,	Iter: 1914, train loss: 1.5376, avg nll: 0.1490, avg wnll: 6.3299, avg kl: 0.0447, mse: 0.275868, wmse: 4.499380, mae: 0.355317
1915,	Iter: 1915, train loss: 1.4267, avg nll: 0.0958, avg wnll: 5.9490, avg kl: 0.0462, mse: 0.264204, wmse: 4.273185, mae: 0.345319
1916,	Iter: 1916, train loss: 1.3921, avg nll: 0.0833, avg wnll: 6.1663, avg kl: 0.0441, mse: 0.259827, wmse: 4.223632, mae: 0.340292
1917,	Iter: 1917, train loss: 1.5046, avg nll: 0.1245, avg wnll: 6.3915, avg kl: 0.0477, mse: 0.273883, wmse: 4.418648, mae: 0.352696
1918,	Iter: 1918, train loss: 1.4014, avg nll: 0.0926, avg wnll: 6.2618, avg kl: 0.0443, mse: 0.259729, wmse: 4.207683, mae: 0.340446
1919,	Iter: 1919, train loss: 1.3740, avg nll: 0.0717, avg wnll: 6.4099, avg kl: 0.0452, mse: 0.258347, wmse: 4.209167, mae: 0.340335
1920,	Iter: 1920, train loss: 1.4193, avg nll: 0.0977, avg wnll: 6.4153, avg kl: 0.0442, mse: 0.262209, wmse: 4.259863, mae: 0.343848
nll: 2.9842, mse: 0.7022, mae: 0.6281, mean_mse: 12.3029, mean_mae: 0.6281
1679435354.2565494
saving.................
done
1921,	Iter: 1921, train loss: 1.4898, avg nll: 0.1338, avg wnll: 6.5857, avg kl: 0.0467, mse: 0.268898, wmse: 4.359282, mae: 0.348881
1922,	Iter: 1922, train loss: 1.4210, avg nll: 0.0942, avg wnll: 6.1460, avg kl: 0.0451, mse: 0.263108, wmse: 4.272787, mae: 0.344765
1923,	Iter: 1923, train loss: 1.4609, avg nll: 0.0992, avg wnll: 6.3709, avg kl: 0.0488, mse: 0.269852, wmse: 4.383739, mae: 0.349135
1924,	Iter: 1924, train loss: 1.5363, avg nll: 0.1461, avg wnll: 6.3528, avg kl: 0.0455, mse: 0.275652, wmse: 4.494954, mae: 0.354936
1925,	Iter: 1925, train loss: 1.4272, avg nll: 0.0927, avg wnll: 5.9333, avg kl: 0.0468, mse: 0.264397, wmse: 4.279341, mae: 0.345447
1926,	Iter: 1926, train loss: 1.3849, avg nll: 0.0772, avg wnll: 6.1201, avg kl: 0.0445, mse: 0.259121, wmse: 4.213205, mae: 0.339135
1927,	Iter: 1927, train loss: 1.5007, avg nll: 0.1188, avg wnll: 6.2569, avg kl: 0.0478, mse: 0.273738, wmse: 4.417875, mae: 0.352573
1928,	Iter: 1928, train loss: 1.3946, avg nll: 0.0865, avg wnll: 6.2890, avg kl: 0.0447, mse: 0.259086, wmse: 4.196024, mae: 0.339598
1929,	Iter: 1929, train loss: 1.3694, avg nll: 0.0658, avg wnll: 6.4022, avg kl: 0.0460, mse: 0.258071, wmse: 4.207536, mae: 0.339895
1930,	Iter: 1930, train loss: 1.4206, avg nll: 0.0974, avg wnll: 6.4065, avg kl: 0.0444, mse: 0.262044, wmse: 4.257496, mae: 0.343650
nll: 2.9634, mse: 0.7013, mae: 0.6281, mean_mse: 12.3041, mean_mae: 0.6281
1679435590.0825205
1931,	Iter: 1931, train loss: 1.4849, avg nll: 0.1313, avg wnll: 6.5675, avg kl: 0.0463, mse: 0.267946, wmse: 4.344529, mae: 0.347615
1932,	Iter: 1932, train loss: 1.4279, avg nll: 0.0958, avg wnll: 6.1784, avg kl: 0.0444, mse: 0.263725, wmse: 4.281341, mae: 0.345292
1933,	Iter: 1933, train loss: 1.4709, avg nll: 0.1050, avg wnll: 6.4120, avg kl: 0.0486, mse: 0.270168, wmse: 4.386339, mae: 0.349371
1934,	Iter: 1934, train loss: 1.5451, avg nll: 0.1512, avg wnll: 6.4172, avg kl: 0.0452, mse: 0.275945, wmse: 4.500629, mae: 0.355362
1935,	Iter: 1935, train loss: 1.4259, avg nll: 0.0898, avg wnll: 5.9311, avg kl: 0.0471, mse: 0.264207, wmse: 4.273835, mae: 0.345131
1936,	Iter: 1936, train loss: 1.3903, avg nll: 0.0791, avg wnll: 6.1787, avg kl: 0.0446, mse: 0.259321, wmse: 4.216326, mae: 0.339466
1937,	Iter: 1937, train loss: 1.4832, avg nll: 0.1044, avg wnll: 6.1267, avg kl: 0.0483, mse: 0.272577, wmse: 4.398742, mae: 0.351070
1938,	Iter: 1938, train loss: 1.3907, avg nll: 0.0813, avg wnll: 6.2299, avg kl: 0.0452, mse: 0.258845, wmse: 4.194168, mae: 0.339320
1939,	Iter: 1939, train loss: 1.3687, avg nll: 0.0641, avg wnll: 6.3703, avg kl: 0.0461, mse: 0.257773, wmse: 4.200618, mae: 0.339366
1940,	Iter: 1940, train loss: 1.4168, avg nll: 0.0935, avg wnll: 6.4302, avg kl: 0.0447, mse: 0.261563, wmse: 4.249753, mae: 0.342996
nll: 3.0449, mse: 0.7024, mae: 0.6282, mean_mse: 12.3083, mean_mae: 0.6282
1679435817.7469566
1941,	Iter: 1941, train loss: 1.4849, avg nll: 0.1272, avg wnll: 6.5770, avg kl: 0.0470, mse: 0.268230, wmse: 4.349699, mae: 0.348199
1942,	Iter: 1942, train loss: 1.4181, avg nll: 0.0856, avg wnll: 6.1397, avg kl: 0.0456, mse: 0.263230, wmse: 4.274266, mae: 0.344651
1943,	Iter: 1943, train loss: 1.4713, avg nll: 0.1033, avg wnll: 6.5056, avg kl: 0.0493, mse: 0.270025, wmse: 4.387668, mae: 0.349445
1944,	Iter: 1944, train loss: 1.5488, avg nll: 0.1527, avg wnll: 6.4071, avg kl: 0.0459, mse: 0.275839, wmse: 4.498343, mae: 0.355160
1945,	Iter: 1945, train loss: 1.4314, avg nll: 0.0917, avg wnll: 5.9684, avg kl: 0.0471, mse: 0.264433, wmse: 4.279101, mae: 0.345504
1946,	Iter: 1946, train loss: 1.3785, avg nll: 0.0682, avg wnll: 6.0359, avg kl: 0.0449, mse: 0.258662, wmse: 4.205367, mae: 0.338452
1947,	Iter: 1947, train loss: 1.4816, avg nll: 0.1005, avg wnll: 6.1144, avg kl: 0.0483, mse: 0.272505, wmse: 4.398459, mae: 0.350880
1948,	Iter: 1948, train loss: 1.3822, avg nll: 0.0727, avg wnll: 6.2384, avg kl: 0.0449, mse: 0.258424, wmse: 4.186384, mae: 0.338673
1949,	Iter: 1949, train loss: 1.3675, avg nll: 0.0611, avg wnll: 6.3590, avg kl: 0.0458, mse: 0.257663, wmse: 4.201304, mae: 0.339257
1950,	Iter: 1950, train loss: 1.4185, avg nll: 0.0919, avg wnll: 6.4189, avg kl: 0.0444, mse: 0.261775, wmse: 4.253678, mae: 0.343293
nll: 2.9906, mse: 0.7014, mae: 0.6281, mean_mse: 12.3038, mean_mae: 0.6281
1679436047.3220785
saving.................
done
1951,	Iter: 1951, train loss: 1.4843, avg nll: 0.1277, avg wnll: 6.5638, avg kl: 0.0466, mse: 0.267532, wmse: 4.337933, mae: 0.347135
1952,	Iter: 1952, train loss: 1.4242, avg nll: 0.0886, avg wnll: 6.1423, avg kl: 0.0444, mse: 0.263479, wmse: 4.276724, mae: 0.344801
1953,	Iter: 1953, train loss: 1.4817, avg nll: 0.1121, avg wnll: 6.5080, avg kl: 0.0483, mse: 0.269908, wmse: 4.382957, mae: 0.349090
1954,	Iter: 1954, train loss: 1.5427, avg nll: 0.1464, avg wnll: 6.3979, avg kl: 0.0449, mse: 0.275491, wmse: 4.493211, mae: 0.354889
1955,	Iter: 1955, train loss: 1.4365, avg nll: 0.0945, avg wnll: 6.0169, avg kl: 0.0471, mse: 0.264384, wmse: 4.277632, mae: 0.345258
1956,	Iter: 1956, train loss: 1.3822, avg nll: 0.0682, avg wnll: 6.0847, avg kl: 0.0446, mse: 0.258941, wmse: 4.210291, mae: 0.338802
1957,	Iter: 1957, train loss: 1.4702, avg nll: 0.0924, avg wnll: 6.0877, avg kl: 0.0485, mse: 0.271311, wmse: 4.380255, mae: 0.349500
1958,	Iter: 1958, train loss: 1.3732, avg nll: 0.0638, avg wnll: 6.1702, avg kl: 0.0450, mse: 0.257887, wmse: 4.178545, mae: 0.337943
1959,	Iter: 1959, train loss: 1.3676, avg nll: 0.0602, avg wnll: 6.3652, avg kl: 0.0459, mse: 0.257363, wmse: 4.194636, mae: 0.338688
1960,	Iter: 1960, train loss: 1.4171, avg nll: 0.0898, avg wnll: 6.4257, avg kl: 0.0442, mse: 0.261444, wmse: 4.249183, mae: 0.342879
nll: 3.0880, mse: 0.7025, mae: 0.6282, mean_mse: 12.3117, mean_mae: 0.6282
1679436275.4047413
1961,	Iter: 1961, train loss: 1.4902, avg nll: 0.1277, avg wnll: 6.5799, avg kl: 0.0466, mse: 0.268239, wmse: 4.349927, mae: 0.348184
1962,	Iter: 1962, train loss: 1.4165, avg nll: 0.0798, avg wnll: 6.1210, avg kl: 0.0453, mse: 0.263138, wmse: 4.273563, mae: 0.344359
1963,	Iter: 1963, train loss: 1.4850, avg nll: 0.1101, avg wnll: 6.6298, avg kl: 0.0490, mse: 0.270384, wmse: 4.394455, mae: 0.349735
1964,	Iter: 1964, train loss: 1.5496, avg nll: 0.1459, avg wnll: 6.3030, avg kl: 0.0456, mse: 0.276414, wmse: 4.508062, mae: 0.355654
1965,	Iter: 1965, train loss: 1.4482, avg nll: 0.1002, avg wnll: 6.0386, avg kl: 0.0469, mse: 0.265092, wmse: 4.289332, mae: 0.346173
1966,	Iter: 1966, train loss: 1.3725, avg nll: 0.0584, avg wnll: 5.9273, avg kl: 0.0446, mse: 0.258478, wmse: 4.203592, mae: 0.338035
1967,	Iter: 1967, train loss: 1.4756, avg nll: 0.0927, avg wnll: 6.0944, avg kl: 0.0480, mse: 0.271858, wmse: 4.386670, mae: 0.350076
1968,	Iter: 1968, train loss: 1.3824, avg nll: 0.0690, avg wnll: 6.2488, avg kl: 0.0444, mse: 0.258269, wmse: 4.186045, mae: 0.338479
1969,	Iter: 1969, train loss: 1.3702, avg nll: 0.0595, avg wnll: 6.3841, avg kl: 0.0456, mse: 0.257554, wmse: 4.199063, mae: 0.339090
1970,	Iter: 1970, train loss: 1.4207, avg nll: 0.0897, avg wnll: 6.3769, avg kl: 0.0439, mse: 0.261745, wmse: 4.253408, mae: 0.343164
nll: 3.0336, mse: 0.7011, mae: 0.6279, mean_mse: 12.2942, mean_mae: 0.6279
1679436504.8462594
1971,	Iter: 1971, train loss: 1.4884, avg nll: 0.1284, avg wnll: 6.5953, avg kl: 0.0464, mse: 0.267249, wmse: 4.331778, mae: 0.347068
1972,	Iter: 1972, train loss: 1.4171, avg nll: 0.0798, avg wnll: 6.0410, avg kl: 0.0442, mse: 0.262878, wmse: 4.266579, mae: 0.344173
1973,	Iter: 1973, train loss: 1.4846, avg nll: 0.1116, avg wnll: 6.5713, avg kl: 0.0479, mse: 0.269584, wmse: 4.379226, mae: 0.348729
1974,	Iter: 1974, train loss: 1.5353, avg nll: 0.1342, avg wnll: 6.2839, avg kl: 0.0444, mse: 0.275522, wmse: 4.494346, mae: 0.354731
1975,	Iter: 1975, train loss: 1.4451, avg nll: 0.0970, avg wnll: 5.9811, avg kl: 0.0462, mse: 0.264685, wmse: 4.281765, mae: 0.345435
1976,	Iter: 1976, train loss: 1.3778, avg nll: 0.0597, avg wnll: 6.0457, avg kl: 0.0438, mse: 0.258890, wmse: 4.210008, mae: 0.338530
1977,	Iter: 1977, train loss: 1.4889, avg nll: 0.1043, avg wnll: 6.1897, avg kl: 0.0472, mse: 0.271792, wmse: 4.390814, mae: 0.350122
1978,	Iter: 1978, train loss: 1.3894, avg nll: 0.0737, avg wnll: 6.2129, avg kl: 0.0441, mse: 0.258295, wmse: 4.184603, mae: 0.338222
1979,	Iter: 1979, train loss: 1.3620, avg nll: 0.0505, avg wnll: 6.2595, avg kl: 0.0453, mse: 0.257271, wmse: 4.193700, mae: 0.338484
1980,	Iter: 1980, train loss: 1.4176, avg nll: 0.0858, avg wnll: 6.3271, avg kl: 0.0439, mse: 0.261451, wmse: 4.248632, mae: 0.342680
nll: 3.0964, mse: 0.7023, mae: 0.6283, mean_mse: 12.3114, mean_mae: 0.6283
1679436735.6079352
saving.................
done
1981,	Iter: 1981, train loss: 1.4870, avg nll: 0.1203, avg wnll: 6.5440, avg kl: 0.0458, mse: 0.268152, wmse: 4.348549, mae: 0.347930
1982,	Iter: 1982, train loss: 1.4086, avg nll: 0.0703, avg wnll: 6.0754, avg kl: 0.0447, mse: 0.262553, wmse: 4.265101, mae: 0.343548
1983,	Iter: 1983, train loss: 1.4869, avg nll: 0.1082, avg wnll: 6.6730, avg kl: 0.0481, mse: 0.270191, wmse: 4.392133, mae: 0.349431
1984,	Iter: 1984, train loss: 1.5391, avg nll: 0.1322, avg wnll: 6.1747, avg kl: 0.0448, mse: 0.276175, wmse: 4.504014, mae: 0.355183
1985,	Iter: 1985, train loss: 1.4445, avg nll: 0.0928, avg wnll: 5.9452, avg kl: 0.0461, mse: 0.264933, wmse: 4.286056, mae: 0.345710
1986,	Iter: 1986, train loss: 1.3750, avg nll: 0.0576, avg wnll: 6.0794, avg kl: 0.0440, mse: 0.258265, wmse: 4.200363, mae: 0.337960
1987,	Iter: 1987, train loss: 1.5062, avg nll: 0.1110, avg wnll: 6.2724, avg kl: 0.0472, mse: 0.273391, wmse: 4.409793, mae: 0.351930
1988,	Iter: 1988, train loss: 1.3976, avg nll: 0.0760, avg wnll: 6.2188, avg kl: 0.0436, mse: 0.259072, wmse: 4.198527, mae: 0.339232
1989,	Iter: 1989, train loss: 1.3640, avg nll: 0.0489, avg wnll: 6.2505, avg kl: 0.0445, mse: 0.257625, wmse: 4.200591, mae: 0.338973
1990,	Iter: 1990, train loss: 1.4192, avg nll: 0.0861, avg wnll: 6.3071, avg kl: 0.0432, mse: 0.261336, wmse: 4.246852, mae: 0.342528
nll: 3.0396, mse: 0.7013, mae: 0.6278, mean_mse: 12.2944, mean_mae: 0.6278
1679436964.9678564
1991,	Iter: 1991, train loss: 1.4794, avg nll: 0.1158, avg wnll: 6.5874, avg kl: 0.0453, mse: 0.267121, wmse: 4.329967, mae: 0.346924
1992,	Iter: 1992, train loss: 1.4142, avg nll: 0.0753, avg wnll: 6.0655, avg kl: 0.0435, mse: 0.262356, wmse: 4.259715, mae: 0.343595
1993,	Iter: 1993, train loss: 1.4787, avg nll: 0.1027, avg wnll: 6.5996, avg kl: 0.0469, mse: 0.269294, wmse: 4.375505, mae: 0.348433
1994,	Iter: 1994, train loss: 1.5259, avg nll: 0.1229, avg wnll: 6.2035, avg kl: 0.0438, mse: 0.275040, wmse: 4.487517, mae: 0.354032
1995,	Iter: 1995, train loss: 1.4346, avg nll: 0.0854, avg wnll: 5.9423, avg kl: 0.0455, mse: 0.264008, wmse: 4.271406, mae: 0.344611
1996,	Iter: 1996, train loss: 1.3888, avg nll: 0.0670, avg wnll: 6.2635, avg kl: 0.0433, mse: 0.258766, wmse: 4.208082, mae: 0.338559
1997,	Iter: 1997, train loss: 1.4977, avg nll: 0.1050, avg wnll: 6.1299, avg kl: 0.0463, mse: 0.272513, wmse: 4.401913, mae: 0.350815
1998,	Iter: 1998, train loss: 1.3879, avg nll: 0.0670, avg wnll: 6.1192, avg kl: 0.0434, mse: 0.258480, wmse: 4.187979, mae: 0.338274
1999,	Iter: 1999, train loss: 1.3623, avg nll: 0.0462, avg wnll: 6.2884, avg kl: 0.0449, mse: 0.257289, wmse: 4.194501, mae: 0.338377
2000,	Iter: 2000, train loss: 1.4149, avg nll: 0.0792, avg wnll: 6.2921, avg kl: 0.0431, mse: 0.261402, wmse: 4.248089, mae: 0.342370
nll: 3.1197, mse: 0.7023, mae: 0.6284, mean_mse: 12.3135, mean_mae: 0.6284
1679437197.0776258
2001,	Iter: 2001, train loss: 1.4745, avg nll: 0.1061, avg wnll: 6.5539, avg kl: 0.0450, mse: 0.267629, wmse: 4.339322, mae: 0.347095
2002,	Iter: 2002, train loss: 1.4138, avg nll: 0.0733, avg wnll: 6.1624, avg kl: 0.0438, mse: 0.262177, wmse: 4.259264, mae: 0.343200
2003,	Iter: 2003, train loss: 1.4722, avg nll: 0.0937, avg wnll: 6.5487, avg kl: 0.0471, mse: 0.269278, wmse: 4.376399, mae: 0.348283
2004,	Iter: 2004, train loss: 1.5303, avg nll: 0.1223, avg wnll: 6.1278, avg kl: 0.0439, mse: 0.275555, wmse: 4.494240, mae: 0.354369
2005,	Iter: 2005, train loss: 1.4435, avg nll: 0.0891, avg wnll: 5.9783, avg kl: 0.0453, mse: 0.264582, wmse: 4.280338, mae: 0.345201
2006,	Iter: 2006, train loss: 1.3915, avg nll: 0.0694, avg wnll: 6.2970, avg kl: 0.0429, mse: 0.258435, wmse: 4.203080, mae: 0.338188
2007,	Iter: 2007, train loss: 1.4910, avg nll: 0.0932, avg wnll: 6.0908, avg kl: 0.0461, mse: 0.273066, wmse: 4.405250, mae: 0.351309
2008,	Iter: 2008, train loss: 1.3868, avg nll: 0.0643, avg wnll: 6.1401, avg kl: 0.0426, mse: 0.258451, wmse: 4.188799, mae: 0.338452
2009,	Iter: 2009, train loss: 1.3693, avg nll: 0.0506, avg wnll: 6.3910, avg kl: 0.0435, mse: 0.257514, wmse: 4.197998, mae: 0.338754
2010,	Iter: 2010, train loss: 1.4094, avg nll: 0.0740, avg wnll: 6.2291, avg kl: 0.0424, mse: 0.260984, wmse: 4.241312, mae: 0.342063
nll: 3.0723, mse: 0.7015, mae: 0.6278, mean_mse: 12.2982, mean_mae: 0.6278
1679437431.7814157
saving.................
done
2011,	Iter: 2011, train loss: 1.4699, avg nll: 0.1035, avg wnll: 6.5414, avg kl: 0.0447, mse: 0.266808, wmse: 4.325922, mae: 0.346329
2012,	Iter: 2012, train loss: 1.4120, avg nll: 0.0725, avg wnll: 6.0524, avg kl: 0.0428, mse: 0.261645, wmse: 4.250756, mae: 0.342625
2013,slurmstepd: error: *** JOB 247779 ON gpu0 CANCELLED AT 2023-03-21T22:25:15 ***
