Namespace(n_union_tp=3500, data_folder='datasets/ZTF_r', checkpoint='datasets/ZTF_r0.8139369487762451.h5', start_col=1, inc_errors=False, print_at=1, embed_time=128, enc_num_heads=16, latent_dim=64, mixing='concat', num_ref_points=16, rec_hidden=128, width=512, save_at=30, patience=100, early_stopping=False, niters=20000, frac=0.5, batch_size=2, mse_weight=5.0, dropout=0.0, num_resamples=0, lr=1e-05, scheduler=False, warmup=4000, kl_zero=False, kl_annealing=True, net='hetvae', device='cuda', const_var=False, var_per_dim=False, std=0.1, seed=2, save=True, k_iwae=1) 4529942
validated 3407 files out of 3407 for band='r'
3407 3407
(2614, 1, 2011, 3)
created union_tp attribute of length 3500
dataset created w/ shape (2614, 1, 2011, 3)
train size: 2352, valid size: 236, test size: 262
datasets/ZTF_r
=> loading checkpoint 'datasets/ZTF_r0.8139369487762451.h5'
Namespace(n_union_tp=3500, data_folder='datasets/ZTF_r', checkpoint='datasets/ZTF_r0.8400019407272339.h5', start_col=1, inc_errors=False, print_at=1, embed_time=128, enc_num_heads=16, latent_dim=64, mixing='concat', num_ref_points=16, rec_hidden=128, width=512, save_at=30, patience=100, early_stopping=False, niters=20000, frac=0.5, batch_size=2, mse_weight=5.0, dropout=0.0, num_resamples=0, lr=2.5e-05, scheduler=False, warmup=4000, kl_zero=False, kl_annealing=True, net='hetvae', device='cuda', const_var=False, var_per_dim=False, std=0.1, seed=2, save=True, k_iwae=1)
loaded checkpoint w/ loss=2.913272547655973
model_size=498882
1771,	Iter: 1771, train loss: 3.6985, avg nll: 1.1069, avg wnll: 7.6747, avg kl: 0.0301, mse: 0.512307, wmse: 6.597385, mae: 0.519471
1772,	Iter: 1772, train loss: 3.6010, avg nll: 1.0501, avg wnll: 6.6803, avg kl: 0.0280, mse: 0.504573, wmse: 6.465130, mae: 0.515227
1773,	Iter: 1773, train loss: 3.5869, avg nll: 1.0387, avg wnll: 6.6395, avg kl: 0.0287, mse: 0.503877, wmse: 6.480122, mae: 0.514050
1774,	Iter: 1774, train loss: 3.5980, avg nll: 1.0347, avg wnll: 6.5238, avg kl: 0.0286, mse: 0.506939, wmse: 6.486130, mae: 0.514321
1775,	Iter: 1775, train loss: 3.5630, avg nll: 1.0235, avg wnll: 6.4293, avg kl: 0.0284, mse: 0.502221, wmse: 6.396352, mae: 0.512336
1776,	Iter: 1776, train loss: 3.5436, avg nll: 1.0160, avg wnll: 6.4150, avg kl: 0.0271, mse: 0.500107, wmse: 6.374619, mae: 0.510940
1777,	Iter: 1777, train loss: 3.5476, avg nll: 1.0168, avg wnll: 6.4219, avg kl: 0.0277, mse: 0.500614, wmse: 6.397058, mae: 0.511474
1778,	Iter: 1778, train loss: 3.5326, avg nll: 1.0144, avg wnll: 6.3842, avg kl: 0.0269, mse: 0.498275, wmse: 6.367228, mae: 0.510856
1779,	Iter: 1779, train loss: 3.5372, avg nll: 1.0124, avg wnll: 6.3915, avg kl: 0.0267, mse: 0.499630, wmse: 6.368740, mae: 0.511098
1780,	Iter: 1780, train loss: 3.5271, avg nll: 1.0110, avg wnll: 6.4149, avg kl: 0.0254, mse: 0.498119, wmse: 6.362812, mae: 0.509840
nll: 1.0021, mse: 0.5403, mae: 0.5283, mean_mse: 6.9075, mean_mae: 0.5283
1679110816.5438888
1781,	Iter: 1781, train loss: 3.0358, avg nll: 0.8769, avg wnll: 5.7763, avg kl: 0.0265, mse: 0.426495, wmse: 5.392986, mae: 0.472581
1782,	Iter: 1782, train loss: 2.9279, avg nll: 0.8277, avg wnll: 6.0138, avg kl: 0.0319, mse: 0.413669, wmse: 5.244963, mae: 0.465451
1783,	Iter: 1783, train loss: 2.9236, avg nll: 0.8171, avg wnll: 6.0621, avg kl: 0.0299, mse: 0.415325, wmse: 5.252461, mae: 0.466161
1784,	Iter: 1784, train loss: 2.9264, avg nll: 0.8180, avg wnll: 6.1476, avg kl: 0.0308, mse: 0.415541, wmse: 5.266683, mae: 0.466054
1785,	Iter: 1785, train loss: 2.9144, avg nll: 0.8121, avg wnll: 6.1199, avg kl: 0.0295, mse: 0.414560, wmse: 5.241661, mae: 0.465177
1786,	Iter: 1786, train loss: 2.9247, avg nll: 0.8198, avg wnll: 6.1455, avg kl: 0.0290, mse: 0.415175, wmse: 5.257751, mae: 0.466083
1787,	Iter: 1787, train loss: 2.9075, avg nll: 0.8098, avg wnll: 6.1867, avg kl: 0.0293, mse: 0.413687, wmse: 5.253522, mae: 0.464501
1788,	Iter: 1788, train loss: 2.9101, avg nll: 0.8099, avg wnll: 6.1681, avg kl: 0.0295, mse: 0.414164, wmse: 5.250354, mae: 0.465026
1789,	Iter: 1789, train loss: 2.8910, avg nll: 0.8031, avg wnll: 6.1776, avg kl: 0.0294, mse: 0.411696, wmse: 5.216702, mae: 0.463422
1790,	Iter: 1790, train loss: 2.9160, avg nll: 0.8157, avg wnll: 6.1566, avg kl: 0.0304, mse: 0.413985, wmse: 5.237077, mae: 0.464848
nll: 1.1880, mse: 0.5496, mae: 0.5327, mean_mse: 7.0685, mean_mae: 0.5327
1679111682.6348634
1791,	Iter: 1791, train loss: 2.8928, avg nll: 0.8079, avg wnll: 6.1462, avg kl: 0.0292, mse: 0.411139, wmse: 5.193832, mae: 0.463344
1792,	Iter: 1792, train loss: 2.8725, avg nll: 0.7943, avg wnll: 6.1301, avg kl: 0.0319, mse: 0.409259, wmse: 5.186229, mae: 0.462618
1793,	Iter: 1793, train loss: 2.8897, avg nll: 0.7955, avg wnll: 6.1657, avg kl: 0.0302, mse: 0.412797, wmse: 5.219802, mae: 0.464627
1794,	Iter: 1794, train loss: 2.8938, avg nll: 0.7964, avg wnll: 6.1637, avg kl: 0.0310, mse: 0.413284, wmse: 5.237642, mae: 0.464596
1795,	Iter: 1795, train loss: 2.8859, avg nll: 0.7931, avg wnll: 6.1660, avg kl: 0.0303, mse: 0.412507, wmse: 5.214755, mae: 0.463826
1796,	Iter: 1796, train loss: 2.8947, avg nll: 0.7991, avg wnll: 6.1446, avg kl: 0.0295, mse: 0.413220, wmse: 5.231222, mae: 0.464848
1797,	Iter: 1797, train loss: 2.8833, avg nll: 0.7930, avg wnll: 6.1830, avg kl: 0.0299, mse: 0.412073, wmse: 5.232341, mae: 0.463443
1798,	Iter: 1798, train loss: 2.8863, avg nll: 0.7917, avg wnll: 6.1957, avg kl: 0.0298, mse: 0.412954, wmse: 5.235373, mae: 0.464169
1799,	Iter: 1799, train loss: 2.8661, avg nll: 0.7839, avg wnll: 6.1594, avg kl: 0.0295, mse: 0.410524, wmse: 5.201038, mae: 0.462567
1800,	Iter: 1800, train loss: 2.8907, avg nll: 0.7954, avg wnll: 6.1487, avg kl: 0.0306, mse: 0.412945, wmse: 5.223712, mae: 0.464007
nll: 1.3186, mse: 0.5508, mae: 0.5335, mean_mse: 7.0827, mean_mae: 0.5335
1679112581.1811123
saving.................
done
1801,	Iter: 1801, train loss: 2.8766, avg nll: 0.7951, avg wnll: 6.1896, avg kl: 0.0299, mse: 0.410337, wmse: 5.183898, mae: 0.462873
1802,	Iter: 1802, train loss: 2.8614, avg nll: 0.7848, avg wnll: 6.1580, avg kl: 0.0320, mse: 0.408913, wmse: 5.183457, mae: 0.462432
1803,	Iter: 1803, train loss: 2.8783, avg nll: 0.7870, avg wnll: 6.1910, avg kl: 0.0302, mse: 0.412215, wmse: 5.211825, mae: 0.464306
1804,	Iter: 1804, train loss: 2.8852, avg nll: 0.7896, avg wnll: 6.1881, avg kl: 0.0309, mse: 0.412955, wmse: 5.234293, mae: 0.464410
1805,	Iter: 1805, train loss: 2.8784, avg nll: 0.7868, avg wnll: 6.1931, avg kl: 0.0303, mse: 0.412268, wmse: 5.212101, mae: 0.463643
1806,	Iter: 1806, train loss: 2.8924, avg nll: 0.7971, avg wnll: 6.1731, avg kl: 0.0297, mse: 0.413115, wmse: 5.230518, mae: 0.464812
1807,	Iter: 1807, train loss: 2.8797, avg nll: 0.7901, avg wnll: 6.2157, avg kl: 0.0304, mse: 0.411824, wmse: 5.229667, mae: 0.463349
1808,	Iter: 1808, train loss: 2.8830, avg nll: 0.7887, avg wnll: 6.1967, avg kl: 0.0298, mse: 0.412873, wmse: 5.234107, mae: 0.464156
1809,	Iter: 1809, train loss: 2.8626, avg nll: 0.7813, avg wnll: 6.1821, avg kl: 0.0296, mse: 0.410327, wmse: 5.199345, mae: 0.462397
1810,	Iter: 1810, train loss: 2.8894, avg nll: 0.7939, avg wnll: 6.1710, avg kl: 0.0309, mse: 0.412928, wmse: 5.224902, mae: 0.463988
nll: 1.3746, mse: 0.5489, mae: 0.5326, mean_mse: 7.0553, mean_mae: 0.5326
1679113461.2087803
1811,	Iter: 1811, train loss: 2.8755, avg nll: 0.7938, avg wnll: 6.2214, avg kl: 0.0299, mse: 0.410354, wmse: 5.185360, mae: 0.462835
1812,	Iter: 1812, train loss: 2.8625, avg nll: 0.7853, avg wnll: 6.1793, avg kl: 0.0323, mse: 0.408970, wmse: 5.185421, mae: 0.462581
1813,	Iter: 1813, train loss: 2.8824, avg nll: 0.7906, avg wnll: 6.2339, avg kl: 0.0301, mse: 0.412354, wmse: 5.213958, mae: 0.464437
1814,	Iter: 1814, train loss: 2.8930, avg nll: 0.7963, avg wnll: 6.2436, avg kl: 0.0306, mse: 0.413210, wmse: 5.238686, mae: 0.464562
1815,	Iter: 1815, train loss: 2.8828, avg nll: 0.7920, avg wnll: 6.2384, avg kl: 0.0302, mse: 0.412124, wmse: 5.210129, mae: 0.463693
1816,	Iter: 1816, train loss: 2.8980, avg nll: 0.8022, avg wnll: 6.1663, avg kl: 0.0299, mse: 0.413175, wmse: 5.231214, mae: 0.464928
1817,	Iter: 1817, train loss: 2.8816, avg nll: 0.7917, avg wnll: 6.2070, avg kl: 0.0303, mse: 0.411926, wmse: 5.230691, mae: 0.463388
1818,	Iter: 1818, train loss: 2.8843, avg nll: 0.7910, avg wnll: 6.2069, avg kl: 0.0302, mse: 0.412604, wmse: 5.230981, mae: 0.464024
1819,	Iter: 1819, train loss: 2.8636, avg nll: 0.7830, avg wnll: 6.1639, avg kl: 0.0300, mse: 0.410119, wmse: 5.195981, mae: 0.462368
1820,	Iter: 1820, train loss: 2.8899, avg nll: 0.7959, avg wnll: 6.1775, avg kl: 0.0308, mse: 0.412633, wmse: 5.221314, mae: 0.463827
nll: 1.2962, mse: 0.5495, mae: 0.5329, mean_mse: 7.0606, mean_mae: 0.5329
1679114349.9336305
1821,	Iter: 1821, train loss: 2.8758, avg nll: 0.7948, avg wnll: 6.2034, avg kl: 0.0304, mse: 0.410116, wmse: 5.181152, mae: 0.462750
1822,	Iter: 1822, train loss: 2.8635, avg nll: 0.7870, avg wnll: 6.1761, avg kl: 0.0319, mse: 0.408924, wmse: 5.184173, mae: 0.462564
1823,	Iter: 1823, train loss: 2.8790, avg nll: 0.7882, avg wnll: 6.1849, avg kl: 0.0303, mse: 0.412083, wmse: 5.209846, mae: 0.464268
1824,	Iter: 1824, train loss: 2.8863, avg nll: 0.7918, avg wnll: 6.2025, avg kl: 0.0307, mse: 0.412763, wmse: 5.232384, mae: 0.464334
1825,	Iter: 1825, train loss: 2.8796, avg nll: 0.7889, avg wnll: 6.1959, avg kl: 0.0301, mse: 0.412119, wmse: 5.211154, mae: 0.463711
1826,	Iter: 1826, train loss: 2.8896, avg nll: 0.7947, avg wnll: 6.1576, avg kl: 0.0299, mse: 0.412985, wmse: 5.230048, mae: 0.464722
1827,	Iter: 1827, train loss: 2.8746, avg nll: 0.7870, avg wnll: 6.1950, avg kl: 0.0305, mse: 0.411410, wmse: 5.224051, mae: 0.463065
1828,	Iter: 1828, train loss: 2.8842, avg nll: 0.7904, avg wnll: 6.2001, avg kl: 0.0299, mse: 0.412793, wmse: 5.234914, mae: 0.464101
1829,	Iter: 1829, train loss: 2.8648, avg nll: 0.7829, avg wnll: 6.2026, avg kl: 0.0300, mse: 0.410373, wmse: 5.199696, mae: 0.462525
1830,	Iter: 1830, train loss: 2.8881, avg nll: 0.7935, avg wnll: 6.1663, avg kl: 0.0305, mse: 0.412810, wmse: 5.224510, mae: 0.463978
nll: 1.4827, mse: 0.5493, mae: 0.5328, mean_mse: 7.0575, mean_mae: 0.5328
1679115240.891337
saving.................
done
1831,	Iter: 1831, train loss: 2.8712, avg nll: 0.7919, avg wnll: 6.2060, avg kl: 0.0299, mse: 0.409890, wmse: 5.177950, mae: 0.462507
1832,	Iter: 1832, train loss: 2.8574, avg nll: 0.7828, avg wnll: 6.1673, avg kl: 0.0319, mse: 0.408556, wmse: 5.179431, mae: 0.462339
1833,	Iter: 1833, train loss: 2.8771, avg nll: 0.7870, avg wnll: 6.2281, avg kl: 0.0302, mse: 0.411961, wmse: 5.211375, mae: 0.464225
1834,	Iter: 1834, train loss: 2.8859, avg nll: 0.7910, avg wnll: 6.2250, avg kl: 0.0309, mse: 0.412778, wmse: 5.233407, mae: 0.464364
1835,	Iter: 1835, train loss: 2.8817, avg nll: 0.7914, avg wnll: 6.2008, avg kl: 0.0304, mse: 0.411979, wmse: 5.208548, mae: 0.463620
1836,	Iter: 1836, train loss: 2.8923, avg nll: 0.7974, avg wnll: 6.1525, avg kl: 0.0298, mse: 0.413033, wmse: 5.229621, mae: 0.464820
1837,	Iter: 1837, train loss: 2.8774, avg nll: 0.7898, avg wnll: 6.2095, avg kl: 0.0302, mse: 0.411485, wmse: 5.224956, mae: 0.463149
1838,	Iter: 1838, train loss: 2.8811, avg nll: 0.7894, avg wnll: 6.1967, avg kl: 0.0297, mse: 0.412408, wmse: 5.228737, mae: 0.463888
1839,	Iter: 1839, train loss: 2.8636, avg nll: 0.7834, avg wnll: 6.1982, avg kl: 0.0297, mse: 0.410099, wmse: 5.195293, mae: 0.462357
1840,	Iter: 1840, train loss: 2.8887, avg nll: 0.7949, avg wnll: 6.1802, avg kl: 0.0309, mse: 0.412569, wmse: 5.220388, mae: 0.463868
nll: 1.4356, mse: 0.5498, mae: 0.5332, mean_mse: 7.0659, mean_mae: 0.5332
1679116096.4792387
1841,	Iter: 1841, train loss: 2.8735, avg nll: 0.7936, avg wnll: 6.2191, avg kl: 0.0301, mse: 0.409967, wmse: 5.180076, mae: 0.462659
1842,	Iter: 1842, train loss: 2.8612, avg nll: 0.7859, avg wnll: 6.1737, avg kl: 0.0321, mse: 0.408655, wmse: 5.180590, mae: 0.462467
1843,	Iter: 1843, train loss: 2.8771, avg nll: 0.7883, avg wnll: 6.2248, avg kl: 0.0302, mse: 0.411730, wmse: 5.204983, mae: 0.464095
1844,	Iter: 1844, train loss: 2.8854, avg nll: 0.7917, avg wnll: 6.2107, avg kl: 0.0306, mse: 0.412622, wmse: 5.230542, mae: 0.464309
1845,	Iter: 1845, train loss: 2.8843, avg nll: 0.7929, avg wnll: 6.1910, avg kl: 0.0305, mse: 0.412175, wmse: 5.211599, mae: 0.463739
1846,	Iter: 1846, train loss: 2.8909, avg nll: 0.7969, avg wnll: 6.1564, avg kl: 0.0302, mse: 0.412748, wmse: 5.224519, mae: 0.464616
1847,	Iter: 1847, train loss: 2.8741, avg nll: 0.7875, avg wnll: 6.1706, avg kl: 0.0302, mse: 0.411256, wmse: 5.222397, mae: 0.462988
1848,	Iter: 1848, train loss: 2.8780, avg nll: 0.7863, avg wnll: 6.2009, avg kl: 0.0300, mse: 0.412331, wmse: 5.227644, mae: 0.463885
1849,	Iter: 1849, train loss: 2.8604, avg nll: 0.7813, avg wnll: 6.1903, avg kl: 0.0298, mse: 0.409871, wmse: 5.191861, mae: 0.462261
1850,	Iter: 1850, train loss: 2.8862, avg nll: 0.7932, avg wnll: 6.1716, avg kl: 0.0304, mse: 0.412525, wmse: 5.219347, mae: 0.463768
nll: 1.4590, mse: 0.5489, mae: 0.5326, mean_mse: 7.0568, mean_mae: 0.5326
1679116986.5068119
1851,	Iter: 1851, train loss: 2.8711, avg nll: 0.7926, avg wnll: 6.2262, avg kl: 0.0300, mse: 0.409716, wmse: 5.175525, mae: 0.462513
1852,	Iter: 1852, train loss: 2.8573, avg nll: 0.7836, avg wnll: 6.1661, avg kl: 0.0321, mse: 0.408322, wmse: 5.176587, mae: 0.462164
1853,	Iter: 1853, train loss: 2.8738, avg nll: 0.7845, avg wnll: 6.2001, avg kl: 0.0303, mse: 0.411786, wmse: 5.206937, mae: 0.464112
1854,	Iter: 1854, train loss: 2.8789, avg nll: 0.7870, avg wnll: 6.2092, avg kl: 0.0309, mse: 0.412195, wmse: 5.226149, mae: 0.464025
1855,	Iter: 1855, train loss: 2.8842, avg nll: 0.7937, avg wnll: 6.2232, avg kl: 0.0301, mse: 0.412073, wmse: 5.209673, mae: 0.463636
1856,	Iter: 1856, train loss: 2.8910, avg nll: 0.7957, avg wnll: 6.1629, avg kl: 0.0295, mse: 0.413169, wmse: 5.232193, mae: 0.464923
1857,	Iter: 1857, train loss: 2.8729, avg nll: 0.7864, avg wnll: 6.2087, avg kl: 0.0302, mse: 0.411259, wmse: 5.222001, mae: 0.462948
1858,	Iter: 1858, train loss: 2.8757, avg nll: 0.7855, avg wnll: 6.1943, avg kl: 0.0299, mse: 0.412053, wmse: 5.225223, mae: 0.463638
1859,	Iter: 1859, train loss: 2.8607, avg nll: 0.7822, avg wnll: 6.2241, avg kl: 0.0298, mse: 0.409753, wmse: 5.192332, mae: 0.462096
1860,	Iter: 1860, train loss: 2.8873, avg nll: 0.7946, avg wnll: 6.1817, avg kl: 0.0308, mse: 0.412368, wmse: 5.219939, mae: 0.463782
nll: 1.4608, mse: 0.5495, mae: 0.5329, mean_mse: 7.0516, mean_mae: 0.5329
1679117844.189184
saving.................
done
1861,	Iter: 1861, train loss: 2.8702, avg nll: 0.7910, avg wnll: 6.1884, avg kl: 0.0299, mse: 0.409879, wmse: 5.178033, mae: 0.462588
1862,	Iter: 1862, train loss: 2.8589, avg nll: 0.7842, avg wnll: 6.1748, avg kl: 0.0321, mse: 0.408514, wmse: 5.179022, mae: 0.462377
1863,	Iter: 1863, train loss: 2.8748, avg nll: 0.7871, avg wnll: 6.1948, avg kl: 0.0303, mse: 0.411487, wmse: 5.202885, mae: 0.463932
1864,	Iter: 1864, train loss: 2.8809, avg nll: 0.7887, avg wnll: 6.1955, avg kl: 0.0309, mse: 0.412234, wmse: 5.225053, mae: 0.464075
1865,	Iter: 1865, train loss: 2.8852, avg nll: 0.7928, avg wnll: 6.2207, avg kl: 0.0305, mse: 0.412390, wmse: 5.213640, mae: 0.463877
1866,	Iter: 1866, train loss: 2.8909, avg nll: 0.7968, avg wnll: 6.1577, avg kl: 0.0303, mse: 0.412754, wmse: 5.226296, mae: 0.464589
1867,	Iter: 1867, train loss: 2.8729, avg nll: 0.7872, avg wnll: 6.1967, avg kl: 0.0301, mse: 0.411103, wmse: 5.220399, mae: 0.462918
1868,	Iter: 1868, train loss: 2.8814, avg nll: 0.7887, avg wnll: 6.2055, avg kl: 0.0299, mse: 0.412572, wmse: 5.230813, mae: 0.464064
1869,	Iter: 1869, train loss: 2.8616, avg nll: 0.7836, avg wnll: 6.2118, avg kl: 0.0300, mse: 0.409601, wmse: 5.187278, mae: 0.462059
1870,	Iter: 1870, train loss: 2.8836, avg nll: 0.7916, avg wnll: 6.1558, avg kl: 0.0306, mse: 0.412266, wmse: 5.215263, mae: 0.463592
nll: 1.4765, mse: 0.5484, mae: 0.5324, mean_mse: 7.0535, mean_mae: 0.5324
1679118745.7052927
1871,	Iter: 1871, train loss: 2.8656, avg nll: 0.7886, avg wnll: 6.1761, avg kl: 0.0299, mse: 0.409423, wmse: 5.171880, mae: 0.462234
1872,	Iter: 1872, train loss: 2.8551, avg nll: 0.7825, avg wnll: 6.1510, avg kl: 0.0319, mse: 0.408136, wmse: 5.174725, mae: 0.462130
1873,	Iter: 1873, train loss: 2.8776, avg nll: 0.7890, avg wnll: 6.2260, avg kl: 0.0301, mse: 0.411691, wmse: 5.205442, mae: 0.464097
1874,	Iter: 1874, train loss: 2.8820, avg nll: 0.7900, avg wnll: 6.2210, avg kl: 0.0306, mse: 0.412289, wmse: 5.228277, mae: 0.464041
1875,	Iter: 1875, train loss: 2.8419, avg nll: 0.7861, avg wnll: 6.1854, avg kl: 0.0340, mse: 0.411154, wmse: 5.197598, mae: 0.463056
1876,	Iter: 1876, train loss: 2.8568, avg nll: 0.7958, avg wnll: 6.1825, avg kl: 0.0357, mse: 0.412164, wmse: 5.216305, mae: 0.464331
1877,	Iter: 1877, train loss: 2.8397, avg nll: 0.7871, avg wnll: 6.2285, avg kl: 0.0383, mse: 0.410427, wmse: 5.208310, mae: 0.462408
1878,	Iter: 1878, train loss: 2.8470, avg nll: 0.7888, avg wnll: 6.2324, avg kl: 0.0388, mse: 0.411497, wmse: 5.215024, mae: 0.463265
1879,	Iter: 1879, train loss: 2.8226, avg nll: 0.7771, avg wnll: 6.1714, avg kl: 0.0392, mse: 0.408934, wmse: 5.177751, mae: 0.461452
1880,	Iter: 1880, train loss: 2.8474, avg nll: 0.7896, avg wnll: 6.1848, avg kl: 0.0416, mse: 0.411350, wmse: 5.202160, mae: 0.463016
nll: 1.6138, mse: 0.5510, mae: 0.5338, mean_mse: 7.0776, mean_mae: 0.5338
1679119650.129239
1881,	Iter: 1881, train loss: 2.8353, avg nll: 0.7900, avg wnll: 6.2351, avg kl: 0.0408, mse: 0.408799, wmse: 5.159107, mae: 0.461785
1882,	Iter: 1882, train loss: 2.8213, avg nll: 0.7820, avg wnll: 6.1624, avg kl: 0.0441, mse: 0.407533, wmse: 5.163665, mae: 0.461605
1883,	Iter: 1883, train loss: 2.8425, avg nll: 0.7869, avg wnll: 6.2107, avg kl: 0.0419, mse: 0.410749, wmse: 5.189940, mae: 0.463345
1884,	Iter: 1884, train loss: 2.8517, avg nll: 0.7912, avg wnll: 6.2358, avg kl: 0.0432, mse: 0.411675, wmse: 5.213170, mae: 0.463574
1885,	Iter: 1885, train loss: 2.8432, avg nll: 0.7865, avg wnll: 6.1658, avg kl: 0.0437, mse: 0.410875, wmse: 5.190698, mae: 0.462823
1886,	Iter: 1886, train loss: 2.8516, avg nll: 0.7919, avg wnll: 6.1402, avg kl: 0.0446, mse: 0.411423, wmse: 5.203579, mae: 0.463619
1887,	Iter: 1887, train loss: 2.8370, avg nll: 0.7842, avg wnll: 6.2295, avg kl: 0.0446, mse: 0.409987, wmse: 5.201140, mae: 0.461971
1888,	Iter: 1888, train loss: 2.8439, avg nll: 0.7851, avg wnll: 6.2191, avg kl: 0.0435, mse: 0.411168, wmse: 5.209406, mae: 0.462956
1889,	Iter: 1889, train loss: 2.8214, avg nll: 0.7758, avg wnll: 6.1789, avg kl: 0.0440, mse: 0.408449, wmse: 5.168676, mae: 0.461182
1890,	Iter: 1890, train loss: 2.8471, avg nll: 0.7887, avg wnll: 6.1895, avg kl: 0.0454, mse: 0.410950, wmse: 5.194541, mae: 0.462693
nll: 1.5043, mse: 0.5497, mae: 0.5330, mean_mse: 7.0716, mean_mae: 0.5330
1679120519.4689426
saving.................
done
1891,	Iter: 1891, train loss: 2.8383, avg nll: 0.7910, avg wnll: 6.2283, avg kl: 0.0441, mse: 0.408715, wmse: 5.160311, mae: 0.461623
1892,	Iter: 1892, train loss: 2.8167, avg nll: 0.7777, avg wnll: 6.1666, avg kl: 0.0472, mse: 0.406935, wmse: 5.154220, mae: 0.461201
1893,	Iter: 1893, train loss: 2.8392, avg nll: 0.7828, avg wnll: 6.2093, avg kl: 0.0453, mse: 0.410396, wmse: 5.185254, mae: 0.463133
1894,	Iter: 1894, train loss: 2.8483, avg nll: 0.7873, avg wnll: 6.2013, avg kl: 0.0454, mse: 0.411279, wmse: 5.210541, mae: 0.463350
1895,	Iter: 1895, train loss: 2.8400, avg nll: 0.7827, avg wnll: 6.1973, avg kl: 0.0454, mse: 0.410494, wmse: 5.185336, mae: 0.462570
1896,	Iter: 1896, train loss: 2.8487, avg nll: 0.7882, avg wnll: 6.1693, avg kl: 0.0453, mse: 0.411089, wmse: 5.200733, mae: 0.463464
1897,	Iter: 1897, train loss: 2.8357, avg nll: 0.7825, avg wnll: 6.2237, avg kl: 0.0461, mse: 0.409563, wmse: 5.195370, mae: 0.461807
1898,	Iter: 1898, train loss: 2.8458, avg nll: 0.7850, avg wnll: 6.2082, avg kl: 0.0456, mse: 0.411038, wmse: 5.207134, mae: 0.462971
1899,	Iter: 1899, train loss: 2.8255, avg nll: 0.7772, avg wnll: 6.1752, avg kl: 0.0458, mse: 0.408490, wmse: 5.168779, mae: 0.461178
1900,	Iter: 1900, train loss: 2.8481, avg nll: 0.7877, avg wnll: 6.2094, avg kl: 0.0473, mse: 0.410816, wmse: 5.194436, mae: 0.462714
nll: 1.6687, mse: 0.5505, mae: 0.5333, mean_mse: 7.0630, mean_mae: 0.5333
1679121404.6358058
1901,	Iter: 1901, train loss: 2.8354, avg nll: 0.7882, avg wnll: 6.2574, avg kl: 0.0459, mse: 0.408172, wmse: 5.149829, mae: 0.461376
1902,	Iter: 1902, train loss: 2.8181, avg nll: 0.7770, avg wnll: 6.1622, avg kl: 0.0485, mse: 0.406826, wmse: 5.153402, mae: 0.461188
1903,	Iter: 1903, train loss: 2.8421, avg nll: 0.7845, avg wnll: 6.2269, avg kl: 0.0458, mse: 0.410143, wmse: 5.181381, mae: 0.462930
1904,	Iter: 1904, train loss: 2.8468, avg nll: 0.7846, avg wnll: 6.1940, avg kl: 0.0472, mse: 0.410989, wmse: 5.204261, mae: 0.463175
1905,	Iter: 1905, train loss: 2.8428, avg nll: 0.7845, avg wnll: 6.2192, avg kl: 0.0461, mse: 0.410182, wmse: 5.181851, mae: 0.462390
1906,	Iter: 1906, train loss: 2.8525, avg nll: 0.7895, avg wnll: 6.1755, avg kl: 0.0470, mse: 0.411047, wmse: 5.197649, mae: 0.463422
1907,	Iter: 1907, train loss: 2.8406, avg nll: 0.7847, avg wnll: 6.2320, avg kl: 0.0462, mse: 0.409606, wmse: 5.196296, mae: 0.461822
1908,	Iter: 1908, train loss: 2.8473, avg nll: 0.7844, avg wnll: 6.1967, avg kl: 0.0451, mse: 0.410989, wmse: 5.206803, mae: 0.462935
1909,	Iter: 1909, train loss: 2.8267, avg nll: 0.7765, avg wnll: 6.1861, avg kl: 0.0460, mse: 0.408387, wmse: 5.168978, mae: 0.461227
1910,	Iter: 1910, train loss: 2.8492, avg nll: 0.7876, avg wnll: 6.1962, avg kl: 0.0474, mse: 0.410544, wmse: 5.190371, mae: 0.462465
nll: 1.6289, mse: 0.5493, mae: 0.5328, mean_mse: 7.0677, mean_mae: 0.5328
1679122284.8484898
1911,	Iter: 1911, train loss: 2.8333, avg nll: 0.7850, avg wnll: 6.2080, avg kl: 0.0458, mse: 0.407901, wmse: 5.149351, mae: 0.461144
1912,	Iter: 1912, train loss: 2.8207, avg nll: 0.7774, avg wnll: 6.1997, avg kl: 0.0485, mse: 0.406747, wmse: 5.154426, mae: 0.461116
1913,	Iter: 1913, train loss: 2.8431, avg nll: 0.7832, avg wnll: 6.2346, avg kl: 0.0463, mse: 0.410103, wmse: 5.182162, mae: 0.462990
1914,	Iter: 1914, train loss: 2.8475, avg nll: 0.7837, avg wnll: 6.1943, avg kl: 0.0462, mse: 0.410842, wmse: 5.204074, mae: 0.462994
1915,	Iter: 1915, train loss: 2.8450, avg nll: 0.7832, avg wnll: 6.2142, avg kl: 0.0461, mse: 0.410394, wmse: 5.184530, mae: 0.462542
1916,	Iter: 1916, train loss: 2.8583, avg nll: 0.7925, avg wnll: 6.2288, avg kl: 0.0462, mse: 0.411144, wmse: 5.201293, mae: 0.463531
1917,	Iter: 1917, train loss: 2.8394, avg nll: 0.7820, avg wnll: 6.1921, avg kl: 0.0467, mse: 0.409385, wmse: 5.193567, mae: 0.461744
1918,	Iter: 1918, train loss: 2.8461, avg nll: 0.7819, avg wnll: 6.2222, avg kl: 0.0455, mse: 0.410753, wmse: 5.204432, mae: 0.462798
1919,	Iter: 1919, train loss: 2.8287, avg nll: 0.7770, avg wnll: 6.2001, avg kl: 0.0456, mse: 0.408210, wmse: 5.167187, mae: 0.461090
1920,	Iter: 1920, train loss: 2.8481, avg nll: 0.7850, avg wnll: 6.1832, avg kl: 0.0472, mse: 0.410363, wmse: 5.187481, mae: 0.462465
nll: 1.9578, mse: 0.5504, mae: 0.5333, mean_mse: 7.0720, mean_mae: 0.5333
1679123174.9129899
saving.................
done
1921,	Iter: 1921, train loss: 2.8365, avg nll: 0.7857, avg wnll: 6.2023, avg kl: 0.0454, mse: 0.407937, wmse: 5.147420, mae: 0.461253
1922,	Iter: 1922, train loss: 2.8228, avg nll: 0.7781, avg wnll: 6.1935, avg kl: 0.0480, mse: 0.406525, wmse: 5.148952, mae: 0.461043
1923,	Iter: 1923, train loss: 2.8450, avg nll: 0.7826, avg wnll: 6.2377, avg kl: 0.0454, mse: 0.410153, wmse: 5.181483, mae: 0.462969
1924,	Iter: 1924, train loss: 2.8503, avg nll: 0.7849, avg wnll: 6.2405, avg kl: 0.0465, mse: 0.410636, wmse: 5.201715, mae: 0.462956
1925,	Iter: 1925, train loss: 2.8475, avg nll: 0.7848, avg wnll: 6.2031, avg kl: 0.0457, mse: 0.410101, wmse: 5.181311, mae: 0.462345
1926,	Iter: 1926, train loss: 2.8585, avg nll: 0.7916, avg wnll: 6.1767, avg kl: 0.0460, mse: 0.410884, wmse: 5.197408, mae: 0.463407
1927,	Iter: 1927, train loss: 2.8404, avg nll: 0.7810, avg wnll: 6.2026, avg kl: 0.0457, mse: 0.409349, wmse: 5.193432, mae: 0.461657
1928,	Iter: 1928, train loss: 2.8484, avg nll: 0.7829, avg wnll: 6.2197, avg kl: 0.0446, mse: 0.410576, wmse: 5.201662, mae: 0.462681
1929,	Iter: 1929, train loss: 2.8299, avg nll: 0.7771, avg wnll: 6.2386, avg kl: 0.0447, mse: 0.407982, wmse: 5.163969, mae: 0.461003
1930,	Iter: 1930, train loss: 2.8504, avg nll: 0.7852, avg wnll: 6.1840, avg kl: 0.0463, mse: 0.410340, wmse: 5.188256, mae: 0.462304
nll: 1.7982, mse: 0.5497, mae: 0.5329, mean_mse: 7.0675, mean_mae: 0.5329
1679124051.0491798
1931,	Iter: 1931, train loss: 2.8388, avg nll: 0.7870, avg wnll: 6.2476, avg kl: 0.0448, mse: 0.407682, wmse: 5.146820, mae: 0.461103
1932,	Iter: 1932, train loss: 2.8258, avg nll: 0.7780, avg wnll: 6.2090, avg kl: 0.0476, mse: 0.406654, wmse: 5.154278, mae: 0.461151
1933,	Iter: 1933, train loss: 2.8449, avg nll: 0.7822, avg wnll: 6.2284, avg kl: 0.0447, mse: 0.409784, wmse: 5.179464, mae: 0.462827
1934,	Iter: 1934, train loss: 2.8526, avg nll: 0.7854, avg wnll: 6.2184, avg kl: 0.0449, mse: 0.410602, wmse: 5.200884, mae: 0.462899
1935,	Iter: 1935, train loss: 2.8455, avg nll: 0.7809, avg wnll: 6.1942, avg kl: 0.0446, mse: 0.410079, wmse: 5.180867, mae: 0.462376
1936,	Iter: 1936, train loss: 2.8587, avg nll: 0.7897, avg wnll: 6.1731, avg kl: 0.0449, mse: 0.410898, wmse: 5.197800, mae: 0.463414
1937,	Iter: 1937, train loss: 2.8414, avg nll: 0.7811, avg wnll: 6.2105, avg kl: 0.0449, mse: 0.409082, wmse: 5.190710, mae: 0.461560
1938,	Iter: 1938, train loss: 2.8488, avg nll: 0.7821, avg wnll: 6.2220, avg kl: 0.0441, mse: 0.410366, wmse: 5.200270, mae: 0.462625
1939,	Iter: 1939, train loss: 2.8311, avg nll: 0.7763, avg wnll: 6.2106, avg kl: 0.0441, mse: 0.407957, wmse: 5.163465, mae: 0.460975
1940,	Iter: 1940, train loss: 2.8548, avg nll: 0.7870, avg wnll: 6.1728, avg kl: 0.0450, mse: 0.410433, wmse: 5.188972, mae: 0.462533
nll: 1.7116, mse: 0.5500, mae: 0.5330, mean_mse: 7.0663, mean_mae: 0.5330
1679124909.3167076
1941,	Iter: 1941, train loss: 2.8414, avg nll: 0.7862, avg wnll: 6.2302, avg kl: 0.0433, mse: 0.407993, wmse: 5.149421, mae: 0.461351
1942,	Iter: 1942, train loss: 2.8259, avg nll: 0.7773, avg wnll: 6.1802, avg kl: 0.0462, mse: 0.406416, wmse: 5.149077, mae: 0.460956
1943,	Iter: 1943, train loss: 2.8472, avg nll: 0.7818, avg wnll: 6.2135, avg kl: 0.0438, mse: 0.409901, wmse: 5.178641, mae: 0.462825
1944,	Iter: 1944, train loss: 2.8553, avg nll: 0.7854, avg wnll: 6.2386, avg kl: 0.0446, mse: 0.410694, wmse: 5.203182, mae: 0.463078
1945,	Iter: 1945, train loss: 2.8454, avg nll: 0.7803, avg wnll: 6.1698, avg kl: 0.0438, mse: 0.409750, wmse: 5.177370, mae: 0.462153
1946,	Iter: 1946, train loss: 2.8610, avg nll: 0.7906, avg wnll: 6.1908, avg kl: 0.0438, mse: 0.410762, wmse: 5.196829, mae: 0.463418
1947,	Iter: 1947, train loss: 2.8472, avg nll: 0.7832, avg wnll: 6.2207, avg kl: 0.0439, mse: 0.409412, wmse: 5.194847, mae: 0.461768
1948,	Iter: 1948, train loss: 2.8493, avg nll: 0.7806, avg wnll: 6.1927, avg kl: 0.0430, mse: 0.410383, wmse: 5.199795, mae: 0.462560
1949,	Iter: 1949, train loss: 2.8294, avg nll: 0.7746, avg wnll: 6.2105, avg kl: 0.0431, mse: 0.407566, wmse: 5.158612, mae: 0.460764
1950,	Iter: 1950, train loss: 2.8573, avg nll: 0.7872, avg wnll: 6.1694, avg kl: 0.0439, mse: 0.410509, wmse: 5.191397, mae: 0.462520
nll: 1.7955, mse: 0.5499, mae: 0.5332, mean_mse: 7.0692, mean_mae: 0.5332
1679125795.8228068
saving.................
done
1951,	Iter: 1951, train loss: 2.8453, avg nll: 0.7889, avg wnll: 6.2258, avg kl: 0.0431, mse: 0.407806, wmse: 5.148989, mae: 0.461322
1952,	Iter: 1952, train loss: 2.8266, avg nll: 0.7765, avg wnll: 6.1729, avg kl: 0.0458, mse: 0.406251, wmse: 5.147389, mae: 0.460964
1953,	Iter: 1953, train loss: 2.8459, avg nll: 0.7794, avg wnll: 6.1829, avg kl: 0.0434, mse: 0.409682, wmse: 5.177521, mae: 0.462741
1954,	Iter: 1954, train loss: 2.8563, avg nll: 0.7851, avg wnll: 6.2467, avg kl: 0.0437, mse: 0.410544, wmse: 5.201160, mae: 0.462907
1955,	Iter: 1955, train loss: 2.8494, avg nll: 0.7805, avg wnll: 6.2091, avg kl: 0.0436, mse: 0.410058, wmse: 5.181144, mae: 0.462385
1956,	Iter: 1956, train loss: 2.8643, avg nll: 0.7912, avg wnll: 6.1843, avg kl: 0.0429, mse: 0.410922, wmse: 5.199405, mae: 0.463423
1957,	Iter: 1957, train loss: 2.8462, avg nll: 0.7819, avg wnll: 6.2194, avg kl: 0.0432, mse: 0.409084, wmse: 5.191487, mae: 0.461629
1958,	Iter: 1958, train loss: 2.8506, avg nll: 0.7798, avg wnll: 6.1831, avg kl: 0.0425, mse: 0.410386, wmse: 5.200862, mae: 0.462664
1959,	Iter: 1959, train loss: 2.8363, avg nll: 0.7776, avg wnll: 6.2023, avg kl: 0.0423, mse: 0.407955, wmse: 5.163386, mae: 0.460983
1960,	Iter: 1960, train loss: 2.8587, avg nll: 0.7866, avg wnll: 6.1765, avg kl: 0.0435, mse: 0.410490, wmse: 5.189688, mae: 0.462600
nll: 1.6868, mse: 0.5497, mae: 0.5329, mean_mse: 7.0653, mean_mae: 0.5329
1679126684.214877
1961,	Iter: 1961, train loss: 2.8455, avg nll: 0.7867, avg wnll: 6.2128, avg kl: 0.0419, mse: 0.407931, wmse: 5.148484, mae: 0.461266
1962,	Iter: 1962, train loss: 2.8303, avg nll: 0.7778, avg wnll: 6.1679, avg kl: 0.0445, mse: 0.406376, wmse: 5.148594, mae: 0.460957
1963,	Iter: 1963, train loss: 2.8447, avg nll: 0.7774, avg wnll: 6.1788, avg kl: 0.0416, mse: 0.409537, wmse: 5.175066, mae: 0.462627
1964,	Iter: 1964, train loss: 2.8599, avg nll: 0.7865, avg wnll: 6.2655, avg kl: 0.0423, mse: 0.410668, wmse: 5.203171, mae: 0.463105
1965,	Iter: 1965, train loss: 2.8515, avg nll: 0.7831, avg wnll: 6.1992, avg kl: 0.0417, mse: 0.409668, wmse: 5.176640, mae: 0.462127
1966,	Iter: 1966, train loss: 2.8623, avg nll: 0.7895, avg wnll: 6.1617, avg kl: 0.0415, mse: 0.410532, wmse: 5.194341, mae: 0.463275
1967,	Iter: 1967, train loss: 2.8449, avg nll: 0.7793, avg wnll: 6.2200, avg kl: 0.0427, mse: 0.408922, wmse: 5.188041, mae: 0.461451
1968,	Iter: 1968, train loss: 2.8539, avg nll: 0.7817, avg wnll: 6.1815, avg kl: 0.0412, mse: 0.410362, wmse: 5.200167, mae: 0.462646
1969,	Iter: 1969, train loss: 2.8366, avg nll: 0.7774, avg wnll: 6.1872, avg kl: 0.0410, mse: 0.407750, wmse: 5.161782, mae: 0.460896
1970,	Iter: 1970, train loss: 2.8569, avg nll: 0.7840, avg wnll: 6.1757, avg kl: 0.0421, mse: 0.410307, wmse: 5.189582, mae: 0.462402
nll: 2.0210, mse: 0.5498, mae: 0.5332, mean_mse: 7.0638, mean_mae: 0.5332
1679127589.0007596
1971,	Iter: 1971, train loss: 2.8459, avg nll: 0.7860, avg wnll: 6.2116, avg kl: 0.0409, mse: 0.407779, wmse: 5.147673, mae: 0.461334
1972,	Iter: 1972, train loss: 2.8337, avg nll: 0.7790, avg wnll: 6.1732, avg kl: 0.0433, mse: 0.406464, wmse: 5.150484, mae: 0.461083
1973,	Iter: 1973, train loss: 2.8528, avg nll: 0.7821, avg wnll: 6.1937, avg kl: 0.0411, mse: 0.409858, wmse: 5.181047, mae: 0.462971
1974,	Iter: 1974, train loss: 2.8584, avg nll: 0.7844, avg wnll: 6.2203, avg kl: 0.0418, mse: 0.410382, wmse: 5.199263, mae: 0.462877
1975,	Iter: 1975, train loss: 2.8545, avg nll: 0.7820, avg wnll: 6.2186, avg kl: 0.0413, mse: 0.410087, wmse: 5.181852, mae: 0.462372
1976,	Iter: 1976, train loss: 2.8621, avg nll: 0.7874, avg wnll: 6.1447, avg kl: 0.0412, mse: 0.410509, wmse: 5.193718, mae: 0.463200
1977,	Iter: 1977, train loss: 2.8464, avg nll: 0.7798, avg wnll: 6.2186, avg kl: 0.0413, mse: 0.408818, wmse: 5.188258, mae: 0.461460
1978,	Iter: 1978, train loss: 2.8549, avg nll: 0.7803, avg wnll: 6.1826, avg kl: 0.0407, mse: 0.410441, wmse: 5.201826, mae: 0.462644
1979,	Iter: 1979, train loss: 2.8402, avg nll: 0.7769, avg wnll: 6.1954, avg kl: 0.0402, mse: 0.408195, wmse: 5.165852, mae: 0.461113
1980,	Iter: 1980, train loss: 2.8598, avg nll: 0.7854, avg wnll: 6.1610, avg kl: 0.0415, mse: 0.410234, wmse: 5.186680, mae: 0.462451
nll: 1.7324, mse: 0.5497, mae: 0.5330, mean_mse: 7.0708, mean_mae: 0.5330
1679128499.8594713
saving.................
done
1981,	Iter: 1981, train loss: 2.8474, avg nll: 0.7857, avg wnll: 6.2150, avg kl: 0.0405, mse: 0.407763, wmse: 5.148683, mae: 0.461189
1982,	Iter: 1982, train loss: 2.8382, avg nll: 0.7811, avg wnll: 6.1848, avg kl: 0.0428, mse: 0.406525, wmse: 5.150961, mae: 0.461174
1983,	Iter: 1983, train loss: 2.8512, avg nll: 0.7794, avg wnll: 6.1861, avg kl: 0.0403, mse: 0.409707, wmse: 5.177659, mae: 0.462763
1984,	Iter: 1984, train loss: 2.8584, avg nll: 0.7830, avg wnll: 6.2128, avg kl: 0.0407, mse: 0.410342, wmse: 5.199203, mae: 0.462871
1985,	Iter: 1985, train loss: 2.8534, avg nll: 0.7811, avg wnll: 6.2168, avg kl: 0.0401, mse: 0.409748, wmse: 5.178559, mae: 0.462179
1986,	Iter: 1986, train loss: 2.8643, avg nll: 0.7879, avg wnll: 6.1548, avg kl: 0.0401, mse: 0.410532, wmse: 5.193805, mae: 0.463268
1987,	Iter: 1987, train loss: 2.8467, avg nll: 0.7776, avg wnll: 6.2080, avg kl: 0.0406, mse: 0.408974, wmse: 5.190153, mae: 0.461468
1988,	Iter: 1988, train loss: 2.8560, avg nll: 0.7812, avg wnll: 6.1993, avg kl: 0.0397, mse: 0.410165, wmse: 5.197174, mae: 0.462556
1989,	Iter: 1989, train loss: 2.8450, avg nll: 0.7806, avg wnll: 6.2339, avg kl: 0.0393, mse: 0.408102, wmse: 5.168329, mae: 0.461238
1990,	Iter: 1990, train loss: 2.8620, avg nll: 0.7856, avg wnll: 6.1546, avg kl: 0.0399, mse: 0.410381, wmse: 5.190608, mae: 0.462511
nll: 2.2889, mse: 0.5500, mae: 0.5332, mean_mse: 7.0640, mean_mae: 0.5332
1679129377.747842
1991,	Iter: 1991, train loss: 2.8486, avg nll: 0.7860, avg wnll: 6.2003, avg kl: 0.0388, mse: 0.407728, wmse: 5.147048, mae: 0.461315
1992,	Iter: 1992, train loss: 2.8365, avg nll: 0.7781, avg wnll: 6.1766, avg kl: 0.0413, mse: 0.406525, wmse: 5.152232, mae: 0.461172
1993,	Iter: 1993, train loss: 2.8534, avg nll: 0.7802, avg wnll: 6.1881, avg kl: 0.0392, mse: 0.409705, wmse: 5.178400, mae: 0.462819
1994,	Iter: 1994, train loss: 2.8622, avg nll: 0.7843, avg wnll: 6.2155, avg kl: 0.0399, mse: 0.410499, wmse: 5.201241, mae: 0.463045
1995,	Iter: 1995, train loss: 2.8551, avg nll: 0.7809, avg wnll: 6.2077, avg kl: 0.0393, mse: 0.409814, wmse: 5.179506, mae: 0.462297
1996,	Iter: 1996, train loss: 2.8651, avg nll: 0.7878, avg wnll: 6.1677, avg kl: 0.0394, mse: 0.410386, wmse: 5.193440, mae: 0.463166
1997,	Iter: 1997, train loss: 2.8480, avg nll: 0.7792, avg wnll: 6.1966, avg kl: 0.0394, mse: 0.408638, wmse: 5.187639, mae: 0.461392
1998,	Iter: 1998, train loss: 2.8608, avg nll: 0.7834, avg wnll: 6.2115, avg kl: 0.0388, mse: 0.410383, wmse: 5.201877, mae: 0.462675
1999,	Iter: 1999, train loss: 2.8379, avg nll: 0.7737, avg wnll: 6.1627, avg kl: 0.0387, mse: 0.407718, wmse: 5.161311, mae: 0.460892
2000,	Iter: 2000, train loss: 2.8640, avg nll: 0.7857, avg wnll: 6.1852, avg kl: 0.0399, mse: 0.410343, wmse: 5.190823, mae: 0.462497
nll: 1.8550, mse: 0.5495, mae: 0.5329, mean_mse: 7.0707, mean_mae: 0.5329
1679130286.650518
2001,	Iter: 2001, train loss: 2.8471, avg nll: 0.7830, avg wnll: 6.2091, avg kl: 0.0384, mse: 0.407666, wmse: 5.147716, mae: 0.461123
2002,	Iter: 2002, train loss: 2.8387, avg nll: 0.7781, avg wnll: 6.1825, avg kl: 0.0409, mse: 0.406584, wmse: 5.151539, mae: 0.461171
2003,	Iter: 2003, train loss: 2.8541, avg nll: 0.7791, avg wnll: 6.1993, avg kl: 0.0386, mse: 0.409726, wmse: 5.177868, mae: 0.462825
2004,	Iter: 2004, train loss: 2.8613, avg nll: 0.7832, avg wnll: 6.2323, avg kl: 0.0390, mse: 0.410247, wmse: 5.199421, mae: 0.462834
2005,	Iter: 2005, train loss: 2.8532, avg nll: 0.7794, avg wnll: 6.2223, avg kl: 0.0384, mse: 0.409443, wmse: 5.174437, mae: 0.462022
2006,	Iter: 2006, train loss: 2.8652, avg nll: 0.7863, avg wnll: 6.1464, avg kl: 0.0384, mse: 0.410402, wmse: 5.192886, mae: 0.463161
2007,	Iter: 2007, train loss: 2.8499, avg nll: 0.7787, avg wnll: 6.1986, avg kl: 0.0386, mse: 0.408817, wmse: 5.187852, mae: 0.461403
2008,	Iter: 2008, train loss: 2.8578, avg nll: 0.7802, avg wnll: 6.2000, avg kl: 0.0379, mse: 0.410133, wmse: 5.197915, mae: 0.462556
2009,	Iter: 2009, train loss: 2.8402, avg nll: 0.7742, avg wnll: 6.1799, avg kl: 0.0377, mse: 0.407811, wmse: 5.163952, mae: 0.460974
2010,	Iter: 2010, train loss: 2.8669, avg nll: 0.7876, avg wnll: 6.2073, avg kl: 0.0383, mse: 0.410340, wmse: 5.189961, mae: 0.462472
nll: 1.9546, mse: 0.5498, mae: 0.5330, mean_mse: 7.0626, mean_mae: 0.5330
1679131175.882733
saving.................
done
2011,	Iter: 2011, train loss: 2.8523, avg nll: 0.7857, avg wnll: 6.2365, avg kl: 0.0375, mse: 0.407874, wmse: 5.150877, mae: 0.461357
2012,	Iter: 2012, train loss: 2.8407, avg nll: 0.7785, avg wnll: 6.1976, avg kl: 0.0399, mse: 0.406609, wmse: 5.153739, mae: 0.461225
2013,	Iter: 2013, train loss: 2.8562, avg nll: 0.7803, avg wnll: 6.2208, avg kl: 0.0372, mse: 0.409696, wmse: 5.178522, mae: 0.462817
2014,	Iter: 2014, train loss: 2.8619, avg nll: 0.7825, avg wnll: 6.2384, avg kl: 0.0381, mse: 0.410245, wmse: 5.197979, mae: 0.462877
2015,	Iter: 2015, train loss: 2.8593, avg nll: 0.7814, avg wnll: 6.1959, avg kl: 0.0371, mse: 0.410054, wmse: 5.183203, mae: 0.462427
2016,	Iter: 2016, train loss: 2.8651, avg nll: 0.7857, avg wnll: 6.1633, avg kl: 0.0372, mse: 0.410279, wmse: 5.192257, mae: 0.463108
2017,	Iter: 2017, train loss: 2.8558, avg nll: 0.7817, avg wnll: 6.2035, avg kl: 0.0379, mse: 0.409081, wmse: 5.193958, mae: 0.461647
2018,	Iter: 2018, train loss: 2.8616, avg nll: 0.7812, avg wnll: 6.1930, avg kl: 0.0370, mse: 0.410449, wmse: 5.203781, mae: 0.462724
2019,	Iter: 2019, train loss: 2.8433, avg nll: 0.7758, avg wnll: 6.1966, avg kl: 0.0371, mse: 0.407792, wmse: 5.163363, mae: 0.460998
2020,	Iter: 2020, train loss: 2.8684, avg nll: 0.7869, avg wnll: 6.2010, avg kl: 0.0376, mse: 0.410474, wmse: 5.192384, mae: 0.462649
nll: 2.1874, mse: 0.5491, mae: 0.5327, mean_mse: 7.0622, mean_mae: 0.5327
1679132080.496054
2021,	Iter: 2021, train loss: 2.8511, avg nll: 0.7837, avg wnll: 6.1900, avg kl: 0.0365, mse: 0.407778, wmse: 5.148668, mae: 0.461202
2022,	Iter: 2022, train loss: 2.8391, avg nll: 0.7762, avg wnll: 6.1889, avg kl: 0.0391, mse: 0.406457, wmse: 5.150556, mae: 0.461119
2023,	Iter: 2023, train loss: 2.8578, avg nll: 0.7799, avg wnll: 6.2425, avg kl: 0.0371, mse: 0.409715, wmse: 5.179586, mae: 0.462901
2024,	Iter: 2024, train loss: 2.8631, avg nll: 0.7822, avg wnll: 6.2294, avg kl: 0.0376, mse: 0.410194, wmse: 5.198734, mae: 0.462787
2025,	Iter: 2025, train loss: 2.8564, avg nll: 0.7793, avg wnll: 6.1685, avg kl: 0.0368, mse: 0.409533, wmse: 5.176132, mae: 0.462156
2026,	Iter: 2026, train loss: 2.8647, avg nll: 0.7839, avg wnll: 6.1537, avg kl: 0.0365, mse: 0.410280, wmse: 5.192494, mae: 0.463083
2027,	Iter: 2027, train loss: 2.8521, avg nll: 0.7780, avg wnll: 6.1975, avg kl: 0.0368, mse: 0.408841, wmse: 5.188285, mae: 0.461474
2028,	Iter: 2028, train loss: 2.8651, avg nll: 0.7833, avg wnll: 6.2294, avg kl: 0.0361, mse: 0.410474, wmse: 5.203046, mae: 0.462768
2029,	Iter: 2029, train loss: 2.8460, avg nll: 0.7755, avg wnll: 6.2277, avg kl: 0.0361, mse: 0.408152, wmse: 5.168725, mae: 0.461172
2030,	Iter: 2030, train loss: 2.8687, avg nll: 0.7855, avg wnll: 6.2128, avg kl: 0.0368, mse: 0.410545, wmse: 5.193280, mae: 0.462599
nll: 1.9400, mse: 0.5502, mae: 0.5333, mean_mse: 7.0674, mean_mae: 0.5333
1679132948.523413
2031,	Iter: 2031, train loss: 2.8552, avg nll: 0.7855, avg wnll: 6.2172, avg kl: 0.0359, mse: 0.407960, wmse: 5.151264, mae: 0.461462
2032,	Iter: 2032, train loss: 2.8426, avg nll: 0.7779, avg wnll: 6.1810, avg kl: 0.0384, mse: 0.406496, wmse: 5.151735, mae: 0.461163
2033,	Iter: 2033, train loss: 2.8586, avg nll: 0.7798, avg wnll: 6.2021, avg kl: 0.0356, mse: 0.409742, wmse: 5.179746, mae: 0.462877
2034,	Iter: 2034, train loss: 2.8651, avg nll: 0.7833, avg wnll: 6.2269, avg kl: 0.0366, mse: 0.410155, wmse: 5.197077, mae: 0.462838
2035,	Iter: 2035, train loss: 2.8616, avg nll: 0.7815, avg wnll: 6.1711, avg kl: 0.0358, mse: 0.409899, wmse: 5.182033, mae: 0.462302
2036,	Iter: 2036, train loss: 2.8718, avg nll: 0.7875, avg wnll: 6.1661, avg kl: 0.0360, mse: 0.410694, wmse: 5.197676, mae: 0.463401
2037,	Iter: 2037, train loss: 2.8600, avg nll: 0.7829, avg wnll: 6.2244, avg kl: 0.0361, mse: 0.409178, wmse: 5.194848, mae: 0.461662
2038,	Iter: 2038, train loss: 2.8630, avg nll: 0.7811, avg wnll: 6.1997, avg kl: 0.0353, mse: 0.410266, wmse: 5.201407, mae: 0.462625
2039,	Iter: 2039, train loss: 2.8444, avg nll: 0.7739, avg wnll: 6.2058, avg kl: 0.0351, mse: 0.407962, wmse: 5.165101, mae: 0.461069
2040,	Iter: 2040, train loss: 2.8689, avg nll: 0.7858, avg wnll: 6.2147, avg kl: 0.0362, mse: 0.410231, wmse: 5.189017, mae: 0.462480
nll: 2.1618, mse: 0.5489, mae: 0.5327, mean_mse: 7.0605, mean_mae: 0.5327
1679133866.5498443
saving.................
done
2041,	Iter: 2041, train loss: 2.8596, avg nll: 0.7885, avg wnll: 6.2253, avg kl: 0.0350, mse: 0.408036, wmse: 5.152913, mae: 0.461453
2042,	Iter: 2042, train loss: 2.8410, avg nll: 0.7757, avg wnll: 6.1494, avg kl: 0.0373, mse: 0.406404, wmse: 5.150516, mae: 0.461074
2043,	Iter: 2043, train loss: 2.8553, avg nll: 0.7765, avg wnll: 6.1757, avg kl: 0.0356, mse: 0.409379, wmse: 5.175189, mae: 0.462647
2044,	Iter: 2044, train loss: 2.8689, avg nll: 0.7844, avg wnll: 6.2081, avg kl: 0.0357, mse: 0.410468, wmse: 5.201545, mae: 0.463063
2045,	Iter: 2045, train loss: 2.8599, avg nll: 0.7794, avg wnll: 6.1581, avg kl: 0.0351, mse: 0.409743, wmse: 5.178887, mae: 0.462263
2046,	Iter: 2046, train loss: 2.8704, avg nll: 0.7867, avg wnll: 6.1884, avg kl: 0.0348, mse: 0.410374, wmse: 5.193040, mae: 0.463196
2047,	Iter: 2047, train loss: 2.8563, avg nll: 0.7794, avg wnll: 6.1962, avg kl: 0.0351, mse: 0.408930, wmse: 5.191592, mae: 0.461580
2048,	Iter: 2048, train loss: 2.8609, avg nll: 0.7778, avg wnll: 6.2007, avg kl: 0.0346, mse: 0.410223, wmse: 5.200196, mae: 0.462587
2049,	Iter: 2049, train loss: 2.8450, avg nll: 0.7736, avg wnll: 6.1940, avg kl: 0.0347, mse: 0.407841, wmse: 5.166782, mae: 0.461033
2050,	Iter: 2050, train loss: 2.8698, avg nll: 0.7840, avg wnll: 6.1763, avg kl: 0.0351, mse: 0.410594, wmse: 5.194698, mae: 0.462628
nll: 2.0639, mse: 0.5497, mae: 0.5330, mean_mse: 7.0610, mean_mae: 0.5330
1679134741.3304405
2051,	Iter: 2051, train loss: 2.8553, avg nll: 0.7846, avg wnll: 6.2139, avg kl: 0.0342, mse: 0.407706, wmse: 5.148427, mae: 0.461353
2052,	Iter: 2052, train loss: 2.8391, avg nll: 0.7729, avg wnll: 6.1479, avg kl: 0.0368, mse: 0.406291, wmse: 5.149867, mae: 0.460957
2053,	Iter: 2053, train loss: 2.8613, avg nll: 0.7806, avg wnll: 6.2033, avg kl: 0.0339, mse: 0.409708, wmse: 5.181185, mae: 0.462877
2054,	Iter: 2054, train loss: 2.8666, avg nll: 0.7824, avg wnll: 6.2124, avg kl: 0.0349, mse: 0.410185, wmse: 5.199224, mae: 0.462824
2055,	Iter: 2055, train loss: 2.8658, avg nll: 0.7819, avg wnll: 6.1746, avg kl: 0.0343, mse: 0.410184, wmse: 5.185483, mae: 0.462575
2056,	Iter: 2056, train loss: 2.8747, avg nll: 0.7890, avg wnll: 6.1758, avg kl: 0.0343, mse: 0.410531, wmse: 5.196799, mae: 0.463303
2057,	Iter: 2057, train loss: 2.8585, avg nll: 0.7797, avg wnll: 6.1856, avg kl: 0.0346, mse: 0.409044, wmse: 5.193422, mae: 0.461614
2058,	Iter: 2058, train loss: 2.8631, avg nll: 0.7795, avg wnll: 6.2017, avg kl: 0.0338, mse: 0.410126, wmse: 5.200224, mae: 0.462527
2059,	Iter: 2059, train loss: 2.8472, avg nll: 0.7741, avg wnll: 6.1920, avg kl: 0.0334, mse: 0.408044, wmse: 5.167541, mae: 0.461135
2060,	Iter: 2060, train loss: 2.8698, avg nll: 0.7848, avg wnll: 6.1898, avg kl: 0.0345, mse: 0.410213, wmse: 5.190002, mae: 0.462424
nll: 1.8887, mse: 0.5489, mae: 0.5326, mean_mse: 7.0531, mean_mae: 0.5326
1679135619.1757474
2061,	Iter: 2061, train loss: 2.8580, avg nll: 0.7854, avg wnll: 6.2086, avg kl: 0.0333, mse: 0.407916, wmse: 5.152807, mae: 0.461341
2062,	Iter: 2062, train loss: 2.8493, avg nll: 0.7788, avg wnll: 6.1675, avg kl: 0.0359, mse: 0.406932, wmse: 5.157595, mae: 0.461472
2063,	Iter: 2063, train loss: 2.8619, avg nll: 0.7790, avg wnll: 6.2141, avg kl: 0.0339, mse: 0.409787, wmse: 5.181581, mae: 0.462957
2064,	Iter: 2064, train loss: 2.8713, avg nll: 0.7850, avg wnll: 6.2239, avg kl: 0.0340, mse: 0.410451, wmse: 5.202768, mae: 0.463040
2065,	Iter: 2065, train loss: 2.8649, avg nll: 0.7819, avg wnll: 6.1918, avg kl: 0.0336, mse: 0.409889, wmse: 5.182372, mae: 0.462402
2066,	Iter: 2066, train loss: 2.8732, avg nll: 0.7872, avg wnll: 6.1530, avg kl: 0.0335, mse: 0.410502, wmse: 5.195258, mae: 0.463281
2067,	Iter: 2067, train loss: 2.8575, avg nll: 0.7788, avg wnll: 6.1871, avg kl: 0.0340, mse: 0.408935, wmse: 5.192018, mae: 0.461548
2068,	Iter: 2068, train loss: 2.8634, avg nll: 0.7789, avg wnll: 6.1756, avg kl: 0.0330, mse: 0.410304, wmse: 5.202242, mae: 0.462683
2069,	Iter: 2069, train loss: 2.8478, avg nll: 0.7752, avg wnll: 6.2280, avg kl: 0.0334, mse: 0.407825, wmse: 5.166261, mae: 0.461069
2070,	Iter: 2070, train loss: 2.8720, avg nll: 0.7855, avg wnll: 6.1632, avg kl: 0.0340, mse: 0.410499, wmse: 5.192989, mae: 0.462620
nll: 2.1199, mse: 0.5490, mae: 0.5328, mean_mse: 7.0606, mean_mae: 0.5328
1679136520.140566
saving.................
done
2071,	Iter: 2071, train loss: 2.8590, avg nll: 0.7861, avg wnll: 6.2118, avg kl: 0.0331, mse: 0.407966, wmse: 5.152641, mae: 0.461587
2072,	Iter: 2072, train loss: 2.8463, avg nll: 0.7772, avg wnll: 6.1666, avg kl: 0.0354, mse: 0.406727, wmse: 5.156087, mae: 0.461300
2073,	Iter: 2073, train loss: 2.8577, avg nll: 0.7771, avg wnll: 6.1729, avg kl: 0.0330, mse: 0.409534, wmse: 5.178381, mae: 0.462801
2074,	Iter: 2074, train loss: 2.8700, avg nll: 0.7846, avg wnll: 6.2541, avg kl: 0.0337, mse: 0.410345, wmse: 5.202109, mae: 0.463000
2075,	Iter: 2075, train loss: 2.8617, avg nll: 0.7784, avg wnll: 6.1625, avg kl: 0.0336, mse: 0.409938, wmse: 5.182128, mae: 0.462358
2076,	Iter: 2076, train loss: 2.8712, avg nll: 0.7859, avg wnll: 6.1441, avg kl: 0.0336, mse: 0.410345, wmse: 5.195320, mae: 0.463154
2077,	Iter: 2077, train loss: 2.8603, avg nll: 0.7811, avg wnll: 6.2387, avg kl: 0.0333, mse: 0.409155, wmse: 5.196064, mae: 0.461754
2078,	Iter: 2078, train loss: 2.8641, avg nll: 0.7798, avg wnll: 6.1998, avg kl: 0.0332, mse: 0.410227, wmse: 5.200973, mae: 0.462616
2079,	Iter: 2079, train loss: 2.8479, avg nll: 0.7745, avg wnll: 6.1873, avg kl: 0.0329, mse: 0.408115, wmse: 5.168895, mae: 0.461190
2080,	Iter: 2080, train loss: 2.8712, avg nll: 0.7853, avg wnll: 6.1617, avg kl: 0.0340, mse: 0.410396, wmse: 5.193589, mae: 0.462625
nll: 1.8779, mse: 0.5496, mae: 0.5329, mean_mse: 7.0614, mean_mae: 0.5329
1679137388.0758693
2081,	Iter: 2081, train loss: 2.8571, avg nll: 0.7853, avg wnll: 6.2310, avg kl: 0.0327, mse: 0.407827, wmse: 5.150899, mae: 0.461312
2082,	Iter: 2082, train loss: 2.8404, avg nll: 0.7736, avg wnll: 6.1540, avg kl: 0.0351, mse: 0.406346, wmse: 5.149709, mae: 0.461069
2083,	Iter: 2083, train loss: 2.8605, avg nll: 0.7784, avg wnll: 6.1930, avg kl: 0.0330, mse: 0.409811, wmse: 5.181818, mae: 0.462939
2084,	Iter: 2084, train loss: 2.8712, avg nll: 0.7854, avg wnll: 6.1940, avg kl: 0.0339, mse: 0.410372, wmse: 5.202469, mae: 0.463010
2085,	Iter: 2085, train loss: 2.8623, avg nll: 0.7800, avg wnll: 6.1793, avg kl: 0.0331, mse: 0.409841, wmse: 5.182119, mae: 0.462356
2086,	Iter: 2086, train loss: 2.8740, avg nll: 0.7886, avg wnll: 6.1743, avg kl: 0.0330, mse: 0.410463, wmse: 5.195378, mae: 0.463288
2087,	Iter: 2087, train loss: 2.8621, avg nll: 0.7829, avg wnll: 6.2121, avg kl: 0.0334, mse: 0.409164, wmse: 5.195395, mae: 0.461743
2088,	Iter: 2088, train loss: 2.8614, avg nll: 0.7779, avg wnll: 6.1771, avg kl: 0.0328, mse: 0.410117, wmse: 5.199966, mae: 0.462597
2089,	Iter: 2089, train loss: 2.8429, avg nll: 0.7724, avg wnll: 6.1763, avg kl: 0.0329, mse: 0.407529, wmse: 5.161230, mae: 0.460854
2090,	Iter: 2090, train loss: 2.8701, avg nll: 0.7850, avg wnll: 6.1587, avg kl: 0.0334, mse: 0.410335, wmse: 5.191532, mae: 0.462547
nll: 2.0898, mse: 0.5493, mae: 0.5329, mean_mse: 7.0618, mean_mae: 0.5329
1679138218.0866458
2091,	Iter: 2091, train loss: 2.8560, avg nll: 0.7842, avg wnll: 6.2075, avg kl: 0.0328, mse: 0.407795, wmse: 5.151647, mae: 0.461465
2092,	Iter: 2092, train loss: 2.8459, avg nll: 0.7775, avg wnll: 6.1804, avg kl: 0.0347, mse: 0.406747, wmse: 5.156832, mae: 0.461301
2093,	Iter: 2093, train loss: 2.8561, avg nll: 0.7764, avg wnll: 6.1602, avg kl: 0.0327, mse: 0.409398, wmse: 5.176332, mae: 0.462662
2094,	Iter: 2094, train loss: 2.8677, avg nll: 0.7826, avg wnll: 6.1891, avg kl: 0.0332, mse: 0.410368, wmse: 5.202068, mae: 0.462949
2095,	Iter: 2095, train loss: 2.8636, avg nll: 0.7811, avg wnll: 6.1774, avg kl: 0.0330, mse: 0.409897, wmse: 5.181870, mae: 0.462385
2096,	Iter: 2096, train loss: 2.8719, avg nll: 0.7864, avg wnll: 6.1474, avg kl: 0.0329, mse: 0.410515, wmse: 5.196299, mae: 0.463308
2097,	Iter: 2097, train loss: 2.8570, avg nll: 0.7788, avg wnll: 6.1845, avg kl: 0.0329, mse: 0.409049, wmse: 5.193313, mae: 0.461664
2098,	Iter: 2098, train loss: 2.8640, avg nll: 0.7800, avg wnll: 6.1994, avg kl: 0.0327, mse: 0.410260, wmse: 5.201995, mae: 0.462653
2099,	Iter: 2099, train loss: 2.8473, avg nll: 0.7749, avg wnll: 6.1983, avg kl: 0.0327, mse: 0.407925, wmse: 5.166768, mae: 0.461100
2100,	Iter: 2100, train loss: 2.8682, avg nll: 0.7840, avg wnll: 6.1713, avg kl: 0.0335, mse: 0.410135, wmse: 5.189657, mae: 0.462403
nll: 2.0347, mse: 0.5492, mae: 0.5326, mean_mse: 7.0583, mean_mae: 0.5326
1679139107.2995713
saving.................
done
2101,	Iter: 2101, train loss: 2.8586, avg nll: 0.7864, avg wnll: 6.1801, avg kl: 0.0323, mse: 0.407984, wmse: 5.153085, mae: 0.461436
2102,	Iter: 2102, train loss: 2.8423, avg nll: 0.7762, avg wnll: 6.1536, avg kl: 0.0349, mse: 0.406255, wmse: 5.148864, mae: 0.460974
2103,	Iter: 2103, train loss: 2.8553, avg nll: 0.7749, avg wnll: 6.1740, avg kl: 0.0326, mse: 0.409567, wmse: 5.178085, mae: 0.462761
2104,	Iter: 2104, train loss: 2.8663, avg nll: 0.7823, avg wnll: 6.1981, avg kl: 0.0334, mse: 0.410111, wmse: 5.199592, mae: 0.462815
2105,	Iter: 2105, train loss: 2.8613, avg nll: 0.7801, avg wnll: 6.1827, avg kl: 0.0329, mse: 0.409679, wmse: 5.179446, mae: 0.462205
2106,	Iter: 2106, train loss: 2.8707, avg nll: 0.7867, avg wnll: 6.1660, avg kl: 0.0326, mse: 0.410273, wmse: 5.194791, mae: 0.463150
2107,	Iter: 2107, train loss: 2.8606, avg nll: 0.7826, avg wnll: 6.2147, avg kl: 0.0326, mse: 0.409058, wmse: 5.195692, mae: 0.461716
2108,	Iter: 2108, train loss: 2.8635, avg nll: 0.7809, avg wnll: 6.1797, avg kl: 0.0327, mse: 0.409973, wmse: 5.197241, mae: 0.462509
2109,	Iter: 2109, train loss: 2.8437, avg nll: 0.7738, avg wnll: 6.2190, avg kl: 0.0323, mse: 0.407522, wmse: 5.161734, mae: 0.460815
2110,	Iter: 2110, train loss: 2.8700, avg nll: 0.7849, avg wnll: 6.1764, avg kl: 0.0332, mse: 0.410397, wmse: 5.191674, mae: 0.462622
nll: 2.1601, mse: 0.5492, mae: 0.5328, mean_mse: 7.0597, mean_mae: 0.5328
1679139979.6588528
2111,	Iter: 2111, train loss: 2.8552, avg nll: 0.7841, avg wnll: 6.1935, avg kl: 0.0325, mse: 0.407727, wmse: 5.152238, mae: 0.461387
2112,	Iter: 2112, train loss: 2.8452, avg nll: 0.7772, avg wnll: 6.1990, avg kl: 0.0342, mse: 0.406752, wmse: 5.157475, mae: 0.461299
2113,	Iter: 2113, train loss: 2.8550, avg nll: 0.7762, avg wnll: 6.2052, avg kl: 0.0327, mse: 0.409211, wmse: 5.174288, mae: 0.462559
2114,	Iter: 2114, train loss: 2.8632, avg nll: 0.7801, avg wnll: 6.1763, avg kl: 0.0329, mse: 0.410032, wmse: 5.196505, mae: 0.462810
2115,	Iter: 2115, train loss: 2.8645, avg nll: 0.7819, avg wnll: 6.1960, avg kl: 0.0326, mse: 0.409991, wmse: 5.183761, mae: 0.462469
2116,	Iter: 2116, train loss: 2.8727, avg nll: 0.7883, avg wnll: 6.1581, avg kl: 0.0325, mse: 0.410395, wmse: 5.194723, mae: 0.463251
2117,	Iter: 2117, train loss: 2.8580, avg nll: 0.7805, avg wnll: 6.2161, avg kl: 0.0330, mse: 0.408895, wmse: 5.191591, mae: 0.461576
2118,	Iter: 2118, train loss: 2.8590, avg nll: 0.7772, avg wnll: 6.1817, avg kl: 0.0328, mse: 0.409806, wmse: 5.196854, mae: 0.462363
2119,	Iter: 2119, train loss: 2.8454, avg nll: 0.7748, avg wnll: 6.2129, avg kl: 0.0324, mse: 0.407649, wmse: 5.163635, mae: 0.460946
2120,	Iter: 2120, train loss: 2.8714, avg nll: 0.7865, avg wnll: 6.1468, avg kl: 0.0334, mse: 0.410303, wmse: 5.191977, mae: 0.462549
nll: 1.8147, mse: 0.5492, mae: 0.5327, mean_mse: 7.0578, mean_mae: 0.5327
1679140863.6956565
2121,	Iter: 2121, train loss: 2.8557, avg nll: 0.7847, avg wnll: 6.2484, avg kl: 0.0323, mse: 0.407734, wmse: 5.149074, mae: 0.461297
2122,	Iter: 2122, train loss: 2.8430, avg nll: 0.7764, avg wnll: 6.1683, avg kl: 0.0346, mse: 0.406409, wmse: 5.150606, mae: 0.461130
2123,	Iter: 2123, train loss: 2.8536, avg nll: 0.7747, avg wnll: 6.1686, avg kl: 0.0326, mse: 0.409274, wmse: 5.174047, mae: 0.462557
2124,	Iter: 2124, train loss: 2.8638, avg nll: 0.7808, avg wnll: 6.2060, avg kl: 0.0331, mse: 0.409982, wmse: 5.199323, mae: 0.462760
2125,	Iter: 2125, train loss: 2.8611, avg nll: 0.7802, avg wnll: 6.1972, avg kl: 0.0325, mse: 0.409690, wmse: 5.178804, mae: 0.462221
2126,	Iter: 2126, train loss: 2.8676, avg nll: 0.7841, avg wnll: 6.1484, avg kl: 0.0324, mse: 0.410221, wmse: 5.193100, mae: 0.463151
2127,	Iter: 2127, train loss: 2.8560, avg nll: 0.7797, avg wnll: 6.2225, avg kl: 0.0331, mse: 0.408657, wmse: 5.189610, mae: 0.461499
2128,	Iter: 2128, train loss: 2.8653, avg nll: 0.7820, avg wnll: 6.2082, avg kl: 0.0324, mse: 0.410186, wmse: 5.200865, mae: 0.462645
2129,	Iter: 2129, train loss: 2.8463, avg nll: 0.7754, avg wnll: 6.2419, avg kl: 0.0322, mse: 0.407748, wmse: 5.164671, mae: 0.460928
2130,	Iter: 2130, train loss: 2.8713, avg nll: 0.7862, avg wnll: 6.1546, avg kl: 0.0329, mse: 0.410458, wmse: 5.192949, mae: 0.462641
nll: 2.9368, mse: 0.5494, mae: 0.5328, mean_mse: 7.0585, mean_mae: 0.5328
1679141757.7576509
saving.................
done
2131,	Iter: 2131, train loss: 2.8554, avg nll: 0.7840, avg wnll: 6.2212, avg kl: 0.0325, mse: 0.407785, wmse: 5.151867, mae: 0.461370
2132,	Iter: 2132, train loss: 2.8408, avg nll: 0.7750, avg wnll: 6.1510, avg kl: 0.0346, mse: 0.406229, wmse: 5.149733, mae: 0.460968
2133,	Iter: 2133, train loss: 2.8568, avg nll: 0.7772, avg wnll: 6.1914, avg kl: 0.0325, mse: 0.409420, wmse: 5.177425, mae: 0.462752
2134,	Iter: 2134, train loss: 2.8653, avg nll: 0.7819, avg wnll: 6.2156, avg kl: 0.0333, mse: 0.410027, wmse: 5.195607, mae: 0.462796
2135,	Iter: 2135, train loss: 2.8620, avg nll: 0.7808, avg wnll: 6.1672, avg kl: 0.0327, mse: 0.409702, wmse: 5.180916, mae: 0.462305
2136,	Iter: 2136, train loss: 2.8692, avg nll: 0.7859, avg wnll: 6.1752, avg kl: 0.0324, mse: 0.410172, wmse: 5.192294, mae: 0.463099
2137,	Iter: 2137, train loss: 2.8569, avg nll: 0.7804, avg wnll: 6.2206, avg kl: 0.0327, mse: 0.408768, wmse: 5.190221, mae: 0.461492
2138,	Iter: 2138, train loss: 2.8597, avg nll: 0.7780, avg wnll: 6.1751, avg kl: 0.0325, mse: 0.409829, wmse: 5.196393, mae: 0.462401
2139,	Iter: 2139, train loss: 2.8411, avg nll: 0.7710, avg wnll: 6.1733, avg kl: 0.0321, mse: 0.407604, wmse: 5.162990, mae: 0.460992
2140,	Iter: 2140, train loss: 2.8689, avg nll: 0.7844, avg wnll: 6.1754, avg kl: 0.0329, mse: 0.410316, wmse: 5.193065, mae: 0.462443
nll: 1.8198, mse: 0.5491, mae: 0.5327, mean_mse: 7.0575, mean_mae: 0.5327
1679142637.8281405
2141,	Iter: 2141, train loss: 2.8536, avg nll: 0.7832, avg wnll: 6.2039, avg kl: 0.0320, mse: 0.407662, wmse: 5.148416, mae: 0.461254
2142,	Iter: 2142, train loss: 2.8436, avg nll: 0.7761, avg wnll: 6.1450, avg kl: 0.0343, mse: 0.406649, wmse: 5.155142, mae: 0.461256
2143,	Iter: 2143, train loss: 2.8588, avg nll: 0.7791, avg wnll: 6.1737, avg kl: 0.0325, mse: 0.409435, wmse: 5.177124, mae: 0.462761
2144,	Iter: 2144, train loss: 2.8653, avg nll: 0.7812, avg wnll: 6.1810, avg kl: 0.0329, mse: 0.410249, wmse: 5.201932, mae: 0.462896
2145,	Iter: 2145, train loss: 2.8587, avg nll: 0.7787, avg wnll: 6.1799, avg kl: 0.0324, mse: 0.409537, wmse: 5.177481, mae: 0.462140
2146,	Iter: 2146, train loss: 2.8693, avg nll: 0.7864, avg wnll: 6.1655, avg kl: 0.0319, mse: 0.410205, wmse: 5.192580, mae: 0.463146
2147,	Iter: 2147, train loss: 2.8572, avg nll: 0.7802, avg wnll: 6.2089, avg kl: 0.0325, mse: 0.408894, wmse: 5.191813, mae: 0.461523
2148,	Iter: 2148, train loss: 2.8597, avg nll: 0.7783, avg wnll: 6.1897, avg kl: 0.0322, mse: 0.409845, wmse: 5.196263, mae: 0.462368
2149,	Iter: 2149, train loss: 2.8420, avg nll: 0.7729, avg wnll: 6.1969, avg kl: 0.0321, mse: 0.407410, wmse: 5.161405, mae: 0.460786
2150,	Iter: 2150, train loss: 2.8679, avg nll: 0.7846, avg wnll: 6.1720, avg kl: 0.0328, mse: 0.410087, wmse: 5.187628, mae: 0.462402
nll: 2.6711, mse: 0.5492, mae: 0.5327, mean_mse: 7.0619, mean_mae: 0.5327
1679143524.531314
2151,	Iter: 2151, train loss: 2.8536, avg nll: 0.7832, avg wnll: 6.1793, avg kl: 0.0321, mse: 0.407662, wmse: 5.148858, mae: 0.461277
2152,	Iter: 2152, train loss: 2.8409, avg nll: 0.7754, avg wnll: 6.1572, avg kl: 0.0343, mse: 0.406236, wmse: 5.149113, mae: 0.460975
2153,	Iter: 2153, train loss: 2.8542, avg nll: 0.7753, avg wnll: 6.1600, avg kl: 0.0323, mse: 0.409339, wmse: 5.175904, mae: 0.462659
2154,	Iter: 2154, train loss: 2.8638, avg nll: 0.7816, avg wnll: 6.2093, avg kl: 0.0329, mse: 0.409851, wmse: 5.194201, mae: 0.462737
2155,	Iter: 2155, train loss: 2.8600, avg nll: 0.7793, avg wnll: 6.1799, avg kl: 0.0321, mse: 0.409707, wmse: 5.179300, mae: 0.462294
2156,	Iter: 2156, train loss: 2.8705, avg nll: 0.7870, avg wnll: 6.1709, avg kl: 0.0325, mse: 0.410204, wmse: 5.192658, mae: 0.463118
2157,	Iter: 2157, train loss: 2.8527, avg nll: 0.7771, avg wnll: 6.2037, avg kl: 0.0329, mse: 0.408525, wmse: 5.187020, mae: 0.461401
2158,	Iter: 2158, train loss: 2.8594, avg nll: 0.7786, avg wnll: 6.1865, avg kl: 0.0324, mse: 0.409675, wmse: 5.195454, mae: 0.462350
2159,	Iter: 2159, train loss: 2.8399, avg nll: 0.7706, avg wnll: 6.1433, avg kl: 0.0318, mse: 0.407502, wmse: 5.160204, mae: 0.460901
2160,	Iter: 2160, train loss: 2.8698, avg nll: 0.7853, avg wnll: 6.1801, avg kl: 0.0326, mse: 0.410369, wmse: 5.193932, mae: 0.462585
nll: 1.9508, mse: 0.5494, mae: 0.5329, mean_mse: 7.0613, mean_mae: 0.5329
1679144426.899963
saving.................
done
2161,	Iter: 2161, train loss: 2.8504, avg nll: 0.7805, avg wnll: 6.1632, avg kl: 0.0321, mse: 0.407540, wmse: 5.148112, mae: 0.461200
2162,	Iter: 2162, train loss: 2.8437, avg nll: 0.7779, avg wnll: 6.1724, avg kl: 0.0341, mse: 0.406351, wmse: 5.152033, mae: 0.461035
2163,	Iter: 2163, train loss: 2.8587, avg nll: 0.7788, avg wnll: 6.2119, avg kl: 0.0318, mse: 0.409602, wmse: 5.179678, mae: 0.462912
2164,	Iter: 2164, train loss: 2.8693, avg nll: 0.7847, avg wnll: 6.2137, avg kl: 0.0329, mse: 0.410355, wmse: 5.203250, mae: 0.463105
2165,	Iter: 2165, train loss: 2.8581, avg nll: 0.7781, avg wnll: 6.1807, avg kl: 0.0322, mse: 0.409543, wmse: 5.179389, mae: 0.462141
2166,	Iter: 2166, train loss: 2.8682, avg nll: 0.7859, avg wnll: 6.1609, avg kl: 0.0320, mse: 0.410084, wmse: 5.191664, mae: 0.463056
2167,	Iter: 2167, train loss: 2.8508, avg nll: 0.7753, avg wnll: 6.1767, avg kl: 0.0327, mse: 0.408548, wmse: 5.186841, mae: 0.461299
2168,	Iter: 2168, train loss: 2.8600, avg nll: 0.7787, avg wnll: 6.2109, avg kl: 0.0319, mse: 0.409869, wmse: 5.197360, mae: 0.462373
2169,	Iter: 2169, train loss: 2.8465, avg nll: 0.7748, avg wnll: 6.1867, avg kl: 0.0316, mse: 0.408026, wmse: 5.170001, mae: 0.461240
2170,	Iter: 2170, train loss: 2.8704, avg nll: 0.7875, avg wnll: 6.1998, avg kl: 0.0326, mse: 0.410062, wmse: 5.187252, mae: 0.462504
nll: 1.9914, mse: 0.5490, mae: 0.5327, mean_mse: 7.0525, mean_mae: 0.5327
1679145339.0103064
2171,	Iter: 2171, train loss: 2.8508, avg nll: 0.7811, avg wnll: 6.1952, avg kl: 0.0320, mse: 0.407531, wmse: 5.147612, mae: 0.461125
2172,	Iter: 2172, train loss: 2.8419, avg nll: 0.7766, avg wnll: 6.1888, avg kl: 0.0341, mse: 0.406241, wmse: 5.149364, mae: 0.461021
2173,	Iter: 2173, train loss: 2.8560, avg nll: 0.7778, avg wnll: 6.2021, avg kl: 0.0322, mse: 0.409199, wmse: 5.175597, mae: 0.462582
2174,	Iter: 2174, train loss: 2.8591, avg nll: 0.7781, avg wnll: 6.1867, avg kl: 0.0327, mse: 0.409654, wmse: 5.192694, mae: 0.462491
2175,	Iter: 2175, train loss: 2.8567, avg nll: 0.7776, avg wnll: 6.1824, avg kl: 0.0321, mse: 0.409410, wmse: 5.175355, mae: 0.462102
2176,	Iter: 2176, train loss: 2.8679, avg nll: 0.7853, avg wnll: 6.1358, avg kl: 0.0322, mse: 0.410085, wmse: 5.190691, mae: 0.463109
2177,	Iter: 2177, train loss: 2.8528, avg nll: 0.7773, avg wnll: 6.1972, avg kl: 0.0327, mse: 0.408550, wmse: 5.187013, mae: 0.461325
2178,	Iter: 2178, train loss: 2.8560, avg nll: 0.7762, avg wnll: 6.1855, avg kl: 0.0322, mse: 0.409514, wmse: 5.192355, mae: 0.462181
2179,	Iter: 2179, train loss: 2.8415, avg nll: 0.7724, avg wnll: 6.1985, avg kl: 0.0322, mse: 0.407370, wmse: 5.158681, mae: 0.460746
2180,	Iter: 2180, train loss: 2.8718, avg nll: 0.7868, avg wnll: 6.1861, avg kl: 0.0325, mse: 0.410512, wmse: 5.194808, mae: 0.462654
nll: 1.9340, mse: 0.5488, mae: 0.5325, mean_mse: 7.0549, mean_mae: 0.5325
1679146249.5028636
2181,	Iter: 2181, train loss: 2.8484, avg nll: 0.7797, avg wnll: 6.1546, avg kl: 0.0321, mse: 0.407327, wmse: 5.145527, mae: 0.461045
2182,	Iter: 2182, train loss: 2.8359, avg nll: 0.7728, avg wnll: 6.1680, avg kl: 0.0340, mse: 0.405837, wmse: 5.144099, mae: 0.460708
2183,	Iter: 2183, train loss: 2.8558, avg nll: 0.7774, avg wnll: 6.1852, avg kl: 0.0319, mse: 0.409305, wmse: 5.174901, mae: 0.462680
2184,	Iter: 2184, train loss: 2.8635, avg nll: 0.7814, avg wnll: 6.2282, avg kl: 0.0328, mse: 0.409857, wmse: 5.195255, mae: 0.462745
2185,	Iter: 2185, train loss: 2.8584, avg nll: 0.7787, avg wnll: 6.1691, avg kl: 0.0322, mse: 0.409497, wmse: 5.177997, mae: 0.462131
2186,	Iter: 2186, train loss: 2.8680, avg nll: 0.7858, avg wnll: 6.1503, avg kl: 0.0317, mse: 0.410098, wmse: 5.191276, mae: 0.463030
2187,	Iter: 2187, train loss: 2.8521, avg nll: 0.7769, avg wnll: 6.1839, avg kl: 0.0324, mse: 0.408556, wmse: 5.188242, mae: 0.461356
2188,	Iter: 2188, train loss: 2.8561, avg nll: 0.7763, avg wnll: 6.1906, avg kl: 0.0318, mse: 0.409592, wmse: 5.192865, mae: 0.462249
2189,	Iter: 2189, train loss: 2.8401, avg nll: 0.7721, avg wnll: 6.1861, avg kl: 0.0314, mse: 0.407311, wmse: 5.158538, mae: 0.460729
2190,	Iter: 2190, train loss: 2.8671, avg nll: 0.7843, avg wnll: 6.1825, avg kl: 0.0323, mse: 0.410080, wmse: 5.188311, mae: 0.462410
nll: 2.1544, mse: 0.5496, mae: 0.5331, mean_mse: 7.0584, mean_mae: 0.5331
1679147135.332338
saving.................
done
2191,	Iter: 2191, train loss: 2.8514, avg nll: 0.7820, avg wnll: 6.2012, avg kl: 0.0321, mse: 0.407457, wmse: 5.145558, mae: 0.461104
2192,	Iter: 2192, train loss: 2.8378, avg nll: 0.7733, avg wnll: 6.1664, avg kl: 0.0343, mse: 0.406055, wmse: 5.146896, mae: 0.460856
2193,	Iter: 2193, train loss: 2.8520, avg nll: 0.7749, avg wnll: 6.1917, avg kl: 0.0323, mse: 0.408961, wmse: 5.171721, mae: 0.462442
2194,	Iter: 2194, train loss: 2.8602, avg nll: 0.7792, avg wnll: 6.1981, avg kl: 0.0325, mse: 0.409718, wmse: 5.193643, mae: 0.462567
2195,	Iter: 2195, train loss: 2.8546, avg nll: 0.7756, avg wnll: 6.2083, avg kl: 0.0319, mse: 0.409442, wmse: 5.176663, mae: 0.462124
2196,	Iter: 2196, train loss: 2.8654, avg nll: 0.7836, avg wnll: 6.1550, avg kl: 0.0322, mse: 0.409922, wmse: 5.188252, mae: 0.462980
2197,	Iter: 2197, train loss: 2.8516, avg nll: 0.7771, avg wnll: 6.2020, avg kl: 0.0325, mse: 0.408409, wmse: 5.184986, mae: 0.461245
2198,	Iter: 2198, train loss: 2.8610, avg nll: 0.7802, avg wnll: 6.2196, avg kl: 0.0321, mse: 0.409734, wmse: 5.196694, mae: 0.462351
2199,	Iter: 2199, train loss: 2.8414, avg nll: 0.7723, avg wnll: 6.2054, avg kl: 0.0323, mse: 0.407361, wmse: 5.159905, mae: 0.460747
2200,	Iter: 2200, train loss: 2.8657, avg nll: 0.7828, avg wnll: 6.1872, avg kl: 0.0327, mse: 0.410046, wmse: 5.188728, mae: 0.462399
nll: 2.2295, mse: 0.5491, mae: 0.5328, mean_mse: 7.0598, mean_mae: 0.5328
1679148019.9635732
2201,	Iter: 2201, train loss: 2.8529, avg nll: 0.7841, avg wnll: 6.1860, avg kl: 0.0316, mse: 0.407431, wmse: 5.146298, mae: 0.461180
2202,	Iter: 2202, train loss: 2.8362, avg nll: 0.7738, avg wnll: 6.1546, avg kl: 0.0339, mse: 0.405699, wmse: 5.142575, mae: 0.460629
2203,	Iter: 2203, train loss: 2.8525, avg nll: 0.7754, avg wnll: 6.1803, avg kl: 0.0323, mse: 0.408955, wmse: 5.171205, mae: 0.462490
2204,	Iter: 2204, train loss: 2.8629, avg nll: 0.7809, avg wnll: 6.1924, avg kl: 0.0328, mse: 0.409843, wmse: 5.196303, mae: 0.462740
2205,	Iter: 2205, train loss: 2.8572, avg nll: 0.7787, avg wnll: 6.2084, avg kl: 0.0321, mse: 0.409293, wmse: 5.174709, mae: 0.462075
2206,	Iter: 2206, train loss: 2.8650, avg nll: 0.7845, avg wnll: 6.1725, avg kl: 0.0318, mse: 0.409759, wmse: 5.187829, mae: 0.462893
2207,	Iter: 2207, train loss: 2.8504, avg nll: 0.7767, avg wnll: 6.1881, avg kl: 0.0323, mse: 0.408273, wmse: 5.184084, mae: 0.461221
2208,	Iter: 2208, train loss: 2.8551, avg nll: 0.7755, avg wnll: 6.1706, avg kl: 0.0320, mse: 0.409518, wmse: 5.193051, mae: 0.462205
2209,	Iter: 2209, train loss: 2.8401, avg nll: 0.7719, avg wnll: 6.2119, avg kl: 0.0318, mse: 0.407287, wmse: 5.157254, mae: 0.460737
2210,	Iter: 2210, train loss: 2.8652, avg nll: 0.7830, avg wnll: 6.1584, avg kl: 0.0323, mse: 0.409993, wmse: 5.188492, mae: 0.462366
nll: 1.9575, mse: 0.5490, mae: 0.5326, mean_mse: 7.0526, mean_mae: 0.5326
1679148903.1925168
2211,	Iter: 2211, train loss: 2.8533, avg nll: 0.7845, avg wnll: 6.2417, avg kl: 0.0317, mse: 0.407426, wmse: 5.146061, mae: 0.461129
2212,	Iter: 2212, train loss: 2.8380, avg nll: 0.7747, avg wnll: 6.1719, avg kl: 0.0342, mse: 0.405824, wmse: 5.144177, mae: 0.460716
2213,	Iter: 2213, train loss: 2.8505, avg nll: 0.7743, avg wnll: 6.1785, avg kl: 0.0320, mse: 0.408844, wmse: 5.168628, mae: 0.462289
2214,	Iter: 2214, train loss: 2.8605, avg nll: 0.7800, avg wnll: 6.2048, avg kl: 0.0327, mse: 0.409573, wmse: 5.191346, mae: 0.462514
2215,	Iter: 2215, train loss: 2.8578, avg nll: 0.7795, avg wnll: 6.1803, avg kl: 0.0317, mse: 0.409333, wmse: 5.174836, mae: 0.462028
2216,	Iter: 2216, train loss: 2.8645, avg nll: 0.7837, avg wnll: 6.1688, avg kl: 0.0319, mse: 0.409790, wmse: 5.187366, mae: 0.462851
2217,	Iter: 2217, train loss: 2.8499, avg nll: 0.7758, avg wnll: 6.1999, avg kl: 0.0321, mse: 0.408402, wmse: 5.186739, mae: 0.461262
2218,	Iter: 2218, train loss: 2.8546, avg nll: 0.7756, avg wnll: 6.1750, avg kl: 0.0320, mse: 0.409399, wmse: 5.191552, mae: 0.462136
2219,slurmstepd: error: *** JOB 246999 ON gpu0 CANCELLED AT 2023-03-18T14:29:06 ***
