Namespace(n_union_tp=3500, data_folder='datasets/ZTF_r', checkpoint='', start_col=1, inc_errors=False, print_at=1, embed_time=128, enc_num_heads=16, latent_dim=64, mixing='concat', num_ref_points=16, rec_hidden=128, width=512, save_at=30, patience=100, early_stopping=False, niters=20000, frac=0.5, batch_size=2, mse_weight=5.0, dropout=0.0, num_resamples=0, lr=0.0002, scheduler=False, warmup=4000, kl_zero=False, kl_annealing=True, net='hetvae', device='cuda', const_var=False, var_per_dim=False, std=0.1, seed=2, save=True, k_iwae=1) 388926
validated 3407 files out of 3407 for band='r'
3407 3407
(2614, 1, 2011, 3)
created union_tp attribute of length 3500
dataset created w/ shape (2614, 1, 2011, 3)
train size: 2352, valid size: 236, test size: 262
datasets/ZTF_r
model_size=498882
1,	Iter: 1, train loss: 6.5628, avg nll: 1.4309, avg wnll: 7.1449, avg kl: 0.0878, mse: 1.026285, wmse: 15.538993, mae: 0.800546
2,	Iter: 2, train loss: 6.5249, avg nll: 1.4288, avg wnll: 7.1448, avg kl: 0.0573, mse: 1.019099, wmse: 15.438824, mae: 0.798790
3,	Iter: 3, train loss: 6.5594, avg nll: 1.4315, avg wnll: 7.1577, avg kl: 0.0359, mse: 1.025461, wmse: 15.542168, mae: 0.800487
4,	Iter: 4, train loss: 6.5662, avg nll: 1.4313, avg wnll: 7.1568, avg kl: 0.0224, mse: 1.026900, wmse: 15.583622, mae: 0.800729
5,	Iter: 5, train loss: 6.5550, avg nll: 1.4297, avg wnll: 7.1100, avg kl: 0.0171, mse: 1.024968, wmse: 15.471676, mae: 0.800504
6,	Iter: 6, train loss: 6.5401, avg nll: 1.4315, avg wnll: 7.1271, avg kl: 0.0108, mse: 1.021650, wmse: 15.435294, mae: 0.798864
7,	Iter: 7, train loss: 6.5400, avg nll: 1.4292, avg wnll: 7.1562, avg kl: 0.0119, mse: 1.022074, wmse: 15.487639, mae: 0.798904
8,	Iter: 8, train loss: 6.1148, avg nll: 1.3919, avg wnll: 6.9929, avg kl: 0.0749, mse: 0.943943, wmse: 14.070066, mae: 0.757557
9,	Iter: 9, train loss: 5.6040, avg nll: 1.3422, avg wnll: 6.9218, avg kl: 0.1249, mse: 0.851153, wmse: 12.446974, mae: 0.709961
10,	Iter: 10, train loss: 5.2694, avg nll: 1.3051, avg wnll: 6.7529, avg kl: 0.1970, mse: 0.790755, wmse: 11.296908, mae: 0.677719
nll: 1.2852, mse: 0.7897, mae: 0.6717, mean_mse: 10.9339, mean_mae: 0.6717
1678888729.8124626
11,	Iter: 11, train loss: 5.1359, avg nll: 1.2894, avg wnll: 6.7705, avg kl: 0.1773, mse: 0.767216, wmse: 10.899867, mae: 0.665083
12,	Iter: 12, train loss: 4.9695, avg nll: 1.2659, avg wnll: 6.7527, avg kl: 0.1631, mse: 0.738636, wmse: 10.464707, mae: 0.649861
13,	Iter: 13, train loss: 4.8104, avg nll: 1.2465, avg wnll: 6.6392, avg kl: 0.2064, mse: 0.709916, wmse: 9.963431, mae: 0.632801
14,	Iter: 14, train loss: 4.7067, avg nll: 1.2304, avg wnll: 6.6345, avg kl: 0.1756, mse: 0.692647, wmse: 9.668541, mae: 0.622195
15,	Iter: 15, train loss: 4.6300, avg nll: 1.2198, avg wnll: 6.5931, avg kl: 0.1554, mse: 0.679563, wmse: 9.428923, mae: 0.614399
16,	Iter: 16, train loss: 4.5492, avg nll: 1.2068, avg wnll: 6.5777, avg kl: 0.1499, mse: 0.665924, wmse: 9.172590, mae: 0.608335
17,	Iter: 17, train loss: 4.4650, avg nll: 1.1935, avg wnll: 6.5118, avg kl: 0.1331, mse: 0.651885, wmse: 8.959942, mae: 0.600092
18,	Iter: 18, train loss: 4.4261, avg nll: 1.1852, avg wnll: 6.5312, avg kl: 0.1164, mse: 0.645941, wmse: 8.833601, mae: 0.595966
19,	Iter: 19, train loss: 4.3708, avg nll: 1.1807, avg wnll: 6.5078, avg kl: 0.1204, mse: 0.635562, wmse: 8.661992, mae: 0.591467
20,	Iter: 20, train loss: 4.2878, avg nll: 1.1658, avg wnll: 6.4196, avg kl: 0.1148, mse: 0.621947, wmse: 8.380894, mae: 0.583237
nll: 1.1431, mse: 0.6313, mae: 0.5836, mean_mse: 8.4578, mean_mae: 0.5836
1678889574.261444
21,	Iter: 21, train loss: 4.2533, avg nll: 1.1633, avg wnll: 6.4141, avg kl: 0.1013, mse: 0.615725, wmse: 8.271254, mae: 0.579676
22,	Iter: 22, train loss: 4.2173, avg nll: 1.1539, avg wnll: 6.3969, avg kl: 0.1067, mse: 0.610182, wmse: 8.209924, mae: 0.575941
23,	Iter: 23, train loss: 4.1724, avg nll: 1.1470, avg wnll: 6.3216, avg kl: 0.1006, mse: 0.602622, wmse: 8.043903, mae: 0.571502
24,	Iter: 24, train loss: 4.1519, avg nll: 1.1416, avg wnll: 6.3398, avg kl: 0.0942, mse: 0.599652, wmse: 7.988556, mae: 0.569704
25,	Iter: 25, train loss: 4.1458, avg nll: 1.1433, avg wnll: 6.3663, avg kl: 0.0824, mse: 0.598311, wmse: 7.974003, mae: 0.568608
26,	Iter: 26, train loss: 4.1219, avg nll: 1.1433, avg wnll: 6.4042, avg kl: 0.0790, mse: 0.593529, wmse: 7.881842, mae: 0.565944
27,	Iter: 27, train loss: 4.0962, avg nll: 1.1361, avg wnll: 6.3584, avg kl: 0.0698, mse: 0.590011, wmse: 7.849286, mae: 0.564882
28,	Iter: 28, train loss: 4.0768, avg nll: 1.1288, avg wnll: 6.3449, avg kl: 0.0660, mse: 0.587622, wmse: 7.797518, mae: 0.562512
29,	Iter: 29, train loss: 4.0529, avg nll: 1.1284, avg wnll: 6.3104, avg kl: 0.0604, mse: 0.583030, wmse: 7.699900, mae: 0.559677
30,	Iter: 30, train loss: 4.0366, avg nll: 1.1257, avg wnll: 6.3426, avg kl: 0.0564, mse: 0.580375, wmse: 7.673003, mae: 0.558527
nll: 1.1097, mse: 0.5985, mae: 0.5634, mean_mse: 7.8557, mean_mae: 0.5634
1678890399.9668047
saving.................
done
31,	Iter: 31, train loss: 4.0182, avg nll: 1.1257, avg wnll: 6.3452, avg kl: 0.0510, mse: 0.576825, wmse: 7.613674, mae: 0.556232
32,	Iter: 32, train loss: 3.9978, avg nll: 1.1178, avg wnll: 6.3319, avg kl: 0.0464, mse: 0.574424, wmse: 7.591952, mae: 0.555133
33,	Iter: 33, train loss: 3.9771, avg nll: 1.1127, avg wnll: 6.2811, avg kl: 0.0429, mse: 0.571370, wmse: 7.521636, mae: 0.553082
34,	Iter: 34, train loss: 3.9725, avg nll: 1.1101, avg wnll: 6.2960, avg kl: 0.0396, mse: 0.571048, wmse: 7.512008, mae: 0.553071
35,	Iter: 35, train loss: 3.9705, avg nll: 1.1131, avg wnll: 6.2679, avg kl: 0.0374, mse: 0.570077, wmse: 7.467594, mae: 0.552143
36,	Iter: 36, train loss: 3.9494, avg nll: 1.1119, avg wnll: 6.3076, avg kl: 0.0372, mse: 0.566059, wmse: 7.408195, mae: 0.549625
37,	Iter: 37, train loss: 3.9253, avg nll: 1.1049, avg wnll: 6.3034, avg kl: 0.0360, mse: 0.562659, wmse: 7.385367, mae: 0.548319
38,	Iter: 38, train loss: 3.9378, avg nll: 1.1043, avg wnll: 6.3366, avg kl: 0.0347, mse: 0.565287, wmse: 7.417040, mae: 0.549077
39,	Iter: 39, train loss: 3.9101, avg nll: 1.1012, avg wnll: 6.3062, avg kl: 0.0342, mse: 0.560367, wmse: 7.327070, mae: 0.545750
40,	Iter: 40, train loss: 3.9065, avg nll: 1.1007, avg wnll: 6.2874, avg kl: 0.0347, mse: 0.559675, wmse: 7.300293, mae: 0.545571
nll: 1.0922, mse: 0.5877, mae: 0.5565, mean_mse: 7.6688, mean_mae: 0.5565
1678891236.5647464
41,	Iter: 41, train loss: 3.8908, avg nll: 1.1003, avg wnll: 6.3011, avg kl: 0.0325, mse: 0.556696, wmse: 7.249046, mae: 0.543850
42,	Iter: 42, train loss: 3.8681, avg nll: 1.0923, avg wnll: 6.2754, avg kl: 0.0318, mse: 0.553729, wmse: 7.221393, mae: 0.542507
43,	Iter: 43, train loss: 3.8559, avg nll: 1.0897, avg wnll: 6.2356, avg kl: 0.0298, mse: 0.551878, wmse: 7.178217, mae: 0.540872
44,	Iter: 44, train loss: 3.8991, avg nll: 1.0954, avg wnll: 6.2666, avg kl: 0.0274, mse: 0.559462, wmse: 7.308071, mae: 0.545669
45,	Iter: 45, train loss: 3.8538, avg nll: 1.0892, avg wnll: 6.2524, avg kl: 0.0268, mse: 0.551641, wmse: 7.161729, mae: 0.540448
46,	Iter: 46, train loss: 3.8652, avg nll: 1.0926, avg wnll: 6.2853, avg kl: 0.0262, mse: 0.553232, wmse: 7.188223, mae: 0.541500
47,	Iter: 47, train loss: 3.8349, avg nll: 1.0886, avg wnll: 6.2814, avg kl: 0.0234, mse: 0.548080, wmse: 7.134414, mae: 0.539342
48,	Iter: 48, train loss: 3.8613, avg nll: 1.0892, avg wnll: 6.2762, avg kl: 0.0234, mse: 0.553228, wmse: 7.196783, mae: 0.541582
49,	Iter: 49, train loss: 3.8400, avg nll: 1.0861, avg wnll: 6.2719, avg kl: 0.0216, mse: 0.549657, wmse: 7.141534, mae: 0.539141
50,	Iter: 50, train loss: 3.8372, avg nll: 1.0866, avg wnll: 6.2559, avg kl: 0.0213, mse: 0.548978, wmse: 7.113587, mae: 0.539178
nll: 1.0854, mse: 0.5840, mae: 0.5536, mean_mse: 7.6107, mean_mae: 0.5536
1678892070.0713155
51,	Iter: 51, train loss: 3.8154, avg nll: 1.0846, avg wnll: 6.2496, avg kl: 0.0189, mse: 0.545128, wmse: 7.047843, mae: 0.536911
52,	Iter: 52, train loss: 3.8120, avg nll: 1.0805, avg wnll: 6.2575, avg kl: 0.0174, mse: 0.545328, wmse: 7.082777, mae: 0.537109
53,	Iter: 53, train loss: 3.8185, avg nll: 1.0807, avg wnll: 6.2427, avg kl: 0.0161, mse: 0.546656, wmse: 7.099320, mae: 0.537802
54,	Iter: 54, train loss: 3.8309, avg nll: 1.0823, avg wnll: 6.2210, avg kl: 0.0149, mse: 0.548862, wmse: 7.114856, mae: 0.538641
55,	Iter: 55, train loss: 3.8105, avg nll: 1.0807, avg wnll: 6.2238, avg kl: 0.0144, mse: 0.545113, wmse: 7.057198, mae: 0.536584
56,	Iter: 56, train loss: 3.8288, avg nll: 1.0845, avg wnll: 6.2918, avg kl: 0.0148, mse: 0.547971, wmse: 7.107644, mae: 0.538173
57,	Iter: 57, train loss: 3.7918, avg nll: 1.0766, avg wnll: 6.2814, avg kl: 0.0137, mse: 0.542205, wmse: 7.032449, mae: 0.535567
58,	Iter: 58, train loss: 3.8114, avg nll: 1.0773, avg wnll: 6.2803, avg kl: 0.0128, mse: 0.546027, wmse: 7.084342, mae: 0.536747
59,	Iter: 59, train loss: 3.7987, avg nll: 1.0774, avg wnll: 6.2758, avg kl: 0.0119, mse: 0.543522, wmse: 7.048008, mae: 0.535355
60,	Iter: 60, train loss: 3.7935, avg nll: 1.0762, avg wnll: 6.2296, avg kl: 0.0116, mse: 0.542727, wmse: 7.024401, mae: 0.535214
nll: 1.0731, mse: 0.5754, mae: 0.5485, mean_mse: 7.4805, mean_mae: 0.5485
1678892921.8276205
saving.................
done
61,	Iter: 61, train loss: 3.7786, avg nll: 1.0755, avg wnll: 6.2334, avg kl: 0.0106, mse: 0.539941, wmse: 6.959483, mae: 0.533505
62,	Iter: 62, train loss: 3.7751, avg nll: 1.0714, avg wnll: 6.2595, avg kl: 0.0105, mse: 0.540056, wmse: 7.002375, mae: 0.533881
63,	Iter: 63, train loss: 3.7698, avg nll: 1.0697, avg wnll: 6.2183, avg kl: 0.0094, mse: 0.539393, wmse: 6.974627, mae: 0.532996
64,	Iter: 64, train loss: 3.7901, avg nll: 1.0722, avg wnll: 6.2266, avg kl: 0.0088, mse: 0.542977, wmse: 7.023971, mae: 0.535267
65,	Iter: 65, train loss: 3.7720, avg nll: 1.0714, avg wnll: 6.2137, avg kl: 0.0091, mse: 0.539492, wmse: 6.965577, mae: 0.533389
66,	Iter: 66, train loss: 3.7940, avg nll: 1.0772, avg wnll: 6.2709, avg kl: 0.0088, mse: 0.542736, wmse: 7.018348, mae: 0.534975
67,	Iter: 67, train loss: 3.7546, avg nll: 1.0683, avg wnll: 6.2735, avg kl: 0.0087, mse: 0.536649, wmse: 6.955724, mae: 0.531927
68,	Iter: 68, train loss: 3.7897, avg nll: 1.0748, avg wnll: 6.2769, avg kl: 0.0082, mse: 0.542388, wmse: 7.032892, mae: 0.534748
69,	Iter: 69, train loss: 3.7684, avg nll: 1.0686, avg wnll: 6.2577, avg kl: 0.0077, mse: 0.539401, wmse: 6.990907, mae: 0.532539
70,	Iter: 70, train loss: 3.7659, avg nll: 1.0684, avg wnll: 6.2780, avg kl: 0.0081, mse: 0.538881, wmse: 6.967944, mae: 0.533040
nll: 1.0734, mse: 0.5743, mae: 0.5473, mean_mse: 7.4515, mean_mae: 0.5473
1678893769.2190666
71,	Iter: 71, train loss: 3.7442, avg nll: 1.0663, avg wnll: 6.2217, avg kl: 0.0072, mse: 0.535025, wmse: 6.887481, mae: 0.530551
72,	Iter: 72, train loss: 3.7448, avg nll: 1.0630, avg wnll: 6.2796, avg kl: 0.0073, mse: 0.535801, wmse: 6.931643, mae: 0.531295
73,	Iter: 73, train loss: 3.7485, avg nll: 1.0631, avg wnll: 6.2187, avg kl: 0.0070, mse: 0.536535, wmse: 6.930759, mae: 0.531493
74,	Iter: 74, train loss: 3.7663, avg nll: 1.0662, avg wnll: 6.2510, avg kl: 0.0068, mse: 0.539476, wmse: 6.969034, mae: 0.533151
75,	Iter: 75, train loss: 3.7526, avg nll: 1.0653, avg wnll: 6.2111, avg kl: 0.0068, mse: 0.536929, wmse: 6.920401, mae: 0.531358
76,	Iter: 76, train loss: 3.7694, avg nll: 1.0715, avg wnll: 6.2669, avg kl: 0.0067, mse: 0.539042, wmse: 6.961947, mae: 0.532669
77,	Iter: 77, train loss: 3.7317, avg nll: 1.0620, avg wnll: 6.2387, avg kl: 0.0069, mse: 0.533363, wmse: 6.902276, mae: 0.529920
78,	Iter: 78, train loss: 3.7511, avg nll: 1.0648, avg wnll: 6.2916, avg kl: 0.0067, mse: 0.536713, wmse: 6.944554, mae: 0.531232
79,	Iter: 79, train loss: 3.7631, avg nll: 1.0671, avg wnll: 6.2865, avg kl: 0.0058, mse: 0.538716, wmse: 6.983906, mae: 0.532204
80,	Iter: 80, train loss: 3.7464, avg nll: 1.0646, avg wnll: 6.2391, avg kl: 0.0065, mse: 0.535804, wmse: 6.918460, mae: 0.531385
nll: 1.0670, mse: 0.5702, mae: 0.5446, mean_mse: 7.3692, mean_mae: 0.5446
1678894634.901896
81,	Iter: 81, train loss: 3.7376, avg nll: 1.0630, avg wnll: 6.2425, avg kl: 0.0058, mse: 0.534411, wmse: 6.873971, mae: 0.530120
82,	Iter: 82, train loss: 3.7152, avg nll: 1.0561, avg wnll: 6.2513, avg kl: 0.0061, mse: 0.531282, wmse: 6.863549, mae: 0.528351
83,	Iter: 83, train loss: 3.7336, avg nll: 1.0590, avg wnll: 6.2259, avg kl: 0.0058, mse: 0.534400, wmse: 6.897236, mae: 0.530233
84,	Iter: 84, train loss: 3.7437, avg nll: 1.0599, avg wnll: 6.2605, avg kl: 0.0058, mse: 0.536239, wmse: 6.916967, mae: 0.530986
85,	Iter: 85, train loss: 3.7266, avg nll: 1.0594, avg wnll: 6.2348, avg kl: 0.0060, mse: 0.532885, wmse: 6.864550, mae: 0.529092
86,	Iter: 86, train loss: 3.7530, avg nll: 1.0660, avg wnll: 6.2765, avg kl: 0.0060, mse: 0.536861, wmse: 6.940846, mae: 0.531728
87,	Iter: 87, train loss: 3.7131, avg nll: 1.0564, avg wnll: 6.2551, avg kl: 0.0062, mse: 0.530775, wmse: 6.854788, mae: 0.528183
88,	Iter: 88, train loss: 3.7290, avg nll: 1.0585, avg wnll: 6.2636, avg kl: 0.0059, mse: 0.533538, wmse: 6.882712, mae: 0.529256
89,	Iter: 89, train loss: 3.7317, avg nll: 1.0588, avg wnll: 6.2935, avg kl: 0.0058, mse: 0.534036, wmse: 6.911805, mae: 0.529552
90,	Iter: 90, train loss: 3.7292, avg nll: 1.0605, avg wnll: 6.2411, avg kl: 0.0062, mse: 0.533152, wmse: 6.881284, mae: 0.529702
nll: 1.0647, mse: 0.5700, mae: 0.5448, mean_mse: 7.3499, mean_mae: 0.5448
1678895464.6135087
saving.................
done
91,	Iter: 91, train loss: 3.7229, avg nll: 1.0600, avg wnll: 6.2288, avg kl: 0.0055, mse: 0.532052, wmse: 6.846014, mae: 0.528558
92,	Iter: 92, train loss: 3.6973, avg nll: 1.0512, avg wnll: 6.2444, avg kl: 0.0055, mse: 0.528691, wmse: 6.825330, mae: 0.527093
93,	Iter: 93, train loss: 3.7080, avg nll: 1.0532, avg wnll: 6.2167, avg kl: 0.0053, mse: 0.530455, wmse: 6.831797, mae: 0.527697
94,	Iter: 94, train loss: 3.7204, avg nll: 1.0549, avg wnll: 6.2431, avg kl: 0.0053, mse: 0.532567, wmse: 6.858370, mae: 0.528569
95,	Iter: 95, train loss: 3.7090, avg nll: 1.0539, avg wnll: 6.2180, avg kl: 0.0054, mse: 0.530471, wmse: 6.828095, mae: 0.527739
96,	Iter: 96, train loss: 3.7312, avg nll: 1.0592, avg wnll: 6.2997, avg kl: 0.0054, mse: 0.533851, wmse: 6.881095, mae: 0.529837
97,	Iter: 97, train loss: 3.6965, avg nll: 1.0518, avg wnll: 6.2403, avg kl: 0.0054, mse: 0.528371, wmse: 6.808813, mae: 0.526875
98,	Iter: 98, train loss: 3.7214, avg nll: 1.0561, avg wnll: 6.2498, avg kl: 0.0054, mse: 0.532501, wmse: 6.867212, mae: 0.528694
99,	Iter: 99, train loss: 3.6991, avg nll: 1.0502, avg wnll: 6.2810, avg kl: 0.0052, mse: 0.529231, wmse: 6.821909, mae: 0.526640
100,	Iter: 100, train loss: 3.7147, avg nll: 1.0551, avg wnll: 6.2708, avg kl: 0.0055, mse: 0.531335, wmse: 6.849530, mae: 0.528718
nll: 1.0605, mse: 0.5663, mae: 0.5425, mean_mse: 7.3076, mean_mae: 0.5425
1678896322.7018843
101,	Iter: 101, train loss: 3.6874, avg nll: 1.0505, avg wnll: 6.2224, avg kl: 0.0051, mse: 0.526835, wmse: 6.751587, mae: 0.525503
102,	Iter: 102, train loss: 3.6777, avg nll: 1.0457, avg wnll: 6.2397, avg kl: 0.0051, mse: 0.525845, wmse: 6.772460, mae: 0.525522
103,	Iter: 103, train loss: 3.6995, avg nll: 1.0514, avg wnll: 6.2098, avg kl: 0.0051, mse: 0.529066, wmse: 6.805302, mae: 0.527184
104,	Iter: 104, train loss: 3.7104, avg nll: 1.0502, avg wnll: 6.2443, avg kl: 0.0049, mse: 0.531486, wmse: 6.852973, mae: 0.528373
105,	Iter: 105, train loss: 3.6875, avg nll: 1.0497, avg wnll: 6.2164, avg kl: 0.0050, mse: 0.526986, wmse: 6.767437, mae: 0.525679
106,	Iter: 106, train loss: 3.7132, avg nll: 1.0553, avg wnll: 6.2685, avg kl: 0.0049, mse: 0.531010, wmse: 6.834036, mae: 0.528121
107,	Iter: 107, train loss: 3.6808, avg nll: 1.0489, avg wnll: 6.2656, avg kl: 0.0054, mse: 0.525781, wmse: 6.775258, mae: 0.525592
108,	Iter: 108, train loss: 3.7022, avg nll: 1.0522, avg wnll: 6.2596, avg kl: 0.0049, mse: 0.529422, wmse: 6.831038, mae: 0.526960
109,	Iter: 109, train loss: 3.6829, avg nll: 1.0459, avg wnll: 6.2990, avg kl: 0.0050, mse: 0.526825, wmse: 6.794493, mae: 0.525386
110,	Iter: 110, train loss: 3.7046, avg nll: 1.0537, avg wnll: 6.2083, avg kl: 0.0048, mse: 0.529610, wmse: 6.822627, mae: 0.527671
nll: 1.0646, mse: 0.5675, mae: 0.5446, mean_mse: 7.3039, mean_mae: 0.5446
1678897182.737887
111,	Iter: 111, train loss: 3.6773, avg nll: 1.0478, avg wnll: 6.2212, avg kl: 0.0046, mse: 0.525364, wmse: 6.729844, mae: 0.524852
112,	Iter: 112, train loss: 3.6561, avg nll: 1.0423, avg wnll: 6.2438, avg kl: 0.0044, mse: 0.522228, wmse: 6.718668, mae: 0.523663
113,	Iter: 113, train loss: 3.6730, avg nll: 1.0448, avg wnll: 6.2325, avg kl: 0.0044, mse: 0.525129, wmse: 6.751170, mae: 0.524958
114,	Iter: 114, train loss: 3.6765, avg nll: 1.0429, avg wnll: 6.2341, avg kl: 0.0040, mse: 0.526240, wmse: 6.757477, mae: 0.525250
115,	Iter: 115, train loss: 3.6720, avg nll: 1.0458, avg wnll: 6.2206, avg kl: 0.0043, mse: 0.524701, wmse: 6.732360, mae: 0.524575
116,	Iter: 116, train loss: 3.6862, avg nll: 1.0500, avg wnll: 6.3168, avg kl: 0.0045, mse: 0.526671, wmse: 6.776384, mae: 0.525604
117,	Iter: 117, train loss: 3.6626, avg nll: 1.0434, avg wnll: 6.2517, avg kl: 0.0048, mse: 0.523258, wmse: 6.731239, mae: 0.523845
118,	Iter: 118, train loss: 3.6774, avg nll: 1.0457, avg wnll: 6.2361, avg kl: 0.0045, mse: 0.525785, wmse: 6.756292, mae: 0.524909
119,	Iter: 119, train loss: 3.6729, avg nll: 1.0431, avg wnll: 6.3119, avg kl: 0.0040, mse: 0.525457, wmse: 6.765594, mae: 0.524727
120,	Iter: 120, train loss: 3.6883, avg nll: 1.0501, avg wnll: 6.3003, avg kl: 0.0039, mse: 0.527144, wmse: 6.785937, mae: 0.526249
nll: 1.0568, mse: 0.5672, mae: 0.5445, mean_mse: 7.2842, mean_mae: 0.5445
1678898025.3067665
saving.................
done
121,	Iter: 121, train loss: 3.6580, avg nll: 1.0446, avg wnll: 6.2423, avg kl: 0.0038, mse: 0.522178, wmse: 6.691567, mae: 0.523147
122,	Iter: 122, train loss: 3.6433, avg nll: 1.0381, avg wnll: 6.2504, avg kl: 0.0039, mse: 0.520537, wmse: 6.700030, mae: 0.522848
123,	Iter: 123, train loss: 3.6549, avg nll: 1.0401, avg wnll: 6.2457, avg kl: 0.0037, mse: 0.522481, wmse: 6.704166, mae: 0.523314
124,	Iter: 124, train loss: 3.6726, avg nll: 1.0417, avg wnll: 6.2259, avg kl: 0.0039, mse: 0.525670, wmse: 6.760726, mae: 0.525000
125,	Iter: 125, train loss: 3.6615, avg nll: 1.0437, avg wnll: 6.2344, avg kl: 0.0038, mse: 0.523068, wmse: 6.705316, mae: 0.523740
126,	Iter: 126, train loss: 3.6686, avg nll: 1.0453, avg wnll: 6.2652, avg kl: 0.0038, mse: 0.524156, wmse: 6.725871, mae: 0.524309
127,	Iter: 127, train loss: 3.6448, avg nll: 1.0399, avg wnll: 6.2669, avg kl: 0.0038, mse: 0.520483, wmse: 6.695059, mae: 0.522494
128,	Iter: 128, train loss: 3.6709, avg nll: 1.0430, avg wnll: 6.2757, avg kl: 0.0037, mse: 0.525080, wmse: 6.773527, mae: 0.524641
129,	Iter: 129, train loss: 3.6465, avg nll: 1.0379, avg wnll: 6.2878, avg kl: 0.0035, mse: 0.521233, wmse: 6.706284, mae: 0.522562
130,	Iter: 130, train loss: 3.6585, avg nll: 1.0417, avg wnll: 6.2349, avg kl: 0.0037, mse: 0.522839, wmse: 6.708270, mae: 0.524032
nll: 1.0553, mse: 0.5604, mae: 0.5400, mean_mse: 7.2062, mean_mae: 0.5400
1678898896.4863732
131,	Iter: 131, train loss: 3.6397, avg nll: 1.0398, avg wnll: 6.2235, avg kl: 0.0036, mse: 0.519480, wmse: 6.644236, mae: 0.521587
132,	Iter: 132, train loss: 3.6374, avg nll: 1.0362, avg wnll: 6.2453, avg kl: 0.0039, mse: 0.519693, wmse: 6.685097, mae: 0.522441
133,	Iter: 133, train loss: 3.6369, avg nll: 1.0356, avg wnll: 6.2111, avg kl: 0.0035, mse: 0.519772, wmse: 6.666427, mae: 0.521483
134,	Iter: 134, train loss: 3.6518, avg nll: 1.0371, avg wnll: 6.2394, avg kl: 0.0036, mse: 0.522435, wmse: 6.710097, mae: 0.523195
135,	Iter: 135, train loss: 3.6436, avg nll: 1.0394, avg wnll: 6.2336, avg kl: 0.0037, mse: 0.520297, wmse: 6.665390, mae: 0.522231
136,	Iter: 136, train loss: 3.6543, avg nll: 1.0414, avg wnll: 6.2832, avg kl: 0.0034, mse: 0.522090, wmse: 6.700028, mae: 0.523173
137,	Iter: 137, train loss: 3.6328, avg nll: 1.0373, avg wnll: 6.2686, avg kl: 0.0036, mse: 0.518563, wmse: 6.676543, mae: 0.521531
138,	Iter: 138, train loss: 3.6482, avg nll: 1.0374, avg wnll: 6.2752, avg kl: 0.0035, mse: 0.521650, wmse: 6.703293, mae: 0.522683
139,	Iter: 139, train loss: 3.6305, avg nll: 1.0328, avg wnll: 6.2846, avg kl: 0.0034, mse: 0.519036, wmse: 6.678477, mae: 0.521189
140,	Iter: 140, train loss: 3.6395, avg nll: 1.0360, avg wnll: 6.2409, avg kl: 0.0034, mse: 0.520205, wmse: 6.673202, mae: 0.522329
nll: 1.0464, mse: 0.5581, mae: 0.5384, mean_mse: 7.1617, mean_mae: 0.5384
1678899745.978482
141,	Iter: 141, train loss: 3.6256, avg nll: 1.0347, avg wnll: 6.2359, avg kl: 0.0036, mse: 0.517645, wmse: 6.626400, mae: 0.520507
142,	Iter: 142, train loss: 3.6175, avg nll: 1.0315, avg wnll: 6.2502, avg kl: 0.0038, mse: 0.516614, wmse: 6.631354, mae: 0.520662
143,	Iter: 143, train loss: 3.6277, avg nll: 1.0339, avg wnll: 6.2263, avg kl: 0.0033, mse: 0.518259, wmse: 6.646119, mae: 0.520741
144,	Iter: 144, train loss: 3.6284, avg nll: 1.0297, avg wnll: 6.2216, avg kl: 0.0032, mse: 0.519254, wmse: 6.654979, mae: 0.521241
145,	Iter: 145, train loss: 3.6283, avg nll: 1.0342, avg wnll: 6.2344, avg kl: 0.0031, mse: 0.518338, wmse: 6.639137, mae: 0.520841
146,	Iter: 146, train loss: 3.6434, avg nll: 1.0384, avg wnll: 6.2972, avg kl: 0.0033, mse: 0.520491, wmse: 6.676918, mae: 0.522070
147,	Iter: 147, train loss: 3.6142, avg nll: 1.0322, avg wnll: 6.2793, avg kl: 0.0035, mse: 0.515845, wmse: 6.623119, mae: 0.519852
148,	Iter: 148, train loss: 3.6323, avg nll: 1.0341, avg wnll: 6.2730, avg kl: 0.0033, mse: 0.519128, wmse: 6.676529, mae: 0.521253
149,	Iter: 149, train loss: 3.6219, avg nll: 1.0318, avg wnll: 6.2883, avg kl: 0.0034, mse: 0.517485, wmse: 6.650632, mae: 0.520500
150,	Iter: 150, train loss: 3.6337, avg nll: 1.0342, avg wnll: 6.2462, avg kl: 0.0034, mse: 0.519359, wmse: 6.670009, mae: 0.521800
nll: 1.0461, mse: 0.5579, mae: 0.5378, mean_mse: 7.1709, mean_mae: 0.5378
1678900585.2228584
saving.................
done
151,	Iter: 151, train loss: 3.6221, avg nll: 1.0356, avg wnll: 6.2434, avg kl: 0.0033, mse: 0.516762, wmse: 6.610274, mae: 0.520172
152,	Iter: 152, train loss: 3.6020, avg nll: 1.0260, avg wnll: 6.2585, avg kl: 0.0032, mse: 0.514666, wmse: 6.612720, mae: 0.519330
153,	Iter: 153, train loss: 3.6087, avg nll: 1.0276, avg wnll: 6.2231, avg kl: 0.0033, mse: 0.515688, wmse: 6.599497, mae: 0.519463
154,	Iter: 154, train loss: 3.6184, avg nll: 1.0272, avg wnll: 6.2358, avg kl: 0.0035, mse: 0.517678, wmse: 6.634993, mae: 0.520628
155,	Iter: 155, train loss: 3.6187, avg nll: 1.0311, avg wnll: 6.2236, avg kl: 0.0032, mse: 0.516989, wmse: 6.624279, mae: 0.520151
156,	Iter: 156, train loss: 3.6260, avg nll: 1.0339, avg wnll: 6.2745, avg kl: 0.0033, mse: 0.517870, wmse: 6.627058, mae: 0.520853
157,	Iter: 157, train loss: 3.6070, avg nll: 1.0305, avg wnll: 6.2816, avg kl: 0.0035, mse: 0.514726, wmse: 6.624428, mae: 0.519435
158,	Iter: 158, train loss: 3.6179, avg nll: 1.0304, avg wnll: 6.2943, avg kl: 0.0033, mse: 0.516958, wmse: 6.632805, mae: 0.520181
159,	Iter: 159, train loss: 3.6121, avg nll: 1.0287, avg wnll: 6.2938, avg kl: 0.0033, mse: 0.516102, wmse: 6.628285, mae: 0.519700
160,	Iter: 160, train loss: 3.6156, avg nll: 1.0304, avg wnll: 6.2649, avg kl: 0.0035, mse: 0.516435, wmse: 6.625130, mae: 0.520244
nll: 1.0499, mse: 0.5574, mae: 0.5381, mean_mse: 7.1528, mean_mae: 0.5381
1678901468.015532
161,	Iter: 161, train loss: 3.6016, avg nll: 1.0291, avg wnll: 6.2428, avg kl: 0.0035, mse: 0.513893, wmse: 6.563655, mae: 0.518177
162,	Iter: 162, train loss: 3.5878, avg nll: 1.0231, avg wnll: 6.2442, avg kl: 0.0034, mse: 0.512362, wmse: 6.574183, mae: 0.518032
163,	Iter: 163, train loss: 3.5991, avg nll: 1.0259, avg wnll: 6.2201, avg kl: 0.0031, mse: 0.514120, wmse: 6.578063, mae: 0.518521
164,	Iter: 164, train loss: 3.6076, avg nll: 1.0250, avg wnll: 6.2418, avg kl: 0.0031, mse: 0.515978, wmse: 6.615305, mae: 0.519657
165,	Iter: 165, train loss: 3.6063, avg nll: 1.0285, avg wnll: 6.2211, avg kl: 0.0033, mse: 0.514987, wmse: 6.594097, mae: 0.519090
166,	Iter: 166, train loss: 3.6103, avg nll: 1.0298, avg wnll: 6.2878, avg kl: 0.0031, mse: 0.515546, wmse: 6.596414, mae: 0.519291
167,	Iter: 167, train loss: 3.6055, avg nll: 1.0301, avg wnll: 6.3024, avg kl: 0.0033, mse: 0.514478, wmse: 6.627395, mae: 0.519364
168,	Iter: 168, train loss: 3.6108, avg nll: 1.0274, avg wnll: 6.2871, avg kl: 0.0034, mse: 0.516080, wmse: 6.627998, mae: 0.519580
169,	Iter: 169, train loss: 3.6015, avg nll: 1.0259, avg wnll: 6.2891, avg kl: 0.0033, mse: 0.514525, wmse: 6.607707, mae: 0.518608
170,	Iter: 170, train loss: 3.5978, avg nll: 1.0263, avg wnll: 6.2278, avg kl: 0.0033, mse: 0.513688, wmse: 6.575321, mae: 0.518462
nll: 1.0500, mse: 0.5575, mae: 0.5382, mean_mse: 7.1477, mean_mae: 0.5382
1678902335.0809035
171,	Iter: 171, train loss: 3.5909, avg nll: 1.0264, avg wnll: 6.2243, avg kl: 0.0032, mse: 0.512299, wmse: 6.552060, mae: 0.517515
172,	Iter: 172, train loss: 3.5803, avg nll: 1.0210, avg wnll: 6.2513, avg kl: 0.0032, mse: 0.511275, wmse: 6.557457, mae: 0.517437
173,	Iter: 173, train loss: 3.6780, avg nll: 1.0402, avg wnll: 6.1975, avg kl: 0.0031, mse: 0.526988, wmse: 6.780812, mae: 0.525601
174,	Iter: 174, train loss: 3.6055, avg nll: 1.0254, avg wnll: 6.2296, avg kl: 0.0027, mse: 0.515506, wmse: 6.596967, mae: 0.519681
175,	Iter: 175, train loss: 3.6010, avg nll: 1.0277, avg wnll: 6.2338, avg kl: 0.0028, mse: 0.514142, wmse: 6.585234, mae: 0.518791
176,	Iter: 176, train loss: 3.6076, avg nll: 1.0289, avg wnll: 6.2793, avg kl: 0.0029, mse: 0.515208, wmse: 6.602285, mae: 0.519438
177,	Iter: 177, train loss: 3.5994, avg nll: 1.0265, avg wnll: 6.2596, avg kl: 0.0031, mse: 0.513986, wmse: 6.612145, mae: 0.519401
178,	Iter: 178, train loss: 3.6091, avg nll: 1.0265, avg wnll: 6.2760, avg kl: 0.0031, mse: 0.515928, wmse: 6.626431, mae: 0.519800
179,	Iter: 179, train loss: 3.5943, avg nll: 1.0239, avg wnll: 6.2808, avg kl: 0.0028, mse: 0.513542, wmse: 6.595508, mae: 0.518245
180,	Iter: 180, train loss: 3.5925, avg nll: 1.0244, avg wnll: 6.2243, avg kl: 0.0030, mse: 0.513055, wmse: 6.567718, mae: 0.518317
nll: 1.0496, mse: 0.5609, mae: 0.5407, mean_mse: 7.2078, mean_mae: 0.5407
1678903176.0503976
saving.................
done
181,	Iter: 181, train loss: 3.5859, avg nll: 1.0247, avg wnll: 6.2539, avg kl: 0.0028, mse: 0.511704, wmse: 6.533207, mae: 0.517150
182,	Iter: 182, train loss: 3.5865, avg nll: 1.0237, avg wnll: 6.2591, avg kl: 0.0030, mse: 0.511989, wmse: 6.574257, mae: 0.517977
183,	Iter: 183, train loss: 3.5789, avg nll: 1.0201, avg wnll: 6.2173, avg kl: 0.0027, mse: 0.511237, wmse: 6.528890, mae: 0.517018
184,	Iter: 184, train loss: 3.5864, avg nll: 1.0209, avg wnll: 6.2284, avg kl: 0.0028, mse: 0.512533, wmse: 6.559175, mae: 0.517697
185,	Iter: 185, train loss: 3.5963, avg nll: 1.0253, avg wnll: 6.2044, avg kl: 0.0028, mse: 0.513656, wmse: 6.582355, mae: 0.519105
186,	Iter: 186, train loss: 3.5939, avg nll: 1.0245, avg wnll: 6.2772, avg kl: 0.0028, mse: 0.513331, wmse: 6.568765, mae: 0.518345
187,	Iter: 187, train loss: 3.5772, avg nll: 1.0232, avg wnll: 6.2367, avg kl: 0.0027, mse: 0.510253, wmse: 6.535105, mae: 0.516798
188,	Iter: 188, train loss: 3.5990, avg nll: 1.0242, avg wnll: 6.2503, avg kl: 0.0026, mse: 0.514440, wmse: 6.597493, mae: 0.518711
189,	Iter: 189, train loss: 3.5774, avg nll: 1.0188, avg wnll: 6.2808, avg kl: 0.0027, mse: 0.511190, wmse: 6.556630, mae: 0.516776
190,	Iter: 190, train loss: 3.5821, avg nll: 1.0210, avg wnll: 6.2159, avg kl: 0.0026, mse: 0.511695, wmse: 6.543354, mae: 0.517496
nll: 1.0524, mse: 0.5603, mae: 0.5411, mean_mse: 7.2038, mean_mae: 0.5411
1678904040.8050826
191,	Iter: 191, train loss: 3.5719, avg nll: 1.0213, avg wnll: 6.2333, avg kl: 0.0027, mse: 0.509587, wmse: 6.501593, mae: 0.516102
192,	Iter: 192, train loss: 3.5925, avg nll: 1.0234, avg wnll: 6.2727, avg kl: 0.0029, mse: 0.513229, wmse: 6.580336, mae: 0.518881
193,	Iter: 193, train loss: 3.5676, avg nll: 1.0194, avg wnll: 6.2309, avg kl: 0.0026, mse: 0.509114, wmse: 6.503227, mae: 0.515863
194,	Iter: 194, train loss: 3.5895, avg nll: 1.0207, avg wnll: 6.2173, avg kl: 0.0027, mse: 0.513237, wmse: 6.581422, mae: 0.518424
195,	Iter: 195, train loss: 3.5787, avg nll: 1.0208, avg wnll: 6.2208, avg kl: 0.0027, mse: 0.511026, wmse: 6.543016, mae: 0.517060
196,	Iter: 196, train loss: 3.5760, avg nll: 1.0214, avg wnll: 6.2753, avg kl: 0.0027, mse: 0.510387, wmse: 6.520684, mae: 0.516640
197,	Iter: 197, train loss: 3.5651, avg nll: 1.0179, avg wnll: 6.2583, avg kl: 0.0029, mse: 0.508859, wmse: 6.527581, mae: 0.515964
198,	Iter: 198, train loss: 3.5773, avg nll: 1.0186, avg wnll: 6.2583, avg kl: 0.0027, mse: 0.511195, wmse: 6.554057, mae: 0.516756
199,	Iter: 199, train loss: 3.5781, avg nll: 1.0205, avg wnll: 6.3296, avg kl: 0.0028, mse: 0.510962, wmse: 6.577765, mae: 0.516594
200,	Iter: 200, train loss: 3.5924, avg nll: 1.0244, avg wnll: 6.2180, avg kl: 0.0032, mse: 0.512966, wmse: 6.562633, mae: 0.518325
nll: 1.0414, mse: 0.5559, mae: 0.5374, mean_mse: 7.1255, mean_mae: 0.5374
1678904908.9959776
201,	Iter: 201, train loss: 3.5662, avg nll: 1.0199, avg wnll: 6.2501, avg kl: 0.0029, mse: 0.508673, wmse: 6.491186, mae: 0.515506
202,	Iter: 202, train loss: 3.5542, avg nll: 1.0140, avg wnll: 6.2132, avg kl: 0.0029, mse: 0.507450, wmse: 6.501800, mae: 0.515295
203,	Iter: 203, train loss: 3.5572, avg nll: 1.0146, avg wnll: 6.1992, avg kl: 0.0027, mse: 0.507977, wmse: 6.485282, mae: 0.515149
204,	Iter: 204, train loss: 3.5786, avg nll: 1.0178, avg wnll: 6.2528, avg kl: 0.0031, mse: 0.511555, wmse: 6.574632, mae: 0.517441
205,	Iter: 205, train loss: 3.5668, avg nll: 1.0171, avg wnll: 6.2251, avg kl: 0.0030, mse: 0.509339, wmse: 6.507469, mae: 0.515971
206,	Iter: 206, train loss: 3.5693, avg nll: 1.0193, avg wnll: 6.2669, avg kl: 0.0030, mse: 0.509410, wmse: 6.505676, mae: 0.516113
207,	Iter: 207, train loss: 3.5741, avg nll: 1.0254, avg wnll: 6.3132, avg kl: 0.0031, mse: 0.509123, wmse: 6.531403, mae: 0.516418
208,	Iter: 208, train loss: 3.5703, avg nll: 1.0169, avg wnll: 6.2826, avg kl: 0.0030, mse: 0.510067, wmse: 6.533745, mae: 0.516349
209,	Iter: 209, train loss: 3.5602, avg nll: 1.0142, avg wnll: 6.2894, avg kl: 0.0031, mse: 0.508576, wmse: 6.520308, mae: 0.515245
210,	Iter: 210, train loss: 3.5650, avg nll: 1.0169, avg wnll: 6.1991, avg kl: 0.0031, mse: 0.509005, wmse: 6.508820, mae: 0.516168
nll: 1.0353, mse: 0.5539, mae: 0.5360, mean_mse: 7.0929, mean_mae: 0.5360
1678905734.5051603
saving.................
done
211,	Iter: 211, train loss: 3.5521, avg nll: 1.0146, avg wnll: 6.2313, avg kl: 0.0030, mse: 0.506902, wmse: 6.459153, mae: 0.514448
212,	Iter: 212, train loss: 3.5430, avg nll: 1.0114, avg wnll: 6.2692, avg kl: 0.0030, mse: 0.505700, wmse: 6.475416, mae: 0.514491
213,	Iter: 213, train loss: 3.5613, avg nll: 1.0163, avg wnll: 6.2233, avg kl: 0.0030, mse: 0.508409, wmse: 6.489856, mae: 0.515867
214,	Iter: 214, train loss: 3.5575, avg nll: 1.0110, avg wnll: 6.2262, avg kl: 0.0031, mse: 0.508678, wmse: 6.495646, mae: 0.515635
215,	Iter: 215, train loss: 3.5551, avg nll: 1.0145, avg wnll: 6.2248, avg kl: 0.0029, mse: 0.507544, wmse: 6.486128, mae: 0.515285
216,	Iter: 216, train loss: 3.5606, avg nll: 1.0149, avg wnll: 6.2799, avg kl: 0.0030, mse: 0.508517, wmse: 6.493182, mae: 0.515775
217,	Iter: 217, train loss: 3.5432, avg nll: 1.0134, avg wnll: 6.2420, avg kl: 0.0030, mse: 0.505347, wmse: 6.472970, mae: 0.514290
218,	Iter: 218, train loss: 3.5619, avg nll: 1.0135, avg wnll: 6.2667, avg kl: 0.0030, mse: 0.509070, wmse: 6.523766, mae: 0.515732
219,	Iter: 219, train loss: 3.5482, avg nll: 1.0094, avg wnll: 6.2683, avg kl: 0.0030, mse: 0.507147, wmse: 6.503730, mae: 0.514671
220,	Iter: 220, train loss: 3.5539, avg nll: 1.0139, avg wnll: 6.2532, avg kl: 0.0031, mse: 0.507385, wmse: 6.476422, mae: 0.515225
nll: 1.0505, mse: 0.5636, mae: 0.5421, mean_mse: 7.2352, mean_mae: 0.5421
1678906570.478172
221,	Iter: 221, train loss: 3.5541, avg nll: 1.0162, avg wnll: 6.2656, avg kl: 0.0032, mse: 0.506950, wmse: 6.479370, mae: 0.515065
222,	Iter: 222, train loss: 3.5291, avg nll: 1.0057, avg wnll: 6.2221, avg kl: 0.0030, mse: 0.504073, wmse: 6.460011, mae: 0.513489
223,	Iter: 223, train loss: 3.5369, avg nll: 1.0078, avg wnll: 6.2132, avg kl: 0.0029, mse: 0.505217, wmse: 6.445426, mae: 0.513873
224,	Iter: 224, train loss: 3.5523, avg nll: 1.0103, avg wnll: 6.2201, avg kl: 0.0033, mse: 0.507759, wmse: 6.475163, mae: 0.515390
225,	Iter: 225, train loss: 3.5588, avg nll: 1.0150, avg wnll: 6.1935, avg kl: 0.0034, mse: 0.508082, wmse: 6.486225, mae: 0.515547
226,	Iter: 226, train loss: 3.5480, avg nll: 1.0133, avg wnll: 6.2634, avg kl: 0.0033, mse: 0.506286, wmse: 6.467940, mae: 0.514644
227,	Iter: 227, train loss: 3.5379, avg nll: 1.0115, avg wnll: 6.2615, avg kl: 0.0033, mse: 0.504614, wmse: 6.462843, mae: 0.513688
228,	Iter: 228, train loss: 3.5512, avg nll: 1.0110, avg wnll: 6.2900, avg kl: 0.0030, mse: 0.507434, wmse: 6.495101, mae: 0.515022
229,	Iter: 229, train loss: 3.5486, avg nll: 1.0120, avg wnll: 6.2963, avg kl: 0.0031, mse: 0.506697, wmse: 6.494466, mae: 0.514715
230,	Iter: 230, train loss: 3.5442, avg nll: 1.0116, avg wnll: 6.2301, avg kl: 0.0034, mse: 0.505845, wmse: 6.461978, mae: 0.514366
nll: 1.0359, mse: 0.5538, mae: 0.5359, mean_mse: 7.0879, mean_mae: 0.5359
1678907413.9034321
231,	Iter: 231, train loss: 3.5316, avg nll: 1.0116, avg wnll: 6.2593, avg kl: 0.0033, mse: 0.503337, wmse: 6.416715, mae: 0.512539
232,	Iter: 232, train loss: 3.5282, avg nll: 1.0070, avg wnll: 6.2479, avg kl: 0.0034, mse: 0.503554, wmse: 6.443067, mae: 0.513280
233,	Iter: 233, train loss: 3.5461, avg nll: 1.0125, avg wnll: 6.2302, avg kl: 0.0033, mse: 0.506068, wmse: 6.460241, mae: 0.514501
234,	Iter: 234, train loss: 3.5482, avg nll: 1.0091, avg wnll: 6.2337, avg kl: 0.0036, mse: 0.507110, wmse: 6.498992, mae: 0.515184
235,	Iter: 235, train loss: 3.5367, avg nll: 1.0094, avg wnll: 6.2185, avg kl: 0.0035, mse: 0.504770, wmse: 6.444272, mae: 0.513762
236,	Iter: 236, train loss: 3.5400, avg nll: 1.0093, avg wnll: 6.2677, avg kl: 0.0035, mse: 0.505444, wmse: 6.447972, mae: 0.514332
237,	Iter: 237, train loss: 3.5219, avg nll: 1.0069, avg wnll: 6.2926, avg kl: 0.0034, mse: 0.502313, wmse: 6.432200, mae: 0.512693
238,	Iter: 238, train loss: 3.6056, avg nll: 1.0272, avg wnll: 6.2769, avg kl: 0.0040, mse: 0.514891, wmse: 6.621968, mae: 0.519675
239,	Iter: 239, train loss: 3.5447, avg nll: 1.0108, avg wnll: 6.2955, avg kl: 0.0034, mse: 0.506114, wmse: 6.504165, mae: 0.514262
240,	Iter: 240, train loss: 3.5379, avg nll: 1.0088, avg wnll: 6.2255, avg kl: 0.0036, mse: 0.505113, wmse: 6.457436, mae: 0.514165
nll: 1.0403, mse: 0.5544, mae: 0.5365, mean_mse: 7.1288, mean_mae: 0.5365
1678908273.4401908
saving.................
done
241,	Iter: 241, train loss: 3.5340, avg nll: 1.0113, avg wnll: 6.2503, avg kl: 0.0038, mse: 0.503770, wmse: 6.421838, mae: 0.512933
242,	Iter: 242, train loss: 3.5183, avg nll: 1.0037, avg wnll: 6.2481, avg kl: 0.0036, mse: 0.502185, wmse: 6.431654, mae: 0.512865
243,	Iter: 243, train loss: 3.5431, avg nll: 1.0109, avg wnll: 6.2540, avg kl: 0.0036, mse: 0.505715, wmse: 6.460670, mae: 0.514270
244,	Iter: 244, train loss: 3.5465, avg nll: 1.0090, avg wnll: 6.2784, avg kl: 0.0038, mse: 0.506751, wmse: 6.498196, mae: 0.515120
245,	Iter: 245, train loss: 3.5400, avg nll: 1.0099, avg wnll: 6.2096, avg kl: 0.0038, mse: 0.505270, wmse: 6.445779, mae: 0.513999
246,	Iter: 246, train loss: 3.5471, avg nll: 1.0137, avg wnll: 6.2702, avg kl: 0.0036, mse: 0.505978, wmse: 6.456317, mae: 0.514729
247,	Iter: 247, train loss: 3.5175, avg nll: 1.0059, avg wnll: 6.2904, avg kl: 0.0036, mse: 0.501603, wmse: 6.429089, mae: 0.512465
248,	Iter: 248, train loss: 3.5507, avg nll: 1.0107, avg wnll: 6.2816, avg kl: 0.0040, mse: 0.507208, wmse: 6.500502, mae: 0.515265
249,	Iter: 249, train loss: 3.5213, avg nll: 1.0048, avg wnll: 6.3151, avg kl: 0.0036, mse: 0.502573, wmse: 6.441617, mae: 0.512306
250,	Iter: 250, train loss: 3.5381, avg nll: 1.0108, avg wnll: 6.1973, avg kl: 0.0038, mse: 0.504693, wmse: 6.458947, mae: 0.514131
nll: 1.0412, mse: 0.5583, mae: 0.5391, mean_mse: 7.1677, mean_mae: 0.5391
1678909110.9385905
251,	Iter: 251, train loss: 3.5256, avg nll: 1.0088, avg wnll: 6.2598, avg kl: 0.0038, mse: 0.502604, wmse: 6.415527, mae: 0.512438
252,	Iter: 252, train loss: 3.5237, avg nll: 1.0066, avg wnll: 6.2400, avg kl: 0.0037, mse: 0.502667, wmse: 6.442856, mae: 0.513089
253,	Iter: 253, train loss: 3.5256, avg nll: 1.0067, avg wnll: 6.2067, avg kl: 0.0038, mse: 0.503014, wmse: 6.421841, mae: 0.512853
254,	Iter: 254, train loss: 3.5705, avg nll: 1.0131, avg wnll: 6.2637, avg kl: 0.0043, mse: 0.510626, wmse: 6.581395, mae: 0.517301
255,	Iter: 255, train loss: 3.5373, avg nll: 1.0119, avg wnll: 6.2037, avg kl: 0.0037, mse: 0.504347, wmse: 6.448773, mae: 0.514013
256,	Iter: 256, train loss: 3.5477, avg nll: 1.0111, avg wnll: 6.2734, avg kl: 0.0038, mse: 0.506555, wmse: 6.483998, mae: 0.515347
257,	Iter: 257, train loss: 3.5167, avg nll: 1.0043, avg wnll: 6.2542, avg kl: 0.0039, mse: 0.501697, wmse: 6.423302, mae: 0.512567
258,	Iter: 258, train loss: 3.5373, avg nll: 1.0096, avg wnll: 6.2885, avg kl: 0.0039, mse: 0.504764, wmse: 6.457930, mae: 0.513746
259,	Iter: 259, train loss: 3.5276, avg nll: 1.0051, avg wnll: 6.2944, avg kl: 0.0042, mse: 0.503658, wmse: 6.458526, mae: 0.512996
260,	Iter: 260, train loss: 3.5359, avg nll: 1.0101, avg wnll: 6.2451, avg kl: 0.0038, mse: 0.504410, wmse: 6.445726, mae: 0.513870
nll: 1.0377, mse: 0.5545, mae: 0.5364, mean_mse: 7.1021, mean_mae: 0.5364
1678909945.2110374
261,	Iter: 261, train loss: 3.5224, avg nll: 1.0087, avg wnll: 6.2553, avg kl: 0.0037, mse: 0.501987, wmse: 6.395597, mae: 0.512042
262,	Iter: 262, train loss: 3.5172, avg nll: 1.0021, avg wnll: 6.2540, avg kl: 0.0039, mse: 0.502236, wmse: 6.425182, mae: 0.512867
263,	Iter: 263, train loss: 3.5201, avg nll: 1.0052, avg wnll: 6.2474, avg kl: 0.0039, mse: 0.502197, wmse: 6.411028, mae: 0.512496
264,	Iter: 264, train loss: 3.5279, avg nll: 1.0052, avg wnll: 6.2355, avg kl: 0.0044, mse: 0.503672, wmse: 6.442290, mae: 0.513501
265,	Iter: 265, train loss: 3.5292, avg nll: 1.0093, avg wnll: 6.2041, avg kl: 0.0041, mse: 0.503163, wmse: 6.418324, mae: 0.512949
266,	Iter: 266, train loss: 3.5255, avg nll: 1.0063, avg wnll: 6.2532, avg kl: 0.0039, mse: 0.503057, wmse: 6.432373, mae: 0.512831
267,	Iter: 267, train loss: 3.5069, avg nll: 1.0036, avg wnll: 6.2669, avg kl: 0.0036, mse: 0.499920, wmse: 6.399433, mae: 0.511663
268,	Iter: 268, train loss: 3.5269, avg nll: 1.0067, avg wnll: 6.2715, avg kl: 0.0040, mse: 0.503240, wmse: 6.441791, mae: 0.513100
269,	Iter: 269, train loss: 3.5142, avg nll: 1.0029, avg wnll: 6.2962, avg kl: 0.0040, mse: 0.501484, wmse: 6.417695, mae: 0.511712
270,	Iter: 270, train loss: 3.5231, avg nll: 1.0070, avg wnll: 6.1969, avg kl: 0.0039, mse: 0.502432, wmse: 6.410985, mae: 0.512818
nll: 1.0341, mse: 0.5545, mae: 0.5361, mean_mse: 7.0900, mean_mae: 0.5361
1678910796.2953732
saving.................
done
271,	Iter: 271, train loss: 3.5085, avg nll: 1.0048, avg wnll: 6.2393, avg kl: 0.0041, mse: 0.499934, wmse: 6.370883, mae: 0.511057
272,	Iter: 272, train loss: 3.5082, avg nll: 1.0021, avg wnll: 6.2505, avg kl: 0.0041, mse: 0.500419, wmse: 6.401715, mae: 0.511538
273,	Iter: 273, train loss: 3.5055, avg nll: 1.0029, avg wnll: 6.2110, avg kl: 0.0038, mse: 0.499751, wmse: 6.367744, mae: 0.511109
274,	Iter: 274, train loss: 3.5299, avg nll: 1.0056, avg wnll: 6.2135, avg kl: 0.0042, mse: 0.504012, wmse: 6.435191, mae: 0.513896
275,	Iter: 275, train loss: 3.5083, avg nll: 1.0030, avg wnll: 6.1925, avg kl: 0.0041, mse: 0.500234, wmse: 6.378222, mae: 0.511447
276,	Iter: 276, train loss: 3.5123, avg nll: 1.0048, avg wnll: 6.2507, avg kl: 0.0040, mse: 0.500706, wmse: 6.385349, mae: 0.511827
277,	Iter: 277, train loss: 3.4886, avg nll: 0.9980, avg wnll: 6.2562, avg kl: 0.0038, mse: 0.497362, wmse: 6.355983, mae: 0.509960
278,	Iter: 278, train loss: 3.5189, avg nll: 1.0031, avg wnll: 6.2905, avg kl: 0.0039, mse: 0.502369, wmse: 6.426161, mae: 0.512776
279,	Iter: 279, train loss: 3.5047, avg nll: 1.0001, avg wnll: 6.2871, avg kl: 0.0038, mse: 0.500150, wmse: 6.401917, mae: 0.510892
280,	Iter: 280, train loss: 3.5163, avg nll: 1.0054, avg wnll: 6.2362, avg kl: 0.0039, mse: 0.501392, wmse: 6.398374, mae: 0.512261
nll: 1.0310, mse: 0.5544, mae: 0.5362, mean_mse: 7.0822, mean_mae: 0.5362
1678911663.491095
281,	Iter: 281, train loss: 3.4962, avg nll: 1.0014, avg wnll: 6.2560, avg kl: 0.0040, mse: 0.498142, wmse: 6.346608, mae: 0.509914
282,	Iter: 282, train loss: 3.4905, avg nll: 0.9966, avg wnll: 6.2507, avg kl: 0.0039, mse: 0.498008, wmse: 6.379504, mae: 0.510350
283,	Iter: 283, train loss: 3.4956, avg nll: 0.9988, avg wnll: 6.2213, avg kl: 0.0038, mse: 0.498617, wmse: 6.354005, mae: 0.510570
284,	Iter: 284, train loss: 3.5061, avg nll: 0.9996, avg wnll: 6.2556, avg kl: 0.0041, mse: 0.500465, wmse: 6.390265, mae: 0.511706
285,	Iter: 285, train loss: 3.4950, avg nll: 0.9998, avg wnll: 6.1972, avg kl: 0.0042, mse: 0.498187, wmse: 6.346248, mae: 0.510062
286,	Iter: 286, train loss: 3.5086, avg nll: 1.0039, avg wnll: 6.2650, avg kl: 0.0040, mse: 0.500140, wmse: 6.383207, mae: 0.511734
287,	Iter: 287, train loss: 3.5063, avg nll: 1.0045, avg wnll: 6.3055, avg kl: 0.0038, mse: 0.499595, wmse: 6.397264, mae: 0.511561
288,	Iter: 288, train loss: 3.5128, avg nll: 1.0031, avg wnll: 6.2492, avg kl: 0.0039, mse: 0.501150, wmse: 6.412599, mae: 0.511813
289,	Iter: 289, train loss: 3.4862, avg nll: 0.9958, avg wnll: 6.3235, avg kl: 0.0041, mse: 0.497265, wmse: 6.367578, mae: 0.509550
290,	Iter: 290, train loss: 3.5082, avg nll: 1.0044, avg wnll: 6.1921, avg kl: 0.0043, mse: 0.499898, wmse: 6.372306, mae: 0.511443
nll: 1.0356, mse: 0.5541, mae: 0.5350, mean_mse: 7.1273, mean_mae: 0.5350
1678912510.425132
291,	Iter: 291, train loss: 3.4944, avg nll: 1.0007, avg wnll: 6.2462, avg kl: 0.0042, mse: 0.497923, wmse: 6.340226, mae: 0.509716
292,	Iter: 292, train loss: 3.5028, avg nll: 0.9986, avg wnll: 6.2538, avg kl: 0.0044, mse: 0.499980, wmse: 6.407291, mae: 0.511607
293,	Iter: 293, train loss: 3.4741, avg nll: 0.9926, avg wnll: 6.2264, avg kl: 0.0042, mse: 0.495463, wmse: 6.303461, mae: 0.508670
294,	Iter: 294, train loss: 3.4982, avg nll: 0.9975, avg wnll: 6.2206, avg kl: 0.0043, mse: 0.499284, wmse: 6.386836, mae: 0.511148
295,	Iter: 295, train loss: 3.4833, avg nll: 0.9973, avg wnll: 6.2024, avg kl: 0.0042, mse: 0.496378, wmse: 6.320633, mae: 0.509100
296,	Iter: 296, train loss: 3.5022, avg nll: 1.0031, avg wnll: 6.2600, avg kl: 0.0045, mse: 0.498903, wmse: 6.359105, mae: 0.511109
297,	Iter: 297, train loss: 3.4725, avg nll: 0.9948, avg wnll: 6.2422, avg kl: 0.0042, mse: 0.494714, wmse: 6.326114, mae: 0.508491
298,	Iter: 298, train loss: 3.5004, avg nll: 0.9987, avg wnll: 6.2757, avg kl: 0.0041, mse: 0.499507, wmse: 6.386924, mae: 0.511348
299,	Iter: 299, train loss: 3.4861, avg nll: 0.9954, avg wnll: 6.2656, avg kl: 0.0046, mse: 0.497220, wmse: 6.354220, mae: 0.509705
300,	Iter: 300, train loss: 3.4883, avg nll: 0.9977, avg wnll: 6.2250, avg kl: 0.0042, mse: 0.497291, wmse: 6.344419, mae: 0.510184
nll: 1.0319, mse: 0.5504, mae: 0.5344, mean_mse: 7.0244, mean_mae: 0.5344
1678913376.2023156
saving.................
done
301,	Iter: 301, train loss: 3.4891, avg nll: 0.9984, avg wnll: 6.2951, avg kl: 0.0044, mse: 0.497252, wmse: 6.369987, mae: 0.509135
302,	Iter: 302, train loss: 3.4670, avg nll: 0.9911, avg wnll: 6.2438, avg kl: 0.0044, mse: 0.494284, wmse: 6.315032, mae: 0.508297
303,	Iter: 303, train loss: 3.4693, avg nll: 0.9918, avg wnll: 6.2003, avg kl: 0.0042, mse: 0.494658, wmse: 6.292991, mae: 0.508358
304,	Iter: 304, train loss: 3.6015, avg nll: 1.0136, avg wnll: 6.2615, avg kl: 0.0055, mse: 0.516472, wmse: 6.669779, mae: 0.520528
305,	Iter: 305, train loss: 3.9932, avg nll: 1.1059, avg wnll: 6.4348, avg kl: 0.0055, mse: 0.576354, wmse: 7.700355, mae: 0.557734
306,	Iter: 306, train loss: 3.8387, avg nll: 1.0779, avg wnll: 6.2845, avg kl: 0.0053, mse: 0.551107, wmse: 7.227227, mae: 0.543034
307,	Iter: 307, train loss: 3.7576, avg nll: 1.0579, avg wnll: 6.3022, avg kl: 0.0044, mse: 0.539067, wmse: 7.072392, mae: 0.536530
308,	Iter: 308, train loss: 3.7477, avg nll: 1.0592, avg wnll: 6.2872, avg kl: 0.0044, mse: 0.536835, wmse: 7.004146, mae: 0.534159
309,	Iter: 309, train loss: 3.8253, avg nll: 1.0673, avg wnll: 6.3667, avg kl: 0.0077, mse: 0.550047, wmse: 7.242281, mae: 0.540947
310,	Iter: 310, train loss: 3.9754, avg nll: 1.1157, avg wnll: 6.2961, avg kl: 0.0037, mse: 0.571190, wmse: 7.529537, mae: 0.554615
nll: 1.0814, mse: 0.5788, mae: 0.5528, mean_mse: 7.5702, mean_mae: 0.5528
1678914205.6235242
311,	Iter: 311, train loss: 3.9997, avg nll: 1.1167, avg wnll: 6.3256, avg kl: 0.0032, mse: 0.575967, wmse: 7.635495, mae: 0.556733
312,	Iter: 312, train loss: 3.9300, avg nll: 1.0992, avg wnll: 6.3416, avg kl: 0.0024, mse: 0.565692, wmse: 7.480398, mae: 0.551332
313,	Iter: 313, train loss: 3.8695, avg nll: 1.0868, avg wnll: 6.3051, avg kl: 0.0017, mse: 0.556203, wmse: 7.329954, mae: 0.545242
314,	Iter: 314, train loss: 3.9447, avg nll: 1.0986, avg wnll: 6.3713, avg kl: 0.0027, mse: 0.568688, wmse: 7.512708, mae: 0.552436
315,	Iter: 315, train loss: 3.9528, avg nll: 1.1033, avg wnll: 6.4720, avg kl: 0.0024, mse: 0.569418, wmse: 7.578581, mae: 0.552554
316,	Iter: 316, train loss: 3.9011, avg nll: 1.0937, avg wnll: 6.2845, avg kl: 0.0018, mse: 0.561114, wmse: 7.388080, mae: 0.548183
317,	Iter: 317, train loss: 3.8171, avg nll: 1.0766, avg wnll: 6.2973, avg kl: 0.0019, mse: 0.547728, wmse: 7.164380, mae: 0.539932
318,	Iter: 318, train loss: 3.8033, avg nll: 1.0707, avg wnll: 6.2539, avg kl: 0.0015, mse: 0.546224, wmse: 7.126504, mae: 0.538337
319,	Iter: 319, train loss: 3.7854, avg nll: 1.0696, avg wnll: 6.3074, avg kl: 0.0017, mse: 0.542821, wmse: 7.107171, mae: 0.536404
320,	Iter: 320, train loss: 3.8564, avg nll: 1.0884, avg wnll: 6.4142, avg kl: 0.0016, mse: 0.553283, wmse: 7.255906, mae: 0.542779
nll: 1.0752, mse: 0.5762, mae: 0.5502, mean_mse: 7.4750, mean_mae: 0.5502
1678915066.7468624
321,	Iter: 321, train loss: 4.1249, avg nll: 1.1220, avg wnll: 6.3266, avg kl: 0.0019, mse: 0.600196, wmse: 8.054278, mae: 0.567747
322,	Iter: 322, train loss: 4.5148, avg nll: 1.1992, avg wnll: 6.5681, avg kl: 0.0015, mse: 0.662835, wmse: 9.205807, mae: 0.607077
323,	Iter: 323, train loss: 4.2074, avg nll: 1.1528, avg wnll: 6.4254, avg kl: 0.0014, mse: 0.610652, wmse: 8.270063, mae: 0.577376
324,	Iter: 324, train loss: 4.0522, avg nll: 1.1268, avg wnll: 6.3454, avg kl: 0.0012, mse: 0.584835, wmse: 7.799765, mae: 0.562463
325,	Iter: 325, train loss: 3.9738, avg nll: 1.1189, avg wnll: 6.2709, avg kl: 0.0009, mse: 0.570794, wmse: 7.542236, mae: 0.553666
326,	Iter: 326, train loss: 4.0566, avg nll: 1.1268, avg wnll: 6.3850, avg kl: 0.0036, mse: 0.585244, wmse: 7.757586, mae: 0.561126
327,	Iter: 327, train loss: 3.8850, avg nll: 1.0985, avg wnll: 6.2724, avg kl: 0.0010, mse: 0.557101, wmse: 7.343824, mae: 0.545785
328,	Iter: 328, train loss: 3.8533, avg nll: 1.0899, avg wnll: 6.2979, avg kl: 0.0009, mse: 0.552499, wmse: 7.239797, mae: 0.541866
329,	Iter: 329, train loss: 3.8257, avg nll: 1.0864, avg wnll: 6.2834, avg kl: 0.0007, mse: 0.547716, wmse: 7.146334, mae: 0.538458
330,	Iter: 330, train loss: 3.8273, avg nll: 1.0849, avg wnll: 6.3028, avg kl: 0.0006, mse: 0.548366, wmse: 7.186619, mae: 0.539882
nll: 1.0722, mse: 0.5750, mae: 0.5487, mean_mse: 7.4570, mean_mae: 0.5487
1678915921.355648
saving.................
done
331,	Iter: 331, train loss: 3.7965, avg nll: 1.0814, avg wnll: 6.2610, avg kl: 0.0006, mse: 0.542909, wmse: 7.057646, mae: 0.536066
332,	Iter: 332, train loss: 3.7836, avg nll: 1.0771, avg wnll: 6.2466, avg kl: 0.0006, mse: 0.541171, wmse: 7.054262, mae: 0.534921
333,	Iter: 333, train loss: 3.8662, avg nll: 1.0875, avg wnll: 6.2784, avg kl: 0.0006, mse: 0.555629, wmse: 7.320034, mae: 0.542822
334,	Iter: 334, train loss: 3.7661, avg nll: 1.0706, avg wnll: 6.2399, avg kl: 0.0004, mse: 0.539012, wmse: 7.001102, mae: 0.533742
335,	Iter: 335, train loss: 3.7498, avg nll: 1.0683, avg wnll: 6.1985, avg kl: 0.0004, mse: 0.536224, wmse: 6.946431, mae: 0.532171
336,	Iter: 336, train loss: 3.7711, avg nll: 1.0718, avg wnll: 6.2785, avg kl: 0.0006, mse: 0.539744, wmse: 7.004461, mae: 0.533978
337,	Iter: 337, train loss: 4.1063, avg nll: 1.1316, avg wnll: 6.3583, avg kl: 0.0028, mse: 0.594379, wmse: 8.012476, mae: 0.567006
338,	Iter: 338, train loss: 3.9392, avg nll: 1.1035, avg wnll: 6.2511, avg kl: 0.0007, mse: 0.567003, wmse: 7.471299, mae: 0.551009
339,	Iter: 339, train loss: 3.8462, avg nll: 1.0854, avg wnll: 6.2966, avg kl: 0.0005, mse: 0.552047, wmse: 7.226430, mae: 0.541815
340,	Iter: 340, train loss: 3.8586, avg nll: 1.0874, avg wnll: 6.3124, avg kl: 0.0032, mse: 0.553608, wmse: 7.252418, mae: 0.542524
nll: 1.3664, mse: 0.9113, mae: 0.7344, mean_mse: 13.3810, mean_mae: 0.7344
1678916765.7256017
341,	Iter: 341, train loss: 4.3330, avg nll: 1.1722, avg wnll: 6.3592, avg kl: 0.0006, mse: 0.632038, wmse: 8.568887, mae: 0.586839
342,	Iter: 342, train loss: 4.0192, avg nll: 1.1214, avg wnll: 6.3281, avg kl: 0.0006, mse: 0.579447, wmse: 7.720760, mae: 0.557761
343,	Iter: 343, train loss: 3.9530, avg nll: 1.1098, avg wnll: 6.2160, avg kl: 0.0006, mse: 0.568530, wmse: 7.473894, mae: 0.551242
344,	Iter: 344, train loss: 4.0580, avg nll: 1.1208, avg wnll: 6.2583, avg kl: 0.0020, mse: 0.587041, wmse: 7.764435, mae: 0.561375
345,	Iter: 345, train loss: 4.1834, avg nll: 1.1558, avg wnll: 6.3706, avg kl: 0.0005, mse: 0.605423, wmse: 8.119273, mae: 0.573850
346,	Iter: 346, train loss: 4.0078, avg nll: 1.1260, avg wnll: 6.3066, avg kl: 0.0004, mse: 0.576280, wmse: 7.601407, mae: 0.556159
347,	Iter: 347, train loss: 3.9270, avg nll: 1.1073, avg wnll: 6.2816, avg kl: 0.0004, mse: 0.563861, wmse: 7.432925, mae: 0.548948
348,	Iter: 348, train loss: 3.9047, avg nll: 1.1028, avg wnll: 6.2751, avg kl: 0.0005, mse: 0.560292, wmse: 7.357166, mae: 0.546104
349,	Iter: 349, train loss: 3.8791, avg nll: 1.0981, avg wnll: 6.2697, avg kl: 0.0004, mse: 0.556140, wmse: 7.328720, mae: 0.543498
350,	Iter: 350, train loss: 3.8804, avg nll: 1.0955, avg wnll: 6.2126, avg kl: 0.0004, mse: 0.556892, wmse: 7.296834, mae: 0.544398
nll: 1.0782, mse: 0.5786, mae: 0.5508, mean_mse: 7.5479, mean_mae: 0.5508
1678917629.3684976
351,	Iter: 351, train loss: 3.8152, avg nll: 1.0885, avg wnll: 6.1761, avg kl: 0.0004, mse: 0.545271, wmse: 7.079542, mae: 0.537618
352,	Iter: 352, train loss: 3.9568, avg nll: 1.1051, avg wnll: 6.2595, avg kl: 0.0005, mse: 0.570233, wmse: 7.527610, mae: 0.552010
353,	Iter: 353, train loss: 4.0135, avg nll: 1.1193, avg wnll: 6.3112, avg kl: 0.0004, mse: 0.578766, wmse: 7.690652, mae: 0.557321
354,	Iter: 354, train loss: 3.9206, avg nll: 1.1016, avg wnll: 6.2696, avg kl: 0.0003, mse: 0.563733, wmse: 7.408333, mae: 0.548413
355,	Iter: 355, train loss: 3.8831, avg nll: 1.0954, avg wnll: 6.2040, avg kl: 0.0003, mse: 0.557454, wmse: 7.300283, mae: 0.544158
356,	Iter: 356, train loss: 3.8469, avg nll: 1.0908, avg wnll: 6.2657, avg kl: 0.0004, mse: 0.551130, wmse: 7.176566, mae: 0.540632
357,	Iter: 357, train loss: 3.8099, avg nll: 1.0814, avg wnll: 6.2654, avg kl: 0.0004, mse: 0.545620, wmse: 7.125372, mae: 0.538329
358,	Iter: 358, train loss: 3.8205, avg nll: 1.0815, avg wnll: 6.2639, avg kl: 0.0004, mse: 0.547720, wmse: 7.138118, mae: 0.538171
359,	Iter: 359, train loss: 3.7937, avg nll: 1.0774, avg wnll: 6.2891, avg kl: 0.0003, mse: 0.543192, wmse: 7.066007, mae: 0.535708
360,	Iter: 360, train loss: 3.7639, avg nll: 1.0706, avg wnll: 6.2749, avg kl: 0.0003, mse: 0.538598, wmse: 6.976971, mae: 0.533640
nll: 1.0614, mse: 0.5672, mae: 0.5451, mean_mse: 7.3803, mean_mae: 0.5451
1678918482.6335418
saving.................
done
361,	Iter: 361, train loss: 3.7592, avg nll: 1.0734, avg wnll: 6.2523, avg kl: 0.0003, mse: 0.537089, wmse: 6.942595, mae: 0.532622
362,	Iter: 362, train loss: 3.7319, avg nll: 1.0652, avg wnll: 6.2239, avg kl: 0.0003, mse: 0.533288, wmse: 6.916531, mae: 0.530381
363,	Iter: 363, train loss: 3.7394, avg nll: 1.0655, avg wnll: 6.2111, avg kl: 0.0003, mse: 0.534725, wmse: 6.926309, mae: 0.530902
364,	Iter: 364, train loss: 3.7437, avg nll: 1.0644, avg wnll: 6.2242, avg kl: 0.0002, mse: 0.535817, wmse: 6.944332, mae: 0.531206
365,	Iter: 365, train loss: 3.7322, avg nll: 1.0655, avg wnll: 6.1703, avg kl: 0.0003, mse: 0.533282, wmse: 6.879039, mae: 0.529792
366,	Iter: 366, train loss: 3.7205, avg nll: 1.0638, avg wnll: 6.2495, avg kl: 0.0003, mse: 0.531279, wmse: 6.853085, mae: 0.528457
367,	Iter: 367, train loss: 3.6948, avg nll: 1.0559, avg wnll: 6.2430, avg kl: 0.0004, mse: 0.527711, wmse: 6.816828, mae: 0.526807
368,	Iter: 368, train loss: 3.7202, avg nll: 1.0589, avg wnll: 6.2441, avg kl: 0.0004, mse: 0.532186, wmse: 6.886096, mae: 0.528693
369,	Iter: 369, train loss: 3.7006, avg nll: 1.0577, avg wnll: 6.2469, avg kl: 0.0004, mse: 0.528507, wmse: 6.832491, mae: 0.527043
370,	Iter: 370, train loss: 3.6891, avg nll: 1.0524, avg wnll: 6.2115, avg kl: 0.0004, mse: 0.527272, wmse: 6.789251, mae: 0.526601
nll: 1.0553, mse: 0.5629, mae: 0.5420, mean_mse: 7.3078, mean_mae: 0.5420
1678919351.6284506
371,	Iter: 371, train loss: 3.6856, avg nll: 1.0557, avg wnll: 6.2218, avg kl: 0.0003, mse: 0.525923, wmse: 6.754138, mae: 0.525564
372,	Iter: 372, train loss: 3.6699, avg nll: 1.0505, avg wnll: 6.2092, avg kl: 0.0003, mse: 0.523814, wmse: 6.763091, mae: 0.524609
373,	Iter: 373, train loss: 3.7354, avg nll: 1.0612, avg wnll: 6.2178, avg kl: 0.0005, mse: 0.534754, wmse: 6.920285, mae: 0.530336
374,	Iter: 374, train loss: 3.6870, avg nll: 1.0513, avg wnll: 6.1943, avg kl: 0.0003, mse: 0.527067, wmse: 6.777864, mae: 0.525868
375,	Iter: 375, train loss: 3.6775, avg nll: 1.0503, avg wnll: 6.2067, avg kl: 0.0021, mse: 0.525438, wmse: 6.755845, mae: 0.524924
376,	Iter: 376, train loss: 3.6869, avg nll: 1.0537, avg wnll: 6.2249, avg kl: 0.0141, mse: 0.526631, wmse: 6.780061, mae: 0.525875
377,	Iter: 377, train loss: 3.6623, avg nll: 1.0484, avg wnll: 6.2210, avg kl: 0.0325, mse: 0.522718, wmse: 6.739297, mae: 0.524036
378,	Iter: 378, train loss: 3.6850, avg nll: 1.0491, avg wnll: 6.2940, avg kl: 0.0429, mse: 0.527029, wmse: 6.823885, mae: 0.525755
379,	Iter: 379, train loss: 3.6598, avg nll: 1.0448, avg wnll: 6.2451, avg kl: 0.0514, mse: 0.522784, wmse: 6.741220, mae: 0.523270
380,	Iter: 380, train loss: 3.6543, avg nll: 1.0447, avg wnll: 6.2134, avg kl: 0.0477, mse: 0.521669, wmse: 6.698002, mae: 0.522887
nll: 1.1077, mse: 0.5589, mae: 0.5390, mean_mse: 7.2410, mean_mae: 0.5390
1678920222.2803125
381,	Iter: 381, train loss: 3.6569, avg nll: 1.0491, avg wnll: 6.1676, avg kl: 0.0367, mse: 0.521318, wmse: 6.684333, mae: 0.522396
382,	Iter: 382, train loss: 3.6369, avg nll: 1.0407, avg wnll: 6.2334, avg kl: 0.0293, mse: 0.519009, wmse: 6.695369, mae: 0.521369
383,	Iter: 383, train loss: 3.6574, avg nll: 1.0438, avg wnll: 6.1841, avg kl: 0.0286, mse: 0.522476, wmse: 6.712218, mae: 0.523200
384,	Iter: 384, train loss: 3.6586, avg nll: 1.0428, avg wnll: 6.1899, avg kl: 0.0248, mse: 0.522939, wmse: 6.707351, mae: 0.523374
385,	Iter: 385, train loss: 3.6461, avg nll: 1.0412, avg wnll: 6.1943, avg kl: 0.0226, mse: 0.520750, wmse: 6.670401, mae: 0.521760
386,	Iter: 386, train loss: 3.6500, avg nll: 1.0430, avg wnll: 6.2288, avg kl: 0.0240, mse: 0.521110, wmse: 6.692886, mae: 0.522612
387,	Iter: 387, train loss: 4.2538, avg nll: 1.1549, avg wnll: 6.4569, avg kl: 0.0215, mse: 0.619500, wmse: 8.434636, mae: 0.581387
388,	Iter: 388, train loss: 4.0101, avg nll: 1.1169, avg wnll: 6.3172, avg kl: 0.0301, mse: 0.578216, wmse: 7.680417, mae: 0.557626
389,	Iter: 389, train loss: 3.8750, avg nll: 1.0942, avg wnll: 6.2730, avg kl: 0.0324, mse: 0.555674, wmse: 7.287545, mae: 0.544594
390,	Iter: 390, train loss: 3.8209, avg nll: 1.0820, avg wnll: 6.2433, avg kl: 0.0302, mse: 0.547290, wmse: 7.144872, mae: 0.539414
nll: 1.0695, mse: 0.5769, mae: 0.5514, mean_mse: 7.5492, mean_mae: 0.5514
1678921091.4890347
saving.................
done
391,	Iter: 391, train loss: 3.7784, avg nll: 1.0775, avg wnll: 6.2129, avg kl: 0.0271, mse: 0.539735, wmse: 7.002999, mae: 0.534730
392,	Iter: 392, train loss: 3.7594, avg nll: 1.0712, avg wnll: 6.2176, avg kl: 0.0229, mse: 0.537234, wmse: 6.996651, mae: 0.533172
393,	Iter: 393, train loss: 3.7547, avg nll: 1.0687, avg wnll: 6.1761, avg kl: 0.0213, mse: 0.536780, wmse: 6.966342, mae: 0.532674
394,	Iter: 394, train loss: 3.7465, avg nll: 1.0650, avg wnll: 6.2220, avg kl: 0.0200, mse: 0.535888, wmse: 6.943993, mae: 0.531934
395,	Iter: 395, train loss: 3.7492, avg nll: 1.0691, avg wnll: 6.2364, avg kl: 0.0175, mse: 0.535637, wmse: 6.958255, mae: 0.531615
396,	Iter: 396, train loss: 3.7304, avg nll: 1.0651, avg wnll: 6.2444, avg kl: 0.0188, mse: 0.532648, wmse: 6.882807, mae: 0.529617
397,	Iter: 397, train loss: 3.7467, avg nll: 1.0644, avg wnll: 6.2683, avg kl: 0.0189, mse: 0.536006, wmse: 6.992953, mae: 0.532390
398,	Iter: 398, train loss: 3.7098, avg nll: 1.0567, avg wnll: 6.2325, avg kl: 0.0162, mse: 0.530233, wmse: 6.862277, mae: 0.528260
399,	Iter: 399, train loss: 3.6993, avg nll: 1.0558, avg wnll: 6.2298, avg kl: 0.0135, mse: 0.528362, wmse: 6.833469, mae: 0.526751
400,	Iter: 400, train loss: 3.6915, avg nll: 1.0530, avg wnll: 6.2277, avg kl: 0.0137, mse: 0.527334, wmse: 6.808697, mae: 0.526366
nll: 1.0479, mse: 0.5609, mae: 0.5409, mean_mse: 7.2586, mean_mae: 0.5409
1678921916.7889733
401,	Iter: 401, train loss: 3.9604, avg nll: 1.1102, avg wnll: 6.3257, avg kl: 0.0170, mse: 0.569581, wmse: 7.525799, mae: 0.551389
402,	Iter: 402, train loss: 3.8571, avg nll: 1.0932, avg wnll: 6.3057, avg kl: 0.0150, mse: 0.552346, wmse: 7.248345, mae: 0.541683
403,	Iter: 403, train loss: 3.8231, avg nll: 1.0849, avg wnll: 6.1755, avg kl: 0.0142, mse: 0.547216, wmse: 7.117876, mae: 0.538086
404,	Iter: 404, train loss: 3.8603, avg nll: 1.0886, avg wnll: 6.2363, avg kl: 0.0110, mse: 0.554012, wmse: 7.241391, mae: 0.542316
405,	Iter: 405, train loss: 3.8090, avg nll: 1.0837, avg wnll: 6.2256, avg kl: 0.0108, mse: 0.544722, wmse: 7.094932, mae: 0.536821
406,	Iter: 406, train loss: 3.7766, avg nll: 1.0751, avg wnll: 6.2302, avg kl: 0.0099, mse: 0.539978, wmse: 7.003157, mae: 0.533642
407,	Iter: 407, train loss: 3.7792, avg nll: 1.0764, avg wnll: 6.2537, avg kl: 0.0107, mse: 0.540195, wmse: 7.035193, mae: 0.534121
408,	Iter: 408, train loss: 3.7651, avg nll: 1.0696, avg wnll: 6.2589, avg kl: 0.0098, mse: 0.538762, wmse: 7.004560, mae: 0.533020
409,	Iter: 409, train loss: 3.8181, avg nll: 1.0797, avg wnll: 6.2790, avg kl: 0.0102, mse: 0.547318, wmse: 7.154126, mae: 0.537772
410,	Iter: 410, train loss: 3.7724, avg nll: 1.0715, avg wnll: 6.2606, avg kl: 0.0111, mse: 0.539757, wmse: 7.021031, mae: 0.533830
nll: 1.0642, mse: 0.5726, mae: 0.5468, mean_mse: 7.4720, mean_mae: 0.5468
1678922776.0853531
411,	Iter: 411, train loss: 3.7278, avg nll: 1.0627, avg wnll: 6.2252, avg kl: 0.0107, mse: 0.532601, wmse: 6.884124, mae: 0.529059
412,	Iter: 412, train loss: 3.7240, avg nll: 1.0600, avg wnll: 6.2638, avg kl: 0.0089, mse: 0.532454, wmse: 6.926916, mae: 0.529434
413,	Iter: 413, train loss: 3.7380, avg nll: 1.0620, avg wnll: 6.1750, avg kl: 0.0080, mse: 0.534869, wmse: 6.932974, mae: 0.530675
414,	Iter: 414, train loss: 3.7396, avg nll: 1.0630, avg wnll: 6.1998, avg kl: 0.0074, mse: 0.535019, wmse: 6.930356, mae: 0.530872
415,	Iter: 415, train loss: 3.7251, avg nll: 1.0588, avg wnll: 6.2124, avg kl: 0.0079, mse: 0.532914, wmse: 6.895910, mae: 0.529422
416,	Iter: 416, train loss: 3.7240, avg nll: 1.0607, avg wnll: 6.2194, avg kl: 0.0073, mse: 0.532352, wmse: 6.869069, mae: 0.528759
417,	Iter: 417, train loss: 3.7083, avg nll: 1.0545, avg wnll: 6.2527, avg kl: 0.0073, mse: 0.530440, wmse: 6.858788, mae: 0.528290
418,	Iter: 418, train loss: 3.7145, avg nll: 1.0546, avg wnll: 6.2346, avg kl: 0.0074, mse: 0.531648, wmse: 6.890843, mae: 0.528809
419,	Iter: 419, train loss: 3.7005, avg nll: 1.0520, avg wnll: 6.2512, avg kl: 0.0063, mse: 0.529395, wmse: 6.848615, mae: 0.527210
420,	Iter: 420, train loss: 3.6937, avg nll: 1.0518, avg wnll: 6.2384, avg kl: 0.0067, mse: 0.528049, wmse: 6.810321, mae: 0.526559
nll: 1.0886, mse: 0.5617, mae: 0.5408, mean_mse: 7.2553, mean_mae: 0.5408
1678923656.0283458
saving.................
done
421,	Iter: 421, train loss: 3.6853, avg nll: 1.0525, avg wnll: 6.2432, avg kl: 0.0075, mse: 0.526182, wmse: 6.770483, mae: 0.525234
422,	Iter: 422, train loss: 3.6849, avg nll: 1.0496, avg wnll: 6.2488, avg kl: 0.0064, mse: 0.526741, wmse: 6.813485, mae: 0.526114
423,	Iter: 423, train loss: 3.6929, avg nll: 1.0508, avg wnll: 6.2272, avg kl: 0.0058, mse: 0.528127, wmse: 6.825482, mae: 0.526721
424,	Iter: 424, train loss: 3.7077, avg nll: 1.0527, avg wnll: 6.1998, avg kl: 0.0065, mse: 0.530666, wmse: 6.849064, mae: 0.527882
425,	Iter: 425, train loss: 3.6945, avg nll: 1.0516, avg wnll: 6.1919, avg kl: 0.0062, mse: 0.528256, wmse: 6.826409, mae: 0.526672
426,	Iter: 426, train loss: 3.6920, avg nll: 1.0526, avg wnll: 6.2440, avg kl: 0.0063, mse: 0.527528, wmse: 6.799169, mae: 0.526181
427,	Iter: 427, train loss: 3.6814, avg nll: 1.0493, avg wnll: 6.2189, avg kl: 0.0061, mse: 0.526084, wmse: 6.798807, mae: 0.525754
428,	Iter: 428, train loss: 3.6865, avg nll: 1.0489, avg wnll: 6.2166, avg kl: 0.0069, mse: 0.527137, wmse: 6.811170, mae: 0.525919
429,	Iter: 429, train loss: 3.6757, avg nll: 1.0458, avg wnll: 6.2501, avg kl: 0.0060, mse: 0.525638, wmse: 6.784701, mae: 0.525031
430,	Iter: 430, train loss: 3.6727, avg nll: 1.0461, avg wnll: 6.2249, avg kl: 0.0063, mse: 0.524948, wmse: 6.757585, mae: 0.524961
nll: 1.0516, mse: 0.5589, mae: 0.5391, mean_mse: 7.2056, mean_mae: 0.5391
1678924523.6138885
431,	Iter: 431, train loss: 3.6592, avg nll: 1.0463, avg wnll: 6.2140, avg kl: 0.0061, mse: 0.522230, wmse: 6.697091, mae: 0.523053
432,	Iter: 432, train loss: 3.6542, avg nll: 1.0414, avg wnll: 6.2381, avg kl: 0.0063, mse: 0.522172, wmse: 6.739781, mae: 0.523308
433,	Iter: 433, train loss: 3.6575, avg nll: 1.0410, avg wnll: 6.1995, avg kl: 0.0052, mse: 0.522973, wmse: 6.724799, mae: 0.523535
434,	Iter: 434, train loss: 3.6787, avg nll: 1.0450, avg wnll: 6.2385, avg kl: 0.0057, mse: 0.526374, wmse: 6.771800, mae: 0.525640
435,	Iter: 435, train loss: 3.6680, avg nll: 1.0461, avg wnll: 6.2079, avg kl: 0.0056, mse: 0.524010, wmse: 6.738760, mae: 0.524059
436,	Iter: 436, train loss: 3.6670, avg nll: 1.0463, avg wnll: 6.2453, avg kl: 0.0055, mse: 0.523784, wmse: 6.735751, mae: 0.523950
437,	Iter: 437, train loss: 3.6503, avg nll: 1.0411, avg wnll: 6.2277, avg kl: 0.0055, mse: 0.521490, wmse: 6.720557, mae: 0.523167
438,	Iter: 438, train loss: 3.6634, avg nll: 1.0421, avg wnll: 6.2253, avg kl: 0.0057, mse: 0.523860, wmse: 6.752692, mae: 0.524069
439,	Iter: 439, train loss: 3.6503, avg nll: 1.0397, avg wnll: 6.2626, avg kl: 0.0051, mse: 0.521769, wmse: 6.719233, mae: 0.522570
440,	Iter: 440, train loss: 3.6411, avg nll: 1.0377, avg wnll: 6.2325, avg kl: 0.0054, mse: 0.520297, wmse: 6.676070, mae: 0.522078
nll: 1.0539, mse: 0.5562, mae: 0.5380, mean_mse: 7.1582, mean_mae: 0.5380
1678925357.4868274
441,	Iter: 441, train loss: 3.6455, avg nll: 1.0418, avg wnll: 6.2603, avg kl: 0.0054, mse: 0.520365, wmse: 6.680461, mae: 0.521897
442,	Iter: 442, train loss: 3.6324, avg nll: 1.0364, avg wnll: 6.2796, avg kl: 0.0054, mse: 0.518806, wmse: 6.682054, mae: 0.521379
443,	Iter: 443, train loss: 3.6364, avg nll: 1.0356, avg wnll: 6.2266, avg kl: 0.0051, mse: 0.519794, wmse: 6.682958, mae: 0.521883
444,	Iter: 444, train loss: 3.6625, avg nll: 1.0410, avg wnll: 6.2099, avg kl: 0.0046, mse: 0.523964, wmse: 6.731121, mae: 0.524206
445,	Iter: 445, train loss: 3.6598, avg nll: 1.0444, avg wnll: 6.1960, avg kl: 0.0049, mse: 0.522709, wmse: 6.711512, mae: 0.523326
446,	Iter: 446, train loss: 3.6544, avg nll: 1.0431, avg wnll: 6.2661, avg kl: 0.0052, mse: 0.521869, wmse: 6.692397, mae: 0.522694
447,	Iter: 447, train loss: 3.6299, avg nll: 1.0350, avg wnll: 6.2240, avg kl: 0.0050, mse: 0.518597, wmse: 6.679885, mae: 0.521333
448,	Iter: 448, train loss: 3.6466, avg nll: 1.0367, avg wnll: 6.2284, avg kl: 0.0047, mse: 0.521622, wmse: 6.710098, mae: 0.522686
449,	Iter: 449, train loss: 3.6412, avg nll: 1.0369, avg wnll: 6.2499, avg kl: 0.0047, mse: 0.520497, wmse: 6.691574, mae: 0.521841
450,	Iter: 450, train loss: 3.6424, avg nll: 1.0371, avg wnll: 6.2551, avg kl: 0.0051, mse: 0.520660, wmse: 6.693428, mae: 0.522190
nll: 1.6886, mse: 0.5577, mae: 0.5383, mean_mse: 7.1881, mean_mae: 0.5383
1678926200.7607884
saving.................
done
451,	Iter: 451, train loss: 3.6315, avg nll: 1.0407, avg wnll: 6.2117, avg kl: 0.0052, mse: 0.517731, wmse: 6.623606, mae: 0.520122
452,	Iter: 452, train loss: 3.6160, avg nll: 1.0324, avg wnll: 6.2130, avg kl: 0.0048, mse: 0.516317, wmse: 6.638056, mae: 0.520029
453,	Iter: 453, train loss: 3.6153, avg nll: 1.0303, avg wnll: 6.1977, avg kl: 0.0045, mse: 0.516627, wmse: 6.624391, mae: 0.519924
454,	Iter: 454, train loss: 3.6315, avg nll: 1.0333, avg wnll: 6.2039, avg kl: 0.0048, mse: 0.519242, wmse: 6.661207, mae: 0.521326
455,	Iter: 455, train loss: 3.6390, avg nll: 1.0380, avg wnll: 6.2155, avg kl: 0.0044, mse: 0.519816, wmse: 6.668089, mae: 0.521553
456,	Iter: 456, train loss: 3.7173, avg nll: 1.0531, avg wnll: 6.2845, avg kl: 0.0045, mse: 0.532452, wmse: 6.927835, mae: 0.529256
457,	Iter: 457, train loss: 3.6355, avg nll: 1.0376, avg wnll: 6.2086, avg kl: 0.0049, mse: 0.519166, wmse: 6.691913, mae: 0.521661
458,	Iter: 458, train loss: 3.6545, avg nll: 1.0381, avg wnll: 6.2130, avg kl: 0.0050, mse: 0.522843, wmse: 6.729923, mae: 0.523430
459,	Iter: 459, train loss: 3.6156, avg nll: 1.0299, avg wnll: 6.2832, avg kl: 0.0045, mse: 0.516739, wmse: 6.649164, mae: 0.519833
460,	Iter: 460, train loss: 3.6293, avg nll: 1.0357, avg wnll: 6.1990, avg kl: 0.0052, mse: 0.518248, wmse: 6.638291, mae: 0.520552
nll: 1.1358, mse: 0.5565, mae: 0.5373, mean_mse: 7.1711, mean_mae: 0.5373
1678927050.6987338
461,	Iter: 461, train loss: 3.6193, avg nll: 1.0351, avg wnll: 6.2078, avg kl: 0.0056, mse: 0.516328, wmse: 6.604385, mae: 0.519434
462,	Iter: 462, train loss: 3.6313, avg nll: 1.0399, avg wnll: 6.2008, avg kl: 0.0052, mse: 0.517808, wmse: 6.661964, mae: 0.520700
463,	Iter: 463, train loss: 3.6092, avg nll: 1.0293, avg wnll: 6.1861, avg kl: 0.0042, mse: 0.515581, wmse: 6.605633, mae: 0.519070
464,	Iter: 464, train loss: 3.6239, avg nll: 1.0315, avg wnll: 6.1877, avg kl: 0.0042, mse: 0.518087, wmse: 6.637553, mae: 0.520542
465,	Iter: 465, train loss: 3.6219, avg nll: 1.0328, avg wnll: 6.2138, avg kl: 0.0038, mse: 0.517445, wmse: 6.627600, mae: 0.520108
466,	Iter: 466, train loss: 3.6212, avg nll: 1.0350, avg wnll: 6.2528, avg kl: 0.0042, mse: 0.516818, wmse: 6.616690, mae: 0.519798
467,	Iter: 467, train loss: 3.6045, avg nll: 1.0290, avg wnll: 6.2102, avg kl: 0.0046, mse: 0.514661, wmse: 6.610335, mae: 0.519126
468,	Iter: 468, train loss: 3.6178, avg nll: 1.0298, avg wnll: 6.1952, avg kl: 0.0049, mse: 0.517112, wmse: 6.634945, mae: 0.519910
469,	Iter: 469, train loss: 3.5997, avg nll: 1.0276, avg wnll: 6.2644, avg kl: 0.0042, mse: 0.514013, wmse: 6.596976, mae: 0.518205
470,	Iter: 470, train loss: 3.6257, avg nll: 1.0343, avg wnll: 6.2097, avg kl: 0.0045, mse: 0.517824, wmse: 6.648079, mae: 0.520716
nll: 1.0449, mse: 0.5578, mae: 0.5373, mean_mse: 7.1992, mean_mae: 0.5373
1678927887.2265193
471,	Iter: 471, train loss: 3.5958, avg nll: 1.0278, avg wnll: 6.2417, avg kl: 0.0048, mse: 0.513114, wmse: 6.569803, mae: 0.517575
472,	Iter: 472, train loss: 3.5920, avg nll: 1.0277, avg wnll: 6.2169, avg kl: 0.0046, mse: 0.512388, wmse: 6.584522, mae: 0.517554
473,	Iter: 473, train loss: 3.6021, avg nll: 1.0261, avg wnll: 6.2291, avg kl: 0.0044, mse: 0.514742, wmse: 6.599072, mae: 0.519150
474,	Iter: 474, train loss: 3.6043, avg nll: 1.0264, avg wnll: 6.2011, avg kl: 0.0041, mse: 0.515153, wmse: 6.590497, mae: 0.518592
475,	Iter: 475, train loss: 3.5973, avg nll: 1.0256, avg wnll: 6.2069, avg kl: 0.0040, mse: 0.513922, wmse: 6.577812, mae: 0.518269
476,	Iter: 476, train loss: 3.6016, avg nll: 1.0287, avg wnll: 6.2340, avg kl: 0.0042, mse: 0.514141, wmse: 6.571984, mae: 0.518388
477,	Iter: 477, train loss: 3.5885, avg nll: 1.0230, avg wnll: 6.2526, avg kl: 0.0042, mse: 0.512660, wmse: 6.585288, mae: 0.518081
478,	Iter: 478, train loss: 3.6013, avg nll: 1.0259, avg wnll: 6.2356, avg kl: 0.0044, mse: 0.514612, wmse: 6.600992, mae: 0.518571
479,	Iter: 479, train loss: 3.6104, avg nll: 1.0278, avg wnll: 6.2610, avg kl: 0.0042, mse: 0.516059, wmse: 6.629182, mae: 0.519266
480,	Iter: 480, train loss: 3.5984, avg nll: 1.0255, avg wnll: 6.2352, avg kl: 0.0046, mse: 0.514063, wmse: 6.577426, mae: 0.518358
nll: 1.0383, mse: 0.5520, mae: 0.5347, mean_mse: 7.0698, mean_mae: 0.5347
1678928761.093922
saving.................
done
481,	Iter: 481, train loss: 3.5900, avg nll: 1.0261, avg wnll: 6.2486, avg kl: 0.0045, mse: 0.512288, wmse: 6.551995, mae: 0.517161
482,	Iter: 482, train loss: 3.5787, avg nll: 1.0218, avg wnll: 6.2174, avg kl: 0.0040, mse: 0.510917, wmse: 6.557873, mae: 0.516644
483,	Iter: 483, train loss: 3.5864, avg nll: 1.0220, avg wnll: 6.2026, avg kl: 0.0042, mse: 0.512400, wmse: 6.560123, mae: 0.517512
484,	Iter: 484, train loss: 3.5980, avg nll: 1.0242, avg wnll: 6.1962, avg kl: 0.0041, mse: 0.514300, wmse: 6.577088, mae: 0.518207
485,	Iter: 485, train loss: 3.5900, avg nll: 1.0245, avg wnll: 6.2054, avg kl: 0.0038, mse: 0.512645, wmse: 6.557312, mae: 0.517647
486,	Iter: 486, train loss: 3.5965, avg nll: 1.0277, avg wnll: 6.2708, avg kl: 0.0039, mse: 0.513297, wmse: 6.563805, mae: 0.518098
487,	Iter: 487, train loss: 3.5764, avg nll: 1.0213, avg wnll: 6.2075, avg kl: 0.0041, mse: 0.510537, wmse: 6.545693, mae: 0.516679
488,	Iter: 488, train loss: 3.5871, avg nll: 1.0208, avg wnll: 6.2134, avg kl: 0.0042, mse: 0.512757, wmse: 6.570953, mae: 0.517342
489,	Iter: 489, train loss: 3.5795, avg nll: 1.0209, avg wnll: 6.2412, avg kl: 0.0042, mse: 0.511202, wmse: 6.557490, mae: 0.516440
490,	Iter: 490, train loss: 3.5892, avg nll: 1.0252, avg wnll: 6.2550, avg kl: 0.0043, mse: 0.512267, wmse: 6.555713, mae: 0.517348
nll: 1.0489, mse: 0.5519, mae: 0.5352, mean_mse: 7.0901, mean_mae: 0.5352
1678929624.285845
491,	Iter: 491, train loss: 3.5757, avg nll: 1.0228, avg wnll: 6.2226, avg kl: 0.0040, mse: 0.510073, wmse: 6.516297, mae: 0.515959
492,	Iter: 492, train loss: 3.5668, avg nll: 1.0182, avg wnll: 6.2162, avg kl: 0.0040, mse: 0.509222, wmse: 6.530021, mae: 0.515970
493,	Iter: 493, train loss: 3.5677, avg nll: 1.0160, avg wnll: 6.2240, avg kl: 0.0039, mse: 0.509851, wmse: 6.520908, mae: 0.516098
494,	Iter: 494, train loss: 3.5867, avg nll: 1.0206, avg wnll: 6.1891, avg kl: 0.0038, mse: 0.512735, wmse: 6.550123, mae: 0.517389
495,	Iter: 495, train loss: 3.5839, avg nll: 1.0219, avg wnll: 6.2148, avg kl: 0.0037, mse: 0.511927, wmse: 6.549389, mae: 0.517205
496,	Iter: 496, train loss: 3.5820, avg nll: 1.0219, avg wnll: 6.2478, avg kl: 0.0036, mse: 0.511557, wmse: 6.539853, mae: 0.516988
497,	Iter: 497, train loss: 3.5699, avg nll: 1.0189, avg wnll: 6.2165, avg kl: 0.0039, mse: 0.509694, wmse: 6.535707, mae: 0.516444
498,	Iter: 498, train loss: 3.5791, avg nll: 1.0189, avg wnll: 6.2158, avg kl: 0.0040, mse: 0.511518, wmse: 6.551353, mae: 0.516797
499,	Iter: 499, train loss: 3.5753, avg nll: 1.0179, avg wnll: 6.2563, avg kl: 0.0039, mse: 0.510976, wmse: 6.553793, mae: 0.516778
500,	Iter: 500, train loss: 3.5826, avg nll: 1.0222, avg wnll: 6.2309, avg kl: 0.0043, mse: 0.511502, wmse: 6.554465, mae: 0.517100
nll: 1.0303, mse: 0.5508, mae: 0.5348, mean_mse: 7.0783, mean_mae: 0.5348
1678930492.6525342
501,	Iter: 501, train loss: 3.5690, avg nll: 1.0192, avg wnll: 6.2806, avg kl: 0.0044, mse: 0.509371, wmse: 6.500515, mae: 0.515240
502,	Iter: 502, train loss: 3.5809, avg nll: 1.0220, avg wnll: 6.2131, avg kl: 0.0040, mse: 0.511240, wmse: 6.569151, mae: 0.517250
503,	Iter: 503, train loss: 3.5597, avg nll: 1.0146, avg wnll: 6.1856, avg kl: 0.0039, mse: 0.508508, wmse: 6.504254, mae: 0.515618
504,	Iter: 504, train loss: 3.5808, avg nll: 1.0193, avg wnll: 6.2238, avg kl: 0.0037, mse: 0.511799, wmse: 6.537235, mae: 0.517078
505,	Iter: 505, train loss: 3.5750, avg nll: 1.0207, avg wnll: 6.1894, avg kl: 0.0036, mse: 0.510374, wmse: 6.528381, mae: 0.516251
506,	Iter: 506, train loss: 3.5832, avg nll: 1.0205, avg wnll: 6.2334, avg kl: 0.0041, mse: 0.511970, wmse: 6.556738, mae: 0.517514
507,	Iter: 507, train loss: 3.5564, avg nll: 1.0137, avg wnll: 6.2558, avg kl: 0.0041, mse: 0.507975, wmse: 6.518196, mae: 0.515303
508,	Iter: 508, train loss: 3.5688, avg nll: 1.0156, avg wnll: 6.1994, avg kl: 0.0040, mse: 0.510078, wmse: 6.527929, mae: 0.516069
509,	Iter: 509, train loss: 3.5552, avg nll: 1.0135, avg wnll: 6.2845, avg kl: 0.0039, mse: 0.507778, wmse: 6.510041, mae: 0.514759
510,	Iter: 510, train loss: 3.5737, avg nll: 1.0197, avg wnll: 6.2193, avg kl: 0.0044, mse: 0.510189, wmse: 6.530143, mae: 0.516468
nll: 1.0451, mse: 0.5584, mae: 0.5394, mean_mse: 7.1866, mean_mae: 0.5394
1678931343.3321059
saving.................
done
511,	Iter: 511, train loss: 3.5663, avg nll: 1.0190, avg wnll: 6.2286, avg kl: 0.0037, mse: 0.508912, wmse: 6.492291, mae: 0.514957
512,	Iter: 512, train loss: 3.5533, avg nll: 1.0142, avg wnll: 6.2062, avg kl: 0.0039, mse: 0.507256, wmse: 6.498508, mae: 0.514945
513,	Iter: 513, train loss: 3.5513, avg nll: 1.0113, avg wnll: 6.2187, avg kl: 0.0039, mse: 0.507431, wmse: 6.485631, mae: 0.514790
514,	Iter: 514, train loss: 3.5707, avg nll: 1.0172, avg wnll: 6.2044, avg kl: 0.0035, mse: 0.510183, wmse: 6.518549, mae: 0.516070
515,	Iter: 515, train loss: 3.5655, avg nll: 1.0168, avg wnll: 6.1998, avg kl: 0.0035, mse: 0.509231, wmse: 6.510105, mae: 0.515734
516,	Iter: 516, train loss: 3.5577, avg nll: 1.0149, avg wnll: 6.2311, avg kl: 0.0035, mse: 0.508016, wmse: 6.486448, mae: 0.515320
517,	Iter: 517, train loss: 3.5496, avg nll: 1.0139, avg wnll: 6.2354, avg kl: 0.0035, mse: 0.506601, wmse: 6.494080, mae: 0.514728
518,	Iter: 518, train loss: 3.5670, avg nll: 1.0157, avg wnll: 6.2246, avg kl: 0.0038, mse: 0.509685, wmse: 6.517614, mae: 0.515995
519,	Iter: 519, train loss: 3.5499, avg nll: 1.0118, avg wnll: 6.2620, avg kl: 0.0037, mse: 0.507055, wmse: 6.496494, mae: 0.514376
520,	Iter: 520, train loss: 3.5781, avg nll: 1.0208, avg wnll: 6.2530, avg kl: 0.0040, mse: 0.510849, wmse: 6.570125, mae: 0.516821
nll: 1.0285, mse: 0.5506, mae: 0.5342, mean_mse: 7.0363, mean_mae: 0.5342
1678932199.703324
521,	Iter: 521, train loss: 3.5489, avg nll: 1.0152, avg wnll: 6.2136, avg kl: 0.0039, mse: 0.506131, wmse: 6.452644, mae: 0.513510
522,	Iter: 522, train loss: 3.5397, avg nll: 1.0118, avg wnll: 6.2186, avg kl: 0.0035, mse: 0.505025, wmse: 6.473540, mae: 0.513753
523,	Iter: 523, train loss: 3.5464, avg nll: 1.0121, avg wnll: 6.2111, avg kl: 0.0034, mse: 0.506331, wmse: 6.469448, mae: 0.514141
524,	Iter: 524, train loss: 3.5632, avg nll: 1.0149, avg wnll: 6.1647, avg kl: 0.0035, mse: 0.509102, wmse: 6.506812, mae: 0.515542
525,	Iter: 525, train loss: 3.5724, avg nll: 1.0210, avg wnll: 6.2117, avg kl: 0.0034, mse: 0.509746, wmse: 6.527647, mae: 0.516252
526,	Iter: 526, train loss: 3.5478, avg nll: 1.0138, avg wnll: 6.2234, avg kl: 0.0034, mse: 0.506251, wmse: 6.455596, mae: 0.514157
527,	Iter: 527, train loss: 3.5416, avg nll: 1.0116, avg wnll: 6.2316, avg kl: 0.0036, mse: 0.505422, wmse: 6.474138, mae: 0.514027
528,	Iter: 528, train loss: 3.5533, avg nll: 1.0129, avg wnll: 6.2139, avg kl: 0.0036, mse: 0.507502, wmse: 6.485081, mae: 0.514482
529,	Iter: 529, train loss: 3.5422, avg nll: 1.0099, avg wnll: 6.2547, avg kl: 0.0035, mse: 0.505885, wmse: 6.475456, mae: 0.513827
530,	Iter: 530, train loss: 3.5551, avg nll: 1.0146, avg wnll: 6.2412, avg kl: 0.0037, mse: 0.507494, wmse: 6.491345, mae: 0.515024
nll: 1.0514, mse: 0.5501, mae: 0.5338, mean_mse: 7.0534, mean_mae: 0.5338
1678933078.408098
531,	Iter: 531, train loss: 3.5537, avg nll: 1.0159, avg wnll: 6.2512, avg kl: 0.0037, mse: 0.506957, wmse: 6.465839, mae: 0.514111
532,	Iter: 532, train loss: 3.5425, avg nll: 1.0110, avg wnll: 6.2268, avg kl: 0.0036, mse: 0.505682, wmse: 6.477239, mae: 0.513999
533,	Iter: 533, train loss: 3.5510, avg nll: 1.0147, avg wnll: 6.2230, avg kl: 0.0032, mse: 0.506742, wmse: 6.472846, mae: 0.514418
534,	Iter: 534, train loss: 3.5495, avg nll: 1.0112, avg wnll: 6.1724, avg kl: 0.0034, mse: 0.507097, wmse: 6.469160, mae: 0.514203
535,	Iter: 535, train loss: 3.5453, avg nll: 1.0136, avg wnll: 6.2062, avg kl: 0.0033, mse: 0.505794, wmse: 6.457521, mae: 0.513884
536,	Iter: 536, train loss: 3.5467, avg nll: 1.0132, avg wnll: 6.2299, avg kl: 0.0035, mse: 0.506104, wmse: 6.457593, mae: 0.514068
537,	Iter: 537, train loss: 3.5444, avg nll: 1.0134, avg wnll: 6.2309, avg kl: 0.0035, mse: 0.505591, wmse: 6.480254, mae: 0.514215
538,	Iter: 538, train loss: 3.5433, avg nll: 1.0090, avg wnll: 6.2190, avg kl: 0.0034, mse: 0.506270, wmse: 6.471370, mae: 0.513560
539,	Iter: 539, train loss: 3.5369, avg nll: 1.0092, avg wnll: 6.2525, avg kl: 0.0034, mse: 0.504953, wmse: 6.461271, mae: 0.513270
540,	Iter: 540, train loss: 3.5465, avg nll: 1.0121, avg wnll: 6.2574, avg kl: 0.0034, mse: 0.506276, wmse: 6.469947, mae: 0.514301
nll: 1.0349, mse: 0.5530, mae: 0.5358, mean_mse: 7.0920, mean_mae: 0.5358
1678933908.1074169
saving.................
done
541,	Iter: 541, train loss: 3.5466, avg nll: 1.0138, avg wnll: 6.2229, avg kl: 0.0034, mse: 0.505961, wmse: 6.450684, mae: 0.513634
542,	Iter: 542, train loss: 3.5276, avg nll: 1.0060, avg wnll: 6.2153, avg kl: 0.0034, mse: 0.503710, wmse: 6.454189, mae: 0.512986
543,	Iter: 543, train loss: 3.6751, avg nll: 1.0511, avg wnll: 6.4879, avg kl: 0.0032, mse: 0.524203, wmse: 6.765868, mae: 0.525422
544,	Iter: 544, train loss: 3.6014, avg nll: 1.0251, avg wnll: 6.2429, avg kl: 0.0036, mse: 0.514615, wmse: 6.595310, mae: 0.519159
545,	Iter: 545, train loss: 3.5744, avg nll: 1.0215, avg wnll: 6.1817, avg kl: 0.0031, mse: 0.510030, wmse: 6.526902, mae: 0.516707
546,	Iter: 546, train loss: 3.5625, avg nll: 1.0169, avg wnll: 6.2402, avg kl: 0.0031, mse: 0.508543, wmse: 6.499008, mae: 0.515559
547,	Iter: 547, train loss: 3.5753, avg nll: 1.0192, avg wnll: 6.2647, avg kl: 0.0036, mse: 0.510556, wmse: 6.565073, mae: 0.517241
548,	Iter: 548, train loss: 3.5621, avg nll: 1.0140, avg wnll: 6.2617, avg kl: 0.0036, mse: 0.508964, wmse: 6.526094, mae: 0.515749
549,	Iter: 549, train loss: 3.5471, avg nll: 1.0123, avg wnll: 6.2709, avg kl: 0.0032, mse: 0.506374, wmse: 6.492733, mae: 0.514396
550,	Iter: 550, train loss: 3.5563, avg nll: 1.0132, avg wnll: 6.2519, avg kl: 0.0033, mse: 0.508005, wmse: 6.502285, mae: 0.515345
nll: 1.0421, mse: 0.5530, mae: 0.5357, mean_mse: 7.0970, mean_mae: 0.5357
1678934748.0219963
551,	Iter: 551, train loss: 3.5497, avg nll: 1.0148, avg wnll: 6.2219, avg kl: 0.0033, mse: 0.506339, wmse: 6.451557, mae: 0.514222
552,	Iter: 552, train loss: 3.5781, avg nll: 1.0201, avg wnll: 6.2233, avg kl: 0.0031, mse: 0.511005, wmse: 6.574362, mae: 0.517442
553,	Iter: 553, train loss: 3.5838, avg nll: 1.0245, avg wnll: 6.1953, avg kl: 0.0029, mse: 0.511311, wmse: 6.554621, mae: 0.517644
554,	Iter: 554, train loss: 3.5810, avg nll: 1.0225, avg wnll: 6.2207, avg kl: 0.0031, mse: 0.511108, wmse: 6.545284, mae: 0.517033
555,slurmstepd: error: *** JOB 246268 ON gpu0 CANCELLED AT 2023-03-16T02:53:05 ***
