Namespace(n_union_tp=3500, data_folder='datasets/ZTF_r', checkpoint='ZTF_r0.7484720349311829.h5', start_col=1, inc_errors=False, print_at=1, embed_time=128, enc_num_heads=16, latent_dim=64, mixing='concat', num_ref_points=16, rec_hidden=128, width=512, save_at=30, patience=100, early_stopping=False, niters=20000, frac=0.5, batch_size=2, mse_weight=5.0, dropout=0.0, num_resamples=0, lr=5e-07, scheduler=False, warmup=4000, kl_zero=False, kl_annealing=True, net='hetvae', device='cuda', const_var=False, var_per_dim=False, std=0.1, seed=2, save=True, k_iwae=1) 3805141
validated 3407 files out of 3407 for band='r'
3407 3407
(2614, 1, 2011, 3)
created union_tp attribute of length 3500
dataset created w/ shape (2614, 1, 2011, 3)
train size: 2352, valid size: 236, test size: 262
datasets/ZTF_r
=> loading checkpoint 'ZTF_r0.7484720349311829.h5'
Namespace(n_union_tp=3500, data_folder='datasets/ZTF_r', checkpoint='datasets/ZTF_r0.7840271592140198.h5', start_col=1, inc_errors=False, print_at=1, embed_time=128, enc_num_heads=16, latent_dim=64, mixing='concat', num_ref_points=16, rec_hidden=128, width=512, save_at=30, patience=100, early_stopping=False, niters=20000, frac=0.5, batch_size=2, mse_weight=5.0, dropout=0.0, num_resamples=0, lr=2.5e-06, scheduler=False, warmup=4000, kl_zero=False, kl_annealing=True, net='hetvae', device='cuda', const_var=False, var_per_dim=False, std=0.1, seed=2, save=True, k_iwae=1)
loaded checkpoint w/ loss=2.795473472677729
model_size=498882
3031,	Iter: 3031, train loss: 70.1324, avg nll: 67.4824, avg wnll: 971.2023, avg kl: 0.0450, mse: 0.528525, wmse: 6.786701, mae: 0.526884
3032,	Iter: 3032, train loss: 184.3322, avg nll: 181.6928, avg wnll: 2181.7109, avg kl: 0.0420, mse: 0.526465, wmse: 6.760631, mae: 0.526123
3033,	Iter: 3033, train loss: 43.8622, avg nll: 41.2177, avg wnll: 535.0143, avg kl: 0.0429, mse: 0.527385, wmse: 6.776223, mae: 0.526169
3034,	Iter: 3034, train loss: 69.9302, avg nll: 67.2652, avg wnll: 814.3783, avg kl: 0.0425, mse: 0.531473, wmse: 6.796711, mae: 0.527095
3035,	Iter: 3035, train loss: 18.8416, avg nll: 16.1955, avg wnll: 255.4999, avg kl: 0.0440, mse: 0.527569, wmse: 6.745128, mae: 0.525525
3036,	Iter: 3036, train loss: 17.0237, avg nll: 14.3828, avg wnll: 210.1068, avg kl: 0.0418, mse: 0.526585, wmse: 6.734195, mae: 0.525230
3037,	Iter: 3037, train loss: 197.7851, avg nll: 195.1436, avg wnll: 1147.9038, avg kl: 0.0434, mse: 0.526590, wmse: 6.728330, mae: 0.524950
3038,	Iter: 3038, train loss: 63.2242, avg nll: 60.5928, avg wnll: 555.5652, avg kl: 0.0438, mse: 0.524509, wmse: 6.759047, mae: 0.525228
3039,	Iter: 3039, train loss: 80.9484, avg nll: 78.3055, avg wnll: 969.1265, avg kl: 0.0437, mse: 0.526760, wmse: 6.759583, mae: 0.525924
3040,	Iter: 3040, train loss: 16.8589, avg nll: 14.2250, avg wnll: 253.9618, avg kl: 0.0430, mse: 0.524949, wmse: 6.728523, mae: 0.524433
nll: 1.9633, mse: 0.5475, mae: 0.5320, mean_mse: 7.0218, mean_mae: 0.5320
1679274477.4254882
3041,	Iter: 3041, train loss: 2.9276, avg nll: 0.8436, avg wnll: 6.3826, avg kl: 0.0425, mse: 0.414940, wmse: 5.248800, mae: 0.466106
3042,	Iter: 3042, train loss: 2.9373, avg nll: 0.8547, avg wnll: 6.4517, avg kl: 0.0440, mse: 0.414563, wmse: 5.268964, mae: 0.466466
3043,	Iter: 3043, train loss: 2.9369, avg nll: 0.8403, avg wnll: 6.1072, avg kl: 0.0416, mse: 0.417420, wmse: 5.292458, mae: 0.467645
3044,	Iter: 3044, train loss: 2.9463, avg nll: 0.8483, avg wnll: 6.4830, avg kl: 0.0430, mse: 0.417582, wmse: 5.306913, mae: 0.467753
3045,	Iter: 3045, train loss: 2.9485, avg nll: 0.8458, avg wnll: 6.2768, avg kl: 0.0416, mse: 0.418535, wmse: 5.304855, mae: 0.467928
3046,	Iter: 3046, train loss: 2.9387, avg nll: 0.8437, avg wnll: 6.2532, avg kl: 0.0412, mse: 0.416983, wmse: 5.287255, mae: 0.467670
3047,	Iter: 3047, train loss: 2.9402, avg nll: 0.8475, avg wnll: 6.3781, avg kl: 0.0418, mse: 0.416458, wmse: 5.300165, mae: 0.466702
3048,	Iter: 3048, train loss: 2.9408, avg nll: 0.8498, avg wnll: 6.4340, avg kl: 0.0406, mse: 0.416123, wmse: 5.285071, mae: 0.466671
3049,	Iter: 3049, train loss: 2.9049, avg nll: 0.8300, avg wnll: 6.1161, avg kl: 0.0401, mse: 0.412899, wmse: 5.240409, mae: 0.464542
3050,	Iter: 3050, train loss: 2.9041, avg nll: 0.8277, avg wnll: 6.0579, avg kl: 0.0401, mse: 0.413144, wmse: 5.231625, mae: 0.464631
nll: 2.3331, mse: 0.5474, mae: 0.5317, mean_mse: 7.0184, mean_mae: 0.5317
1679275345.419771
3051,	Iter: 3051, train loss: 2.8752, avg nll: 0.8105, avg wnll: 6.0055, avg kl: 0.0395, mse: 0.410791, wmse: 5.188090, mae: 0.463358
3052,	Iter: 3052, train loss: 2.8490, avg nll: 0.7953, avg wnll: 5.8529, avg kl: 0.0408, mse: 0.408480, wmse: 5.180678, mae: 0.462344
3053,	Iter: 3053, train loss: 2.8508, avg nll: 0.7888, avg wnll: 5.8734, avg kl: 0.0393, mse: 0.410177, wmse: 5.187623, mae: 0.462926
3054,	Iter: 3054, train loss: 2.8360, avg nll: 0.7757, avg wnll: 5.9650, avg kl: 0.0409, mse: 0.409692, wmse: 5.192323, mae: 0.462227
3055,	Iter: 3055, train loss: 2.8215, avg nll: 0.7637, avg wnll: 5.9413, avg kl: 0.0405, mse: 0.409182, wmse: 5.171366, mae: 0.461642
3056,	Iter: 3056, train loss: 2.8181, avg nll: 0.7609, avg wnll: 6.0411, avg kl: 0.0410, mse: 0.409000, wmse: 5.171092, mae: 0.462049
3057,	Iter: 3057, train loss: 2.7994, avg nll: 0.7481, avg wnll: 5.9381, avg kl: 0.0420, mse: 0.407706, wmse: 5.173895, mae: 0.460465
3058,	Iter: 3058, train loss: 2.7977, avg nll: 0.7447, avg wnll: 6.0402, avg kl: 0.0412, mse: 0.408064, wmse: 5.168351, mae: 0.460810
3059,	Iter: 3059, train loss: 2.7793, avg nll: 0.7387, avg wnll: 6.0464, avg kl: 0.0414, mse: 0.405511, wmse: 5.134165, mae: 0.459250
3060,	Iter: 3060, train loss: 2.8041, avg nll: 0.7508, avg wnll: 6.1391, avg kl: 0.0428, mse: 0.407917, wmse: 5.154131, mae: 0.460834
nll: 6.9727, mse: 0.5488, mae: 0.5321, mean_mse: 7.0447, mean_mae: 0.5321
1679276235.4638228
saving.................
done
3061,	Iter: 3061, train loss: 2.8017, avg nll: 0.7536, avg wnll: 6.1555, avg kl: 0.0417, mse: 0.406901, wmse: 5.133739, mae: 0.460422
3062,	Iter: 3062, train loss: 2.7822, avg nll: 0.7424, avg wnll: 6.0291, avg kl: 0.0430, mse: 0.405120, wmse: 5.133834, mae: 0.459831
3063,	Iter: 3063, train loss: 2.7989, avg nll: 0.7453, avg wnll: 6.1032, avg kl: 0.0414, mse: 0.407947, wmse: 5.155419, mae: 0.461293
3064,	Iter: 3064, train loss: 2.8041, avg nll: 0.7463, avg wnll: 6.1554, avg kl: 0.0420, mse: 0.408684, wmse: 5.176334, mae: 0.461415
3065,	Iter: 3065, train loss: 2.7979, avg nll: 0.7425, avg wnll: 6.1251, avg kl: 0.0409, mse: 0.408254, wmse: 5.157494, mae: 0.460856
3066,	Iter: 3066, train loss: 2.8072, avg nll: 0.7495, avg wnll: 6.1979, avg kl: 0.0410, mse: 0.408662, wmse: 5.165581, mae: 0.461746
3067,	Iter: 3067, train loss: 2.7933, avg nll: 0.7406, avg wnll: 6.0451, avg kl: 0.0417, mse: 0.407566, wmse: 5.170880, mae: 0.460289
3068,	Iter: 3068, train loss: 2.7926, avg nll: 0.7378, avg wnll: 6.1299, avg kl: 0.0411, mse: 0.407963, wmse: 5.166489, mae: 0.460694
3069,	Iter: 3069, train loss: 2.7741, avg nll: 0.7313, avg wnll: 6.0974, avg kl: 0.0413, mse: 0.405520, wmse: 5.134104, mae: 0.459228
3070,	Iter: 3070, train loss: 2.7985, avg nll: 0.7432, avg wnll: 6.1558, avg kl: 0.0427, mse: 0.407879, wmse: 5.153590, mae: 0.460773
nll: 7.8559, mse: 0.5488, mae: 0.5321, mean_mse: 7.0455, mean_mae: 0.5321
1679277090.9504826
3071,	Iter: 3071, train loss: 2.7978, avg nll: 0.7481, avg wnll: 6.1860, avg kl: 0.0415, mse: 0.406783, wmse: 5.132575, mae: 0.460325
3072,	Iter: 3072, train loss: 2.7793, avg nll: 0.7376, avg wnll: 6.0700, avg kl: 0.0429, mse: 0.405031, wmse: 5.132581, mae: 0.459760
3073,	Iter: 3073, train loss: 2.7954, avg nll: 0.7403, avg wnll: 6.1188, avg kl: 0.0410, mse: 0.407836, wmse: 5.153695, mae: 0.461191
3074,	Iter: 3074, train loss: 2.8008, avg nll: 0.7414, avg wnll: 6.1605, avg kl: 0.0416, mse: 0.408596, wmse: 5.175217, mae: 0.461339
3075,	Iter: 3075, train loss: 2.7955, avg nll: 0.7383, avg wnll: 6.1468, avg kl: 0.0407, mse: 0.408179, wmse: 5.156527, mae: 0.460789
3076,	Iter: 3076, train loss: 2.8053, avg nll: 0.7458, avg wnll: 6.2063, avg kl: 0.0407, mse: 0.408611, wmse: 5.165278, mae: 0.461695
3077,	Iter: 3077, train loss: 2.7925, avg nll: 0.7377, avg wnll: 6.0635, avg kl: 0.0413, mse: 0.407557, wmse: 5.170683, mae: 0.460272
3078,	Iter: 3078, train loss: 2.7908, avg nll: 0.7341, avg wnll: 6.1443, avg kl: 0.0408, mse: 0.407943, wmse: 5.166430, mae: 0.460668
3079,	Iter: 3079, train loss: 2.7721, avg nll: 0.7274, avg wnll: 6.1004, avg kl: 0.0409, mse: 0.405500, wmse: 5.134118, mae: 0.459208
3080,	Iter: 3080, train loss: 2.7966, avg nll: 0.7393, avg wnll: 6.1542, avg kl: 0.0424, mse: 0.407841, wmse: 5.153376, mae: 0.460724
nll: 8.4202, mse: 0.5488, mae: 0.5321, mean_mse: 7.0449, mean_mae: 0.5321
1679277983.4575775
3081,	Iter: 3081, train loss: 2.7966, avg nll: 0.7451, avg wnll: 6.1913, avg kl: 0.0411, mse: 0.406736, wmse: 5.132240, mae: 0.460274
3082,	Iter: 3082, train loss: 2.7782, avg nll: 0.7347, avg wnll: 6.0834, avg kl: 0.0424, mse: 0.404995, wmse: 5.132262, mae: 0.459726
3083,	Iter: 3083, train loss: 2.7941, avg nll: 0.7373, avg wnll: 6.1249, avg kl: 0.0405, mse: 0.407783, wmse: 5.152915, mae: 0.461144
3084,	Iter: 3084, train loss: 2.7997, avg nll: 0.7386, avg wnll: 6.1680, avg kl: 0.0412, mse: 0.408547, wmse: 5.174625, mae: 0.461299
3085,	Iter: 3085, train loss: 2.7950, avg nll: 0.7360, avg wnll: 6.1656, avg kl: 0.0402, mse: 0.408159, wmse: 5.156393, mae: 0.460768
3086,	Iter: 3086, train loss: 2.8054, avg nll: 0.7438, avg wnll: 6.2204, avg kl: 0.0403, mse: 0.408614, wmse: 5.165503, mae: 0.461687
3087,	Iter: 3087, train loss: 2.7928, avg nll: 0.7360, avg wnll: 6.0745, avg kl: 0.0410, mse: 0.407560, wmse: 5.170661, mae: 0.460262
3088,	Iter: 3088, train loss: 2.7904, avg nll: 0.7318, avg wnll: 6.1586, avg kl: 0.0405, mse: 0.407921, wmse: 5.166265, mae: 0.460645
3089,	Iter: 3089, train loss: 2.7719, avg nll: 0.7253, avg wnll: 6.1075, avg kl: 0.0405, mse: 0.405471, wmse: 5.133845, mae: 0.459182
3090,	Iter: 3090, train loss: 2.7967, avg nll: 0.7374, avg wnll: 6.1638, avg kl: 0.0419, mse: 0.407826, wmse: 5.153437, mae: 0.460694
nll: 9.0398, mse: 0.5487, mae: 0.5321, mean_mse: 7.0444, mean_mae: 0.5321
1679278879.8208354
saving.................
done
3091,	Iter: 3091, train loss: 2.7968, avg nll: 0.7434, avg wnll: 6.1987, avg kl: 0.0407, mse: 0.406713, wmse: 5.132159, mae: 0.460248
3092,	Iter: 3092, train loss: 2.7784, avg nll: 0.7330, avg wnll: 6.0935, avg kl: 0.0419, mse: 0.404979, wmse: 5.132258, mae: 0.459710
3093,	Iter: 3093, train loss: 2.7941, avg nll: 0.7355, avg wnll: 6.1331, avg kl: 0.0400, mse: 0.407743, wmse: 5.152483, mae: 0.461112
3094,	Iter: 3094, train loss: 2.8002, avg nll: 0.7372, avg wnll: 6.1794, avg kl: 0.0407, mse: 0.408529, wmse: 5.174495, mae: 0.461285
3095,	Iter: 3095, train loss: 2.7956, avg nll: 0.7346, avg wnll: 6.1771, avg kl: 0.0398, mse: 0.408162, wmse: 5.156608, mae: 0.460772
3096,	Iter: 3096, train loss: 2.8064, avg nll: 0.7429, avg wnll: 6.2344, avg kl: 0.0399, mse: 0.408628, wmse: 5.165804, mae: 0.461689
3097,	Iter: 3097, train loss: 2.7939, avg nll: 0.7350, avg wnll: 6.0847, avg kl: 0.0406, mse: 0.407573, wmse: 5.170935, mae: 0.460272
3098,	Iter: 3098, train loss: 2.7911, avg nll: 0.7306, avg wnll: 6.1692, avg kl: 0.0400, mse: 0.407926, wmse: 5.166541, mae: 0.460648
3099,	Iter: 3099, train loss: 2.7727, avg nll: 0.7242, avg wnll: 6.1136, avg kl: 0.0399, mse: 0.405473, wmse: 5.133941, mae: 0.459188
3100,	Iter: 3100, train loss: 2.7979, avg nll: 0.7366, avg wnll: 6.1732, avg kl: 0.0414, mse: 0.407839, wmse: 5.153845, mae: 0.460697
nll: 9.6601, mse: 0.5487, mae: 0.5321, mean_mse: 7.0444, mean_mae: 0.5321
1679279770.3883631
3101,	Iter: 3101, train loss: 2.7978, avg nll: 0.7426, avg wnll: 6.2093, avg kl: 0.0402, mse: 0.406700, wmse: 5.132092, mae: 0.460240
3102,	Iter: 3102, train loss: 2.7797, avg nll: 0.7321, avg wnll: 6.1044, avg kl: 0.0414, mse: 0.405000, wmse: 5.132626, mae: 0.459728
3103,	Iter: 3103, train loss: 2.7950, avg nll: 0.7346, avg wnll: 6.1405, avg kl: 0.0395, mse: 0.407733, wmse: 5.152565, mae: 0.461106
3104,	Iter: 3104, train loss: 2.8014, avg nll: 0.7365, avg wnll: 6.1891, avg kl: 0.0402, mse: 0.408532, wmse: 5.174607, mae: 0.461286
3105,	Iter: 3105, train loss: 2.7966, avg nll: 0.7338, avg wnll: 6.1826, avg kl: 0.0392, mse: 0.408178, wmse: 5.156960, mae: 0.460781
3106,	Iter: 3106, train loss: 2.8078, avg nll: 0.7423, avg wnll: 6.2436, avg kl: 0.0394, mse: 0.408641, wmse: 5.166219, mae: 0.461699
3107,	Iter: 3107, train loss: 2.7953, avg nll: 0.7344, avg wnll: 6.0902, avg kl: 0.0401, mse: 0.407603, wmse: 5.171627, mae: 0.460295
3108,	Iter: 3108, train loss: 2.7924, avg nll: 0.7299, avg wnll: 6.1770, avg kl: 0.0395, mse: 0.407953, wmse: 5.167099, mae: 0.460663
3109,	Iter: 3109, train loss: 2.7739, avg nll: 0.7235, avg wnll: 6.1182, avg kl: 0.0394, mse: 0.405491, wmse: 5.134331, mae: 0.459211
3110,	Iter: 3110, train loss: 2.7995, avg nll: 0.7361, avg wnll: 6.1815, avg kl: 0.0410, mse: 0.407864, wmse: 5.154458, mae: 0.460725
nll: 10.1429, mse: 0.5487, mae: 0.5321, mean_mse: 7.0444, mean_mae: 0.5321
1679280651.9337575
3111,	Iter: 3111, train loss: 2.7993, avg nll: 0.7422, avg wnll: 6.2139, avg kl: 0.0397, mse: 0.406720, wmse: 5.132656, mae: 0.460256
3112,	Iter: 3112, train loss: 2.7812, avg nll: 0.7316, avg wnll: 6.1026, avg kl: 0.0409, mse: 0.405029, wmse: 5.133110, mae: 0.459750
3113,	Iter: 3113, train loss: 2.7965, avg nll: 0.7341, avg wnll: 6.1455, avg kl: 0.0390, mse: 0.407758, wmse: 5.153121, mae: 0.461128
3114,	Iter: 3114, train loss: 2.8030, avg nll: 0.7361, avg wnll: 6.1930, avg kl: 0.0397, mse: 0.408541, wmse: 5.175066, mae: 0.461295
3115,	Iter: 3115, train loss: 2.7979, avg nll: 0.7332, avg wnll: 6.1847, avg kl: 0.0387, mse: 0.408190, wmse: 5.157253, mae: 0.460789
3116,	Iter: 3116, train loss: 2.8092, avg nll: 0.7419, avg wnll: 6.2472, avg kl: 0.0388, mse: 0.408653, wmse: 5.166605, mae: 0.461716
3117,	Iter: 3117, train loss: 2.7970, avg nll: 0.7341, avg wnll: 6.0935, avg kl: 0.0396, mse: 0.407628, wmse: 5.172156, mae: 0.460316
3118,	Iter: 3118, train loss: 2.7940, avg nll: 0.7295, avg wnll: 6.1842, avg kl: 0.0390, mse: 0.407979, wmse: 5.167616, mae: 0.460692
3119,	Iter: 3119, train loss: 2.7757, avg nll: 0.7233, avg wnll: 6.1229, avg kl: 0.0389, mse: 0.405542, wmse: 5.135246, mae: 0.459253
3120,	Iter: 3120, train loss: 2.8012, avg nll: 0.7359, avg wnll: 6.1850, avg kl: 0.0404, mse: 0.407896, wmse: 5.154882, mae: 0.460756
nll: 10.4679, mse: 0.5487, mae: 0.5321, mean_mse: 7.0441, mean_mae: 0.5321
1679281513.0114136
saving.................
done
3121,	Iter: 3121, train loss: 2.8010, avg nll: 0.7420, avg wnll: 6.2242, avg kl: 0.0392, mse: 0.406734, wmse: 5.133224, mae: 0.460285
3122,	Iter: 3122, train loss: 2.7829, avg nll: 0.7313, avg wnll: 6.1055, avg kl: 0.0404, mse: 0.405064, wmse: 5.133676, mae: 0.459775
3123,	Iter: 3123, train loss: 2.7978, avg nll: 0.7338, avg wnll: 6.1520, avg kl: 0.0385, mse: 0.407749, wmse: 5.153073, mae: 0.461124
3124,	Iter: 3124, train loss: 2.8049, avg nll: 0.7360, avg wnll: 6.2051, avg kl: 0.0393, mse: 0.408582, wmse: 5.175655, mae: 0.461324
3125,	Iter: 3125, train loss: 2.7998, avg nll: 0.7331, avg wnll: 6.1902, avg kl: 0.0383, mse: 0.408237, wmse: 5.158289, mae: 0.460829
3126,	Iter: 3126, train loss: 2.8114, avg nll: 0.7420, avg wnll: 6.2621, avg kl: 0.0385, mse: 0.408693, wmse: 5.167212, mae: 0.461758
3127,	Iter: 3127, train loss: 2.7990, avg nll: 0.7342, avg wnll: 6.0915, avg kl: 0.0391, mse: 0.407665, wmse: 5.172900, mae: 0.460355
3128,	Iter: 3128, train loss: 2.7958, avg nll: 0.7294, avg wnll: 6.1835, avg kl: 0.0386, mse: 0.408016, wmse: 5.168251, mae: 0.460720
3129,	Iter: 3129, train loss: 2.7774, avg nll: 0.7231, avg wnll: 6.1235, avg kl: 0.0385, mse: 0.405567, wmse: 5.136045, mae: 0.459282
3130,	Iter: 3130, train loss: 2.8033, avg nll: 0.7359, avg wnll: 6.1938, avg kl: 0.0400, mse: 0.407931, wmse: 5.155555, mae: 0.460791
nll: 10.7925, mse: 0.5487, mae: 0.5321, mean_mse: 7.0448, mean_mae: 0.5321
1679282410.8855915
3131,	Iter: 3131, train loss: 2.8033, avg nll: 0.7422, avg wnll: 6.2294, avg kl: 0.0388, mse: 0.406786, wmse: 5.133892, mae: 0.460321
3132,	Iter: 3132, train loss: 2.7849, avg nll: 0.7312, avg wnll: 6.0991, avg kl: 0.0400, mse: 0.405114, wmse: 5.134715, mae: 0.459819
3133,	Iter: 3133, train loss: 2.7997, avg nll: 0.7337, avg wnll: 6.1497, avg kl: 0.0382, mse: 0.407783, wmse: 5.153976, mae: 0.461158
3134,	Iter: 3134, train loss: 2.8065, avg nll: 0.7359, avg wnll: 6.2004, avg kl: 0.0387, mse: 0.408596, wmse: 5.176151, mae: 0.461344
3135,	Iter: 3135, train loss: 2.8015, avg nll: 0.7329, avg wnll: 6.1895, avg kl: 0.0378, mse: 0.408267, wmse: 5.158612, mae: 0.460847
3136,	Iter: 3136, train loss: 2.8130, avg nll: 0.7418, avg wnll: 6.2592, avg kl: 0.0379, mse: 0.408728, wmse: 5.167968, mae: 0.461779
3137,	Iter: 3137, train loss: 2.8006, avg nll: 0.7339, avg wnll: 6.0953, avg kl: 0.0387, mse: 0.407699, wmse: 5.173440, mae: 0.460380
3138,	Iter: 3138, train loss: 2.7974, avg nll: 0.7291, avg wnll: 6.1834, avg kl: 0.0382, mse: 0.408030, wmse: 5.168654, mae: 0.460734
3139,	Iter: 3139, train loss: 2.7791, avg nll: 0.7229, avg wnll: 6.1224, avg kl: 0.0381, mse: 0.405597, wmse: 5.136476, mae: 0.459303
3140,	Iter: 3140, train loss: 2.8051, avg nll: 0.7358, avg wnll: 6.1959, avg kl: 0.0395, mse: 0.407960, wmse: 5.156201, mae: 0.460820
nll: 10.6979, mse: 0.5487, mae: 0.5321, mean_mse: 7.0438, mean_mae: 0.5321
1679283292.6146743
3141,	Iter: 3141, train loss: 2.8046, avg nll: 0.7419, avg wnll: 6.2328, avg kl: 0.0383, mse: 0.406786, wmse: 5.134040, mae: 0.460338
3142,	Iter: 3142, train loss: 2.7866, avg nll: 0.7310, avg wnll: 6.1008, avg kl: 0.0395, mse: 0.405135, wmse: 5.134836, mae: 0.459829
3143,	Iter: 3143, train loss: 2.8012, avg nll: 0.7335, avg wnll: 6.1558, avg kl: 0.0376, mse: 0.407806, wmse: 5.154082, mae: 0.461168
3144,	Iter: 3144, train loss: 2.8086, avg nll: 0.7359, avg wnll: 6.2116, avg kl: 0.0383, mse: 0.408642, wmse: 5.176768, mae: 0.461380
3145,	Iter: 3145, train loss: 2.8031, avg nll: 0.7328, avg wnll: 6.1896, avg kl: 0.0373, mse: 0.408289, wmse: 5.159371, mae: 0.460879
3146,	Iter: 3146, train loss: 2.8152, avg nll: 0.7421, avg wnll: 6.2729, avg kl: 0.0376, mse: 0.408762, wmse: 5.168499, mae: 0.461823
3147,	Iter: 3147, train loss: 2.8023, avg nll: 0.7337, avg wnll: 6.0872, avg kl: 0.0382, mse: 0.407731, wmse: 5.174201, mae: 0.460407
3148,	Iter: 3148, train loss: 2.7992, avg nll: 0.7291, avg wnll: 6.1854, avg kl: 0.0376, mse: 0.408074, wmse: 5.169194, mae: 0.460775
3149,	Iter: 3149, train loss: 2.7806, avg nll: 0.7226, avg wnll: 6.1226, avg kl: 0.0377, mse: 0.405598, wmse: 5.136676, mae: 0.459314
3150,	Iter: 3150, train loss: 2.8067, avg nll: 0.7355, avg wnll: 6.1936, avg kl: 0.0391, mse: 0.407970, wmse: 5.156328, mae: 0.460821
nll: 11.0726, mse: 0.5487, mae: 0.5321, mean_mse: 7.0440, mean_mae: 0.5321
1679284187.1032453
saving.................
done
3151,	Iter: 3151, train loss: 2.8069, avg nll: 0.7421, avg wnll: 6.2385, avg kl: 0.0379, mse: 0.406859, wmse: 5.135338, mae: 0.460392
3152,	Iter: 3152, train loss: 2.7884, avg nll: 0.7309, avg wnll: 6.0961, avg kl: 0.0391, mse: 0.405175, wmse: 5.135785, mae: 0.459864
3153,	Iter: 3153, train loss: 2.8029, avg nll: 0.7334, avg wnll: 6.1535, avg kl: 0.0373, mse: 0.407808, wmse: 5.154649, mae: 0.461185
3154,	Iter: 3154, train loss: 2.8103, avg nll: 0.7359, avg wnll: 6.2065, avg kl: 0.0379, mse: 0.408670, wmse: 5.177313, mae: 0.461405
3155,	Iter: 3155, train loss: 2.8050, avg nll: 0.7327, avg wnll: 6.1901, avg kl: 0.0370, mse: 0.408337, wmse: 5.159986, mae: 0.460909
3156,	Iter: 3156, train loss: 2.8168, avg nll: 0.7419, avg wnll: 6.2680, avg kl: 0.0370, mse: 0.408823, wmse: 5.169346, mae: 0.461861
3157,	Iter: 3157, train loss: 2.8040, avg nll: 0.7336, avg wnll: 6.0936, avg kl: 0.0378, mse: 0.407766, wmse: 5.174715, mae: 0.460439
3158,	Iter: 3158, train loss: 2.8007, avg nll: 0.7289, avg wnll: 6.1831, avg kl: 0.0372, mse: 0.408087, wmse: 5.169727, mae: 0.460787
3159,	Iter: 3159, train loss: 2.7821, avg nll: 0.7223, avg wnll: 6.1216, avg kl: 0.0372, mse: 0.405642, wmse: 5.137471, mae: 0.459344
3160,	Iter: 3160, train loss: 2.8085, avg nll: 0.7355, avg wnll: 6.2009, avg kl: 0.0386, mse: 0.408018, wmse: 5.157441, mae: 0.460863
nll: 11.0542, mse: 0.5487, mae: 0.5321, mean_mse: 7.0433, mean_mae: 0.5321
1679285073.7601342
3161,	Iter: 3161, train loss: 2.8082, avg nll: 0.7419, avg wnll: 6.2438, avg kl: 0.0375, mse: 0.406839, wmse: 5.134970, mae: 0.460376
3162,	Iter: 3162, train loss: 2.7900, avg nll: 0.7306, avg wnll: 6.0942, avg kl: 0.0386, mse: 0.405211, wmse: 5.136055, mae: 0.459888
3163,	Iter: 3163, train loss: 2.8044, avg nll: 0.7331, avg wnll: 6.1580, avg kl: 0.0368, mse: 0.407852, wmse: 5.155091, mae: 0.461209
3164,	Iter: 3164, train loss: 2.8120, avg nll: 0.7357, avg wnll: 6.2144, avg kl: 0.0375, mse: 0.408698, wmse: 5.177767, mae: 0.461425
3165,	Iter: 3165, train loss: 2.8064, avg nll: 0.7325, avg wnll: 6.1885, avg kl: 0.0365, mse: 0.408358, wmse: 5.160674, mae: 0.460934
3166,	Iter: 3166, train loss: 2.8187, avg nll: 0.7420, avg wnll: 6.2737, avg kl: 0.0367, mse: 0.408835, wmse: 5.169800, mae: 0.461882
3167,	Iter: 3167, train loss: 2.8056, avg nll: 0.7334, avg wnll: 6.0859, avg kl: 0.0373, mse: 0.407803, wmse: 5.175426, mae: 0.460469
3168,	Iter: 3168, train loss: 2.8025, avg nll: 0.7288, avg wnll: 6.1843, avg kl: 0.0368, mse: 0.408141, wmse: 5.170382, mae: 0.460832
3169,	Iter: 3169, train loss: 2.7838, avg nll: 0.7221, avg wnll: 6.1167, avg kl: 0.0368, mse: 0.405681, wmse: 5.138073, mae: 0.459377
3170,	Iter: 3170, train loss: 2.8101, avg nll: 0.7354, avg wnll: 6.1985, avg kl: 0.0382, mse: 0.408029, wmse: 5.157404, mae: 0.460868
nll: 11.2810, mse: 0.5487, mae: 0.5321, mean_mse: 7.0434, mean_mae: 0.5321
1679285957.8419166
3171,	Iter: 3171, train loss: 2.8105, avg nll: 0.7421, avg wnll: 6.2470, avg kl: 0.0369, mse: 0.406948, wmse: 5.137027, mae: 0.460476
3172,	Iter: 3172, train loss: 2.7918, avg nll: 0.7306, avg wnll: 6.0892, avg kl: 0.0382, mse: 0.405244, wmse: 5.136899, mae: 0.459915
3173,	Iter: 3173, train loss: 2.8058, avg nll: 0.7330, avg wnll: 6.1521, avg kl: 0.0364, mse: 0.407850, wmse: 5.155468, mae: 0.461221
3174,	Iter: 3174, train loss: 2.8137, avg nll: 0.7357, avg wnll: 6.2093, avg kl: 0.0370, mse: 0.408740, wmse: 5.178438, mae: 0.461457
3175,	Iter: 3175, train loss: 2.8083, avg nll: 0.7325, avg wnll: 6.1925, avg kl: 0.0361, mse: 0.408411, wmse: 5.161540, mae: 0.460966
3176,	Iter: 3176, train loss: 2.8203, avg nll: 0.7419, avg wnll: 6.2724, avg kl: 0.0361, mse: 0.408908, wmse: 5.170761, mae: 0.461937
3177,	Iter: 3177, train loss: 2.8076, avg nll: 0.7335, avg wnll: 6.0943, avg kl: 0.0369, mse: 0.407849, wmse: 5.176306, mae: 0.460511
3178,	Iter: 3178, train loss: 2.8041, avg nll: 0.7287, avg wnll: 6.1829, avg kl: 0.0364, mse: 0.408169, wmse: 5.171108, mae: 0.460850
3179,	Iter: 3179, train loss: 2.7853, avg nll: 0.7220, avg wnll: 6.1220, avg kl: 0.0364, mse: 0.405716, wmse: 5.138825, mae: 0.459402
3180,	Iter: 3180, train loss: 2.8120, avg nll: 0.7354, avg wnll: 6.2052, avg kl: 0.0377, mse: 0.408087, wmse: 5.158651, mae: 0.460913
nll: 11.3368, mse: 0.5487, mae: 0.5321, mean_mse: 7.0428, mean_mae: 0.5321
1679286834.9551241
saving.................
done
3181,	Iter: 3181, train loss: 2.8120, avg nll: 0.7420, avg wnll: 6.2585, avg kl: 0.0367, mse: 0.406921, wmse: 5.136315, mae: 0.460441
3182,	Iter: 3182, train loss: 2.7936, avg nll: 0.7304, avg wnll: 6.0905, avg kl: 0.0377, mse: 0.405309, wmse: 5.137720, mae: 0.459962
3183,	Iter: 3183, train loss: 2.8074, avg nll: 0.7328, avg wnll: 6.1578, avg kl: 0.0359, mse: 0.407889, wmse: 5.156045, mae: 0.461244
3184,	Iter: 3184, train loss: 2.8153, avg nll: 0.7355, avg wnll: 6.2174, avg kl: 0.0367, mse: 0.408765, wmse: 5.178872, mae: 0.461476
3185,	Iter: 3185, train loss: 2.8097, avg nll: 0.7323, avg wnll: 6.1906, avg kl: 0.0356, mse: 0.408439, wmse: 5.162085, mae: 0.460996
3186,	Iter: 3186, train loss: 2.8220, avg nll: 0.7418, avg wnll: 6.2762, avg kl: 0.0359, mse: 0.408908, wmse: 5.171124, mae: 0.461939
3187,	Iter: 3187, train loss: 2.8091, avg nll: 0.7334, avg wnll: 6.0877, avg kl: 0.0364, mse: 0.407875, wmse: 5.176717, mae: 0.460531
3188,	Iter: 3188, train loss: 2.8057, avg nll: 0.7286, avg wnll: 6.1844, avg kl: 0.0360, mse: 0.408225, wmse: 5.171757, mae: 0.460898
3189,	Iter: 3189, train loss: 2.7866, avg nll: 0.7219, avg wnll: 6.1129, avg kl: 0.0360, mse: 0.405755, wmse: 5.139397, mae: 0.459438
3190,	Iter: 3190, train loss: 2.8131, avg nll: 0.7352, avg wnll: 6.2004, avg kl: 0.0374, mse: 0.408098, wmse: 5.158698, mae: 0.460922
nll: 11.5579, mse: 0.5487, mae: 0.5320, mean_mse: 7.0429, mean_mae: 0.5320
1679287731.3432825
3191,	Iter: 3191, train loss: 2.8132, avg nll: 0.7420, avg wnll: 6.2498, avg kl: 0.0361, mse: 0.407029, wmse: 5.138261, mae: 0.460543
3192,	Iter: 3192, train loss: 2.7943, avg nll: 0.7303, avg wnll: 6.0846, avg kl: 0.0374, mse: 0.405327, wmse: 5.138219, mae: 0.459978
3193,	Iter: 3193, train loss: 2.8078, avg nll: 0.7327, avg wnll: 6.1522, avg kl: 0.0356, mse: 0.407898, wmse: 5.156368, mae: 0.461259
3194,	Iter: 3194, train loss: 2.8156, avg nll: 0.7353, avg wnll: 6.2115, avg kl: 0.0363, mse: 0.408794, wmse: 5.179525, mae: 0.461500
3195,	Iter: 3195, train loss: 2.8101, avg nll: 0.7323, avg wnll: 6.1946, avg kl: 0.0354, mse: 0.408491, wmse: 5.162958, mae: 0.461023
3196,	Iter: 3196, train loss: 2.8220, avg nll: 0.7417, avg wnll: 6.2758, avg kl: 0.0354, mse: 0.408983, wmse: 5.172082, mae: 0.461999
3197,	Iter: 3197, train loss: 2.8092, avg nll: 0.7334, avg wnll: 6.0965, avg kl: 0.0362, mse: 0.407928, wmse: 5.177732, mae: 0.460573
3198,	Iter: 3198, train loss: 2.8053, avg nll: 0.7285, avg wnll: 6.1839, avg kl: 0.0357, mse: 0.408237, wmse: 5.172184, mae: 0.460905
3199,	Iter: 3199, train loss: 2.7864, avg nll: 0.7217, avg wnll: 6.1221, avg kl: 0.0357, mse: 0.405783, wmse: 5.139985, mae: 0.459456
3200,	Iter: 3200, train loss: 2.8130, avg nll: 0.7352, avg wnll: 6.2077, avg kl: 0.0371, mse: 0.408133, wmse: 5.159495, mae: 0.460948
nll: 11.5027, mse: 0.5486, mae: 0.5321, mean_mse: 7.0426, mean_mae: 0.5321
1679288608.669951
3201,	Iter: 3201, train loss: 2.8126, avg nll: 0.7417, avg wnll: 6.2574, avg kl: 0.0361, mse: 0.406976, wmse: 5.137308, mae: 0.460489
3202,	Iter: 3202, train loss: 2.7941, avg nll: 0.7301, avg wnll: 6.0902, avg kl: 0.0371, mse: 0.405363, wmse: 5.138664, mae: 0.460000
3203,	Iter: 3203, train loss: 2.8074, avg nll: 0.7324, avg wnll: 6.1566, avg kl: 0.0354, mse: 0.407919, wmse: 5.156753, mae: 0.461273
3204,	Iter: 3204, train loss: 2.8154, avg nll: 0.7352, avg wnll: 6.2177, avg kl: 0.0361, mse: 0.408810, wmse: 5.179661, mae: 0.461510
3205,	Iter: 3205, train loss: 2.8096, avg nll: 0.7320, avg wnll: 6.1907, avg kl: 0.0351, mse: 0.408486, wmse: 5.162947, mae: 0.461032
3206,	Iter: 3206, train loss: 2.8217, avg nll: 0.7415, avg wnll: 6.2801, avg kl: 0.0354, mse: 0.408951, wmse: 5.171861, mae: 0.461975
3207,	Iter: 3207, train loss: 2.8087, avg nll: 0.7331, avg wnll: 6.0911, avg kl: 0.0359, mse: 0.407922, wmse: 5.177511, mae: 0.460565
3208,	Iter: 3208, train loss: 2.8051, avg nll: 0.7283, avg wnll: 6.1847, avg kl: 0.0355, mse: 0.408269, wmse: 5.172606, mae: 0.460932
3209,	Iter: 3209, train loss: 2.7861, avg nll: 0.7216, avg wnll: 6.1147, avg kl: 0.0355, mse: 0.405791, wmse: 5.140109, mae: 0.459469
3210,	Iter: 3210, train loss: 2.8127, avg nll: 0.7351, avg wnll: 6.2058, avg kl: 0.0369, mse: 0.408147, wmse: 5.159550, mae: 0.460958
nll: 11.8198, mse: 0.5486, mae: 0.5320, mean_mse: 7.0425, mean_mae: 0.5320
1679289482.8171008
saving.................
done
3211,	Iter: 3211, train loss: 2.8127, avg nll: 0.7416, avg wnll: 6.2514, avg kl: 0.0357, mse: 0.407078, wmse: 5.139045, mae: 0.460582
3212,	Iter: 3212, train loss: 2.7939, avg nll: 0.7301, avg wnll: 6.0847, avg kl: 0.0369, mse: 0.405372, wmse: 5.139018, mae: 0.460011
3213,	Iter: 3213, train loss: 2.8069, avg nll: 0.7322, avg wnll: 6.1518, avg kl: 0.0352, mse: 0.407908, wmse: 5.156705, mae: 0.461267
3214,	Iter: 3214, train loss: 2.8153, avg nll: 0.7352, avg wnll: 6.2158, avg kl: 0.0359, mse: 0.408838, wmse: 5.180128, mae: 0.461534
3215,	Iter: 3215, train loss: 2.8097, avg nll: 0.7320, avg wnll: 6.1922, avg kl: 0.0350, mse: 0.408539, wmse: 5.163792, mae: 0.461058
3216,	Iter: 3216, train loss: 2.8217, avg nll: 0.7416, avg wnll: 6.2818, avg kl: 0.0350, mse: 0.409032, wmse: 5.172954, mae: 0.462037
3217,	Iter: 3217, train loss: 2.8088, avg nll: 0.7332, avg wnll: 6.0979, avg kl: 0.0358, mse: 0.407978, wmse: 5.178663, mae: 0.460611
3218,	Iter: 3218, train loss: 2.8049, avg nll: 0.7282, avg wnll: 6.1841, avg kl: 0.0353, mse: 0.408278, wmse: 5.172721, mae: 0.460937
3219,	Iter: 3219, train loss: 2.7860, avg nll: 0.7215, avg wnll: 6.1216, avg kl: 0.0354, mse: 0.405824, wmse: 5.140703, mae: 0.459484
3220,	Iter: 3220, train loss: 2.8124, avg nll: 0.7349, avg wnll: 6.2078, avg kl: 0.0367, mse: 0.408168, wmse: 5.160060, mae: 0.460971
nll: 11.8108, mse: 0.5487, mae: 0.5321, mean_mse: 7.0425, mean_mae: 0.5321
1679290366.6143544
3221,	Iter: 3221, train loss: 2.8121, avg nll: 0.7413, avg wnll: 6.2573, avg kl: 0.0357, mse: 0.407002, wmse: 5.137758, mae: 0.460510
3222,	Iter: 3222, train loss: 2.7936, avg nll: 0.7299, avg wnll: 6.0883, avg kl: 0.0368, mse: 0.405380, wmse: 5.138971, mae: 0.460016
3223,	Iter: 3223, train loss: 2.8070, avg nll: 0.7322, avg wnll: 6.1604, avg kl: 0.0351, mse: 0.407940, wmse: 5.157205, mae: 0.461294
3224,	Iter: 3224, train loss: 2.8154, avg nll: 0.7353, avg wnll: 6.2219, avg kl: 0.0358, mse: 0.408866, wmse: 5.180633, mae: 0.461553
3225,	Iter: 3225, train loss: 2.8091, avg nll: 0.7317, avg wnll: 6.1880, avg kl: 0.0348, mse: 0.408514, wmse: 5.163466, mae: 0.461056
3226,	Iter: 3226, train loss: 2.8213, avg nll: 0.7413, avg wnll: 6.2837, avg kl: 0.0351, mse: 0.408983, wmse: 5.172435, mae: 0.462004
3227,	Iter: 3227, train loss: 2.8084, avg nll: 0.7330, avg wnll: 6.0926, avg kl: 0.0356, mse: 0.407960, wmse: 5.178144, mae: 0.460595
3228,	Iter: 3228, train loss: 2.8048, avg nll: 0.7281, avg wnll: 6.1859, avg kl: 0.0352, mse: 0.408306, wmse: 5.173198, mae: 0.460957
3229,	Iter: 3229, train loss: 2.7857, avg nll: 0.7214, avg wnll: 6.1145, avg kl: 0.0353, mse: 0.405815, wmse: 5.140526, mae: 0.459489
3230,	Iter: 3230, train loss: 2.8121, avg nll: 0.7347, avg wnll: 6.2046, avg kl: 0.0366, mse: 0.408165, wmse: 5.159912, mae: 0.460974
nll: 11.9423, mse: 0.5486, mae: 0.5320, mean_mse: 7.0422, mean_mae: 0.5320
1679291234.1776278
3231,	Iter: 3231, train loss: 2.8122, avg nll: 0.7413, avg wnll: 6.2534, avg kl: 0.0354, mse: 0.407102, wmse: 5.139445, mae: 0.460601
3232,	Iter: 3232, train loss: 2.7935, avg nll: 0.7299, avg wnll: 6.0838, avg kl: 0.0366, mse: 0.405399, wmse: 5.139473, mae: 0.460035
3233,	Iter: 3233, train loss: 2.8065, avg nll: 0.7320, avg wnll: 6.1558, avg kl: 0.0349, mse: 0.407917, wmse: 5.156961, mae: 0.461274
3234,	Iter: 3234, train loss: 2.8151, avg nll: 0.7351, avg wnll: 6.2207, avg kl: 0.0356, mse: 0.408871, wmse: 5.180589, mae: 0.461558
3235,	Iter: 3235, train loss: 2.8093, avg nll: 0.7318, avg wnll: 6.1950, avg kl: 0.0347, mse: 0.408560, wmse: 5.164317, mae: 0.461075
3236,	Iter: 3236, train loss: 2.8215, avg nll: 0.7414, avg wnll: 6.2830, avg kl: 0.0347, mse: 0.409066, wmse: 5.173505, mae: 0.462061
3237,	Iter: 3237, train loss: 2.8086, avg nll: 0.7330, avg wnll: 6.0973, avg kl: 0.0355, mse: 0.408006, wmse: 5.179276, mae: 0.460633
3238,	Iter: 3238, train loss: 2.8045, avg nll: 0.7280, avg wnll: 6.1834, avg kl: 0.0350, mse: 0.408300, wmse: 5.173061, mae: 0.460952
3239,	Iter: 3239, train loss: 2.7856, avg nll: 0.7213, avg wnll: 6.1190, avg kl: 0.0352, mse: 0.405843, wmse: 5.141137, mae: 0.459497
3240,	Iter: 3240, train loss: 2.8119, avg nll: 0.7346, avg wnll: 6.2070, avg kl: 0.0364, mse: 0.408192, wmse: 5.160476, mae: 0.460989
nll: 12.1876, mse: 0.5487, mae: 0.5321, mean_mse: 7.0426, mean_mae: 0.5321
1679292111.988841
saving.................
done
3241,	Iter: 3241, train loss: 2.8116, avg nll: 0.7410, avg wnll: 6.2583, avg kl: 0.0355, mse: 0.407021, wmse: 5.138077, mae: 0.460526
3242,	Iter: 3242, train loss: 2.7931, avg nll: 0.7296, avg wnll: 6.0879, avg kl: 0.0365, mse: 0.405392, wmse: 5.139241, mae: 0.460027
3243,	Iter: 3243, train loss: 2.8066, avg nll: 0.7320, avg wnll: 6.1616, avg kl: 0.0349, mse: 0.407942, wmse: 5.157389, mae: 0.461296
3244,	Iter: 3244, train loss: 2.8150, avg nll: 0.7350, avg wnll: 6.2205, avg kl: 0.0356, mse: 0.408861, wmse: 5.180659, mae: 0.461547
3245,	Iter: 3245, train loss: 2.8089, avg nll: 0.7316, avg wnll: 6.1871, avg kl: 0.0345, mse: 0.408559, wmse: 5.164141, mae: 0.461087
3246,	Iter: 3246, train loss: 2.8212, avg nll: 0.7412, avg wnll: 6.2863, avg kl: 0.0348, mse: 0.409029, wmse: 5.173242, mae: 0.462043
3247,	Iter: 3247, train loss: 2.8080, avg nll: 0.7327, avg wnll: 6.0920, avg kl: 0.0353, mse: 0.407978, wmse: 5.178463, mae: 0.460611
3248,	Iter: 3248, train loss: 2.8045, avg nll: 0.7279, avg wnll: 6.1865, avg kl: 0.0350, mse: 0.408336, wmse: 5.173625, mae: 0.460980
3249,	Iter: 3249, train loss: 2.7855, avg nll: 0.7212, avg wnll: 6.1132, avg kl: 0.0351, mse: 0.405832, wmse: 5.140833, mae: 0.459499
3250,	Iter: 3250, train loss: 2.8115, avg nll: 0.7343, avg wnll: 6.2047, avg kl: 0.0364, mse: 0.408177, wmse: 5.160256, mae: 0.460988
nll: 12.4062, mse: 0.5487, mae: 0.5320, mean_mse: 7.0427, mean_mae: 0.5320
1679292981.1704721
3251,	Iter: 3251, train loss: 2.8116, avg nll: 0.7409, avg wnll: 6.2573, avg kl: 0.0352, mse: 0.407100, wmse: 5.139519, mae: 0.460603
3252,	Iter: 3252, train loss: 2.7930, avg nll: 0.7296, avg wnll: 6.0831, avg kl: 0.0363, mse: 0.405412, wmse: 5.139652, mae: 0.460047
3253,	Iter: 3253, train loss: 2.8060, avg nll: 0.7317, avg wnll: 6.1544, avg kl: 0.0347, mse: 0.407926, wmse: 5.157166, mae: 0.461283
3254,	Iter: 3254, train loss: 2.8147, avg nll: 0.7348, avg wnll: 6.2224, avg kl: 0.0355, mse: 0.408878, wmse: 5.180738, mae: 0.461561
3255,	Iter: 3255, train loss: 2.8089, avg nll: 0.7315, avg wnll: 6.1916, avg kl: 0.0346, mse: 0.408568, wmse: 5.164561, mae: 0.461078
3256,	Iter: 3256, train loss: 2.8212, avg nll: 0.7412, avg wnll: 6.2875, avg kl: 0.0346, mse: 0.409087, wmse: 5.173864, mae: 0.462081
3257,	Iter: 3257, train loss: 2.8083, avg nll: 0.7328, avg wnll: 6.0973, avg kl: 0.0354, mse: 0.408024, wmse: 5.179556, mae: 0.460648
3258,	Iter: 3258, train loss: 2.8043, avg nll: 0.7278, avg wnll: 6.1803, avg kl: 0.0348, mse: 0.408331, wmse: 5.173575, mae: 0.460975
3259,	Iter: 3259, train loss: 2.7853, avg nll: 0.7210, avg wnll: 6.1146, avg kl: 0.0349, mse: 0.405867, wmse: 5.141505, mae: 0.459509
3260,	Iter: 3260, train loss: 2.8116, avg nll: 0.7343, avg wnll: 6.2089, avg kl: 0.0361, mse: 0.408242, wmse: 5.161240, mae: 0.461028
nll: 12.6325, mse: 0.5487, mae: 0.5321, mean_mse: 7.0436, mean_mae: 0.5321
1679293860.8241792
3261,	Iter: 3261, train loss: 2.8111, avg nll: 0.7407, avg wnll: 6.2622, avg kl: 0.0353, mse: 0.407030, wmse: 5.138280, mae: 0.460541
3262,	Iter: 3262, train loss: 2.7926, avg nll: 0.7294, avg wnll: 6.0861, avg kl: 0.0363, mse: 0.405387, wmse: 5.139226, mae: 0.460028
3263,	Iter: 3263, train loss: 2.8060, avg nll: 0.7316, avg wnll: 6.1577, avg kl: 0.0347, mse: 0.407941, wmse: 5.157472, mae: 0.461296
3264,	Iter: 3264, train loss: 2.8148, avg nll: 0.7349, avg wnll: 6.2241, avg kl: 0.0354, mse: 0.408906, wmse: 5.181394, mae: 0.461579
3265,	Iter: 3265, train loss: 2.8087, avg nll: 0.7314, avg wnll: 6.1879, avg kl: 0.0343, mse: 0.408587, wmse: 5.164643, mae: 0.461108
3266,	Iter: 3266, train loss: 2.8209, avg nll: 0.7411, avg wnll: 6.2924, avg kl: 0.0347, mse: 0.409035, wmse: 5.173512, mae: 0.462051
3267,	Iter: 3267, train loss: 2.8077, avg nll: 0.7325, avg wnll: 6.0938, avg kl: 0.0352, mse: 0.407999, wmse: 5.178907, mae: 0.460628
3268,	Iter: 3268, train loss: 2.8041, avg nll: 0.7276, avg wnll: 6.1866, avg kl: 0.0348, mse: 0.408354, wmse: 5.173910, mae: 0.460993
3269,	Iter: 3269, train loss: 2.7851, avg nll: 0.7209, avg wnll: 6.1088, avg kl: 0.0348, mse: 0.405862, wmse: 5.141371, mae: 0.459517
3270,	Iter: 3270, train loss: 2.8112, avg nll: 0.7341, avg wnll: 6.2049, avg kl: 0.0360, mse: 0.408204, wmse: 5.160660, mae: 0.461005
nll: 12.7258, mse: 0.5487, mae: 0.5320, mean_mse: 7.0428, mean_mae: 0.5320
1679294744.7714188
saving.................
done
3271,	Iter: 3271, train loss: 2.8113, avg nll: 0.7407, avg wnll: 6.2623, avg kl: 0.0351, mse: 0.407106, wmse: 5.139639, mae: 0.460609
3272,	Iter: 3272, train loss: 2.7927, avg nll: 0.7293, avg wnll: 6.0860, avg kl: 0.0363, mse: 0.405411, wmse: 5.139775, mae: 0.460052
3273,	Iter: 3273, train loss: 2.8056, avg nll: 0.7315, avg wnll: 6.1549, avg kl: 0.0345, mse: 0.407927, wmse: 5.157211, mae: 0.461285
3274,	Iter: 3274, train loss: 2.8144, avg nll: 0.7346, avg wnll: 6.2248, avg kl: 0.0354, mse: 0.408889, wmse: 5.180993, mae: 0.461569
3275,	Iter: 3275, train loss: 2.8086, avg nll: 0.7313, avg wnll: 6.1944, avg kl: 0.0345, mse: 0.408579, wmse: 5.164865, mae: 0.461085
3276,	Iter: 3276, train loss: 2.8210, avg nll: 0.7410, avg wnll: 6.2886, avg kl: 0.0345, mse: 0.409092, wmse: 5.173917, mae: 0.462085
3277,	Iter: 3277, train loss: 2.8080, avg nll: 0.7325, avg wnll: 6.0979, avg kl: 0.0353, mse: 0.408036, wmse: 5.179781, mae: 0.460655
3278,	Iter: 3278, train loss: 2.8039, avg nll: 0.7275, avg wnll: 6.1793, avg kl: 0.0347, mse: 0.408337, wmse: 5.173689, mae: 0.460981
3279,	Iter: 3279, train loss: 2.7849, avg nll: 0.7207, avg wnll: 6.1103, avg kl: 0.0348, mse: 0.405875, wmse: 5.141636, mae: 0.459511
3280,	Iter: 3280, train loss: 2.8112, avg nll: 0.7340, avg wnll: 6.2073, avg kl: 0.0360, mse: 0.408248, wmse: 5.161366, mae: 0.461032
nll: 12.9158, mse: 0.5487, mae: 0.5321, mean_mse: 7.0435, mean_mae: 0.5321
1679295631.9364634
3281,	Iter: 3281, train loss: 2.8108, avg nll: 0.7405, avg wnll: 6.2641, avg kl: 0.0351, mse: 0.407041, wmse: 5.138348, mae: 0.460554
3282,	Iter: 3282, train loss: 2.7923, avg nll: 0.7291, avg wnll: 6.0840, avg kl: 0.0362, mse: 0.405392, wmse: 5.139237, mae: 0.460033
3283,	Iter: 3283, train loss: 2.8056, avg nll: 0.7314, avg wnll: 6.1568, avg kl: 0.0345, mse: 0.407941, wmse: 5.157523, mae: 0.461297
3284,	Iter: 3284, train loss: 2.8142, avg nll: 0.7344, avg wnll: 6.2251, avg kl: 0.0353, mse: 0.408896, wmse: 5.181259, mae: 0.461570
3285,	Iter: 3285, train loss: 2.8083, avg nll: 0.7312, avg wnll: 6.1897, avg kl: 0.0342, mse: 0.408593, wmse: 5.164834, mae: 0.461111
3286,	Iter: 3286, train loss: 2.8206, avg nll: 0.7408, avg wnll: 6.2941, avg kl: 0.0346, mse: 0.409041, wmse: 5.173721, mae: 0.462057
3287,	Iter: 3287, train loss: 2.8074, avg nll: 0.7323, avg wnll: 6.0950, avg kl: 0.0350, mse: 0.408012, wmse: 5.179204, mae: 0.460637
3288,	Iter: 3288, train loss: 2.8038, avg nll: 0.7273, avg wnll: 6.1869, avg kl: 0.0346, mse: 0.408363, wmse: 5.174056, mae: 0.461000
3289,	Iter: 3289, train loss: 2.7847, avg nll: 0.7206, avg wnll: 6.1077, avg kl: 0.0347, mse: 0.405869, wmse: 5.141507, mae: 0.459518
3290,	Iter: 3290, train loss: 2.8109, avg nll: 0.7338, avg wnll: 6.2063, avg kl: 0.0359, mse: 0.408218, wmse: 5.160905, mae: 0.461015
nll: 12.9860, mse: 0.5487, mae: 0.5320, mean_mse: 7.0427, mean_mae: 0.5320
1679296508.147584
3291,	Iter: 3291, train loss: 2.8111, avg nll: 0.7406, avg wnll: 6.2649, avg kl: 0.0349, mse: 0.407123, wmse: 5.139808, mae: 0.460622
3292,	Iter: 3292, train loss: 2.7923, avg nll: 0.7291, avg wnll: 6.0838, avg kl: 0.0362, mse: 0.405423, wmse: 5.140024, mae: 0.460061
3293,	Iter: 3293, train loss: 2.8052, avg nll: 0.7312, avg wnll: 6.1542, avg kl: 0.0344, mse: 0.407927, wmse: 5.157196, mae: 0.461287
3294,	Iter: 3294, train loss: 2.8139, avg nll: 0.7342, avg wnll: 6.2234, avg kl: 0.0353, mse: 0.408887, wmse: 5.180907, mae: 0.461569
3295,	Iter: 3295, train loss: 2.8083, avg nll: 0.7310, avg wnll: 6.1956, avg kl: 0.0343, mse: 0.408590, wmse: 5.164977, mae: 0.461093
3296,	Iter: 3296, train loss: 2.8206, avg nll: 0.7407, avg wnll: 6.2893, avg kl: 0.0344, mse: 0.409105, wmse: 5.174129, mae: 0.462094
3297,	Iter: 3297, train loss: 2.8077, avg nll: 0.7323, avg wnll: 6.0993, avg kl: 0.0352, mse: 0.408047, wmse: 5.179895, mae: 0.460663
3298,	Iter: 3298, train loss: 2.8035, avg nll: 0.7272, avg wnll: 6.1790, avg kl: 0.0346, mse: 0.408347, wmse: 5.173908, mae: 0.460985
3299,	Iter: 3299, train loss: 2.7845, avg nll: 0.7204, avg wnll: 6.1137, avg kl: 0.0347, mse: 0.405878, wmse: 5.141709, mae: 0.459513
3300,	Iter: 3300, train loss: 2.8110, avg nll: 0.7338, avg wnll: 6.2103, avg kl: 0.0359, mse: 0.408259, wmse: 5.161523, mae: 0.461041
nll: 13.2288, mse: 0.5487, mae: 0.5321, mean_mse: 7.0434, mean_mae: 0.5321
1679297402.5418901
saving.................
done
3301,	Iter: 3301, train loss: 2.8106, avg nll: 0.7404, avg wnll: 6.2705, avg kl: 0.0350, mse: 0.407046, wmse: 5.138495, mae: 0.460563
3302,	Iter: 3302, train loss: 2.7920, avg nll: 0.7288, avg wnll: 6.0815, avg kl: 0.0361, mse: 0.405410, wmse: 5.139482, mae: 0.460046
3303,	Iter: 3303, train loss: 2.8052, avg nll: 0.7311, avg wnll: 6.1550, avg kl: 0.0344, mse: 0.407940, wmse: 5.157561, mae: 0.461296
3304,	Iter: 3304, train loss: 2.8139, avg nll: 0.7342, avg wnll: 6.2281, avg kl: 0.0353, mse: 0.408891, wmse: 5.181282, mae: 0.461566
3305,	Iter: 3305, train loss: 2.8079, avg nll: 0.7308, avg wnll: 6.1886, avg kl: 0.0341, mse: 0.408592, wmse: 5.164923, mae: 0.461112
3306,	Iter: 3306, train loss: 2.8203, avg nll: 0.7406, avg wnll: 6.2965, avg kl: 0.0345, mse: 0.409046, wmse: 5.173825, mae: 0.462065
3307,	Iter: 3307, train loss: 2.8071, avg nll: 0.7321, avg wnll: 6.0966, avg kl: 0.0349, mse: 0.408019, wmse: 5.179368, mae: 0.460643
3308,	Iter: 3308, train loss: 2.8034, avg nll: 0.7270, avg wnll: 6.1867, avg kl: 0.0346, mse: 0.408367, wmse: 5.174101, mae: 0.461002
3309,	Iter: 3309, train loss: 2.7844, avg nll: 0.7204, avg wnll: 6.1092, avg kl: 0.0346, mse: 0.405868, wmse: 5.141523, mae: 0.459517
3310,	Iter: 3310, train loss: 2.8106, avg nll: 0.7336, avg wnll: 6.2073, avg kl: 0.0359, mse: 0.408228, wmse: 5.161079, mae: 0.461024
nll: 13.3495, mse: 0.5487, mae: 0.5320, mean_mse: 7.0429, mean_mae: 0.5320
1679298298.2225084
3311,	Iter: 3311, train loss: 2.8109, avg nll: 0.7404, avg wnll: 6.2676, avg kl: 0.0348, mse: 0.407138, wmse: 5.140067, mae: 0.460638
3312,	Iter: 3312, train loss: 2.7919, avg nll: 0.7288, avg wnll: 6.0809, avg kl: 0.0360, mse: 0.405420, wmse: 5.140007, mae: 0.460059
3313,	Iter: 3313, train loss: 2.8048, avg nll: 0.7309, avg wnll: 6.1553, avg kl: 0.0343, mse: 0.407917, wmse: 5.157073, mae: 0.461280
3314,	Iter: 3314, train loss: 2.8136, avg nll: 0.7340, avg wnll: 6.2269, avg kl: 0.0352, mse: 0.408889, wmse: 5.181019, mae: 0.461570
3315,	Iter: 3315, train loss: 2.8079, avg nll: 0.7307, avg wnll: 6.1935, avg kl: 0.0342, mse: 0.408603, wmse: 5.165176, mae: 0.461100
3316,	Iter: 3316, train loss: 2.8205, avg nll: 0.7406, avg wnll: 6.2923, avg kl: 0.0343, mse: 0.409115, wmse: 5.174348, mae: 0.462102
3317,	Iter: 3317, train loss: 2.8074, avg nll: 0.7320, avg wnll: 6.0996, avg kl: 0.0351, mse: 0.408059, wmse: 5.180104, mae: 0.460671
3318,	Iter: 3318, train loss: 2.8032, avg nll: 0.7269, avg wnll: 6.1791, avg kl: 0.0345, mse: 0.408357, wmse: 5.174071, mae: 0.460994
3319,	Iter: 3319, train loss: 2.7843, avg nll: 0.7202, avg wnll: 6.1123, avg kl: 0.0346, mse: 0.405891, wmse: 5.141992, mae: 0.459521
3320,	Iter: 3320, train loss: 2.8107, avg nll: 0.7336, avg wnll: 6.2105, avg kl: 0.0357, mse: 0.408272, wmse: 5.161675, mae: 0.461049
nll: 13.5442, mse: 0.5488, mae: 0.5321, mean_mse: 7.0434, mean_mae: 0.5321
1679299180.7701743
3321,	Iter: 3321, train loss: 2.8104, avg nll: 0.7402, avg wnll: 6.2746, avg kl: 0.0349, mse: 0.407055, wmse: 5.138602, mae: 0.460572
3322,	Iter: 3322, train loss: 2.7916, avg nll: 0.7286, avg wnll: 6.0798, avg kl: 0.0360, mse: 0.405416, wmse: 5.139632, mae: 0.460051
3323,	Iter: 3323, train loss: 2.8049, avg nll: 0.7309, avg wnll: 6.1582, avg kl: 0.0343, mse: 0.407937, wmse: 5.157616, mae: 0.461295
3324,	Iter: 3324, train loss: 2.8136, avg nll: 0.7340, avg wnll: 6.2277, avg kl: 0.0352, mse: 0.408890, wmse: 5.181273, mae: 0.461567
3325,	Iter: 3325, train loss: 2.8075, avg nll: 0.7305, avg wnll: 6.1864, avg kl: 0.0340, mse: 0.408599, wmse: 5.165047, mae: 0.461115
3326,	Iter: 3326, train loss: 2.8201, avg nll: 0.7405, avg wnll: 6.2979, avg kl: 0.0344, mse: 0.409056, wmse: 5.174028, mae: 0.462072
3327,	Iter: 3327, train loss: 2.8069, avg nll: 0.7319, avg wnll: 6.0971, avg kl: 0.0349, mse: 0.408031, wmse: 5.179538, mae: 0.460651
3328,	Iter: 3328, train loss: 2.8031, avg nll: 0.7268, avg wnll: 6.1865, avg kl: 0.0345, mse: 0.408377, wmse: 5.174272, mae: 0.461008
3329,	Iter: 3329, train loss: 2.7841, avg nll: 0.7202, avg wnll: 6.1091, avg kl: 0.0345, mse: 0.405872, wmse: 5.141609, mae: 0.459520
3330,	Iter: 3330, train loss: 2.8102, avg nll: 0.7333, avg wnll: 6.2076, avg kl: 0.0357, mse: 0.408236, wmse: 5.161183, mae: 0.461027
nll: 13.7561, mse: 0.5487, mae: 0.5320, mean_mse: 7.0429, mean_mae: 0.5320
1679300068.7931733
saving.................
done
3331,	Iter: 3331, train loss: 2.8108, avg nll: 0.7403, avg wnll: 6.2737, avg kl: 0.0348, mse: 0.407147, wmse: 5.140179, mae: 0.460645
3332,	Iter: 3332, train loss: 2.7917, avg nll: 0.7286, avg wnll: 6.0791, avg kl: 0.0359, mse: 0.405432, wmse: 5.140171, mae: 0.460068
3333,	Iter: 3333, train loss: 2.8045, avg nll: 0.7307, avg wnll: 6.1563, avg kl: 0.0343, mse: 0.407915, wmse: 5.157097, mae: 0.461279
3334,	Iter: 3334, train loss: 2.8133, avg nll: 0.7338, avg wnll: 6.2276, avg kl: 0.0351, mse: 0.408890, wmse: 5.181158, mae: 0.461569
3335,	Iter: 3335, train loss: 2.8075, avg nll: 0.7304, avg wnll: 6.1923, avg kl: 0.0341, mse: 0.408611, wmse: 5.165386, mae: 0.461105
3336,	Iter: 3336, train loss: 2.8200, avg nll: 0.7403, avg wnll: 6.2928, avg kl: 0.0342, mse: 0.409115, wmse: 5.174399, mae: 0.462105
3337,	Iter: 3337, train loss: 2.8071, avg nll: 0.7318, avg wnll: 6.1014, avg kl: 0.0350, mse: 0.408060, wmse: 5.180202, mae: 0.460674
3338,	Iter: 3338, train loss: 2.8027, avg nll: 0.7266, avg wnll: 6.1778, avg kl: 0.0344, mse: 0.408354, wmse: 5.174043, mae: 0.460993
3339,	Iter: 3339, train loss: 2.7839, avg nll: 0.7199, avg wnll: 6.1116, avg kl: 0.0345, mse: 0.405892, wmse: 5.142121, mae: 0.459520
3340,	Iter: 3340, train loss: 2.8103, avg nll: 0.7333, avg wnll: 6.2112, avg kl: 0.0357, mse: 0.408268, wmse: 5.161669, mae: 0.461046
nll: 13.9376, mse: 0.5488, mae: 0.5321, mean_mse: 7.0436, mean_mae: 0.5321
1679300970.7517362
3341,	Iter: 3341, train loss: 2.8102, avg nll: 0.7401, avg wnll: 6.2781, avg kl: 0.0348, mse: 0.407060, wmse: 5.138674, mae: 0.460578
3342,	Iter: 3342, train loss: 2.7913, avg nll: 0.7283, avg wnll: 6.0782, avg kl: 0.0359, mse: 0.405414, wmse: 5.139639, mae: 0.460052
3343,	Iter: 3343, train loss: 2.8046, avg nll: 0.7306, avg wnll: 6.1576, avg kl: 0.0343, mse: 0.407936, wmse: 5.157637, mae: 0.461294
3344,	Iter: 3344, train loss: 2.8133, avg nll: 0.7337, avg wnll: 6.2281, avg kl: 0.0351, mse: 0.408891, wmse: 5.181289, mae: 0.461568
3345,	Iter: 3345, train loss: 2.8072, avg nll: 0.7303, avg wnll: 6.1853, avg kl: 0.0339, mse: 0.408599, wmse: 5.165082, mae: 0.461115
3346,	Iter: 3346, train loss: 2.8199, avg nll: 0.7403, avg wnll: 6.2981, avg kl: 0.0343, mse: 0.409070, wmse: 5.174292, mae: 0.462082
3347,	Iter: 3347, train loss: 2.8067, avg nll: 0.7317, avg wnll: 6.0987, avg kl: 0.0348, mse: 0.408039, wmse: 5.179654, mae: 0.460658
3348,	Iter: 3348, train loss: 2.8029, avg nll: 0.7265, avg wnll: 6.1871, avg kl: 0.0344, mse: 0.408384, wmse: 5.174407, mae: 0.461013
3349,	Iter: 3349, train loss: 2.7838, avg nll: 0.7199, avg wnll: 6.1082, avg kl: 0.0345, mse: 0.405877, wmse: 5.141749, mae: 0.459522
3350,	Iter: 3350, train loss: 2.8100, avg nll: 0.7331, avg wnll: 6.2097, avg kl: 0.0357, mse: 0.408242, wmse: 5.161282, mae: 0.461033
nll: 14.0483, mse: 0.5487, mae: 0.5320, mean_mse: 7.0427, mean_mae: 0.5320
1679301864.5703816
3351,	Iter: 3351, train loss: 2.8105, avg nll: 0.7400, avg wnll: 6.2745, avg kl: 0.0347, mse: 0.407157, wmse: 5.140319, mae: 0.460653
3352,	Iter: 3352, train loss: 2.7913, avg nll: 0.7283, avg wnll: 6.0765, avg kl: 0.0358, mse: 0.405437, wmse: 5.140214, mae: 0.460072
3353,	Iter: 3353, train loss: 2.8042, avg nll: 0.7304, avg wnll: 6.1569, avg kl: 0.0342, mse: 0.407910, wmse: 5.157050, mae: 0.461275
3354,	Iter: 3354, train loss: 2.8130, avg nll: 0.7335, avg wnll: 6.2298, avg kl: 0.0350, mse: 0.408888, wmse: 5.181194, mae: 0.461568
3355,	Iter: 3355, train loss: 2.8072, avg nll: 0.7301, avg wnll: 6.1928, avg kl: 0.0340, mse: 0.408616, wmse: 5.165525, mae: 0.461107
3356,	Iter: 3356, train loss: 2.8198, avg nll: 0.7401, avg wnll: 6.2940, avg kl: 0.0341, mse: 0.409121, wmse: 5.174511, mae: 0.462111
3357,	Iter: 3357, train loss: 2.8069, avg nll: 0.7316, avg wnll: 6.1028, avg kl: 0.0349, mse: 0.408071, wmse: 5.180438, mae: 0.460681
3358,	Iter: 3358, train loss: 2.8025, avg nll: 0.7264, avg wnll: 6.1788, avg kl: 0.0343, mse: 0.408362, wmse: 5.174125, mae: 0.460996
3359,	Iter: 3359, train loss: 2.7837, avg nll: 0.7197, avg wnll: 6.1109, avg kl: 0.0344, mse: 0.405900, wmse: 5.142248, mae: 0.459526
3360,	Iter: 3360, train loss: 2.8101, avg nll: 0.7330, avg wnll: 6.2119, avg kl: 0.0356, mse: 0.408278, wmse: 5.161734, mae: 0.461054
nll: 14.2972, mse: 0.5488, mae: 0.5321, mean_mse: 7.0437, mean_mae: 0.5321
1679302750.7939575
saving.................
done
3361,	Iter: 3361, train loss: 2.8099, avg nll: 0.7398, avg wnll: 6.2787, avg kl: 0.0348, mse: 0.407069, wmse: 5.138742, mae: 0.460583
3362,	Iter: 3362, train loss: 2.7909, avg nll: 0.7280, avg wnll: 6.0756, avg kl: 0.0358, mse: 0.405412, wmse: 5.139674, mae: 0.460052
3363,	Iter: 3363, train loss: 2.8043, avg nll: 0.7304, avg wnll: 6.1573, avg kl: 0.0342, mse: 0.407926, wmse: 5.157463, mae: 0.461288
3364,	Iter: 3364, train loss: 2.8131, avg nll: 0.7335, avg wnll: 6.2300, avg kl: 0.0351, mse: 0.408897, wmse: 5.181292, mae: 0.461573
3365,	Iter: 3365, train loss: 2.8067, avg nll: 0.7299, avg wnll: 6.1841, avg kl: 0.0338, mse: 0.408593, wmse: 5.164994, mae: 0.461109
3366,	Iter: 3366, train loss: 2.8198, avg nll: 0.7402, avg wnll: 6.3000, avg kl: 0.0342, mse: 0.409078, wmse: 5.174453, mae: 0.462087
3367,	Iter: 3367, train loss: 2.8064, avg nll: 0.7315, avg wnll: 6.0997, avg kl: 0.0347, mse: 0.408045, wmse: 5.179656, mae: 0.460660
3368,	Iter: 3368, train loss: 2.8026, avg nll: 0.7263, avg wnll: 6.1876, avg kl: 0.0343, mse: 0.408388, wmse: 5.174455, mae: 0.461014
3369,	Iter: 3369, train loss: 2.7836, avg nll: 0.7197, avg wnll: 6.1083, avg kl: 0.0344, mse: 0.405878, wmse: 5.141786, mae: 0.459524
3370,	Iter: 3370, train loss: 2.8098, avg nll: 0.7329, avg wnll: 6.2102, avg kl: 0.0356, mse: 0.408246, wmse: 5.161380, mae: 0.461034
nll: 14.2985, mse: 0.5487, mae: 0.5321, mean_mse: 7.0428, mean_mae: 0.5321
1679303657.5593424
3371,	Iter: 3371, train loss: 2.8103, avg nll: 0.7399, avg wnll: 6.2766, avg kl: 0.0346, mse: 0.407157, wmse: 5.140270, mae: 0.460655
3372,	Iter: 3372, train loss: 2.7911, avg nll: 0.7281, avg wnll: 6.0754, avg kl: 0.0358, mse: 0.405443, wmse: 5.140246, mae: 0.460077
3373,	Iter: 3373, train loss: 2.8039, avg nll: 0.7302, avg wnll: 6.1572, avg kl: 0.0341, mse: 0.407908, wmse: 5.157111, mae: 0.461275
3374,	Iter: 3374, train loss: 2.8128, avg nll: 0.7334, avg wnll: 6.2313, avg kl: 0.0350, mse: 0.408881, wmse: 5.181223, mae: 0.461564
3375,	Iter: 3375, train loss: 2.7726, avg nll: 0.7297, avg wnll: 6.1992, avg kl: 0.0346, mse: 0.408571, wmse: 5.164770, mae: 0.461067
3376,	Iter: 3376, train loss: 2.7848, avg nll: 0.7397, avg wnll: 6.3081, avg kl: 0.0353, mse: 0.408972, wmse: 5.172093, mae: 0.461995
3377,	Iter: 3377, train loss: 2.7713, avg nll: 0.7312, avg wnll: 6.1200, avg kl: 0.0366, mse: 0.407940, wmse: 5.177899, mae: 0.460571
3378,	Iter: 3378, train loss: 2.7675, avg nll: 0.7259, avg wnll: 6.1926, avg kl: 0.0361, mse: 0.408203, wmse: 5.171149, mae: 0.460877
3379,	Iter: 3379, train loss: 2.7487, avg nll: 0.7194, avg wnll: 6.1178, avg kl: 0.0363, mse: 0.405716, wmse: 5.139191, mae: 0.459363
3380,	Iter: 3380, train loss: 2.7737, avg nll: 0.7324, avg wnll: 6.2195, avg kl: 0.0378, mse: 0.408055, wmse: 5.157973, mae: 0.460896
nll: 14.4870, mse: 0.5489, mae: 0.5322, mean_mse: 7.0444, mean_mae: 0.5322
1679304532.0346062
3381,	Iter: 3381, train loss: 2.7748, avg nll: 0.7392, avg wnll: 6.2831, avg kl: 0.0370, mse: 0.406878, wmse: 5.135259, mae: 0.460427
3382,	Iter: 3382, train loss: 2.7550, avg nll: 0.7277, avg wnll: 6.0829, avg kl: 0.0383, mse: 0.405175, wmse: 5.135942, mae: 0.459872
3383,	Iter: 3383, train loss: 2.7704, avg nll: 0.7301, avg wnll: 6.1664, avg kl: 0.0367, mse: 0.407753, wmse: 5.154008, mae: 0.461142
3384,	Iter: 3384, train loss: 2.7782, avg nll: 0.7329, avg wnll: 6.2399, avg kl: 0.0377, mse: 0.408686, wmse: 5.177596, mae: 0.461420
3385,	Iter: 3385, train loss: 2.7729, avg nll: 0.7292, avg wnll: 6.1869, avg kl: 0.0366, mse: 0.408355, wmse: 5.160575, mae: 0.460916
3386,	Iter: 3386, train loss: 2.7855, avg nll: 0.7394, avg wnll: 6.3119, avg kl: 0.0371, mse: 0.408780, wmse: 5.169643, mae: 0.461868
3387,	Iter: 3387, train loss: 2.7720, avg nll: 0.7306, avg wnll: 6.1096, avg kl: 0.0378, mse: 0.407779, wmse: 5.174914, mae: 0.460448
3388,	Iter: 3388, train loss: 2.7689, avg nll: 0.7257, avg wnll: 6.1964, avg kl: 0.0375, mse: 0.408118, wmse: 5.169743, mae: 0.460808
3389,	Iter: 3389, train loss: 2.7499, avg nll: 0.7192, avg wnll: 6.1100, avg kl: 0.0377, mse: 0.405586, wmse: 5.136593, mae: 0.459277
3390,	Iter: 3390, train loss: 2.7747, avg nll: 0.7319, avg wnll: 6.2109, avg kl: 0.0391, mse: 0.407933, wmse: 5.155899, mae: 0.460816
nll: 14.7621, mse: 0.5490, mae: 0.5322, mean_mse: 7.0452, mean_mae: 0.5322
1679305411.563207
saving.................
done
3391,	Iter: 3391, train loss: 2.7767, avg nll: 0.7391, avg wnll: 6.2820, avg kl: 0.0380, mse: 0.406855, wmse: 5.134542, mae: 0.460413
3392,	Iter: 3392, train loss: 2.7562, avg nll: 0.7272, avg wnll: 6.0791, avg kl: 0.0393, mse: 0.405095, wmse: 5.134847, mae: 0.459821
3393,	Iter: 3393, train loss: 2.7709, avg nll: 0.7291, avg wnll: 6.1572, avg kl: 0.0378, mse: 0.407642, wmse: 5.152059, mae: 0.461058
3394,	Iter: 3394, train loss: 2.7789, avg nll: 0.7321, avg wnll: 6.2339, avg kl: 0.0387, mse: 0.408569, wmse: 5.175703, mae: 0.461339
3395,	Iter: 3395, train loss: 2.7741, avg nll: 0.7288, avg wnll: 6.1936, avg kl: 0.0377, mse: 0.408263, wmse: 5.159393, mae: 0.460849
3396,	Iter: 3396, train loss: 2.7870, avg nll: 0.7389, avg wnll: 6.3014, avg kl: 0.0377, mse: 0.408759, wmse: 5.168520, mae: 0.461840
3397,	Iter: 3397, train loss: 2.7739, avg nll: 0.7305, avg wnll: 6.1137, avg kl: 0.0388, mse: 0.407765, wmse: 5.174815, mae: 0.460433
3398,	Iter: 3398, train loss: 2.7701, avg nll: 0.7252, avg wnll: 6.1845, avg kl: 0.0382, mse: 0.408038, wmse: 5.168413, mae: 0.460743
3399,	Iter: 3399, train loss: 2.7511, avg nll: 0.7185, avg wnll: 6.1077, avg kl: 0.0384, mse: 0.405531, wmse: 5.135859, mae: 0.459218
3400,	Iter: 3400, train loss: 2.7764, avg nll: 0.7316, avg wnll: 6.2116, avg kl: 0.0398, mse: 0.407895, wmse: 5.155268, mae: 0.460782
nll: 14.9994, mse: 0.5490, mae: 0.5322, mean_mse: 7.0467, mean_mae: 0.5322
1679306289.8927622
3401,	Iter: 3401, train loss: 2.7774, avg nll: 0.7385, avg wnll: 6.2867, avg kl: 0.0388, mse: 0.406704, wmse: 5.132152, mae: 0.460300
3402,	Iter: 3402, train loss: 2.7574, avg nll: 0.7267, avg wnll: 6.0755, avg kl: 0.0399, mse: 0.404990, wmse: 5.132950, mae: 0.459742
3403,	Iter: 3403, train loss: 2.7727, avg nll: 0.7289, avg wnll: 6.1582, avg kl: 0.0384, mse: 0.407603, wmse: 5.151252, mae: 0.461024
3404,	Iter: 3404, train loss: 2.7814, avg nll: 0.7326, avg wnll: 6.2434, avg kl: 0.0394, mse: 0.408548, wmse: 5.175246, mae: 0.461319
3405,	Iter: 3405, train loss: 2.7758, avg nll: 0.7287, avg wnll: 6.1868, avg kl: 0.0381, mse: 0.408211, wmse: 5.158146, mae: 0.460820
3406,	Iter: 3406, train loss: 2.7889, avg nll: 0.7391, avg wnll: 6.3115, avg kl: 0.0386, mse: 0.408690, wmse: 5.168169, mae: 0.461795
3407,	Iter: 3407, train loss: 2.7753, avg nll: 0.7302, avg wnll: 6.1108, avg kl: 0.0391, mse: 0.407678, wmse: 5.173118, mae: 0.460367
3408,	Iter: 3408, train loss: 2.7721, avg nll: 0.7251, avg wnll: 6.1960, avg kl: 0.0388, mse: 0.408029, wmse: 5.168149, mae: 0.460731
3409,	Iter: 3409, train loss: 2.7530, avg nll: 0.7186, avg wnll: 6.1089, avg kl: 0.0389, mse: 0.405475, wmse: 5.134786, mae: 0.459191
3410,	Iter: 3410, train loss: 2.7784, avg nll: 0.7316, avg wnll: 6.2109, avg kl: 0.0403, mse: 0.407843, wmse: 5.154304, mae: 0.460749
nll: 15.1817, mse: 0.5491, mae: 0.5322, mean_mse: 7.0470, mean_mae: 0.5322
1679307175.1040146
3411,	Iter: 3411, train loss: 2.7799, avg nll: 0.7387, avg wnll: 6.2851, avg kl: 0.0391, mse: 0.406731, wmse: 5.132470, mae: 0.460328
3412,	Iter: 3412, train loss: 2.7596, avg nll: 0.7266, avg wnll: 6.0760, avg kl: 0.0404, mse: 0.404999, wmse: 5.133140, mae: 0.459747
3413,	Iter: 3413, train loss: 2.7742, avg nll: 0.7286, avg wnll: 6.1561, avg kl: 0.0388, mse: 0.407545, wmse: 5.150497, mae: 0.460975
3414,	Iter: 3414, train loss: 2.7827, avg nll: 0.7319, avg wnll: 6.2342, avg kl: 0.0398, mse: 0.408502, wmse: 5.174458, mae: 0.461280
3415,	Iter: 3415, train loss: 2.7773, avg nll: 0.7282, avg wnll: 6.1923, avg kl: 0.0386, mse: 0.408170, wmse: 5.157845, mae: 0.460778
3416,	Iter: 3416, train loss: 2.7906, avg nll: 0.7386, avg wnll: 6.3039, avg kl: 0.0386, mse: 0.408715, wmse: 5.167741, mae: 0.461798
3417,	Iter: 3417, train loss: 2.7773, avg nll: 0.7300, avg wnll: 6.1115, avg kl: 0.0396, mse: 0.407692, wmse: 5.173566, mae: 0.460375
3418,	Iter: 3418, train loss: 2.7734, avg nll: 0.7246, avg wnll: 6.1816, avg kl: 0.0389, mse: 0.407967, wmse: 5.167257, mae: 0.460680
3419,	Iter: 3419, train loss: 2.7549, avg nll: 0.7184, avg wnll: 6.1149, avg kl: 0.0392, mse: 0.405459, wmse: 5.134578, mae: 0.459165
3420,	Iter: 3420, train loss: 2.7803, avg nll: 0.7313, avg wnll: 6.2128, avg kl: 0.0405, mse: 0.407850, wmse: 5.154285, mae: 0.460746
nll: 15.3806, mse: 0.5491, mae: 0.5322, mean_mse: 7.0473, mean_mae: 0.5322
1679308052.2827969
saving.................
done
3421,	Iter: 3421, train loss: 2.7810, avg nll: 0.7381, avg wnll: 6.2818, avg kl: 0.0396, mse: 0.406647, wmse: 5.131113, mae: 0.460254
3422,	Iter: 3422, train loss: 2.7611, avg nll: 0.7264, avg wnll: 6.0757, avg kl: 0.0406, mse: 0.404912, wmse: 5.131806, mae: 0.459683
3423,	Iter: 3423, train loss: 2.7763, avg nll: 0.7286, avg wnll: 6.1556, avg kl: 0.0390, mse: 0.407546, wmse: 5.150285, mae: 0.460979
3424,	Iter: 3424, train loss: 2.7850, avg nll: 0.7321, avg wnll: 6.2419, avg kl: 0.0400, mse: 0.408494, wmse: 5.174517, mae: 0.461276
3425,	Iter: 3425, train loss: 2.7794, avg nll: 0.7282, avg wnll: 6.1864, avg kl: 0.0387, mse: 0.408161, wmse: 5.157330, mae: 0.460781
3426,	Iter: 3426, train loss: 2.7931, avg nll: 0.7392, avg wnll: 6.3210, avg kl: 0.0391, mse: 0.408655, wmse: 5.167532, mae: 0.461767
3427,	Iter: 3427, train loss: 2.7790, avg nll: 0.7299, avg wnll: 6.1103, avg kl: 0.0396, mse: 0.407629, wmse: 5.172428, mae: 0.460329
3428,	Iter: 3428, train loss: 2.7757, avg nll: 0.7247, avg wnll: 6.1939, avg kl: 0.0392, mse: 0.407988, wmse: 5.167517, mae: 0.460695
3429,	Iter: 3429, train loss: 2.7570, avg nll: 0.7185, avg wnll: 6.1132, avg kl: 0.0393, mse: 0.405436, wmse: 5.134164, mae: 0.459160
3430,	Iter: 3430, train loss: 2.7821, avg nll: 0.7311, avg wnll: 6.2102, avg kl: 0.0407, mse: 0.407802, wmse: 5.153597, mae: 0.460718
nll: 15.5534, mse: 0.5491, mae: 0.5322, mean_mse: 7.0474, mean_mae: 0.5322
1679308942.6443307
3431,	Iter: 3431, train loss: 2.7835, avg nll: 0.7382, avg wnll: 6.2776, avg kl: 0.0395, mse: 0.406686, wmse: 5.131673, mae: 0.460295
3432,	Iter: 3432, train loss: 2.7637, avg nll: 0.7266, avg wnll: 6.0778, avg kl: 0.0407, mse: 0.404957, wmse: 5.132407, mae: 0.459718
3433,	Iter: 3433, train loss: 2.7780, avg nll: 0.7284, avg wnll: 6.1557, avg kl: 0.0391, mse: 0.407506, wmse: 5.149951, mae: 0.460942
3434,	Iter: 3434, train loss: 2.7867, avg nll: 0.7317, avg wnll: 6.2337, avg kl: 0.0401, mse: 0.408483, wmse: 5.174059, mae: 0.461261
3435,	Iter: 3435, train loss: 2.7810, avg nll: 0.7280, avg wnll: 6.1920, avg kl: 0.0389, mse: 0.408126, wmse: 5.157210, mae: 0.460745
3436,	Iter: 3436, train loss: 2.7949, avg nll: 0.7387, avg wnll: 6.3102, avg kl: 0.0389, mse: 0.408706, wmse: 5.167648, mae: 0.461790
3437,	Iter: 3437, train loss: 2.7809, avg nll: 0.7295, avg wnll: 6.1095, avg kl: 0.0398, mse: 0.407654, wmse: 5.172929, mae: 0.460346
3438,	Iter: 3438, train loss: 2.7771, avg nll: 0.7242, avg wnll: 6.1816, avg kl: 0.0392, mse: 0.407938, wmse: 5.166893, mae: 0.460652
3439,	Iter: 3439, train loss: 2.7587, avg nll: 0.7181, avg wnll: 6.1160, avg kl: 0.0395, mse: 0.405426, wmse: 5.134072, mae: 0.459140
3440,	Iter: 3440, train loss: 2.7842, avg nll: 0.7309, avg wnll: 6.2148, avg kl: 0.0407, mse: 0.407826, wmse: 5.153853, mae: 0.460725
nll: 15.9025, mse: 0.5491, mae: 0.5322, mean_mse: 7.0477, mean_mae: 0.5322
1679309820.5105634
3441,	Iter: 3441, train loss: 2.7847, avg nll: 0.7377, avg wnll: 6.2827, avg kl: 0.0398, mse: 0.406616, wmse: 5.130621, mae: 0.460235
3442,	Iter: 3442, train loss: 2.7651, avg nll: 0.7261, avg wnll: 6.0751, avg kl: 0.0408, mse: 0.404890, wmse: 5.131403, mae: 0.459665
3443,	Iter: 3443, train loss: 2.7800, avg nll: 0.7282, avg wnll: 6.1543, avg kl: 0.0391, mse: 0.407518, wmse: 5.150043, mae: 0.460959
3444,	Iter: 3444, train loss: 2.7889, avg nll: 0.7318, avg wnll: 6.2429, avg kl: 0.0401, mse: 0.408469, wmse: 5.174343, mae: 0.461256
3445,	Iter: 3445, train loss: 2.7832, avg nll: 0.7280, avg wnll: 6.1861, avg kl: 0.0388, mse: 0.408144, wmse: 5.157070, mae: 0.460763
3446,	Iter: 3446, train loss: 2.7972, avg nll: 0.7391, avg wnll: 6.3230, avg kl: 0.0392, mse: 0.408648, wmse: 5.167343, mae: 0.461761
3447,	Iter: 3447, train loss: 2.7828, avg nll: 0.7295, avg wnll: 6.1085, avg kl: 0.0397, mse: 0.407616, wmse: 5.172320, mae: 0.460320
3448,	Iter: 3448, train loss: 2.7796, avg nll: 0.7245, avg wnll: 6.1932, avg kl: 0.0392, mse: 0.407969, wmse: 5.167264, mae: 0.460682
3449,	Iter: 3449, train loss: 2.7609, avg nll: 0.7182, avg wnll: 6.1107, avg kl: 0.0393, mse: 0.405430, wmse: 5.134086, mae: 0.459156
3450,	Iter: 3450, train loss: 2.7861, avg nll: 0.7309, avg wnll: 6.2109, avg kl: 0.0407, mse: 0.407786, wmse: 5.153353, mae: 0.460708
nll: 15.8201, mse: 0.5491, mae: 0.5322, mean_mse: 7.0475, mean_mae: 0.5322
1679310681.1014106
saving.................
done
3451,	Iter: 3451, train loss: 2.7873, avg nll: 0.7379, avg wnll: 6.2790, avg kl: 0.0395, mse: 0.406672, wmse: 5.131599, mae: 0.460291
3452,	Iter: 3452, train loss: 2.7676, avg nll: 0.7262, avg wnll: 6.0775, avg kl: 0.0407, mse: 0.404933, wmse: 5.132131, mae: 0.459708
3453,	Iter: 3453, train loss: 2.7818, avg nll: 0.7282, avg wnll: 6.1565, avg kl: 0.0390, mse: 0.407476, wmse: 5.149644, mae: 0.460922
3454,	Iter: 3454, train loss: 2.7908, avg nll: 0.7316, avg wnll: 6.2326, avg kl: 0.0400, mse: 0.408464, wmse: 5.173785, mae: 0.461246
3455,	Iter: 3455, train loss: 2.7849, avg nll: 0.7277, avg wnll: 6.1918, avg kl: 0.0388, mse: 0.408112, wmse: 5.157160, mae: 0.460731
3456,	Iter: 3456, train loss: 2.7991, avg nll: 0.7388, avg wnll: 6.3127, avg kl: 0.0388, mse: 0.408714, wmse: 5.167879, mae: 0.461800
3457,	Iter: 3457, train loss: 2.7848, avg nll: 0.7292, avg wnll: 6.1110, avg kl: 0.0396, mse: 0.407639, wmse: 5.172742, mae: 0.460336
3458,	Iter: 3458, train loss: 2.7811, avg nll: 0.7241, avg wnll: 6.1815, avg kl: 0.0391, mse: 0.407942, wmse: 5.167012, mae: 0.460652
3459,	Iter: 3459, train loss: 2.7625, avg nll: 0.7178, avg wnll: 6.1132, avg kl: 0.0393, mse: 0.405419, wmse: 5.134002, mae: 0.459139
3460,	Iter: 3460, train loss: 2.7882, avg nll: 0.7308, avg wnll: 6.2150, avg kl: 0.0406, mse: 0.407817, wmse: 5.153740, mae: 0.460719
nll: 16.2528, mse: 0.5491, mae: 0.5322, mean_mse: 7.0475, mean_mae: 0.5322
1679311571.6157997
3461,	Iter: 3461, train loss: 2.7888, avg nll: 0.7375, avg wnll: 6.2866, avg kl: 0.0396, mse: 0.406621, wmse: 5.130713, mae: 0.460241
3462,	Iter: 3462, train loss: 2.7691, avg nll: 0.7258, avg wnll: 6.0722, avg kl: 0.0406, mse: 0.404893, wmse: 5.131429, mae: 0.459668
3463,	Iter: 3463, train loss: 2.7839, avg nll: 0.7281, avg wnll: 6.1559, avg kl: 0.0389, mse: 0.407504, wmse: 5.150012, mae: 0.460954
3464,	Iter: 3464, train loss: 2.7928, avg nll: 0.7315, avg wnll: 6.2404, avg kl: 0.0399, mse: 0.408464, wmse: 5.174454, mae: 0.461253
3465,	Iter: 3465, train loss: 2.7868, avg nll: 0.7276, avg wnll: 6.1854, avg kl: 0.0386, mse: 0.408143, wmse: 5.157239, mae: 0.460764
3466,	Iter: 3466, train loss: 2.8010, avg nll: 0.7388, avg wnll: 6.3199, avg kl: 0.0389, mse: 0.408658, wmse: 5.167486, mae: 0.461768
3467,	Iter: 3467, train loss: 2.7868, avg nll: 0.7293, avg wnll: 6.1078, avg kl: 0.0394, mse: 0.407624, wmse: 5.172596, mae: 0.460332
3468,	Iter: 3468, train loss: 2.7834, avg nll: 0.7243, avg wnll: 6.1920, avg kl: 0.0389, mse: 0.407980, wmse: 5.167427, mae: 0.460691
3469,	Iter: 3469, train loss: 2.7648, avg nll: 0.7181, avg wnll: 6.1105, avg kl: 0.0390, mse: 0.405447, wmse: 5.134493, mae: 0.459170
3470,	Iter: 3470, train loss: 2.7902, avg nll: 0.7308, avg wnll: 6.2124, avg kl: 0.0404, mse: 0.407795, wmse: 5.153561, mae: 0.460713
nll: 16.3015, mse: 0.5491, mae: 0.5322, mean_mse: 7.0475, mean_mae: 0.5322
1679312435.442962
3471,	Iter: 3471, train loss: 2.7913, avg nll: 0.7378, avg wnll: 6.2831, avg kl: 0.0392, mse: 0.406684, wmse: 5.131948, mae: 0.460304
3472,	Iter: 3472, train loss: 2.7714, avg nll: 0.7258, avg wnll: 6.0740, avg kl: 0.0404, mse: 0.404935, wmse: 5.132299, mae: 0.459714
3473,	Iter: 3473, train loss: 2.7854, avg nll: 0.7279, avg wnll: 6.1541, avg kl: 0.0387, mse: 0.407461, wmse: 5.149605, mae: 0.460916
3474,	Iter: 3474, train loss: 2.7946, avg nll: 0.7313, avg wnll: 6.2295, avg kl: 0.0396, mse: 0.408470, wmse: 5.173929, mae: 0.461250
3475,	Iter: 3475, train loss: 2.7886, avg nll: 0.7275, avg wnll: 6.1903, avg kl: 0.0384, mse: 0.408120, wmse: 5.157352, mae: 0.460737
3476,	Iter: 3476, train loss: 2.8030, avg nll: 0.7386, avg wnll: 6.3138, avg kl: 0.0384, mse: 0.408739, wmse: 5.168306, mae: 0.461819
3477,	Iter: 3477, train loss: 2.7887, avg nll: 0.7291, avg wnll: 6.1138, avg kl: 0.0393, mse: 0.407652, wmse: 5.173114, mae: 0.460351
3478,	Iter: 3478, train loss: 2.7849, avg nll: 0.7239, avg wnll: 6.1809, avg kl: 0.0387, mse: 0.407956, wmse: 5.167476, mae: 0.460663
3479,	Iter: 3479, train loss: 2.7664, avg nll: 0.7176, avg wnll: 6.1115, avg kl: 0.0389, mse: 0.405438, wmse: 5.134339, mae: 0.459157
3480,	Iter: 3480, train loss: 2.7923, avg nll: 0.7307, avg wnll: 6.2160, avg kl: 0.0401, mse: 0.407833, wmse: 5.154047, mae: 0.460731
nll: 16.4795, mse: 0.5490, mae: 0.5322, mean_mse: 7.0469, mean_mae: 0.5322
1679313322.3244174
saving.................
done
3481,	Iter: 3481, train loss: 2.7930, avg nll: 0.7375, avg wnll: 6.2922, avg kl: 0.0393, mse: 0.406650, wmse: 5.131246, mae: 0.460266
3482,	Iter: 3482, train loss: 2.7731, avg nll: 0.7256, avg wnll: 6.0701, avg kl: 0.0402, mse: 0.404919, wmse: 5.131855, mae: 0.459692
3483,	Iter: 3483, train loss: 2.7876, avg nll: 0.7279, avg wnll: 6.1543, avg kl: 0.0385, mse: 0.407496, wmse: 5.150076, mae: 0.460955
3484,	Iter: 3484, train loss: 2.7966, avg nll: 0.7313, avg wnll: 6.2400, avg kl: 0.0394, mse: 0.408468, wmse: 5.174644, mae: 0.461258
3485,	Iter: 3485, train loss: 2.7905, avg nll: 0.7274, avg wnll: 6.1870, avg kl: 0.0382, mse: 0.408147, wmse: 5.157528, mae: 0.460775
3486,	Iter: 3486, train loss: 2.8048, avg nll: 0.7386, avg wnll: 6.3156, avg kl: 0.0384, mse: 0.408688, wmse: 5.167964, mae: 0.461790
3487,	Iter: 3487, train loss: 2.7907, avg nll: 0.7291, avg wnll: 6.1064, avg kl: 0.0389, mse: 0.407652, wmse: 5.173049, mae: 0.460354
3488,	Iter: 3488, train loss: 2.7872, avg nll: 0.7241, avg wnll: 6.1924, avg kl: 0.0384, mse: 0.407994, wmse: 5.167652, mae: 0.460705
3489,	Iter: 3489, train loss: 2.7686, avg nll: 0.7178, avg wnll: 6.1096, avg kl: 0.0385, mse: 0.405472, wmse: 5.135037, mae: 0.459195
3490,	Iter: 3490, train loss: 2.7941, avg nll: 0.7305, avg wnll: 6.2111, avg kl: 0.0399, mse: 0.407827, wmse: 5.154166, mae: 0.460738
nll: 16.6582, mse: 0.5491, mae: 0.5322, mean_mse: 7.0470, mean_mae: 0.5322
1679314172.911875
3491,	Iter: 3491, train loss: 2.7951, avg nll: 0.7376, avg wnll: 6.2825, avg kl: 0.0387, mse: 0.406700, wmse: 5.132296, mae: 0.460322
3492,	Iter: 3492, train loss: 2.7754, avg nll: 0.7257, avg wnll: 6.0736, avg kl: 0.0399, mse: 0.404947, wmse: 5.132511, mae: 0.459732
3493,	Iter: 3493, train loss: 2.7892, avg nll: 0.7278, avg wnll: 6.1542, avg kl: 0.0382, mse: 0.407486, wmse: 5.150157, mae: 0.460941
3494,	Iter: 3494, train loss: 2.7986, avg nll: 0.7313, avg wnll: 6.2296, avg kl: 0.0391, mse: 0.408499, wmse: 5.174504, mae: 0.461272
3495,	Iter: 3495, train loss: 2.7924, avg nll: 0.7273, avg wnll: 6.1885, avg kl: 0.0379, mse: 0.408159, wmse: 5.158057, mae: 0.460764
3496,	Iter: 3496, train loss: 2.8067, avg nll: 0.7384, avg wnll: 6.3107, avg kl: 0.0379, mse: 0.408761, wmse: 5.168800, mae: 0.461842
3497,	Iter: 3497, train loss: 2.7926, avg nll: 0.7290, avg wnll: 6.1141, avg kl: 0.0388, mse: 0.407679, wmse: 5.173772, mae: 0.460377
3498,	Iter: 3498, train loss: 2.7888, avg nll: 0.7238, avg wnll: 6.1790, avg kl: 0.0382, mse: 0.407986, wmse: 5.168178, mae: 0.460691
3499,	Iter: 3499, train loss: 2.7702, avg nll: 0.7174, avg wnll: 6.1090, avg kl: 0.0384, mse: 0.405472, wmse: 5.135008, mae: 0.459186
3500,	Iter: 3500, train loss: 2.7962, avg nll: 0.7304, avg wnll: 6.2137, avg kl: 0.0396, mse: 0.407862, wmse: 5.154694, mae: 0.460754
nll: 16.8333, mse: 0.5490, mae: 0.5322, mean_mse: 7.0466, mean_mae: 0.5322
1679315071.0106602
3501,	Iter: 3501, train loss: 2.7969, avg nll: 0.7375, avg wnll: 6.2935, avg kl: 0.0387, mse: 0.406682, wmse: 5.131937, mae: 0.460295
3502,	Iter: 3502, train loss: 2.7775, avg nll: 0.7258, avg wnll: 6.0717, avg kl: 0.0397, mse: 0.404968, wmse: 5.132699, mae: 0.459729
3503,	Iter: 3503, train loss: 2.7914, avg nll: 0.7278, avg wnll: 6.1531, avg kl: 0.0380, mse: 0.407526, wmse: 5.150809, mae: 0.460982
3504,	Iter: 3504, train loss: 2.8004, avg nll: 0.7312, avg wnll: 6.2371, avg kl: 0.0389, mse: 0.408495, wmse: 5.175153, mae: 0.461281
3505,	Iter: 3505, train loss: 2.7941, avg nll: 0.7272, avg wnll: 6.1857, avg kl: 0.0376, mse: 0.408170, wmse: 5.158127, mae: 0.460797
3506,	Iter: 3506, train loss: 2.8083, avg nll: 0.7383, avg wnll: 6.3111, avg kl: 0.0379, mse: 0.408715, wmse: 5.168567, mae: 0.461812
3507,	Iter: 3507, train loss: 2.7946, avg nll: 0.7291, avg wnll: 6.1071, avg kl: 0.0383, mse: 0.407698, wmse: 5.173864, mae: 0.460388
3508,	Iter: 3508, train loss: 2.7908, avg nll: 0.7239, avg wnll: 6.1889, avg kl: 0.0379, mse: 0.408025, wmse: 5.168296, mae: 0.460732
3509,	Iter: 3509, train loss: 2.7722, avg nll: 0.7176, avg wnll: 6.1072, avg kl: 0.0380, mse: 0.405499, wmse: 5.135574, mae: 0.459222
3510,	Iter: 3510, train loss: 2.7981, avg nll: 0.7304, avg wnll: 6.2119, avg kl: 0.0393, mse: 0.407867, wmse: 5.154859, mae: 0.460772
nll: 16.9105, mse: 0.5490, mae: 0.5322, mean_mse: 7.0465, mean_mae: 0.5322
1679315959.9075127
saving.................
done
3511,	Iter: 3511, train loss: 2.7992, avg nll: 0.7378, avg wnll: 6.2883, avg kl: 0.0382, mse: 0.406750, wmse: 5.133281, mae: 0.460364
3512,	Iter: 3512, train loss: 2.7797, avg nll: 0.7260, avg wnll: 6.0720, avg kl: 0.0393, mse: 0.405001, wmse: 5.133382, mae: 0.459775
3513,	Iter: 3513, train loss: 2.7930, avg nll: 0.7277, avg wnll: 6.1510, avg kl: 0.0376, mse: 0.407537, wmse: 5.151081, mae: 0.460982
3514,	Iter: 3514, train loss: 2.8026, avg nll: 0.7314, avg wnll: 6.2323, avg kl: 0.0385, mse: 0.408544, wmse: 5.175426, mae: 0.461307
3515,	Iter: 3515, train loss: 2.7961, avg nll: 0.7272, avg wnll: 6.1866, avg kl: 0.0373, mse: 0.408197, wmse: 5.158795, mae: 0.460799
3516,	Iter: 3516, train loss: 2.8104, avg nll: 0.7383, avg wnll: 6.3076, avg kl: 0.0373, mse: 0.408813, wmse: 5.169638, mae: 0.461887
3517,	Iter: 3517, train loss: 2.7965, avg nll: 0.7290, avg wnll: 6.1127, avg kl: 0.0381, mse: 0.407724, wmse: 5.174664, mae: 0.460417
3518,	Iter: 3518, train loss: 2.7924, avg nll: 0.7236, avg wnll: 6.1769, avg kl: 0.0375, mse: 0.408024, wmse: 5.168911, mae: 0.460726
3519,	Iter: 3519, train loss: 2.7739, avg nll: 0.7173, avg wnll: 6.1075, avg kl: 0.0378, mse: 0.405517, wmse: 5.135812, mae: 0.459224
3520,	Iter: 3520, train loss: 2.8002, avg nll: 0.7304, avg wnll: 6.2171, avg kl: 0.0390, mse: 0.407920, wmse: 5.155737, mae: 0.460796
nll: 17.0516, mse: 0.5489, mae: 0.5322, mean_mse: 7.0458, mean_mae: 0.5322
1679316859.9361293
3521,	Iter: 3521, train loss: 2.8009, avg nll: 0.7377, avg wnll: 6.2952, avg kl: 0.0380, mse: 0.406737, wmse: 5.132849, mae: 0.460340
3522,	Iter: 3522, train loss: 2.7815, avg nll: 0.7258, avg wnll: 6.0716, avg kl: 0.0390, mse: 0.405021, wmse: 5.133634, mae: 0.459774
3523,	Iter: 3523, train loss: 2.7950, avg nll: 0.7276, avg wnll: 6.1501, avg kl: 0.0374, mse: 0.407567, wmse: 5.151707, mae: 0.461018
3524,	Iter: 3524, train loss: 2.8044, avg nll: 0.7313, avg wnll: 6.2366, avg kl: 0.0382, mse: 0.408539, wmse: 5.175986, mae: 0.461316
3525,	Iter: 3525, train loss: 2.7977, avg nll: 0.7271, avg wnll: 6.1853, avg kl: 0.0370, mse: 0.408211, wmse: 5.158933, mae: 0.460830
3526,	Iter: 3526, train loss: 2.8120, avg nll: 0.7382, avg wnll: 6.3106, avg kl: 0.0372, mse: 0.408767, wmse: 5.169535, mae: 0.461856
3527,	Iter: 3527, train loss: 2.7983, avg nll: 0.7291, avg wnll: 6.1077, avg kl: 0.0377, mse: 0.407741, wmse: 5.174710, mae: 0.460422
3528,	Iter: 3528, train loss: 2.7944, avg nll: 0.7236, avg wnll: 6.1876, avg kl: 0.0372, mse: 0.408065, wmse: 5.169026, mae: 0.460763
3529,	Iter: 3529, train loss: 2.7759, avg nll: 0.7175, avg wnll: 6.1055, avg kl: 0.0373, mse: 0.405544, wmse: 5.136535, mae: 0.459260
3530,	Iter: 3530, train loss: 2.8019, avg nll: 0.7304, avg wnll: 6.2111, avg kl: 0.0387, mse: 0.407911, wmse: 5.155697, mae: 0.460805
nll: 17.2169, mse: 0.5490, mae: 0.5322, mean_mse: 7.0460, mean_mae: 0.5322
1679317779.5783272
3531,	Iter: 3531, train loss: 2.8035, avg nll: 0.7381, avg wnll: 6.2954, avg kl: 0.0375, mse: 0.406824, wmse: 5.134603, mae: 0.460424
3532,	Iter: 3532, train loss: 2.7837, avg nll: 0.7260, avg wnll: 6.0670, avg kl: 0.0386, mse: 0.405076, wmse: 5.134491, mae: 0.459826
3533,	Iter: 3533, train loss: 2.7967, avg nll: 0.7276, avg wnll: 6.1459, avg kl: 0.0369, mse: 0.407582, wmse: 5.152013, mae: 0.461024
3534,	Iter: 3534, train loss: 2.8064, avg nll: 0.7314, avg wnll: 6.2338, avg kl: 0.0378, mse: 0.408595, wmse: 5.176486, mae: 0.461349
3535,	Iter: 3535, train loss: 2.7999, avg nll: 0.7273, avg wnll: 6.1885, avg kl: 0.0367, mse: 0.408245, wmse: 5.159793, mae: 0.460844
3536,	Iter: 3536, train loss: 2.8141, avg nll: 0.7384, avg wnll: 6.3090, avg kl: 0.0367, mse: 0.408860, wmse: 5.170433, mae: 0.461924
3537,	Iter: 3537, train loss: 2.8002, avg nll: 0.7290, avg wnll: 6.1117, avg kl: 0.0374, mse: 0.407774, wmse: 5.175644, mae: 0.460461
3538,	Iter: 3538, train loss: 2.7960, avg nll: 0.7236, avg wnll: 6.1760, avg kl: 0.0368, mse: 0.408083, wmse: 5.169884, mae: 0.460774
3539,	Iter: 3539, train loss: 2.7774, avg nll: 0.7172, avg wnll: 6.1048, avg kl: 0.0371, mse: 0.405561, wmse: 5.136650, mae: 0.459263
3540,	Iter: 3540, train loss: 2.8041, avg nll: 0.7305, avg wnll: 6.2183, avg kl: 0.0383, mse: 0.407985, wmse: 5.156885, mae: 0.460838
nll: 17.2736, mse: 0.5489, mae: 0.5321, mean_mse: 7.0451, mean_mae: 0.5321
1679318655.5840297
saving.................
done
3541,	Iter: 3541, train loss: 2.8050, avg nll: 0.7379, avg wnll: 6.2981, avg kl: 0.0374, mse: 0.406799, wmse: 5.133915, mae: 0.460387
3542,	Iter: 3542, train loss: 2.7853, avg nll: 0.7257, avg wnll: 6.0692, avg kl: 0.0384, mse: 0.405086, wmse: 5.134650, mae: 0.459819
3543,	Iter: 3543, train loss: 2.7986, avg nll: 0.7277, avg wnll: 6.1493, avg kl: 0.0367, mse: 0.407612, wmse: 5.152531, mae: 0.461058
3544,	Iter: 3544, train loss: 2.8080, avg nll: 0.7312, avg wnll: 6.2335, avg kl: 0.0376, mse: 0.408580, wmse: 5.176682, mae: 0.461347
3545,	Iter: 3545, train loss: 2.8014, avg nll: 0.7272, avg wnll: 6.1838, avg kl: 0.0363, mse: 0.408264, wmse: 5.159947, mae: 0.460873
3546,	Iter: 3546, train loss: 2.8160, avg nll: 0.7386, avg wnll: 6.3163, avg kl: 0.0365, mse: 0.408833, wmse: 5.170716, mae: 0.461909
3547,	Iter: 3547, train loss: 2.8019, avg nll: 0.7290, avg wnll: 6.1067, avg kl: 0.0371, mse: 0.407787, wmse: 5.175480, mae: 0.460463
3548,	Iter: 3548, train loss: 2.7978, avg nll: 0.7235, avg wnll: 6.1846, avg kl: 0.0366, mse: 0.408111, wmse: 5.169884, mae: 0.460797
3549,	Iter: 3549, train loss: 2.7794, avg nll: 0.7174, avg wnll: 6.1018, avg kl: 0.0367, mse: 0.405595, wmse: 5.137463, mae: 0.459301
3550,	Iter: 3550, train loss: 2.8056, avg nll: 0.7303, avg wnll: 6.2108, avg kl: 0.0380, mse: 0.407964, wmse: 5.156667, mae: 0.460846
nll: 17.4723, mse: 0.5489, mae: 0.5322, mean_mse: 7.0455, mean_mae: 0.5322
1679319542.157062
3551,	Iter: 3551, train loss: 2.8073, avg nll: 0.7383, avg wnll: 6.3029, avg kl: 0.0368, mse: 0.406897, wmse: 5.135945, mae: 0.460482
3552,	Iter: 3552, train loss: 2.7874, avg nll: 0.7259, avg wnll: 6.0641, avg kl: 0.0379, mse: 0.405157, wmse: 5.135772, mae: 0.459884
3553,	Iter: 3553, train loss: 2.8003, avg nll: 0.7277, avg wnll: 6.1466, avg kl: 0.0363, mse: 0.407634, wmse: 5.152977, mae: 0.461071
3554,	Iter: 3554, train loss: 2.8102, avg nll: 0.7314, avg wnll: 6.2333, avg kl: 0.0371, mse: 0.408660, wmse: 5.177548, mae: 0.461395
3555,	Iter: 3555, train loss: 2.8035, avg nll: 0.7274, avg wnll: 6.1898, avg kl: 0.0360, mse: 0.408304, wmse: 5.160997, mae: 0.460896
3556,	Iter: 3556, train loss: 2.8179, avg nll: 0.7386, avg wnll: 6.3147, avg kl: 0.0360, mse: 0.408913, wmse: 5.171342, mae: 0.461966
3557,	Iter: 3557, train loss: 2.8039, avg nll: 0.7291, avg wnll: 6.1114, avg kl: 0.0368, mse: 0.407835, wmse: 5.176830, mae: 0.460510
3558,	Iter: 3558, train loss: 2.7997, avg nll: 0.7236, avg wnll: 6.1783, avg kl: 0.0362, mse: 0.408147, wmse: 5.170880, mae: 0.460828
3559,	Iter: 3559, train loss: 2.7812, avg nll: 0.7173, avg wnll: 6.1042, avg kl: 0.0364, mse: 0.405616, wmse: 5.137695, mae: 0.459307
3560,	Iter: 3560, train loss: 2.8078, avg nll: 0.7305, avg wnll: 6.2168, avg kl: 0.0376, mse: 0.408052, wmse: 5.157979, mae: 0.460883
nll: 17.4957, mse: 0.5489, mae: 0.5321, mean_mse: 7.0447, mean_mae: 0.5321
1679320430.163099
3561,	Iter: 3561, train loss: 2.8089, avg nll: 0.7380, avg wnll: 6.3017, avg kl: 0.0367, mse: 0.406880, wmse: 5.135252, mae: 0.460452
3562,	Iter: 3562, train loss: 2.7891, avg nll: 0.7258, avg wnll: 6.0650, avg kl: 0.0377, mse: 0.405158, wmse: 5.135816, mae: 0.459873
3563,	Iter: 3563, train loss: 2.8021, avg nll: 0.7278, avg wnll: 6.1481, avg kl: 0.0360, mse: 0.407664, wmse: 5.153512, mae: 0.461102
3564,	Iter: 3564, train loss: 2.8112, avg nll: 0.7311, avg wnll: 6.2314, avg kl: 0.0369, mse: 0.408644, wmse: 5.177775, mae: 0.461396
3565,	Iter: 3565, train loss: 2.8044, avg nll: 0.7271, avg wnll: 6.1831, avg kl: 0.0356, mse: 0.408328, wmse: 5.161098, mae: 0.460922
3566,	Iter: 3566, train loss: 2.8193, avg nll: 0.7389, avg wnll: 6.3216, avg kl: 0.0358, mse: 0.408933, wmse: 5.172290, mae: 0.461986
3567,	Iter: 3567, train loss: 2.8048, avg nll: 0.7291, avg wnll: 6.1108, avg kl: 0.0364, mse: 0.407856, wmse: 5.176584, mae: 0.460518
3568,	Iter: 3568, train loss: 2.8003, avg nll: 0.7234, avg wnll: 6.1835, avg kl: 0.0360, mse: 0.408171, wmse: 5.170864, mae: 0.460843
3569,	Iter: 3569, train loss: 2.7819, avg nll: 0.7175, avg wnll: 6.1009, avg kl: 0.0361, mse: 0.405666, wmse: 5.138627, mae: 0.459355
3570,	Iter: 3570, train loss: 2.8078, avg nll: 0.7303, avg wnll: 6.2130, avg kl: 0.0373, mse: 0.408027, wmse: 5.157919, mae: 0.460889
nll: 17.8961, mse: 0.5489, mae: 0.5321, mean_mse: 7.0446, mean_mae: 0.5321
1679321327.5126374
saving.................
done
3571,	Iter: 3571, train loss: 2.8093, avg nll: 0.7383, avg wnll: 6.3075, avg kl: 0.0362, mse: 0.406956, wmse: 5.137006, mae: 0.460531
3572,	Iter: 3572, train loss: 2.7892, avg nll: 0.7259, avg wnll: 6.0617, avg kl: 0.0373, mse: 0.405220, wmse: 5.136780, mae: 0.459930
3573,	Iter: 3573, train loss: 2.8017, avg nll: 0.7276, avg wnll: 6.1434, avg kl: 0.0357, mse: 0.407679, wmse: 5.153707, mae: 0.461104
3574,	Iter: 3574, train loss: 2.8114, avg nll: 0.7313, avg wnll: 6.2332, avg kl: 0.0366, mse: 0.408700, wmse: 5.178294, mae: 0.461428
3575,	Iter: 3575, train loss: 2.8045, avg nll: 0.7273, avg wnll: 6.1897, avg kl: 0.0354, mse: 0.408351, wmse: 5.161892, mae: 0.460935
3576,	Iter: 3576, train loss: 2.8190, avg nll: 0.7387, avg wnll: 6.3180, avg kl: 0.0355, mse: 0.408959, wmse: 5.172202, mae: 0.462005
3577,	Iter: 3577, train loss: 2.8048, avg nll: 0.7291, avg wnll: 6.1104, avg kl: 0.0363, mse: 0.407889, wmse: 5.177844, mae: 0.460555
3578,	Iter: 3578, train loss: 2.8003, avg nll: 0.7236, avg wnll: 6.1783, avg kl: 0.0357, mse: 0.408198, wmse: 5.171727, mae: 0.460868
3579,	Iter: 3579, train loss: 2.7818, avg nll: 0.7175, avg wnll: 6.1058, avg kl: 0.0360, mse: 0.405658, wmse: 5.138372, mae: 0.459338
3580,	Iter: 3580, train loss: 2.8080, avg nll: 0.7304, avg wnll: 6.2148, avg kl: 0.0371, mse: 0.408089, wmse: 5.158685, mae: 0.460912
nll: 17.7812, mse: 0.5488, mae: 0.5321, mean_mse: 7.0441, mean_mae: 0.5321
1679322201.002344
3581,	Iter: 3581, train loss: 2.8089, avg nll: 0.7380, avg wnll: 6.2995, avg kl: 0.0363, mse: 0.406933, wmse: 5.136115, mae: 0.460492
3582,	Iter: 3582, train loss: 2.7891, avg nll: 0.7258, avg wnll: 6.0633, avg kl: 0.0372, mse: 0.405216, wmse: 5.136752, mae: 0.459921
3583,	Iter: 3583, train loss: 2.8017, avg nll: 0.7276, avg wnll: 6.1426, avg kl: 0.0356, mse: 0.407698, wmse: 5.154172, mae: 0.461130
3584,	Iter: 3584, train loss: 2.8111, avg nll: 0.7311, avg wnll: 6.2326, avg kl: 0.0365, mse: 0.408683, wmse: 5.178430, mae: 0.461427
3585,	Iter: 3585, train loss: 2.8040, avg nll: 0.7269, avg wnll: 6.1807, avg kl: 0.0352, mse: 0.408367, wmse: 5.161819, mae: 0.460949
3586,	Iter: 3586, train loss: 2.8188, avg nll: 0.7386, avg wnll: 6.3185, avg kl: 0.0354, mse: 0.408971, wmse: 5.172927, mae: 0.462017
3587,	Iter: 3587, train loss: 2.8045, avg nll: 0.7291, avg wnll: 6.1108, avg kl: 0.0360, mse: 0.407896, wmse: 5.177278, mae: 0.460550
3588,	Iter: 3588, train loss: 2.8000, avg nll: 0.7233, avg wnll: 6.1820, avg kl: 0.0356, mse: 0.408209, wmse: 5.171483, mae: 0.460873
3589,	Iter: 3589, train loss: 2.7818, avg nll: 0.7175, avg wnll: 6.1008, avg kl: 0.0357, mse: 0.405722, wmse: 5.139590, mae: 0.459392
3590,	Iter: 3590, train loss: 2.8074, avg nll: 0.7301, avg wnll: 6.2137, avg kl: 0.0370, mse: 0.408061, wmse: 5.158511, mae: 0.460911
nll: 18.1160, mse: 0.5489, mae: 0.5321, mean_mse: 7.0443, mean_mae: 0.5321
1679323092.9670928
3591,	Iter: 3591, train loss: 2.8090, avg nll: 0.7382, avg wnll: 6.3093, avg kl: 0.0359, mse: 0.406991, wmse: 5.137533, mae: 0.460560
3592,	Iter: 3592, train loss: 2.7890, avg nll: 0.7258, avg wnll: 6.0637, avg kl: 0.0370, mse: 0.405247, wmse: 5.137287, mae: 0.459953
3593,	Iter: 3593, train loss: 2.8013, avg nll: 0.7274, avg wnll: 6.1424, avg kl: 0.0354, mse: 0.407709, wmse: 5.154220, mae: 0.461128
3594,	Iter: 3594, train loss: 2.8114, avg nll: 0.7314, avg wnll: 6.2370, avg kl: 0.0363, mse: 0.408740, wmse: 5.178961, mae: 0.461461
3595,	Iter: 3595, train loss: 2.8040, avg nll: 0.7270, avg wnll: 6.1884, avg kl: 0.0351, mse: 0.408368, wmse: 5.162271, mae: 0.460951
3596,	Iter: 3596, train loss: 2.8186, avg nll: 0.7385, avg wnll: 6.3173, avg kl: 0.0352, mse: 0.408984, wmse: 5.172691, mae: 0.462025
3597,	Iter: 3597, train loss: 2.8046, avg nll: 0.7290, avg wnll: 6.1119, avg kl: 0.0359, mse: 0.407920, wmse: 5.178327, mae: 0.460576
3598,	Iter: 3598, train loss: 2.7999, avg nll: 0.7234, avg wnll: 6.1768, avg kl: 0.0354, mse: 0.408221, wmse: 5.172121, mae: 0.460885
3599,	Iter: 3599, train loss: 2.7818, avg nll: 0.7176, avg wnll: 6.1091, avg kl: 0.0357, mse: 0.405686, wmse: 5.138757, mae: 0.459361
3600,	Iter: 3600, train loss: 2.8077, avg nll: 0.7303, avg wnll: 6.2136, avg kl: 0.0369, mse: 0.408114, wmse: 5.159117, mae: 0.460930
nll: 17.9489, mse: 0.5488, mae: 0.5321, mean_mse: 7.0442, mean_mae: 0.5321
1679323952.466601
saving.................
done
3601,	Iter: 3601, train loss: 2.8089, avg nll: 0.7380, avg wnll: 6.3026, avg kl: 0.0360, mse: 0.406978, wmse: 5.136806, mae: 0.460525
3602,	Iter: 3602, train loss: 2.7889, avg nll: 0.7258, avg wnll: 6.0622, avg kl: 0.0369, mse: 0.405252, wmse: 5.137252, mae: 0.459950
3603,	Iter: 3603, train loss: 2.8014, avg nll: 0.7274, avg wnll: 6.1414, avg kl: 0.0354, mse: 0.407699, wmse: 5.154283, mae: 0.461136
3604,	Iter: 3604, train loss: 2.8105, avg nll: 0.7307, avg wnll: 6.2315, avg kl: 0.0363, mse: 0.408695, wmse: 5.178514, mae: 0.461440
3605,	Iter: 3605, train loss: 2.8035, avg nll: 0.7267, avg wnll: 6.1798, avg kl: 0.0349, mse: 0.408378, wmse: 5.162161, mae: 0.460957
3606,	Iter: 3606, train loss: 2.8184, avg nll: 0.7383, avg wnll: 6.3170, avg kl: 0.0351, mse: 0.409002, wmse: 5.173513, mae: 0.462040
3607,	Iter: 3607, train loss: 2.8043, avg nll: 0.7290, avg wnll: 6.1127, avg kl: 0.0357, mse: 0.407918, wmse: 5.177938, mae: 0.460572
3608,	Iter: 3608, train loss: 2.7999, avg nll: 0.7233, avg wnll: 6.1820, avg kl: 0.0354, mse: 0.408235, wmse: 5.171960, mae: 0.460893
3609,	Iter: 3609, train loss: 2.7816, avg nll: 0.7174, avg wnll: 6.1012, avg kl: 0.0354, mse: 0.405757, wmse: 5.140252, mae: 0.459416
3610,	Iter: 3610, train loss: 2.8072, avg nll: 0.7301, avg wnll: 6.2159, avg kl: 0.0367, mse: 0.408081, wmse: 5.158917, mae: 0.460926
nll: 18.5113, mse: 0.5489, mae: 0.5321, mean_mse: 7.0442, mean_mae: 0.5321
1679324849.2874303
3611,	Iter: 3611, train loss: 2.8089, avg nll: 0.7381, avg wnll: 6.3126, avg kl: 0.0357, mse: 0.407014, wmse: 5.137918, mae: 0.460579
3612,	Iter: 3612, train loss: 2.7888, avg nll: 0.7257, avg wnll: 6.0627, avg kl: 0.0368, mse: 0.405264, wmse: 5.137630, mae: 0.459968
3613,	Iter: 3613, train loss: 2.8014, avg nll: 0.7275, avg wnll: 6.1406, avg kl: 0.0351, mse: 0.407752, wmse: 5.154883, mae: 0.461159
3614,	Iter: 3614, train loss: 2.8102, avg nll: 0.7305, avg wnll: 6.2257, avg kl: 0.0360, mse: 0.408749, wmse: 5.179334, mae: 0.461467
3615,	Iter: 3615, train loss: 2.8038, avg nll: 0.7270, avg wnll: 6.1937, avg kl: 0.0348, mse: 0.408391, wmse: 5.162582, mae: 0.460971
3616,	Iter: 3616, train loss: 2.8181, avg nll: 0.7381, avg wnll: 6.3090, avg kl: 0.0349, mse: 0.409017, wmse: 5.173188, mae: 0.462050
3617,	Iter: 3617, train loss: 2.8045, avg nll: 0.7290, avg wnll: 6.1151, avg kl: 0.0357, mse: 0.407957, wmse: 5.178707, mae: 0.460600
3618,	Iter: 3618, train loss: 2.7998, avg nll: 0.7234, avg wnll: 6.1773, avg kl: 0.0351, mse: 0.408247, wmse: 5.172489, mae: 0.460901
3619,	Iter: 3619, train loss: 2.7814, avg nll: 0.7173, avg wnll: 6.1046, avg kl: 0.0355, mse: 0.405713, wmse: 5.139129, mae: 0.459378
3620,	Iter: 3620, train loss: 2.8077, avg nll: 0.7304, avg wnll: 6.2147, avg kl: 0.0366, mse: 0.408135, wmse: 5.159515, mae: 0.460944
nll: 18.2214, mse: 0.5488, mae: 0.5321, mean_mse: 7.0440, mean_mae: 0.5321
1679325699.6137786
3621,	Iter: 3621, train loss: 2.8089, avg nll: 0.7381, avg wnll: 6.3121, avg kl: 0.0358, mse: 0.407009, wmse: 5.137263, mae: 0.460548
3622,	Iter: 3622, train loss: 2.7891, avg nll: 0.7260, avg wnll: 6.0637, avg kl: 0.0367, mse: 0.405284, wmse: 5.137762, mae: 0.459975
3623,	Iter: 3623, train loss: 2.8012, avg nll: 0.7275, avg wnll: 6.1380, avg kl: 0.0352, mse: 0.407705, wmse: 5.154466, mae: 0.461143
3624,	Iter: 3624, train loss: 2.8096, avg nll: 0.7300, avg wnll: 6.2272, avg kl: 0.0362, mse: 0.408675, wmse: 5.178204, mae: 0.461424
3625,	Iter: 3625, train loss: 2.8035, avg nll: 0.7267, avg wnll: 6.1845, avg kl: 0.0348, mse: 0.408403, wmse: 5.162586, mae: 0.460970
3626,	Iter: 3626, train loss: 2.8179, avg nll: 0.7379, avg wnll: 6.3093, avg kl: 0.0349, mse: 0.409014, wmse: 5.173663, mae: 0.462051
3627,	Iter: 3627, train loss: 2.8041, avg nll: 0.7288, avg wnll: 6.1118, avg kl: 0.0355, mse: 0.407937, wmse: 5.178335, mae: 0.460588
3628,	Iter: 3628, train loss: 2.7997, avg nll: 0.7232, avg wnll: 6.1819, avg kl: 0.0352, mse: 0.408255, wmse: 5.172294, mae: 0.460909
3629,	Iter: 3629, train loss: 2.7810, avg nll: 0.7170, avg wnll: 6.0989, avg kl: 0.0352, mse: 0.405766, wmse: 5.140540, mae: 0.459424
3630,slurmstepd: error: *** JOB 247245 ON gpu0 CANCELLED AT 2023-03-20T15:36:52 ***
