Namespace(n_union_tp=3500, data_folder='datasets/ZTF_r', checkpoint='datasets/ZTF_r0.8400019407272339.h5', start_col=1, inc_errors=False, print_at=1, embed_time=128, enc_num_heads=16, latent_dim=64, mixing='concat', num_ref_points=16, rec_hidden=128, width=512, save_at=30, patience=100, early_stopping=False, niters=20000, frac=0.5, batch_size=2, mse_weight=5.0, dropout=0.0, num_resamples=0, lr=2.5e-05, scheduler=False, warmup=4000, kl_zero=False, kl_annealing=True, net='hetvae', device='cuda', const_var=False, var_per_dim=False, std=0.1, seed=2, save=True, k_iwae=1) 8946460
validated 3407 files out of 3407 for band='r'
3407 3407
(2614, 1, 2011, 3)
created union_tp attribute of length 3500
dataset created w/ shape (2614, 1, 2011, 3)
train size: 2352, valid size: 236, test size: 262
datasets/ZTF_r
=> loading checkpoint 'datasets/ZTF_r0.8400019407272339.h5'
Namespace(n_union_tp=3500, data_folder='datasets/ZTF_r', checkpoint='datasets/ZTF_r0.8807774782180786.h5', start_col=1, inc_errors=False, print_at=1, embed_time=128, enc_num_heads=16, latent_dim=64, mixing='concat', num_ref_points=16, rec_hidden=128, width=512, save_at=30, patience=100, early_stopping=False, niters=20000, frac=0.5, batch_size=2, mse_weight=5.0, dropout=0.0, num_resamples=0, lr=5e-05, scheduler=False, warmup=4000, kl_zero=False, kl_annealing=True, net='hetvae', device='cuda', const_var=False, var_per_dim=False, std=0.1, seed=2, save=True, k_iwae=1)
loaded checkpoint w/ loss=2.950780332620655
model_size=498882
1591,	Iter: 1591, train loss: 3.6319, avg nll: 1.0600, avg wnll: 6.9094, avg kl: 0.0571, mse: 0.508844, wmse: 6.529169, mae: 0.517128
1592,	Iter: 1592, train loss: 3.5592, avg nll: 1.0236, avg wnll: 6.4680, avg kl: 0.0599, mse: 0.501253, wmse: 6.400740, mae: 0.512743
1593,	Iter: 1593, train loss: 3.5577, avg nll: 1.0212, avg wnll: 6.5110, avg kl: 0.0569, mse: 0.501647, wmse: 6.436822, mae: 0.512371
1594,	Iter: 1594, train loss: 3.5655, avg nll: 1.0154, avg wnll: 6.3566, avg kl: 0.0567, mse: 0.504331, wmse: 6.439301, mae: 0.512465
1595,	Iter: 1595, train loss: 3.5298, avg nll: 1.0071, avg wnll: 6.3511, avg kl: 0.0560, mse: 0.498851, wmse: 6.341900, mae: 0.509910
1596,	Iter: 1596, train loss: 3.5210, avg nll: 1.0058, avg wnll: 6.3572, avg kl: 0.0511, mse: 0.497809, wmse: 6.332083, mae: 0.509169
1597,	Iter: 1597, train loss: 3.5203, avg nll: 1.0052, avg wnll: 6.3621, avg kl: 0.0503, mse: 0.497826, wmse: 6.345099, mae: 0.509550
1598,	Iter: 1598, train loss: 3.5036, avg nll: 1.0023, avg wnll: 6.3219, avg kl: 0.0494, mse: 0.495107, wmse: 6.309223, mae: 0.508734
1599,	Iter: 1599, train loss: 3.5092, avg nll: 1.0020, avg wnll: 6.3273, avg kl: 0.0459, mse: 0.496604, wmse: 6.318514, mae: 0.509104
1600,	Iter: 1600, train loss: 3.5026, avg nll: 1.0006, avg wnll: 6.3604, avg kl: 0.0457, mse: 0.495534, wmse: 6.313728, mae: 0.508012
nll: 1.0025, mse: 0.5403, mae: 0.5278, mean_mse: 6.8978, mean_mae: 0.5278
1679061702.3291678
1601,	Iter: 1601, train loss: 3.0520, avg nll: 0.8874, avg wnll: 5.9424, avg kl: 0.0408, mse: 0.428518, wmse: 5.411440, mae: 0.473832
1602,	Iter: 1602, train loss: 2.9551, avg nll: 0.8439, avg wnll: 6.1222, avg kl: 0.0444, mse: 0.417415, wmse: 5.289423, mae: 0.467728
1603,	Iter: 1603, train loss: 2.9490, avg nll: 0.8353, avg wnll: 6.1556, avg kl: 0.0412, mse: 0.418211, wmse: 5.287343, mae: 0.468022
1604,	Iter: 1604, train loss: 2.9521, avg nll: 0.8346, avg wnll: 6.1744, avg kl: 0.0415, mse: 0.418903, wmse: 5.308704, mae: 0.467985
1605,	Iter: 1605, train loss: 2.9464, avg nll: 0.8368, avg wnll: 6.1599, avg kl: 0.0393, mse: 0.417512, wmse: 5.275158, mae: 0.467234
1606,	Iter: 1606, train loss: 2.9430, avg nll: 0.8354, avg wnll: 6.1471, avg kl: 0.0397, mse: 0.417027, wmse: 5.278816, mae: 0.467541
1607,	Iter: 1607, train loss: 2.9357, avg nll: 0.8320, avg wnll: 6.2609, avg kl: 0.0405, mse: 0.416123, wmse: 5.283438, mae: 0.466206
1608,	Iter: 1608, train loss: 2.9444, avg nll: 0.8354, avg wnll: 6.1869, avg kl: 0.0394, mse: 0.417257, wmse: 5.290892, mae: 0.467001
1609,	Iter: 1609, train loss: 2.9212, avg nll: 0.8267, avg wnll: 6.2144, avg kl: 0.0395, mse: 0.414314, wmse: 5.249541, mae: 0.465180
1610,	Iter: 1610, train loss: 2.9506, avg nll: 0.8392, avg wnll: 6.1210, avg kl: 0.0411, mse: 0.417444, wmse: 5.279088, mae: 0.467222
nll: 1.0561, mse: 0.5524, mae: 0.5343, mean_mse: 7.1056, mean_mae: 0.5343
1679062691.068441
1611,	Iter: 1611, train loss: 2.9127, avg nll: 0.8241, avg wnll: 6.1726, avg kl: 0.0409, mse: 0.412872, wmse: 5.211401, mae: 0.464861
1612,	Iter: 1612, train loss: 2.8938, avg nll: 0.8116, avg wnll: 6.1592, avg kl: 0.0431, mse: 0.411303, wmse: 5.211769, mae: 0.464126
1613,	Iter: 1613, train loss: 2.9110, avg nll: 0.8150, avg wnll: 6.2028, avg kl: 0.0406, mse: 0.414314, wmse: 5.238752, mae: 0.465827
1614,	Iter: 1614, train loss: 2.9166, avg nll: 0.8143, avg wnll: 6.1785, avg kl: 0.0414, mse: 0.415431, wmse: 5.263350, mae: 0.466039
1615,	Iter: 1615, train loss: 2.9127, avg nll: 0.8145, avg wnll: 6.1828, avg kl: 0.0393, mse: 0.414813, wmse: 5.241109, mae: 0.465429
1616,	Iter: 1616, train loss: 2.9149, avg nll: 0.8158, avg wnll: 6.1633, avg kl: 0.0400, mse: 0.414881, wmse: 5.250672, mae: 0.466218
1617,	Iter: 1617, train loss: 2.9060, avg nll: 0.8117, avg wnll: 6.2089, avg kl: 0.0401, mse: 0.413852, wmse: 5.254062, mae: 0.464728
1618,	Iter: 1618, train loss: 2.9141, avg nll: 0.8141, avg wnll: 6.2131, avg kl: 0.0395, mse: 0.415022, wmse: 5.259542, mae: 0.465494
1619,	Iter: 1619, train loss: 2.8982, avg nll: 0.8072, avg wnll: 6.2054, avg kl: 0.0391, mse: 0.413246, wmse: 5.237374, mae: 0.464493
1620,	Iter: 1620, train loss: 2.9169, avg nll: 0.8154, avg wnll: 6.1510, avg kl: 0.0408, mse: 0.415074, wmse: 5.248660, mae: 0.465458
nll: 1.1081, mse: 0.5517, mae: 0.5341, mean_mse: 7.1092, mean_mae: 0.5341
1679063674.347132
saving.................
done
1621,	Iter: 1621, train loss: 2.8978, avg nll: 0.8132, avg wnll: 6.2084, avg kl: 0.0397, mse: 0.411799, wmse: 5.200772, mae: 0.464162
1622,	Iter: 1622, train loss: 2.8879, avg nll: 0.8055, avg wnll: 6.1934, avg kl: 0.0424, mse: 0.410951, wmse: 5.209435, mae: 0.463993
1623,	Iter: 1623, train loss: 2.9106, avg nll: 0.8117, avg wnll: 6.2402, avg kl: 0.0397, mse: 0.414580, wmse: 5.244015, mae: 0.465884
1624,	Iter: 1624, train loss: 2.9175, avg nll: 0.8129, avg wnll: 6.1830, avg kl: 0.0407, mse: 0.415537, wmse: 5.268279, mae: 0.466187
1625,	Iter: 1625, train loss: 2.9125, avg nll: 0.8143, avg wnll: 6.1939, avg kl: 0.0390, mse: 0.414433, wmse: 5.238748, mae: 0.465382
1626,	Iter: 1626, train loss: 2.9190, avg nll: 0.8183, avg wnll: 6.1780, avg kl: 0.0385, mse: 0.414972, wmse: 5.252890, mae: 0.466370
1627,	Iter: 1627, train loss: 2.9096, avg nll: 0.8135, avg wnll: 6.2266, avg kl: 0.0397, mse: 0.413851, wmse: 5.254327, mae: 0.464866
1628,	Iter: 1628, train loss: 2.9201, avg nll: 0.8172, avg wnll: 6.1893, avg kl: 0.0384, mse: 0.415336, wmse: 5.268446, mae: 0.465900
1629,	Iter: 1629, train loss: 2.8988, avg nll: 0.8087, avg wnll: 6.2103, avg kl: 0.0385, mse: 0.412716, wmse: 5.228834, mae: 0.464305
1630,	Iter: 1630, train loss: 2.9229, avg nll: 0.8196, avg wnll: 6.1728, avg kl: 0.0396, mse: 0.415180, wmse: 5.251869, mae: 0.465732
nll: 1.1063, mse: 0.5542, mae: 0.5356, mean_mse: 7.1306, mean_mae: 0.5356
1679064648.0176492
1631,	Iter: 1631, train loss: 2.8980, avg nll: 0.8141, avg wnll: 6.2200, avg kl: 0.0389, mse: 0.411341, wmse: 5.194519, mae: 0.463999
1632,	Iter: 1632, train loss: 2.8919, avg nll: 0.8089, avg wnll: 6.1804, avg kl: 0.0408, mse: 0.410862, wmse: 5.209569, mae: 0.463960
1633,	Iter: 1633, train loss: 2.9120, avg nll: 0.8144, avg wnll: 6.2686, avg kl: 0.0383, mse: 0.414103, wmse: 5.238054, mae: 0.465788
1634,	Iter: 1634, train loss: 2.9237, avg nll: 0.8180, avg wnll: 6.2186, avg kl: 0.0390, mse: 0.415584, wmse: 5.267624, mae: 0.466468
1635,	Iter: 1635, train loss: 2.9165, avg nll: 0.8170, avg wnll: 6.1857, avg kl: 0.0377, mse: 0.414473, wmse: 5.241018, mae: 0.465505
1636,	Iter: 1636, train loss: 2.9267, avg nll: 0.8221, avg wnll: 6.1871, avg kl: 0.0375, mse: 0.415477, wmse: 5.263323, mae: 0.466828
1637,	Iter: 1637, train loss: 2.9148, avg nll: 0.8166, avg wnll: 6.2262, avg kl: 0.0381, mse: 0.414083, wmse: 5.258400, mae: 0.465042
1638,	Iter: 1638, train loss: 2.9198, avg nll: 0.8172, avg wnll: 6.1993, avg kl: 0.0371, mse: 0.415069, wmse: 5.263861, mae: 0.465705
1639,	Iter: 1639, train loss: 2.9005, avg nll: 0.8107, avg wnll: 6.2309, avg kl: 0.0365, mse: 0.412544, wmse: 5.227162, mae: 0.464227
1640,	Iter: 1640, train loss: 2.9236, avg nll: 0.8199, avg wnll: 6.1478, avg kl: 0.0382, mse: 0.415043, wmse: 5.250330, mae: 0.465851
nll: 1.1190, mse: 0.5527, mae: 0.5349, mean_mse: 7.1208, mean_mae: 0.5349
1679065647.0320945
1641,	Iter: 1641, train loss: 2.8969, avg nll: 0.8127, avg wnll: 6.2197, avg kl: 0.0380, mse: 0.411109, wmse: 5.193208, mae: 0.463802
1642,	Iter: 1642, train loss: 2.8908, avg nll: 0.8082, avg wnll: 6.1700, avg kl: 0.0395, mse: 0.410548, wmse: 5.208283, mae: 0.463828
1643,	Iter: 1643, train loss: 2.9043, avg nll: 0.8086, avg wnll: 6.2030, avg kl: 0.0375, mse: 0.413439, wmse: 5.229003, mae: 0.465386
1644,	Iter: 1644, train loss: 2.9181, avg nll: 0.8150, avg wnll: 6.2370, avg kl: 0.0381, mse: 0.414754, wmse: 5.259193, mae: 0.465785
1645,	Iter: 1645, train loss: 2.9089, avg nll: 0.8111, avg wnll: 6.1851, avg kl: 0.0364, mse: 0.413912, wmse: 5.232804, mae: 0.465132
1646,	Iter: 1646, train loss: 2.9208, avg nll: 0.8178, avg wnll: 6.1635, avg kl: 0.0367, mse: 0.414883, wmse: 5.253674, mae: 0.466370
1647,	Iter: 1647, train loss: 2.9083, avg nll: 0.8126, avg wnll: 6.2181, avg kl: 0.0373, mse: 0.413282, wmse: 5.247906, mae: 0.464576
1648,	Iter: 1648, train loss: 2.9161, avg nll: 0.8147, avg wnll: 6.2203, avg kl: 0.0360, mse: 0.414571, wmse: 5.259473, mae: 0.465465
1649,	Iter: 1649, train loss: 2.8990, avg nll: 0.8081, avg wnll: 6.2395, avg kl: 0.0360, mse: 0.412451, wmse: 5.227139, mae: 0.464282
1650,	Iter: 1650, train loss: 2.9202, avg nll: 0.8162, avg wnll: 6.1529, avg kl: 0.0375, mse: 0.414786, wmse: 5.246615, mae: 0.465457
nll: 1.1194, mse: 0.5522, mae: 0.5344, mean_mse: 7.1093, mean_mae: 0.5344
1679066618.9868774
saving.................
done
1651,	Iter: 1651, train loss: 2.8996, avg nll: 0.8139, avg wnll: 6.2397, avg kl: 0.0367, mse: 0.411239, wmse: 5.197085, mae: 0.463979
1652,	Iter: 1652, train loss: 2.8939, avg nll: 0.8102, avg wnll: 6.2293, avg kl: 0.0386, mse: 0.410494, wmse: 5.205832, mae: 0.463904
1653,	Iter: 1653, train loss: 2.9119, avg nll: 0.8136, avg wnll: 6.2007, avg kl: 0.0365, mse: 0.413715, wmse: 5.232600, mae: 0.465584
1654,	Iter: 1654, train loss: 2.9208, avg nll: 0.8145, avg wnll: 6.1576, avg kl: 0.0374, mse: 0.415111, wmse: 5.264272, mae: 0.466108
1655,	Iter: 1655, train loss: 2.9104, avg nll: 0.8117, avg wnll: 6.1938, avg kl: 0.0355, mse: 0.413883, wmse: 5.235100, mae: 0.465062
1656,	Iter: 1656, train loss: 2.9217, avg nll: 0.8203, avg wnll: 6.2105, avg kl: 0.0353, mse: 0.414398, wmse: 5.248811, mae: 0.466227
1657,	Iter: 1657, train loss: 2.9100, avg nll: 0.8130, avg wnll: 6.2133, avg kl: 0.0363, mse: 0.413326, wmse: 5.250504, mae: 0.464571
1658,	Iter: 1658, train loss: 2.9146, avg nll: 0.8134, avg wnll: 6.2048, avg kl: 0.0352, mse: 0.414306, wmse: 5.254250, mae: 0.465336
1659,	Iter: 1659, train loss: 2.8980, avg nll: 0.8068, avg wnll: 6.2505, avg kl: 0.0350, mse: 0.412300, wmse: 5.226357, mae: 0.464107
1660,	Iter: 1660, train loss: 2.9194, avg nll: 0.8158, avg wnll: 6.1725, avg kl: 0.0363, mse: 0.414529, wmse: 5.243774, mae: 0.465479
nll: 1.1313, mse: 0.5545, mae: 0.5360, mean_mse: 7.1500, mean_mae: 0.5360
1679067593.963451
1661,	Iter: 1661, train loss: 2.9005, avg nll: 0.8144, avg wnll: 6.2428, avg kl: 0.0357, mse: 0.411092, wmse: 5.194837, mae: 0.463817
1662,	Iter: 1662, train loss: 2.8946, avg nll: 0.8094, avg wnll: 6.2101, avg kl: 0.0374, mse: 0.410571, wmse: 5.209316, mae: 0.463981
1663,	Iter: 1663, train loss: 2.9112, avg nll: 0.8118, avg wnll: 6.1983, avg kl: 0.0352, mse: 0.413756, wmse: 5.235010, mae: 0.465745
1664,	Iter: 1664, train loss: 2.9158, avg nll: 0.8118, avg wnll: 6.1809, avg kl: 0.0360, mse: 0.414499, wmse: 5.257580, mae: 0.465679
1665,	Iter: 1665, train loss: 2.9099, avg nll: 0.8111, avg wnll: 6.1954, avg kl: 0.0350, mse: 0.413595, wmse: 5.229429, mae: 0.465033
1666,	Iter: 1666, train loss: 2.9218, avg nll: 0.8192, avg wnll: 6.1770, avg kl: 0.0347, mse: 0.414383, wmse: 5.250181, mae: 0.466287
1667,	Iter: 1667, train loss: 2.9099, avg nll: 0.8131, avg wnll: 6.2401, avg kl: 0.0352, mse: 0.413083, wmse: 5.246738, mae: 0.464515
1668,	Iter: 1668, train loss: 2.9149, avg nll: 0.8119, avg wnll: 6.1853, avg kl: 0.0340, mse: 0.414491, wmse: 5.256371, mae: 0.465453
1669,	Iter: 1669, train loss: 2.8996, avg nll: 0.8081, avg wnll: 6.2313, avg kl: 0.0340, mse: 0.412170, wmse: 5.223166, mae: 0.464078
1670,	Iter: 1670, train loss: 2.9213, avg nll: 0.8162, avg wnll: 6.1655, avg kl: 0.0354, mse: 0.414605, wmse: 5.247341, mae: 0.465499
nll: 1.1041, mse: 0.5531, mae: 0.5350, mean_mse: 7.1185, mean_mae: 0.5350
1679068582.368751
1671,	Iter: 1671, train loss: 2.8997, avg nll: 0.8130, avg wnll: 6.2130, avg kl: 0.0345, mse: 0.411064, wmse: 5.193609, mae: 0.463832
1672,	Iter: 1672, train loss: 2.8912, avg nll: 0.8070, avg wnll: 6.1833, avg kl: 0.0368, mse: 0.410089, wmse: 5.200565, mae: 0.463626
1673,	Iter: 1673, train loss: 2.9068, avg nll: 0.8093, avg wnll: 6.2126, avg kl: 0.0348, mse: 0.413086, wmse: 5.224877, mae: 0.465223
1674,	Iter: 1674, train loss: 2.9161, avg nll: 0.8105, avg wnll: 6.1788, avg kl: 0.0351, mse: 0.414602, wmse: 5.259158, mae: 0.465842
1675,	Iter: 1675, train loss: 2.9138, avg nll: 0.8127, avg wnll: 6.1878, avg kl: 0.0335, mse: 0.413993, wmse: 5.238141, mae: 0.465214
1676,	Iter: 1676, train loss: 2.9202, avg nll: 0.8182, avg wnll: 6.1855, avg kl: 0.0331, mse: 0.414186, wmse: 5.246850, mae: 0.466016
1677,	Iter: 1677, train loss: 2.9121, avg nll: 0.8123, avg wnll: 6.2370, avg kl: 0.0341, mse: 0.413528, wmse: 5.254910, mae: 0.464809
1678,	Iter: 1678, train loss: 2.9186, avg nll: 0.8153, avg wnll: 6.1849, avg kl: 0.0330, mse: 0.414398, wmse: 5.255030, mae: 0.465419
1679,	Iter: 1679, train loss: 2.8946, avg nll: 0.8035, avg wnll: 6.1914, avg kl: 0.0332, mse: 0.411889, wmse: 5.222399, mae: 0.463876
1680,	Iter: 1680, train loss: 2.9249, avg nll: 0.8165, avg wnll: 6.1807, avg kl: 0.0340, mse: 0.415145, wmse: 5.256332, mae: 0.465925
nll: 1.0978, mse: 0.5523, mae: 0.5345, mean_mse: 7.1126, mean_mae: 0.5345
1679069570.5971742
saving.................
done
1681,	Iter: 1681, train loss: 2.8980, avg nll: 0.8115, avg wnll: 6.2233, avg kl: 0.0334, mse: 0.410844, wmse: 5.190055, mae: 0.463743
1682,	Iter: 1682, train loss: 2.8937, avg nll: 0.8078, avg wnll: 6.1941, avg kl: 0.0353, mse: 0.410319, wmse: 5.203970, mae: 0.463832
1683,	Iter: 1683, train loss: 2.9099, avg nll: 0.8112, avg wnll: 6.2132, avg kl: 0.0334, mse: 0.413216, wmse: 5.229444, mae: 0.465464
1684,	Iter: 1684, train loss: 2.9160, avg nll: 0.8110, avg wnll: 6.2184, avg kl: 0.0338, mse: 0.414374, wmse: 5.255975, mae: 0.465652
1685,	Iter: 1685, train loss: 2.9122, avg nll: 0.8123, avg wnll: 6.2090, avg kl: 0.0328, mse: 0.413513, wmse: 5.229725, mae: 0.464990
1686,	Iter: 1686, train loss: 2.9231, avg nll: 0.8186, avg wnll: 6.2056, avg kl: 0.0328, mse: 0.414390, wmse: 5.252107, mae: 0.466118
1687,	Iter: 1687, train loss: 2.9057, avg nll: 0.8090, avg wnll: 6.2172, avg kl: 0.0332, mse: 0.412745, wmse: 5.241446, mae: 0.464145
1688,	Iter: 1688, train loss: 2.9134, avg nll: 0.8113, avg wnll: 6.1860, avg kl: 0.0323, mse: 0.413973, wmse: 5.250386, mae: 0.465181
1689,	Iter: 1689, train loss: 2.9010, avg nll: 0.8090, avg wnll: 6.2234, avg kl: 0.0326, mse: 0.411886, wmse: 5.218749, mae: 0.464024
1690,	Iter: 1690, train loss: 2.9230, avg nll: 0.8178, avg wnll: 6.1724, avg kl: 0.0337, mse: 0.414296, wmse: 5.242712, mae: 0.465398
nll: 1.1017, mse: 0.5534, mae: 0.5352, mean_mse: 7.1260, mean_mae: 0.5352
1679070545.709503
1691,	Iter: 1691, train loss: 2.9050, avg nll: 0.8169, avg wnll: 6.2699, avg kl: 0.0323, mse: 0.411175, wmse: 5.198566, mae: 0.463964
1692,	Iter: 1692, train loss: 2.8923, avg nll: 0.8073, avg wnll: 6.1684, avg kl: 0.0346, mse: 0.410083, wmse: 5.201146, mae: 0.463552
1693,	Iter: 1693, train loss: 2.9084, avg nll: 0.8108, avg wnll: 6.1978, avg kl: 0.0325, mse: 0.413027, wmse: 5.225620, mae: 0.465223
1694,	Iter: 1694, train loss: 2.9143, avg nll: 0.8100, avg wnll: 6.2122, avg kl: 0.0334, mse: 0.414164, wmse: 5.255040, mae: 0.465560
1695,	Iter: 1695, train loss: 2.9094, avg nll: 0.8102, avg wnll: 6.1965, avg kl: 0.0322, mse: 0.413397, wmse: 5.228476, mae: 0.464907
1696,	Iter: 1696, train loss: 2.9191, avg nll: 0.8169, avg wnll: 6.1747, avg kl: 0.0320, mse: 0.414022, wmse: 5.244056, mae: 0.465927
1697,	Iter: 1697, train loss: 2.9048, avg nll: 0.8080, avg wnll: 6.2138, avg kl: 0.0329, mse: 0.412788, wmse: 5.243466, mae: 0.464286
1698,	Iter: 1698, train loss: 2.9158, avg nll: 0.8128, avg wnll: 6.2054, avg kl: 0.0317, mse: 0.414268, wmse: 5.256711, mae: 0.465363
1699,	Iter: 1699, train loss: 2.9032, avg nll: 0.8102, avg wnll: 6.1961, avg kl: 0.0317, mse: 0.412270, wmse: 5.227533, mae: 0.464236
1700,	Iter: 1700, train loss: 2.9211, avg nll: 0.8165, avg wnll: 6.1773, avg kl: 0.0329, mse: 0.414341, wmse: 5.246766, mae: 0.465457
nll: 1.1299, mse: 0.5530, mae: 0.5350, mean_mse: 7.1274, mean_mae: 0.5350
1679071544.0687559
1701,	Iter: 1701, train loss: 2.8991, avg nll: 0.8127, avg wnll: 6.2565, avg kl: 0.0326, mse: 0.410764, wmse: 5.189479, mae: 0.463655
1702,	Iter: 1702, train loss: 2.8855, avg nll: 0.8026, avg wnll: 6.1666, avg kl: 0.0343, mse: 0.409738, wmse: 5.195716, mae: 0.463436
1703,	Iter: 1703, train loss: 2.9034, avg nll: 0.8078, avg wnll: 6.1991, avg kl: 0.0321, mse: 0.412703, wmse: 5.221512, mae: 0.465103
1704,	Iter: 1704, train loss: 2.9177, avg nll: 0.8127, avg wnll: 6.2088, avg kl: 0.0329, mse: 0.414430, wmse: 5.257661, mae: 0.465860
1705,	Iter: 1705, train loss: 2.9113, avg nll: 0.8112, avg wnll: 6.2108, avg kl: 0.0316, mse: 0.413700, wmse: 5.236598, mae: 0.465096
1706,	Iter: 1706, train loss: 2.9228, avg nll: 0.8185, avg wnll: 6.1835, avg kl: 0.0319, mse: 0.414491, wmse: 5.253084, mae: 0.466242
1707,	Iter: 1707, train loss: 2.9039, avg nll: 0.8081, avg wnll: 6.1879, avg kl: 0.0325, mse: 0.412672, wmse: 5.242802, mae: 0.464169
1708,	Iter: 1708, train loss: 2.9116, avg nll: 0.8115, avg wnll: 6.1901, avg kl: 0.0317, mse: 0.413681, wmse: 5.247186, mae: 0.465010
1709,	Iter: 1709, train loss: 2.9000, avg nll: 0.8084, avg wnll: 6.2308, avg kl: 0.0313, mse: 0.412057, wmse: 5.222415, mae: 0.464163
1710,	Iter: 1710, train loss: 2.9208, avg nll: 0.8157, avg wnll: 6.1648, avg kl: 0.0330, mse: 0.414433, wmse: 5.246049, mae: 0.465466
nll: 1.1262, mse: 0.5518, mae: 0.5342, mean_mse: 7.1023, mean_mae: 0.5342
1679072523.0580056
saving.................
done
1711,	Iter: 1711, train loss: 2.8997, avg nll: 0.8126, avg wnll: 6.2161, avg kl: 0.0321, mse: 0.411006, wmse: 5.195760, mae: 0.463912
1712,	Iter: 1712, train loss: 2.8885, avg nll: 0.8054, avg wnll: 6.1867, avg kl: 0.0340, mse: 0.409817, wmse: 5.197864, mae: 0.463455
1713,	Iter: 1713, train loss: 2.9119, avg nll: 0.8144, avg wnll: 6.1931, avg kl: 0.0322, mse: 0.413067, wmse: 5.225083, mae: 0.465303
1714,	Iter: 1714, train loss: 2.9152, avg nll: 0.8122, avg wnll: 6.2189, avg kl: 0.0329, mse: 0.414025, wmse: 5.252359, mae: 0.465508
1715,	Iter: 1715, train loss: 2.9130, avg nll: 0.8132, avg wnll: 6.2223, avg kl: 0.0316, mse: 0.413653, wmse: 5.232468, mae: 0.465053
1716,	Iter: 1716, train loss: 2.9162, avg nll: 0.8169, avg wnll: 6.1785, avg kl: 0.0317, mse: 0.413513, wmse: 5.237935, mae: 0.465669
1717,	Iter: 1717, train loss: 2.9061, avg nll: 0.8101, avg wnll: 6.2102, avg kl: 0.0322, mse: 0.412753, wmse: 5.245009, mae: 0.464251
1718,	Iter: 1718, train loss: 2.9169, avg nll: 0.8144, avg wnll: 6.1919, avg kl: 0.0310, mse: 0.414294, wmse: 5.257019, mae: 0.465556
1719,	Iter: 1719, train loss: 2.9074, avg nll: 0.8133, avg wnll: 6.2698, avg kl: 0.0313, mse: 0.412553, wmse: 5.231835, mae: 0.464511
1720,	Iter: 1720, train loss: 2.9222, avg nll: 0.8185, avg wnll: 6.1547, avg kl: 0.0325, mse: 0.414236, wmse: 5.242722, mae: 0.465396
nll: 1.1729, mse: 0.5553, mae: 0.5364, mean_mse: 7.1506, mean_mae: 0.5364
1679073522.9665215
1721,	Iter: 1721, train loss: 2.8962, avg nll: 0.8114, avg wnll: 6.1923, avg kl: 0.0320, mse: 0.410559, wmse: 5.188804, mae: 0.463732
1722,	Iter: 1722, train loss: 2.8972, avg nll: 0.8091, avg wnll: 6.1782, avg kl: 0.0333, mse: 0.410979, wmse: 5.225438, mae: 0.464255
1723,	Iter: 1723, train loss: 2.9010, avg nll: 0.8052, avg wnll: 6.1694, avg kl: 0.0316, mse: 0.412822, wmse: 5.223428, mae: 0.465155
1724,	Iter: 1724, train loss: 2.9128, avg nll: 0.8109, avg wnll: 6.2050, avg kl: 0.0321, mse: 0.413949, wmse: 5.251739, mae: 0.465464
1725,	Iter: 1725, train loss: 2.9070, avg nll: 0.8108, avg wnll: 6.1752, avg kl: 0.0314, mse: 0.412976, wmse: 5.224413, mae: 0.464631
1726,	Iter: 1726, train loss: 2.9126, avg nll: 0.8136, avg wnll: 6.1860, avg kl: 0.0311, mse: 0.413577, wmse: 5.240903, mae: 0.465654
1727,	Iter: 1727, train loss: 2.9050, avg nll: 0.8098, avg wnll: 6.2079, avg kl: 0.0321, mse: 0.412630, wmse: 5.243145, mae: 0.464260
1728,	Iter: 1728, train loss: 2.9114, avg nll: 0.8116, avg wnll: 6.2068, avg kl: 0.0309, mse: 0.413770, wmse: 5.248462, mae: 0.464994
1729,	Iter: 1729, train loss: 2.8925, avg nll: 0.8038, avg wnll: 6.2358, avg kl: 0.0313, mse: 0.411472, wmse: 5.215514, mae: 0.463669
1730,	Iter: 1730, train loss: 2.9152, avg nll: 0.8137, avg wnll: 6.1715, avg kl: 0.0327, mse: 0.413763, wmse: 5.236697, mae: 0.465009
nll: 1.0956, mse: 0.5498, mae: 0.5332, mean_mse: 7.0792, mean_mae: 0.5332
1679074506.8870265
1731,	Iter: 1731, train loss: 2.8916, avg nll: 0.8082, avg wnll: 6.1927, avg kl: 0.0317, mse: 0.410320, wmse: 5.186682, mae: 0.463401
1732,	Iter: 1732, train loss: 2.8877, avg nll: 0.8070, avg wnll: 6.1997, avg kl: 0.0337, mse: 0.409398, wmse: 5.191449, mae: 0.463318
1733,	Iter: 1733, train loss: 2.9063, avg nll: 0.8089, avg wnll: 6.2181, avg kl: 0.0314, mse: 0.413197, wmse: 5.234969, mae: 0.465352
1734,	Iter: 1734, train loss: 2.9173, avg nll: 0.8140, avg wnll: 6.2297, avg kl: 0.0323, mse: 0.414201, wmse: 5.255977, mae: 0.465732
1735,	Iter: 1735, train loss: 2.9050, avg nll: 0.8090, avg wnll: 6.1960, avg kl: 0.0312, mse: 0.412975, wmse: 5.222476, mae: 0.464605
1736,	Iter: 1736, train loss: 2.9110, avg nll: 0.8148, avg wnll: 6.1971, avg kl: 0.0312, mse: 0.413014, wmse: 5.231261, mae: 0.465301
1737,	Iter: 1737, train loss: 2.9031, avg nll: 0.8097, avg wnll: 6.2375, avg kl: 0.0318, mse: 0.412330, wmse: 5.240125, mae: 0.464107
1738,	Iter: 1738, train loss: 2.9076, avg nll: 0.8098, avg wnll: 6.1652, avg kl: 0.0312, mse: 0.413316, wmse: 5.241664, mae: 0.464753
1739,	Iter: 1739, train loss: 2.8952, avg nll: 0.8066, avg wnll: 6.2115, avg kl: 0.0308, mse: 0.411546, wmse: 5.217916, mae: 0.463751
1740,	Iter: 1740, train loss: 2.9278, avg nll: 0.8227, avg wnll: 6.2066, avg kl: 0.0323, mse: 0.414565, wmse: 5.246725, mae: 0.465676
nll: 1.1739, mse: 0.5579, mae: 0.5383, mean_mse: 7.1975, mean_mae: 0.5383
1679075456.4277577
saving.................
done
1741,	Iter: 1741, train loss: 2.9024, avg nll: 0.8142, avg wnll: 6.1751, avg kl: 0.0317, mse: 0.411299, wmse: 5.198990, mae: 0.464131
1742,	Iter: 1742, train loss: 2.8857, avg nll: 0.8056, avg wnll: 6.1713, avg kl: 0.0337, mse: 0.409284, wmse: 5.192838, mae: 0.463215
1743,	Iter: 1743, train loss: 2.8969, avg nll: 0.8053, avg wnll: 6.2002, avg kl: 0.0319, mse: 0.411925, wmse: 5.210938, mae: 0.464537
1744,	Iter: 1744, train loss: 2.9080, avg nll: 0.8093, avg wnll: 6.2082, avg kl: 0.0322, mse: 0.413303, wmse: 5.242958, mae: 0.465015
1745,	Iter: 1745, train loss: 2.9054, avg nll: 0.8112, avg wnll: 6.2168, avg kl: 0.0310, mse: 0.412651, wmse: 5.220973, mae: 0.464444
1746,	Iter: 1746, train loss: 2.9163, avg nll: 0.8182, avg wnll: 6.2021, avg kl: 0.0309, mse: 0.413450, wmse: 5.240489, mae: 0.465754
1747,	Iter: 1747, train loss: 2.9039, avg nll: 0.8113, avg wnll: 6.2412, avg kl: 0.0318, mse: 0.412169, wmse: 5.237366, mae: 0.464033
1748,	Iter: 1748, train loss: 2.9093, avg nll: 0.8107, avg wnll: 6.1738, avg kl: 0.0305, mse: 0.413625, wmse: 5.249619, mae: 0.465093
1749,	Iter: 1749, train loss: 2.8903, avg nll: 0.8041, avg wnll: 6.2004, avg kl: 0.0302, mse: 0.411194, wmse: 5.211484, mae: 0.463648
1750,	Iter: 1750, train loss: 2.9194, avg nll: 0.8174, avg wnll: 6.1735, avg kl: 0.0322, mse: 0.413977, wmse: 5.239371, mae: 0.465376
nll: 1.1367, mse: 0.5521, mae: 0.5346, mean_mse: 7.1005, mean_mae: 0.5346
1679076423.6210966
1751,	Iter: 1751, train loss: 2.8930, avg nll: 0.8099, avg wnll: 6.1912, avg kl: 0.0310, mse: 0.410414, wmse: 5.188341, mae: 0.463503
1752,	Iter: 1752, train loss: 2.8830, avg nll: 0.8035, avg wnll: 6.1956, avg kl: 0.0328, mse: 0.409320, wmse: 5.192092, mae: 0.463199
1753,	Iter: 1753, train loss: 2.8993, avg nll: 0.8075, avg wnll: 6.1989, avg kl: 0.0309, mse: 0.412190, wmse: 5.218083, mae: 0.464835
1754,	Iter: 1754, train loss: 2.9106, avg nll: 0.8100, avg wnll: 6.2115, avg kl: 0.0323, mse: 0.413657, wmse: 5.247219, mae: 0.465397
1755,	Iter: 1755, train loss: 2.9031, avg nll: 0.8098, avg wnll: 6.2076, avg kl: 0.0308, mse: 0.412509, wmse: 5.216522, mae: 0.464482
1756,	Iter: 1756, train loss: 2.9079, avg nll: 0.8121, avg wnll: 6.1728, avg kl: 0.0309, mse: 0.412980, wmse: 5.232523, mae: 0.465321
1757,	Iter: 1757, train loss: 2.9003, avg nll: 0.8082, avg wnll: 6.2419, avg kl: 0.0315, mse: 0.412125, wmse: 5.235930, mae: 0.463943
1758,	Iter: 1758, train loss: 2.9041, avg nll: 0.8076, avg wnll: 6.1678, avg kl: 0.0311, mse: 0.413083, wmse: 5.239897, mae: 0.464744
1759,	Iter: 1759, train loss: 2.8927, avg nll: 0.8052, avg wnll: 6.2053, avg kl: 0.0308, mse: 0.411355, wmse: 5.216567, mae: 0.463684
1760,	Iter: 1760, train loss: 2.9170, avg nll: 0.8146, avg wnll: 6.1460, avg kl: 0.0320, mse: 0.414059, wmse: 5.241536, mae: 0.465384
nll: 1.1287, mse: 0.5520, mae: 0.5342, mean_mse: 7.1093, mean_mae: 0.5342
1679077398.7172668
1761,	Iter: 1761, train loss: 2.8918, avg nll: 0.8101, avg wnll: 6.2194, avg kl: 0.0314, mse: 0.410078, wmse: 5.181194, mae: 0.463404
1762,	Iter: 1762, train loss: 2.8843, avg nll: 0.8055, avg wnll: 6.2260, avg kl: 0.0334, mse: 0.409100, wmse: 5.189248, mae: 0.463148
1763,	Iter: 1763, train loss: 2.9004, avg nll: 0.8079, avg wnll: 6.2061, avg kl: 0.0318, mse: 0.412133, wmse: 5.213120, mae: 0.464882
1764,	Iter: 1764, train loss: 2.9115, avg nll: 0.8117, avg wnll: 6.2361, avg kl: 0.0317, mse: 0.413617, wmse: 5.246872, mae: 0.465194
1765,	Iter: 1765, train loss: 2.9024, avg nll: 0.8086, avg wnll: 6.1782, avg kl: 0.0304, mse: 0.412676, wmse: 5.221275, mae: 0.464518
1766,	Iter: 1766, train loss: 2.9163, avg nll: 0.8162, avg wnll: 6.1804, avg kl: 0.0310, mse: 0.413802, wmse: 5.244354, mae: 0.465964
1767,	Iter: 1767, train loss: 2.9070, avg nll: 0.8139, avg wnll: 6.2301, avg kl: 0.0316, mse: 0.412309, wmse: 5.240456, mae: 0.464144
1768,	Iter: 1768, train loss: 2.9108, avg nll: 0.8120, avg wnll: 6.1824, avg kl: 0.0306, mse: 0.413626, wmse: 5.249595, mae: 0.465203
1769,	Iter: 1769, train loss: 2.8949, avg nll: 0.8080, avg wnll: 6.1959, avg kl: 0.0304, mse: 0.411285, wmse: 5.211070, mae: 0.463700
1770,	Iter: 1770, train loss: 2.9133, avg nll: 0.8139, avg wnll: 6.1663, avg kl: 0.0318, mse: 0.413515, wmse: 5.234033, mae: 0.464929
nll: 1.2074, mse: 0.5534, mae: 0.5353, mean_mse: 7.1211, mean_mae: 0.5353
1679078369.5643206
saving.................
done
1771,	Iter: 1771, train loss: 2.8888, avg nll: 0.8086, avg wnll: 6.1949, avg kl: 0.0314, mse: 0.409761, wmse: 5.179009, mae: 0.463157
1772,	Iter: 1772, train loss: 2.8811, avg nll: 0.8036, avg wnll: 6.2146, avg kl: 0.0331, mse: 0.408891, wmse: 5.188362, mae: 0.462951
1773,	Iter: 1773, train loss: 2.9003, avg nll: 0.8070, avg wnll: 6.2146, avg kl: 0.0311, mse: 0.412440, wmse: 5.220138, mae: 0.464906
1774,	Iter: 1774, train loss: 2.9134, avg nll: 0.8147, avg wnll: 6.2185, avg kl: 0.0321, mse: 0.413310, wmse: 5.243358, mae: 0.465201
1775,	Iter: 1775, train loss: 2.9001, avg nll: 0.8077, avg wnll: 6.1779, avg kl: 0.0309, mse: 0.412298, wmse: 5.217220, mae: 0.464310
1776,	Iter: 1776, train loss: 2.9208, avg nll: 0.8202, avg wnll: 6.1931, avg kl: 0.0307, mse: 0.413981, wmse: 5.248602, mae: 0.466044
1777,	Iter: 1777, train loss: 2.8964, avg nll: 0.8056, avg wnll: 6.1977, avg kl: 0.0312, mse: 0.411903, wmse: 5.234246, mae: 0.463828
1778,	Iter: 1778, train loss: 2.9052, avg nll: 0.8101, avg wnll: 6.1716, avg kl: 0.0305, mse: 0.412900, wmse: 5.238275, mae: 0.464721
1779,	Iter: 1779, train loss: 2.8883, avg nll: 0.8032, avg wnll: 6.2249, avg kl: 0.0306, mse: 0.410921, wmse: 5.210995, mae: 0.463534
1780,	Iter: 1780, train loss: 2.9167, avg nll: 0.8150, avg wnll: 6.1843, avg kl: 0.0315, mse: 0.414040, wmse: 5.240854, mae: 0.465326
nll: 1.1574, mse: 0.5530, mae: 0.5348, mean_mse: 7.1259, mean_mae: 0.5348
1679079312.9842837
1781,	Iter: 1781, train loss: 2.8902, avg nll: 0.8101, avg wnll: 6.2073, avg kl: 0.0314, mse: 0.409746, wmse: 5.178616, mae: 0.463165
1782,	Iter: 1782, train loss: 2.8829, avg nll: 0.8047, avg wnll: 6.2164, avg kl: 0.0331, mse: 0.409028, wmse: 5.188869, mae: 0.463057
1783,	Iter: 1783, train loss: 2.8929, avg nll: 0.8035, avg wnll: 6.1875, avg kl: 0.0313, mse: 0.411636, wmse: 5.208130, mae: 0.464414
1784,	Iter: 1784, train loss: 2.9069, avg nll: 0.8097, avg wnll: 6.2054, avg kl: 0.0312, mse: 0.413199, wmse: 5.240556, mae: 0.465187
1785,	Iter: 1785, train loss: 2.9019, avg nll: 0.8087, avg wnll: 6.1691, avg kl: 0.0306, mse: 0.412515, wmse: 5.217855, mae: 0.464344
1786,	Iter: 1786, train loss: 2.9107, avg nll: 0.8153, avg wnll: 6.1864, avg kl: 0.0306, mse: 0.412980, wmse: 5.232712, mae: 0.465367
1787,	Iter: 1787, train loss: 2.8935, avg nll: 0.8055, avg wnll: 6.2010, avg kl: 0.0315, mse: 0.411296, wmse: 5.224308, mae: 0.463406
1788,	Iter: 1788, train loss: 2.9067, avg nll: 0.8108, avg wnll: 6.1818, avg kl: 0.0305, mse: 0.413083, wmse: 5.241101, mae: 0.464771
1789,	Iter: 1789, train loss: 2.8903, avg nll: 0.8060, avg wnll: 6.2274, avg kl: 0.0304, mse: 0.410781, wmse: 5.207095, mae: 0.463343
1790,	Iter: 1790, train loss: 2.9178, avg nll: 0.8168, avg wnll: 6.1769, avg kl: 0.0315, mse: 0.413897, wmse: 5.239932, mae: 0.465341
nll: 1.1865, mse: 0.5512, mae: 0.5338, mean_mse: 7.0931, mean_mae: 0.5338
1679080292.3608348
1791,	Iter: 1791, train loss: 2.8915, avg nll: 0.8114, avg wnll: 6.2289, avg kl: 0.0311, mse: 0.409804, wmse: 5.181310, mae: 0.463240
1792,	Iter: 1792, train loss: 2.8820, avg nll: 0.8048, avg wnll: 6.1860, avg kl: 0.0329, mse: 0.408850, wmse: 5.185207, mae: 0.463047
1793,	Iter: 1793, train loss: 2.8940, avg nll: 0.8047, avg wnll: 6.1877, avg kl: 0.0311, mse: 0.411636, wmse: 5.207716, mae: 0.464293
1794,	Iter: 1794, train loss: 2.9049, avg nll: 0.8085, avg wnll: 6.2090, avg kl: 0.0316, mse: 0.412954, wmse: 5.240037, mae: 0.464901
1795,	Iter: 1795, train loss: 2.8997, avg nll: 0.8082, avg wnll: 6.1868, avg kl: 0.0302, mse: 0.412272, wmse: 5.216063, mae: 0.464258
1796,	Iter: 1796, train loss: 2.9066, avg nll: 0.8140, avg wnll: 6.1952, avg kl: 0.0307, mse: 0.412372, wmse: 5.223875, mae: 0.465058
1797,	Iter: 1797, train loss: 2.8991, avg nll: 0.8093, avg wnll: 6.2218, avg kl: 0.0314, mse: 0.411693, wmse: 5.231028, mae: 0.463801
1798,	Iter: 1798, train loss: 2.9016, avg nll: 0.8086, avg wnll: 6.1692, avg kl: 0.0300, mse: 0.412590, wmse: 5.235817, mae: 0.464509
1799,	Iter: 1799, train loss: 2.8909, avg nll: 0.8056, avg wnll: 6.2585, avg kl: 0.0299, mse: 0.411086, wmse: 5.211339, mae: 0.463532
1800,	Iter: 1800, train loss: 2.9128, avg nll: 0.8137, avg wnll: 6.1742, avg kl: 0.0316, mse: 0.413510, wmse: 5.234147, mae: 0.464847
nll: 1.2122, mse: 0.5543, mae: 0.5359, mean_mse: 7.1562, mean_mae: 0.5359
1679081241.6707048
saving.................
done
1801,	Iter: 1801, train loss: 2.8898, avg nll: 0.8099, avg wnll: 6.2468, avg kl: 0.0311, mse: 0.409749, wmse: 5.177633, mae: 0.463222
1802,	Iter: 1802, train loss: 2.8794, avg nll: 0.8036, avg wnll: 6.1922, avg kl: 0.0329, mse: 0.408581, wmse: 5.183160, mae: 0.462723
1803,	Iter: 1803, train loss: 2.8949, avg nll: 0.8056, avg wnll: 6.1649, avg kl: 0.0309, mse: 0.411693, wmse: 5.210366, mae: 0.464622
1804,	Iter: 1804, train loss: 2.9027, avg nll: 0.8084, avg wnll: 6.2219, avg kl: 0.0318, mse: 0.412521, wmse: 5.232911, mae: 0.464626
1805,	Iter: 1805, train loss: 2.8977, avg nll: 0.8070, avg wnll: 6.2028, avg kl: 0.0306, mse: 0.412029, wmse: 5.213643, mae: 0.464158
1806,	Iter: 1806, train loss: 2.9091, avg nll: 0.8157, avg wnll: 6.1894, avg kl: 0.0303, mse: 0.412628, wmse: 5.228269, mae: 0.465138
1807,	Iter: 1807, train loss: 2.8961, avg nll: 0.8076, avg wnll: 6.1827, avg kl: 0.0313, mse: 0.411434, wmse: 5.226450, mae: 0.463611
1808,	Iter: 1808, train loss: 2.9024, avg nll: 0.8080, avg wnll: 6.1818, avg kl: 0.0306, mse: 0.412748, wmse: 5.237295, mae: 0.464585
1809,	Iter: 1809, train loss: 2.8892, avg nll: 0.8053, avg wnll: 6.2156, avg kl: 0.0303, mse: 0.410705, wmse: 5.207722, mae: 0.463419
1810,	Iter: 1810, train loss: 2.9121, avg nll: 0.8139, avg wnll: 6.1758, avg kl: 0.0313, mse: 0.413382, wmse: 5.232926, mae: 0.464912
nll: 1.1595, mse: 0.5529, mae: 0.5350, mean_mse: 7.1122, mean_mae: 0.5350
1679082206.2841072
1811,	Iter: 1811, train loss: 2.8868, avg nll: 0.8079, avg wnll: 6.2124, avg kl: 0.0307, mse: 0.409637, wmse: 5.179550, mae: 0.463113
1812,	Iter: 1812, train loss: 2.8802, avg nll: 0.8047, avg wnll: 6.1999, avg kl: 0.0325, mse: 0.408597, wmse: 5.185116, mae: 0.462895
1813,	Iter: 1813, train loss: 2.8945, avg nll: 0.8050, avg wnll: 6.1679, avg kl: 0.0305, mse: 0.411803, wmse: 5.211538, mae: 0.464523
1814,	Iter: 1814, train loss: 2.8986, avg nll: 0.8058, avg wnll: 6.2089, avg kl: 0.0314, mse: 0.412300, wmse: 5.231602, mae: 0.464550
1815,	Iter: 1815, train loss: 2.8978, avg nll: 0.8070, avg wnll: 6.1726, avg kl: 0.0302, mse: 0.412120, wmse: 5.213950, mae: 0.464233
1816,	Iter: 1816, train loss: 2.9084, avg nll: 0.8143, avg wnll: 6.1663, avg kl: 0.0304, mse: 0.412741, wmse: 5.227312, mae: 0.465184
1817,	Iter: 1817, train loss: 2.8937, avg nll: 0.8055, avg wnll: 6.2088, avg kl: 0.0312, mse: 0.411417, wmse: 5.228799, mae: 0.463545
1818,	Iter: 1818, train loss: 2.9001, avg nll: 0.8083, avg wnll: 6.1928, avg kl: 0.0303, mse: 0.412304, wmse: 5.230314, mae: 0.464278
1819,	Iter: 1819, train loss: 2.8842, avg nll: 0.8023, avg wnll: 6.1863, avg kl: 0.0298, mse: 0.410398, wmse: 5.202362, mae: 0.463198
1820,	Iter: 1820, train loss: 2.9150, avg nll: 0.8171, avg wnll: 6.2281, avg kl: 0.0312, mse: 0.413346, wmse: 5.233386, mae: 0.464967
nll: 1.2266, mse: 0.5525, mae: 0.5347, mean_mse: 7.1247, mean_mae: 0.5347
1679083168.0036669
1821,	Iter: 1821, train loss: 2.8848, avg nll: 0.8088, avg wnll: 6.2245, avg kl: 0.0307, mse: 0.409043, wmse: 5.169373, mae: 0.462744
1822,	Iter: 1822, train loss: 2.8782, avg nll: 0.8032, avg wnll: 6.2036, avg kl: 0.0328, mse: 0.408439, wmse: 5.182240, mae: 0.462700
1823,	Iter: 1823, train loss: 2.8931, avg nll: 0.8058, avg wnll: 6.1953, avg kl: 0.0304, mse: 0.411368, wmse: 5.206172, mae: 0.464371
1824,	Iter: 1824, train loss: 2.8983, avg nll: 0.8054, avg wnll: 6.1982, avg kl: 0.0316, mse: 0.412269, wmse: 5.231071, mae: 0.464470
1825,	Iter: 1825, train loss: 2.8973, avg nll: 0.8077, avg wnll: 6.1572, avg kl: 0.0304, mse: 0.411842, wmse: 5.212034, mae: 0.464040
1826,	Iter: 1826, train loss: 2.9051, avg nll: 0.8120, avg wnll: 6.1582, avg kl: 0.0300, mse: 0.412618, wmse: 5.228642, mae: 0.465094
1827,	Iter: 1827, train loss: 2.8963, avg nll: 0.8079, avg wnll: 6.2513, avg kl: 0.0310, mse: 0.411484, wmse: 5.228659, mae: 0.463659
1828,	Iter: 1828, train loss: 2.9025, avg nll: 0.8089, avg wnll: 6.1897, avg kl: 0.0304, mse: 0.412646, wmse: 5.235162, mae: 0.464515
1829,	Iter: 1829, train loss: 2.8874, avg nll: 0.8040, avg wnll: 6.2260, avg kl: 0.0303, mse: 0.410620, wmse: 5.206593, mae: 0.463312
1830,	Iter: 1830, train loss: 2.9192, avg nll: 0.8186, avg wnll: 6.1708, avg kl: 0.0315, mse: 0.413814, wmse: 5.239127, mae: 0.465213
nll: 1.1198, mse: 0.5535, mae: 0.5355, mean_mse: 7.1326, mean_mae: 0.5355
1679084123.9989295
saving.................
done
1831,	Iter: 1831, train loss: 2.8836, avg nll: 0.8066, avg wnll: 6.2150, avg kl: 0.0309, mse: 0.409212, wmse: 5.173222, mae: 0.462797
1832,	Iter: 1832, train loss: 2.8764, avg nll: 0.8027, avg wnll: 6.2236, avg kl: 0.0328, mse: 0.408175, wmse: 5.178342, mae: 0.462580
1833,	Iter: 1833, train loss: 2.8961, avg nll: 0.8077, avg wnll: 6.1877, avg kl: 0.0305, mse: 0.411580, wmse: 5.210771, mae: 0.464536
1834,	Iter: 1834, train loss: 2.8972, avg nll: 0.8047, avg wnll: 6.2238, avg kl: 0.0314, mse: 0.412218, wmse: 5.230293, mae: 0.464459
1835,	Iter: 1835, train loss: 2.8945, avg nll: 0.8067, avg wnll: 6.1760, avg kl: 0.0302, mse: 0.411515, wmse: 5.206963, mae: 0.463854
1836,	Iter: 1836, train loss: 2.9008, avg nll: 0.8100, avg wnll: 6.1435, avg kl: 0.0304, mse: 0.412075, wmse: 5.223891, mae: 0.464818
1837,	Iter: 1837, train loss: 2.8956, avg nll: 0.8077, avg wnll: 6.2301, avg kl: 0.0311, mse: 0.411356, wmse: 5.226861, mae: 0.463557
1838,	Iter: 1838, train loss: 2.8985, avg nll: 0.8074, avg wnll: 6.1951, avg kl: 0.0301, mse: 0.412181, wmse: 5.229964, mae: 0.464243
1839,	Iter: 1839, train loss: 2.8885, avg nll: 0.8051, avg wnll: 6.2526, avg kl: 0.0300, mse: 0.410690, wmse: 5.206488, mae: 0.463411
1840,	Iter: 1840, train loss: 2.9081, avg nll: 0.8129, avg wnll: 6.1573, avg kl: 0.0314, mse: 0.412755, wmse: 5.225873, mae: 0.464621
nll: 1.1633, mse: 0.5521, mae: 0.5343, mean_mse: 7.1073, mean_mae: 0.5343
1679085115.0903606
1841,	Iter: 1841, train loss: 2.8810, avg nll: 0.8060, avg wnll: 6.1989, avg kl: 0.0311, mse: 0.408784, wmse: 5.166103, mae: 0.462639
1842,	Iter: 1842, train loss: 2.8765, avg nll: 0.8022, avg wnll: 6.1865, avg kl: 0.0327, mse: 0.408311, wmse: 5.179434, mae: 0.462675
1843,	Iter: 1843, train loss: 2.8946, avg nll: 0.8062, avg wnll: 6.1879, avg kl: 0.0312, mse: 0.411444, wmse: 5.207703, mae: 0.464397
1844,	Iter: 1844, train loss: 2.9002, avg nll: 0.8074, avg wnll: 6.2159, avg kl: 0.0312, mse: 0.412300, wmse: 5.232684, mae: 0.464636
1845,	Iter: 1845, train loss: 2.8926, avg nll: 0.8054, avg wnll: 6.1781, avg kl: 0.0302, mse: 0.411397, wmse: 5.205155, mae: 0.463767
1846,	Iter: 1846, train loss: 2.9007, avg nll: 0.8100, avg wnll: 6.1481, avg kl: 0.0303, mse: 0.412083, wmse: 5.220849, mae: 0.464838
1847,	Iter: 1847, train loss: 2.8934, avg nll: 0.8075, avg wnll: 6.2037, avg kl: 0.0307, mse: 0.411036, wmse: 5.222099, mae: 0.463368
1848,	Iter: 1848, train loss: 2.9013, avg nll: 0.8085, avg wnll: 6.1818, avg kl: 0.0302, mse: 0.412514, wmse: 5.236995, mae: 0.464446
1849,	Iter: 1849, train loss: 2.8810, avg nll: 0.8014, avg wnll: 6.2212, avg kl: 0.0299, mse: 0.409947, wmse: 5.197230, mae: 0.462813
1850,	Iter: 1850, train loss: 2.9096, avg nll: 0.8128, avg wnll: 6.1666, avg kl: 0.0316, mse: 0.413058, wmse: 5.230641, mae: 0.464779
nll: 1.1590, mse: 0.5532, mae: 0.5349, mean_mse: 7.1326, mean_mae: 0.5349
1679086112.4881384
1851,	Iter: 1851, train loss: 2.8843, avg nll: 0.8082, avg wnll: 6.2434, avg kl: 0.0305, mse: 0.409119, wmse: 5.171669, mae: 0.462882
1852,	Iter: 1852, train loss: 2.8752, avg nll: 0.8009, avg wnll: 6.1681, avg kl: 0.0327, mse: 0.408339, wmse: 5.180854, mae: 0.462654
1853,	Iter: 1853, train loss: 2.8923, avg nll: 0.8060, avg wnll: 6.2089, avg kl: 0.0306, mse: 0.411151, wmse: 5.203229, mae: 0.464244
1854,	Iter: 1854, train loss: 2.9007, avg nll: 0.8069, avg wnll: 6.1885, avg kl: 0.0314, mse: 0.412487, wmse: 5.235326, mae: 0.464729
1855,	Iter: 1855, train loss: 2.8892, avg nll: 0.8026, avg wnll: 6.1689, avg kl: 0.0302, mse: 0.411287, wmse: 5.203592, mae: 0.463653
1856,	Iter: 1856, train loss: 2.9009, avg nll: 0.8105, avg wnll: 6.1667, avg kl: 0.0300, mse: 0.412075, wmse: 5.220031, mae: 0.464903
1857,	Iter: 1857, train loss: 2.8946, avg nll: 0.8076, avg wnll: 6.2299, avg kl: 0.0312, mse: 0.411165, wmse: 5.226443, mae: 0.463401
1858,	Iter: 1858, train loss: 2.8942, avg nll: 0.8055, avg wnll: 6.1712, avg kl: 0.0301, mse: 0.411744, wmse: 5.222754, mae: 0.463967
1859,	Iter: 1859, train loss: 2.8801, avg nll: 0.7999, avg wnll: 6.2138, avg kl: 0.0303, mse: 0.409981, wmse: 5.196200, mae: 0.462942
1860,	Iter: 1860, train loss: 2.9055, avg nll: 0.8109, avg wnll: 6.1504, avg kl: 0.0311, mse: 0.412694, wmse: 5.224576, mae: 0.464484
nll: 1.1753, mse: 0.5543, mae: 0.5359, mean_mse: 7.1436, mean_mae: 0.5359
1679087073.566981
saving.................
done
1861,	Iter: 1861, train loss: 2.8896, avg nll: 0.8128, avg wnll: 6.2540, avg kl: 0.0308, mse: 0.409204, wmse: 5.173503, mae: 0.463018
1862,	Iter: 1862, train loss: 2.8712, avg nll: 0.7997, avg wnll: 6.1713, avg kl: 0.0327, mse: 0.407764, wmse: 5.173320, mae: 0.462335
1863,	Iter: 1863, train loss: 2.8925, avg nll: 0.8057, avg wnll: 6.2013, avg kl: 0.0307, mse: 0.411222, wmse: 5.203570, mae: 0.464445
1864,	Iter: 1864, train loss: 2.8989, avg nll: 0.8076, avg wnll: 6.1994, avg kl: 0.0312, mse: 0.412025, wmse: 5.228797, mae: 0.464451
1865,	Iter: 1865, train loss: 2.8924, avg nll: 0.8064, avg wnll: 6.1937, avg kl: 0.0303, mse: 0.411141, wmse: 5.201516, mae: 0.463681
1866,	Iter: 1866, train loss: 2.9026, avg nll: 0.8112, avg wnll: 6.1745, avg kl: 0.0302, mse: 0.412232, wmse: 5.223216, mae: 0.464986
1867,	Iter: 1867, train loss: 2.8904, avg nll: 0.8059, avg wnll: 6.1967, avg kl: 0.0306, mse: 0.410796, wmse: 5.219055, mae: 0.463137
1868,	Iter: 1868, train loss: 2.8959, avg nll: 0.8060, avg wnll: 6.1908, avg kl: 0.0305, mse: 0.411885, wmse: 5.228496, mae: 0.464066
1869,	Iter: 1869, train loss: 2.8812, avg nll: 0.8024, avg wnll: 6.2076, avg kl: 0.0303, mse: 0.409704, wmse: 5.194311, mae: 0.462718
1870,	Iter: 1870, train loss: 2.9176, avg nll: 0.8170, avg wnll: 6.1716, avg kl: 0.0311, mse: 0.413924, wmse: 5.242171, mae: 0.465325
nll: 1.1875, mse: 0.5517, mae: 0.5344, mean_mse: 7.1113, mean_mae: 0.5344
1679088049.624677
1871,	Iter: 1871, train loss: 2.8851, avg nll: 0.8092, avg wnll: 6.2104, avg kl: 0.0305, mse: 0.409089, wmse: 5.170858, mae: 0.462873
1872,	Iter: 1872, train loss: 2.8712, avg nll: 0.8003, avg wnll: 6.1680, avg kl: 0.0330, mse: 0.407579, wmse: 5.172247, mae: 0.462199
1873,	Iter: 1873, train loss: 2.8897, avg nll: 0.8045, avg wnll: 6.2090, avg kl: 0.0302, mse: 0.410997, wmse: 5.200835, mae: 0.464199
1874,	Iter: 1874, train loss: 2.8986, avg nll: 0.8069, avg wnll: 6.2061, avg kl: 0.0312, mse: 0.412106, wmse: 5.229560, mae: 0.464579
1875,	Iter: 1875, train loss: 2.8545, avg nll: 0.8020, avg wnll: 6.1605, avg kl: 0.0361, mse: 0.410509, wmse: 5.191284, mae: 0.463043
1876,	Iter: 1876, train loss: 2.8661, avg nll: 0.8099, avg wnll: 6.2104, avg kl: 0.0399, mse: 0.411200, wmse: 5.212432, mae: 0.464264
1877,	Iter: 1877, train loss: 2.8533, avg nll: 0.8023, avg wnll: 6.2070, avg kl: 0.0435, mse: 0.410093, wmse: 5.205221, mae: 0.462559
1878,	Iter: 1878, train loss: 2.8577, avg nll: 0.8025, avg wnll: 6.1984, avg kl: 0.0432, mse: 0.410910, wmse: 5.209694, mae: 0.463217
1879,	Iter: 1879, train loss: 2.8494, avg nll: 0.8020, avg wnll: 6.2210, avg kl: 0.0441, mse: 0.409291, wmse: 5.183860, mae: 0.462382
1880,	Iter: 1880, train loss: 2.8761, avg nll: 0.8137, avg wnll: 6.1744, avg kl: 0.0475, mse: 0.412241, wmse: 5.214738, mae: 0.464235
nll: 1.2313, mse: 0.5560, mae: 0.5368, mean_mse: 7.1716, mean_mae: 0.5368
1679089014.9127164
1881,	Iter: 1881, train loss: 2.8423, avg nll: 0.8019, avg wnll: 6.1856, avg kl: 0.0467, mse: 0.407777, wmse: 5.148016, mae: 0.461733
1882,	Iter: 1882, train loss: 2.8359, avg nll: 0.7987, avg wnll: 6.1807, avg kl: 0.0495, mse: 0.407060, wmse: 5.161828, mae: 0.461769
1883,	Iter: 1883, train loss: 2.8545, avg nll: 0.8013, avg wnll: 6.2416, avg kl: 0.0478, mse: 0.410238, wmse: 5.187183, mae: 0.463594
1884,	Iter: 1884, train loss: 2.8596, avg nll: 0.8028, avg wnll: 6.2146, avg kl: 0.0492, mse: 0.410893, wmse: 5.210972, mae: 0.463525
1885,	Iter: 1885, train loss: 2.8564, avg nll: 0.8017, avg wnll: 6.1613, avg kl: 0.0499, mse: 0.410397, wmse: 5.185628, mae: 0.463099
1886,	Iter: 1886, train loss: 2.8665, avg nll: 0.8107, avg wnll: 6.2018, avg kl: 0.0514, mse: 0.410573, wmse: 5.195609, mae: 0.463825
1887,	Iter: 1887, train loss: 2.8488, avg nll: 0.7990, avg wnll: 6.1970, avg kl: 0.0519, mse: 0.409305, wmse: 5.194373, mae: 0.461992
1888,	Iter: 1888, train loss: 2.8613, avg nll: 0.8046, avg wnll: 6.2168, avg kl: 0.0509, mse: 0.410635, wmse: 5.207417, mae: 0.463262
1889,	Iter: 1889, train loss: 2.8425, avg nll: 0.7967, avg wnll: 6.1778, avg kl: 0.0507, mse: 0.408404, wmse: 5.169832, mae: 0.461774
1890,	Iter: 1890, train loss: 2.8717, avg nll: 0.8096, avg wnll: 6.1973, avg kl: 0.0542, mse: 0.411551, wmse: 5.204224, mae: 0.463636
nll: 1.1980, mse: 0.5521, mae: 0.5344, mean_mse: 7.1260, mean_mae: 0.5344
1679089992.1755588
saving.................
done
1891,	Iter: 1891, train loss: 2.8470, avg nll: 0.8048, avg wnll: 6.2701, avg kl: 0.0514, mse: 0.407564, wmse: 5.147583, mae: 0.461642
1892,	Iter: 1892, train loss: 2.8380, avg nll: 0.8003, avg wnll: 6.1756, avg kl: 0.0551, mse: 0.406549, wmse: 5.155973, mae: 0.461459
1893,	Iter: 1893, train loss: 2.8493, avg nll: 0.7988, avg wnll: 6.1913, avg kl: 0.0517, mse: 0.409103, wmse: 5.173308, mae: 0.462890
1894,	Iter: 1894, train loss: 2.8572, avg nll: 0.8006, avg wnll: 6.2065, avg kl: 0.0520, mse: 0.410257, wmse: 5.201372, mae: 0.463150
1895,	Iter: 1895, train loss: 2.8591, avg nll: 0.8030, avg wnll: 6.1925, avg kl: 0.0516, mse: 0.410102, wmse: 5.185304, mae: 0.462839
1896,	Iter: 1896, train loss: 2.8585, avg nll: 0.8027, avg wnll: 6.1731, avg kl: 0.0530, mse: 0.409978, wmse: 5.187491, mae: 0.463279
1897,	Iter: 1897, train loss: 2.8543, avg nll: 0.8001, avg wnll: 6.2388, avg kl: 0.0541, mse: 0.409557, wmse: 5.198858, mae: 0.462348
1898,	Iter: 1898, train loss: 2.8624, avg nll: 0.8035, avg wnll: 6.1848, avg kl: 0.0523, mse: 0.410480, wmse: 5.201657, mae: 0.463082
1899,	Iter: 1899, train loss: 2.8459, avg nll: 0.7968, avg wnll: 6.2105, avg kl: 0.0524, mse: 0.408481, wmse: 5.173016, mae: 0.461956
1900,	Iter: 1900, train loss: 2.8729, avg nll: 0.8102, avg wnll: 6.2365, avg kl: 0.0544, mse: 0.411091, wmse: 5.200145, mae: 0.463493
nll: 1.2816, mse: 0.5547, mae: 0.5361, mean_mse: 7.1368, mean_mae: 0.5361
1679090975.7368546
1901,	Iter: 1901, train loss: 2.8475, avg nll: 0.8045, avg wnll: 6.2641, avg kl: 0.0524, mse: 0.407143, wmse: 5.140157, mae: 0.461482
1902,	Iter: 1902, train loss: 2.8360, avg nll: 0.7964, avg wnll: 6.1811, avg kl: 0.0554, mse: 0.406343, wmse: 5.150742, mae: 0.461315
1903,	Iter: 1903, train loss: 2.8523, avg nll: 0.7972, avg wnll: 6.1837, avg kl: 0.0522, mse: 0.409447, wmse: 5.175622, mae: 0.463093
1904,	Iter: 1904, train loss: 2.8677, avg nll: 0.8052, avg wnll: 6.2164, avg kl: 0.0525, mse: 0.410878, wmse: 5.210045, mae: 0.463686
1905,	Iter: 1905, train loss: 2.8641, avg nll: 0.8054, avg wnll: 6.2012, avg kl: 0.0515, mse: 0.410101, wmse: 5.184310, mae: 0.462996
1906,	Iter: 1906, train loss: 2.8669, avg nll: 0.8070, avg wnll: 6.1534, avg kl: 0.0528, mse: 0.410247, wmse: 5.194289, mae: 0.463643
1907,	Iter: 1907, train loss: 2.8582, avg nll: 0.8038, avg wnll: 6.2355, avg kl: 0.0537, mse: 0.409030, wmse: 5.190916, mae: 0.462041
1908,	Iter: 1908, train loss: 2.8611, avg nll: 0.8018, avg wnll: 6.1834, avg kl: 0.0522, mse: 0.410026, wmse: 5.199491, mae: 0.462887
1909,	Iter: 1909, train loss: 2.8450, avg nll: 0.7949, avg wnll: 6.2107, avg kl: 0.0516, mse: 0.408160, wmse: 5.166394, mae: 0.461595
1910,	Iter: 1910, train loss: 2.8737, avg nll: 0.8090, avg wnll: 6.2412, avg kl: 0.0536, mse: 0.410928, wmse: 5.198266, mae: 0.463371
nll: 1.1189, mse: 0.5521, mae: 0.5345, mean_mse: 7.1194, mean_mae: 0.5345
1679091942.3483994
1911,	Iter: 1911, train loss: 2.8493, avg nll: 0.8041, avg wnll: 6.2339, avg kl: 0.0516, mse: 0.407053, wmse: 5.142952, mae: 0.461554
1912,	Iter: 1912, train loss: 2.8375, avg nll: 0.7970, avg wnll: 6.2028, avg kl: 0.0550, mse: 0.405918, wmse: 5.145167, mae: 0.461119
1913,	Iter: 1913, train loss: 2.8577, avg nll: 0.8009, avg wnll: 6.2070, avg kl: 0.0516, mse: 0.409279, wmse: 5.174781, mae: 0.463150
1914,	Iter: 1914, train loss: 2.8658, avg nll: 0.8040, avg wnll: 6.2197, avg kl: 0.0516, mse: 0.410207, wmse: 5.200013, mae: 0.463236
1915,	Iter: 1915, train loss: 2.8613, avg nll: 0.8017, avg wnll: 6.2120, avg kl: 0.0514, mse: 0.409736, wmse: 5.179746, mae: 0.462706
1916,	Iter: 1916, train loss: 2.8652, avg nll: 0.8050, avg wnll: 6.1780, avg kl: 0.0519, mse: 0.409773, wmse: 5.185487, mae: 0.463236
1917,	Iter: 1917, train loss: 2.8599, avg nll: 0.8021, avg wnll: 6.2149, avg kl: 0.0530, mse: 0.409176, wmse: 5.194561, mae: 0.462152
1918,	Iter: 1918, train loss: 2.8606, avg nll: 0.8006, avg wnll: 6.1831, avg kl: 0.0508, mse: 0.409677, wmse: 5.192165, mae: 0.462724
1919,	Iter: 1919, train loss: 2.8505, avg nll: 0.7985, avg wnll: 6.2404, avg kl: 0.0512, mse: 0.407996, wmse: 5.166683, mae: 0.461574
1920,	Iter: 1920, train loss: 2.8732, avg nll: 0.8081, avg wnll: 6.2183, avg kl: 0.0528, mse: 0.410491, wmse: 5.192055, mae: 0.463234
nll: 1.2477, mse: 0.5553, mae: 0.5364, mean_mse: 7.1694, mean_mae: 0.5364
1679092885.720106
saving.................
done
1921,	Iter: 1921, train loss: 2.8549, avg nll: 0.8059, avg wnll: 6.2569, avg kl: 0.0511, mse: 0.407287, wmse: 5.145126, mae: 0.461567
1922,	Iter: 1922, train loss: 2.8443, avg nll: 0.7979, avg wnll: 6.1757, avg kl: 0.0540, mse: 0.406578, wmse: 5.154016, mae: 0.461487
1923,	Iter: 1923, train loss: 2.8561, avg nll: 0.7988, avg wnll: 6.2154, avg kl: 0.0502, mse: 0.408886, wmse: 5.169611, mae: 0.462838
1924,	Iter: 1924, train loss: 2.8633, avg nll: 0.7998, avg wnll: 6.2175, avg kl: 0.0516, mse: 0.409999, wmse: 5.200646, mae: 0.463120
1925,	Iter: 1925, train loss: 2.8643, avg nll: 0.8028, avg wnll: 6.1960, avg kl: 0.0503, mse: 0.409607, wmse: 5.178617, mae: 0.462688
1926,	Iter: 1926, train loss: 2.8646, avg nll: 0.8033, avg wnll: 6.1758, avg kl: 0.0506, mse: 0.409507, wmse: 5.185125, mae: 0.463249
1927,	Iter: 1927, train loss: 2.8604, avg nll: 0.8020, avg wnll: 6.2504, avg kl: 0.0510, mse: 0.408857, wmse: 5.192377, mae: 0.462021
1928,	Iter: 1928, train loss: 2.8649, avg nll: 0.8014, avg wnll: 6.2115, avg kl: 0.0492, mse: 0.409921, wmse: 5.199093, mae: 0.462764
1929,	Iter: 1929, train loss: 2.8513, avg nll: 0.7987, avg wnll: 6.2567, avg kl: 0.0488, mse: 0.407713, wmse: 5.160742, mae: 0.461600
1930,	Iter: 1930, train loss: 2.8746, avg nll: 0.8080, avg wnll: 6.1839, avg kl: 0.0511, mse: 0.410326, wmse: 5.191632, mae: 0.463035
nll: 1.1474, mse: 0.5522, mae: 0.5341, mean_mse: 7.1071, mean_mae: 0.5341
1679093858.6469545
1931,	Iter: 1931, train loss: 2.8539, avg nll: 0.8029, avg wnll: 6.2504, avg kl: 0.0502, mse: 0.407203, wmse: 5.143710, mae: 0.461674
1932,	Iter: 1932, train loss: 2.8400, avg nll: 0.7955, avg wnll: 6.1791, avg kl: 0.0534, mse: 0.405667, wmse: 5.141505, mae: 0.460936
1933,	Iter: 1933, train loss: 2.8546, avg nll: 0.7964, avg wnll: 6.2117, avg kl: 0.0495, mse: 0.408589, wmse: 5.167224, mae: 0.462645
1934,	Iter: 1934, train loss: 2.8669, avg nll: 0.8024, avg wnll: 6.2385, avg kl: 0.0499, mse: 0.409777, wmse: 5.194105, mae: 0.463153
1935,	Iter: 1935, train loss: 2.8653, avg nll: 0.8018, avg wnll: 6.1773, avg kl: 0.0489, mse: 0.409559, wmse: 5.180236, mae: 0.462764
1936,	Iter: 1936, train loss: 2.8646, avg nll: 0.8014, avg wnll: 6.1655, avg kl: 0.0487, mse: 0.409493, wmse: 5.184453, mae: 0.463187
1937,	Iter: 1937, train loss: 2.8625, avg nll: 0.8021, avg wnll: 6.2703, avg kl: 0.0502, mse: 0.408757, wmse: 5.189151, mae: 0.461875
1938,	Iter: 1938, train loss: 2.8699, avg nll: 0.8036, avg wnll: 6.1994, avg kl: 0.0484, mse: 0.410002, wmse: 5.198932, mae: 0.463078
1939,	Iter: 1939, train loss: 2.8549, avg nll: 0.7981, avg wnll: 6.2431, avg kl: 0.0483, mse: 0.408069, wmse: 5.169461, mae: 0.461766
1940,	Iter: 1940, train loss: 2.8752, avg nll: 0.8060, avg wnll: 6.1657, avg kl: 0.0500, mse: 0.410363, wmse: 5.191669, mae: 0.463077
nll: 1.3747, mse: 0.5560, mae: 0.5367, mean_mse: 7.1856, mean_mae: 0.5367
1679094805.0160487
1941,	Iter: 1941, train loss: 2.8488, avg nll: 0.7994, avg wnll: 6.1829, avg kl: 0.0483, mse: 0.406469, wmse: 5.133845, mae: 0.461315
1942,	Iter: 1942, train loss: 2.8429, avg nll: 0.7957, avg wnll: 6.1868, avg kl: 0.0510, mse: 0.405784, wmse: 5.144550, mae: 0.461175
1943,	Iter: 1943, train loss: 2.8626, avg nll: 0.8005, avg wnll: 6.2241, avg kl: 0.0478, mse: 0.408956, wmse: 5.171137, mae: 0.463057
1944,	Iter: 1944, train loss: 2.8731, avg nll: 0.8048, avg wnll: 6.2342, avg kl: 0.0485, mse: 0.410091, wmse: 5.202909, mae: 0.463295
1945,	Iter: 1945, train loss: 2.8653, avg nll: 0.8016, avg wnll: 6.2297, avg kl: 0.0476, mse: 0.409181, wmse: 5.172499, mae: 0.462488
1946,	Iter: 1946, train loss: 2.8705, avg nll: 0.8051, avg wnll: 6.1310, avg kl: 0.0481, mse: 0.409442, wmse: 5.185281, mae: 0.463244
1947,	Iter: 1947, train loss: 2.8664, avg nll: 0.8045, avg wnll: 6.2828, avg kl: 0.0487, mse: 0.408633, wmse: 5.189487, mae: 0.462026
1948,	Iter: 1948, train loss: 2.8726, avg nll: 0.8036, avg wnll: 6.1946, avg kl: 0.0466, mse: 0.410173, wmse: 5.202534, mae: 0.462971
1949,	Iter: 1949, train loss: 2.8544, avg nll: 0.7969, avg wnll: 6.2308, avg kl: 0.0463, mse: 0.407859, wmse: 5.166895, mae: 0.461621
1950,	Iter: 1950, train loss: 2.8815, avg nll: 0.8088, avg wnll: 6.1553, avg kl: 0.0487, mse: 0.410650, wmse: 5.197541, mae: 0.463264
nll: 1.1506, mse: 0.5525, mae: 0.5346, mean_mse: 7.1073, mean_mae: 0.5346
1679095772.9270792
saving.................
done
1951,	Iter: 1951, train loss: 2.8519, avg nll: 0.7994, avg wnll: 6.1976, avg kl: 0.0473, mse: 0.406675, wmse: 5.138468, mae: 0.461276
1952,	Iter: 1952, train loss: 2.8456, avg nll: 0.7965, avg wnll: 6.1911, avg kl: 0.0495, mse: 0.405747, wmse: 5.144400, mae: 0.461159
1953,	Iter: 1953, train loss: 2.8671, avg nll: 0.8020, avg wnll: 6.1914, avg kl: 0.0468, mse: 0.409128, wmse: 5.174917, mae: 0.463053
1954,	Iter: 1954, train loss: 2.8687, avg nll: 0.8005, avg wnll: 6.2251, avg kl: 0.0478, mse: 0.409610, wmse: 5.193516, mae: 0.463049
1955,	Iter: 1955, train loss: 2.8657, avg nll: 0.8004, avg wnll: 6.1976, avg kl: 0.0465, mse: 0.409084, wmse: 5.174405, mae: 0.462447
1956,	Iter: 1956, train loss: 2.8686, avg nll: 0.8031, avg wnll: 6.1374, avg kl: 0.0467, mse: 0.409063, wmse: 5.179345, mae: 0.463005
1957,	Iter: 1957, train loss: 2.8638, avg nll: 0.8005, avg wnll: 6.2350, avg kl: 0.0475, mse: 0.408506, wmse: 5.188422, mae: 0.461901
1958,	Iter: 1958, train loss: 2.8712, avg nll: 0.8015, avg wnll: 6.1906, avg kl: 0.0461, mse: 0.409869, wmse: 5.198928, mae: 0.462991
1959,	Iter: 1959, train loss: 2.8544, avg nll: 0.7959, avg wnll: 6.2186, avg kl: 0.0451, mse: 0.407672, wmse: 5.162606, mae: 0.461553
1960,	Iter: 1960, train loss: 2.8805, avg nll: 0.8084, avg wnll: 6.1828, avg kl: 0.0470, mse: 0.410153, wmse: 5.189476, mae: 0.463115
nll: 1.1895, mse: 0.5535, mae: 0.5353, mean_mse: 7.1405, mean_mae: 0.5353
1679096738.7519999
1961,	Iter: 1961, train loss: 2.8542, avg nll: 0.8015, avg wnll: 6.1878, avg kl: 0.0463, mse: 0.406285, wmse: 5.131201, mae: 0.461131
1962,	Iter: 1962, train loss: 2.8543, avg nll: 0.8016, avg wnll: 6.1898, avg kl: 0.0491, mse: 0.405968, wmse: 5.148111, mae: 0.461260
1963,	Iter: 1963, train loss: 2.8619, avg nll: 0.7986, avg wnll: 6.1681, avg kl: 0.0451, mse: 0.408426, wmse: 5.164731, mae: 0.462580
1964,	Iter: 1964, train loss: 2.8688, avg nll: 0.7996, avg wnll: 6.2135, avg kl: 0.0464, mse: 0.409420, wmse: 5.191746, mae: 0.462793
1965,	Iter: 1965, train loss: 2.8686, avg nll: 0.8018, avg wnll: 6.1566, avg kl: 0.0451, mse: 0.409027, wmse: 5.172178, mae: 0.462325
1966,	Iter: 1966, train loss: 2.8756, avg nll: 0.8069, avg wnll: 6.1778, avg kl: 0.0449, mse: 0.409389, wmse: 5.184359, mae: 0.463279
1967,	Iter: 1967, train loss: 2.8662, avg nll: 0.8011, avg wnll: 6.2313, avg kl: 0.0456, mse: 0.408537, wmse: 5.185912, mae: 0.461872
1968,	Iter: 1968, train loss: 2.8714, avg nll: 0.8017, avg wnll: 6.1872, avg kl: 0.0447, mse: 0.409499, wmse: 5.191950, mae: 0.462682
1969,	Iter: 1969, train loss: 2.8532, avg nll: 0.7941, avg wnll: 6.2421, avg kl: 0.0441, mse: 0.407394, wmse: 5.161468, mae: 0.461387
1970,	Iter: 1970, train loss: 2.8826, avg nll: 0.8081, avg wnll: 6.1878, avg kl: 0.0458, mse: 0.410256, wmse: 5.190629, mae: 0.463044
nll: 1.1652, mse: 0.5531, mae: 0.5350, mean_mse: 7.1014, mean_mae: 0.5350
1679097724.3875873
1971,	Iter: 1971, train loss: 2.8562, avg nll: 0.8011, avg wnll: 6.1959, avg kl: 0.0443, mse: 0.406487, wmse: 5.135422, mae: 0.461194
1972,	Iter: 1972, train loss: 2.8499, avg nll: 0.7973, avg wnll: 6.1925, avg kl: 0.0469, mse: 0.405661, wmse: 5.144818, mae: 0.461274
1973,	Iter: 1973, train loss: 2.8626, avg nll: 0.7968, avg wnll: 6.2060, avg kl: 0.0442, mse: 0.408540, wmse: 5.168703, mae: 0.462745
1974,	Iter: 1974, train loss: 2.8767, avg nll: 0.8031, avg wnll: 6.2226, avg kl: 0.0445, mse: 0.410013, wmse: 5.200984, mae: 0.463348
1975,	Iter: 1975, train loss: 2.8672, avg nll: 0.7987, avg wnll: 6.1568, avg kl: 0.0436, mse: 0.409063, wmse: 5.170614, mae: 0.462341
1976,	Iter: 1976, train loss: 2.8797, avg nll: 0.8086, avg wnll: 6.2225, avg kl: 0.0441, mse: 0.409460, wmse: 5.183973, mae: 0.463463
1977,	Iter: 1977, train loss: 2.8669, avg nll: 0.8007, avg wnll: 6.2403, avg kl: 0.0449, mse: 0.408348, wmse: 5.185594, mae: 0.461753
1978,	Iter: 1978, train loss: 2.8729, avg nll: 0.8022, avg wnll: 6.2052, avg kl: 0.0439, mse: 0.409324, wmse: 5.191058, mae: 0.462591
1979,	Iter: 1979, train loss: 2.8656, avg nll: 0.8014, avg wnll: 6.2492, avg kl: 0.0429, mse: 0.408074, wmse: 5.169190, mae: 0.461729
1980,	Iter: 1980, train loss: 2.8813, avg nll: 0.8065, avg wnll: 6.1511, avg kl: 0.0445, mse: 0.409957, wmse: 5.187562, mae: 0.462944
nll: 1.1898, mse: 0.5551, mae: 0.5363, mean_mse: 7.1577, mean_mae: 0.5363
1679098708.0114715
saving.................
done
1981,	Iter: 1981, train loss: 2.8594, avg nll: 0.8019, avg wnll: 6.2607, avg kl: 0.0437, mse: 0.406557, wmse: 5.137048, mae: 0.461455
1982,	Iter: 1982, train loss: 2.8499, avg nll: 0.7961, avg wnll: 6.2035, avg kl: 0.0467, mse: 0.405427, wmse: 5.140903, mae: 0.460938
1983,	Iter: 1983, train loss: 2.8662, avg nll: 0.7992, avg wnll: 6.2378, avg kl: 0.0427, mse: 0.408466, wmse: 5.167597, mae: 0.462569
1984,	Iter: 1984, train loss: 2.8718, avg nll: 0.7992, avg wnll: 6.2159, avg kl: 0.0440, mse: 0.409410, wmse: 5.191773, mae: 0.462856
1985,	Iter: 1985, train loss: 2.8670, avg nll: 0.7981, avg wnll: 6.2078, avg kl: 0.0425, mse: 0.408801, wmse: 5.170864, mae: 0.462279
1986,	Iter: 1986, train loss: 2.8771, avg nll: 0.8060, avg wnll: 6.1757, avg kl: 0.0423, mse: 0.409214, wmse: 5.181286, mae: 0.463168
1987,	Iter: 1987, train loss: 2.8687, avg nll: 0.7998, avg wnll: 6.2196, avg kl: 0.0432, mse: 0.408611, wmse: 5.188813, mae: 0.461905
1988,	Iter: 1988, train loss: 2.8807, avg nll: 0.8050, avg wnll: 6.2219, avg kl: 0.0417, mse: 0.410108, wmse: 5.203644, mae: 0.462914
1989,	Iter: 1989, train loss: 2.8712, avg nll: 0.8022, avg wnll: 6.1930, avg kl: 0.0417, mse: 0.408747, wmse: 5.185256, mae: 0.462105
1990,	Iter: 1990, train loss: 2.8860, avg nll: 0.8072, avg wnll: 6.1667, avg kl: 0.0439, mse: 0.410376, wmse: 5.194307, mae: 0.463107
nll: 1.1369, mse: 0.5526, mae: 0.5351, mean_mse: 7.1347, mean_mae: 0.5351
1679099664.2143865
1991,	Iter: 1991, train loss: 2.8621, avg nll: 0.8022, avg wnll: 6.2214, avg kl: 0.0420, mse: 0.406777, wmse: 5.140581, mae: 0.461449
1992,	Iter: 1992, train loss: 2.8486, avg nll: 0.7944, avg wnll: 6.2003, avg kl: 0.0447, mse: 0.405257, wmse: 5.138114, mae: 0.460777
1993,	Iter: 1993, train loss: 2.8717, avg nll: 0.8013, avg wnll: 6.2178, avg kl: 0.0419, mse: 0.408807, wmse: 5.172406, mae: 0.462976
1994,	Iter: 1994, train loss: 2.8729, avg nll: 0.7981, avg wnll: 6.2207, avg kl: 0.0426, mse: 0.409545, wmse: 5.195638, mae: 0.463037
1995,	Iter: 1995, train loss: 2.8742, avg nll: 0.8029, avg wnll: 6.2363, avg kl: 0.0410, mse: 0.409016, wmse: 5.174420, mae: 0.462343
1996,	Iter: 1996, train loss: 2.8821, avg nll: 0.8074, avg wnll: 6.1962, avg kl: 0.0418, mse: 0.409550, wmse: 5.194435, mae: 0.463344
1997,	Iter: 1997, train loss: 2.8724, avg nll: 0.8021, avg wnll: 6.2128, avg kl: 0.0425, mse: 0.408536, wmse: 5.187402, mae: 0.461952
1998,	Iter: 1998, train loss: 2.8763, avg nll: 0.8015, avg wnll: 6.1578, avg kl: 0.0410, mse: 0.409595, wmse: 5.196120, mae: 0.462761
1999,	Iter: 1999, train loss: 2.8604, avg nll: 0.7956, avg wnll: 6.2069, avg kl: 0.0409, mse: 0.407544, wmse: 5.163150, mae: 0.461506
2000,	Iter: 2000, train loss: 2.8832, avg nll: 0.8057, avg wnll: 6.1965, avg kl: 0.0424, mse: 0.409837, wmse: 5.189629, mae: 0.463062
nll: 1.2070, mse: 0.5538, mae: 0.5355, mean_mse: 7.1205, mean_mae: 0.5355
1679100624.7822762
2001,	Iter: 2001, train loss: 2.8616, avg nll: 0.8016, avg wnll: 6.2547, avg kl: 0.0412, mse: 0.406479, wmse: 5.134602, mae: 0.461310
2002,	Iter: 2002, train loss: 2.8569, avg nll: 0.7984, avg wnll: 6.1943, avg kl: 0.0442, mse: 0.405715, wmse: 5.146157, mae: 0.461146
2003,	Iter: 2003, train loss: 2.8762, avg nll: 0.8035, avg wnll: 6.1814, avg kl: 0.0408, mse: 0.408969, wmse: 5.172632, mae: 0.463114
2004,	Iter: 2004, train loss: 2.8752, avg nll: 0.8001, avg wnll: 6.2440, avg kl: 0.0413, mse: 0.409343, wmse: 5.192684, mae: 0.462902
2005,	Iter: 2005, train loss: 2.8732, avg nll: 0.8005, avg wnll: 6.1692, avg kl: 0.0407, mse: 0.408899, wmse: 5.172320, mae: 0.462527
2006,	Iter: 2006, train loss: 2.8776, avg nll: 0.8030, avg wnll: 6.1737, avg kl: 0.0404, mse: 0.409281, wmse: 5.186110, mae: 0.463235
2007,	Iter: 2007, train loss: 2.8738, avg nll: 0.8008, avg wnll: 6.2180, avg kl: 0.0412, mse: 0.408798, wmse: 5.195149, mae: 0.462164
2008,	Iter: 2008, train loss: 2.8737, avg nll: 0.7987, avg wnll: 6.1631, avg kl: 0.0401, mse: 0.409306, wmse: 5.189939, mae: 0.462510
2009,	Iter: 2009, train loss: 2.8614, avg nll: 0.7952, avg wnll: 6.2603, avg kl: 0.0395, mse: 0.407605, wmse: 5.161922, mae: 0.461519
2010,	Iter: 2010, train loss: 2.8885, avg nll: 0.8068, avg wnll: 6.1668, avg kl: 0.0412, mse: 0.410393, wmse: 5.195163, mae: 0.463274
nll: 1.1630, mse: 0.5525, mae: 0.5347, mean_mse: 7.1311, mean_mae: 0.5347
1679101590.281491
saving.................
done
2011,	Iter: 2011, train loss: 2.8652, avg nll: 0.8035, avg wnll: 6.2742, avg kl: 0.0398, mse: 0.406544, wmse: 5.138750, mae: 0.461429
2012,	Iter: 2012, train loss: 2.8553, avg nll: 0.7967, avg wnll: 6.2153, avg kl: 0.0426, mse: 0.405506, wmse: 5.143972, mae: 0.461026
2013,	Iter: 2013, train loss: 2.8699, avg nll: 0.7977, avg wnll: 6.2016, avg kl: 0.0394, mse: 0.408634, wmse: 5.170895, mae: 0.462849
2014,	Iter: 2014, train loss: 2.8751, avg nll: 0.7990, avg wnll: 6.1831, avg kl: 0.0405, mse: 0.409213, wmse: 5.191901, mae: 0.462803
2015,	Iter: 2015, train loss: 2.8743, avg nll: 0.7998, avg wnll: 6.1782, avg kl: 0.0388, mse: 0.409120, wmse: 5.174819, mae: 0.462578
2016,	Iter: 2016, train loss: 2.8804, avg nll: 0.8050, avg wnll: 6.1873, avg kl: 0.0388, mse: 0.409243, wmse: 5.184304, mae: 0.463174
2017,	Iter: 2017, train loss: 2.8755, avg nll: 0.8027, avg wnll: 6.2406, avg kl: 0.0396, mse: 0.408549, wmse: 5.190688, mae: 0.462150
2018,	Iter: 2018, train loss: 2.8712, avg nll: 0.7956, avg wnll: 6.1543, avg kl: 0.0395, mse: 0.409097, wmse: 5.191643, mae: 0.462481
2019,	Iter: 2019, train loss: 2.8672, avg nll: 0.7997, avg wnll: 6.2455, avg kl: 0.0383, mse: 0.407621, wmse: 5.165142, mae: 0.461689
2020,	Iter: 2020, train loss: 2.8884, avg nll: 0.8064, avg wnll: 6.1629, avg kl: 0.0401, mse: 0.410212, wmse: 5.193974, mae: 0.463137
nll: 1.2906, mse: 0.5542, mae: 0.5356, mean_mse: 7.1477, mean_mae: 0.5356
1679102566.4396753
2021,	Iter: 2021, train loss: 2.8611, avg nll: 0.8004, avg wnll: 6.1966, avg kl: 0.0390, mse: 0.406066, wmse: 5.129313, mae: 0.460946
2022,	Iter: 2022, train loss: 2.8590, avg nll: 0.7975, avg wnll: 6.1889, avg kl: 0.0415, mse: 0.405806, wmse: 5.145536, mae: 0.461157
2023,	Iter: 2023, train loss: 2.8730, avg nll: 0.7986, avg wnll: 6.1883, avg kl: 0.0387, mse: 0.408766, wmse: 5.172358, mae: 0.462953
2024,	Iter: 2024, train loss: 2.8836, avg nll: 0.8034, avg wnll: 6.2016, avg kl: 0.0389, mse: 0.409853, wmse: 5.199352, mae: 0.463320
2025,	Iter: 2025, train loss: 2.8721, avg nll: 0.7975, avg wnll: 6.1825, avg kl: 0.0386, mse: 0.408740, wmse: 5.170346, mae: 0.462250
2026,	Iter: 2026, train loss: 2.8785, avg nll: 0.8026, avg wnll: 6.1739, avg kl: 0.0385, mse: 0.408986, wmse: 5.178921, mae: 0.463131
2027,	Iter: 2027, train loss: 2.8778, avg nll: 0.8030, avg wnll: 6.2448, avg kl: 0.0387, mse: 0.408691, wmse: 5.192496, mae: 0.462038
2028,	Iter: 2028, train loss: 2.8748, avg nll: 0.7984, avg wnll: 6.1660, avg kl: 0.0379, mse: 0.409096, wmse: 5.188779, mae: 0.462459
2029,	Iter: 2029, train loss: 2.8695, avg nll: 0.7996, avg wnll: 6.2152, avg kl: 0.0381, mse: 0.407713, wmse: 5.163730, mae: 0.461706
2030,	Iter: 2030, train loss: 2.8872, avg nll: 0.8048, avg wnll: 6.1638, avg kl: 0.0392, mse: 0.409978, wmse: 5.189701, mae: 0.462970
nll: 1.1507, mse: 0.5524, mae: 0.5345, mean_mse: 7.1065, mean_mae: 0.5345
1679103539.8195174
2031,	Iter: 2031, train loss: 2.8672, avg nll: 0.8022, avg wnll: 6.1989, avg kl: 0.0384, mse: 0.406616, wmse: 5.141307, mae: 0.461419
2032,	Iter: 2032, train loss: 2.8584, avg nll: 0.7968, avg wnll: 6.1746, avg kl: 0.0406, mse: 0.405521, wmse: 5.144637, mae: 0.461101
2033,	Iter: 2033, train loss: 2.8784, avg nll: 0.8023, avg wnll: 6.2140, avg kl: 0.0375, mse: 0.408904, wmse: 5.172714, mae: 0.463115
2034,	Iter: 2034, train loss: 2.8779, avg nll: 0.7997, avg wnll: 6.1902, avg kl: 0.0383, mse: 0.409139, wmse: 5.192182, mae: 0.462848
2035,	Iter: 2035, train loss: 2.8789, avg nll: 0.8013, avg wnll: 6.2089, avg kl: 0.0372, mse: 0.409159, wmse: 5.178075, mae: 0.462639
2036,	Iter: 2036, train loss: 2.8803, avg nll: 0.8035, avg wnll: 6.1780, avg kl: 0.0369, mse: 0.409016, wmse: 5.181357, mae: 0.462993
2037,	Iter: 2037, train loss: 2.8725, avg nll: 0.7988, avg wnll: 6.2020, avg kl: 0.0379, mse: 0.408190, wmse: 5.186381, mae: 0.461874
2038,	Iter: 2038, train loss: 2.8816, avg nll: 0.8010, avg wnll: 6.1800, avg kl: 0.0375, mse: 0.409592, wmse: 5.197343, mae: 0.462877
2039,	Iter: 2039, train loss: 2.8681, avg nll: 0.7969, avg wnll: 6.1922, avg kl: 0.0365, mse: 0.407834, wmse: 5.169009, mae: 0.461818
2040,	Iter: 2040, train loss: 2.8887, avg nll: 0.8048, avg wnll: 6.2126, avg kl: 0.0381, mse: 0.410076, wmse: 5.192836, mae: 0.463096
nll: 1.1969, mse: 0.5545, mae: 0.5357, mean_mse: 7.1563, mean_mae: 0.5357
1679104519.193789
saving.................
done
2041,	Iter: 2041, train loss: 2.8675, avg nll: 0.8031, avg wnll: 6.2187, avg kl: 0.0371, mse: 0.406310, wmse: 5.134776, mae: 0.461329
2042,	Iter: 2042, train loss: 2.8580, avg nll: 0.7959, avg wnll: 6.1743, avg kl: 0.0397, mse: 0.405350, wmse: 5.142762, mae: 0.460956
2043,	Iter: 2043, train loss: 2.8764, avg nll: 0.7997, avg wnll: 6.1903, avg kl: 0.0368, mse: 0.408744, wmse: 5.174011, mae: 0.463005
2044,	Iter: 2044, train loss: 2.8801, avg nll: 0.7989, avg wnll: 6.1650, avg kl: 0.0369, mse: 0.409590, wmse: 5.196496, mae: 0.463094
2045,	Iter: 2045, train loss: 2.8894, avg nll: 0.8082, avg wnll: 6.1783, avg kl: 0.0358, mse: 0.409740, wmse: 5.182571, mae: 0.462981
2046,	Iter: 2046, train loss: 2.8856, avg nll: 0.8056, avg wnll: 6.1632, avg kl: 0.0363, mse: 0.409370, wmse: 5.187147, mae: 0.463371
2047,	Iter: 2047, train loss: 2.8744, avg nll: 0.7985, avg wnll: 6.2016, avg kl: 0.0370, mse: 0.408400, wmse: 5.189753, mae: 0.461907
2048,	Iter: 2048, train loss: 2.8850, avg nll: 0.8037, avg wnll: 6.2024, avg kl: 0.0361, mse: 0.409615, wmse: 5.196709, mae: 0.462865
2049,	Iter: 2049, train loss: 2.8649, avg nll: 0.7951, avg wnll: 6.1987, avg kl: 0.0359, mse: 0.407305, wmse: 5.159155, mae: 0.461402
2050,	Iter: 2050, train loss: 2.8921, avg nll: 0.8063, avg wnll: 6.1637, avg kl: 0.0370, mse: 0.410243, wmse: 5.194399, mae: 0.463138
nll: 1.1942, mse: 0.5524, mae: 0.5346, mean_mse: 7.1211, mean_mae: 0.5346
1679105519.7442644
2051,	Iter: 2051, train loss: 2.8680, avg nll: 0.8023, avg wnll: 6.2490, avg kl: 0.0362, mse: 0.406338, wmse: 5.137640, mae: 0.461340
2052,	Iter: 2052, train loss: 2.8592, avg nll: 0.7954, avg wnll: 6.1798, avg kl: 0.0390, mse: 0.405403, wmse: 5.141988, mae: 0.461035
2053,	Iter: 2053, train loss: 2.8720, avg nll: 0.7953, avg wnll: 6.1798, avg kl: 0.0357, mse: 0.408565, wmse: 5.169462, mae: 0.462776
2054,	Iter: 2054, train loss: 2.8833, avg nll: 0.8008, avg wnll: 6.2047, avg kl: 0.0366, mse: 0.409508, wmse: 5.197257, mae: 0.463174
2055,	Iter: 2055, train loss: 2.8787, avg nll: 0.8000, avg wnll: 6.1858, avg kl: 0.0356, mse: 0.408900, wmse: 5.172827, mae: 0.462348
2056,	Iter: 2056, train loss: 2.8859, avg nll: 0.8056, avg wnll: 6.1852, avg kl: 0.0350, mse: 0.409329, wmse: 5.185413, mae: 0.463292
2057,	Iter: 2057, train loss: 2.8781, avg nll: 0.8006, avg wnll: 6.1789, avg kl: 0.0361, mse: 0.408504, wmse: 5.190376, mae: 0.461962
2058,	Iter: 2058, train loss: 2.8835, avg nll: 0.8020, avg wnll: 6.1747, avg kl: 0.0351, mse: 0.409453, wmse: 5.195193, mae: 0.462734
2059,	Iter: 2059, train loss: 2.8663, avg nll: 0.7954, avg wnll: 6.2258, avg kl: 0.0344, mse: 0.407416, wmse: 5.163074, mae: 0.461511
2060,	Iter: 2060, train loss: 2.8923, avg nll: 0.8053, avg wnll: 6.1736, avg kl: 0.0357, mse: 0.410350, wmse: 5.197035, mae: 0.463352
nll: 1.2658, mse: 0.5553, mae: 0.5363, mean_mse: 7.1509, mean_mae: 0.5363
1679106476.7765863
2061,	Iter: 2061, train loss: 2.8685, avg nll: 0.8009, avg wnll: 6.2124, avg kl: 0.0349, mse: 0.406582, wmse: 5.137536, mae: 0.461536
2062,	Iter: 2062, train loss: 2.8612, avg nll: 0.7965, avg wnll: 6.1740, avg kl: 0.0372, mse: 0.405530, wmse: 5.146991, mae: 0.461178
2063,	Iter: 2063, train loss: 2.8761, avg nll: 0.7989, avg wnll: 6.2069, avg kl: 0.0345, mse: 0.408547, wmse: 5.172161, mae: 0.462774
2064,	Iter: 2064, train loss: 2.8914, avg nll: 0.8062, avg wnll: 6.2171, avg kl: 0.0350, mse: 0.410029, wmse: 5.205058, mae: 0.463501
2065,	Iter: 2065, train loss: 2.8765, avg nll: 0.7992, avg wnll: 6.1337, avg kl: 0.0342, mse: 0.408606, wmse: 5.170187, mae: 0.462295
2066,	Iter: 2066, train loss: 2.8901, avg nll: 0.8091, avg wnll: 6.2028, avg kl: 0.0347, mse: 0.409260, wmse: 5.186385, mae: 0.463313
2067,	Iter: 2067, train loss: 2.8775, avg nll: 0.8007, avg wnll: 6.1877, avg kl: 0.0352, mse: 0.408336, wmse: 5.188539, mae: 0.461972
2068,	Iter: 2068, train loss: 2.8804, avg nll: 0.7987, avg wnll: 6.1725, avg kl: 0.0346, mse: 0.409429, wmse: 5.195438, mae: 0.462629
2069,	Iter: 2069, train loss: 2.8726, avg nll: 0.7990, avg wnll: 6.2433, avg kl: 0.0345, mse: 0.407824, wmse: 5.167976, mae: 0.461811
2070,	Iter: 2070, train loss: 2.8888, avg nll: 0.8046, avg wnll: 6.1512, avg kl: 0.0356, mse: 0.409718, wmse: 5.186775, mae: 0.462795
nll: 1.1943, mse: 0.5521, mae: 0.5344, mean_mse: 7.1203, mean_mae: 0.5344
1679107438.85469
saving.................
done
2071,	Iter: 2071, train loss: 2.8698, avg nll: 0.8023, avg wnll: 6.1929, avg kl: 0.0351, mse: 0.406495, wmse: 5.140079, mae: 0.461470
2072,	Iter: 2072, train loss: 2.8648, avg nll: 0.7993, avg wnll: 6.1859, avg kl: 0.0371, mse: 0.405661, wmse: 5.147125, mae: 0.461285
2073,	Iter: 2073, train loss: 2.8775, avg nll: 0.7999, avg wnll: 6.1828, avg kl: 0.0348, mse: 0.408574, wmse: 5.168599, mae: 0.462779
2074,	Iter: 2074, train loss: 2.8895, avg nll: 0.8041, avg wnll: 6.2116, avg kl: 0.0354, mse: 0.409990, wmse: 5.204861, mae: 0.463470
2075,	Iter: 2075, train loss: 2.8795, avg nll: 0.8005, avg wnll: 6.1644, avg kl: 0.0345, mse: 0.408896, wmse: 5.174679, mae: 0.462525
2076,	Iter: 2076, train loss: 2.8805, avg nll: 0.8028, avg wnll: 6.1402, avg kl: 0.0343, mse: 0.408655, wmse: 5.175810, mae: 0.462803
2077,	Iter: 2077, train loss: 2.8801, avg nll: 0.8030, avg wnll: 6.2072, avg kl: 0.0346, mse: 0.408498, wmse: 5.191430, mae: 0.462061
2078,	Iter: 2078, train loss: 2.8775, avg nll: 0.7986, avg wnll: 6.1613, avg kl: 0.0341, mse: 0.408973, wmse: 5.189419, mae: 0.462528
2079,	Iter: 2079, train loss: 2.8653, avg nll: 0.7956, avg wnll: 6.2109, avg kl: 0.0337, mse: 0.407189, wmse: 5.161498, mae: 0.461426
2080,	Iter: 2080, train loss: 2.8896, avg nll: 0.8034, avg wnll: 6.1201, avg kl: 0.0351, mse: 0.410224, wmse: 5.194635, mae: 0.463185
nll: 1.3099, mse: 0.5549, mae: 0.5362, mean_mse: 7.1508, mean_mae: 0.5362
1679108420.2291424
2081,	Iter: 2081, train loss: 2.8726, avg nll: 0.8042, avg wnll: 6.2735, avg kl: 0.0341, mse: 0.406868, wmse: 5.142119, mae: 0.461706
2082,	Iter: 2082, train loss: 2.8604, avg nll: 0.7946, avg wnll: 6.1805, avg kl: 0.0368, mse: 0.405803, wmse: 5.148162, mae: 0.461224
2083,	Iter: 2083, train loss: 2.8739, avg nll: 0.7976, avg wnll: 6.2098, avg kl: 0.0340, mse: 0.408470, wmse: 5.170106, mae: 0.462724
2084,	Iter: 2084, train loss: 2.8864, avg nll: 0.8033, avg wnll: 6.2171, avg kl: 0.0346, mse: 0.409695, wmse: 5.199489, mae: 0.463240
2085,	Iter: 2085, train loss: 2.8775, avg nll: 0.7999, avg wnll: 6.1484, avg kl: 0.0335, mse: 0.408822, wmse: 5.174293, mae: 0.462373
2086,	Iter: 2086, train loss: 2.8864, avg nll: 0.8064, avg wnll: 6.1928, avg kl: 0.0338, mse: 0.409238, wmse: 5.185208, mae: 0.463352
2087,	Iter: 2087, train loss: 2.8772, avg nll: 0.8000, avg wnll: 6.1814, avg kl: 0.0339, mse: 0.408664, wmse: 5.194034, mae: 0.462095
2088,	Iter: 2088, train loss: 2.8801, avg nll: 0.8001, avg wnll: 6.2138, avg kl: 0.0340, mse: 0.409190, wmse: 5.192015, mae: 0.462627
2089,	Iter: 2089, train loss: 2.8676, avg nll: 0.7961, avg wnll: 6.2176, avg kl: 0.0340, mse: 0.407494, wmse: 5.164386, mae: 0.461642
2090,	Iter: 2090, train loss: 2.8891, avg nll: 0.8048, avg wnll: 6.1457, avg kl: 0.0348, mse: 0.409894, wmse: 5.189940, mae: 0.462988
nll: 1.1471, mse: 0.5518, mae: 0.5340, mean_mse: 7.1042, mean_mae: 0.5340
1679109380.6163611
2091,	Iter: 2091, train loss: 2.8702, avg nll: 0.8036, avg wnll: 6.2358, avg kl: 0.0343, mse: 0.406458, wmse: 5.139639, mae: 0.461489
2092,	Iter: 2092, train loss: 2.8577, avg nll: 0.7947, avg wnll: 6.2022, avg kl: 0.0366, mse: 0.405268, wmse: 5.143734, mae: 0.460976
2093,slurmstepd: error: *** JOB 246870 ON gpu1 CANCELLED AT 2023-03-18T03:21:49 ***
