Namespace(n_union_tp=3500, data_folder='datasets/ZTF_all', checkpoint='datasets/ZTF_all0.6900647282600403.h5', start_col=1, inc_errors=False, print_at=1, embed_time=128, enc_num_heads=16, latent_dim=64, mixing='concat', num_ref_points=16, rec_hidden=128, width=512, save_at=30, patience=100, early_stopping=False, niters=20000, frac=0.5, batch_size=2, mse_weight=5.0, dropout=0.0, num_resamples=0, lr=5e-07, scheduler=False, warmup=4000, kl_zero=False, kl_annealing=False, net='hetvae', device='cuda', const_var=False, var_per_dim=False, std=0.1, seed=2, save=True, k_iwae=1) 4210314
validated 3407 files out of 3407 for band='r'
validated 3407 files out of 3407 for band='g'
validated 3407 files out of 3407 for band='i'
3407 3407
(3010, 3, 4431, 3)
created union_tp attribute of length 3500
dataset created w/ shape (3010, 3, 4431, 3)
train size: 2709, valid size: 271, test size: 301
=> loading checkpoint 'datasets/ZTF_all0.6900647282600403.h5'
Namespace(n_union_tp=3500, data_folder='datasets/ZTF_all', checkpoint='datasets/ZTF_all0.72784024477005.h5', start_col=1, inc_errors=False, print_at=1, embed_time=128, enc_num_heads=16, latent_dim=64, mixing='concat', num_ref_points=16, rec_hidden=128, width=512, save_at=30, patience=100, early_stopping=False, niters=20000, frac=0.5, batch_size=2, mse_weight=5.0, dropout=0.0, num_resamples=0, lr=1e-06, scheduler=False, warmup=4000, kl_zero=False, kl_annealing=True, net='hetvae', device='cuda', const_var=False, var_per_dim=False, std=0.1, seed=2, save=True, k_iwae=1)
loaded checkpoint w/ loss=2.880674827974544
model_size=574662
1291,	Iter: 1291, train loss: 9.7325, avg nll: 6.6019, avg wnll: nan, avg kl: 0.7351, mse: 0.479116, wmse: 5.868143, mae: 0.501264
1292,	Iter: 1292, train loss: 15.9684, avg nll: 12.8109, avg wnll: nan, avg kl: 0.7634, mse: 0.478818, wmse: 5.857236, mae: 0.501715
1293,	Iter: 1293, train loss: 14.0722, avg nll: 10.9017, avg wnll: nan, avg kl: 0.7737, mse: 0.479358, wmse: 5.859806, mae: 0.501384
1294,	Iter: 1294, train loss: 18.2502, avg nll: 15.0710, avg wnll: nan, avg kl: 0.7885, mse: 0.478151, wmse: 5.863865, mae: 0.501059
1295,	Iter: 1295, train loss: 12.7077, avg nll: 9.5103, avg wnll: nan, avg kl: 0.8100, mse: 0.477505, wmse: 5.847094, mae: 0.500636
1296,	Iter: 1296, train loss: 14.6967, avg nll: 11.4819, avg wnll: nan, avg kl: 0.8199, mse: 0.478989, wmse: 5.877994, mae: 0.501058
1297,slurmstepd: error: *** JOB 243597 ON gpu1 CANCELLED AT 2023-03-08T17:00:34 ***
