Namespace(n_union_tp=3500, data_folder='datasets/ZTF_gi', checkpoint='datasets/ZTF_gi0.9201855063438416.h5', start_col=1, inc_errors=False, print_at=1, embed_time=128, enc_num_heads=16, latent_dim=64, mixing='concat', num_ref_points=16, rec_hidden=128, width=512, save_at=30, patience=100, early_stopping=False, niters=20000, frac=0.5, batch_size=2, mse_weight=5.0, dropout=0.0, num_resamples=0, lr=1e-05, scheduler=False, warmup=4000, kl_zero=False, kl_annealing=True, net='hetvae', device='cuda', const_var=False, var_per_dim=False, std=0.1, seed=2, save=True, k_iwae=1) 156180
validated 3407 files out of 3407 for band='g'
validated 3407 files out of 3407 for band='i'
3407 3407
(2577, 2, 2420, 3)
created union_tp attribute of length 3500
dataset created w/ shape (2577, 2, 2420, 3)
train size: 2319, valid size: 232, test size: 258
datasets/ZTF_gi
=> loading checkpoint 'datasets/ZTF_gi0.9201855063438416.h5'
Namespace(n_union_tp=3500, data_folder='datasets/ZTF_gi', checkpoint='', start_col=1, inc_errors=False, print_at=1, embed_time=128, enc_num_heads=16, latent_dim=64, mixing='concat', num_ref_points=16, rec_hidden=128, width=512, save_at=30, patience=100, early_stopping=False, niters=20000, frac=0.5, batch_size=2, mse_weight=5.0, dropout=0.0, num_resamples=0, lr=0.0001, scheduler=False, warmup=4000, kl_zero=False, kl_annealing=True, net='hetvae', device='cuda', const_var=False, var_per_dim=False, std=0.1, seed=2, save=True, k_iwae=1)
loaded checkpoint w/ loss=3.1692014353292777
model_size=536772
271,	Iter: 271, train loss: 3.4545, avg nll: 1.0034, avg wnll: 6.7843, avg kl: 0.0499, mse: 0.485725, wmse: 6.600029, mae: 0.506516
272,	Iter: 272, train loss: 3.4040, avg nll: 0.9878, avg wnll: 6.4348, avg kl: 0.0551, mse: 0.478244, wmse: 6.439351, mae: 0.501632
273,	Iter: 273, train loss: 3.4086, avg nll: 0.9886, avg wnll: 6.4596, avg kl: 0.0569, mse: 0.478821, wmse: 6.465257, mae: 0.502028
274,	Iter: 274, train loss: 3.3976, avg nll: 0.9854, avg wnll: 6.5061, avg kl: 0.0573, mse: 0.477217, wmse: 6.437502, mae: 0.500839
275,	Iter: 275, train loss: 3.4048, avg nll: 0.9804, avg wnll: 6.3936, avg kl: 0.0574, mse: 0.479608, wmse: 6.458101, mae: 0.501528
276,	Iter: 276, train loss: 3.3769, avg nll: 0.9763, avg wnll: 6.3939, avg kl: 0.0580, mse: 0.474788, wmse: 6.354700, mae: 0.498484
277,	Iter: 277, train loss: 3.3942, avg nll: 0.9815, avg wnll: 6.4764, avg kl: 0.0564, mse: 0.477348, wmse: 6.422678, mae: 0.499445
278,	Iter: 278, train loss: 3.3837, avg nll: 0.9792, avg wnll: 6.4234, avg kl: 0.0550, mse: 0.475808, wmse: 6.408844, mae: 0.499754
279,	Iter: 279, train loss: 3.3776, avg nll: 0.9786, avg wnll: 6.4250, avg kl: 0.0536, mse: 0.474825, wmse: 6.393212, mae: 0.499055
280,	Iter: 280, train loss: 3.3511, avg nll: 0.9725, avg wnll: 6.4151, avg kl: 0.0530, mse: 0.470771, wmse: 6.340027, mae: 0.497460
nll: 0.9421, mse: 0.4870, mae: 0.5050, mean_mse: 6.2937, mean_mae: 0.5050
1679366884.9879088
281,	Iter: 281, train loss: 3.0953, avg nll: 0.9030, avg wnll: 6.1083, avg kl: 0.0424, mse: 0.434490, wmse: 5.852272, mae: 0.476784
282,	Iter: 282, train loss: 3.0956, avg nll: 0.8989, avg wnll: 6.2767, avg kl: 0.0405, mse: 0.435536, wmse: 5.844062, mae: 0.476959
283,	Iter: 283, train loss: 3.0890, avg nll: 0.8949, avg wnll: 6.3272, avg kl: 0.0394, mse: 0.435090, wmse: 5.850171, mae: 0.477050
284,	Iter: 284, train loss: 3.0645, avg nll: 0.8921, avg wnll: 6.2613, avg kl: 0.0378, mse: 0.430897, wmse: 5.759354, mae: 0.474615
285,	Iter: 285, train loss: 3.0685, avg nll: 0.8919, avg wnll: 6.3297, avg kl: 0.0376, mse: 0.431748, wmse: 5.799768, mae: 0.475511
286,	Iter: 286, train loss: 3.0713, avg nll: 0.8878, avg wnll: 6.3166, avg kl: 0.0389, mse: 0.432994, wmse: 5.812096, mae: 0.474480
287,	Iter: 287, train loss: 3.0417, avg nll: 0.8848, avg wnll: 6.2660, avg kl: 0.0376, mse: 0.427796, wmse: 5.724003, mae: 0.473296
288,	Iter: 288, train loss: 3.0444, avg nll: 0.8835, avg wnll: 6.3502, avg kl: 0.0378, mse: 0.428556, wmse: 5.754757, mae: 0.473187
289,	Iter: 289, train loss: 3.0213, avg nll: 0.8808, avg wnll: 6.3194, avg kl: 0.0373, mse: 0.424491, wmse: 5.711030, mae: 0.470653
290,	Iter: 290, train loss: 3.0026, avg nll: 0.8741, avg wnll: 6.2862, avg kl: 0.0374, mse: 0.422072, wmse: 5.641973, mae: 0.469628
nll: 0.9515, mse: 0.4898, mae: 0.5070, mean_mse: 6.3271, mean_mae: 0.5070
1679367898.419655
291,	Iter: 291, train loss: 3.0490, avg nll: 0.8851, avg wnll: 6.3268, avg kl: 0.0379, mse: 0.429096, wmse: 5.776150, mae: 0.473803
292,	Iter: 292, train loss: 3.0588, avg nll: 0.8853, avg wnll: 6.3079, avg kl: 0.0386, mse: 0.430960, wmse: 5.778380, mae: 0.474313
293,	Iter: 293, train loss: 3.0514, avg nll: 0.8809, avg wnll: 6.3451, avg kl: 0.0390, mse: 0.430285, wmse: 5.779819, mae: 0.474155
294,	Iter: 294, train loss: 3.0330, avg nll: 0.8811, avg wnll: 6.2841, avg kl: 0.0374, mse: 0.426710, wmse: 5.699056, mae: 0.472057
295,	Iter: 295, train loss: 3.0383, avg nll: 0.8811, avg wnll: 6.3390, avg kl: 0.0372, mse: 0.427788, wmse: 5.741460, mae: 0.473124
296,	Iter: 296, train loss: 3.0420, avg nll: 0.8755, avg wnll: 6.3039, avg kl: 0.0386, mse: 0.429503, wmse: 5.761413, mae: 0.472340
297,	Iter: 297, train loss: 3.0156, avg nll: 0.8739, avg wnll: 6.2662, avg kl: 0.0375, mse: 0.424629, wmse: 5.680898, mae: 0.471422
298,	Iter: 298, train loss: 3.0185, avg nll: 0.8721, avg wnll: 6.3362, avg kl: 0.0377, mse: 0.425526, wmse: 5.710454, mae: 0.471294
299,	Iter: 299, train loss: 2.9997, avg nll: 0.8701, avg wnll: 6.3025, avg kl: 0.0374, mse: 0.422189, wmse: 5.678625, mae: 0.469294
300,	Iter: 300, train loss: 2.9844, avg nll: 0.8643, avg wnll: 6.2922, avg kl: 0.0373, mse: 0.420286, wmse: 5.615702, mae: 0.468491
nll: 0.9538, mse: 0.4902, mae: 0.5075, mean_mse: 6.3366, mean_mae: 0.5075
1679368946.3472235
saving.................
done
301,	Iter: 301, train loss: 3.0305, avg nll: 0.8780, avg wnll: 6.3488, avg kl: 0.0378, mse: 0.426713, wmse: 5.742677, mae: 0.472458
302,	Iter: 302, train loss: 3.0409, avg nll: 0.8783, avg wnll: 6.3156, avg kl: 0.0384, mse: 0.428650, wmse: 5.746043, mae: 0.472967
303,	Iter: 303, train loss: 3.0312, avg nll: 0.8731, avg wnll: 6.3498, avg kl: 0.0387, mse: 0.427728, wmse: 5.744106, mae: 0.472664
304,	Iter: 304, train loss: 3.0161, avg nll: 0.8749, avg wnll: 6.2953, avg kl: 0.0375, mse: 0.424438, wmse: 5.667525, mae: 0.470757
305,	Iter: 305, train loss: 3.0214, avg nll: 0.8749, avg wnll: 6.3462, avg kl: 0.0370, mse: 0.425535, wmse: 5.709914, mae: 0.471824
306,	Iter: 306, train loss: 3.0252, avg nll: 0.8689, avg wnll: 6.3031, avg kl: 0.0385, mse: 0.427328, wmse: 5.731158, mae: 0.471059
307,	Iter: 307, train loss: 2.9995, avg nll: 0.8671, avg wnll: 6.2635, avg kl: 0.0372, mse: 0.422687, wmse: 5.654263, mae: 0.470288
308,	Iter: 308, train loss: 3.0030, avg nll: 0.8652, avg wnll: 6.3372, avg kl: 0.0373, mse: 0.423713, wmse: 5.683974, mae: 0.470182
309,	Iter: 309, train loss: 2.9858, avg nll: 0.8633, avg wnll: 6.2988, avg kl: 0.0371, mse: 0.420671, wmse: 5.657413, mae: 0.468343
310,	Iter: 310, train loss: 2.9722, avg nll: 0.8581, avg wnll: 6.2962, avg kl: 0.0368, mse: 0.419032, wmse: 5.597811, mae: 0.467712
nll: 0.9561, mse: 0.4909, mae: 0.5079, mean_mse: 6.3476, mean_mae: 0.5079
1679369985.026811
311,	Iter: 311, train loss: 3.0165, avg nll: 0.8723, avg wnll: 6.3570, avg kl: 0.0376, mse: 0.424935, wmse: 5.718379, mae: 0.471444
312,	Iter: 312, train loss: 3.0278, avg nll: 0.8731, avg wnll: 6.3254, avg kl: 0.0380, mse: 0.426986, wmse: 5.723617, mae: 0.472044
313,	Iter: 313, train loss: 3.0174, avg nll: 0.8677, avg wnll: 6.3501, avg kl: 0.0383, mse: 0.425945, wmse: 5.719617, mae: 0.471609
314,	Iter: 314, train loss: 3.0037, avg nll: 0.8703, avg wnll: 6.2990, avg kl: 0.0370, mse: 0.422792, wmse: 5.645190, mae: 0.469869
315,	Iter: 315, train loss: 3.0090, avg nll: 0.8701, avg wnll: 6.3461, avg kl: 0.0366, mse: 0.423932, wmse: 5.687671, mae: 0.470944
316,	Iter: 316, train loss: 3.0130, avg nll: 0.8641, avg wnll: 6.3042, avg kl: 0.0381, mse: 0.425762, wmse: 5.709767, mae: 0.470130
317,	Iter: 317, train loss: 2.9875, avg nll: 0.8619, avg wnll: 6.2611, avg kl: 0.0368, mse: 0.421244, wmse: 5.634480, mae: 0.469497
318,	Iter: 318, train loss: 2.9913, avg nll: 0.8602, avg wnll: 6.3400, avg kl: 0.0370, mse: 0.422304, wmse: 5.664477, mae: 0.469338
319,	Iter: 319, train loss: 2.9752, avg nll: 0.8584, avg wnll: 6.2973, avg kl: 0.0368, mse: 0.419439, wmse: 5.640524, mae: 0.467620
320,	Iter: 320, train loss: 2.9628, avg nll: 0.8533, avg wnll: 6.2998, avg kl: 0.0366, mse: 0.417983, wmse: 5.583363, mae: 0.467053
nll: 0.9577, mse: 0.4912, mae: 0.5082, mean_mse: 6.3534, mean_mae: 0.5082
1679371045.1186333
321,	Iter: 321, train loss: 3.0046, avg nll: 0.8675, avg wnll: 6.3569, avg kl: 0.0371, mse: 0.423453, wmse: 5.698476, mae: 0.470584
322,	Iter: 322, train loss: 3.0168, avg nll: 0.8687, avg wnll: 6.3270, avg kl: 0.0376, mse: 0.425591, wmse: 5.704746, mae: 0.471247
323,	Iter: 323, train loss: 3.0066, avg nll: 0.8634, avg wnll: 6.3550, avg kl: 0.0378, mse: 0.424564, wmse: 5.700701, mae: 0.470825
324,	Iter: 324, train loss: 2.9933, avg nll: 0.8663, avg wnll: 6.2981, avg kl: 0.0367, mse: 0.421434, wmse: 5.626878, mae: 0.469118
325,	Iter: 325, train loss: 2.9989, avg nll: 0.8662, avg wnll: 6.3515, avg kl: 0.0364, mse: 0.422600, wmse: 5.669220, mae: 0.470218
326,	Iter: 326, train loss: 3.0028, avg nll: 0.8601, avg wnll: 6.3040, avg kl: 0.0377, mse: 0.424448, wmse: 5.691779, mae: 0.469400
327,	Iter: 327, train loss: 2.9777, avg nll: 0.8577, avg wnll: 6.2612, avg kl: 0.0364, mse: 0.420047, wmse: 5.618725, mae: 0.468826
328,	Iter: 328, train loss: 2.9817, avg nll: 0.8560, avg wnll: 6.3390, avg kl: 0.0367, mse: 0.421142, wmse: 5.647662, mae: 0.468637
329,	Iter: 329, train loss: 2.9662, avg nll: 0.8542, avg wnll: 6.2973, avg kl: 0.0363, mse: 0.418409, wmse: 5.626213, mae: 0.467004
330,	Iter: 330, train loss: 2.9545, avg nll: 0.8492, avg wnll: 6.3036, avg kl: 0.0361, mse: 0.417088, wmse: 5.570714, mae: 0.466501
nll: 0.9591, mse: 0.4917, mae: 0.5085, mean_mse: 6.3615, mean_mae: 0.5085
1679372095.5664907
saving.................
done
331,	Iter: 331, train loss: 2.9948, avg nll: 0.8633, avg wnll: 6.3563, avg kl: 0.0368, mse: 0.422229, wmse: 5.681571, mae: 0.469856
332,	Iter: 332, train loss: 3.0075, avg nll: 0.8648, avg wnll: 6.3282, avg kl: 0.0373, mse: 0.424429, wmse: 5.689078, mae: 0.470614
333,	Iter: 333, train loss: 2.9971, avg nll: 0.8596, avg wnll: 6.3580, avg kl: 0.0375, mse: 0.423325, wmse: 5.683622, mae: 0.470137
334,	Iter: 334, train loss: 2.9843, avg nll: 0.8627, avg wnll: 6.2956, avg kl: 0.0362, mse: 0.420295, wmse: 5.611223, mae: 0.468521
335,	Iter: 335, train loss: 2.9901, avg nll: 0.8626, avg wnll: 6.3499, avg kl: 0.0359, mse: 0.421476, wmse: 5.653835, mae: 0.469620
336,	Iter: 336, train loss: 2.9939, avg nll: 0.8564, avg wnll: 6.3049, avg kl: 0.0373, mse: 0.423318, wmse: 5.676902, mae: 0.468757
337,	Iter: 337, train loss: 2.9694, avg nll: 0.8541, avg wnll: 6.2600, avg kl: 0.0359, mse: 0.419030, wmse: 5.604838, mae: 0.468255
338,	Iter: 338, train loss: 2.9733, avg nll: 0.8524, avg wnll: 6.3378, avg kl: 0.0363, mse: 0.420095, wmse: 5.632868, mae: 0.468048
339,	Iter: 339, train loss: 2.9587, avg nll: 0.8506, avg wnll: 6.2985, avg kl: 0.0360, mse: 0.417536, wmse: 5.614395, mae: 0.466496
340,	Iter: 340, train loss: 2.9483, avg nll: 0.8461, avg wnll: 6.3043, avg kl: 0.0358, mse: 0.416389, wmse: 5.561442, mae: 0.466102
nll: 0.9601, mse: 0.4920, mae: 0.5088, mean_mse: 6.3664, mean_mae: 0.5088
1679373110.1356902
341,	Iter: 341, train loss: 2.9859, avg nll: 0.8598, avg wnll: 6.3544, avg kl: 0.0362, mse: 0.421109, wmse: 5.666621, mae: 0.469204
342,	Iter: 342, train loss: 2.9989, avg nll: 0.8612, avg wnll: 6.3311, avg kl: 0.0368, mse: 0.423356, wmse: 5.674393, mae: 0.469969
343,	Iter: 343, train loss: 2.9894, avg nll: 0.8567, avg wnll: 6.3559, avg kl: 0.0369, mse: 0.422323, wmse: 5.669472, mae: 0.469581
344,	Iter: 344, train loss: 2.9765, avg nll: 0.8595, avg wnll: 6.2963, avg kl: 0.0358, mse: 0.419298, wmse: 5.597827, mae: 0.467970
345,	Iter: 345, train loss: 2.9822, avg nll: 0.8595, avg wnll: 6.3483, avg kl: 0.0355, mse: 0.420462, wmse: 5.640305, mae: 0.469034
346,	Iter: 346, train loss: 2.9872, avg nll: 0.8539, avg wnll: 6.3102, avg kl: 0.0369, mse: 0.422403, wmse: 5.664330, mae: 0.468253
347,	Iter: 347, train loss: 2.9618, avg nll: 0.8508, avg wnll: 6.2550, avg kl: 0.0356, mse: 0.418077, wmse: 5.592192, mae: 0.467760
348,	Iter: 348, train loss: 2.9664, avg nll: 0.8495, avg wnll: 6.3357, avg kl: 0.0359, mse: 0.419229, wmse: 5.620711, mae: 0.467562
349,	Iter: 349, train loss: 2.9518, avg nll: 0.8478, avg wnll: 6.3046, avg kl: 0.0353, mse: 0.416693, wmse: 5.602679, mae: 0.466016
350,	Iter: 350, train loss: 2.9414, avg nll: 0.8430, avg wnll: 6.3076, avg kl: 0.0355, mse: 0.415553, wmse: 5.549326, mae: 0.465607
nll: 0.9613, mse: 0.4925, mae: 0.5091, mean_mse: 6.3777, mean_mae: 0.5091
1679374174.1537523
351,	Iter: 351, train loss: 2.9791, avg nll: 0.8573, avg wnll: 6.3464, avg kl: 0.0358, mse: 0.420169, wmse: 5.653419, mae: 0.468680
352,	Iter: 352, train loss: 2.9905, avg nll: 0.8577, avg wnll: 6.3214, avg kl: 0.0365, mse: 0.422281, wmse: 5.659918, mae: 0.469381
353,	Iter: 353, train loss: 2.9838, avg nll: 0.8553, avg wnll: 6.3697, avg kl: 0.0364, mse: 0.421426, wmse: 5.657793, mae: 0.469127
354,	Iter: 354, train loss: 2.9690, avg nll: 0.8565, avg wnll: 6.2893, avg kl: 0.0353, mse: 0.418344, wmse: 5.584793, mae: 0.467458
355,	Iter: 355, train loss: 2.9743, avg nll: 0.8564, avg wnll: 6.3446, avg kl: 0.0350, mse: 0.419457, wmse: 5.626994, mae: 0.468490
356,	Iter: 356, train loss: 2.9831, avg nll: 0.8536, avg wnll: 6.3368, avg kl: 0.0363, mse: 0.421593, wmse: 5.653805, mae: 0.467824
357,	Iter: 357, train loss: 2.9571, avg nll: 0.8498, avg wnll: 6.2520, avg kl: 0.0351, mse: 0.417294, wmse: 5.581243, mae: 0.467284
358,	Iter: 358, train loss: 2.9591, avg nll: 0.8466, avg wnll: 6.3298, avg kl: 0.0354, mse: 0.418284, wmse: 5.606981, mae: 0.467062
359,	Iter: 359, train loss: 2.9511, avg nll: 0.8497, avg wnll: 6.3574, avg kl: 0.0349, mse: 0.416106, wmse: 5.594440, mae: 0.465727
360,	Iter: 360, train loss: 2.9416, avg nll: 0.8447, avg wnll: 6.3460, avg kl: 0.0349, mse: 0.415195, wmse: 5.545224, mae: 0.465414
nll: 0.9616, mse: 0.4932, mae: 0.5095, mean_mse: 6.3823, mean_mae: 0.5095
1679375233.4766119
saving.................
done
361,	Iter: 361, train loss: 2.9743, avg nll: 0.8560, avg wnll: 6.3458, avg kl: 0.0354, mse: 0.419404, wmse: 5.641947, mae: 0.468247
362,	Iter: 362, train loss: 2.9879, avg nll: 0.8573, avg wnll: 6.3124, avg kl: 0.0356, mse: 0.421820, wmse: 5.652837, mae: 0.469126
363,	Iter: 363, train loss: 2.9796, avg nll: 0.8548, avg wnll: 6.3798, avg kl: 0.0361, mse: 0.420591, wmse: 5.646531, mae: 0.468598
364,	Iter: 364, train loss: 2.9631, avg nll: 0.8547, avg wnll: 6.2884, avg kl: 0.0349, mse: 0.417462, wmse: 5.572114, mae: 0.466976
365,	Iter: 365, train loss: 2.9678, avg nll: 0.8541, avg wnll: 6.3374, avg kl: 0.0346, mse: 0.418523, wmse: 5.613576, mae: 0.467954
366,	Iter: 366, train loss: 2.9785, avg nll: 0.8520, avg wnll: 6.3407, avg kl: 0.0361, mse: 0.420881, wmse: 5.644520, mae: 0.467425
367,	Iter: 367, train loss: 2.9512, avg nll: 0.8473, avg wnll: 6.2449, avg kl: 0.0347, mse: 0.416541, wmse: 5.571471, mae: 0.466919
368,	Iter: 368, train loss: 2.9544, avg nll: 0.8454, avg wnll: 6.3356, avg kl: 0.0351, mse: 0.417483, wmse: 5.596102, mae: 0.466602
369,	Iter: 369, train loss: 2.9443, avg nll: 0.8457, avg wnll: 6.3208, avg kl: 0.0345, mse: 0.415470, wmse: 5.585477, mae: 0.465336
370,	Iter: 370, train loss: 2.9343, avg nll: 0.8416, avg wnll: 6.3288, avg kl: 0.0346, mse: 0.414267, wmse: 5.531872, mae: 0.464877
nll: 0.9621, mse: 0.4929, mae: 0.5093, mean_mse: 6.3828, mean_mae: 0.5093
1679376281.7300148
371,	Iter: 371, train loss: 2.9694, avg nll: 0.8541, avg wnll: 6.3350, avg kl: 0.0352, mse: 0.418715, wmse: 5.633528, mae: 0.467838
372,	Iter: 372, train loss: 2.9843, avg nll: 0.8572, avg wnll: 6.3316, avg kl: 0.0354, mse: 0.421034, wmse: 5.643089, mae: 0.468668
373,	Iter: 373, train loss: 2.9717, avg nll: 0.8504, avg wnll: 6.3407, avg kl: 0.0356, mse: 0.419832, wmse: 5.636600, mae: 0.468253
374,	Iter: 374, train loss: 2.9582, avg nll: 0.8528, avg wnll: 6.2920, avg kl: 0.0344, mse: 0.416790, wmse: 5.563712, mae: 0.466619
375,	Iter: 375, train loss: 2.9616, avg nll: 0.8520, avg wnll: 6.3311, avg kl: 0.0341, mse: 0.417664, wmse: 5.601876, mae: 0.467462
376,	Iter: 376, train loss: 2.9708, avg nll: 0.8488, avg wnll: 6.3231, avg kl: 0.0355, mse: 0.419958, wmse: 5.631717, mae: 0.466979
377,	Iter: 377, train loss: 2.9461, avg nll: 0.8450, avg wnll: 6.2489, avg kl: 0.0343, mse: 0.415890, wmse: 5.562287, mae: 0.466487
378,	Iter: 378, train loss: 2.9502, avg nll: 0.8439, avg wnll: 6.3348, avg kl: 0.0347, mse: 0.416877, wmse: 5.588038, mae: 0.466297
379,	Iter: 379, train loss: 2.9410, avg nll: 0.8440, avg wnll: 6.3128, avg kl: 0.0342, mse: 0.415083, wmse: 5.580108, mae: 0.465188
380,	Iter: 380, train loss: 2.9346, avg nll: 0.8428, avg wnll: 6.3632, avg kl: 0.0340, mse: 0.414053, wmse: 5.529363, mae: 0.464790
nll: 0.9625, mse: 0.4933, mae: 0.5097, mean_mse: 6.3847, mean_mae: 0.5097
1679377309.0889602
381,	Iter: 381, train loss: 2.9653, avg nll: 0.8530, avg wnll: 6.3495, avg kl: 0.0345, mse: 0.418080, wmse: 5.623900, mae: 0.467513
382,	Iter: 382, train loss: 2.9782, avg nll: 0.8542, avg wnll: 6.3023, avg kl: 0.0348, mse: 0.420378, wmse: 5.632719, mae: 0.468403
383,	Iter: 383, train loss: 2.9673, avg nll: 0.8491, avg wnll: 6.3527, avg kl: 0.0352, mse: 0.419148, wmse: 5.626288, mae: 0.467815
384,	Iter: 384, train loss: 2.9537, avg nll: 0.8515, avg wnll: 6.3019, avg kl: 0.0338, mse: 0.416115, wmse: 5.554070, mae: 0.466248
385,	Iter: 385, train loss: 2.9583, avg nll: 0.8516, avg wnll: 6.3406, avg kl: 0.0334, mse: 0.417056, wmse: 5.594199, mae: 0.467169
386,	Iter: 386, train loss: 2.9669, avg nll: 0.8473, avg wnll: 6.3007, avg kl: 0.0349, mse: 0.419423, wmse: 5.624157, mae: 0.466618
387,	Iter: 387, train loss: 2.9404, avg nll: 0.8430, avg wnll: 6.2427, avg kl: 0.0337, mse: 0.415118, wmse: 5.551528, mae: 0.466092
388,	Iter: 388, train loss: 2.9475, avg nll: 0.8439, avg wnll: 6.3337, avg kl: 0.0341, mse: 0.416310, wmse: 5.579989, mae: 0.465956
389,	Iter: 389, train loss: 2.9392, avg nll: 0.8447, avg wnll: 6.3335, avg kl: 0.0337, mse: 0.414532, wmse: 5.574015, mae: 0.464866
390,	Iter: 390, train loss: 2.9278, avg nll: 0.8402, avg wnll: 6.3282, avg kl: 0.0336, mse: 0.413162, wmse: 5.516057, mae: 0.464264
nll: 0.9630, mse: 0.4934, mae: 0.5096, mean_mse: 6.3929, mean_mae: 0.5096
1679378347.4804773
saving.................
done
391,	Iter: 391, train loss: 2.9616, avg nll: 0.8517, avg wnll: 6.3346, avg kl: 0.0342, mse: 0.417523, wmse: 5.616667, mae: 0.467150
392,	Iter: 392, train loss: 2.9723, avg nll: 0.8519, avg wnll: 6.3145, avg kl: 0.0343, mse: 0.419604, wmse: 5.623970, mae: 0.467876
393,	Iter: 393, train loss: 2.9614, avg nll: 0.8466, avg wnll: 6.3345, avg kl: 0.0346, mse: 0.418422, wmse: 5.616960, mae: 0.467472
394,	Iter: 394, train loss: 2.9481, avg nll: 0.8489, avg wnll: 6.2872, avg kl: 0.0335, mse: 0.415452, wmse: 5.545440, mae: 0.465851
395,	Iter: 395, train loss: 2.9519, avg nll: 0.8486, avg wnll: 6.3313, avg kl: 0.0331, mse: 0.416299, wmse: 5.583045, mae: 0.466697
396,	Iter: 396, train loss: 2.9635, avg nll: 0.8467, avg wnll: 6.3164, avg kl: 0.0344, mse: 0.418830, wmse: 5.617838, mae: 0.466363
397,	Iter: 397, train loss: 2.9359, avg nll: 0.8413, avg wnll: 6.2396, avg kl: 0.0334, mse: 0.414493, wmse: 5.543188, mae: 0.465711
398,	Iter: 398, train loss: 2.9425, avg nll: 0.8416, avg wnll: 6.3362, avg kl: 0.0337, mse: 0.415715, wmse: 5.571124, mae: 0.465712
399,	Iter: 399, train loss: 2.9372, avg nll: 0.8446, avg wnll: 6.3449, avg kl: 0.0330, mse: 0.414134, wmse: 5.566979, mae: 0.464673
400,	Iter: 400, train loss: 2.9251, avg nll: 0.8383, avg wnll: 6.3136, avg kl: 0.0330, mse: 0.412964, wmse: 5.513985, mae: 0.464188
nll: 0.9634, mse: 0.4937, mae: 0.5098, mean_mse: 6.3916, mean_mae: 0.5098
1679379361.419581
401,	Iter: 401, train loss: 2.9552, avg nll: 0.8488, avg wnll: 6.3353, avg kl: 0.0337, mse: 0.416782, wmse: 5.605544, mae: 0.466802
402,	Iter: 402, train loss: 2.9681, avg nll: 0.8504, avg wnll: 6.3112, avg kl: 0.0339, mse: 0.418988, wmse: 5.614004, mae: 0.467624
403,	Iter: 403, train loss: 2.9562, avg nll: 0.8447, avg wnll: 6.3422, avg kl: 0.0342, mse: 0.417700, wmse: 5.606598, mae: 0.467036
404,	Iter: 404, train loss: 2.9437, avg nll: 0.8480, avg wnll: 6.2958, avg kl: 0.0329, mse: 0.414710, wmse: 5.534955, mae: 0.465465
405,	Iter: 405, train loss: 2.9465, avg nll: 0.8466, avg wnll: 6.3353, avg kl: 0.0326, mse: 0.415576, wmse: 5.573984, mae: 0.466365
406,	Iter: 406, train loss: 2.9606, avg nll: 0.8455, avg wnll: 6.3074, avg kl: 0.0339, mse: 0.418433, wmse: 5.611848, mae: 0.466162
407,	Iter: 407, train loss: 2.9319, avg nll: 0.8402, avg wnll: 6.2381, avg kl: 0.0328, mse: 0.413901, wmse: 5.534750, mae: 0.465422
408,	Iter: 408, train loss: 2.9381, avg nll: 0.8400, avg wnll: 6.3211, avg kl: 0.0333, mse: 0.415086, wmse: 5.562622, mae: 0.465279
409,	Iter: 409, train loss: 2.9348, avg nll: 0.8440, avg wnll: 6.3668, avg kl: 0.0330, mse: 0.413665, wmse: 5.561966, mae: 0.464380
410,	Iter: 410, train loss: 2.9214, avg nll: 0.8371, avg wnll: 6.3088, avg kl: 0.0328, mse: 0.412372, wmse: 5.504857, mae: 0.463834
nll: 0.9643, mse: 0.4938, mae: 0.5099, mean_mse: 6.4008, mean_mae: 0.5099
1679380374.0122302
411,	Iter: 411, train loss: 2.9531, avg nll: 0.8481, avg wnll: 6.3299, avg kl: 0.0333, mse: 0.416441, wmse: 5.602449, mae: 0.466552
412,	Iter: 412, train loss: 2.9646, avg nll: 0.8494, avg wnll: 6.3246, avg kl: 0.0335, mse: 0.418444, wmse: 5.607700, mae: 0.467247
413,	Iter: 413, train loss: 2.9511, avg nll: 0.8427, avg wnll: 6.3255, avg kl: 0.0336, mse: 0.417052, wmse: 5.598649, mae: 0.466713
414,	Iter: 414, train loss: 2.9399, avg nll: 0.8462, avg wnll: 6.2837, avg kl: 0.0326, mse: 0.414239, wmse: 5.529130, mae: 0.465199
415,	Iter: 415, train loss: 2.9416, avg nll: 0.8447, avg wnll: 6.3273, avg kl: 0.0321, mse: 0.414939, wmse: 5.564586, mae: 0.465916
416,	Iter: 416, train loss: 2.9564, avg nll: 0.8443, avg wnll: 6.3185, avg kl: 0.0335, mse: 0.417776, wmse: 5.603977, mae: 0.465824
417,	Iter: 417, train loss: 2.9286, avg nll: 0.8393, avg wnll: 6.2335, avg kl: 0.0324, mse: 0.413366, wmse: 5.527756, mae: 0.465076
418,	Iter: 418, train loss: 2.9336, avg nll: 0.8377, avg wnll: 6.3144, avg kl: 0.0328, mse: 0.414612, wmse: 5.556091, mae: 0.465098
419,	Iter: 419, train loss: 2.9310, avg nll: 0.8428, avg wnll: 6.3664, avg kl: 0.0323, mse: 0.413123, wmse: 5.553809, mae: 0.464112
420,	Iter: 420, train loss: 2.9200, avg nll: 0.8366, avg wnll: 6.3087, avg kl: 0.0322, mse: 0.412192, wmse: 5.504088, mae: 0.463822
nll: 0.9641, mse: 0.4939, mae: 0.5100, mean_mse: 6.3956, mean_mae: 0.5100
1679381401.555232
saving.................
done
421,	Iter: 421, train loss: 2.9487, avg nll: 0.8472, avg wnll: 6.3472, avg kl: 0.0328, mse: 0.415690, wmse: 5.591403, mae: 0.466219
422,	Iter: 422, train loss: 2.9614, avg nll: 0.8481, avg wnll: 6.3075, avg kl: 0.0330, mse: 0.418029, wmse: 5.600544, mae: 0.467132
423,	Iter: 423, train loss: 2.9479, avg nll: 0.8417, avg wnll: 6.3316, avg kl: 0.0332, mse: 0.416562, wmse: 5.591066, mae: 0.466394
424,	Iter: 424, train loss: 2.9347, avg nll: 0.8445, avg wnll: 6.2902, avg kl: 0.0320, mse: 0.413523, wmse: 5.518559, mae: 0.464819
425,	Iter: 425, train loss: 2.9379, avg nll: 0.8439, avg wnll: 6.3279, avg kl: 0.0318, mse: 0.414297, wmse: 5.556466, mae: 0.465603
426,	Iter: 426, train loss: 2.9531, avg nll: 0.8431, avg wnll: 6.3082, avg kl: 0.0329, mse: 0.417331, wmse: 5.597174, mae: 0.465587
427,	Iter: 427, train loss: 2.9249, avg nll: 0.8379, avg wnll: 6.2353, avg kl: 0.0318, mse: 0.412865, wmse: 5.520813, mae: 0.464869
428,	Iter: 428, train loss: 2.9303, avg nll: 0.8370, avg wnll: 6.3201, avg kl: 0.0324, mse: 0.414045, wmse: 5.548820, mae: 0.464755
429,	Iter: 429, train loss: 2.9282, avg nll: 0.8416, avg wnll: 6.3688, avg kl: 0.0321, mse: 0.412736, wmse: 5.549519, mae: 0.463877
430,	Iter: 430, train loss: 2.9159, avg nll: 0.8348, avg wnll: 6.3081, avg kl: 0.0317, mse: 0.411685, wmse: 5.495108, mae: 0.463494
nll: 0.9656, mse: 0.4944, mae: 0.5102, mean_mse: 6.4077, mean_mae: 0.5102
1679382453.454671
431,	Iter: 431, train loss: 2.9471, avg nll: 0.8464, avg wnll: 6.3446, avg kl: 0.0323, mse: 0.415490, wmse: 5.588894, mae: 0.466028
432,	Iter: 432, train loss: 2.9566, avg nll: 0.8459, avg wnll: 6.3159, avg kl: 0.0326, mse: 0.417441, wmse: 5.593912, mae: 0.466703
433,	Iter: 433, train loss: 2.9425, avg nll: 0.8395, avg wnll: 6.3180, avg kl: 0.0327, mse: 0.415886, wmse: 5.582536, mae: 0.466039
434,	Iter: 434, train loss: 2.9312, avg nll: 0.8426, avg wnll: 6.2812, avg kl: 0.0317, mse: 0.413118, wmse: 5.513816, mae: 0.464590
435,	Iter: 435, train loss: 2.9335, avg nll: 0.8420, avg wnll: 6.3263, avg kl: 0.0312, mse: 0.413778, wmse: 5.548881, mae: 0.465314
436,	Iter: 436, train loss: 2.9503, avg nll: 0.8424, avg wnll: 6.3228, avg kl: 0.0326, mse: 0.416847, wmse: 5.591459, mae: 0.465342
437,	Iter: 437, train loss: 2.9225, avg nll: 0.8375, avg wnll: 6.2265, avg kl: 0.0313, mse: 0.412435, wmse: 5.515432, mae: 0.464570
438,	Iter: 438, train loss: 2.9290, avg nll: 0.8369, avg wnll: 6.3203, avg kl: 0.0319, mse: 0.413769, wmse: 5.545060, mae: 0.464654
439,	Iter: 439, train loss: 2.9223, avg nll: 0.8390, avg wnll: 6.3269, avg kl: 0.0315, mse: 0.412068, wmse: 5.539422, mae: 0.463561
440,	Iter: 440, train loss: 2.9134, avg nll: 0.8334, avg wnll: 6.3116, avg kl: 0.0313, mse: 0.411393, wmse: 5.493049, mae: 0.463357
nll: 0.9654, mse: 0.4943, mae: 0.5103, mean_mse: 6.4045, mean_mae: 0.5103
1679383456.4411664
441,	Iter: 441, train loss: 2.9426, avg nll: 0.8456, avg wnll: 6.3527, avg kl: 0.0319, mse: 0.414717, wmse: 5.577847, mae: 0.465661
442,	Iter: 442, train loss: 2.9536, avg nll: 0.8447, avg wnll: 6.3035, avg kl: 0.0321, mse: 0.417052, wmse: 5.587522, mae: 0.466592
443,	Iter: 443, train loss: 2.9400, avg nll: 0.8386, avg wnll: 6.3280, avg kl: 0.0323, mse: 0.415498, wmse: 5.576564, mae: 0.465820
444,	Iter: 444, train loss: 2.9280, avg nll: 0.8423, avg wnll: 6.2928, avg kl: 0.0311, mse: 0.412517, wmse: 5.504273, mae: 0.464306
445,	Iter: 445, train loss: 2.9306, avg nll: 0.8417, avg wnll: 6.3307, avg kl: 0.0308, mse: 0.413207, wmse: 5.541225, mae: 0.464984
446,	Iter: 446, train loss: 2.9491, avg nll: 0.8426, avg wnll: 6.3035, avg kl: 0.0320, mse: 0.416536, wmse: 5.587035, mae: 0.465206
447,	Iter: 447, train loss: 2.9189, avg nll: 0.8358, avg wnll: 6.2283, avg kl: 0.0309, mse: 0.412015, wmse: 5.509096, mae: 0.464427
448,	Iter: 448, train loss: 2.9259, avg nll: 0.8362, avg wnll: 6.3272, avg kl: 0.0315, mse: 0.413242, wmse: 5.538361, mae: 0.464317
449,	Iter: 449, train loss: 2.9273, avg nll: 0.8441, avg wnll: 6.3866, avg kl: 0.0310, mse: 0.411986, wmse: 5.538292, mae: 0.463474
450,	Iter: 450, train loss: 2.9090, avg nll: 0.8319, avg wnll: 6.2948, avg kl: 0.0309, mse: 0.410801, wmse: 5.483036, mae: 0.463035
nll: 0.9662, mse: 0.4945, mae: 0.5103, mean_mse: 6.4089, mean_mae: 0.5103
1679384472.4085116
saving.................
done
451,	Iter: 451, train loss: 2.9391, avg nll: 0.8435, avg wnll: 6.3331, avg kl: 0.0314, mse: 0.414411, wmse: 5.574452, mae: 0.465395
452,	Iter: 452, train loss: 2.9492, avg nll: 0.8431, avg wnll: 6.3058, avg kl: 0.0317, mse: 0.416436, wmse: 5.580367, mae: 0.466161
453,	Iter: 453, train loss: 2.9396, avg nll: 0.8404, avg wnll: 6.3284, avg kl: 0.0319, mse: 0.415021, wmse: 5.570868, mae: 0.465568
454,	Iter: 454, train loss: 2.9250, avg nll: 0.8416, avg wnll: 6.2819, avg kl: 0.0308, mse: 0.412016, wmse: 5.499188, mae: 0.463984
455,	Iter: 455, train loss: 2.9273, avg nll: 0.8412, avg wnll: 6.3265, avg kl: 0.0302, mse: 0.412643, wmse: 5.533278, mae: 0.464688
456,	Iter: 456, train loss: 2.9436, avg nll: 0.8403, avg wnll: 6.3012, avg kl: 0.0317, mse: 0.415832, wmse: 5.578085, mae: 0.464783
457,	Iter: 457, train loss: 2.9160, avg nll: 0.8351, avg wnll: 6.2309, avg kl: 0.0306, mse: 0.411528, wmse: 5.503209, mae: 0.464092
458,	Iter: 458, train loss: 2.9232, avg nll: 0.8349, avg wnll: 6.3169, avg kl: 0.0310, mse: 0.412941, wmse: 5.533967, mae: 0.464203
459,	Iter: 459, train loss: 2.9160, avg nll: 0.8354, avg wnll: 6.3061, avg kl: 0.0304, mse: 0.411472, wmse: 5.531863, mae: 0.463217
460,	Iter: 460, train loss: 2.9081, avg nll: 0.8316, avg wnll: 6.3075, avg kl: 0.0303, mse: 0.410656, wmse: 5.482649, mae: 0.462986
nll: 0.9673, mse: 0.4950, mae: 0.5107, mean_mse: 6.4149, mean_mae: 0.5107
1679385510.344714
461,	Iter: 461, train loss: 2.9335, avg nll: 0.8415, avg wnll: 6.3377, avg kl: 0.0308, mse: 0.413667, wmse: 5.563557, mae: 0.465013
462,	Iter: 462, train loss: 2.9451, avg nll: 0.8418, avg wnll: 6.3040, avg kl: 0.0312, mse: 0.415864, wmse: 5.571001, mae: 0.465858
463,	Iter: 463, train loss: 2.9379, avg nll: 0.8404, avg wnll: 6.3564, avg kl: 0.0313, mse: 0.414669, wmse: 5.565927, mae: 0.465483
464,	Iter: 464, train loss: 2.9200, avg nll: 0.8391, avg wnll: 6.2700, avg kl: 0.0302, mse: 0.411503, wmse: 5.490813, mae: 0.463695
465,	Iter: 465, train loss: 2.9234, avg nll: 0.8391, avg wnll: 6.3260, avg kl: 0.0300, mse: 0.412223, wmse: 5.527819, mae: 0.464433
466,	Iter: 466, train loss: 2.9415, avg nll: 0.8395, avg wnll: 6.3087, avg kl: 0.0312, mse: 0.415574, wmse: 5.572742, mae: 0.464689
467,	Iter: 467, train loss: 2.9123, avg nll: 0.8335, avg wnll: 6.2262, avg kl: 0.0300, mse: 0.411102, wmse: 5.497681, mae: 0.463921
468,	Iter: 468, train loss: 2.9176, avg nll: 0.8324, avg wnll: 6.3206, avg kl: 0.0306, mse: 0.412269, wmse: 5.524880, mae: 0.463771
469,	Iter: 469, train loss: 2.9164, avg nll: 0.8365, avg wnll: 6.3241, avg kl: 0.0301, mse: 0.411268, wmse: 5.528853, mae: 0.463065
470,	Iter: 470, train loss: 2.9060, avg nll: 0.8319, avg wnll: 6.3149, avg kl: 0.0300, mse: 0.410125, wmse: 5.474602, mae: 0.462701
nll: 0.9670, mse: 0.4948, mae: 0.5105, mean_mse: 6.4119, mean_mae: 0.5105
1679386537.698926
471,	Iter: 471, train loss: 2.9304, avg nll: 0.8395, avg wnll: 6.3204, avg kl: 0.0303, mse: 0.413407, wmse: 5.561890, mae: 0.464846
472,	Iter: 472, train loss: 2.9413, avg nll: 0.8405, avg wnll: 6.3039, avg kl: 0.0307, mse: 0.415336, wmse: 5.564507, mae: 0.465548
473,	Iter: 473, train loss: 2.9339, avg nll: 0.8383, avg wnll: 6.3188, avg kl: 0.0308, mse: 0.414268, wmse: 5.560645, mae: 0.465197
474,	Iter: 474, train loss: 2.9163, avg nll: 0.8373, avg wnll: 6.2681, avg kl: 0.0299, mse: 0.411075, wmse: 5.485872, mae: 0.463469
475,	Iter: 475, train loss: 2.9199, avg nll: 0.8379, avg wnll: 6.3311, avg kl: 0.0295, mse: 0.411731, wmse: 5.521537, mae: 0.464188
476,	Iter: 476, train loss: 2.9373, avg nll: 0.8374, avg wnll: 6.3169, avg kl: 0.0308, mse: 0.415093, wmse: 5.567626, mae: 0.464391
477,	Iter: 477, train loss: 2.9112, avg nll: 0.8334, avg wnll: 6.2365, avg kl: 0.0297, mse: 0.410826, wmse: 5.493575, mae: 0.463791
478,	Iter: 478, train loss: 2.9142, avg nll: 0.8309, avg wnll: 6.3027, avg kl: 0.0300, mse: 0.411880, wmse: 5.519219, mae: 0.463605
479,	Iter: 479, train loss: 2.9129, avg nll: 0.8360, avg wnll: 6.3166, avg kl: 0.0295, mse: 0.410682, wmse: 5.521879, mae: 0.462846
480,	Iter: 480, train loss: 2.9017, avg nll: 0.8291, avg wnll: 6.2909, avg kl: 0.0293, mse: 0.409833, wmse: 5.471306, mae: 0.462523
nll: 0.9677, mse: 0.4952, mae: 0.5109, mean_mse: 6.4201, mean_mae: 0.5109
1679387560.7035859
saving.................
done
481,	Iter: 481, train loss: 2.9259, avg nll: 0.8382, avg wnll: 6.3204, avg kl: 0.0299, mse: 0.412745, wmse: 5.551301, mae: 0.464487
482,	Iter: 482, train loss: 2.9372, avg nll: 0.8383, avg wnll: 6.3061, avg kl: 0.0303, mse: 0.414904, wmse: 5.558054, mae: 0.465351
483,	Iter: 483, train loss: 2.9294, avg nll: 0.8358, avg wnll: 6.3295, avg kl: 0.0304, mse: 0.413806, wmse: 5.554535, mae: 0.464937
484,	Iter: 484, train loss: 2.9126, avg nll: 0.8361, avg wnll: 6.2696, avg kl: 0.0293, mse: 0.410575, wmse: 5.478665, mae: 0.463213
485,	Iter: 485, train loss: 2.9166, avg nll: 0.8364, avg wnll: 6.3175, avg kl: 0.0290, mse: 0.411353, wmse: 5.515662, mae: 0.463983
486,	Iter: 486, train loss: 2.9367, avg nll: 0.8382, avg wnll: 6.3111, avg kl: 0.0302, mse: 0.414832, wmse: 5.563323, mae: 0.464338
487,	Iter: 487, train loss: 2.9082, avg nll: 0.8321, avg wnll: 6.2203, avg kl: 0.0291, mse: 0.410500, wmse: 5.488772, mae: 0.463625
488,	Iter: 488, train loss: 2.9175, avg nll: 0.8348, avg wnll: 6.3313, avg kl: 0.0298, mse: 0.411706, wmse: 5.516909, mae: 0.463620
489,	Iter: 489, train loss: 2.9116, avg nll: 0.8352, avg wnll: 6.2846, avg kl: 0.0291, mse: 0.410528, wmse: 5.518806, mae: 0.462716
490,	Iter: 490, train loss: 2.8980, avg nll: 0.8272, avg wnll: 6.2799, avg kl: 0.0291, mse: 0.409395, wmse: 5.464286, mae: 0.462306
nll: 0.9686, mse: 0.4953, mae: 0.5107, mean_mse: 6.4193, mean_mae: 0.5107
1679388608.0543382
491,	Iter: 491, train loss: 2.9231, avg nll: 0.8369, avg wnll: 6.3160, avg kl: 0.0297, mse: 0.412377, wmse: 5.546405, mae: 0.464279
492,	Iter: 492, train loss: 2.9327, avg nll: 0.8367, avg wnll: 6.2847, avg kl: 0.0299, mse: 0.414294, wmse: 5.550089, mae: 0.464995
493,	Iter: 493, train loss: 2.9257, avg nll: 0.8348, avg wnll: 6.3209, avg kl: 0.0299, mse: 0.413273, wmse: 5.546827, mae: 0.464580
494,	Iter: 494, train loss: 2.9110, avg nll: 0.8366, avg wnll: 6.2737, avg kl: 0.0288, mse: 0.410131, wmse: 5.472785, mae: 0.462965
495,	Iter: 495, train loss: 2.9142, avg nll: 0.8368, avg wnll: 6.3211, avg kl: 0.0285, mse: 0.410771, wmse: 5.509073, mae: 0.463697
496,	Iter: 496, train loss: 2.9384, avg nll: 0.8410, avg wnll: 6.2850, avg kl: 0.0298, mse: 0.414556, wmse: 5.561072, mae: 0.464125
497,	Iter: 497, train loss: 2.9044, avg nll: 0.8307, avg wnll: 6.2146, avg kl: 0.0287, mse: 0.409985, wmse: 5.482579, mae: 0.463310
498,	Iter: 498, train loss: 2.9138, avg nll: 0.8332, avg wnll: 6.3343, avg kl: 0.0292, mse: 0.411289, wmse: 5.511632, mae: 0.463394
499,	Iter: 499, train loss: 2.9038, avg nll: 0.8305, avg wnll: 6.2753, avg kl: 0.0286, mse: 0.409899, wmse: 5.510291, mae: 0.462384
500,	Iter: 500, train loss: 2.8981, avg nll: 0.8285, avg wnll: 6.3340, avg kl: 0.0286, mse: 0.409170, wmse: 5.462874, mae: 0.462103
nll: 0.9690, mse: 0.4958, mae: 0.5112, mean_mse: 6.4268, mean_mae: 0.5112
1679389623.5866766
501,	Iter: 501, train loss: 2.9213, avg nll: 0.8370, avg wnll: 6.3299, avg kl: 0.0291, mse: 0.411998, wmse: 5.541466, mae: 0.464043
502,	Iter: 502, train loss: 2.9300, avg nll: 0.8355, avg wnll: 6.2875, avg kl: 0.0293, mse: 0.414006, wmse: 5.546106, mae: 0.464849
503,	Iter: 503, train loss: 2.9250, avg nll: 0.8354, avg wnll: 6.3529, avg kl: 0.0296, mse: 0.412960, wmse: 5.544162, mae: 0.464514
504,	Iter: 504, train loss: 2.9119, avg nll: 0.8379, avg wnll: 6.2869, avg kl: 0.0285, mse: 0.410013, wmse: 5.472589, mae: 0.462904
505,	Iter: 505, train loss: 2.9115, avg nll: 0.8354, avg wnll: 6.2925, avg kl: 0.0283, mse: 0.410454, wmse: 5.502668, mae: 0.463445
506,	Iter: 506, train loss: 2.9324, avg nll: 0.8373, avg wnll: 6.2990, avg kl: 0.0294, mse: 0.414077, wmse: 5.552827, mae: 0.463920
507,	Iter: 507, train loss: 2.9018, avg nll: 0.8293, avg wnll: 6.2122, avg kl: 0.0284, mse: 0.409699, wmse: 5.478429, mae: 0.463128
508,	Iter: 508, train loss: 2.9099, avg nll: 0.8313, avg wnll: 6.3281, avg kl: 0.0289, mse: 0.410826, wmse: 5.505443, mae: 0.463066
509,	Iter: 509, train loss: 2.9026, avg nll: 0.8303, avg wnll: 6.2757, avg kl: 0.0283, mse: 0.409656, wmse: 5.506089, mae: 0.462253
510,	Iter: 510, train loss: 2.8926, avg nll: 0.8263, avg wnll: 6.3103, avg kl: 0.0282, mse: 0.408473, wmse: 5.451449, mae: 0.461779
nll: 0.9694, mse: 0.4955, mae: 0.5108, mean_mse: 6.4255, mean_mae: 0.5108
1679390673.506501
saving.................
done
511,	Iter: 511, train loss: 2.9169, avg nll: 0.8347, avg wnll: 6.3138, avg kl: 0.0288, mse: 0.411535, wmse: 5.534791, mae: 0.463773
512,	Iter: 512, train loss: 2.9276, avg nll: 0.8353, avg wnll: 6.2856, avg kl: 0.0289, mse: 0.413530, wmse: 5.540367, mae: 0.464534
513,	Iter: 513, train loss: 2.9228, avg nll: 0.8355, avg wnll: 6.3598, avg kl: 0.0290, mse: 0.412484, wmse: 5.536026, mae: 0.464230
514,	Iter: 514, train loss: 2.9076, avg nll: 0.8354, avg wnll: 6.2551, avg kl: 0.0279, mse: 0.409673, wmse: 5.466395, mae: 0.462734
515,	Iter: 515, train loss: 2.9082, avg nll: 0.8342, avg wnll: 6.3065, avg kl: 0.0277, mse: 0.410055, wmse: 5.499503, mae: 0.463261
516,	Iter: 516, train loss: 2.9281, avg nll: 0.8348, avg wnll: 6.2928, avg kl: 0.0289, mse: 0.413702, wmse: 5.549177, mae: 0.463678
517,	Iter: 517, train loss: 2.8999, avg nll: 0.8294, avg wnll: 6.2311, avg kl: 0.0278, mse: 0.409302, wmse: 5.472762, mae: 0.462966
518,	Iter: 518, train loss: 2.9106, avg nll: 0.8323, avg wnll: 6.3189, avg kl: 0.0283, mse: 0.410777, wmse: 5.505147, mae: 0.463179
519,	Iter: 519, train loss: 2.9010, avg nll: 0.8308, avg wnll: 6.2961, avg kl: 0.0279, mse: 0.409213, wmse: 5.501083, mae: 0.462081
520,	Iter: 520, train loss: 2.8875, avg nll: 0.8241, avg wnll: 6.2981, avg kl: 0.0277, mse: 0.407855, wmse: 5.443505, mae: 0.461373
nll: 0.9696, mse: 0.4956, mae: 0.5111, mean_mse: 6.4248, mean_mae: 0.5111
1679391701.620557
521,	Iter: 521, train loss: 2.9183, avg nll: 0.8387, avg wnll: 6.4115, avg kl: 0.0283, mse: 0.410995, wmse: 5.528657, mae: 0.463452
522,	Iter: 522, train loss: 2.9274, avg nll: 0.8368, avg wnll: 6.2947, avg kl: 0.0286, mse: 0.413141, wmse: 5.533919, mae: 0.464303
523,	Iter: 523, train loss: 2.9185, avg nll: 0.8333, avg wnll: 6.3235, avg kl: 0.0288, mse: 0.412013, wmse: 5.530710, mae: 0.463934
524,	Iter: 524, train loss: 2.9030, avg nll: 0.8337, avg wnll: 6.2762, avg kl: 0.0277, mse: 0.409017, wmse: 5.458582, mae: 0.462376
525,	Iter: 525, train loss: 2.9061, avg nll: 0.8335, avg wnll: 6.2939, avg kl: 0.0274, mse: 0.409719, wmse: 5.492985, mae: 0.463053
526,	Iter: 526, train loss: 2.9251, avg nll: 0.8338, avg wnll: 6.3099, avg kl: 0.0286, mse: 0.413238, wmse: 5.542408, mae: 0.463464
527,	Iter: 527, train loss: 2.8959, avg nll: 0.8275, avg wnll: 6.2129, avg kl: 0.0276, mse: 0.408839, wmse: 5.466918, mae: 0.462643
528,	Iter: 528, train loss: 2.9059, avg nll: 0.8298, avg wnll: 6.3093, avg kl: 0.0280, mse: 0.410300, wmse: 5.498441, mae: 0.462764
529,	Iter: 529, train loss: 2.9011, avg nll: 0.8321, avg wnll: 6.3325, avg kl: 0.0275, mse: 0.408953, wmse: 5.496974, mae: 0.461937
530,	Iter: 530, train loss: 2.8860, avg nll: 0.8239, avg wnll: 6.2689, avg kl: 0.0273, mse: 0.407612, wmse: 5.440122, mae: 0.461270
nll: 0.9701, mse: 0.4957, mae: 0.5111, mean_mse: 6.4268, mean_mae: 0.5111
1679392751.7820008
531,	Iter: 531, train loss: 2.9098, avg nll: 0.8330, avg wnll: 6.3375, avg kl: 0.0280, mse: 0.410411, wmse: 5.519527, mae: 0.463084
532,	Iter: 532, train loss: 2.9226, avg nll: 0.8333, avg wnll: 6.2873, avg kl: 0.0282, mse: 0.412869, wmse: 5.530251, mae: 0.464250
533,	Iter: 533, train loss: 2.9131, avg nll: 0.8301, avg wnll: 6.3254, avg kl: 0.0282, mse: 0.411598, wmse: 5.523808, mae: 0.463708
534,	Iter: 534, train loss: 2.8979, avg nll: 0.8307, avg wnll: 6.2611, avg kl: 0.0272, mse: 0.408604, wmse: 5.451983, mae: 0.462092
535,	Iter: 535, train loss: 2.9015, avg nll: 0.8313, avg wnll: 6.3158, avg kl: 0.0269, mse: 0.409243, wmse: 5.487939, mae: 0.462818
536,	Iter: 536, train loss: 2.9226, avg nll: 0.8336, avg wnll: 6.3527, avg kl: 0.0281, mse: 0.412776, wmse: 5.536994, mae: 0.463175
537,	Iter: 537, train loss: 2.8935, avg nll: 0.8265, avg wnll: 6.2092, avg kl: 0.0270, mse: 0.408573, wmse: 5.463270, mae: 0.462477
538,	Iter: 538, train loss: 2.9012, avg nll: 0.8271, avg wnll: 6.3206, avg kl: 0.0276, mse: 0.409882, wmse: 5.493142, mae: 0.462582
539,	Iter: 539, train loss: 2.9014, avg nll: 0.8335, avg wnll: 6.3692, avg kl: 0.0273, mse: 0.408684, wmse: 5.494946, mae: 0.461787
540,	Iter: 540, train loss: 2.8850, avg nll: 0.8241, avg wnll: 6.2890, avg kl: 0.0268, mse: 0.407343, wmse: 5.435813, mae: 0.461170
nll: 0.9704, mse: 0.4958, mae: 0.5111, mean_mse: 6.4317, mean_mae: 0.5111
1679393790.1476943
saving.................
done
541,	Iter: 541, train loss: 2.9067, avg nll: 0.8307, avg wnll: 6.2910, avg kl: 0.0275, mse: 0.410242, wmse: 5.518348, mae: 0.462955
542,	Iter: 542, train loss: 2.9200, avg nll: 0.8332, avg wnll: 6.3106, avg kl: 0.0276, mse: 0.412368, wmse: 5.523989, mae: 0.463922
543,	Iter: 543, train loss: 2.9128, avg nll: 0.8300, avg wnll: 6.3032, avg kl: 0.0278, mse: 0.411503, wmse: 5.522829, mae: 0.463704
544,	Iter: 544, train loss: 2.8966, avg nll: 0.8319, avg wnll: 6.2885, avg kl: 0.0269, mse: 0.408050, wmse: 5.444841, mae: 0.461793
545,	Iter: 545, train loss: 2.8998, avg nll: 0.8314, avg wnll: 6.3146, avg kl: 0.0266, mse: 0.408865, wmse: 5.482901, mae: 0.462611
546,	Iter: 546, train loss: 2.9190, avg nll: 0.8316, avg wnll: 6.3212, avg kl: 0.0277, mse: 0.412426, wmse: 5.531203, mae: 0.462932
547,	Iter: 547, train loss: 2.8939, avg nll: 0.8282, avg wnll: 6.2175, avg kl: 0.0267, mse: 0.408268, wmse: 5.459096, mae: 0.462373
548,	Iter: 548, train loss: 2.9019, avg nll: 0.8280, avg wnll: 6.3118, avg kl: 0.0272, mse: 0.409820, wmse: 5.491293, mae: 0.462597
549,	Iter: 549, train loss: 2.8958, avg nll: 0.8297, avg wnll: 6.3267, avg kl: 0.0268, mse: 0.408304, wmse: 5.489311, mae: 0.461595
550,	Iter: 550, train loss: 2.8845, avg nll: 0.8236, avg wnll: 6.2884, avg kl: 0.0265, mse: 0.407313, wmse: 5.437814, mae: 0.461079
nll: 0.9704, mse: 0.4962, mae: 0.5115, mean_mse: 6.4326, mean_mae: 0.5115
1679394816.5971034
551,	Iter: 551, train loss: 2.9029, avg nll: 0.8295, avg wnll: 6.2903, avg kl: 0.0271, mse: 0.409707, wmse: 5.509939, mae: 0.462717
552,	Iter: 552, train loss: 2.9186, avg nll: 0.8325, avg wnll: 6.2952, avg kl: 0.0272, mse: 0.412202, wmse: 5.521541, mae: 0.463842
553,	Iter: 553, train loss: 2.9117, avg nll: 0.8302, avg wnll: 6.3169, avg kl: 0.0274, mse: 0.411245, wmse: 5.520444, mae: 0.463558
554,	Iter: 554, train loss: 2.8943, avg nll: 0.8311, avg wnll: 6.2863, avg kl: 0.0264, mse: 0.407778, wmse: 5.441476, mae: 0.461680
555,	Iter: 555, train loss: 2.8992, avg nll: 0.8318, avg wnll: 6.3282, avg kl: 0.0262, mse: 0.408618, wmse: 5.478716, mae: 0.462519
556,	Iter: 556, train loss: 2.9184, avg nll: 0.8318, avg wnll: 6.2880, avg kl: 0.0273, mse: 0.412252, wmse: 5.529850, mae: 0.462959
557,	Iter: 557, train loss: 2.8959, avg nll: 0.8298, avg wnll: 6.2530, avg kl: 0.0264, mse: 0.408314, wmse: 5.460557, mae: 0.462388
558,	Iter: 558, train loss: 2.8976, avg nll: 0.8272, avg wnll: 6.3169, avg kl: 0.0269, mse: 0.409082, wmse: 5.482591, mae: 0.462152
559,	Iter: 559, train loss: 2.8903, avg nll: 0.8264, avg wnll: 6.2867, avg kl: 0.0264, mse: 0.407858, wmse: 5.482026, mae: 0.461218
560,	Iter: 560, train loss: 2.8795, avg nll: 0.8216, avg wnll: 6.2892, avg kl: 0.0261, mse: 0.406708, wmse: 5.426896, mae: 0.460805
nll: 0.9718, mse: 0.4963, mae: 0.5113, mean_mse: 6.4370, mean_mae: 0.5113
1679395859.0329201
561,	Iter: 561, train loss: 2.9038, avg nll: 0.8296, avg wnll: 6.2866, avg kl: 0.0266, mse: 0.409866, wmse: 5.513395, mae: 0.462858
562,	Iter: 562, train loss: 2.9132, avg nll: 0.8302, avg wnll: 6.2783, avg kl: 0.0267, mse: 0.411599, wmse: 5.513509, mae: 0.463505
563,	Iter: 563, train loss: 2.9093, avg nll: 0.8291, avg wnll: 6.3304, avg kl: 0.0271, mse: 0.410977, wmse: 5.515705, mae: 0.463415
564,	Iter: 564, train loss: 2.8894, avg nll: 0.8282, avg wnll: 6.2687, avg kl: 0.0261, mse: 0.407322, wmse: 5.434620, mae: 0.461390
565,	Iter: 565, train loss: 2.8963, avg nll: 0.8309, avg wnll: 6.3249, avg kl: 0.0259, mse: 0.408199, wmse: 5.473885, mae: 0.462258
566,	Iter: 566, train loss: 2.9171, avg nll: 0.8309, avg wnll: 6.2789, avg kl: 0.0270, mse: 0.412147, wmse: 5.527641, mae: 0.462756
567,	Iter: 567, train loss: 2.8885, avg nll: 0.8259, avg wnll: 6.2442, avg kl: 0.0260, mse: 0.407601, wmse: 5.449740, mae: 0.462017
568,	Iter: 568, train loss: 2.8936, avg nll: 0.8237, avg wnll: 6.2889, avg kl: 0.0264, mse: 0.408980, wmse: 5.479946, mae: 0.462150
569,	Iter: 569, train loss: 2.8862, avg nll: 0.8248, avg wnll: 6.2991, avg kl: 0.0258, mse: 0.407395, wmse: 5.476914, mae: 0.461034
570,	Iter: 570, train loss: 2.8769, avg nll: 0.8202, avg wnll: 6.2865, avg kl: 0.0256, mse: 0.406475, wmse: 5.425723, mae: 0.460612
nll: 0.9734, mse: 0.4966, mae: 0.5119, mean_mse: 6.4408, mean_mae: 0.5119
1679396911.9809735
saving.................
done
571,	Iter: 571, train loss: 2.9006, avg nll: 0.8296, avg wnll: 6.3178, avg kl: 0.0263, mse: 0.409187, wmse: 5.504555, mae: 0.462465
572,	Iter: 572, train loss: 2.9115, avg nll: 0.8292, avg wnll: 6.2886, avg kl: 0.0264, mse: 0.411419, wmse: 5.511585, mae: 0.463397
573,	Iter: 573, train loss: 2.9049, avg nll: 0.8279, avg wnll: 6.3233, avg kl: 0.0266, mse: 0.410314, wmse: 5.507974, mae: 0.462941
574,	Iter: 574, train loss: 2.8910, avg nll: 0.8303, avg wnll: 6.2868, avg kl: 0.0258, mse: 0.407218, wmse: 5.434892, mae: 0.461437
575,	Iter: 575, train loss: 2.8914, avg nll: 0.8278, avg wnll: 6.2954, avg kl: 0.0255, mse: 0.407845, wmse: 5.468058, mae: 0.462097
576,	Iter: 576, train loss: 2.9130, avg nll: 0.8296, avg wnll: 6.2982, avg kl: 0.0265, mse: 0.411580, wmse: 5.521556, mae: 0.462602
577,	Iter: 577, train loss: 2.8863, avg nll: 0.8240, avg wnll: 6.2255, avg kl: 0.0256, mse: 0.407524, wmse: 5.450227, mae: 0.461940
578,	Iter: 578, train loss: 2.8967, avg nll: 0.8273, avg wnll: 6.2983, avg kl: 0.0262, mse: 0.408822, wmse: 5.478493, mae: 0.462047
579,	Iter: 579, train loss: 2.8887, avg nll: 0.8279, avg wnll: 6.3211, avg kl: 0.0256, mse: 0.407213, wmse: 5.474127, mae: 0.460912
580,	Iter: 580, train loss: 2.8731, avg nll: 0.8184, avg wnll: 6.2668, avg kl: 0.0254, mse: 0.406034, wmse: 5.418997, mae: 0.460424
nll: 0.9724, mse: 0.4963, mae: 0.5114, mean_mse: 6.4368, mean_mae: 0.5114
1679397919.1113193
581,	Iter: 581, train loss: 2.9014, avg nll: 0.8313, avg wnll: 6.3611, avg kl: 0.0260, mse: 0.408993, wmse: 5.499692, mae: 0.462340
582,	Iter: 582, train loss: 2.9056, avg nll: 0.8271, avg wnll: 6.2658, avg kl: 0.0262, mse: 0.410622, wmse: 5.500374, mae: 0.462963
583,	Iter: 583, train loss: 2.9051, avg nll: 0.8298, avg wnll: 6.3526, avg kl: 0.0262, mse: 0.409972, wmse: 5.504522, mae: 0.462913
584,	Iter: 584, train loss: 2.8878, avg nll: 0.8288, avg wnll: 6.2664, avg kl: 0.0253, mse: 0.406873, wmse: 5.427752, mae: 0.461201
585,	Iter: 585, train loss: 2.8891, avg nll: 0.8277, avg wnll: 6.3102, avg kl: 0.0252, mse: 0.407358, wmse: 5.462749, mae: 0.461767
586,	Iter: 586, train loss: 2.9141, avg nll: 0.8311, avg wnll: 6.2980, avg kl: 0.0262, mse: 0.411488, wmse: 5.519396, mae: 0.462450
587,	Iter: 587, train loss: 2.8813, avg nll: 0.8225, avg wnll: 6.2392, avg kl: 0.0252, mse: 0.406839, wmse: 5.440588, mae: 0.461553
588,	Iter: 588, train loss: 2.8949, avg nll: 0.8263, avg wnll: 6.2968, avg kl: 0.0256, mse: 0.408701, wmse: 5.475022, mae: 0.462042
589,	Iter: 589, train loss: 2.8837, avg nll: 0.8246, avg wnll: 6.3224, avg kl: 0.0253, mse: 0.406856, wmse: 5.469759, mae: 0.460750
590,	Iter: 590, train loss: 2.8701, avg nll: 0.8175, avg wnll: 6.2709, avg kl: 0.0251, mse: 0.405578, wmse: 5.412986, mae: 0.460096
nll: 0.9741, mse: 0.4966, mae: 0.5117, mean_mse: 6.4390, mean_mae: 0.5117
1679398913.1720188
591,	Iter: 591, train loss: 2.8918, avg nll: 0.8250, avg wnll: 6.3128, avg kl: 0.0257, mse: 0.408298, wmse: 5.492313, mae: 0.461875
592,	Iter: 592, train loss: 2.9072, avg nll: 0.8288, avg wnll: 6.3042, avg kl: 0.0258, mse: 0.410578, wmse: 5.499760, mae: 0.462921
593,	Iter: 593, train loss: 2.9018, avg nll: 0.8281, avg wnll: 6.3383, avg kl: 0.0260, mse: 0.409617, wmse: 5.498077, mae: 0.462590
594,	Iter: 594, train loss: 2.8830, avg nll: 0.8263, avg wnll: 6.2568, avg kl: 0.0250, mse: 0.406391, wmse: 5.423029, mae: 0.460964
595,	Iter: 595, train loss: 2.8864, avg nll: 0.8263, avg wnll: 6.3052, avg kl: 0.0248, mse: 0.407101, wmse: 5.458273, mae: 0.461641
596,	Iter: 596, train loss: 2.9111, avg nll: 0.8299, avg wnll: 6.2996, avg kl: 0.0259, mse: 0.411084, wmse: 5.514443, mae: 0.462317
597,	Iter: 597, train loss: 2.8831, avg nll: 0.8241, avg wnll: 6.2261, avg kl: 0.0249, mse: 0.406837, wmse: 5.439584, mae: 0.461601
598,	Iter: 598, train loss: 2.8889, avg nll: 0.8234, avg wnll: 6.2828, avg kl: 0.0254, mse: 0.408041, wmse: 5.467988, mae: 0.461597
599,	Iter: 599, train loss: 2.8815, avg nll: 0.8234, avg wnll: 6.2893, avg kl: 0.0248, mse: 0.406679, wmse: 5.466473, mae: 0.460615
600,	Iter: 600, train loss: 2.8744, avg nll: 0.8225, avg wnll: 6.3131, avg kl: 0.0245, mse: 0.405482, wmse: 5.411526, mae: 0.460259
nll: 0.9721, mse: 0.4971, mae: 0.5121, mean_mse: 6.4519, mean_mae: 0.5121
1679399940.5939264
saving.................
done
601,	Iter: 601, train loss: 2.8876, avg nll: 0.8233, avg wnll: 6.2946, avg kl: 0.0252, mse: 0.407804, wmse: 5.484828, mae: 0.461612
602,	Iter: 602, train loss: 2.9041, avg nll: 0.8275, avg wnll: 6.2959, avg kl: 0.0253, mse: 0.410255, wmse: 5.495542, mae: 0.462854
603,	Iter: 603, train loss: 2.9005, avg nll: 0.8277, avg wnll: 6.3324, avg kl: 0.0254, mse: 0.409480, wmse: 5.497892, mae: 0.462636
604,	Iter: 604, train loss: 2.8797, avg nll: 0.8250, avg wnll: 6.2438, avg kl: 0.0246, mse: 0.406007, wmse: 5.416930, mae: 0.460749
605,	Iter: 605, train loss: 2.8871, avg nll: 0.8282, avg wnll: 6.3270, avg kl: 0.0245, mse: 0.406891, wmse: 5.456019, mae: 0.461601
606,	Iter: 606, train loss: 2.9049, avg nll: 0.8269, avg wnll: 6.3039, avg kl: 0.0254, mse: 0.410514, wmse: 5.506657, mae: 0.461919
607,	Iter: 607, train loss: 2.8848, avg nll: 0.8266, avg wnll: 6.2276, avg kl: 0.0246, mse: 0.406723, wmse: 5.439030, mae: 0.461551
608,	Iter: 608, train loss: 2.8854, avg nll: 0.8216, avg wnll: 6.2654, avg kl: 0.0251, mse: 0.407724, wmse: 5.462878, mae: 0.461516
609,	Iter: 609, train loss: 2.8781, avg nll: 0.8226, avg wnll: 6.3024, avg kl: 0.0247, mse: 0.406167, wmse: 5.461010, mae: 0.460389
610,	Iter: 610, train loss: 2.8687, avg nll: 0.8191, avg wnll: 6.2871, avg kl: 0.0244, mse: 0.405028, wmse: 5.406629, mae: 0.459893
nll: 0.9740, mse: 0.4964, mae: 0.5115, mean_mse: 6.4373, mean_mae: 0.5115
1679400992.89335
611,	Iter: 611, train loss: 2.8866, avg nll: 0.8238, avg wnll: 6.2892, avg kl: 0.0249, mse: 0.407569, wmse: 5.480588, mae: 0.461450
612,	Iter: 612, train loss: 2.8991, avg nll: 0.8249, avg wnll: 6.2710, avg kl: 0.0252, mse: 0.409791, wmse: 5.488648, mae: 0.462543
613,	Iter: 613, train loss: 2.8961, avg nll: 0.8253, avg wnll: 6.3355, avg kl: 0.0253, mse: 0.409094, wmse: 5.491547, mae: 0.462312
614,	Iter: 614, train loss: 2.8784, avg nll: 0.8246, avg wnll: 6.2611, avg kl: 0.0244, mse: 0.405877, wmse: 5.416299, mae: 0.460680
615,	Iter: 615, train loss: 2.8818, avg nll: 0.8255, avg wnll: 6.3089, avg kl: 0.0242, mse: 0.406416, wmse: 5.449658, mae: 0.461289
616,	Iter: 616, train loss: 2.9055, avg nll: 0.8278, avg wnll: 6.3159, avg kl: 0.0251, mse: 0.410513, wmse: 5.506078, mae: 0.461989
617,	Iter: 617, train loss: 2.8786, avg nll: 0.8226, avg wnll: 6.2001, avg kl: 0.0243, mse: 0.406342, wmse: 5.433855, mae: 0.461332
618,	Iter: 618, train loss: 2.8820, avg nll: 0.8205, avg wnll: 6.2824, avg kl: 0.0248, mse: 0.407348, wmse: 5.457582, mae: 0.461325
619,	Iter: 619, train loss: 2.8806, avg nll: 0.8261, avg wnll: 6.3339, avg kl: 0.0242, mse: 0.406061, wmse: 5.458272, mae: 0.460342
620,	Iter: 620, train loss: 2.8653, avg nll: 0.8177, avg wnll: 6.2516, avg kl: 0.0239, mse: 0.404756, wmse: 5.401241, mae: 0.459800
nll: 0.9735, mse: 0.4971, mae: 0.5121, mean_mse: 6.4500, mean_mae: 0.5121
1679402052.5675116
621,	Iter: 621, train loss: 2.8837, avg nll: 0.8237, avg wnll: 6.3118, avg kl: 0.0248, mse: 0.407056, wmse: 5.473907, mae: 0.461190
622,	Iter: 622, train loss: 2.8969, avg nll: 0.8247, avg wnll: 6.2649, avg kl: 0.0249, mse: 0.409466, wmse: 5.484324, mae: 0.462351
623,	Iter: 623, train loss: 2.8969, avg nll: 0.8276, avg wnll: 6.3439, avg kl: 0.0250, mse: 0.408857, wmse: 5.488812, mae: 0.462314
624,	Iter: 624, train loss: 2.8748, avg nll: 0.8239, avg wnll: 6.2379, avg kl: 0.0241, mse: 0.405333, wmse: 5.406920, mae: 0.460392
625,	Iter: 625, train loss: 2.8775, avg nll: 0.8233, avg wnll: 6.3000, avg kl: 0.0241, mse: 0.406013, wmse: 5.444186, mae: 0.461036
626,	Iter: 626, train loss: 2.8991, avg nll: 0.8248, avg wnll: 6.3073, avg kl: 0.0250, mse: 0.409863, wmse: 5.497234, mae: 0.461548
627,	Iter: 627, train loss: 2.8725, avg nll: 0.8191, avg wnll: 6.2083, avg kl: 0.0242, mse: 0.405823, wmse: 5.427771, mae: 0.461034
628,	Iter: 628, train loss: 2.8838, avg nll: 0.8223, avg wnll: 6.3132, avg kl: 0.0248, mse: 0.407346, wmse: 5.458716, mae: 0.461343
629,	Iter: 629, train loss: 2.8777, avg nll: 0.8242, avg wnll: 6.3202, avg kl: 0.0243, mse: 0.405823, wmse: 5.455756, mae: 0.460138
630,	Iter: 630, train loss: 2.8606, avg nll: 0.8146, avg wnll: 6.2427, avg kl: 0.0240, mse: 0.404416, wmse: 5.397185, mae: 0.459505
nll: 0.9775, mse: 0.4971, mae: 0.5119, mean_mse: 6.4480, mean_mae: 0.5119
1679403070.9515955
saving.................
done
631,	Iter: 631, train loss: 2.8838, avg nll: 0.8245, avg wnll: 6.3051, avg kl: 0.0247, mse: 0.406917, wmse: 5.473228, mae: 0.461127
632,	Iter: 632, train loss: 2.8952, avg nll: 0.8245, avg wnll: 6.2818, avg kl: 0.0249, mse: 0.409164, wmse: 5.480119, mae: 0.462211
633,	Iter: 633, train loss: 2.8900, avg nll: 0.8236, avg wnll: 6.3217, avg kl: 0.0250, mse: 0.408294, wmse: 5.482112, mae: 0.461907
634,	Iter: 634, train loss: 2.8748, avg nll: 0.8250, avg wnll: 6.2791, avg kl: 0.0241, mse: 0.405151, wmse: 5.406439, mae: 0.460326
635,	Iter: 635, train loss: 2.8738, avg nll: 0.8224, avg wnll: 6.3001, avg kl: 0.0237, mse: 0.405538, wmse: 5.436941, mae: 0.460786
636,	Iter: 636, train loss: 2.8996, avg nll: 0.8256, avg wnll: 6.2812, avg kl: 0.0249, mse: 0.409801, wmse: 5.495610, mae: 0.461496
637,	Iter: 637, train loss: 2.8709, avg nll: 0.8196, avg wnll: 6.2053, avg kl: 0.0240, mse: 0.405461, wmse: 5.421762, mae: 0.460831
638,	Iter: 638, train loss: 2.8811, avg nll: 0.8223, avg wnll: 6.3135, avg kl: 0.0245, mse: 0.406866, wmse: 5.451917, mae: 0.461066
639,	Iter: 639, train loss: 2.8713, avg nll: 0.8207, avg wnll: 6.3072, avg kl: 0.0240, mse: 0.405318, wmse: 5.448743, mae: 0.459900
640,	Iter: 640, train loss: 2.8609, avg nll: 0.8156, avg wnll: 6.2445, avg kl: 0.0236, mse: 0.404349, wmse: 5.396134, mae: 0.459495
nll: 0.9744, mse: 0.4973, mae: 0.5122, mean_mse: 6.4532, mean_mae: 0.5122
1679404122.2212982
641,	Iter: 641, train loss: 2.8830, avg nll: 0.8250, avg wnll: 6.2958, avg kl: 0.0243, mse: 0.406725, wmse: 5.470134, mae: 0.461053
642,	Iter: 642, train loss: 2.8935, avg nll: 0.8249, avg wnll: 6.2832, avg kl: 0.0244, mse: 0.408841, wmse: 5.475427, mae: 0.462013
643,	Iter: 643, train loss: 2.8904, avg nll: 0.8251, avg wnll: 6.3221, avg kl: 0.0246, mse: 0.408141, wmse: 5.478727, mae: 0.461865
644,	Iter: 644, train loss: 2.8701, avg nll: 0.8232, avg wnll: 6.2403, avg kl: 0.0239, mse: 0.404600, wmse: 5.398421, mae: 0.459967
645,	Iter: 645, train loss: 2.8702, avg nll: 0.8206, avg wnll: 6.2874, avg kl: 0.0238, mse: 0.405153, wmse: 5.433031, mae: 0.460552
646,	Iter: 646, train loss: 2.9031, avg nll: 0.8303, avg wnll: 6.3034, avg kl: 0.0247, mse: 0.409623, wmse: 5.495386, mae: 0.461508
647,	Iter: 647, train loss: 2.8700, avg nll: 0.8200, avg wnll: 6.1978, avg kl: 0.0240, mse: 0.405209, wmse: 5.419093, mae: 0.460622
648,	Iter: 648, train loss: 2.8765, avg nll: 0.8193, avg wnll: 6.2843, avg kl: 0.0245, mse: 0.406533, wmse: 5.446833, mae: 0.460816
649,	Iter: 649, train loss: 2.8694, avg nll: 0.8198, avg wnll: 6.3139, avg kl: 0.0242, mse: 0.405087, wmse: 5.445073, mae: 0.459757
650,	Iter: 650, train loss: 2.8610, avg nll: 0.8175, avg wnll: 6.3017, avg kl: 0.0236, mse: 0.403987, wmse: 5.391052, mae: 0.459300
nll: 0.9774, mse: 0.4972, mae: 0.5120, mean_mse: 6.4499, mean_mae: 0.5120
1679405169.0079226
651,	Iter: 651, train loss: 2.8810, avg nll: 0.8240, avg wnll: 6.2947, avg kl: 0.0244, mse: 0.406528, wmse: 5.468277, mae: 0.460961
652,	Iter: 652, train loss: 2.8880, avg nll: 0.8218, avg wnll: 6.2741, avg kl: 0.0246, mse: 0.408330, wmse: 5.468997, mae: 0.461667
653,	Iter: 653, train loss: 2.8868, avg nll: 0.8235, avg wnll: 6.3204, avg kl: 0.0247, mse: 0.407716, wmse: 5.474382, mae: 0.461610
654,	Iter: 654, train loss: 2.8668, avg nll: 0.8215, avg wnll: 6.2621, avg kl: 0.0238, mse: 0.404305, wmse: 5.394105, mae: 0.459786
655,	Iter: 655, train loss: 2.8698, avg nll: 0.8216, avg wnll: 6.2925, avg kl: 0.0238, mse: 0.404871, wmse: 5.428988, mae: 0.460418
656,	Iter: 656, train loss: 2.9001, avg nll: 0.8290, avg wnll: 6.2834, avg kl: 0.0248, mse: 0.409276, wmse: 5.487901, mae: 0.461301
657,	Iter: 657, train loss: 2.8699, avg nll: 0.8207, avg wnll: 6.1952, avg kl: 0.0239, mse: 0.405053, wmse: 5.415678, mae: 0.460708
658,	Iter: 658, train loss: 2.8705, avg nll: 0.8171, avg wnll: 6.2797, avg kl: 0.0243, mse: 0.405811, wmse: 5.436509, mae: 0.460464
659,	Iter: 659, train loss: 2.8696, avg nll: 0.8219, avg wnll: 6.3398, avg kl: 0.0239, mse: 0.404767, wmse: 5.441265, mae: 0.459654
660,	Iter: 660, train loss: 2.8590, avg nll: 0.8172, avg wnll: 6.3013, avg kl: 0.0234, mse: 0.403685, wmse: 5.387674, mae: 0.459180
nll: 0.9767, mse: 0.4974, mae: 0.5122, mean_mse: 6.4536, mean_mae: 0.5122
1679406175.8018181
saving.................
done
661,	Iter: 661, train loss: 2.8744, avg nll: 0.8207, avg wnll: 6.2877, avg kl: 0.0242, mse: 0.405897, wmse: 5.458874, mae: 0.460556
662,	Iter: 662, train loss: 2.8860, avg nll: 0.8209, avg wnll: 6.2731, avg kl: 0.0244, mse: 0.408135, wmse: 5.465481, mae: 0.461640
663,	Iter: 663, train loss: 2.8870, avg nll: 0.8242, avg wnll: 6.3139, avg kl: 0.0245, mse: 0.407663, wmse: 5.472076, mae: 0.461689
664,	Iter: 664, train loss: 2.8652, avg nll: 0.8211, avg wnll: 6.2238, avg kl: 0.0238, mse: 0.404077, wmse: 5.391022, mae: 0.459670
665,	Iter: 665, train loss: 2.8668, avg nll: 0.8205, avg wnll: 6.3043, avg kl: 0.0236, mse: 0.404537, wmse: 5.424793, mae: 0.460171
666,	Iter: 666, train loss: 2.8969, avg nll: 0.8271, avg wnll: 6.2803, avg kl: 0.0246, mse: 0.409039, wmse: 5.487532, mae: 0.461140
667,	Iter: 667, train loss: 2.8663, avg nll: 0.8182, avg wnll: 6.2010, avg kl: 0.0236, mse: 0.404890, wmse: 5.414084, mae: 0.460457
668,	Iter: 668, train loss: 2.8705, avg nll: 0.8171, avg wnll: 6.2789, avg kl: 0.0241, mse: 0.405841, wmse: 5.437848, mae: 0.460444
669,	Iter: 669, train loss: 2.8684, avg nll: 0.8223, avg wnll: 6.3294, avg kl: 0.0237, mse: 0.404483, wmse: 5.437117, mae: 0.459445
670,	Iter: 670, train loss: 2.8569, avg nll: 0.8155, avg wnll: 6.2920, avg kl: 0.0235, mse: 0.403563, wmse: 5.384562, mae: 0.459148
nll: 0.9759, mse: 0.4979, mae: 0.5125, mean_mse: 6.4635, mean_mae: 0.5125
1679407191.972394
671,	Iter: 671, train loss: 2.8731, avg nll: 0.8204, avg wnll: 6.2811, avg kl: 0.0242, mse: 0.405699, wmse: 5.457276, mae: 0.460487
672,	Iter: 672, train loss: 2.8816, avg nll: 0.8196, avg wnll: 6.2686, avg kl: 0.0242, mse: 0.407553, wmse: 5.458775, mae: 0.461282
673,	Iter: 673, train loss: 2.8839, avg nll: 0.8229, avg wnll: 6.3282, avg kl: 0.0245, mse: 0.407289, wmse: 5.468534, mae: 0.461399
674,	Iter: 674, train loss: 2.8620, avg nll: 0.8199, avg wnll: 6.2497, avg kl: 0.0235, mse: 0.403711, wmse: 5.387007, mae: 0.459545
675,	Iter: 675, train loss: 2.8682, avg nll: 0.8230, avg wnll: 6.3379, avg kl: 0.0234, mse: 0.404358, wmse: 5.422728, mae: 0.460135
676,	Iter: 676, train loss: 2.8871, avg nll: 0.8212, avg wnll: 6.2536, avg kl: 0.0246, mse: 0.408251, wmse: 5.475914, mae: 0.460676
677,	Iter: 677, train loss: 2.8653, avg nll: 0.8192, avg wnll: 6.2305, avg kl: 0.0237, mse: 0.404489, wmse: 5.409299, mae: 0.460353
678,	Iter: 678, train loss: 2.8715, avg nll: 0.8192, avg wnll: 6.2989, avg kl: 0.0241, mse: 0.405652, wmse: 5.434227, mae: 0.460379
679,	Iter: 679, train loss: 2.8646, avg nll: 0.8195, avg wnll: 6.2758, avg kl: 0.0234, mse: 0.404331, wmse: 5.435792, mae: 0.459382
680,	Iter: 680, train loss: 2.8570, avg nll: 0.8162, avg wnll: 6.2939, avg kl: 0.0232, mse: 0.403515, wmse: 5.385901, mae: 0.459132
nll: 0.9754, mse: 0.4975, mae: 0.5123, mean_mse: 6.4563, mean_mae: 0.5123
1679408210.1681254
681,	Iter: 681, train loss: 2.8681, avg nll: 0.8176, avg wnll: 6.2483, avg kl: 0.0239, mse: 0.405309, wmse: 5.450159, mae: 0.460245
682,	Iter: 682, train loss: 2.8814, avg nll: 0.8204, avg wnll: 6.3190, avg kl: 0.0242, mse: 0.407348, wmse: 5.455907, mae: 0.461234
683,	Iter: 683, train loss: 2.8802, avg nll: 0.8221, avg wnll: 6.2973, avg kl: 0.0242, mse: 0.406787, wmse: 5.461051, mae: 0.461132
684,	Iter: 684, train loss: 2.8594, avg nll: 0.8192, avg wnll: 6.2390, avg kl: 0.0236, mse: 0.403315, wmse: 5.380423, mae: 0.459186
685,	Iter: 685, train loss: 2.8639, avg nll: 0.8211, avg wnll: 6.3277, avg kl: 0.0233, mse: 0.403900, wmse: 5.416698, mae: 0.459854
686,	Iter: 686, train loss: 2.8851, avg nll: 0.8205, avg wnll: 6.2996, avg kl: 0.0243, mse: 0.408062, wmse: 5.473975, mae: 0.460596
687,	Iter: 687, train loss: 2.8641, avg nll: 0.8190, avg wnll: 6.2200, avg kl: 0.0234, mse: 0.404337, wmse: 5.406851, mae: 0.460344
688,	Iter: 688, train loss: 2.8683, avg nll: 0.8175, avg wnll: 6.2851, avg kl: 0.0239, mse: 0.405385, wmse: 5.431315, mae: 0.460217
689,	Iter: 689, train loss: 2.8621, avg nll: 0.8187, avg wnll: 6.2710, avg kl: 0.0237, mse: 0.403935, wmse: 5.429048, mae: 0.459091
690,	Iter: 690, train loss: 2.8538, avg nll: 0.8156, avg wnll: 6.3080, avg kl: 0.0233, mse: 0.402989, wmse: 5.377753, mae: 0.458764
nll: 0.9751, mse: 0.4977, mae: 0.5125, mean_mse: 6.4613, mean_mae: 0.5125
1679409264.045962
saving.................
done
691,	Iter: 691, train loss: 2.8666, avg nll: 0.8173, avg wnll: 6.2716, avg kl: 0.0241, mse: 0.405046, wmse: 5.447343, mae: 0.460097
692,	Iter: 692, train loss: 2.8796, avg nll: 0.8210, avg wnll: 6.3265, avg kl: 0.0243, mse: 0.406878, wmse: 5.449452, mae: 0.460958
693,	Iter: 693, train loss: 2.8795, avg nll: 0.8220, avg wnll: 6.2960, avg kl: 0.0243, mse: 0.406646, wmse: 5.459406, mae: 0.461031
694,	Iter: 694, train loss: 2.8536, avg nll: 0.8167, avg wnll: 6.2493, avg kl: 0.0234, mse: 0.402723, wmse: 5.373503, mae: 0.458904
695,	Iter: 695, train loss: 2.8590, avg nll: 0.8180, avg wnll: 6.3022, avg kl: 0.0233, mse: 0.403532, wmse: 5.410498, mae: 0.459637
696,	Iter: 696, train loss: 2.8812, avg nll: 0.8187, avg wnll: 6.2899, avg kl: 0.0243, mse: 0.407653, wmse: 5.467141, mae: 0.460380
697,	Iter: 697, train loss: 2.8604, avg nll: 0.8176, avg wnll: 6.2248, avg kl: 0.0234, mse: 0.403887, wmse: 5.401706, mae: 0.460019
698,	Iter: 698, train loss: 2.8640, avg nll: 0.8151, avg wnll: 6.2765, avg kl: 0.0240, mse: 0.404990, wmse: 5.425937, mae: 0.460046
699,	Iter: 699, train loss: 2.8614, avg nll: 0.8190, avg wnll: 6.2897, avg kl: 0.0232, mse: 0.403828, wmse: 5.428888, mae: 0.459067
700,	Iter: 700, train loss: 2.8512, avg nll: 0.8138, avg wnll: 6.2704, avg kl: 0.0230, mse: 0.402862, wmse: 5.375633, mae: 0.458711
nll: 0.9780, mse: 0.4976, mae: 0.5124, mean_mse: 6.4574, mean_mae: 0.5124
1679410281.8896449
701,	Iter: 701, train loss: 2.8703, avg nll: 0.8234, avg wnll: 6.4305, avg kl: 0.0238, mse: 0.404621, wmse: 5.442492, mae: 0.459882
702,	Iter: 702, train loss: 2.8778, avg nll: 0.8195, avg wnll: 6.2688, avg kl: 0.0240, mse: 0.406863, wmse: 5.448761, mae: 0.461036
703,	Iter: 703, train loss: 2.8730, avg nll: 0.8192, avg wnll: 6.3068, avg kl: 0.0240, mse: 0.405956, wmse: 5.449630, mae: 0.460560
704,	Iter: 704, train loss: 2.8522, avg nll: 0.8162, avg wnll: 6.2376, avg kl: 0.0235, mse: 0.402506, wmse: 5.369473, mae: 0.458752
705,	Iter: 705, train loss: 2.8548, avg nll: 0.8160, avg wnll: 6.2937, avg kl: 0.0231, mse: 0.403130, wmse: 5.405249, mae: 0.459416
706,	Iter: 706, train loss: 2.8848, avg nll: 0.8220, avg wnll: 6.2804, avg kl: 0.0241, mse: 0.407735, wmse: 5.470240, mae: 0.460499
707,	Iter: 707, train loss: 2.8594, avg nll: 0.8183, avg wnll: 6.2178, avg kl: 0.0233, mse: 0.403556, wmse: 5.396738, mae: 0.459781
708,	Iter: 708, train loss: 2.8629, avg nll: 0.8157, avg wnll: 6.2807, avg kl: 0.0237, mse: 0.404694, wmse: 5.421796, mae: 0.459833
709,	Iter: 709, train loss: 2.8553, avg nll: 0.8152, avg wnll: 6.2645, avg kl: 0.0233, mse: 0.403366, wmse: 5.422146, mae: 0.458771
710,	Iter: 710, train loss: 2.8463, avg nll: 0.8115, avg wnll: 6.2833, avg kl: 0.0231, mse: 0.402339, wmse: 5.368990, mae: 0.458427
nll: 0.9778, mse: 0.4985, mae: 0.5130, mean_mse: 6.4688, mean_mae: 0.5130
1679411308.6208909
711,	Iter: 711, train loss: 2.8630, avg nll: 0.8166, avg wnll: 6.2973, avg kl: 0.0239, mse: 0.404495, wmse: 5.439363, mae: 0.459874
712,	Iter: 712, train loss: 2.8737, avg nll: 0.8174, avg wnll: 6.2732, avg kl: 0.0238, mse: 0.406487, wmse: 5.443737, mae: 0.460766
713,	Iter: 713, train loss: 2.8751, avg nll: 0.8204, avg wnll: 6.3195, avg kl: 0.0241, mse: 0.406100, wmse: 5.452112, mae: 0.460702
714,	Iter: 714, train loss: 2.8488, avg nll: 0.8151, avg wnll: 6.2451, avg kl: 0.0233, mse: 0.402077, wmse: 5.364697, mae: 0.458511
715,	Iter: 715, train loss: 2.8527, avg nll: 0.8155, avg wnll: 6.3059, avg kl: 0.0230, mse: 0.402827, wmse: 5.400677, mae: 0.459233
716,	Iter: 716, train loss: 2.8873, avg nll: 0.8249, avg wnll: 6.2732, avg kl: 0.0242, mse: 0.407647, wmse: 5.467432, mae: 0.460424
717,	Iter: 717, train loss: 2.8541, avg nll: 0.8146, avg wnll: 6.1924, avg kl: 0.0233, mse: 0.403237, wmse: 5.392164, mae: 0.459587
718,	Iter: 718, train loss: 2.8605, avg nll: 0.8138, avg wnll: 6.2886, avg kl: 0.0239, mse: 0.404562, wmse: 5.420461, mae: 0.459778
719,	Iter: 719, train loss: 2.8479, avg nll: 0.8108, avg wnll: 6.2681, avg kl: 0.0235, mse: 0.402728, wmse: 5.413777, mae: 0.458439
720,	Iter: 720, train loss: 2.8446, avg nll: 0.8108, avg wnll: 6.3001, avg kl: 0.0231, mse: 0.402137, wmse: 5.366665, mae: 0.458306
nll: 0.9825, mse: 0.4979, mae: 0.5125, mean_mse: 6.4648, mean_mae: 0.5125
1679412370.8930542
saving.................
done
721,	Iter: 721, train loss: 2.8659, avg nll: 0.8199, avg wnll: 6.3347, avg kl: 0.0239, mse: 0.404436, wmse: 5.439491, mae: 0.459793
722,	Iter: 722, train loss: 2.8766, avg nll: 0.8196, avg wnll: 6.2541, avg kl: 0.0238, mse: 0.406638, wmse: 5.446601, mae: 0.460958
723,	Iter: 723, train loss: 2.8721, avg nll: 0.8202, avg wnll: 6.3058, avg kl: 0.0241, mse: 0.405563, wmse: 5.445720, mae: 0.460477
724,	Iter: 724, train loss: 2.8511, avg nll: 0.8178, avg wnll: 6.2786, avg kl: 0.0234, mse: 0.401992, wmse: 5.363243, mae: 0.458441
725,	Iter: 725, train loss: 2.8532, avg nll: 0.8177, avg wnll: 6.2936, avg kl: 0.0232, mse: 0.402458, wmse: 5.395448, mae: 0.459042
726,	Iter: 726, train loss: 2.8802, avg nll: 0.8202, avg wnll: 6.2750, avg kl: 0.0239, mse: 0.407228, wmse: 5.461919, mae: 0.460205
727,	Iter: 727, train loss: 2.8505, avg nll: 0.8126, avg wnll: 6.1965, avg kl: 0.0232, mse: 0.402934, wmse: 5.388738, mae: 0.459397
728,	Iter: 728, train loss: 2.8594, avg nll: 0.8151, avg wnll: 6.2951, avg kl: 0.0235, mse: 0.404165, wmse: 5.414996, mae: 0.459586
729,	Iter: 729, train loss: 2.8472, avg nll: 0.8114, avg wnll: 6.2693, avg kl: 0.0233, mse: 0.402506, wmse: 5.409657, mae: 0.458269
730,	Iter: 730, train loss: 2.8428, avg nll: 0.8114, avg wnll: 6.2953, avg kl: 0.0228, mse: 0.401714, wmse: 5.359566, mae: 0.458104
nll: 0.9788, mse: 0.4984, mae: 0.5130, mean_mse: 6.4696, mean_mae: 0.5130
1679413408.3276653
731,	Iter: 731, train loss: 2.8623, avg nll: 0.8189, avg wnll: 6.2908, avg kl: 0.0235, mse: 0.403970, wmse: 5.433564, mae: 0.459670
732,	Iter: 732, train loss: 2.8713, avg nll: 0.8172, avg wnll: 6.2624, avg kl: 0.0238, mse: 0.406057, wmse: 5.438464, mae: 0.460583
733,	Iter: 733, train loss: 2.8696, avg nll: 0.8178, avg wnll: 6.2981, avg kl: 0.0238, mse: 0.405576, wmse: 5.443941, mae: 0.460406
734,	Iter: 734, train loss: 2.8461, avg nll: 0.8153, avg wnll: 6.2692, avg kl: 0.0231, mse: 0.401535, wmse: 5.357609, mae: 0.458261
735,	Iter: 735, train loss: 2.8495, avg nll: 0.8148, avg wnll: 6.3005, avg kl: 0.0231, mse: 0.402314, wmse: 5.393810, mae: 0.458954
736,	Iter: 736, train loss: 2.8751, avg nll: 0.8175, avg wnll: 6.2762, avg kl: 0.0241, mse: 0.406706, wmse: 5.454646, mae: 0.459825
737,	Iter: 737, train loss: 2.8516, avg nll: 0.8149, avg wnll: 6.2339, avg kl: 0.0232, mse: 0.402701, wmse: 5.384308, mae: 0.459326
738,	Iter: 738, train loss: 2.8559, avg nll: 0.8127, avg wnll: 6.2733, avg kl: 0.0237, mse: 0.403906, wmse: 5.411348, mae: 0.459478
739,	Iter: 739, train loss: 2.8486, avg nll: 0.8144, avg wnll: 6.2798, avg kl: 0.0233, mse: 0.402183, wmse: 5.406597, mae: 0.458162
740,	Iter: 740, train loss: 2.8407, avg nll: 0.8106, avg wnll: 6.2665, avg kl: 0.0229, mse: 0.401438, wmse: 5.357337, mae: 0.457913
nll: 0.9808, mse: 0.4986, mae: 0.5129, mean_mse: 6.4716, mean_mae: 0.5129
1679414432.1972682
741,	Iter: 741, train loss: 2.8572, avg nll: 0.8160, avg wnll: 6.2686, avg kl: 0.0237, mse: 0.403496, wmse: 5.426891, mae: 0.459259
742,	Iter: 742, train loss: 2.8697, avg nll: 0.8167, avg wnll: 6.2736, avg kl: 0.0237, mse: 0.405863, wmse: 5.435824, mae: 0.460413
743,	Iter: 743, train loss: 2.8635, avg nll: 0.8148, avg wnll: 6.2785, avg kl: 0.0240, mse: 0.404937, wmse: 5.437410, mae: 0.460081
744,	Iter: 744, train loss: 2.8444, avg nll: 0.8143, avg wnll: 6.2438, avg kl: 0.0232, mse: 0.401367, wmse: 5.355341, mae: 0.458153
745,	Iter: 745, train loss: 2.8484, avg nll: 0.8158, avg wnll: 6.3143, avg kl: 0.0230, mse: 0.401899, wmse: 5.387722, mae: 0.458793
746,	Iter: 746, train loss: 2.8755, avg nll: 0.8188, avg wnll: 6.2873, avg kl: 0.0239, mse: 0.406561, wmse: 5.453961, mae: 0.459815
747,	Iter: 747, train loss: 2.8491, avg nll: 0.8142, avg wnll: 6.2457, avg kl: 0.0231, mse: 0.402378, wmse: 5.381752, mae: 0.459082
748,	Iter: 748, train loss: 2.8529, avg nll: 0.8127, avg wnll: 6.2773, avg kl: 0.0236, mse: 0.403317, wmse: 5.403150, mae: 0.459126
749,	Iter: 749, train loss: 2.8477, avg nll: 0.8137, avg wnll: 6.2495, avg kl: 0.0232, mse: 0.402148, wmse: 5.406245, mae: 0.458079
750,	Iter: 750, train loss: 2.8129, avg nll: 0.8084, avg wnll: 6.2582, avg kl: 0.0258, mse: 0.400887, wmse: 5.346807, mae: 0.457564
nll: 0.9796, mse: 0.4985, mae: 0.5130, mean_mse: 6.4712, mean_mae: 0.5130
1679415472.7179234
saving.................
done
751,	Iter: 751, train loss: 2.8273, avg nll: 0.8142, avg wnll: 6.2668, avg kl: 0.0326, mse: 0.402610, wmse: 5.410201, mae: 0.458607
752,	Iter: 752, train loss: 2.8390, avg nll: 0.8156, avg wnll: 6.2961, avg kl: 0.0390, mse: 0.404653, wmse: 5.414948, mae: 0.459618
753,	Iter: 753, train loss: 2.8349, avg nll: 0.8150, avg wnll: 6.2845, avg kl: 0.0432, mse: 0.403938, wmse: 5.416907, mae: 0.459174
754,	Iter: 754, train loss: 2.8142, avg nll: 0.8133, avg wnll: 6.2461, avg kl: 0.0462, mse: 0.400112, wmse: 5.331970, mae: 0.457243
755,	Iter: 755, train loss: 2.8176, avg nll: 0.8126, avg wnll: 6.2974, avg kl: 0.0470, mse: 0.400918, wmse: 5.369403, mae: 0.457869
756,	Iter: 756, train loss: 2.8425, avg nll: 0.8167, avg wnll: 6.2796, avg kl: 0.0514, mse: 0.405047, wmse: 5.425375, mae: 0.458619
757,	Iter: 757, train loss: 2.8177, avg nll: 0.8111, avg wnll: 6.2242, avg kl: 0.0523, mse: 0.401193, wmse: 5.358023, mae: 0.458186
758,	Iter: 758, train loss: 2.8206, avg nll: 0.8094, avg wnll: 6.2610, avg kl: 0.0543, mse: 0.402081, wmse: 5.378198, mae: 0.458055
759,	Iter: 759, train loss: 2.8103, avg nll: 0.8068, avg wnll: 6.2431, avg kl: 0.0565, mse: 0.400523, wmse: 5.375670, mae: 0.456867
760,	Iter: 760, train loss: 2.8024, avg nll: 0.8042, avg wnll: 6.2660, avg kl: 0.0576, mse: 0.399458, wmse: 5.322984, mae: 0.456379
nll: 0.9822, mse: 0.4996, mae: 0.5137, mean_mse: 6.4830, mean_mae: 0.5137
1679416514.4990835
761,	Iter: 761, train loss: 2.8225, avg nll: 0.8132, avg wnll: 6.3115, avg kl: 0.0619, mse: 0.401636, wmse: 5.394583, mae: 0.457904
762,	Iter: 762, train loss: 2.8357, avg nll: 0.8157, avg wnll: 6.3098, avg kl: 0.0638, mse: 0.403749, wmse: 5.398952, mae: 0.458839
763,	Iter: 763, train loss: 2.8307, avg nll: 0.8137, avg wnll: 6.2951, avg kl: 0.0652, mse: 0.403130, wmse: 5.403769, mae: 0.458794
764,	Iter: 764, train loss: 2.8083, avg nll: 0.8100, avg wnll: 6.2271, avg kl: 0.0646, mse: 0.399352, wmse: 5.320257, mae: 0.456630
765,	Iter: 765, train loss: 2.8094, avg nll: 0.8090, avg wnll: 6.2705, avg kl: 0.0607, mse: 0.399774, wmse: 5.350747, mae: 0.457095
766,	Iter: 766, train loss: 2.8346, avg nll: 0.8118, avg wnll: 6.2668, avg kl: 0.0643, mse: 0.404213, wmse: 5.412621, mae: 0.458032
767,	Iter: 767, train loss: 2.8131, avg nll: 0.8087, avg wnll: 6.2202, avg kl: 0.0631, mse: 0.400516, wmse: 5.348219, mae: 0.457719
768,	Iter: 768, train loss: 2.8142, avg nll: 0.8077, avg wnll: 6.2939, avg kl: 0.0646, mse: 0.400901, wmse: 5.362176, mae: 0.457458
769,	Iter: 769, train loss: 2.8057, avg nll: 0.8049, avg wnll: 6.2362, avg kl: 0.0653, mse: 0.399739, wmse: 5.365850, mae: 0.456363
770,	Iter: 770, train loss: 2.8002, avg nll: 0.8045, avg wnll: 6.2851, avg kl: 0.0650, mse: 0.398704, wmse: 5.310680, mae: 0.455980
nll: 0.9846, mse: 0.4994, mae: 0.5135, mean_mse: 6.4800, mean_mae: 0.5135
1679417560.1110497
771,	Iter: 771, train loss: 2.8194, avg nll: 0.8131, avg wnll: 6.3767, avg kl: 0.0687, mse: 0.400789, wmse: 5.379682, mae: 0.457344
772,	Iter: 772, train loss: 2.8306, avg nll: 0.8120, avg wnll: 6.2781, avg kl: 0.0697, mse: 0.403195, wmse: 5.390465, mae: 0.458713
773,	Iter: 773, train loss: 2.8240, avg nll: 0.8097, avg wnll: 6.2955, avg kl: 0.0698, mse: 0.402318, wmse: 5.390718, mae: 0.458211
774,	Iter: 774, train loss: 2.8039, avg nll: 0.8080, avg wnll: 6.2343, avg kl: 0.0694, mse: 0.398624, wmse: 5.311238, mae: 0.456367
775,	Iter: 775, train loss: 2.8084, avg nll: 0.8092, avg wnll: 6.2906, avg kl: 0.0648, mse: 0.399303, wmse: 5.346121, mae: 0.456979
776,	Iter: 776, train loss: 2.8297, avg nll: 0.8098, avg wnll: 6.2792, avg kl: 0.0691, mse: 0.403383, wmse: 5.400917, mae: 0.457586
777,	Iter: 777, train loss: 2.8139, avg nll: 0.8102, avg wnll: 6.2315, avg kl: 0.0675, mse: 0.400119, wmse: 5.343885, mae: 0.457511
778,	Iter: 778, train loss: 2.8152, avg nll: 0.8074, avg wnll: 6.2894, avg kl: 0.0680, mse: 0.400919, wmse: 5.360665, mae: 0.457418
779,	Iter: 779, train loss: 2.8072, avg nll: 0.8069, avg wnll: 6.2492, avg kl: 0.0693, mse: 0.399387, wmse: 5.360464, mae: 0.456295
780,	Iter: 780, train loss: 2.7947, avg nll: 0.8008, avg wnll: 6.2719, avg kl: 0.0689, mse: 0.398099, wmse: 5.303282, mae: 0.455668
nll: 0.9849, mse: 0.5000, mae: 0.5139, mean_mse: 6.4860, mean_mae: 0.5139
1679418582.354836
saving.................
done
781,	Iter: 781, train loss: 2.8157, avg nll: 0.8107, avg wnll: 6.3331, avg kl: 0.0716, mse: 0.400245, wmse: 5.373580, mae: 0.457118
782,	Iter: 782, train loss: 2.8277, avg nll: 0.8102, avg wnll: 6.2612, avg kl: 0.0730, mse: 0.402738, wmse: 5.384886, mae: 0.458435
783,	Iter: 783, train loss: 2.8215, avg nll: 0.8084, avg wnll: 6.2991, avg kl: 0.0735, mse: 0.401805, wmse: 5.385054, mae: 0.458050
784,	Iter: 784, train loss: 2.8031, avg nll: 0.8082, avg wnll: 6.2364, avg kl: 0.0715, mse: 0.398174, wmse: 5.302821, mae: 0.456014
785,	Iter: 785, train loss: 2.8016, avg nll: 0.8051, avg wnll: 6.2771, avg kl: 0.0678, mse: 0.398507, wmse: 5.334586, mae: 0.456431
786,	Iter: 786, train loss: 2.8308, avg nll: 0.8118, avg wnll: 6.3094, avg kl: 0.0714, mse: 0.402954, wmse: 5.395746, mae: 0.457382
787,	Iter: 787, train loss: 2.8077, avg nll: 0.8063, avg wnll: 6.1877, avg kl: 0.0696, mse: 0.399420, wmse: 5.333058, mae: 0.457060
788,	Iter: 788, train loss: 2.8093, avg nll: 0.8046, avg wnll: 6.2872, avg kl: 0.0710, mse: 0.400024, wmse: 5.349845, mae: 0.457018
789,	Iter: 789, train loss: 2.8077, avg nll: 0.8089, avg wnll: 6.2969, avg kl: 0.0714, mse: 0.398831, wmse: 5.352834, mae: 0.456019
790,	Iter: 790, train loss: 2.7940, avg nll: 0.8012, avg wnll: 6.2526, avg kl: 0.0705, mse: 0.397606, wmse: 5.296619, mae: 0.455343
nll: 0.9851, mse: 0.4994, mae: 0.5135, mean_mse: 6.4817, mean_mae: 0.5135
1679419635.8808925
791,	Iter: 791, train loss: 2.8096, avg nll: 0.8065, avg wnll: 6.3173, avg kl: 0.0731, mse: 0.399611, wmse: 5.364986, mae: 0.456646
792,	Iter: 792, train loss: 2.8233, avg nll: 0.8073, avg wnll: 6.2553, avg kl: 0.0734, mse: 0.402172, wmse: 5.377083, mae: 0.458109
793,	Iter: 793, train loss: 2.8210, avg nll: 0.8083, avg wnll: 6.3007, avg kl: 0.0736, mse: 0.401481, wmse: 5.381096, mae: 0.457792
794,	Iter: 794, train loss: 2.7988, avg nll: 0.8057, avg wnll: 6.2375, avg kl: 0.0722, mse: 0.397561, wmse: 5.295997, mae: 0.455738
795,	Iter: 795, train loss: 2.8015, avg nll: 0.8058, avg wnll: 6.3030, avg kl: 0.0691, mse: 0.398099, wmse: 5.328958, mae: 0.456344
796,	Iter: 796, train loss: 2.8307, avg nll: 0.8132, avg wnll: 6.3311, avg kl: 0.0728, mse: 0.402382, wmse: 5.388402, mae: 0.457146
797,	Iter: 797, train loss: 2.8052, avg nll: 0.8052, avg wnll: 6.1775, avg kl: 0.0705, mse: 0.398901, wmse: 5.327833, mae: 0.456901
798,	Iter: 798, train loss: 2.8097, avg nll: 0.8060, avg wnll: 6.2741, avg kl: 0.0705, mse: 0.399600, wmse: 5.341882, mae: 0.456638
799,	Iter: 799, train loss: 2.8106, avg nll: 0.8117, avg wnll: 6.3216, avg kl: 0.0711, mse: 0.398623, wmse: 5.350798, mae: 0.455923
800,	Iter: 800, train loss: 2.7945, avg nll: 0.8017, avg wnll: 6.2482, avg kl: 0.0711, mse: 0.397379, wmse: 5.294036, mae: 0.455353
nll: 0.9811, mse: 0.5000, mae: 0.5140, mean_mse: 6.4882, mean_mae: 0.5140
1679420643.2118917
801,	Iter: 801, train loss: 2.8031, avg nll: 0.8024, avg wnll: 6.2575, avg kl: 0.0736, mse: 0.398884, wmse: 5.354474, mae: 0.456319
802,	Iter: 802, train loss: 2.8221, avg nll: 0.8071, avg wnll: 6.2559, avg kl: 0.0748, mse: 0.401705, wmse: 5.368984, mae: 0.457812
803,	Iter: 803, train loss: 2.8175, avg nll: 0.8070, avg wnll: 6.3134, avg kl: 0.0746, mse: 0.400779, wmse: 5.370265, mae: 0.457552
804,	Iter: 804, train loss: 2.7963, avg nll: 0.8044, avg wnll: 6.2276, avg kl: 0.0723, mse: 0.397091, wmse: 5.290476, mae: 0.455429
805,	Iter: 805, train loss: 2.8006, avg nll: 0.8061, avg wnll: 6.3134, avg kl: 0.0690, mse: 0.397630, wmse: 5.323093, mae: 0.456073
806,	Iter: 806, train loss: 2.8256, avg nll: 0.8085, avg wnll: 6.2845, avg kl: 0.0722, mse: 0.402065, wmse: 5.383999, mae: 0.457013
807,	Iter: 807, train loss: 2.8012, avg nll: 0.8023, avg wnll: 6.2031, avg kl: 0.0710, mse: 0.398425, wmse: 5.318993, mae: 0.456521
808,	Iter: 808, train loss: 2.8073, avg nll: 0.8040, avg wnll: 6.3104, avg kl: 0.0716, mse: 0.399295, wmse: 5.340719, mae: 0.456515
809,	Iter: 809, train loss: 2.8034, avg nll: 0.8054, avg wnll: 6.2805, avg kl: 0.0723, mse: 0.398178, wmse: 5.344668, mae: 0.455717
810,	Iter: 810, train loss: 2.7919, avg nll: 0.8002, avg wnll: 6.2599, avg kl: 0.0712, mse: 0.396911, wmse: 5.286973, mae: 0.454960
nll: 0.9859, mse: 0.4994, mae: 0.5135, mean_mse: 6.4818, mean_mae: 0.5135
1679421669.8093724
saving.................
done
811,	Iter: 811, train loss: 2.8057, avg nll: 0.8034, avg wnll: 6.2618, avg kl: 0.0731, mse: 0.398969, wmse: 5.356239, mae: 0.456401
812,	Iter: 812, train loss: 2.8241, avg nll: 0.8092, avg wnll: 6.2871, avg kl: 0.0726, mse: 0.401490, wmse: 5.367643, mae: 0.457793
813,	Iter: 813, train loss: 2.8171, avg nll: 0.8070, avg wnll: 6.3063, avg kl: 0.0740, mse: 0.400482, wmse: 5.368112, mae: 0.457332
814,	Iter: 814, train loss: 2.7938, avg nll: 0.8031, avg wnll: 6.2298, avg kl: 0.0719, mse: 0.396622, wmse: 5.284703, mae: 0.455106
815,	Iter: 815, train loss: 2.8019, avg nll: 0.8076, avg wnll: 6.3102, avg kl: 0.0687, mse: 0.397364, wmse: 5.320006, mae: 0.455953
816,	Iter: 816, train loss: 2.8275, avg nll: 0.8100, avg wnll: 6.2583, avg kl: 0.0720, mse: 0.401916, wmse: 5.383793, mae: 0.456854
817,	Iter: 817, train loss: 2.8010, avg nll: 0.8039, avg wnll: 6.2076, avg kl: 0.0700, mse: 0.397873, wmse: 5.314321, mae: 0.456304
818,	Iter: 818, train loss: 2.8057, avg nll: 0.8047, avg wnll: 6.3116, avg kl: 0.0707, mse: 0.398599, wmse: 5.330381, mae: 0.456204
819,	Iter: 819, train loss: 2.8041, avg nll: 0.8070, avg wnll: 6.2967, avg kl: 0.0707, mse: 0.397787, wmse: 5.339756, mae: 0.455509
820,	Iter: 820, train loss: 2.7929, avg nll: 0.8009, avg wnll: 6.2755, avg kl: 0.0699, mse: 0.396767, wmse: 5.286505, mae: 0.455040
nll: 0.9829, mse: 0.5003, mae: 0.5141, mean_mse: 6.4905, mean_mae: 0.5141
1679422676.3602211
821,	Iter: 821, train loss: 2.8061, avg nll: 0.8058, avg wnll: 6.2782, avg kl: 0.0725, mse: 0.398362, wmse: 5.349815, mae: 0.456135
822,	Iter: 822, train loss: 2.8224, avg nll: 0.8084, avg wnll: 6.2648, avg kl: 0.0732, mse: 0.401027, wmse: 5.361875, mae: 0.457489
823,	Iter: 823, train loss: 2.8135, avg nll: 0.8055, avg wnll: 6.2927, avg kl: 0.0730, mse: 0.399824, wmse: 5.357398, mae: 0.457052
824,	Iter: 824, train loss: 2.7928, avg nll: 0.8028, avg wnll: 6.2278, avg kl: 0.0710, mse: 0.396240, wmse: 5.279233, mae: 0.454951
825,	Iter: 825, train loss: 2.7996, avg nll: 0.8064, avg wnll: 6.3045, avg kl: 0.0687, mse: 0.396920, wmse: 5.314725, mae: 0.455737
826,slurmstepd: error: *** JOB 247572 ON gpu0 CANCELLED AT 2023-03-21T18:29:38 ***
