Namespace(n_union_tp=3500, data_folder='datasets/ZTF_r', checkpoint='datasets/ZTF_r0.8807774782180786.h5', start_col=1, inc_errors=False, print_at=1, embed_time=128, enc_num_heads=16, latent_dim=64, mixing='concat', num_ref_points=16, rec_hidden=128, width=512, save_at=30, patience=100, early_stopping=False, niters=20000, frac=0.5, batch_size=2, mse_weight=5.0, dropout=0.0, num_resamples=0, lr=5e-05, scheduler=False, warmup=4000, kl_zero=False, kl_annealing=True, net='hetvae', device='cuda', const_var=False, var_per_dim=False, std=0.1, seed=2, save=True, k_iwae=1) 4587814
validated 3407 files out of 3407 for band='r'
3407 3407
(2614, 1, 2011, 3)
created union_tp attribute of length 3500
dataset created w/ shape (2614, 1, 2011, 3)
train size: 2352, valid size: 236, test size: 262
datasets/ZTF_r
=> loading checkpoint 'datasets/ZTF_r0.8807774782180786.h5'
Namespace(n_union_tp=3500, data_folder='datasets/ZTF_r', checkpoint='datasets/ZTF_r0.997680127620697.h5', start_col=1, inc_errors=False, print_at=1, embed_time=128, enc_num_heads=16, latent_dim=64, mixing='concat', num_ref_points=16, rec_hidden=128, width=512, save_at=30, patience=100, early_stopping=False, niters=20000, frac=0.5, batch_size=2, mse_weight=5.0, dropout=0.0, num_resamples=0, lr=0.0001, scheduler=False, warmup=4000, kl_zero=False, kl_annealing=True, net='hetvae', device='cuda', const_var=False, var_per_dim=False, std=0.1, seed=2, save=True, k_iwae=1)
loaded checkpoint w/ loss=3.076094396488399
model_size=498882
1261,	Iter: 1261, train loss: 3.6200, avg nll: 1.0423, avg wnll: 6.6090, avg kl: 0.0372, mse: 0.510160, wmse: 6.539626, mae: 0.517763
1262,	Iter: 1262, train loss: 3.5612, avg nll: 1.0183, avg wnll: 6.3338, avg kl: 0.0355, mse: 0.503378, wmse: 6.432710, mae: 0.513794
1263,	Iter: 1263, train loss: 3.5625, avg nll: 1.0196, avg wnll: 6.3952, avg kl: 0.0319, mse: 0.503871, wmse: 6.466621, mae: 0.513327
1264,	Iter: 1264, train loss: 3.5662, avg nll: 1.0131, avg wnll: 6.2683, avg kl: 0.0304, mse: 0.506099, wmse: 6.468247, mae: 0.513116
1265,	Iter: 1265, train loss: 3.5387, avg nll: 1.0086, avg wnll: 6.2846, avg kl: 0.0310, mse: 0.501391, wmse: 6.383307, mae: 0.511098
1266,	Iter: 1266, train loss: 3.5250, avg nll: 1.0058, avg wnll: 6.2692, avg kl: 0.0283, mse: 0.499580, wmse: 6.350801, mae: 0.509968
1267,	Iter: 1267, train loss: 3.5237, avg nll: 1.0047, avg wnll: 6.2999, avg kl: 0.0282, mse: 0.499523, wmse: 6.365587, mae: 0.510244
1268,	Iter: 1268, train loss: 3.5092, avg nll: 1.0040, avg wnll: 6.2801, avg kl: 0.0272, mse: 0.496905, wmse: 6.332735, mae: 0.509406
1269,	Iter: 1269, train loss: 3.5167, avg nll: 1.0037, avg wnll: 6.2897, avg kl: 0.0261, mse: 0.498592, wmse: 6.344909, mae: 0.509821
1270,	Iter: 1270, train loss: 3.5087, avg nll: 1.0018, avg wnll: 6.2947, avg kl: 0.0258, mse: 0.497396, wmse: 6.340714, mae: 0.508756
nll: 1.0060, mse: 0.5398, mae: 0.5274, mean_mse: 6.8657, mean_mae: 0.5274
1679027506.1133654
1271,	Iter: 1271, train loss: 3.1456, avg nll: 0.9105, avg wnll: 6.0659, avg kl: 0.0273, mse: 0.442752, wmse: 5.595700, mae: 0.480978
1272,	Iter: 1272, train loss: 3.0716, avg nll: 0.8816, avg wnll: 6.1854, avg kl: 0.0306, mse: 0.433182, wmse: 5.495496, mae: 0.476405
1273,	Iter: 1273, train loss: 3.0566, avg nll: 0.8735, avg wnll: 6.1516, avg kl: 0.0289, mse: 0.432067, wmse: 5.460089, mae: 0.475694
1274,	Iter: 1274, train loss: 3.0629, avg nll: 0.8726, avg wnll: 6.1757, avg kl: 0.0292, mse: 0.433419, wmse: 5.492011, mae: 0.476303
1275,	Iter: 1275, train loss: 3.0439, avg nll: 0.8684, avg wnll: 6.1485, avg kl: 0.0287, mse: 0.430504, wmse: 5.443301, mae: 0.474485
1276,	Iter: 1276, train loss: 3.0542, avg nll: 0.8744, avg wnll: 6.2193, avg kl: 0.0285, mse: 0.431371, wmse: 5.466828, mae: 0.475498
1277,	Iter: 1277, train loss: 3.0341, avg nll: 0.8681, avg wnll: 6.2512, avg kl: 0.0294, mse: 0.428424, wmse: 5.443363, mae: 0.473292
1278,	Iter: 1278, train loss: 3.0387, avg nll: 0.8681, avg wnll: 6.1961, avg kl: 0.0288, mse: 0.429426, wmse: 5.451246, mae: 0.473766
1279,	Iter: 1279, train loss: 3.0196, avg nll: 0.8632, avg wnll: 6.2704, avg kl: 0.0285, mse: 0.426599, wmse: 5.414148, mae: 0.472307
1280,	Iter: 1280, train loss: 3.0423, avg nll: 0.8707, avg wnll: 6.1605, avg kl: 0.0292, mse: 0.429487, wmse: 5.436618, mae: 0.474183
nll: 1.0248, mse: 0.5500, mae: 0.5334, mean_mse: 7.0821, mean_mae: 0.5334
1679028370.8520737
1281,	Iter: 1281, train loss: 3.0070, avg nll: 0.8577, avg wnll: 6.2131, avg kl: 0.0290, mse: 0.425048, wmse: 5.366612, mae: 0.471479
1282,	Iter: 1282, train loss: 2.9993, avg nll: 0.8516, avg wnll: 6.1835, avg kl: 0.0304, mse: 0.424452, wmse: 5.383304, mae: 0.471808
1283,	Iter: 1283, train loss: 3.0029, avg nll: 0.8501, avg wnll: 6.2000, avg kl: 0.0290, mse: 0.425679, wmse: 5.380616, mae: 0.472378
1284,	Iter: 1284, train loss: 3.0177, avg nll: 0.8542, avg wnll: 6.1833, avg kl: 0.0297, mse: 0.427679, wmse: 5.419879, mae: 0.473306
1285,	Iter: 1285, train loss: 3.0073, avg nll: 0.8514, avg wnll: 6.1859, avg kl: 0.0288, mse: 0.426257, wmse: 5.389717, mae: 0.471958
1286,	Iter: 1286, train loss: 3.0185, avg nll: 0.8576, avg wnll: 6.1861, avg kl: 0.0287, mse: 0.427236, wmse: 5.414932, mae: 0.473205
1287,	Iter: 1287, train loss: 3.0060, avg nll: 0.8531, avg wnll: 6.2165, avg kl: 0.0296, mse: 0.425464, wmse: 5.403836, mae: 0.471665
1288,	Iter: 1288, train loss: 3.0130, avg nll: 0.8552, avg wnll: 6.2113, avg kl: 0.0280, mse: 0.426691, wmse: 5.416464, mae: 0.472152
1289,	Iter: 1289, train loss: 2.9903, avg nll: 0.8465, avg wnll: 6.2543, avg kl: 0.0281, mse: 0.423838, wmse: 5.375968, mae: 0.470769
1290,	Iter: 1290, train loss: 3.0151, avg nll: 0.8538, avg wnll: 6.1653, avg kl: 0.0296, mse: 0.427033, wmse: 5.404764, mae: 0.472569
nll: 1.0349, mse: 0.5514, mae: 0.5342, mean_mse: 7.0953, mean_mae: 0.5342
1679029268.2474968
saving.................
done
1291,	Iter: 1291, train loss: 2.9960, avg nll: 0.8514, avg wnll: 6.2523, avg kl: 0.0288, mse: 0.423841, wmse: 5.354387, mae: 0.470910
1292,	Iter: 1292, train loss: 2.9878, avg nll: 0.8459, avg wnll: 6.2052, avg kl: 0.0302, mse: 0.422997, wmse: 5.366354, mae: 0.470982
1293,	Iter: 1293, train loss: 2.9933, avg nll: 0.8452, avg wnll: 6.2068, avg kl: 0.0284, mse: 0.424534, wmse: 5.366306, mae: 0.471815
1294,	Iter: 1294, train loss: 3.0211, avg nll: 0.8558, avg wnll: 6.1652, avg kl: 0.0293, mse: 0.427788, wmse: 5.422772, mae: 0.473519
1295,	Iter: 1295, train loss: 3.0065, avg nll: 0.8543, avg wnll: 6.1843, avg kl: 0.0276, mse: 0.425441, wmse: 5.379303, mae: 0.471807
1296,	Iter: 1296, train loss: 3.0248, avg nll: 0.8632, avg wnll: 6.2349, avg kl: 0.0279, mse: 0.427214, wmse: 5.413666, mae: 0.473451
1297,	Iter: 1297, train loss: 3.0110, avg nll: 0.8562, avg wnll: 6.2350, avg kl: 0.0290, mse: 0.425621, wmse: 5.411987, mae: 0.471839
1298,	Iter: 1298, train loss: 3.0114, avg nll: 0.8557, avg wnll: 6.1944, avg kl: 0.0277, mse: 0.426030, wmse: 5.406720, mae: 0.471984
1299,	Iter: 1299, train loss: 2.9908, avg nll: 0.8494, avg wnll: 6.2350, avg kl: 0.0282, mse: 0.423056, wmse: 5.365746, mae: 0.470457
1300,	Iter: 1300, train loss: 3.0151, avg nll: 0.8573, avg wnll: 6.1653, avg kl: 0.0287, mse: 0.426190, wmse: 5.395394, mae: 0.472322
nll: 1.0354, mse: 0.5537, mae: 0.5355, mean_mse: 7.1595, mean_mae: 0.5355
1679030147.074187
1301,	Iter: 1301, train loss: 2.9969, avg nll: 0.8542, avg wnll: 6.3004, avg kl: 0.0285, mse: 0.423194, wmse: 5.347469, mae: 0.470601
1302,	Iter: 1302, train loss: 2.9890, avg nll: 0.8487, avg wnll: 6.1978, avg kl: 0.0292, mse: 0.422552, wmse: 5.364401, mae: 0.471069
1303,	Iter: 1303, train loss: 3.0002, avg nll: 0.8519, avg wnll: 6.2140, avg kl: 0.0284, mse: 0.424280, wmse: 5.366589, mae: 0.471960
1304,	Iter: 1304, train loss: 3.0243, avg nll: 0.8581, avg wnll: 6.1742, avg kl: 0.0285, mse: 0.427806, wmse: 5.425356, mae: 0.473730
1305,	Iter: 1305, train loss: 3.0021, avg nll: 0.8511, avg wnll: 6.2082, avg kl: 0.0275, mse: 0.424923, wmse: 5.376095, mae: 0.471612
1306,	Iter: 1306, train loss: 3.0139, avg nll: 0.8563, avg wnll: 6.1863, avg kl: 0.0274, mse: 0.426243, wmse: 5.402045, mae: 0.473047
1307,	Iter: 1307, train loss: 2.9946, avg nll: 0.8474, avg wnll: 6.2120, avg kl: 0.0281, mse: 0.423985, wmse: 5.387067, mae: 0.470855
1308,	Iter: 1308, train loss: 3.0068, avg nll: 0.8517, avg wnll: 6.2088, avg kl: 0.0270, mse: 0.425745, wmse: 5.405679, mae: 0.471852
1309,	Iter: 1309, train loss: 2.9907, avg nll: 0.8484, avg wnll: 6.2629, avg kl: 0.0271, mse: 0.423137, wmse: 5.367887, mae: 0.470727
1310,	Iter: 1310, train loss: 3.0138, avg nll: 0.8563, avg wnll: 6.1790, avg kl: 0.0274, mse: 0.426094, wmse: 5.395272, mae: 0.472089
nll: 1.0503, mse: 0.5580, mae: 0.5384, mean_mse: 7.2131, mean_mae: 0.5384
1679031034.4813888
1311,	Iter: 1311, train loss: 2.9941, avg nll: 0.8525, avg wnll: 6.2488, avg kl: 0.0272, mse: 0.422916, wmse: 5.344163, mae: 0.470625
1312,	Iter: 1312, train loss: 2.9802, avg nll: 0.8433, avg wnll: 6.2006, avg kl: 0.0289, mse: 0.421627, wmse: 5.348685, mae: 0.470317
1313,	Iter: 1313, train loss: 2.9932, avg nll: 0.8473, avg wnll: 6.2227, avg kl: 0.0278, mse: 0.423635, wmse: 5.358289, mae: 0.471480
1314,	Iter: 1314, train loss: 3.0087, avg nll: 0.8507, avg wnll: 6.2051, avg kl: 0.0283, mse: 0.425927, wmse: 5.402709, mae: 0.472591
1315,	Iter: 1315, train loss: 2.9960, avg nll: 0.8495, avg wnll: 6.2202, avg kl: 0.0268, mse: 0.423944, wmse: 5.362692, mae: 0.470881
1316,	Iter: 1316, train loss: 3.0072, avg nll: 0.8543, avg wnll: 6.1789, avg kl: 0.0265, mse: 0.425269, wmse: 5.389725, mae: 0.472510
1317,	Iter: 1317, train loss: 2.9941, avg nll: 0.8483, avg wnll: 6.2105, avg kl: 0.0284, mse: 0.423472, wmse: 5.381422, mae: 0.470606
1318,	Iter: 1318, train loss: 3.0040, avg nll: 0.8534, avg wnll: 6.2228, avg kl: 0.0265, mse: 0.424821, wmse: 5.391397, mae: 0.471349
1319,	Iter: 1319, train loss: 2.9824, avg nll: 0.8448, avg wnll: 6.2518, avg kl: 0.0270, mse: 0.422143, wmse: 5.354124, mae: 0.469936
1320,	Iter: 1320, train loss: 3.0108, avg nll: 0.8550, avg wnll: 6.1863, avg kl: 0.0276, mse: 0.425626, wmse: 5.389463, mae: 0.472089
nll: 1.0399, mse: 0.5521, mae: 0.5347, mean_mse: 7.1065, mean_mae: 0.5347
1679031924.1855104
saving.................
done
1321,	Iter: 1321, train loss: 2.9925, avg nll: 0.8521, avg wnll: 6.2076, avg kl: 0.0268, mse: 0.422714, wmse: 5.341831, mae: 0.470607
1322,	Iter: 1322, train loss: 2.9771, avg nll: 0.8431, avg wnll: 6.1927, avg kl: 0.0283, mse: 0.421149, wmse: 5.346655, mae: 0.470243
1323,	Iter: 1323, train loss: 2.9903, avg nll: 0.8462, avg wnll: 6.2170, avg kl: 0.0266, mse: 0.423515, wmse: 5.359263, mae: 0.471486
1324,	Iter: 1324, train loss: 3.0050, avg nll: 0.8493, avg wnll: 6.2172, avg kl: 0.0273, mse: 0.425687, wmse: 5.400538, mae: 0.472399
1325,	Iter: 1325, train loss: 2.9968, avg nll: 0.8503, avg wnll: 6.2096, avg kl: 0.0267, mse: 0.423971, wmse: 5.365682, mae: 0.471055
1326,	Iter: 1326, train loss: 3.0062, avg nll: 0.8540, avg wnll: 6.1931, avg kl: 0.0263, mse: 0.425179, wmse: 5.385817, mae: 0.472513
1327,	Iter: 1327, train loss: 2.9954, avg nll: 0.8498, avg wnll: 6.2455, avg kl: 0.0277, mse: 0.423565, wmse: 5.383962, mae: 0.470836
1328,	Iter: 1328, train loss: 3.0039, avg nll: 0.8529, avg wnll: 6.2348, avg kl: 0.0262, mse: 0.424961, wmse: 5.393342, mae: 0.471659
1329,	Iter: 1329, train loss: 2.9865, avg nll: 0.8466, avg wnll: 6.2389, avg kl: 0.0264, mse: 0.422679, wmse: 5.363282, mae: 0.470463
1330,	Iter: 1330, train loss: 3.0099, avg nll: 0.8556, avg wnll: 6.1948, avg kl: 0.0277, mse: 0.425348, wmse: 5.383659, mae: 0.471828
nll: 1.0419, mse: 0.5532, mae: 0.5357, mean_mse: 7.1555, mean_mae: 0.5357
1679032778.9319997
1331,	Iter: 1331, train loss: 2.9855, avg nll: 0.8507, avg wnll: 6.2379, avg kl: 0.0272, mse: 0.421525, wmse: 5.325043, mae: 0.469890
1332,	Iter: 1332, train loss: 2.9787, avg nll: 0.8448, avg wnll: 6.2089, avg kl: 0.0284, mse: 0.421107, wmse: 5.344638, mae: 0.470230
1333,	Iter: 1333, train loss: 2.9864, avg nll: 0.8454, avg wnll: 6.2100, avg kl: 0.0276, mse: 0.422688, wmse: 5.348369, mae: 0.471137
1334,	Iter: 1334, train loss: 3.0033, avg nll: 0.8501, avg wnll: 6.1984, avg kl: 0.0283, mse: 0.424966, wmse: 5.388284, mae: 0.472027
1335,	Iter: 1335, train loss: 2.9950, avg nll: 0.8504, avg wnll: 6.1766, avg kl: 0.0263, mse: 0.423672, wmse: 5.361554, mae: 0.470826
1336,	Iter: 1336, train loss: 3.0030, avg nll: 0.8535, avg wnll: 6.1632, avg kl: 0.0261, mse: 0.424682, wmse: 5.382626, mae: 0.472229
1337,	Iter: 1337, train loss: 2.9924, avg nll: 0.8509, avg wnll: 6.2367, avg kl: 0.0271, mse: 0.422873, wmse: 5.373127, mae: 0.470382
1338,	Iter: 1338, train loss: 3.0022, avg nll: 0.8523, avg wnll: 6.2157, avg kl: 0.0263, mse: 0.424711, wmse: 5.394830, mae: 0.471584
1339,	Iter: 1339, train loss: 2.9768, avg nll: 0.8418, avg wnll: 6.2618, avg kl: 0.0265, mse: 0.421704, wmse: 5.351721, mae: 0.469824
1340,	Iter: 1340, train loss: 3.0044, avg nll: 0.8525, avg wnll: 6.1835, avg kl: 0.0273, mse: 0.424923, wmse: 5.381637, mae: 0.471702
nll: 1.0418, mse: 0.5535, mae: 0.5353, mean_mse: 7.1183, mean_mae: 0.5353
1679033667.6491728
1341,	Iter: 1341, train loss: 2.9846, avg nll: 0.8520, avg wnll: 6.2086, avg kl: 0.0270, mse: 0.421128, wmse: 5.323169, mae: 0.469651
1342,	Iter: 1342, train loss: 2.9810, avg nll: 0.8472, avg wnll: 6.1875, avg kl: 0.0279, mse: 0.421175, wmse: 5.345427, mae: 0.470333
1343,	Iter: 1343, train loss: 2.9806, avg nll: 0.8420, avg wnll: 6.1847, avg kl: 0.0272, mse: 0.422285, wmse: 5.343659, mae: 0.470839
1344,	Iter: 1344, train loss: 3.0049, avg nll: 0.8503, avg wnll: 6.2190, avg kl: 0.0273, mse: 0.425445, wmse: 5.398403, mae: 0.472597
1345,	Iter: 1345, train loss: 2.9955, avg nll: 0.8510, avg wnll: 6.1788, avg kl: 0.0267, mse: 0.423569, wmse: 5.358898, mae: 0.470940
1346,	Iter: 1346, train loss: 3.0014, avg nll: 0.8527, avg wnll: 6.1863, avg kl: 0.0260, mse: 0.424542, wmse: 5.380817, mae: 0.472127
1347,	Iter: 1347, train loss: 2.9834, avg nll: 0.8436, avg wnll: 6.2228, avg kl: 0.0274, mse: 0.422496, wmse: 5.369973, mae: 0.470140
1348,	Iter: 1348, train loss: 2.9948, avg nll: 0.8485, avg wnll: 6.1923, avg kl: 0.0260, mse: 0.424068, wmse: 5.382439, mae: 0.470956
1349,	Iter: 1349, train loss: 2.9883, avg nll: 0.8501, avg wnll: 6.3361, avg kl: 0.0261, mse: 0.422416, wmse: 5.364352, mae: 0.470438
1350,	Iter: 1350, train loss: 3.0078, avg nll: 0.8540, avg wnll: 6.1611, avg kl: 0.0273, mse: 0.425304, wmse: 5.384628, mae: 0.472050
nll: 1.0367, mse: 0.5541, mae: 0.5362, mean_mse: 7.1617, mean_mae: 0.5362
1679034524.177544
saving.................
done
1351,	Iter: 1351, train loss: 2.9830, avg nll: 0.8498, avg wnll: 6.2004, avg kl: 0.0269, mse: 0.421267, wmse: 5.324023, mae: 0.469768
1352,	Iter: 1352, train loss: 2.9943, avg nll: 0.8502, avg wnll: 6.2178, avg kl: 0.0281, mse: 0.423210, wmse: 5.378641, mae: 0.471483
1353,	Iter: 1353, train loss: 2.9863, avg nll: 0.8450, avg wnll: 6.1657, avg kl: 0.0267, mse: 0.422919, wmse: 5.351214, mae: 0.471271
1354,	Iter: 1354, train loss: 3.0021, avg nll: 0.8504, avg wnll: 6.2190, avg kl: 0.0275, mse: 0.424829, wmse: 5.390635, mae: 0.471953
1355,	Iter: 1355, train loss: 2.9891, avg nll: 0.8483, avg wnll: 6.1690, avg kl: 0.0265, mse: 0.422872, wmse: 5.349653, mae: 0.470567
1356,	Iter: 1356, train loss: 2.9928, avg nll: 0.8482, avg wnll: 6.1696, avg kl: 0.0269, mse: 0.423551, wmse: 5.367687, mae: 0.471467
1357,	Iter: 1357, train loss: 2.9864, avg nll: 0.8470, avg wnll: 6.2433, avg kl: 0.0272, mse: 0.422435, wmse: 5.371856, mae: 0.470160
1358,	Iter: 1358, train loss: 2.9898, avg nll: 0.8478, avg wnll: 6.2144, avg kl: 0.0258, mse: 0.423232, wmse: 5.374105, mae: 0.470621
1359,	Iter: 1359, train loss: 2.9792, avg nll: 0.8461, avg wnll: 6.2489, avg kl: 0.0263, mse: 0.421363, wmse: 5.347123, mae: 0.469761
1360,	Iter: 1360, train loss: 3.0081, avg nll: 0.8558, avg wnll: 6.2057, avg kl: 0.0269, mse: 0.425069, wmse: 5.382889, mae: 0.471901
nll: 1.0374, mse: 0.5551, mae: 0.5363, mean_mse: 7.1586, mean_mae: 0.5363
1679035423.956229
1361,	Iter: 1361, train loss: 2.9779, avg nll: 0.8470, avg wnll: 6.2275, avg kl: 0.0266, mse: 0.420867, wmse: 5.321320, mae: 0.469534
1362,	Iter: 1362, train loss: 2.9701, avg nll: 0.8428, avg wnll: 6.1788, avg kl: 0.0282, mse: 0.419832, wmse: 5.328706, mae: 0.469652
1363,	Iter: 1363, train loss: 2.9749, avg nll: 0.8414, avg wnll: 6.2072, avg kl: 0.0270, mse: 0.421292, wmse: 5.328484, mae: 0.470241
1364,	Iter: 1364, train loss: 2.9928, avg nll: 0.8452, avg wnll: 6.1902, avg kl: 0.0275, mse: 0.424031, wmse: 5.380492, mae: 0.471651
1365,	Iter: 1365, train loss: 2.9806, avg nll: 0.8432, avg wnll: 6.1938, avg kl: 0.0266, mse: 0.422146, wmse: 5.339780, mae: 0.469932
1366,	Iter: 1366, train loss: 2.9955, avg nll: 0.8513, avg wnll: 6.1854, avg kl: 0.0263, mse: 0.423579, wmse: 5.366493, mae: 0.471567
1367,	Iter: 1367, train loss: 2.9804, avg nll: 0.8450, avg wnll: 6.2082, avg kl: 0.0279, mse: 0.421520, wmse: 5.353672, mae: 0.469683
1368,	Iter: 1368, train loss: 2.9957, avg nll: 0.8494, avg wnll: 6.2110, avg kl: 0.0258, mse: 0.424106, wmse: 5.391374, mae: 0.471012
1369,	Iter: 1369, train loss: 2.9740, avg nll: 0.8433, avg wnll: 6.2288, avg kl: 0.0262, mse: 0.420909, wmse: 5.341756, mae: 0.469656
1370,	Iter: 1370, train loss: 2.9990, avg nll: 0.8519, avg wnll: 6.1810, avg kl: 0.0270, mse: 0.424020, wmse: 5.372376, mae: 0.471343
nll: 1.0378, mse: 0.5535, mae: 0.5356, mean_mse: 7.1496, mean_mae: 0.5356
1679036326.501209
1371,	Iter: 1371, train loss: 2.9723, avg nll: 0.8458, avg wnll: 6.3346, avg kl: 0.0269, mse: 0.419913, wmse: 5.307961, mae: 0.469245
1372,	Iter: 1372, train loss: 2.9630, avg nll: 0.8383, avg wnll: 6.1710, avg kl: 0.0280, mse: 0.419350, wmse: 5.324304, mae: 0.469177
1373,	Iter: 1373, train loss: 2.9870, avg nll: 0.8482, avg wnll: 6.2506, avg kl: 0.0268, mse: 0.422400, wmse: 5.345717, mae: 0.471297
1374,	Iter: 1374, train loss: 2.9976, avg nll: 0.8477, avg wnll: 6.1764, avg kl: 0.0278, mse: 0.424410, wmse: 5.383813, mae: 0.471806
1375,	Iter: 1375, train loss: 2.9898, avg nll: 0.8486, avg wnll: 6.1888, avg kl: 0.0259, mse: 0.423076, wmse: 5.353990, mae: 0.470742
1376,	Iter: 1376, train loss: 3.0020, avg nll: 0.8560, avg wnll: 6.2198, avg kl: 0.0263, mse: 0.423939, wmse: 5.376126, mae: 0.471853
1377,	Iter: 1377, train loss: 2.9819, avg nll: 0.8464, avg wnll: 6.2110, avg kl: 0.0273, mse: 0.421641, wmse: 5.359777, mae: 0.469800
1378,	Iter: 1378, train loss: 2.9892, avg nll: 0.8487, avg wnll: 6.2118, avg kl: 0.0262, mse: 0.422843, wmse: 5.368650, mae: 0.470475
1379,	Iter: 1379, train loss: 2.9758, avg nll: 0.8448, avg wnll: 6.2524, avg kl: 0.0260, mse: 0.421002, wmse: 5.344123, mae: 0.469484
1380,	Iter: 1380, train loss: 2.9971, avg nll: 0.8511, avg wnll: 6.1720, avg kl: 0.0266, mse: 0.423882, wmse: 5.368004, mae: 0.471333
nll: 1.0362, mse: 0.5528, mae: 0.5348, mean_mse: 7.1038, mean_mae: 0.5348
1679037194.0906935
saving.................
done
1381,	Iter: 1381, train loss: 2.9744, avg nll: 0.8478, avg wnll: 6.2285, avg kl: 0.0264, mse: 0.420047, wmse: 5.308911, mae: 0.469219
1382,	Iter: 1382, train loss: 2.9662, avg nll: 0.8413, avg wnll: 6.1942, avg kl: 0.0277, mse: 0.419435, wmse: 5.325980, mae: 0.469486
1383,	Iter: 1383, train loss: 2.9836, avg nll: 0.8472, avg wnll: 6.2089, avg kl: 0.0264, mse: 0.422009, wmse: 5.341720, mae: 0.470996
1384,	Iter: 1384, train loss: 2.9875, avg nll: 0.8438, avg wnll: 6.1765, avg kl: 0.0270, mse: 0.423346, wmse: 5.371861, mae: 0.471179
1385,	Iter: 1385, train loss: 2.9815, avg nll: 0.8451, avg wnll: 6.1684, avg kl: 0.0261, mse: 0.422076, wmse: 5.339588, mae: 0.470091
1386,	Iter: 1386, train loss: 2.9946, avg nll: 0.8516, avg wnll: 6.2487, avg kl: 0.0263, mse: 0.423354, wmse: 5.368376, mae: 0.471515
1387,	Iter: 1387, train loss: 2.9820, avg nll: 0.8457, avg wnll: 6.2119, avg kl: 0.0272, mse: 0.421834, wmse: 5.361279, mae: 0.469957
1388,	Iter: 1388, train loss: 2.9918, avg nll: 0.8495, avg wnll: 6.2152, avg kl: 0.0257, mse: 0.423305, wmse: 5.377419, mae: 0.470729
1389,	Iter: 1389, train loss: 2.9715, avg nll: 0.8422, avg wnll: 6.2285, avg kl: 0.0259, mse: 0.420683, wmse: 5.337658, mae: 0.469500
1390,	Iter: 1390, train loss: 3.0002, avg nll: 0.8526, avg wnll: 6.1996, avg kl: 0.0266, mse: 0.424207, wmse: 5.374589, mae: 0.471505
nll: 1.0374, mse: 0.5544, mae: 0.5362, mean_mse: 7.1636, mean_mae: 0.5362
1679038078.1513405
1391,	Iter: 1391, train loss: 2.9665, avg nll: 0.8428, avg wnll: 6.1926, avg kl: 0.0267, mse: 0.419403, wmse: 5.301915, mae: 0.468895
1392,	Iter: 1392, train loss: 2.9689, avg nll: 0.8428, avg wnll: 6.2104, avg kl: 0.0276, mse: 0.419720, wmse: 5.327450, mae: 0.469596
1393,	Iter: 1393, train loss: 2.9717, avg nll: 0.8401, avg wnll: 6.2091, avg kl: 0.0273, mse: 0.420851, wmse: 5.324824, mae: 0.469929
1394,	Iter: 1394, train loss: 2.9942, avg nll: 0.8475, avg wnll: 6.2246, avg kl: 0.0272, mse: 0.423900, wmse: 5.378784, mae: 0.471703
1395,	Iter: 1395, train loss: 2.9793, avg nll: 0.8434, avg wnll: 6.2112, avg kl: 0.0266, mse: 0.421867, wmse: 5.336320, mae: 0.469936
1396,	Iter: 1396, train loss: 2.9882, avg nll: 0.8485, avg wnll: 6.2046, avg kl: 0.0265, mse: 0.422629, wmse: 5.356636, mae: 0.471075
1397,	Iter: 1397, train loss: 2.9782, avg nll: 0.8454, avg wnll: 6.2519, avg kl: 0.0274, mse: 0.421094, wmse: 5.351080, mae: 0.469341
1398,	Iter: 1398, train loss: 2.9909, avg nll: 0.8484, avg wnll: 6.1857, avg kl: 0.0257, mse: 0.423358, wmse: 5.377950, mae: 0.470812
1399,	Iter: 1399, train loss: 2.9677, avg nll: 0.8398, avg wnll: 6.2366, avg kl: 0.0261, mse: 0.420350, wmse: 5.334158, mae: 0.469135
1400,	Iter: 1400, train loss: 2.9940, avg nll: 0.8498, avg wnll: 6.1696, avg kl: 0.0270, mse: 0.423457, wmse: 5.364663, mae: 0.471053
nll: 1.0381, mse: 0.5533, mae: 0.5354, mean_mse: 7.1329, mean_mae: 0.5354
1679038957.3508825
1401,	Iter: 1401, train loss: 2.9759, avg nll: 0.8483, avg wnll: 6.2106, avg kl: 0.0266, mse: 0.420188, wmse: 5.311141, mae: 0.469360
1402,	Iter: 1402, train loss: 2.9628, avg nll: 0.8397, avg wnll: 6.1884, avg kl: 0.0282, mse: 0.418982, wmse: 5.317891, mae: 0.469301
1403,	Iter: 1403, train loss: 2.9737, avg nll: 0.8421, avg wnll: 6.2271, avg kl: 0.0267, mse: 0.420967, wmse: 5.330951, mae: 0.470289
1404,	Iter: 1404, train loss: 2.9917, avg nll: 0.8477, avg wnll: 6.1857, avg kl: 0.0275, mse: 0.423306, wmse: 5.370975, mae: 0.471168
1405,	Iter: 1405, train loss: 2.9855, avg nll: 0.8492, avg wnll: 6.2698, avg kl: 0.0259, mse: 0.422070, wmse: 5.343046, mae: 0.470136
1406,	Iter: 1406, train loss: 2.9867, avg nll: 0.8484, avg wnll: 6.1789, avg kl: 0.0260, mse: 0.422464, wmse: 5.360046, mae: 0.471085
1407,	Iter: 1407, train loss: 2.9773, avg nll: 0.8434, avg wnll: 6.2753, avg kl: 0.0268, mse: 0.421417, wmse: 5.366821, mae: 0.469830
1408,	Iter: 1408, train loss: 2.9833, avg nll: 0.8452, avg wnll: 6.2134, avg kl: 0.0259, mse: 0.422451, wmse: 5.362780, mae: 0.470341
1409,	Iter: 1409, train loss: 2.9738, avg nll: 0.8425, avg wnll: 6.2417, avg kl: 0.0260, mse: 0.421057, wmse: 5.346169, mae: 0.469742
1410,	Iter: 1410, train loss: 2.9988, avg nll: 0.8513, avg wnll: 6.1745, avg kl: 0.0268, mse: 0.424146, wmse: 5.369986, mae: 0.471457
nll: 1.0368, mse: 0.5526, mae: 0.5350, mean_mse: 7.1362, mean_mae: 0.5350
1679039845.5909762
saving.................
done
1411,	Iter: 1411, train loss: 2.9703, avg nll: 0.8477, avg wnll: 6.2354, avg kl: 0.0266, mse: 0.419218, wmse: 5.301728, mae: 0.468924
1412,	Iter: 1412, train loss: 2.9569, avg nll: 0.8366, avg wnll: 6.2087, avg kl: 0.0278, mse: 0.418513, wmse: 5.314367, mae: 0.468753
1413,	Iter: 1413, train loss: 2.9704, avg nll: 0.8409, avg wnll: 6.2062, avg kl: 0.0263, mse: 0.420625, wmse: 5.321229, mae: 0.470132
1414,	Iter: 1414, train loss: 2.9883, avg nll: 0.8452, avg wnll: 6.2210, avg kl: 0.0269, mse: 0.423250, wmse: 5.370310, mae: 0.471201
1415,	Iter: 1415, train loss: 2.9814, avg nll: 0.8459, avg wnll: 6.1932, avg kl: 0.0261, mse: 0.421899, wmse: 5.340545, mae: 0.470298
1416,	Iter: 1416, train loss: 2.9826, avg nll: 0.8460, avg wnll: 6.1846, avg kl: 0.0265, mse: 0.422015, wmse: 5.350037, mae: 0.470683
1417,	Iter: 1417, train loss: 2.9762, avg nll: 0.8449, avg wnll: 6.2245, avg kl: 0.0274, mse: 0.420790, wmse: 5.347417, mae: 0.469218
1418,	Iter: 1418, train loss: 2.9785, avg nll: 0.8433, avg wnll: 6.2099, avg kl: 0.0254, mse: 0.421952, wmse: 5.354835, mae: 0.469976
1419,	Iter: 1419, train loss: 2.9677, avg nll: 0.8406, avg wnll: 6.2568, avg kl: 0.0263, mse: 0.420164, wmse: 5.332624, mae: 0.469374
1420,	Iter: 1420, train loss: 2.9928, avg nll: 0.8510, avg wnll: 6.1761, avg kl: 0.0269, mse: 0.422975, wmse: 5.357722, mae: 0.470950
nll: 1.0444, mse: 0.5559, mae: 0.5370, mean_mse: 7.1843, mean_mae: 0.5370
1679040720.0268087
1421,	Iter: 1421, train loss: 2.9685, avg nll: 0.8454, avg wnll: 6.2399, avg kl: 0.0266, mse: 0.419303, wmse: 5.299488, mae: 0.468882
1422,	Iter: 1422, train loss: 2.9559, avg nll: 0.8369, avg wnll: 6.1929, avg kl: 0.0276, mse: 0.418280, wmse: 5.312674, mae: 0.468796
1423,	Iter: 1423, train loss: 2.9758, avg nll: 0.8425, avg wnll: 6.2212, avg kl: 0.0267, mse: 0.421323, wmse: 5.332703, mae: 0.470398
1424,	Iter: 1424, train loss: 2.9839, avg nll: 0.8438, avg wnll: 6.2237, avg kl: 0.0272, mse: 0.422578, wmse: 5.363221, mae: 0.470952
1425,	Iter: 1425, train loss: 2.9758, avg nll: 0.8427, avg wnll: 6.1823, avg kl: 0.0263, mse: 0.421346, wmse: 5.332270, mae: 0.469650
1426,	Iter: 1426, train loss: 2.9874, avg nll: 0.8482, avg wnll: 6.2003, avg kl: 0.0261, mse: 0.422613, wmse: 5.364801, mae: 0.471128
1427,	Iter: 1427, train loss: 2.9825, avg nll: 0.8479, avg wnll: 6.2217, avg kl: 0.0267, mse: 0.421574, wmse: 5.358923, mae: 0.469886
1428,	Iter: 1428, train loss: 2.9775, avg nll: 0.8431, avg wnll: 6.2122, avg kl: 0.0256, mse: 0.421757, wmse: 5.355740, mae: 0.469822
1429,	Iter: 1429, train loss: 2.9647, avg nll: 0.8398, avg wnll: 6.2464, avg kl: 0.0263, mse: 0.419719, wmse: 5.324548, mae: 0.468981
1430,	Iter: 1430, train loss: 2.9885, avg nll: 0.8486, avg wnll: 6.1343, avg kl: 0.0269, mse: 0.422604, wmse: 5.353583, mae: 0.470398
nll: 1.0387, mse: 0.5520, mae: 0.5347, mean_mse: 7.1054, mean_mae: 0.5347
1679041576.8844583
1431,	Iter: 1431, train loss: 2.9674, avg nll: 0.8446, avg wnll: 6.2302, avg kl: 0.0267, mse: 0.419205, wmse: 5.299617, mae: 0.468966
1432,	Iter: 1432, train loss: 2.9551, avg nll: 0.8376, avg wnll: 6.2012, avg kl: 0.0276, mse: 0.417974, wmse: 5.305532, mae: 0.468571
1433,	Iter: 1433, train loss: 2.9738, avg nll: 0.8436, avg wnll: 6.2372, avg kl: 0.0264, mse: 0.420779, wmse: 5.326365, mae: 0.470270
1434,	Iter: 1434, train loss: 2.9904, avg nll: 0.8477, avg wnll: 6.2211, avg kl: 0.0270, mse: 0.423134, wmse: 5.370807, mae: 0.471312
1435,	Iter: 1435, train loss: 2.9709, avg nll: 0.8426, avg wnll: 6.1644, avg kl: 0.0259, mse: 0.420475, wmse: 5.320233, mae: 0.469254
1436,	Iter: 1436, train loss: 2.9818, avg nll: 0.8479, avg wnll: 6.2070, avg kl: 0.0261, mse: 0.421554, wmse: 5.343589, mae: 0.470600
1437,	Iter: 1437, train loss: 2.9754, avg nll: 0.8456, avg wnll: 6.2509, avg kl: 0.0271, mse: 0.420549, wmse: 5.343014, mae: 0.469156
1438,	Iter: 1438, train loss: 2.9775, avg nll: 0.8442, avg wnll: 6.1747, avg kl: 0.0256, mse: 0.421537, wmse: 5.352382, mae: 0.469864
1439,	Iter: 1439, train loss: 2.9674, avg nll: 0.8427, avg wnll: 6.2869, avg kl: 0.0259, mse: 0.419761, wmse: 5.328879, mae: 0.469026
1440,	Iter: 1440, train loss: 2.9850, avg nll: 0.8467, avg wnll: 6.1469, avg kl: 0.0272, mse: 0.422215, wmse: 5.347600, mae: 0.470208
nll: 1.0333, mse: 0.5527, mae: 0.5352, mean_mse: 7.1266, mean_mae: 0.5352
1679042461.8747005
saving.................
done
1441,	Iter: 1441, train loss: 2.9627, avg nll: 0.8439, avg wnll: 6.2384, avg kl: 0.0262, mse: 0.418518, wmse: 5.290177, mae: 0.468450
1442,	Iter: 1442, train loss: 2.9578, avg nll: 0.8386, avg wnll: 6.1997, avg kl: 0.0280, mse: 0.418247, wmse: 5.312897, mae: 0.468843
1443,	Iter: 1443, train loss: 2.9643, avg nll: 0.8404, avg wnll: 6.2004, avg kl: 0.0265, mse: 0.419493, wmse: 5.308772, mae: 0.469567
1444,	Iter: 1444, train loss: 2.9891, avg nll: 0.8478, avg wnll: 6.2476, avg kl: 0.0271, mse: 0.422830, wmse: 5.364509, mae: 0.470982
1445,	Iter: 1445, train loss: 2.9767, avg nll: 0.8440, avg wnll: 6.1382, avg kl: 0.0263, mse: 0.421271, wmse: 5.330159, mae: 0.469767
1446,	Iter: 1446, train loss: 2.9818, avg nll: 0.8476, avg wnll: 6.1938, avg kl: 0.0260, mse: 0.421642, wmse: 5.345592, mae: 0.470643
1447,	Iter: 1447, train loss: 2.9731, avg nll: 0.8437, avg wnll: 6.2334, avg kl: 0.0270, mse: 0.420475, wmse: 5.347543, mae: 0.469241
1448,	Iter: 1448, train loss: 2.9752, avg nll: 0.8430, avg wnll: 6.1831, avg kl: 0.0259, mse: 0.421259, wmse: 5.351649, mae: 0.469635
1449,	Iter: 1449, train loss: 2.9685, avg nll: 0.8442, avg wnll: 6.2664, avg kl: 0.0262, mse: 0.419620, wmse: 5.324716, mae: 0.468949
1450,	Iter: 1450, train loss: 2.9807, avg nll: 0.8437, avg wnll: 6.1559, avg kl: 0.0270, mse: 0.422003, wmse: 5.345624, mae: 0.470041
nll: 1.0480, mse: 0.5549, mae: 0.5365, mean_mse: 7.1492, mean_mae: 0.5365
1679043349.3533432
1451,	Iter: 1451, train loss: 2.9585, avg nll: 0.8415, avg wnll: 6.2268, avg kl: 0.0272, mse: 0.417951, wmse: 5.286615, mae: 0.468114
1452,	Iter: 1452, train loss: 2.9501, avg nll: 0.8354, avg wnll: 6.1923, avg kl: 0.0283, mse: 0.417277, wmse: 5.300230, mae: 0.468267
1453,	Iter: 1453, train loss: 2.9708, avg nll: 0.8412, avg wnll: 6.2217, avg kl: 0.0270, mse: 0.420518, wmse: 5.322061, mae: 0.470064
1454,	Iter: 1454, train loss: 2.9865, avg nll: 0.8468, avg wnll: 6.2366, avg kl: 0.0272, mse: 0.422506, wmse: 5.364578, mae: 0.470949
1455,	Iter: 1455, train loss: 2.9710, avg nll: 0.8423, avg wnll: 6.1593, avg kl: 0.0264, mse: 0.420469, wmse: 5.319527, mae: 0.469307
1456,	Iter: 1456, train loss: 2.9814, avg nll: 0.8469, avg wnll: 6.1949, avg kl: 0.0264, mse: 0.421608, wmse: 5.342700, mae: 0.470710
1457,	Iter: 1457, train loss: 2.9663, avg nll: 0.8406, avg wnll: 6.2314, avg kl: 0.0270, mse: 0.419729, wmse: 5.335636, mae: 0.468736
1458,	Iter: 1458, train loss: 2.9841, avg nll: 0.8491, avg wnll: 6.2220, avg kl: 0.0251, mse: 0.421971, wmse: 5.360918, mae: 0.470170
1459,	Iter: 1459, train loss: 2.9630, avg nll: 0.8421, avg wnll: 6.2587, avg kl: 0.0259, mse: 0.418997, wmse: 5.318789, mae: 0.468781
1460,	Iter: 1460, train loss: 2.9815, avg nll: 0.8467, avg wnll: 6.1469, avg kl: 0.0272, mse: 0.421517, wmse: 5.337636, mae: 0.470024
nll: 1.0372, mse: 0.5520, mae: 0.5346, mean_mse: 7.1121, mean_mae: 0.5346
1679044252.9639041
1461,	Iter: 1461, train loss: 2.9584, avg nll: 0.8418, avg wnll: 6.2090, avg kl: 0.0265, mse: 0.418033, wmse: 5.284305, mae: 0.468196
1462,	Iter: 1462, train loss: 2.9505, avg nll: 0.8366, avg wnll: 6.1957, avg kl: 0.0276, mse: 0.417273, wmse: 5.297068, mae: 0.468214
1463,	Iter: 1463, train loss: 2.9718, avg nll: 0.8435, avg wnll: 6.2154, avg kl: 0.0263, mse: 0.420393, wmse: 5.323099, mae: 0.470037
1464,	Iter: 1464, train loss: 2.9782, avg nll: 0.8423, avg wnll: 6.1910, avg kl: 0.0273, mse: 0.421717, wmse: 5.351371, mae: 0.470277
1465,	Iter: 1465, train loss: 2.9685, avg nll: 0.8416, avg wnll: 6.1703, avg kl: 0.0259, mse: 0.420198, wmse: 5.319578, mae: 0.469222
1466,	Iter: 1466, train loss: 2.9790, avg nll: 0.8455, avg wnll: 6.2509, avg kl: 0.0259, mse: 0.421502, wmse: 5.351449, mae: 0.470561
1467,	Iter: 1467, train loss: 2.9714, avg nll: 0.8430, avg wnll: 6.2082, avg kl: 0.0267, mse: 0.420328, wmse: 5.344864, mae: 0.469213
1468,	Iter: 1468, train loss: 2.9763, avg nll: 0.8458, avg wnll: 6.2274, avg kl: 0.0253, mse: 0.421057, wmse: 5.346699, mae: 0.469711
1469,	Iter: 1469, train loss: 2.9588, avg nll: 0.8383, avg wnll: 6.2177, avg kl: 0.0257, mse: 0.418976, wmse: 5.317384, mae: 0.468695
1470,	Iter: 1470, train loss: 2.9845, avg nll: 0.8475, avg wnll: 6.1735, avg kl: 0.0270, mse: 0.422000, wmse: 5.346696, mae: 0.470374
nll: 1.0383, mse: 0.5538, mae: 0.5358, mean_mse: 7.1336, mean_mae: 0.5358
1679045162.0382464
saving.................
done
1471,	Iter: 1471, train loss: 2.9619, avg nll: 0.8441, avg wnll: 6.2117, avg kl: 0.0266, mse: 0.418245, wmse: 5.287088, mae: 0.468465
1472,	Iter: 1472, train loss: 2.9520, avg nll: 0.8378, avg wnll: 6.2095, avg kl: 0.0278, mse: 0.417274, wmse: 5.300281, mae: 0.468400
1473,	Iter: 1473, train loss: 2.9636, avg nll: 0.8399, avg wnll: 6.2048, avg kl: 0.0267, mse: 0.419395, wmse: 5.307846, mae: 0.469504
1474,	Iter: 1474, train loss: 2.9765, avg nll: 0.8417, avg wnll: 6.2077, avg kl: 0.0272, mse: 0.421524, wmse: 5.349886, mae: 0.470355
1475,	Iter: 1475, train loss: 2.9690, avg nll: 0.8419, avg wnll: 6.1888, avg kl: 0.0262, mse: 0.420173, wmse: 5.318048, mae: 0.469131
1476,	Iter: 1476, train loss: 2.9774, avg nll: 0.8452, avg wnll: 6.1621, avg kl: 0.0261, mse: 0.421211, wmse: 5.338645, mae: 0.470423
1477,	Iter: 1477, train loss: 2.9700, avg nll: 0.8428, avg wnll: 6.2209, avg kl: 0.0272, mse: 0.419989, wmse: 5.337430, mae: 0.468914
1478,	Iter: 1478, train loss: 2.9742, avg nll: 0.8446, avg wnll: 6.1843, avg kl: 0.0253, mse: 0.420859, wmse: 5.342232, mae: 0.469301
1479,	Iter: 1479, train loss: 2.9567, avg nll: 0.8387, avg wnll: 6.2164, avg kl: 0.0260, mse: 0.418396, wmse: 5.308477, mae: 0.468106
1480,	Iter: 1480, train loss: 2.9862, avg nll: 0.8490, avg wnll: 6.1853, avg kl: 0.0269, mse: 0.422060, wmse: 5.348763, mae: 0.470281
nll: 1.0446, mse: 0.5524, mae: 0.5349, mean_mse: 7.1128, mean_mae: 0.5349
1679046038.517901
1481,	Iter: 1481, train loss: 2.9581, avg nll: 0.8442, avg wnll: 6.2069, avg kl: 0.0265, mse: 0.417477, wmse: 5.277884, mae: 0.468066
1482,	Iter: 1482, train loss: 2.9517, avg nll: 0.8368, avg wnll: 6.2394, avg kl: 0.0282, mse: 0.417327, wmse: 5.304568, mae: 0.468350
1483,	Iter: 1483, train loss: 2.9614, avg nll: 0.8380, avg wnll: 6.2113, avg kl: 0.0266, mse: 0.419350, wmse: 5.310227, mae: 0.469373
1484,	Iter: 1484, train loss: 2.9781, avg nll: 0.8425, avg wnll: 6.2052, avg kl: 0.0277, mse: 0.421592, wmse: 5.351533, mae: 0.470288
1485,	Iter: 1485, train loss: 2.9721, avg nll: 0.8438, avg wnll: 6.2127, avg kl: 0.0261, mse: 0.420447, wmse: 5.323095, mae: 0.469246
1486,	Iter: 1486, train loss: 2.9761, avg nll: 0.8464, avg wnll: 6.1776, avg kl: 0.0262, mse: 0.420700, wmse: 5.332608, mae: 0.470225
1487,	Iter: 1487, train loss: 2.9670, avg nll: 0.8426, avg wnll: 6.2480, avg kl: 0.0270, mse: 0.419471, wmse: 5.331964, mae: 0.468673
1488,	Iter: 1488, train loss: 2.9728, avg nll: 0.8442, avg wnll: 6.1865, avg kl: 0.0263, mse: 0.420465, wmse: 5.337761, mae: 0.469240
1489,	Iter: 1489, train loss: 2.9550, avg nll: 0.8369, avg wnll: 6.2390, avg kl: 0.0265, mse: 0.418342, wmse: 5.309809, mae: 0.468152
1490,	Iter: 1490, train loss: 2.9915, avg nll: 0.8511, avg wnll: 6.2044, avg kl: 0.0271, mse: 0.422650, wmse: 5.356314, mae: 0.470730
nll: 1.0375, mse: 0.5539, mae: 0.5356, mean_mse: 7.1384, mean_mae: 0.5356
1679046946.1204638
1491,	Iter: 1491, train loss: 2.9522, avg nll: 0.8399, avg wnll: 6.1814, avg kl: 0.0270, mse: 0.417071, wmse: 5.271061, mae: 0.467684
1492,	Iter: 1492, train loss: 2.9517, avg nll: 0.8381, avg wnll: 6.2144, avg kl: 0.0283, mse: 0.417052, wmse: 5.296935, mae: 0.468390
1493,	Iter: 1493, train loss: 2.9593, avg nll: 0.8373, avg wnll: 6.2050, avg kl: 0.0264, mse: 0.419097, wmse: 5.304160, mae: 0.469268
1494,	Iter: 1494, train loss: 2.9721, avg nll: 0.8394, avg wnll: 6.2497, avg kl: 0.0276, mse: 0.421025, wmse: 5.343096, mae: 0.469941
1495,	Iter: 1495, train loss: 2.9706, avg nll: 0.8431, avg wnll: 6.1878, avg kl: 0.0261, mse: 0.420262, wmse: 5.319484, mae: 0.469399
1496,	Iter: 1496, train loss: 2.9735, avg nll: 0.8450, avg wnll: 6.2045, avg kl: 0.0264, mse: 0.420417, wmse: 5.332846, mae: 0.470047
1497,	Iter: 1497, train loss: 2.9638, avg nll: 0.8412, avg wnll: 6.2234, avg kl: 0.0273, mse: 0.419048, wmse: 5.329716, mae: 0.468505
1498,	Iter: 1498, train loss: 2.9734, avg nll: 0.8432, avg wnll: 6.1967, avg kl: 0.0258, mse: 0.420860, wmse: 5.347214, mae: 0.469505
1499,	Iter: 1499, train loss: 2.9518, avg nll: 0.8359, avg wnll: 6.2130, avg kl: 0.0263, mse: 0.417918, wmse: 5.304318, mae: 0.468085
1500,	Iter: 1500, train loss: 2.9585, avg nll: 0.8505, avg wnll: 6.2036, avg kl: 0.0356, mse: 0.421594, wmse: 5.339312, mae: 0.469934
nll: 1.0418, mse: 0.5521, mae: 0.5347, mean_mse: 7.1074, mean_mae: 0.5347
1679047833.6728609
saving.................
done
1501,	Iter: 1501, train loss: 2.9210, avg nll: 0.8392, avg wnll: 6.2535, avg kl: 0.0400, mse: 0.416327, wmse: 5.259436, mae: 0.467192
1502,	Iter: 1502, train loss: 2.9168, avg nll: 0.8350, avg wnll: 6.2128, avg kl: 0.0465, mse: 0.416260, wmse: 5.279892, mae: 0.467581
1503,	Iter: 1503, train loss: 2.9327, avg nll: 0.8390, avg wnll: 6.1916, avg kl: 0.0458, mse: 0.418595, wmse: 5.293420, mae: 0.468785
1504,	Iter: 1504, train loss: 2.9364, avg nll: 0.8375, avg wnll: 6.2319, avg kl: 0.0480, mse: 0.419568, wmse: 5.319242, mae: 0.468917
1505,	Iter: 1505, train loss: 2.9430, avg nll: 0.8432, avg wnll: 6.2101, avg kl: 0.0491, mse: 0.419698, wmse: 5.308081, mae: 0.468811
1506,	Iter: 1506, train loss: 2.9423, avg nll: 0.8433, avg wnll: 6.1810, avg kl: 0.0503, mse: 0.419479, wmse: 5.314605, mae: 0.469315
1507,	Iter: 1507, train loss: 2.9279, avg nll: 0.8359, avg wnll: 6.2010, avg kl: 0.0514, mse: 0.418014, wmse: 5.303843, mae: 0.467429
1508,	Iter: 1508, train loss: 2.9407, avg nll: 0.8420, avg wnll: 6.2177, avg kl: 0.0506, mse: 0.419314, wmse: 5.322074, mae: 0.468538
1509,	Iter: 1509, train loss: 2.9163, avg nll: 0.8317, avg wnll: 6.2518, avg kl: 0.0516, mse: 0.416425, wmse: 5.277904, mae: 0.466932
1510,	Iter: 1510, train loss: 2.9405, avg nll: 0.8411, avg wnll: 6.1973, avg kl: 0.0545, mse: 0.419293, wmse: 5.305287, mae: 0.468526
nll: 1.0576, mse: 0.5556, mae: 0.5365, mean_mse: 7.1770, mean_mae: 0.5365
1679048736.591351
1511,	Iter: 1511, train loss: 2.9214, avg nll: 0.8370, avg wnll: 6.2427, avg kl: 0.0542, mse: 0.416234, wmse: 5.256788, mae: 0.467127
1512,	Iter: 1512, train loss: 2.9111, avg nll: 0.8330, avg wnll: 6.2019, avg kl: 0.0567, mse: 0.414897, wmse: 5.262413, mae: 0.466724
1513,	Iter: 1513, train loss: 2.9306, avg nll: 0.8369, avg wnll: 6.1898, avg kl: 0.0544, mse: 0.417974, wmse: 5.284050, mae: 0.468585
1514,	Iter: 1514, train loss: 2.9356, avg nll: 0.8356, avg wnll: 6.2256, avg kl: 0.0557, mse: 0.419162, wmse: 5.314729, mae: 0.468870
1515,	Iter: 1515, train loss: 2.9240, avg nll: 0.8325, avg wnll: 6.2033, avg kl: 0.0539, mse: 0.417431, wmse: 5.279770, mae: 0.467539
1516,	Iter: 1516, train loss: 2.9429, avg nll: 0.8433, avg wnll: 6.2114, avg kl: 0.0551, mse: 0.418984, wmse: 5.308817, mae: 0.468925
1517,	Iter: 1517, train loss: 2.9253, avg nll: 0.8340, avg wnll: 6.2250, avg kl: 0.0569, mse: 0.417231, wmse: 5.296015, mae: 0.467032
1518,	Iter: 1518, train loss: 2.9365, avg nll: 0.8395, avg wnll: 6.2251, avg kl: 0.0546, mse: 0.418347, wmse: 5.304264, mae: 0.467785
1519,	Iter: 1519, train loss: 2.9153, avg nll: 0.8296, avg wnll: 6.2691, avg kl: 0.0551, mse: 0.416033, wmse: 5.273766, mae: 0.466797
1520,	Iter: 1520, train loss: 2.9473, avg nll: 0.8436, avg wnll: 6.2250, avg kl: 0.0578, mse: 0.419511, wmse: 5.312658, mae: 0.468722
nll: 1.0417, mse: 0.5529, mae: 0.5351, mean_mse: 7.1096, mean_mae: 0.5351
1679049602.9158034
1521,	Iter: 1521, train loss: 2.9186, avg nll: 0.8362, avg wnll: 6.2060, avg kl: 0.0573, mse: 0.415193, wmse: 5.242705, mae: 0.466641
1522,	Iter: 1522, train loss: 2.9105, avg nll: 0.8310, avg wnll: 6.2142, avg kl: 0.0583, mse: 0.414547, wmse: 5.258052, mae: 0.466463
1523,	Iter: 1523, train loss: 2.9281, avg nll: 0.8350, avg wnll: 6.2887, avg kl: 0.0557, mse: 0.417262, wmse: 5.279130, mae: 0.468085
1524,	Iter: 1524, train loss: 2.9375, avg nll: 0.8360, avg wnll: 6.2129, avg kl: 0.0574, mse: 0.418823, wmse: 5.311671, mae: 0.468519
1525,	Iter: 1525, train loss: 2.9449, avg nll: 0.8425, avg wnll: 6.2303, avg kl: 0.0551, mse: 0.419024, wmse: 5.301097, mae: 0.468391
1526,	Iter: 1526, train loss: 2.9426, avg nll: 0.8414, avg wnll: 6.1892, avg kl: 0.0548, mse: 0.418707, wmse: 5.305336, mae: 0.469024
1527,	Iter: 1527, train loss: 2.9236, avg nll: 0.8326, avg wnll: 6.2371, avg kl: 0.0562, mse: 0.416590, wmse: 5.287553, mae: 0.466799
1528,	Iter: 1528, train loss: 2.9392, avg nll: 0.8377, avg wnll: 6.2227, avg kl: 0.0530, mse: 0.418703, wmse: 5.313302, mae: 0.468106
1529,	Iter: 1529, train loss: 2.9210, avg nll: 0.8323, avg wnll: 6.2634, avg kl: 0.0544, mse: 0.416061, wmse: 5.273982, mae: 0.466684
1530,	Iter: 1530, train loss: 2.9432, avg nll: 0.8410, avg wnll: 6.1971, avg kl: 0.0565, mse: 0.418635, wmse: 5.297621, mae: 0.468270
nll: 1.0468, mse: 0.5551, mae: 0.5364, mean_mse: 7.1778, mean_mae: 0.5364
1679050519.4442887
saving.................
done
1531,	Iter: 1531, train loss: 2.9200, avg nll: 0.8357, avg wnll: 6.2353, avg kl: 0.0545, mse: 0.415057, wmse: 5.245162, mae: 0.466660
1532,	Iter: 1532, train loss: 2.9121, avg nll: 0.8307, avg wnll: 6.1981, avg kl: 0.0563, mse: 0.414347, wmse: 5.257307, mae: 0.466507
1533,	Iter: 1533, train loss: 2.9312, avg nll: 0.8357, avg wnll: 6.2636, avg kl: 0.0538, mse: 0.417213, wmse: 5.278596, mae: 0.468297
1534,	Iter: 1534, train loss: 2.9401, avg nll: 0.8359, avg wnll: 6.2153, avg kl: 0.0562, mse: 0.418800, wmse: 5.309338, mae: 0.468575
1535,	Iter: 1535, train loss: 2.9334, avg nll: 0.8374, avg wnll: 6.2065, avg kl: 0.0531, mse: 0.417219, wmse: 5.275339, mae: 0.467539
1536,	Iter: 1536, train loss: 2.9443, avg nll: 0.8412, avg wnll: 6.1970, avg kl: 0.0540, mse: 0.418540, wmse: 5.303034, mae: 0.468769
1537,	Iter: 1537, train loss: 2.9373, avg nll: 0.8388, avg wnll: 6.3097, avg kl: 0.0556, mse: 0.417494, wmse: 5.305340, mae: 0.467638
1538,	Iter: 1538, train loss: 2.9450, avg nll: 0.8401, avg wnll: 6.2086, avg kl: 0.0534, mse: 0.418827, wmse: 5.316616, mae: 0.468236
1539,	Iter: 1539, train loss: 2.9202, avg nll: 0.8317, avg wnll: 6.2596, avg kl: 0.0522, mse: 0.415536, wmse: 5.266761, mae: 0.466576
1540,	Iter: 1540, train loss: 2.9410, avg nll: 0.8384, avg wnll: 6.1971, avg kl: 0.0556, mse: 0.418155, wmse: 5.292774, mae: 0.467958
nll: 1.0560, mse: 0.5562, mae: 0.5367, mean_mse: 7.1725, mean_mae: 0.5367
1679051392.319409
1541,	Iter: 1541, train loss: 2.9202, avg nll: 0.8346, avg wnll: 6.2382, avg kl: 0.0532, mse: 0.414786, wmse: 5.238523, mae: 0.466323
1542,	Iter: 1542, train loss: 2.9166, avg nll: 0.8338, avg wnll: 6.2024, avg kl: 0.0553, mse: 0.414075, wmse: 5.252783, mae: 0.466544
1543,	Iter: 1543, train loss: 2.9338, avg nll: 0.8350, avg wnll: 6.2109, avg kl: 0.0530, mse: 0.417328, wmse: 5.278873, mae: 0.468280
1544,	Iter: 1544, train loss: 2.9368, avg nll: 0.8343, avg wnll: 6.2137, avg kl: 0.0537, mse: 0.417995, wmse: 5.303066, mae: 0.468182
1545,	Iter: 1545, train loss: 2.9348, avg nll: 0.8359, avg wnll: 6.2329, avg kl: 0.0519, mse: 0.417293, wmse: 5.279158, mae: 0.467440
1546,	Iter: 1546, train loss: 2.9420, avg nll: 0.8395, avg wnll: 6.1732, avg kl: 0.0526, mse: 0.417906, wmse: 5.295498, mae: 0.468484
1547,	Iter: 1547, train loss: 2.9262, avg nll: 0.8329, avg wnll: 6.2425, avg kl: 0.0529, mse: 0.416006, wmse: 5.284625, mae: 0.466526
1548,	Iter: 1548, train loss: 2.9350, avg nll: 0.8336, avg wnll: 6.2119, avg kl: 0.0517, mse: 0.417634, wmse: 5.299080, mae: 0.467559
1549,	Iter: 1549, train loss: 2.9221, avg nll: 0.8311, avg wnll: 6.2817, avg kl: 0.0511, mse: 0.415546, wmse: 5.267392, mae: 0.466552
1550,	Iter: 1550, train loss: 2.9427, avg nll: 0.8394, avg wnll: 6.1783, avg kl: 0.0534, mse: 0.417821, wmse: 5.287651, mae: 0.467952
nll: 1.0356, mse: 0.5525, mae: 0.5350, mean_mse: 7.1198, mean_mae: 0.5350
1679052268.9060304
1551,	Iter: 1551, train loss: 2.9205, avg nll: 0.8340, avg wnll: 6.2141, avg kl: 0.0529, mse: 0.414440, wmse: 5.235067, mae: 0.466383
1552,	Iter: 1552, train loss: 2.9159, avg nll: 0.8324, avg wnll: 6.2177, avg kl: 0.0538, mse: 0.413715, wmse: 5.249639, mae: 0.466287
1553,	Iter: 1553, train loss: 2.9344, avg nll: 0.8345, avg wnll: 6.2191, avg kl: 0.0507, mse: 0.417118, wmse: 5.275562, mae: 0.468207
1554,	Iter: 1554, train loss: 2.9435, avg nll: 0.8365, avg wnll: 6.2266, avg kl: 0.0529, mse: 0.418349, wmse: 5.307925, mae: 0.468457
1555,	Iter: 1555, train loss: 2.9376, avg nll: 0.8395, avg wnll: 6.2264, avg kl: 0.0498, mse: 0.416691, wmse: 5.268984, mae: 0.467185
1556,	Iter: 1556, train loss: 2.9364, avg nll: 0.8368, avg wnll: 6.1638, avg kl: 0.0507, mse: 0.416902, wmse: 5.281241, mae: 0.467906
1557,	Iter: 1557, train loss: 2.9372, avg nll: 0.8377, avg wnll: 6.2607, avg kl: 0.0512, mse: 0.416790, wmse: 5.295153, mae: 0.467231
1558,	Iter: 1558, train loss: 2.9447, avg nll: 0.8400, avg wnll: 6.2432, avg kl: 0.0481, mse: 0.417975, wmse: 5.303781, mae: 0.467838
1559,	Iter: 1559, train loss: 2.9256, avg nll: 0.8333, avg wnll: 6.2641, avg kl: 0.0484, mse: 0.415424, wmse: 5.268437, mae: 0.466664
1560,	Iter: 1560, train loss: 2.9471, avg nll: 0.8408, avg wnll: 6.1817, avg kl: 0.0509, mse: 0.418007, wmse: 5.290903, mae: 0.467967
nll: 1.0532, mse: 0.5540, mae: 0.5355, mean_mse: 7.1390, mean_mae: 0.5355
1679053168.2861733
saving.................
done
1561,	Iter: 1561, train loss: 2.9227, avg nll: 0.8356, avg wnll: 6.2258, avg kl: 0.0496, mse: 0.414208, wmse: 5.234544, mae: 0.466325
1562,	Iter: 1562, train loss: 2.9116, avg nll: 0.8284, avg wnll: 6.2159, avg kl: 0.0522, mse: 0.413187, wmse: 5.240738, mae: 0.465882
1563,	Iter: 1563, train loss: 2.9302, avg nll: 0.8323, avg wnll: 6.2276, avg kl: 0.0493, mse: 0.416267, wmse: 5.265693, mae: 0.467605
1564,	Iter: 1564, train loss: 2.9414, avg nll: 0.8349, avg wnll: 6.2012, avg kl: 0.0505, mse: 0.417842, wmse: 5.302166, mae: 0.468336
1565,	Iter: 1565, train loss: 2.9393, avg nll: 0.8359, avg wnll: 6.1909, avg kl: 0.0495, mse: 0.417247, wmse: 5.278876, mae: 0.467637
1566,	Iter: 1566, train loss: 2.9428, avg nll: 0.8378, avg wnll: 6.2029, avg kl: 0.0485, mse: 0.417587, wmse: 5.293610, mae: 0.468403
1567,	Iter: 1567, train loss: 2.9322, avg nll: 0.8340, avg wnll: 6.2635, avg kl: 0.0498, mse: 0.416087, wmse: 5.286475, mae: 0.466720
1568,	Iter: 1568, train loss: 2.9517, avg nll: 0.8413, avg wnll: 6.2165, avg kl: 0.0479, mse: 0.418590, wmse: 5.315186, mae: 0.468474
1569,	Iter: 1569, train loss: 2.9284, avg nll: 0.8319, avg wnll: 6.2407, avg kl: 0.0480, mse: 0.415770, wmse: 5.275396, mae: 0.466775
1570,	Iter: 1570, train loss: 2.9481, avg nll: 0.8391, avg wnll: 6.2042, avg kl: 0.0497, mse: 0.418106, wmse: 5.290823, mae: 0.468056
nll: 1.0682, mse: 0.5557, mae: 0.5366, mean_mse: 7.1649, mean_mae: 0.5366
1679054034.9820998
1571,	Iter: 1571, train loss: 2.9199, avg nll: 0.8332, avg wnll: 6.2270, avg kl: 0.0486, mse: 0.413669, wmse: 5.225897, mae: 0.466059
1572,	Iter: 1572, train loss: 2.9165, avg nll: 0.8294, avg wnll: 6.2024, avg kl: 0.0512, mse: 0.413475, wmse: 5.247490, mae: 0.466174
1573,	Iter: 1573, train loss: 2.9309, avg nll: 0.8327, avg wnll: 6.2177, avg kl: 0.0476, mse: 0.415913, wmse: 5.261074, mae: 0.467558
1574,	Iter: 1574, train loss: 2.9407, avg nll: 0.8329, avg wnll: 6.2400, avg kl: 0.0487, mse: 0.417707, wmse: 5.298018, mae: 0.468154
1575,	Iter: 1575, train loss: 2.9446, avg nll: 0.8384, avg wnll: 6.2256, avg kl: 0.0461, mse: 0.417552, wmse: 5.288947, mae: 0.467901
1576,	Iter: 1576, train loss: 2.9401, avg nll: 0.8381, avg wnll: 6.2026, avg kl: 0.0464, mse: 0.416629, wmse: 5.276946, mae: 0.467915
1577,	Iter: 1577, train loss: 2.9369, avg nll: 0.8360, avg wnll: 6.2488, avg kl: 0.0483, mse: 0.416199, wmse: 5.288855, mae: 0.466835
1578,	Iter: 1578, train loss: 2.9435, avg nll: 0.8378, avg wnll: 6.2102, avg kl: 0.0457, mse: 0.417343, wmse: 5.295001, mae: 0.467604
1579,	Iter: 1579, train loss: 2.9315, avg nll: 0.8337, avg wnll: 6.2523, avg kl: 0.0459, mse: 0.415695, wmse: 5.270014, mae: 0.467013
1580,	Iter: 1580, train loss: 2.9452, avg nll: 0.8376, avg wnll: 6.1776, avg kl: 0.0487, mse: 0.417372, wmse: 5.282828, mae: 0.467481
nll: 1.0681, mse: 0.5554, mae: 0.5365, mean_mse: 7.1531, mean_mae: 0.5365
1679054863.7121863
1581,	Iter: 1581, train loss: 2.9214, avg nll: 0.8318, avg wnll: 6.2171, avg kl: 0.0462, mse: 0.413913, wmse: 5.229200, mae: 0.465958
1582,	Iter: 1582, train loss: 2.9220, avg nll: 0.8320, avg wnll: 6.2050, avg kl: 0.0488, mse: 0.413731, wmse: 5.253314, mae: 0.466316
1583,	Iter: 1583, train loss: 2.9410, avg nll: 0.8361, avg wnll: 6.1966, avg kl: 0.0463, mse: 0.416885, wmse: 5.276138, mae: 0.468043
1584,	Iter: 1584, train loss: 2.9392, avg nll: 0.8334, avg wnll: 6.2272, avg kl: 0.0474, mse: 0.416907, wmse: 5.289197, mae: 0.467856
1585,	Iter: 1585, train loss: 2.9366, avg nll: 0.8344, avg wnll: 6.2027, avg kl: 0.0449, mse: 0.416359, wmse: 5.269306, mae: 0.467064
1586,	Iter: 1586, train loss: 2.9385, avg nll: 0.8344, avg wnll: 6.1941, avg kl: 0.0454, mse: 0.416672, wmse: 5.279718, mae: 0.467812
1587,	Iter: 1587, train loss: 2.9325, avg nll: 0.8316, avg wnll: 6.2366, avg kl: 0.0460, mse: 0.415897, wmse: 5.282566, mae: 0.466552
1588,	Iter: 1588, train loss: 2.9436, avg nll: 0.8356, avg wnll: 6.2214, avg kl: 0.0443, mse: 0.417432, wmse: 5.298489, mae: 0.467676
1589,	Iter: 1589, train loss: 2.9263, avg nll: 0.8303, avg wnll: 6.2120, avg kl: 0.0439, mse: 0.415028, wmse: 5.264372, mae: 0.466513
1590,	Iter: 1590, train loss: 2.9508, avg nll: 0.8400, avg wnll: 6.1838, avg kl: 0.0472, mse: 0.417621, wmse: 5.283593, mae: 0.467701
nll: 1.0652, mse: 0.5575, mae: 0.5381, mean_mse: 7.2098, mean_mae: 0.5381
1679055751.1794434
saving.................
done
1591,	Iter: 1591, train loss: 2.9302, avg nll: 0.8385, avg wnll: 6.2503, avg kl: 0.0457, mse: 0.413898, wmse: 5.232757, mae: 0.466171
1592,	Iter: 1592, train loss: 2.9153, avg nll: 0.8267, avg wnll: 6.2054, avg kl: 0.0478, mse: 0.413014, wmse: 5.242471, mae: 0.465795
1593,	Iter: 1593, train loss: 2.9323, avg nll: 0.8304, avg wnll: 6.2033, avg kl: 0.0451, mse: 0.415894, wmse: 5.264293, mae: 0.467512
1594,	Iter: 1594, train loss: 2.9459, avg nll: 0.8335, avg wnll: 6.2156, avg kl: 0.0453, mse: 0.417924, wmse: 5.304338, mae: 0.468311
1595,	Iter: 1595, train loss: 2.9399, avg nll: 0.8361, avg wnll: 6.2028, avg kl: 0.0437, mse: 0.416319, wmse: 5.267412, mae: 0.467112
1596,	Iter: 1596, train loss: 2.9434, avg nll: 0.8370, avg wnll: 6.1848, avg kl: 0.0439, mse: 0.416784, wmse: 5.282101, mae: 0.468068
1597,	Iter: 1597, train loss: 2.9351, avg nll: 0.8339, avg wnll: 6.2447, avg kl: 0.0450, mse: 0.415589, wmse: 5.279225, mae: 0.466311
1598,	Iter: 1598, train loss: 2.9435, avg nll: 0.8364, avg wnll: 6.2088, avg kl: 0.0425, mse: 0.416970, wmse: 5.292558, mae: 0.467273
1599,	Iter: 1599, train loss: 2.9294, avg nll: 0.8335, avg wnll: 6.2678, avg kl: 0.0430, mse: 0.414635, wmse: 5.257341, mae: 0.466093
1600,	Iter: 1600, train loss: 2.9632, avg nll: 0.8450, avg wnll: 6.1407, avg kl: 0.0441, mse: 0.418918, wmse: 5.307119, mae: 0.468645
nll: 1.0649, mse: 0.5533, mae: 0.5352, mean_mse: 7.1230, mean_mae: 0.5352
1679056621.9483743
1601,	Iter: 1601, train loss: 2.9240, avg nll: 0.8315, avg wnll: 6.2435, avg kl: 0.0441, mse: 0.413756, wmse: 5.228715, mae: 0.465788
1602,	Iter: 1602, train loss: 2.9195, avg nll: 0.8287, avg wnll: 6.2022, avg kl: 0.0457, mse: 0.413204, wmse: 5.244912, mae: 0.466046
1603,	Iter: 1603, train loss: 2.9340, avg nll: 0.8307, avg wnll: 6.2548, avg kl: 0.0429, mse: 0.415941, wmse: 5.264846, mae: 0.467562
1604,	Iter: 1604, train loss: 2.9435, avg nll: 0.8336, avg wnll: 6.2173, avg kl: 0.0431, mse: 0.417193, wmse: 5.293099, mae: 0.468057
1605,	Iter: 1605, train loss: 2.9385, avg nll: 0.8338, avg wnll: 6.1961, avg kl: 0.0425, mse: 0.416189, wmse: 5.267961, mae: 0.466969
1606,	Iter: 1606, train loss: 2.9434, avg nll: 0.8370, avg wnll: 6.2135, avg kl: 0.0428, mse: 0.416451, wmse: 5.275716, mae: 0.467708
1607,	Iter: 1607, train loss: 2.9367, avg nll: 0.8351, avg wnll: 6.2044, avg kl: 0.0432, mse: 0.415395, wmse: 5.278241, mae: 0.466418
1608,	Iter: 1608, train loss: 2.9396, avg nll: 0.8333, avg wnll: 6.1891, avg kl: 0.0413, mse: 0.416503, wmse: 5.285150, mae: 0.467057
1609,	Iter: 1609, train loss: 2.9327, avg nll: 0.8312, avg wnll: 6.2641, avg kl: 0.0417, mse: 0.415445, wmse: 5.271269, mae: 0.466683
1610,	Iter: 1610, train loss: 2.9595, avg nll: 0.8412, avg wnll: 6.1451, avg kl: 0.0434, mse: 0.418559, wmse: 5.300688, mae: 0.468480
nll: 1.0653, mse: 0.5551, mae: 0.5362, mean_mse: 7.1641, mean_mae: 0.5362
1679057504.8171082
1611,	Iter: 1611, train loss: 2.9249, avg nll: 0.8310, avg wnll: 6.2380, avg kl: 0.0423, mse: 0.413771, wmse: 5.231205, mae: 0.466060
1612,	Iter: 1612, train loss: 2.9183, avg nll: 0.8264, avg wnll: 6.1833, avg kl: 0.0446, mse: 0.413031, wmse: 5.241286, mae: 0.465937
1613,	Iter: 1613, train loss: 2.9349, avg nll: 0.8307, avg wnll: 6.2338, avg kl: 0.0418, mse: 0.415807, wmse: 5.262506, mae: 0.467563
1614,	Iter: 1614, train loss: 2.9484, avg nll: 0.8347, avg wnll: 6.2169, avg kl: 0.0429, mse: 0.417516, wmse: 5.299186, mae: 0.468054
1615,	Iter: 1615, train loss: 2.9387, avg nll: 0.8345, avg wnll: 6.2208, avg kl: 0.0406, mse: 0.415857, wmse: 5.263641, mae: 0.466936
1616,	Iter: 1616, train loss: 2.9518, avg nll: 0.8412, avg wnll: 6.1999, avg kl: 0.0407, mse: 0.417095, wmse: 5.290673, mae: 0.468247
1617,	Iter: 1617, train loss: 2.9409, avg nll: 0.8353, avg wnll: 6.2178, avg kl: 0.0418, mse: 0.415898, wmse: 5.284365, mae: 0.466864
1618,	Iter: 1618, train loss: 2.9447, avg nll: 0.8353, avg wnll: 6.2020, avg kl: 0.0395, mse: 0.416899, wmse: 5.294010, mae: 0.467417
1619,	Iter: 1619, train loss: 2.9267, avg nll: 0.8278, avg wnll: 6.2136, avg kl: 0.0403, mse: 0.414659, wmse: 5.257049, mae: 0.466209
1620,	Iter: 1620, train loss: 2.9617, avg nll: 0.8441, avg wnll: 6.1947, avg kl: 0.0419, mse: 0.418157, wmse: 5.296137, mae: 0.468303
nll: 1.0445, mse: 0.5526, mae: 0.5353, mean_mse: 7.1235, mean_mae: 0.5353
1679058397.883158
saving.................
done
1621,	Iter: 1621, train loss: 2.9249, avg nll: 0.8324, avg wnll: 6.1882, avg kl: 0.0413, mse: 0.413170, wmse: 5.221301, mae: 0.465671
1622,	Iter: 1622, train loss: 2.9228, avg nll: 0.8295, avg wnll: 6.2096, avg kl: 0.0422, mse: 0.413180, wmse: 5.246459, mae: 0.466229
1623,	Iter: 1623, train loss: 2.9376, avg nll: 0.8328, avg wnll: 6.2028, avg kl: 0.0399, mse: 0.415720, wmse: 5.262250, mae: 0.467443
1624,	Iter: 1624, train loss: 2.9471, avg nll: 0.8335, avg wnll: 6.2061, avg kl: 0.0413, mse: 0.417261, wmse: 5.295872, mae: 0.468029
1625,	Iter: 1625, train loss: 2.9435, avg nll: 0.8349, avg wnll: 6.2176, avg kl: 0.0397, mse: 0.416437, wmse: 5.272415, mae: 0.467406
1626,	Iter: 1626, train loss: 2.9466, avg nll: 0.8374, avg wnll: 6.1842, avg kl: 0.0396, mse: 0.416524, wmse: 5.283212, mae: 0.467928
1627,	Iter: 1627, train loss: 2.9343, avg nll: 0.8306, avg wnll: 6.2147, avg kl: 0.0404, mse: 0.415246, wmse: 5.274720, mae: 0.466398
1628,	Iter: 1628, train loss: 2.9501, avg nll: 0.8375, avg wnll: 6.2036, avg kl: 0.0387, mse: 0.417252, wmse: 5.297678, mae: 0.467555
1629,	Iter: 1629, train loss: 2.9365, avg nll: 0.8342, avg wnll: 6.2419, avg kl: 0.0385, mse: 0.415163, wmse: 5.266582, mae: 0.466641
1630,	Iter: 1630, train loss: 2.9546, avg nll: 0.8385, avg wnll: 6.1878, avg kl: 0.0406, mse: 0.417607, wmse: 5.287316, mae: 0.467665
nll: 1.0605, mse: 0.5536, mae: 0.5351, mean_mse: 7.1307, mean_mae: 0.5351
1679059276.249251
1631,	Iter: 1631, train loss: 2.9299, avg nll: 0.8350, avg wnll: 6.2021, avg kl: 0.0397, mse: 0.413442, wmse: 5.225142, mae: 0.465894
1632,	Iter: 1632, train loss: 2.9208, avg nll: 0.8269, avg wnll: 6.2103, avg kl: 0.0415, mse: 0.412950, wmse: 5.245050, mae: 0.466051
1633,	Iter: 1633, train loss: 2.9367, avg nll: 0.8302, avg wnll: 6.1949, avg kl: 0.0388, mse: 0.415815, wmse: 5.262631, mae: 0.467305
1634,	Iter: 1634, train loss: 2.9414, avg nll: 0.8306, avg wnll: 6.1934, avg kl: 0.0390, mse: 0.416582, wmse: 5.285914, mae: 0.467794
1635,	Iter: 1635, train loss: 2.9489, avg nll: 0.8367, avg wnll: 6.2249, avg kl: 0.0378, mse: 0.416992, wmse: 5.283013, mae: 0.467602
1636,	Iter: 1636, train loss: 2.9475, avg nll: 0.8372, avg wnll: 6.1981, avg kl: 0.0383, mse: 0.416514, wmse: 5.279987, mae: 0.467866
1637,	Iter: 1637, train loss: 2.9413, avg nll: 0.8340, avg wnll: 6.2489, avg kl: 0.0391, mse: 0.415738, wmse: 5.286572, mae: 0.466691
1638,	Iter: 1638, train loss: 2.9481, avg nll: 0.8350, avg wnll: 6.1890, avg kl: 0.0374, mse: 0.417109, wmse: 5.299156, mae: 0.467702
1639,	Iter: 1639, train loss: 2.9312, avg nll: 0.8314, avg wnll: 6.2490, avg kl: 0.0375, mse: 0.414399, wmse: 5.256902, mae: 0.466438
1640,	Iter: 1640, train loss: 2.9545, avg nll: 0.8379, avg wnll: 6.1836, avg kl: 0.0387, mse: 0.417541, wmse: 5.289731, mae: 0.467951
nll: 1.0715, mse: 0.5572, mae: 0.5376, mean_mse: 7.1862, mean_mae: 0.5376
1679060161.3952231
1641,	Iter: 1641, train loss: 2.9297, avg nll: 0.8327, avg wnll: 6.1810, avg kl: 0.0382, mse: 0.413664, wmse: 5.229015, mae: 0.466238
1642,slurmstepd: error: *** JOB 246779 ON gpu0 CANCELLED AT 2023-03-17T13:39:26 ***
