Namespace(n_union_tp=3500, data_folder='datasets/ZTF_all', checkpoint='datasets/ZTF_all0.7884736061096191.h5', start_col=1, inc_errors=False, print_at=1, embed_time=128, enc_num_heads=16, latent_dim=64, mixing='concat', num_ref_points=16, rec_hidden=128, width=512, save_at=30, patience=100, early_stopping=False, niters=20000, frac=0.5, batch_size=2, mse_weight=5.0, dropout=0.0, num_resamples=0, lr=1.25e-05, scheduler=False, warmup=4000, kl_zero=False, kl_annealing=True, net='hetvae', device='cuda', const_var=False, var_per_dim=False, std=0.1, seed=2, save=True, k_iwae=1) 379746
validated 3407 files out of 3407 for band='r'
validated 3407 files out of 3407 for band='g'
validated 3407 files out of 3407 for band='i'
3407 3407
(3010, 3, 4431, 3)
created union_tp attribute of length 3500
dataset created w/ shape (3010, 3, 4431, 3)
train size: 2709, valid size: 271, test size: 301
=> loading checkpoint 'datasets/ZTF_all0.7884736061096191.h5'
Namespace(n_union_tp=3500, data_folder='datasets/ZTF_all', checkpoint='datasets/ZTF_all0.8340276479721069.h5', start_col=1, inc_errors=False, print_at=1, embed_time=128, enc_num_heads=16, latent_dim=64, mixing='concat', num_ref_points=16, rec_hidden=128, width=512, save_at=30, patience=100, early_stopping=False, niters=20000, frac=0.5, batch_size=2, mse_weight=5.0, dropout=0.0, num_resamples=0, lr=2.5e-05, scheduler=False, warmup=4000, kl_zero=False, kl_annealing=True, net='hetvae', device='cuda', const_var=False, var_per_dim=False, std=0.1, seed=2, save=True, k_iwae=1)
loaded checkpoint w/ loss=2.9192066185036105
model_size=574662
691,	Iter: 691, train loss: 3.4240, avg nll: 1.0544, avg wnll: nan, avg kl: 1.5528, mse: 0.473926, wmse: 5.807144, mae: 0.498080
692,	Iter: 692, train loss: 3.3451, avg nll: 0.9948, avg wnll: nan, avg kl: 2.0116, mse: 0.469895, wmse: 5.742870, mae: 0.495867
693,	Iter: 693, train loss: 3.3178, avg nll: 0.9785, avg wnll: nan, avg kl: 2.3196, mse: 0.467483, wmse: 5.702128, mae: 0.494700
694,	Iter: 694, train loss: 3.3074, avg nll: 0.9725, avg wnll: nan, avg kl: 2.6044, mse: 0.466371, wmse: 5.696322, mae: 0.494166
695,	Iter: 695, train loss: 3.2886, avg nll: 0.9629, avg wnll: nan, avg kl: 2.8825, mse: 0.464215, wmse: 5.665081, mae: 0.492886
696,	Iter: 696, train loss: 3.2783, avg nll: 0.9556, avg wnll: nan, avg kl: 3.1982, mse: 0.463263, wmse: 5.663480, mae: 0.492252
697,	Iter: 697, train loss: 3.2762, avg nll: 0.9544, avg wnll: nan, avg kl: 3.4667, mse: 0.462695, wmse: 5.640574, mae: 0.491946
698,	Iter: 698, train loss: 3.2850, avg nll: 0.9577, avg wnll: nan, avg kl: 3.7987, mse: 0.463333, wmse: 5.657626, mae: 0.492628
699,	Iter: 699, train loss: 3.2689, avg nll: 0.9518, avg wnll: nan, avg kl: 3.7549, mse: 0.461002, wmse: 5.611485, mae: 0.491157
700,	Iter: 700, train loss: 3.2633, avg nll: 0.9506, avg wnll: nan, avg kl: 3.8405, mse: 0.459773, wmse: 5.616499, mae: 0.490688
nll: 0.9461, mse: 0.4953, mae: 0.5055, mean_mse: 6.4908, mean_mae: 0.5055
701,	Iter: 701, train loss: 2.9889, avg nll: 0.8485, avg wnll: nan, avg kl: 2.8689, mse: 0.425798, wmse: 5.228406, mae: 0.470149
702,	Iter: 702, train loss: 2.9491, avg nll: 0.8203, avg wnll: nan, avg kl: 2.1339, mse: 0.423893, wmse: 5.211212, mae: 0.468244
703,	Iter: 703, train loss: 2.9294, avg nll: 0.8055, avg wnll: nan, avg kl: 1.8281, mse: 0.423030, wmse: 5.206414, mae: 0.467389
704,	Iter: 704, train loss: 2.9228, avg nll: 0.8002, avg wnll: nan, avg kl: 1.6377, mse: 0.422818, wmse: 5.193770, mae: 0.466871
705,	Iter: 705, train loss: 2.9217, avg nll: 0.7998, avg wnll: nan, avg kl: 1.5494, mse: 0.422636, wmse: 5.189658, mae: 0.466896
706,	Iter: 706, train loss: 2.8880, avg nll: 0.7859, avg wnll: nan, avg kl: 1.5217, mse: 0.418584, wmse: 5.148679, mae: 0.464368
707,	Iter: 707, train loss: 2.8946, avg nll: 0.7896, avg wnll: nan, avg kl: 1.4695, mse: 0.419124, wmse: 5.149311, mae: 0.465205
708,	Iter: 708, train loss: 2.9081, avg nll: 0.7883, avg wnll: nan, avg kl: 1.4445, mse: 0.422001, wmse: 5.190606, mae: 0.466208
709,	Iter: 709, train loss: 2.8989, avg nll: 0.7906, avg wnll: nan, avg kl: 1.4144, mse: 0.419609, wmse: 5.160099, mae: 0.464944
710,	Iter: 710, train loss: 2.8896, avg nll: 0.7848, avg wnll: nan, avg kl: 1.3572, mse: 0.418889, wmse: 5.152950, mae: 0.464465
nll: 0.9649, mse: 0.4946, mae: 0.5050, mean_mse: 6.5034, mean_mae: 0.5050
711,	Iter: 711, train loss: 2.9030, avg nll: 0.7908, avg wnll: nan, avg kl: 1.4140, mse: 0.420162, wmse: 5.168882, mae: 0.465609
712,	Iter: 712, train loss: 2.9034, avg nll: 0.7875, avg wnll: nan, avg kl: 1.4151, mse: 0.420797, wmse: 5.174552, mae: 0.465826
713,	Iter: 713, train loss: 2.8956, avg nll: 0.7790, avg wnll: nan, avg kl: 1.4192, mse: 0.420830, wmse: 5.178643, mae: 0.465559
714,	Iter: 714, train loss: 2.8941, avg nll: 0.7751, avg wnll: nan, avg kl: 1.3917, mse: 0.421242, wmse: 5.174525, mae: 0.465664
715,	Iter: 715, train loss: 2.8961, avg nll: 0.7767, avg wnll: nan, avg kl: 1.3818, mse: 0.421223, wmse: 5.172473, mae: 0.465801
716,	Iter: 716, train loss: 2.8690, avg nll: 0.7667, avg wnll: nan, avg kl: 1.4040, mse: 0.417645, wmse: 5.136279, mae: 0.463637
717,	Iter: 717, train loss: 2.8761, avg nll: 0.7719, avg wnll: nan, avg kl: 1.3616, mse: 0.418012, wmse: 5.136687, mae: 0.464332
718,	Iter: 718, train loss: 2.8896, avg nll: 0.7693, avg wnll: nan, avg kl: 1.3534, mse: 0.421147, wmse: 5.180887, mae: 0.465579
719,	Iter: 719, train loss: 2.8832, avg nll: 0.7731, avg wnll: nan, avg kl: 1.3392, mse: 0.419011, wmse: 5.154279, mae: 0.464490
720,	Iter: 720, train loss: 2.8679, avg nll: 0.7620, avg wnll: nan, avg kl: 1.3012, mse: 0.418147, wmse: 5.144109, mae: 0.463791
nll: 0.9689, mse: 0.4945, mae: 0.5050, mean_mse: 6.4998, mean_mae: 0.5050
saving.................
done
721,	Iter: 721, train loss: 2.8916, avg nll: 0.7767, avg wnll: nan, avg kl: 1.3428, mse: 0.419749, wmse: 5.164435, mae: 0.465328
722,	Iter: 722, train loss: 2.8992, avg nll: 0.7800, avg wnll: nan, avg kl: 1.3497, mse: 0.420495, wmse: 5.171213, mae: 0.465678
723,	Iter: 723, train loss: 2.8878, avg nll: 0.7682, avg wnll: nan, avg kl: 1.3483, mse: 0.420471, wmse: 5.176036, mae: 0.465412
724,	Iter: 724, train loss: 2.8885, avg nll: 0.7664, avg wnll: nan, avg kl: 1.3144, mse: 0.420947, wmse: 5.170496, mae: 0.465454
725,	Iter: 725, train loss: 2.8983, avg nll: 0.7751, avg wnll: nan, avg kl: 1.3131, mse: 0.421054, wmse: 5.172619, mae: 0.465846
726,	Iter: 726, train loss: 2.8759, avg nll: 0.7695, avg wnll: nan, avg kl: 1.3145, mse: 0.417603, wmse: 5.137534, mae: 0.463528
727,	Iter: 727, train loss: 2.8748, avg nll: 0.7677, avg wnll: nan, avg kl: 1.3000, mse: 0.417679, wmse: 5.134199, mae: 0.464114
728,	Iter: 728, train loss: 2.8909, avg nll: 0.7680, avg wnll: nan, avg kl: 1.2943, mse: 0.420758, wmse: 5.176799, mae: 0.465301
729,	Iter: 729, train loss: 2.8861, avg nll: 0.7734, avg wnll: nan, avg kl: 1.2842, mse: 0.418626, wmse: 5.150189, mae: 0.464121
730,	Iter: 730, train loss: 2.8732, avg nll: 0.7642, avg wnll: nan, avg kl: 1.2295, mse: 0.417952, wmse: 5.141996, mae: 0.463675
nll: 0.9701, mse: 0.4946, mae: 0.5051, mean_mse: 6.4999, mean_mae: 0.5051
731,	Iter: 731, train loss: 2.9089, avg nll: 0.7867, avg wnll: nan, avg kl: 1.2744, mse: 0.420347, wmse: 5.174360, mae: 0.465683
732,	Iter: 732, train loss: 2.9064, avg nll: 0.7831, avg wnll: nan, avg kl: 1.2683, mse: 0.420508, wmse: 5.172071, mae: 0.465675
733,	Iter: 733, train loss: 2.8975, avg nll: 0.7746, avg wnll: nan, avg kl: 1.2768, mse: 0.420294, wmse: 5.172071, mae: 0.465340
734,	Iter: 734, train loss: 2.8982, avg nll: 0.7734, avg wnll: nan, avg kl: 1.2442, mse: 0.420672, wmse: 5.167960, mae: 0.465306
735,	Iter: 735, train loss: 2.9047, avg nll: 0.7799, avg wnll: nan, avg kl: 1.2524, mse: 0.420539, wmse: 5.164786, mae: 0.465538
736,	Iter: 736, train loss: 2.8722, avg nll: 0.7638, avg wnll: nan, avg kl: 1.2704, mse: 0.417106, wmse: 5.129328, mae: 0.463344
737,	Iter: 737, train loss: 2.8749, avg nll: 0.7649, avg wnll: nan, avg kl: 1.2439, mse: 0.417425, wmse: 5.131199, mae: 0.463946
738,	Iter: 738, train loss: 2.8928, avg nll: 0.7668, avg wnll: nan, avg kl: 1.2418, mse: 0.420538, wmse: 5.173840, mae: 0.465273
739,	Iter: 739, train loss: 2.8886, avg nll: 0.7722, avg wnll: nan, avg kl: 1.2316, mse: 0.418547, wmse: 5.150519, mae: 0.464225
740,	Iter: 740, train loss: 2.8746, avg nll: 0.7629, avg wnll: nan, avg kl: 1.1920, mse: 0.417676, wmse: 5.138844, mae: 0.463497
nll: 0.9694, mse: 0.4947, mae: 0.5051, mean_mse: 6.5034, mean_mae: 0.5051
741,	Iter: 741, train loss: 2.9012, avg nll: 0.7798, avg wnll: nan, avg kl: 1.2292, mse: 0.419362, wmse: 5.159658, mae: 0.465091
742,	Iter: 742, train loss: 2.9029, avg nll: 0.7761, avg wnll: nan, avg kl: 1.2180, mse: 0.420389, wmse: 5.172031, mae: 0.465700
743,	Iter: 743, train loss: 2.8975, avg nll: 0.7706, avg wnll: nan, avg kl: 1.2174, mse: 0.420321, wmse: 5.175614, mae: 0.465420
744,	Iter: 744, train loss: 2.8928, avg nll: 0.7646, avg wnll: nan, avg kl: 1.1856, mse: 0.420601, wmse: 5.168065, mae: 0.465320
745,	Iter: 745, train loss: 2.8989, avg nll: 0.7702, avg wnll: nan, avg kl: 1.1892, mse: 0.420606, wmse: 5.167153, mae: 0.465562
746,	Iter: 746, train loss: 2.8759, avg nll: 0.7625, avg wnll: nan, avg kl: 1.2049, mse: 0.417382, wmse: 5.133839, mae: 0.463613
747,	Iter: 747, train loss: 2.8805, avg nll: 0.7676, avg wnll: nan, avg kl: 1.1836, mse: 0.417272, wmse: 5.130556, mae: 0.463878
748,	Iter: 748, train loss: 2.8942, avg nll: 0.7658, avg wnll: nan, avg kl: 1.1799, mse: 0.420288, wmse: 5.172357, mae: 0.465148
749,	Iter: 749, train loss: 2.8898, avg nll: 0.7706, avg wnll: nan, avg kl: 1.1823, mse: 0.418363, wmse: 5.148171, mae: 0.464069
750,	Iter: 750, train loss: 2.8774, avg nll: 0.7615, avg wnll: nan, avg kl: 1.1279, mse: 0.417839, wmse: 5.142753, mae: 0.463610
nll: 0.9706, mse: 0.4941, mae: 0.5048, mean_mse: 6.4906, mean_mae: 0.5048
saving.................
done
751,	Iter: 751, train loss: 2.9063, avg nll: 0.7824, avg wnll: nan, avg kl: 1.1761, mse: 0.419129, wmse: 5.158117, mae: 0.464842
752,	Iter: 752, train loss: 2.9084, avg nll: 0.7802, avg wnll: nan, avg kl: 1.1663, mse: 0.419944, wmse: 5.166478, mae: 0.465346
753,	Iter: 753, train loss: 2.8951, avg nll: 0.7665, avg wnll: nan, avg kl: 1.1758, mse: 0.419892, wmse: 5.169569, mae: 0.465079
754,	Iter: 754, train loss: 2.8992, avg nll: 0.7685, avg wnll: nan, avg kl: 1.1464, mse: 0.420365, wmse: 5.164873, mae: 0.465192
755,	Iter: 755, train loss: 2.9163, avg nll: 0.7823, avg wnll: nan, avg kl: 1.1451, mse: 0.420937, wmse: 5.170281, mae: 0.465780
756,	Iter: 756, train loss: 2.8840, avg nll: 0.7682, avg wnll: nan, avg kl: 1.1563, mse: 0.417136, wmse: 5.131393, mae: 0.463428
757,	Iter: 757, train loss: 2.8773, avg nll: 0.7631, avg wnll: nan, avg kl: 1.1386, mse: 0.416829, wmse: 5.124979, mae: 0.463526
758,	Iter: 758, train loss: 2.8916, avg nll: 0.7612, avg wnll: nan, avg kl: 1.1392, mse: 0.419966, wmse: 5.167100, mae: 0.464920
759,	Iter: 759, train loss: 2.8933, avg nll: 0.7710, avg wnll: nan, avg kl: 1.1294, mse: 0.418315, wmse: 5.148688, mae: 0.464013
760,	Iter: 760, train loss: 2.8736, avg nll: 0.7571, avg wnll: nan, avg kl: 1.0915, mse: 0.417276, wmse: 5.135184, mae: 0.463188
nll: 0.9712, mse: 0.4940, mae: 0.5047, mean_mse: 6.4902, mean_mae: 0.5047
761,	Iter: 761, train loss: 2.8976, avg nll: 0.7717, avg wnll: nan, avg kl: 1.1268, mse: 0.418866, wmse: 5.155716, mae: 0.464728
762,	Iter: 762, train loss: 2.9024, avg nll: 0.7715, avg wnll: nan, avg kl: 1.1204, mse: 0.419830, wmse: 5.164969, mae: 0.465289
763,	Iter: 763, train loss: 2.8981, avg nll: 0.7656, avg wnll: nan, avg kl: 1.1309, mse: 0.419992, wmse: 5.170799, mae: 0.465217
764,	Iter: 764, train loss: 2.8987, avg nll: 0.7644, avg wnll: nan, avg kl: 1.0995, mse: 0.420450, wmse: 5.166492, mae: 0.465262
765,	Iter: 765, train loss: 2.9024, avg nll: 0.7688, avg wnll: nan, avg kl: 1.1010, mse: 0.420193, wmse: 5.163380, mae: 0.465350
766,	Iter: 766, train loss: 2.8747, avg nll: 0.7570, avg wnll: nan, avg kl: 1.1223, mse: 0.416807, wmse: 5.127115, mae: 0.463147
767,	Iter: 767, train loss: 2.8735, avg nll: 0.7560, avg wnll: nan, avg kl: 1.1052, mse: 0.416781, wmse: 5.124561, mae: 0.463534
768,	Iter: 768, train loss: 2.8970, avg nll: 0.7622, avg wnll: nan, avg kl: 1.0965, mse: 0.420196, wmse: 5.172534, mae: 0.465022
769,	Iter: 769, train loss: 2.8926, avg nll: 0.7674, avg wnll: nan, avg kl: 1.0976, mse: 0.418195, wmse: 5.146358, mae: 0.463986
770,	Iter: 770, train loss: 2.8766, avg nll: 0.7568, avg wnll: nan, avg kl: 1.0492, mse: 0.417335, wmse: 5.136447, mae: 0.463352
nll: 0.9717, mse: 0.4944, mae: 0.5050, mean_mse: 6.5004, mean_mae: 0.5050
771,	Iter: 771, train loss: 2.9121, avg nll: 0.7799, avg wnll: nan, avg kl: 1.0902, mse: 0.419464, wmse: 5.164791, mae: 0.465132
772,	Iter: 772, train loss: 2.9166, avg nll: 0.7813, avg wnll: nan, avg kl: 1.0741, mse: 0.420088, wmse: 5.168793, mae: 0.465411
773,	Iter: 773, train loss: 2.9071, avg nll: 0.7724, avg wnll: nan, avg kl: 1.0817, mse: 0.419851, wmse: 5.169819, mae: 0.465266
774,	Iter: 774, train loss: 2.9023, avg nll: 0.7659, avg wnll: nan, avg kl: 1.0632, mse: 0.420208, wmse: 5.163029, mae: 0.465033
775,	Iter: 775, train loss: 2.9083, avg nll: 0.7729, avg wnll: nan, avg kl: 1.0720, mse: 0.419882, wmse: 5.158107, mae: 0.465134
776,	Iter: 776, train loss: 2.8812, avg nll: 0.7609, avg wnll: nan, avg kl: 1.0767, mse: 0.416736, wmse: 5.128445, mae: 0.463148
777,	Iter: 777, train loss: 2.8831, avg nll: 0.7631, avg wnll: nan, avg kl: 1.0643, mse: 0.416684, wmse: 5.124693, mae: 0.463503
778,	Iter: 778, train loss: 2.9068, avg nll: 0.7687, avg wnll: nan, avg kl: 1.0628, mse: 0.420219, wmse: 5.173252, mae: 0.465315
779,	Iter: 779, train loss: 2.8978, avg nll: 0.7705, avg wnll: nan, avg kl: 1.0575, mse: 0.418014, wmse: 5.145830, mae: 0.463859
780,	Iter: 780, train loss: 2.8828, avg nll: 0.7601, avg wnll: nan, avg kl: 1.0273, mse: 0.417224, wmse: 5.134934, mae: 0.463255
nll: 0.9679, mse: 0.4936, mae: 0.5045, mean_mse: 6.4872, mean_mae: 0.5045
saving.................
done
781,	Iter: 781, train loss: 2.9043, avg nll: 0.7727, avg wnll: nan, avg kl: 1.0513, mse: 0.418742, wmse: 5.154757, mae: 0.464651
782,	Iter: 782, train loss: 2.9039, avg nll: 0.7687, avg wnll: nan, avg kl: 1.0493, mse: 0.419405, wmse: 5.160831, mae: 0.465020
783,	Iter: 783, train loss: 2.8993, avg nll: 0.7618, avg wnll: nan, avg kl: 1.0561, mse: 0.419739, wmse: 5.166957, mae: 0.465067
784,	Iter: 784, train loss: 2.8962, avg nll: 0.7580, avg wnll: nan, avg kl: 1.0289, mse: 0.419983, wmse: 5.161817, mae: 0.464993
785,	Iter: 785, train loss: 2.9039, avg nll: 0.7654, avg wnll: nan, avg kl: 1.0282, mse: 0.419978, wmse: 5.161918, mae: 0.465232
786,	Iter: 786, train loss: 2.8818, avg nll: 0.7582, avg wnll: nan, avg kl: 1.0509, mse: 0.416733, wmse: 5.128024, mae: 0.463191
787,	Iter: 787, train loss: 2.8820, avg nll: 0.7591, avg wnll: nan, avg kl: 1.0321, mse: 0.416643, wmse: 5.124520, mae: 0.463427
788,	Iter: 788, train loss: 2.8976, avg nll: 0.7582, avg wnll: nan, avg kl: 1.0281, mse: 0.419908, wmse: 5.169880, mae: 0.464883
789,	Iter: 789, train loss: 2.8938, avg nll: 0.7633, avg wnll: nan, avg kl: 1.0280, mse: 0.418048, wmse: 5.145154, mae: 0.463903
790,	Iter: 790, train loss: 2.8808, avg nll: 0.7546, avg wnll: nan, avg kl: 0.9864, mse: 0.417425, wmse: 5.139468, mae: 0.463425
nll: 0.9689, mse: 0.4940, mae: 0.5047, mean_mse: 6.4930, mean_mae: 0.5047
791,	Iter: 791, train loss: 2.9013, avg nll: 0.7663, avg wnll: nan, avg kl: 1.0285, mse: 0.418773, wmse: 5.155565, mae: 0.464778
792,	Iter: 792, train loss: 2.9169, avg nll: 0.7778, avg wnll: nan, avg kl: 1.0121, mse: 0.419659, wmse: 5.164248, mae: 0.465260
793,	Iter: 793, train loss: 2.9081, avg nll: 0.7677, avg wnll: nan, avg kl: 1.0124, mse: 0.419822, wmse: 5.171697, mae: 0.465193
794,	Iter: 794, train loss: 2.9059, avg nll: 0.7646, avg wnll: nan, avg kl: 0.9991, mse: 0.420028, wmse: 5.163023, mae: 0.465055
795,	Iter: 795, train loss: 2.9125, avg nll: 0.7707, avg wnll: nan, avg kl: 1.0021, mse: 0.420009, wmse: 5.160627, mae: 0.465236
796,	Iter: 796, train loss: 2.8909, avg nll: 0.7644, avg wnll: nan, avg kl: 1.0065, mse: 0.416862, wmse: 5.130999, mae: 0.463285
797,	Iter: 797, train loss: 2.8815, avg nll: 0.7569, avg wnll: nan, avg kl: 1.0018, mse: 0.416428, wmse: 5.122334, mae: 0.463287
798,	Iter: 798, train loss: 2.9049, avg nll: 0.7632, avg wnll: nan, avg kl: 0.9990, mse: 0.419779, wmse: 5.168266, mae: 0.464969
799,	Iter: 799, train loss: 2.9031, avg nll: 0.7692, avg wnll: nan, avg kl: 0.9985, mse: 0.418144, wmse: 5.148140, mae: 0.464030
800,	Iter: 800, train loss: 2.8835, avg nll: 0.7556, avg wnll: nan, avg kl: 0.9625, mse: 0.417185, wmse: 5.135228, mae: 0.463206
nll: 0.9685, mse: 0.4936, mae: 0.5046, mean_mse: 6.4870, mean_mae: 0.5046
801,	Iter: 801, train loss: 2.9049, avg nll: 0.7692, avg wnll: nan, avg kl: 0.9884, mse: 0.418436, wmse: 5.152233, mae: 0.464479
802,	Iter: 802, train loss: 2.9178, avg nll: 0.7760, avg wnll: nan, avg kl: 0.9827, mse: 0.419628, wmse: 5.164390, mae: 0.465201
803,	Iter: 803, train loss: 2.9024, avg nll: 0.7603, avg wnll: nan, avg kl: 0.9947, mse: 0.419507, wmse: 5.165389, mae: 0.464902
804,	Iter: 804, train loss: 2.9024, avg nll: 0.7590, avg wnll: nan, avg kl: 0.9671, mse: 0.419938, wmse: 5.160635, mae: 0.464948
805,	Iter: 805, train loss: 2.9121, avg nll: 0.7680, avg wnll: nan, avg kl: 0.9698, mse: 0.419971, wmse: 5.162044, mae: 0.465206
806,	Iter: 806, train loss: 2.8886, avg nll: 0.7597, avg wnll: nan, avg kl: 0.9808, mse: 0.416740, wmse: 5.128892, mae: 0.463161
807,	Iter: 807, train loss: 2.8845, avg nll: 0.7574, avg wnll: nan, avg kl: 0.9725, mse: 0.416392, wmse: 5.122119, mae: 0.463247
808,	Iter: 808, train loss: 2.9063, avg nll: 0.7617, avg wnll: nan, avg kl: 0.9688, mse: 0.419859, wmse: 5.170032, mae: 0.464852
809,	Iter: 809, train loss: 2.9031, avg nll: 0.7665, avg wnll: nan, avg kl: 0.9686, mse: 0.418169, wmse: 5.147945, mae: 0.464062
810,	Iter: 810, train loss: 2.8807, avg nll: 0.7504, avg wnll: nan, avg kl: 0.9351, mse: 0.417157, wmse: 5.135817, mae: 0.463249
nll: 0.9739, mse: 0.4939, mae: 0.5046, mean_mse: 6.4882, mean_mae: 0.5046
saving.................
done
811,	Iter: 811, train loss: 2.9055, avg nll: 0.7663, avg wnll: nan, avg kl: 0.9726, mse: 0.418499, wmse: 5.152126, mae: 0.464500
812,	Iter: 812, train loss: 2.9249, avg nll: 0.7784, avg wnll: nan, avg kl: 0.9585, mse: 0.420031, wmse: 5.170847, mae: 0.465431
813,	Iter: 813, train loss: 2.9100, avg nll: 0.7653, avg wnll: nan, avg kl: 0.9601, mse: 0.419565, wmse: 5.168700, mae: 0.465074
814,	Iter: 814, train loss: 2.9092, avg nll: 0.7630, avg wnll: nan, avg kl: 0.9398, mse: 0.419989, wmse: 5.163129, mae: 0.465102
815,	Iter: 815, train loss: 2.9161, avg nll: 0.7706, avg wnll: nan, avg kl: 0.9407, mse: 0.419785, wmse: 5.159659, mae: 0.465174
816,	Iter: 816, train loss: 2.8858, avg nll: 0.7552, avg wnll: nan, avg kl: 0.9649, mse: 0.416480, wmse: 5.126016, mae: 0.463048
817,	Iter: 817, train loss: 2.8976, avg nll: 0.7665, avg wnll: nan, avg kl: 0.9528, mse: 0.416613, wmse: 5.125568, mae: 0.463452
818,	Iter: 818, train loss: 2.9043, avg nll: 0.7576, avg wnll: nan, avg kl: 0.9436, mse: 0.419742, wmse: 5.168026, mae: 0.464853
819,	Iter: 819, train loss: 2.9036, avg nll: 0.7639, avg wnll: nan, avg kl: 0.9537, mse: 0.418177, wmse: 5.149247, mae: 0.464047
820,	Iter: 820, train loss: 2.8905, avg nll: 0.7577, avg wnll: nan, avg kl: 0.9130, mse: 0.417133, wmse: 5.134908, mae: 0.463184
nll: 0.9705, mse: 0.4940, mae: 0.5048, mean_mse: 6.4915, mean_mae: 0.5048
821,	Iter: 821, train loss: 2.9173, avg nll: 0.7750, avg wnll: nan, avg kl: 0.9460, mse: 0.418621, wmse: 5.155025, mae: 0.464674
822,	Iter: 822, train loss: 2.9160, avg nll: 0.7694, avg wnll: nan, avg kl: 0.9339, mse: 0.419528, wmse: 5.164594, mae: 0.465218
823,	Iter: 823, train loss: 2.9086, avg nll: 0.7612, avg wnll: nan, avg kl: 0.9434, mse: 0.419517, wmse: 5.167498, mae: 0.465000
824,	Iter: 824, train loss: 2.9042, avg nll: 0.7566, avg wnll: nan, avg kl: 0.9181, mse: 0.419747, wmse: 5.159921, mae: 0.464847
825,	Iter: 825, train loss: 2.9075, avg nll: 0.7599, avg wnll: nan, avg kl: 0.9256, mse: 0.419596, wmse: 5.157302, mae: 0.464964
826,	Iter: 826, train loss: 2.8917, avg nll: 0.7574, avg wnll: nan, avg kl: 0.9328, mse: 0.416797, wmse: 5.130346, mae: 0.463242
827,	Iter: 827, train loss: 2.8981, avg nll: 0.7652, avg wnll: nan, avg kl: 0.9232, mse: 0.416545, wmse: 5.125916, mae: 0.463419
828,	Iter: 828, train loss: 2.9036, avg nll: 0.7546, avg wnll: nan, avg kl: 0.9228, mse: 0.419686, wmse: 5.167693, mae: 0.464807
829,	Iter: 829, train loss: 2.9099, avg nll: 0.7685, avg wnll: nan, avg kl: 0.9256, mse: 0.418063, wmse: 5.147903, mae: 0.463993
830,	Iter: 830, train loss: 2.8830, avg nll: 0.7497, avg wnll: nan, avg kl: 0.8909, mse: 0.416757, wmse: 5.131410, mae: 0.462995
nll: 0.9737, mse: 0.4942, mae: 0.5048, mean_mse: 6.4975, mean_mae: 0.5048
831,	Iter: 831, train loss: 2.9127, avg nll: 0.7688, avg wnll: nan, avg kl: 0.9151, mse: 0.418536, wmse: 5.153798, mae: 0.464516
832,	Iter: 832, train loss: 2.9157, avg nll: 0.7683, avg wnll: nan, avg kl: 0.9054, mse: 0.419256, wmse: 5.159928, mae: 0.464929
833,	Iter: 833, train loss: 2.9120, avg nll: 0.7625, avg wnll: nan, avg kl: 0.9144, mse: 0.419501, wmse: 5.167842, mae: 0.465013
834,	Iter: 834, train loss: 2.9082, avg nll: 0.7578, avg wnll: nan, avg kl: 0.8964, mse: 0.419828, wmse: 5.161507, mae: 0.465032
835,	Iter: 835, train loss: 2.9195, avg nll: 0.7688, avg wnll: nan, avg kl: 0.8951, mse: 0.419840, wmse: 5.163535, mae: 0.465200
836,	Iter: 836, train loss: 2.8982, avg nll: 0.7621, avg wnll: nan, avg kl: 0.9152, mse: 0.416602, wmse: 5.129100, mae: 0.463147
837,	Iter: 837, train loss: 2.8884, avg nll: 0.7544, avg wnll: nan, avg kl: 0.9091, mse: 0.416182, wmse: 5.120502, mae: 0.463174
838,	Iter: 838, train loss: 2.9059, avg nll: 0.7546, avg wnll: nan, avg kl: 0.9023, mse: 0.419646, wmse: 5.169297, mae: 0.464892
839,	Iter: 839, train loss: 2.9049, avg nll: 0.7620, avg wnll: nan, avg kl: 0.9048, mse: 0.417864, wmse: 5.146033, mae: 0.463934
840,	Iter: 840, train loss: 2.8853, avg nll: 0.7491, avg wnll: nan, avg kl: 0.8666, mse: 0.416899, wmse: 5.132637, mae: 0.463113
nll: 0.9725, mse: 0.4938, mae: 0.5046, mean_mse: 6.4863, mean_mae: 0.5046
saving.................
done
841,	Iter: 841, train loss: 2.9131, avg nll: 0.7669, avg wnll: nan, avg kl: 0.8974, mse: 0.418455, wmse: 5.154140, mae: 0.464557
842,	Iter: 842, train loss: 2.9244, avg nll: 0.7740, avg wnll: nan, avg kl: 0.8878, mse: 0.419348, wmse: 5.163702, mae: 0.465096
843,	Iter: 843, train loss: 2.9111, avg nll: 0.7595, avg wnll: nan, avg kl: 0.8943, mse: 0.419450, wmse: 5.167077, mae: 0.464943
844,	Iter: 844, train loss: 2.9096, avg nll: 0.7576, avg wnll: nan, avg kl: 0.8733, mse: 0.419716, wmse: 5.159872, mae: 0.464916
845,	Iter: 845, train loss: 2.9179, avg nll: 0.7654, avg wnll: nan, avg kl: 0.8785, mse: 0.419677, wmse: 5.159395, mae: 0.465043
846,	Iter: 846, train loss: 2.8954, avg nll: 0.7567, avg wnll: nan, avg kl: 0.8934, mse: 0.416664, wmse: 5.128366, mae: 0.463126
847,	Iter: 847, train loss: 2.8910, avg nll: 0.7538, avg wnll: nan, avg kl: 0.8817, mse: 0.416430, wmse: 5.125607, mae: 0.463395
848,	Iter: 848, train loss: 2.9128, avg nll: 0.7584, avg wnll: nan, avg kl: 0.8796, mse: 0.419840, wmse: 5.170217, mae: 0.464981
849,	Iter: 849, train loss: 2.9110, avg nll: 0.7646, avg wnll: nan, avg kl: 0.8760, mse: 0.418202, wmse: 5.149449, mae: 0.464169
850,	Iter: 850, train loss: 2.8966, avg nll: 0.7567, avg wnll: nan, avg kl: 0.8487, mse: 0.417196, wmse: 5.139107, mae: 0.463449
nll: 0.9723, mse: 0.4939, mae: 0.5046, mean_mse: 6.4946, mean_mae: 0.5046
851,	Iter: 851, train loss: 2.9115, avg nll: 0.7642, avg wnll: nan, avg kl: 0.8721, mse: 0.418295, wmse: 5.149904, mae: 0.464420
852,	Iter: 852, train loss: 2.9196, avg nll: 0.7680, avg wnll: nan, avg kl: 0.8630, mse: 0.419201, wmse: 5.160623, mae: 0.464945
853,	Iter: 853, train loss: 2.9152, avg nll: 0.7621, avg wnll: nan, avg kl: 0.8689, mse: 0.419371, wmse: 5.166309, mae: 0.464963
854,	Iter: 854, train loss: 2.9121, avg nll: 0.7573, avg wnll: nan, avg kl: 0.8552, mse: 0.419815, wmse: 5.163403, mae: 0.464993
855,	Iter: 855, train loss: 2.9171, avg nll: 0.7630, avg wnll: nan, avg kl: 0.8602, mse: 0.419528, wmse: 5.158169, mae: 0.465036
856,	Iter: 856, train loss: 2.8962, avg nll: 0.7550, avg wnll: nan, avg kl: 0.8710, mse: 0.416745, wmse: 5.131046, mae: 0.463218
857,	Iter: 857, train loss: 2.9032, avg nll: 0.7628, avg wnll: nan, avg kl: 0.8685, mse: 0.416550, wmse: 5.126893, mae: 0.463504
858,	Iter: 858, train loss: 2.9118, avg nll: 0.7561, avg wnll: nan, avg kl: 0.8615, mse: 0.419621, wmse: 5.168404, mae: 0.464877
859,	Iter: 859, train loss: 2.9074, avg nll: 0.7611, avg wnll: nan, avg kl: 0.8627, mse: 0.417672, wmse: 5.143579, mae: 0.463675
860,	Iter: 860, train loss: 2.8891, avg nll: 0.7487, avg wnll: nan, avg kl: 0.8303, mse: 0.416856, wmse: 5.132300, mae: 0.463117
nll: 0.9737, mse: 0.4939, mae: 0.5046, mean_mse: 6.4892, mean_mae: 0.5046
861,	Iter: 861, train loss: 2.9113, avg nll: 0.7622, avg wnll: nan, avg kl: 0.8573, mse: 0.418179, wmse: 5.151138, mae: 0.464358
862,	Iter: 862, train loss: 2.9239, avg nll: 0.7677, avg wnll: nan, avg kl: 0.8463, mse: 0.419655, wmse: 5.168072, mae: 0.465291
863,	Iter: 863, train loss: 2.9216, avg nll: 0.7659, avg wnll: nan, avg kl: 0.8474, mse: 0.419482, wmse: 5.168319, mae: 0.465040
864,	Iter: 864, train loss: 2.9120, avg nll: 0.7561, avg wnll: nan, avg kl: 0.8369, mse: 0.419605, wmse: 5.158664, mae: 0.464875
865,	Iter: 865, train loss: 2.9279, avg nll: 0.7672, avg wnll: nan, avg kl: 0.8411, mse: 0.420422, wmse: 5.169542, mae: 0.465618
866,	Iter: 866, train loss: 2.8985, avg nll: 0.7563, avg wnll: nan, avg kl: 0.8531, mse: 0.416493, wmse: 5.128280, mae: 0.463050
867,	Iter: 867, train loss: 2.8996, avg nll: 0.7579, avg wnll: nan, avg kl: 0.8410, mse: 0.416506, wmse: 5.126576, mae: 0.463422
868,	Iter: 868, train loss: 2.9131, avg nll: 0.7554, avg wnll: nan, avg kl: 0.8476, mse: 0.419538, wmse: 5.168278, mae: 0.464767
869,	Iter: 869, train loss: 2.9112, avg nll: 0.7623, avg wnll: nan, avg kl: 0.8457, mse: 0.417744, wmse: 5.145687, mae: 0.463862
870,	Iter: 870, train loss: 2.8910, avg nll: 0.7488, avg wnll: nan, avg kl: 0.8135, mse: 0.416772, wmse: 5.132685, mae: 0.463004
nll: 0.9724, mse: 0.4937, mae: 0.5045, mean_mse: 6.4897, mean_mae: 0.5045
saving.................
done
871,	Iter: 871, train loss: 2.9180, avg nll: 0.7670, avg wnll: nan, avg kl: 0.8394, mse: 0.418095, wmse: 5.147676, mae: 0.464329
872,	Iter: 872, train loss: 2.9237, avg nll: 0.7686, avg wnll: nan, avg kl: 0.8281, mse: 0.419038, wmse: 5.159626, mae: 0.464990
873,	Iter: 873, train loss: 2.9226, avg nll: 0.7655, avg wnll: nan, avg kl: 0.8343, mse: 0.419280, wmse: 5.166058, mae: 0.464870
874,	Iter: 874, train loss: 2.9152, avg nll: 0.7576, avg wnll: nan, avg kl: 0.8208, mse: 0.419502, wmse: 5.158844, mae: 0.464799
875,	Iter: 875, train loss: 2.9179, avg nll: 0.7594, avg wnll: nan, avg kl: 0.8240, mse: 0.419569, wmse: 5.159575, mae: 0.464938
876,	Iter: 876, train loss: 2.9004, avg nll: 0.7544, avg wnll: nan, avg kl: 0.8388, mse: 0.416776, wmse: 5.131322, mae: 0.463226
877,	Iter: 877, train loss: 2.8948, avg nll: 0.7509, avg wnll: nan, avg kl: 0.8295, mse: 0.416433, wmse: 5.125887, mae: 0.463370
878,	Iter: 878, train loss: 2.9159, avg nll: 0.7569, avg wnll: nan, avg kl: 0.8256, mse: 0.419453, wmse: 5.167762, mae: 0.464727
879,	Iter: 879, train loss: 2.9097, avg nll: 0.7584, avg wnll: nan, avg kl: 0.8296, mse: 0.417777, wmse: 5.145269, mae: 0.463836
880,	Iter: 880, train loss: 2.8880, avg nll: 0.7437, avg wnll: nan, avg kl: 0.7980, mse: 0.416784, wmse: 5.132319, mae: 0.462985
nll: 0.9732, mse: 0.4935, mae: 0.5045, mean_mse: 6.4868, mean_mae: 0.5045
881,	Iter: 881, train loss: 2.9169, avg nll: 0.7636, avg wnll: nan, avg kl: 0.8227, mse: 0.418160, wmse: 5.150288, mae: 0.464416
882,	Iter: 882, train loss: 2.9216, avg nll: 0.7629, avg wnll: nan, avg kl: 0.8126, mse: 0.419314, wmse: 5.163146, mae: 0.465105
883,	Iter: 883, train loss: 2.9122, avg nll: 0.7529, avg wnll: nan, avg kl: 0.8208, mse: 0.419244, wmse: 5.166264, mae: 0.464863
884,	Iter: 884, train loss: 2.9179, avg nll: 0.7566, avg wnll: nan, avg kl: 0.8015, mse: 0.419874, wmse: 5.162647, mae: 0.465062
885,	Iter: 885, train loss: 2.9170, avg nll: 0.7572, avg wnll: nan, avg kl: 0.8092, mse: 0.419389, wmse: 5.157634, mae: 0.464825
886,	Iter: 886, train loss: 2.9054, avg nll: 0.7580, avg wnll: nan, avg kl: 0.8228, mse: 0.416654, wmse: 5.131121, mae: 0.463203
887,	Iter: 887, train loss: 2.8955, avg nll: 0.7509, avg wnll: nan, avg kl: 0.8125, mse: 0.416181, wmse: 5.123435, mae: 0.463216
888,slurmstepd: error: *** JOB 242902 ON gpu0 CANCELLED AT 2023-03-07T14:03:59 ***
