Namespace(n_union_tp=3500, data_folder='datasets/ZTF_all_noz', checkpoint='datasets/ZTF_all_noz0.8617551326751709.h5', start_col=1, inc_errors=False, print_at=1, embed_time=128, enc_num_heads=16, latent_dim=64, mixing='concat', num_ref_points=16, rec_hidden=128, width=512, save_at=30, patience=100, early_stopping=False, niters=20000, frac=0.5, batch_size=2, mse_weight=5.0, dropout=0.0, num_resamples=0, lr=5e-05, scheduler=False, warmup=4000, kl_zero=False, kl_annealing=True, net='hetvae', device='cuda', const_var=False, var_per_dim=False, std=0.1, seed=2, save=True, k_iwae=1) 2954439
validated 3407 files out of 3407 for band='i'
validated 3407 files out of 3407 for band='g'
validated 3407 files out of 3407 for band='r'
3407 3407
(2683, 3, 4431, 3)
created union_tp attribute of length 3500
dataset created w/ shape (2683, 3, 4431, 3)
train size: 2414, valid size: 242, test size: 269
datasets/ZTF_all_noz
=> loading checkpoint 'datasets/ZTF_all_noz0.8617551326751709.h5'
Namespace(n_union_tp=3500, data_folder='datasets/ZTF_all_noz', checkpoint='datasets/ZTF_all_noz0.9060470461845398.h5', start_col=1, inc_errors=False, print_at=1, embed_time=128, enc_num_heads=16, latent_dim=64, mixing='concat', num_ref_points=16, rec_hidden=128, width=512, save_at=30, patience=100, early_stopping=False, niters=20000, frac=0.5, batch_size=2, mse_weight=5.0, dropout=0.0, num_resamples=0, lr=1.5e-05, scheduler=False, warmup=4000, kl_zero=False, kl_annealing=True, net='hetvae', device='cuda', const_var=False, var_per_dim=False, std=0.1, seed=2, save=True, k_iwae=1)
loaded checkpoint w/ loss=3.015456401947469
model_size=574662
2131,	Iter: 2131, train loss: 3.6473, avg nll: 1.0737, avg wnll: 7.0545, avg kl: 0.0408, mse: 0.506556, wmse: 6.751283, mae: 0.519961
2132,	Iter: 2132, train loss: 3.5577, avg nll: 1.0217, avg wnll: 6.4849, avg kl: 0.0364, mse: 0.499906, wmse: 6.620310, mae: 0.515205
2133,	Iter: 2133, train loss: 3.5408, avg nll: 1.0165, avg wnll: 6.4087, avg kl: 0.0346, mse: 0.497929, wmse: 6.584143, mae: 0.513599
2134,	Iter: 2134, train loss: 3.5300, avg nll: 1.0176, avg wnll: 6.4102, avg kl: 0.0325, mse: 0.495967, wmse: 6.542748, mae: 0.513157
2135,	Iter: 2135, train loss: 3.5376, avg nll: 1.0157, avg wnll: 6.3965, avg kl: 0.0307, mse: 0.498249, wmse: 6.602875, mae: 0.513597
2136,	Iter: 2136, train loss: 3.5234, avg nll: 1.0123, avg wnll: 6.3975, avg kl: 0.0308, mse: 0.496069, wmse: 6.573948, mae: 0.512725
2137,	Iter: 2137, train loss: 3.5284, avg nll: 1.0102, avg wnll: 6.3493, avg kl: 0.0306, mse: 0.497528, wmse: 6.573193, mae: 0.513542
2138,	Iter: 2138, train loss: 3.5087, avg nll: 1.0070, avg wnll: 6.3936, avg kl: 0.0294, mse: 0.494461, wmse: 6.530847, mae: 0.511276
2139,	Iter: 2139, train loss: 3.4847, avg nll: 1.0038, avg wnll: 6.3604, avg kl: 0.0286, mse: 0.490467, wmse: 6.483934, mae: 0.509413
2140,	Iter: 2140, train loss: 3.4804, avg nll: 1.0024, avg wnll: 6.3356, avg kl: 0.0278, mse: 0.490031, wmse: 6.487682, mae: 0.509333
nll: 1.0152, mse: 0.5304, mae: 0.5283, mean_mse: 6.8968, mean_mae: 0.5283
1678890677.9987004
2141,	Iter: 2141, train loss: 3.2580, avg nll: 0.9414, avg wnll: 6.1431, avg kl: 0.0248, mse: 0.458345, wmse: 6.031082, mae: 0.491563
2142,	Iter: 2142, train loss: 3.2213, avg nll: 0.9278, avg wnll: 6.2591, avg kl: 0.0246, mse: 0.453782, wmse: 5.972750, mae: 0.488862
2143,	Iter: 2143, train loss: 3.2201, avg nll: 0.9264, avg wnll: 6.2567, avg kl: 0.0250, mse: 0.453748, wmse: 5.973549, mae: 0.489091
2144,	Iter: 2144, train loss: 3.2094, avg nll: 0.9283, avg wnll: 6.2525, avg kl: 0.0253, mse: 0.451166, wmse: 5.934764, mae: 0.487930
2145,	Iter: 2145, train loss: 3.2080, avg nll: 0.9272, avg wnll: 6.2674, avg kl: 0.0261, mse: 0.450940, wmse: 5.918342, mae: 0.487829
2146,	Iter: 2146, train loss: 3.2162, avg nll: 0.9237, avg wnll: 6.2648, avg kl: 0.0262, mse: 0.453260, wmse: 5.954162, mae: 0.488888
2147,	Iter: 2147, train loss: 3.1833, avg nll: 0.9200, avg wnll: 6.2371, avg kl: 0.0261, mse: 0.447436, wmse: 5.874272, mae: 0.486768
2148,	Iter: 2148, train loss: 3.2070, avg nll: 0.9223, avg wnll: 6.2629, avg kl: 0.0261, mse: 0.451712, wmse: 5.933427, mae: 0.488317
2149,	Iter: 2149, train loss: 3.2086, avg nll: 0.9236, avg wnll: 6.2591, avg kl: 0.0260, mse: 0.451796, wmse: 5.949210, mae: 0.488401
2150,	Iter: 2150, train loss: 3.2155, avg nll: 0.9249, avg wnll: 6.3027, avg kl: 0.0262, mse: 0.452880, wmse: 5.966265, mae: 0.488691
nll: 1.0237, mse: 0.5348, mae: 0.5321, mean_mse: 6.9905, mean_mae: 0.5321
1678892772.8677347
2151,	Iter: 2151, train loss: 3.1792, avg nll: 0.9163, avg wnll: 6.2076, avg kl: 0.0259, mse: 0.447410, wmse: 5.882879, mae: 0.485437
2152,	Iter: 2152, train loss: 3.2110, avg nll: 0.9247, avg wnll: 6.2927, avg kl: 0.0251, mse: 0.452228, wmse: 5.952563, mae: 0.488391
2153,	Iter: 2153, train loss: 3.1915, avg nll: 0.9200, avg wnll: 6.2661, avg kl: 0.0253, mse: 0.449246, wmse: 5.911712, mae: 0.486530
2154,	Iter: 2154, train loss: 3.1742, avg nll: 0.9166, avg wnll: 6.2164, avg kl: 0.0254, mse: 0.446438, wmse: 5.871554, mae: 0.485261
2155,	Iter: 2155, train loss: 3.1927, avg nll: 0.9240, avg wnll: 6.3137, avg kl: 0.0261, mse: 0.448513, wmse: 5.886675, mae: 0.486565
2156,	Iter: 2156, train loss: 3.2075, avg nll: 0.9244, avg wnll: 6.2620, avg kl: 0.0260, mse: 0.451427, wmse: 5.930379, mae: 0.488131
2157,	Iter: 2157, train loss: 3.1627, avg nll: 0.9127, avg wnll: 6.2124, avg kl: 0.0260, mse: 0.444788, wmse: 5.836134, mae: 0.485363
2158,	Iter: 2158, train loss: 3.2076, avg nll: 0.9251, avg wnll: 6.2813, avg kl: 0.0259, mse: 0.451307, wmse: 5.929348, mae: 0.488534
2159,	Iter: 2159, train loss: 3.2037, avg nll: 0.9240, avg wnll: 6.2596, avg kl: 0.0257, mse: 0.450787, wmse: 5.927799, mae: 0.487578
2160,	Iter: 2160, train loss: 3.2021, avg nll: 0.9231, avg wnll: 6.3154, avg kl: 0.0262, mse: 0.450547, wmse: 5.934854, mae: 0.487264
nll: 1.0195, mse: 0.5336, mae: 0.5309, mean_mse: 6.9515, mean_mae: 0.5309
1678894864.4221532
saving.................
done
2161,	Iter: 2161, train loss: 3.1799, avg nll: 0.9189, avg wnll: 6.2355, avg kl: 0.0257, mse: 0.447053, wmse: 5.873333, mae: 0.485497
2162,	Iter: 2162, train loss: 3.2025, avg nll: 0.9251, avg wnll: 6.3026, avg kl: 0.0253, mse: 0.450418, wmse: 5.924634, mae: 0.487426
2163,	Iter: 2163, train loss: 3.1954, avg nll: 0.9215, avg wnll: 6.2785, avg kl: 0.0251, mse: 0.449743, wmse: 5.921546, mae: 0.487140
2164,	Iter: 2164, train loss: 3.1717, avg nll: 0.9166, avg wnll: 6.2381, avg kl: 0.0252, mse: 0.445980, wmse: 5.866367, mae: 0.485190
2165,	Iter: 2165, train loss: 3.1948, avg nll: 0.9239, avg wnll: 6.2596, avg kl: 0.0254, mse: 0.449106, wmse: 5.894770, mae: 0.486968
2166,	Iter: 2166, train loss: 3.1835, avg nll: 0.9185, avg wnll: 6.2691, avg kl: 0.0254, mse: 0.447912, wmse: 5.884059, mae: 0.486125
2167,	Iter: 2167, train loss: 3.1521, avg nll: 0.9082, avg wnll: 6.1981, avg kl: 0.0255, mse: 0.443678, wmse: 5.820403, mae: 0.484574
2168,	Iter: 2168, train loss: 3.1860, avg nll: 0.9165, avg wnll: 6.2855, avg kl: 0.0255, mse: 0.448802, wmse: 5.893038, mae: 0.486761
2169,	Iter: 2169, train loss: 3.1848, avg nll: 0.9181, avg wnll: 6.2778, avg kl: 0.0253, mse: 0.448282, wmse: 5.894184, mae: 0.486340
2170,	Iter: 2170, train loss: 3.1914, avg nll: 0.9190, avg wnll: 6.3095, avg kl: 0.0261, mse: 0.449268, wmse: 5.915034, mae: 0.486624
nll: 1.0243, mse: 0.5378, mae: 0.5337, mean_mse: 7.0307, mean_mae: 0.5337
1678896977.1390169
2171,	Iter: 2171, train loss: 3.1679, avg nll: 0.9154, avg wnll: 6.2369, avg kl: 0.0251, mse: 0.445483, wmse: 5.856422, mae: 0.484403
2172,	Iter: 2172, train loss: 3.1786, avg nll: 0.9161, avg wnll: 6.2591, avg kl: 0.0247, mse: 0.447558, wmse: 5.890044, mae: 0.485765
2173,	Iter: 2173, train loss: 3.1817, avg nll: 0.9159, avg wnll: 6.2705, avg kl: 0.0247, mse: 0.448222, wmse: 5.905494, mae: 0.486279
2174,	Iter: 2174, train loss: 3.1683, avg nll: 0.9145, avg wnll: 6.2823, avg kl: 0.0251, mse: 0.445720, wmse: 5.866114, mae: 0.484997
2175,	Iter: 2175, train loss: 3.1865, avg nll: 0.9225, avg wnll: 6.3020, avg kl: 0.0250, mse: 0.447790, wmse: 5.885600, mae: 0.486217
2176,	Iter: 2176, train loss: 3.1804, avg nll: 0.9160, avg wnll: 6.2486, avg kl: 0.0255, mse: 0.447799, wmse: 5.882369, mae: 0.486000
2177,	Iter: 2177, train loss: 3.1476, avg nll: 0.9092, avg wnll: 6.2390, avg kl: 0.0254, mse: 0.442579, wmse: 5.811073, mae: 0.483827
2178,	Iter: 2178, train loss: 3.1756, avg nll: 0.9149, avg wnll: 6.2715, avg kl: 0.0253, mse: 0.447091, wmse: 5.876035, mae: 0.486014
2179,	Iter: 2179, train loss: 3.1757, avg nll: 0.9148, avg wnll: 6.2162, avg kl: 0.0252, mse: 0.447133, wmse: 5.874028, mae: 0.485353
2180,	Iter: 2180, train loss: 3.1764, avg nll: 0.9139, avg wnll: 6.3179, avg kl: 0.0257, mse: 0.447369, wmse: 5.893076, mae: 0.485468
nll: 1.0253, mse: 0.5376, mae: 0.5339, mean_mse: 7.0016, mean_mae: 0.5339
1678899108.9122562
2181,	Iter: 2181, train loss: 3.1696, avg nll: 0.9153, avg wnll: 6.2366, avg kl: 0.0249, mse: 0.445869, wmse: 5.858408, mae: 0.484696
2182,	Iter: 2182, train loss: 3.1825, avg nll: 0.9205, avg wnll: 6.2975, avg kl: 0.0246, mse: 0.447477, wmse: 5.886769, mae: 0.485804
2183,	Iter: 2183, train loss: 3.1689, avg nll: 0.9128, avg wnll: 6.2544, avg kl: 0.0249, mse: 0.446247, wmse: 5.867908, mae: 0.484847
2184,	Iter: 2184, train loss: 3.1511, avg nll: 0.9107, avg wnll: 6.2623, avg kl: 0.0248, mse: 0.443115, wmse: 5.826366, mae: 0.483147
2185,	Iter: 2185, train loss: 3.1896, avg nll: 0.9240, avg wnll: 6.2976, avg kl: 0.0252, mse: 0.448085, wmse: 5.883779, mae: 0.486601
2186,	Iter: 2186, train loss: 3.1821, avg nll: 0.9191, avg wnll: 6.2589, avg kl: 0.0251, mse: 0.447580, wmse: 5.880624, mae: 0.485889
2187,	Iter: 2187, train loss: 3.1455, avg nll: 0.9088, avg wnll: 6.1996, avg kl: 0.0252, mse: 0.442296, wmse: 5.802364, mae: 0.483936
2188,	Iter: 2188, train loss: 3.1776, avg nll: 0.9199, avg wnll: 6.2929, avg kl: 0.0252, mse: 0.446504, wmse: 5.864362, mae: 0.485449
2189,	Iter: 2189, train loss: 3.1694, avg nll: 0.9154, avg wnll: 6.2433, avg kl: 0.0249, mse: 0.445818, wmse: 5.864125, mae: 0.484938
2190,	Iter: 2190, train loss: 3.1819, avg nll: 0.9188, avg wnll: 6.3152, avg kl: 0.0256, mse: 0.447519, wmse: 5.896135, mae: 0.485573
nll: 1.0210, mse: 0.5355, mae: 0.5318, mean_mse: 6.9971, mean_mae: 0.5318
1678901178.0490818
saving.................
done
2191,	Iter: 2191, train loss: 3.1587, avg nll: 0.9137, avg wnll: 6.2504, avg kl: 0.0252, mse: 0.443956, wmse: 5.836589, mae: 0.483607
2192,	Iter: 2192, train loss: 3.1668, avg nll: 0.9134, avg wnll: 6.2600, avg kl: 0.0245, mse: 0.445774, wmse: 5.866040, mae: 0.484610
2193,	Iter: 2193, train loss: 3.1612, avg nll: 0.9087, avg wnll: 6.2404, avg kl: 0.0245, mse: 0.445607, wmse: 5.865745, mae: 0.484573
2194,	Iter: 2194, train loss: 3.1450, avg nll: 0.9076, avg wnll: 6.2264, avg kl: 0.0247, mse: 0.442557, wmse: 5.821232, mae: 0.483020
2195,	Iter: 2195, train loss: 3.1736, avg nll: 0.9186, avg wnll: 6.2861, avg kl: 0.0249, mse: 0.446023, wmse: 5.852252, mae: 0.485269
2196,	Iter: 2196, train loss: 3.1688, avg nll: 0.9123, avg wnll: 6.2334, avg kl: 0.0249, mse: 0.446312, wmse: 5.858867, mae: 0.485222
2197,	Iter: 2197, train loss: 3.1379, avg nll: 0.9054, avg wnll: 6.2281, avg kl: 0.0252, mse: 0.441470, wmse: 5.791363, mae: 0.483423
2198,	Iter: 2198, train loss: 3.1644, avg nll: 0.9116, avg wnll: 6.2755, avg kl: 0.0250, mse: 0.445568, wmse: 5.850471, mae: 0.485021
2199,	Iter: 2199, train loss: 3.1582, avg nll: 0.9091, avg wnll: 6.2623, avg kl: 0.0249, mse: 0.444852, wmse: 5.849903, mae: 0.484113
2200,	Iter: 2200, train loss: 3.1802, avg nll: 0.9161, avg wnll: 6.3113, avg kl: 0.0256, mse: 0.447704, wmse: 5.901497, mae: 0.486072
nll: 1.0240, mse: 0.5378, mae: 0.5338, mean_mse: 7.0114, mean_mae: 0.5338
1678903331.528363
2201,	Iter: 2201, train loss: 3.1566, avg nll: 0.9120, avg wnll: 6.2265, avg kl: 0.0249, mse: 0.443953, wmse: 5.831322, mae: 0.483610
2202,	Iter: 2202, train loss: 3.1573, avg nll: 0.9096, avg wnll: 6.2588, avg kl: 0.0242, mse: 0.444712, wmse: 5.851978, mae: 0.483917
2203,	Iter: 2203, train loss: 3.1554, avg nll: 0.9082, avg wnll: 6.2635, avg kl: 0.0246, mse: 0.444522, wmse: 5.844749, mae: 0.483917
2204,	Iter: 2204, train loss: 3.1439, avg nll: 0.9083, avg wnll: 6.2271, avg kl: 0.0247, mse: 0.442202, wmse: 5.813449, mae: 0.482926
2205,	Iter: 2205, train loss: 3.1710, avg nll: 0.9188, avg wnll: 6.2964, avg kl: 0.0248, mse: 0.445470, wmse: 5.851621, mae: 0.484981
2206,	Iter: 2206, train loss: 3.1540, avg nll: 0.9074, avg wnll: 6.2211, avg kl: 0.0249, mse: 0.444343, wmse: 5.837715, mae: 0.483784
2207,	Iter: 2207, train loss: 3.1394, avg nll: 0.9072, avg wnll: 6.2469, avg kl: 0.0252, mse: 0.441406, wmse: 5.789867, mae: 0.483216
2208,	Iter: 2208, train loss: 3.1791, avg nll: 0.9175, avg wnll: 6.2676, avg kl: 0.0250, mse: 0.447337, wmse: 5.881162, mae: 0.486280
2209,	Iter: 2209, train loss: 3.1609, avg nll: 0.9111, avg wnll: 6.2057, avg kl: 0.0249, mse: 0.444978, wmse: 5.849726, mae: 0.484126
2210,	Iter: 2210, train loss: 3.1648, avg nll: 0.9113, avg wnll: 6.2755, avg kl: 0.0254, mse: 0.445612, wmse: 5.868107, mae: 0.484543
nll: 1.0241, mse: 0.5366, mae: 0.5330, mean_mse: 6.9824, mean_mae: 0.5330
1678905351.887793
2211,	Iter: 2211, train loss: 3.1534, avg nll: 0.9105, avg wnll: 6.2370, avg kl: 0.0248, mse: 0.443622, wmse: 5.836349, mae: 0.483714
2212,	Iter: 2212, train loss: 3.1597, avg nll: 0.9124, avg wnll: 6.3006, avg kl: 0.0244, mse: 0.444601, wmse: 5.851310, mae: 0.484039
2213,	Iter: 2213, train loss: 3.1775, avg nll: 0.9141, avg wnll: 6.2426, avg kl: 0.0245, mse: 0.447800, wmse: 5.901458, mae: 0.486061
2214,	Iter: 2214, train loss: 3.1337, avg nll: 0.9043, avg wnll: 6.2109, avg kl: 0.0244, mse: 0.440994, wmse: 5.802209, mae: 0.481988
2215,	Iter: 2215, train loss: 3.1811, avg nll: 0.9222, avg wnll: 6.3186, avg kl: 0.0249, mse: 0.446806, wmse: 5.863553, mae: 0.485906
2216,	Iter: 2216, train loss: 3.1510, avg nll: 0.9079, avg wnll: 6.2008, avg kl: 0.0251, mse: 0.443593, wmse: 5.825263, mae: 0.483440
2217,	Iter: 2217, train loss: 3.1271, avg nll: 0.9026, avg wnll: 6.2243, avg kl: 0.0254, mse: 0.439806, wmse: 5.774933, mae: 0.482388
2218,	Iter: 2218, train loss: 3.1714, avg nll: 0.9170, avg wnll: 6.2991, avg kl: 0.0249, mse: 0.445892, wmse: 5.863081, mae: 0.485334
2219,	Iter: 2219, train loss: 3.1569, avg nll: 0.9106, avg wnll: 6.2353, avg kl: 0.0247, mse: 0.444321, wmse: 5.843622, mae: 0.484129
2220,	Iter: 2220, train loss: 3.1603, avg nll: 0.9110, avg wnll: 6.2805, avg kl: 0.0252, mse: 0.444795, wmse: 5.857252, mae: 0.484150
nll: 1.0245, mse: 0.5364, mae: 0.5326, mean_mse: 7.0014, mean_mae: 0.5326
1678907559.203941
saving.................
done
2221,	Iter: 2221, train loss: 3.1467, avg nll: 0.9085, avg wnll: 6.2092, avg kl: 0.0250, mse: 0.442639, wmse: 5.816387, mae: 0.482997
2222,	Iter: 2222, train loss: 3.1598, avg nll: 0.9140, avg wnll: 6.2805, avg kl: 0.0242, mse: 0.444338, wmse: 5.847622, mae: 0.484012
2223,	Iter: 2223, train loss: 3.1479, avg nll: 0.9066, avg wnll: 6.2348, avg kl: 0.0243, mse: 0.443391, wmse: 5.832911, mae: 0.483204
2224,	Iter: 2224, train loss: 3.1363, avg nll: 0.9053, avg wnll: 6.2665, avg kl: 0.0246, mse: 0.441279, wmse: 5.805117, mae: 0.482440
2225,	Iter: 2225, train loss: 3.1764, avg nll: 0.9204, avg wnll: 6.3472, avg kl: 0.0246, mse: 0.446276, wmse: 5.860950, mae: 0.485706
2226,	Iter: 2226, train loss: 3.1621, avg nll: 0.9149, avg wnll: 6.2485, avg kl: 0.0252, mse: 0.444404, wmse: 5.837236, mae: 0.484160
2227,	Iter: 2227, train loss: 3.1281, avg nll: 0.9052, avg wnll: 6.2142, avg kl: 0.0250, mse: 0.439579, wmse: 5.766162, mae: 0.482268
2228,	Iter: 2228, train loss: 3.1552, avg nll: 0.9105, avg wnll: 6.2285, avg kl: 0.0248, mse: 0.443987, wmse: 5.828993, mae: 0.484227
2229,	Iter: 2229, train loss: 3.1545, avg nll: 0.9107, avg wnll: 6.2182, avg kl: 0.0248, mse: 0.443803, wmse: 5.832573, mae: 0.483673
2230,	Iter: 2230, train loss: 3.1510, avg nll: 0.9076, avg wnll: 6.2885, avg kl: 0.0250, mse: 0.443687, wmse: 5.840088, mae: 0.483288
nll: 1.0307, mse: 0.5409, mae: 0.5360, mean_mse: 7.0422, mean_mae: 0.5360
1678909619.805097
2231,	Iter: 2231, train loss: 3.1415, avg nll: 0.9070, avg wnll: 6.2101, avg kl: 0.0246, mse: 0.441977, wmse: 5.806337, mae: 0.482496
2232,	Iter: 2232, train loss: 3.1473, avg nll: 0.9069, avg wnll: 6.2695, avg kl: 0.0242, mse: 0.443243, wmse: 5.833933, mae: 0.483239
2233,	Iter: 2233, train loss: 3.1525, avg nll: 0.9086, avg wnll: 6.2450, avg kl: 0.0244, mse: 0.443895, wmse: 5.837984, mae: 0.483608
2234,	Iter: 2234, train loss: 3.1385, avg nll: 0.9096, avg wnll: 6.3231, avg kl: 0.0244, mse: 0.440891, wmse: 5.802907, mae: 0.482278
2235,	Iter: 2235, train loss: 3.1573, avg nll: 0.9139, avg wnll: 6.2517, avg kl: 0.0247, mse: 0.443718, wmse: 5.824739, mae: 0.484001
2236,	Iter: 2236, train loss: 3.1502, avg nll: 0.9115, avg wnll: 6.2819, avg kl: 0.0249, mse: 0.442748, wmse: 5.816778, mae: 0.483025
2237,	Iter: 2237, train loss: 3.1299, avg nll: 0.9060, avg wnll: 6.2202, avg kl: 0.0254, mse: 0.439701, wmse: 5.767932, mae: 0.482460
2238,	Iter: 2238, train loss: 3.1585, avg nll: 0.9114, avg wnll: 6.2422, avg kl: 0.0249, mse: 0.444436, wmse: 5.839115, mae: 0.484452
2239,	Iter: 2239, train loss: 3.1513, avg nll: 0.9108, avg wnll: 6.2208, avg kl: 0.0247, mse: 0.443174, wmse: 5.824876, mae: 0.483534
2240,	Iter: 2240, train loss: 3.1431, avg nll: 0.9055, avg wnll: 6.2526, avg kl: 0.0253, mse: 0.442458, wmse: 5.824279, mae: 0.482678
nll: 1.0228, mse: 0.5357, mae: 0.5319, mean_mse: 6.9779, mean_mae: 0.5319
1678911684.0843585
2241,	Iter: 2241, train loss: 3.1353, avg nll: 0.9055, avg wnll: 6.2357, avg kl: 0.0248, mse: 0.440995, wmse: 5.794321, mae: 0.482072
2242,	Iter: 2242, train loss: 3.1413, avg nll: 0.9059, avg wnll: 6.2593, avg kl: 0.0245, mse: 0.442168, wmse: 5.816225, mae: 0.482551
2243,	Iter: 2243, train loss: 3.1336, avg nll: 0.9012, avg wnll: 6.2329, avg kl: 0.0245, mse: 0.441577, wmse: 5.805244, mae: 0.482024
2244,	Iter: 2244, train loss: 3.1310, avg nll: 0.9044, avg wnll: 6.2397, avg kl: 0.0244, mse: 0.440443, wmse: 5.789980, mae: 0.481997
2245,	Iter: 2245, train loss: 3.1500, avg nll: 0.9110, avg wnll: 6.2638, avg kl: 0.0248, mse: 0.442836, wmse: 5.813975, mae: 0.483604
2246,	Iter: 2246, train loss: 3.1467, avg nll: 0.9084, avg wnll: 6.2411, avg kl: 0.0250, mse: 0.442683, wmse: 5.810369, mae: 0.483045
2247,	Iter: 2247, train loss: 3.1202, avg nll: 0.9017, avg wnll: 6.1980, avg kl: 0.0252, mse: 0.438666, wmse: 5.752036, mae: 0.481877
2248,	Iter: 2248, train loss: 3.1531, avg nll: 0.9099, avg wnll: 6.2519, avg kl: 0.0247, mse: 0.443696, wmse: 5.820162, mae: 0.484061
2249,	Iter: 2249, train loss: 3.1369, avg nll: 0.9057, avg wnll: 6.2017, avg kl: 0.0245, mse: 0.441336, wmse: 5.798686, mae: 0.482045
2250,	Iter: 2250, train loss: 3.1168, avg nll: 0.9047, avg wnll: 6.2997, avg kl: 0.0560, mse: 0.442423, wmse: 5.828535, mae: 0.482381
nll: 1.0277, mse: 0.5376, mae: 0.5338, mean_mse: 7.0101, mean_mae: 0.5338
1678913778.1062863
saving.................
done
2251,	Iter: 2251, train loss: 3.0952, avg nll: 0.9013, avg wnll: 6.2326, avg kl: 0.0845, mse: 0.438688, wmse: 5.765983, mae: 0.480416
2252,	Iter: 2252, train loss: 3.1056, avg nll: 0.9013, avg wnll: 6.2747, avg kl: 0.0914, mse: 0.440656, wmse: 5.795327, mae: 0.481650
2253,	Iter: 2253, train loss: 3.0986, avg nll: 0.8979, avg wnll: 6.2316, avg kl: 0.0951, mse: 0.439840, wmse: 5.775740, mae: 0.480921
2254,	Iter: 2254, train loss: 3.0885, avg nll: 0.8998, avg wnll: 6.2260, avg kl: 0.0942, mse: 0.437346, wmse: 5.744175, mae: 0.480046
2255,	Iter: 2255, train loss: 3.1160, avg nll: 0.9101, avg wnll: 6.3050, avg kl: 0.1054, mse: 0.440629, wmse: 5.779658, mae: 0.482220
2256,	Iter: 2256, train loss: 3.1100, avg nll: 0.9033, avg wnll: 6.2168, avg kl: 0.1136, mse: 0.440616, wmse: 5.775496, mae: 0.481502
2257,	Iter: 2257, train loss: 3.0776, avg nll: 0.8991, avg wnll: 6.2043, avg kl: 0.1100, mse: 0.434870, wmse: 5.697694, mae: 0.479395
2258,	Iter: 2258, train loss: 3.1053, avg nll: 0.9034, avg wnll: 6.2820, avg kl: 0.1062, mse: 0.439463, wmse: 5.759544, mae: 0.481244
2259,	Iter: 2259, train loss: 3.1023, avg nll: 0.9015, avg wnll: 6.2149, avg kl: 0.1061, mse: 0.439143, wmse: 5.765654, mae: 0.480803
2260,	Iter: 2260, train loss: 3.1057, avg nll: 0.9020, avg wnll: 6.2915, avg kl: 0.1046, mse: 0.439617, wmse: 5.781069, mae: 0.481241
nll: 1.0283, mse: 0.5405, mae: 0.5354, mean_mse: 7.0437, mean_mae: 0.5354
1678915834.6057954
2261,	Iter: 2261, train loss: 3.0948, avg nll: 0.8995, avg wnll: 6.2204, avg kl: 0.1020, mse: 0.437872, wmse: 5.747567, mae: 0.480173
2262,	Iter: 2262, train loss: 3.1083, avg nll: 0.9033, avg wnll: 6.2781, avg kl: 0.0991, mse: 0.439736, wmse: 5.775376, mae: 0.481318
2263,	Iter: 2263, train loss: 3.1053, avg nll: 0.9022, avg wnll: 6.2938, avg kl: 0.0952, mse: 0.439297, wmse: 5.772247, mae: 0.481044
2264,	Iter: 2264, train loss: 3.0822, avg nll: 0.8968, avg wnll: 6.2025, avg kl: 0.0918, mse: 0.435705, wmse: 5.716366, mae: 0.479056
2265,	Iter: 2265, train loss: 3.1106, avg nll: 0.9071, avg wnll: 6.3040, avg kl: 0.0968, mse: 0.439140, wmse: 5.757921, mae: 0.481526
2266,	Iter: 2266, train loss: 3.1511, avg nll: 0.9114, avg wnll: 6.2437, avg kl: 0.1013, mse: 0.446214, wmse: 5.857800, mae: 0.485074
2267,	Iter: 2267, train loss: 3.0706, avg nll: 0.8935, avg wnll: 6.2202, avg kl: 0.0933, mse: 0.433716, wmse: 5.681754, mae: 0.478857
2268,	Iter: 2268, train loss: 3.0892, avg nll: 0.8954, avg wnll: 6.2388, avg kl: 0.0900, mse: 0.437036, wmse: 5.732598, mae: 0.480280
2269,	Iter: 2269, train loss: 3.1002, avg nll: 0.8996, avg wnll: 6.2431, avg kl: 0.0897, mse: 0.438291, wmse: 5.753007, mae: 0.480502
2270,	Iter: 2270, train loss: 3.1030, avg nll: 0.8993, avg wnll: 6.2722, avg kl: 0.0908, mse: 0.438815, wmse: 5.770429, mae: 0.480795
nll: 1.0309, mse: 0.5381, mae: 0.5339, mean_mse: 7.0250, mean_mae: 0.5339
1678917924.2807703
2271,	Iter: 2271, train loss: 3.0819, avg nll: 0.8950, avg wnll: 6.2061, avg kl: 0.0886, mse: 0.435413, wmse: 5.713788, mae: 0.478828
2272,	Iter: 2272, train loss: 3.0937, avg nll: 0.8958, avg wnll: 6.2495, avg kl: 0.0856, mse: 0.437568, wmse: 5.748883, mae: 0.480222
2273,	Iter: 2273, train loss: 3.1026, avg nll: 0.8987, avg wnll: 6.2789, avg kl: 0.0839, mse: 0.438724, wmse: 5.775299, mae: 0.480812
2274,	Iter: 2274, train loss: 3.0808, avg nll: 0.8955, avg wnll: 6.2368, avg kl: 0.0831, mse: 0.434941, wmse: 5.711020, mae: 0.478776
2275,	Iter: 2275, train loss: 3.1019, avg nll: 0.9022, avg wnll: 6.2720, avg kl: 0.0856, mse: 0.437661, wmse: 5.736341, mae: 0.480510
2276,	Iter: 2276, train loss: 3.1035, avg nll: 0.8972, avg wnll: 6.2788, avg kl: 0.0875, mse: 0.438830, wmse: 5.751702, mae: 0.480915
2277,	Iter: 2277, train loss: 3.0705, avg nll: 0.8919, avg wnll: 6.2510, avg kl: 0.0860, mse: 0.433242, wmse: 5.684308, mae: 0.478766
2278,	Iter: 2278, train loss: 3.1038, avg nll: 0.9002, avg wnll: 6.2473, avg kl: 0.0842, mse: 0.438215, wmse: 5.748045, mae: 0.481074
2279,	Iter: 2279, train loss: 3.0956, avg nll: 0.8974, avg wnll: 6.2393, avg kl: 0.0838, mse: 0.437058, wmse: 5.736609, mae: 0.479812
2280,	Iter: 2280, train loss: 3.1002, avg nll: 0.8965, avg wnll: 6.2716, avg kl: 0.0831, mse: 0.438065, wmse: 5.756080, mae: 0.480339
nll: 1.0227, mse: 0.5358, mae: 0.5320, mean_mse: 6.9877, mean_mae: 0.5320
1678920017.992423
saving.................
done
2281,	Iter: 2281, train loss: 3.0831, avg nll: 0.8946, avg wnll: 6.2311, avg kl: 0.0822, mse: 0.434982, wmse: 5.709723, mae: 0.478765
2282,	Iter: 2282, train loss: 3.0960, avg nll: 0.8978, avg wnll: 6.2380, avg kl: 0.0804, mse: 0.436899, wmse: 5.739970, mae: 0.479488
2283,	Iter: 2283, train loss: 3.1277, avg nll: 0.9057, avg wnll: 6.2905, avg kl: 0.0809, mse: 0.441549, wmse: 5.807302, mae: 0.482297
2284,	Iter: 2284, train loss: 3.0745, avg nll: 0.8941, avg wnll: 6.2463, avg kl: 0.0793, mse: 0.433197, wmse: 5.683859, mae: 0.477763
2285,	Iter: 2285, train loss: 3.0999, avg nll: 0.9011, avg wnll: 6.2836, avg kl: 0.0800, mse: 0.436770, wmse: 5.727801, mae: 0.480235
2286,	Iter: 2286, train loss: 3.0925, avg nll: 0.8960, avg wnll: 6.2772, avg kl: 0.0818, mse: 0.436166, wmse: 5.721884, mae: 0.479245
2287,	Iter: 2287, train loss: 3.0627, avg nll: 0.8897, avg wnll: 6.2551, avg kl: 0.0807, mse: 0.431408, wmse: 5.655001, mae: 0.477657
2288,	Iter: 2288, train loss: 3.1012, avg nll: 0.9002, avg wnll: 6.2744, avg kl: 0.0794, mse: 0.436967, wmse: 5.731116, mae: 0.480415
2289,	Iter: 2289, train loss: 3.0913, avg nll: 0.8949, avg wnll: 6.2189, avg kl: 0.0792, mse: 0.435996, wmse: 5.723531, mae: 0.479352
2290,	Iter: 2290, train loss: 3.0962, avg nll: 0.8957, avg wnll: 6.2711, avg kl: 0.0794, mse: 0.436699, wmse: 5.744999, mae: 0.479711
nll: 1.0277, mse: 0.5390, mae: 0.5347, mean_mse: 7.0374, mean_mae: 0.5347
1678922117.949948
2291,	Iter: 2291, train loss: 3.1066, avg nll: 0.9013, avg wnll: 6.2443, avg kl: 0.0782, mse: 0.437651, wmse: 5.747800, mae: 0.480219
2292,	Iter: 2292, train loss: 3.0975, avg nll: 0.8971, avg wnll: 6.2435, avg kl: 0.0753, mse: 0.436714, wmse: 5.735453, mae: 0.479668
2293,	Iter: 2293, train loss: 3.0847, avg nll: 0.8921, avg wnll: 6.2525, avg kl: 0.0753, mse: 0.435062, wmse: 5.714167, mae: 0.478641
2294,	Iter: 2294, train loss: 3.0756, avg nll: 0.8931, avg wnll: 6.2671, avg kl: 0.0751, mse: 0.432987, wmse: 5.686253, mae: 0.477792
2295,	Iter: 2295, train loss: 3.1101, avg nll: 0.9039, avg wnll: 6.2838, avg kl: 0.0762, mse: 0.437588, wmse: 5.738574, mae: 0.480843
2296,	Iter: 2296, train loss: 3.0934, avg nll: 0.8959, avg wnll: 6.2372, avg kl: 0.0771, mse: 0.435701, wmse: 5.708754, mae: 0.479266
2297,	Iter: 2297, train loss: 3.0613, avg nll: 0.8888, avg wnll: 6.2420, avg kl: 0.0769, mse: 0.430636, wmse: 5.640825, mae: 0.477139
2298,	Iter: 2298, train loss: 3.0977, avg nll: 0.8979, avg wnll: 6.2560, avg kl: 0.0759, mse: 0.436076, wmse: 5.721879, mae: 0.479952
2299,	Iter: 2299, train loss: 3.0897, avg nll: 0.8942, avg wnll: 6.2399, avg kl: 0.0753, mse: 0.435170, wmse: 5.715781, mae: 0.478872
2300,	Iter: 2300, train loss: 3.0919, avg nll: 0.8929, avg wnll: 6.2637, avg kl: 0.0757, mse: 0.435753, wmse: 5.729743, mae: 0.479026
nll: 1.0241, mse: 0.5365, mae: 0.5329, mean_mse: 6.9969, mean_mae: 0.5329
1678924150.8112957
2301,	Iter: 2301, train loss: 3.0799, avg nll: 0.8923, avg wnll: 6.2339, avg kl: 0.0748, mse: 0.433450, wmse: 5.695000, mae: 0.477822
2302,	Iter: 2302, train loss: 3.0976, avg nll: 0.8949, avg wnll: 6.2702, avg kl: 0.0731, mse: 0.436485, wmse: 5.740838, mae: 0.479759
2303,	Iter: 2303, train loss: 3.0879, avg nll: 0.8919, avg wnll: 6.2674, avg kl: 0.0723, mse: 0.435123, wmse: 5.722383, mae: 0.478836
2304,	Iter: 2304, train loss: 3.0817, avg nll: 0.8935, avg wnll: 6.2590, avg kl: 0.0720, mse: 0.433505, wmse: 5.693838, mae: 0.478352
2305,	Iter: 2305, train loss: 3.1041, avg nll: 0.9005, avg wnll: 6.2475, avg kl: 0.0729, mse: 0.436432, wmse: 5.722211, mae: 0.480321
2306,	Iter: 2306, train loss: 3.0917, avg nll: 0.8937, avg wnll: 6.2475, avg kl: 0.0742, mse: 0.435168, wmse: 5.707687, mae: 0.478880
2307,	Iter: 2307, train loss: 3.0575, avg nll: 0.8866, avg wnll: 6.2182, avg kl: 0.0740, mse: 0.429682, wmse: 5.634491, mae: 0.476732
2308,	Iter: 2308, train loss: 3.0833, avg nll: 0.8894, avg wnll: 6.2408, avg kl: 0.0728, mse: 0.434262, wmse: 5.696981, mae: 0.478478
2309,	Iter: 2309, train loss: 3.0880, avg nll: 0.8909, avg wnll: 6.2342, avg kl: 0.0718, mse: 0.434898, wmse: 5.710592, mae: 0.478898
2310,	Iter: 2310, train loss: 3.0963, avg nll: 0.8931, avg wnll: 6.3286, avg kl: 0.0730, mse: 0.435969, wmse: 5.734490, mae: 0.479210
nll: 1.0334, mse: 0.5428, mae: 0.5372, mean_mse: 7.0863, mean_mae: 0.5372
1678926281.6879199
saving.................
done
2311,	Iter: 2311, train loss: 3.0855, avg nll: 0.8933, avg wnll: 6.2297, avg kl: 0.0717, mse: 0.433769, wmse: 5.693174, mae: 0.478011
2312,	Iter: 2312, train loss: 3.0950, avg nll: 0.8949, avg wnll: 6.2970, avg kl: 0.0693, mse: 0.435442, wmse: 5.722806, mae: 0.478911
2313,	Iter: 2313, train loss: 3.0877, avg nll: 0.8914, avg wnll: 6.2465, avg kl: 0.0695, mse: 0.434588, wmse: 5.710232, mae: 0.478468
2314,	Iter: 2314, train loss: 3.0709, avg nll: 0.8890, avg wnll: 6.2531, avg kl: 0.0695, mse: 0.431634, wmse: 5.670282, mae: 0.477104
2315,	Iter: 2315, train loss: 3.1057, avg nll: 0.9001, avg wnll: 6.2927, avg kl: 0.0698, mse: 0.436274, wmse: 5.728793, mae: 0.480240
2316,	Iter: 2316, train loss: 3.1369, avg nll: 0.9042, avg wnll: 6.2212, avg kl: 0.0719, mse: 0.441476, wmse: 5.798597, mae: 0.482765
2317,	Iter: 2317, train loss: 3.0598, avg nll: 0.8879, avg wnll: 6.2298, avg kl: 0.0708, mse: 0.429307, wmse: 5.626013, mae: 0.476531
2318,	Iter: 2318, train loss: 3.0836, avg nll: 0.8898, avg wnll: 6.2189, avg kl: 0.0695, mse: 0.433712, wmse: 5.686101, mae: 0.478366
2319,	Iter: 2319, train loss: 3.0869, avg nll: 0.8910, avg wnll: 6.2314, avg kl: 0.0693, mse: 0.434084, wmse: 5.701346, mae: 0.478428
2320,	Iter: 2320, train loss: 3.0936, avg nll: 0.8947, avg wnll: 6.3102, avg kl: 0.0699, mse: 0.434578, wmse: 5.712677, mae: 0.478414
nll: 1.0259, mse: 0.5368, mae: 0.5328, mean_mse: 7.0166, mean_mae: 0.5328
1678928331.0427709
2321,	Iter: 2321, train loss: 3.0779, avg nll: 0.8901, avg wnll: 6.2204, avg kl: 0.0685, mse: 0.432379, wmse: 5.676701, mae: 0.477097
2322,	Iter: 2322, train loss: 3.0922, avg nll: 0.8928, avg wnll: 6.2482, avg kl: 0.0672, mse: 0.434705, wmse: 5.716567, mae: 0.478878
2323,	Iter: 2323, train loss: 3.0894, avg nll: 0.8915, avg wnll: 6.2683, avg kl: 0.0670, mse: 0.434367, wmse: 5.709088, mae: 0.478312
2324,	Iter: 2324, train loss: 3.0817, avg nll: 0.8917, avg wnll: 6.2661, avg kl: 0.0664, mse: 0.432767, wmse: 5.682875, mae: 0.477863
2325,	Iter: 2325, train loss: 3.0884, avg nll: 0.8940, avg wnll: 6.2668, avg kl: 0.0666, mse: 0.433540, wmse: 5.682096, mae: 0.478221
2326,	Iter: 2326, train loss: 3.0947, avg nll: 0.8921, avg wnll: 6.2301, avg kl: 0.0674, mse: 0.435045, wmse: 5.703953, mae: 0.478784
2327,	Iter: 2327, train loss: 3.0656, avg nll: 0.8895, avg wnll: 6.2272, avg kl: 0.0681, mse: 0.429638, wmse: 5.633480, mae: 0.476935
2328,	Iter: 2328, train loss: 3.0911, avg nll: 0.8925, avg wnll: 6.2412, avg kl: 0.0663, mse: 0.434201, wmse: 5.695355, mae: 0.478805
2329,	Iter: 2329, train loss: 3.0839, avg nll: 0.8903, avg wnll: 6.2514, avg kl: 0.0657, mse: 0.433195, wmse: 5.689787, mae: 0.477950
2330,	Iter: 2330, train loss: 3.0919, avg nll: 0.8910, avg wnll: 6.2785, avg kl: 0.0672, mse: 0.434443, wmse: 5.713199, mae: 0.478508
nll: 1.0304, mse: 0.5406, mae: 0.5355, mean_mse: 7.0534, mean_mae: 0.5355
1678930438.573586
2331,	Iter: 2331, train loss: 3.0759, avg nll: 0.8883, avg wnll: 6.2255, avg kl: 0.0654, mse: 0.431863, wmse: 5.668005, mae: 0.477033
2332,	Iter: 2332, train loss: 3.1003, avg nll: 0.8950, avg wnll: 6.2639, avg kl: 0.0644, mse: 0.435431, wmse: 5.726012, mae: 0.479277
2333,	Iter: 2333, train loss: 3.0943, avg nll: 0.8940, avg wnll: 6.3066, avg kl: 0.0644, mse: 0.434361, wmse: 5.717845, mae: 0.478523
2334,	Iter: 2334, train loss: 3.0746, avg nll: 0.8900, avg wnll: 6.2326, avg kl: 0.0639, mse: 0.431206, wmse: 5.662074, mae: 0.476881
2335,	Iter: 2335, train loss: 3.1124, avg nll: 0.9002, avg wnll: 6.2400, avg kl: 0.0635, mse: 0.436689, wmse: 5.726811, mae: 0.480430
2336,	Iter: 2336, train loss: 3.0885, avg nll: 0.8911, avg wnll: 6.2458, avg kl: 0.0645, mse: 0.433543, wmse: 5.684508, mae: 0.478029
2337,	Iter: 2337, train loss: 3.0590, avg nll: 0.8844, avg wnll: 6.2211, avg kl: 0.0644, mse: 0.428953, wmse: 5.624671, mae: 0.476544
2338,	Iter: 2338, train loss: 3.0902, avg nll: 0.8908, avg wnll: 6.2412, avg kl: 0.0631, mse: 0.433948, wmse: 5.690450, mae: 0.478912
2339,	Iter: 2339, train loss: 3.0862, avg nll: 0.8911, avg wnll: 6.2471, avg kl: 0.0624, mse: 0.433099, wmse: 5.688246, mae: 0.477751
2340,	Iter: 2340, train loss: 3.0832, avg nll: 0.8856, avg wnll: 6.2603, avg kl: 0.0641, mse: 0.433374, wmse: 5.701438, mae: 0.477605
nll: 1.0317, mse: 0.5407, mae: 0.5354, mean_mse: 7.0433, mean_mae: 0.5354
1678932445.056722
saving.................
done
2341,	Iter: 2341, train loss: 3.0727, avg nll: 0.8870, avg wnll: 6.2509, avg kl: 0.0627, mse: 0.431061, wmse: 5.660364, mae: 0.476514
2342,	Iter: 2342, train loss: 3.0960, avg nll: 0.8933, avg wnll: 6.2709, avg kl: 0.0617, mse: 0.434473, wmse: 5.717136, mae: 0.478729
2343,	Iter: 2343, train loss: 3.0935, avg nll: 0.8921, avg wnll: 6.2586, avg kl: 0.0611, mse: 0.434225, wmse: 5.705734, mae: 0.478600
2344,	Iter: 2344, train loss: 3.0754, avg nll: 0.8872, avg wnll: 6.2154, avg kl: 0.0604, mse: 0.431591, wmse: 5.670087, mae: 0.477202
2345,	Iter: 2345, train loss: 3.1020, avg nll: 0.8970, avg wnll: 6.2898, avg kl: 0.0613, mse: 0.434785, wmse: 5.699538, mae: 0.479449
2346,	Iter: 2346, train loss: 3.0888, avg nll: 0.8926, avg wnll: 6.2508, avg kl: 0.0615, mse: 0.432932, wmse: 5.679734, mae: 0.477686
2347,	Iter: 2347, train loss: 3.0609, avg nll: 0.8853, avg wnll: 6.2081, avg kl: 0.0617, mse: 0.428738, wmse: 5.617986, mae: 0.476391
2348,	Iter: 2348, train loss: 3.0806, avg nll: 0.8866, avg wnll: 6.2316, avg kl: 0.0606, mse: 0.432448, wmse: 5.670678, mae: 0.477734
2349,	Iter: 2349, train loss: 3.0783, avg nll: 0.8874, avg wnll: 6.2300, avg kl: 0.0601, mse: 0.431843, wmse: 5.669574, mae: 0.476920
2350,	Iter: 2350, train loss: 3.0839, avg nll: 0.8868, avg wnll: 6.2808, avg kl: 0.0613, mse: 0.432879, wmse: 5.692438, mae: 0.477356
nll: 1.0306, mse: 0.5405, mae: 0.5352, mean_mse: 7.0474, mean_mae: 0.5352
1678934573.3725414
2351,slurmstepd: error: *** JOB 246293 ON gpu1 CANCELLED AT 2023-03-16T02:49:54 ***
