Namespace(n_union_tp=3500, data_folder='datasets/ZTF_all_noz', checkpoint='ZTF_all_noz0.7984392046928406.h5', start_col=1, inc_errors=False, print_at=1, embed_time=128, enc_num_heads=16, latent_dim=64, mixing='concat', num_ref_points=16, rec_hidden=128, width=512, save_at=30, patience=100, early_stopping=False, niters=20000, frac=0.5, batch_size=2, mse_weight=5.0, dropout=0.0, num_resamples=0, lr=1e-09, scheduler=False, warmup=4000, kl_zero=False, kl_annealing=True, net='hetvae', device='cuda', const_var=False, var_per_dim=False, std=0.1, seed=2, save=True, k_iwae=1) 9931855
validated 3407 files out of 3407 for band='i'
validated 3407 files out of 3407 for band='g'
validated 3407 files out of 3407 for band='r'
3407 3407
(2683, 3, 4431, 3)
created union_tp attribute of length 3500
dataset created w/ shape (2683, 3, 4431, 3)
train size: 2414, valid size: 242, test size: 269
datasets/ZTF_all_noz
=> loading checkpoint 'ZTF_all_noz0.7984392046928406.h5'
Namespace(n_union_tp=3500, data_folder='datasets/ZTF_all_noz', checkpoint='ZTF_all_noz0.7986480593681335.h5', start_col=1, inc_errors=False, print_at=1, embed_time=128, enc_num_heads=16, latent_dim=64, mixing='concat', num_ref_points=16, rec_hidden=128, width=512, save_at=30, patience=100, early_stopping=False, niters=20000, frac=0.5, batch_size=2, mse_weight=5.0, dropout=0.0, num_resamples=0, lr=1e-08, scheduler=False, warmup=4000, kl_zero=False, kl_annealing=True, net='hetvae', device='cuda', const_var=False, var_per_dim=False, std=0.1, seed=2, save=True, k_iwae=1)
loaded checkpoint w/ loss=2.8785495620773367
model_size=574662
3481,	Iter: 3481, train loss: 4.1466, avg nll: 1.7644, avg wnll: 19.5598, avg kl: 0.0531, mse: 0.470421, wmse: 6.197481, mae: 0.499200
3482,	Iter: 3482, train loss: 4.0689, avg nll: 1.6780, avg wnll: 19.1687, avg kl: 0.0531, mse: 0.472119, wmse: 6.202981, mae: 0.499846
3483,	Iter: 3483, train loss: 4.1598, avg nll: 1.7740, avg wnll: 21.5416, avg kl: 0.0537, mse: 0.470958, wmse: 6.177688, mae: 0.499041
3484,	Iter: 3484, train loss: 4.3299, avg nll: 1.9489, avg wnll: 25.3091, avg kl: 0.0528, mse: 0.470072, wmse: 6.158277, mae: 0.498834
3485,	Iter: 3485, train loss: 4.2630, avg nll: 1.8701, avg wnll: 20.3746, avg kl: 0.0522, mse: 0.472449, wmse: 6.206300, mae: 0.499374
3486,	Iter: 3486, train loss: 4.3091, avg nll: 1.9313, avg wnll: 21.4032, avg kl: 0.0536, mse: 0.469211, wmse: 6.159330, mae: 0.498256
3487,	Iter: 3487, train loss: 4.1217, avg nll: 1.7287, avg wnll: 17.4501, avg kl: 0.0540, mse: 0.472145, wmse: 6.185282, mae: 0.500003
3488,	Iter: 3488, train loss: 4.1416, avg nll: 1.7557, avg wnll: 21.1330, avg kl: 0.0530, mse: 0.470785, wmse: 6.191199, mae: 0.499309
3489,	Iter: 3489, train loss: 4.1201, avg nll: 1.7529, avg wnll: 18.2217, avg kl: 0.0536, mse: 0.466920, wmse: 6.128781, mae: 0.497310
3490,	Iter: 3490, train loss: 4.1964, avg nll: 1.8233, avg wnll: 22.8083, avg kl: 0.0530, mse: 0.468123, wmse: 6.137580, mae: 0.497790
nll: 1.0583, mse: 0.5302, mae: 0.5289, mean_mse: 6.9244, mean_mae: 0.5289
1679328914.3430119
3491,	Iter: 3491, train loss: 2.8997, avg nll: 0.8096, avg wnll: 6.1436, avg kl: 0.0517, mse: 0.411616, wmse: 5.380286, mae: 0.463037
3492,	Iter: 3492, train loss: 2.9018, avg nll: 0.8070, avg wnll: 6.1906, avg kl: 0.0512, mse: 0.412568, wmse: 5.396465, mae: 0.463785
3493,	Iter: 3493, train loss: 2.9010, avg nll: 0.8077, avg wnll: 6.1304, avg kl: 0.0515, mse: 0.412181, wmse: 5.387193, mae: 0.463352
3494,	Iter: 3494, train loss: 2.8854, avg nll: 0.8048, avg wnll: 6.1277, avg kl: 0.0513, mse: 0.409613, wmse: 5.358156, mae: 0.462101
3495,	Iter: 3495, train loss: 2.9016, avg nll: 0.8110, avg wnll: 6.2055, avg kl: 0.0511, mse: 0.411590, wmse: 5.372911, mae: 0.463344
3496,	Iter: 3496, train loss: 2.8954, avg nll: 0.8037, avg wnll: 6.1036, avg kl: 0.0516, mse: 0.411677, wmse: 5.374248, mae: 0.463152
3497,	Iter: 3497, train loss: 2.8690, avg nll: 0.7973, avg wnll: 6.0831, avg kl: 0.0513, mse: 0.407657, wmse: 5.320489, mae: 0.461609
3498,	Iter: 3498, train loss: 2.8862, avg nll: 0.8024, avg wnll: 6.0904, avg kl: 0.0515, mse: 0.410015, wmse: 5.357315, mae: 0.462445
3499,	Iter: 3499, train loss: 2.8880, avg nll: 0.8015, avg wnll: 6.0734, avg kl: 0.0516, mse: 0.410460, wmse: 5.369370, mae: 0.462330
3500,	Iter: 3500, train loss: 2.8840, avg nll: 0.7984, avg wnll: 6.0502, avg kl: 0.0523, mse: 0.410149, wmse: 5.367068, mae: 0.461903
nll: 1.0583, mse: 0.5302, mae: 0.5289, mean_mse: 6.9245, mean_mae: 0.5289
1679330812.347739
3501,	Iter: 3501, train loss: 2.9024, avg nll: 0.8096, avg wnll: 6.1437, avg kl: 0.0517, mse: 0.411616, wmse: 5.380285, mae: 0.463037
3502,	Iter: 3502, train loss: 2.9046, avg nll: 0.8070, avg wnll: 6.1907, avg kl: 0.0512, mse: 0.412568, wmse: 5.396481, mae: 0.463785
3503,	Iter: 3503, train loss: 2.9038, avg nll: 0.8077, avg wnll: 6.1306, avg kl: 0.0515, mse: 0.412181, wmse: 5.387206, mae: 0.463352
3504,	Iter: 3504, train loss: 2.8881, avg nll: 0.8048, avg wnll: 6.1279, avg kl: 0.0513, mse: 0.409614, wmse: 5.358186, mae: 0.462103
3505,	Iter: 3505, train loss: 2.9043, avg nll: 0.8110, avg wnll: 6.2056, avg kl: 0.0511, mse: 0.411589, wmse: 5.372926, mae: 0.463344
3506,	Iter: 3506, train loss: 2.8982, avg nll: 0.8037, avg wnll: 6.1038, avg kl: 0.0516, mse: 0.411676, wmse: 5.374256, mae: 0.463151
3507,	Iter: 3507, train loss: 2.8717, avg nll: 0.7973, avg wnll: 6.0832, avg kl: 0.0513, mse: 0.407656, wmse: 5.320497, mae: 0.461609
3508,	Iter: 3508, train loss: 2.8890, avg nll: 0.8024, avg wnll: 6.0906, avg kl: 0.0515, mse: 0.410014, wmse: 5.357325, mae: 0.462445
3509,	Iter: 3509, train loss: 2.8907, avg nll: 0.8015, avg wnll: 6.0736, avg kl: 0.0516, mse: 0.410461, wmse: 5.369398, mae: 0.462331
3510,	Iter: 3510, train loss: 2.8868, avg nll: 0.7984, avg wnll: 6.0504, avg kl: 0.0522, mse: 0.410150, wmse: 5.367097, mae: 0.461903
nll: 1.0583, mse: 0.5302, mae: 0.5289, mean_mse: 6.9245, mean_mae: 0.5289
1679332705.3532128
saving.................
done
3511,	Iter: 3511, train loss: 2.9052, avg nll: 0.8096, avg wnll: 6.1439, avg kl: 0.0517, mse: 0.411615, wmse: 5.380297, mae: 0.463036
3512,	Iter: 3512, train loss: 2.9073, avg nll: 0.8070, avg wnll: 6.1908, avg kl: 0.0512, mse: 0.412568, wmse: 5.396494, mae: 0.463785
3513,	Iter: 3513, train loss: 2.9065, avg nll: 0.8077, avg wnll: 6.1308, avg kl: 0.0514, mse: 0.412181, wmse: 5.387231, mae: 0.463353
3514,	Iter: 3514, train loss: 2.8909, avg nll: 0.8048, avg wnll: 6.1281, avg kl: 0.0513, mse: 0.409614, wmse: 5.358219, mae: 0.462103
3515,	Iter: 3515, train loss: 2.9071, avg nll: 0.8110, avg wnll: 6.2058, avg kl: 0.0511, mse: 0.411589, wmse: 5.372934, mae: 0.463343
3516,	Iter: 3516, train loss: 2.9009, avg nll: 0.8037, avg wnll: 6.1039, avg kl: 0.0516, mse: 0.411676, wmse: 5.374274, mae: 0.463151
3517,	Iter: 3517, train loss: 2.8744, avg nll: 0.7973, avg wnll: 6.0834, avg kl: 0.0513, mse: 0.407656, wmse: 5.320517, mae: 0.461609
3518,	Iter: 3518, train loss: 2.8917, avg nll: 0.8024, avg wnll: 6.0908, avg kl: 0.0514, mse: 0.410014, wmse: 5.357353, mae: 0.462444
3519,	Iter: 3519, train loss: 2.8935, avg nll: 0.8015, avg wnll: 6.0739, avg kl: 0.0516, mse: 0.410461, wmse: 5.369431, mae: 0.462331
3520,	Iter: 3520, train loss: 2.8895, avg nll: 0.7984, avg wnll: 6.0507, avg kl: 0.0522, mse: 0.410150, wmse: 5.367129, mae: 0.461904
nll: 1.0583, mse: 0.5302, mae: 0.5289, mean_mse: 6.9245, mean_mae: 0.5289
1679334527.2180228
3521,	Iter: 3521, train loss: 2.9079, avg nll: 0.8096, avg wnll: 6.1441, avg kl: 0.0517, mse: 0.411615, wmse: 5.380311, mae: 0.463036
3522,	Iter: 3522, train loss: 2.9100, avg nll: 0.8070, avg wnll: 6.1911, avg kl: 0.0512, mse: 0.412568, wmse: 5.396511, mae: 0.463785
3523,	Iter: 3523, train loss: 2.9093, avg nll: 0.8077, avg wnll: 6.1310, avg kl: 0.0514, mse: 0.412181, wmse: 5.387254, mae: 0.463353
3524,	Iter: 3524, train loss: 2.8936, avg nll: 0.8048, avg wnll: 6.1284, avg kl: 0.0513, mse: 0.409615, wmse: 5.358244, mae: 0.462103
3525,	Iter: 3525, train loss: 2.9098, avg nll: 0.8110, avg wnll: 6.2060, avg kl: 0.0511, mse: 0.411588, wmse: 5.372955, mae: 0.463343
3526,	Iter: 3526, train loss: 2.9037, avg nll: 0.8037, avg wnll: 6.1042, avg kl: 0.0516, mse: 0.411676, wmse: 5.374289, mae: 0.463151
3527,	Iter: 3527, train loss: 2.8772, avg nll: 0.7973, avg wnll: 6.0837, avg kl: 0.0513, mse: 0.407656, wmse: 5.320530, mae: 0.461609
3528,	Iter: 3528, train loss: 2.8944, avg nll: 0.8024, avg wnll: 6.0911, avg kl: 0.0514, mse: 0.410013, wmse: 5.357372, mae: 0.462444
3529,	Iter: 3529, train loss: 2.8962, avg nll: 0.8015, avg wnll: 6.0741, avg kl: 0.0516, mse: 0.410462, wmse: 5.369466, mae: 0.462332
3530,	Iter: 3530, train loss: 2.8923, avg nll: 0.7984, avg wnll: 6.0510, avg kl: 0.0522, mse: 0.410151, wmse: 5.367160, mae: 0.461904
nll: 1.0583, mse: 0.5302, mae: 0.5289, mean_mse: 6.9245, mean_mae: 0.5289
1679336378.044414
3531,	Iter: 3531, train loss: 2.9107, avg nll: 0.8096, avg wnll: 6.1444, avg kl: 0.0517, mse: 0.411615, wmse: 5.380334, mae: 0.463036
3532,	Iter: 3532, train loss: 2.9127, avg nll: 0.8070, avg wnll: 6.1913, avg kl: 0.0512, mse: 0.412569, wmse: 5.396537, mae: 0.463785
3533,	Iter: 3533, train loss: 2.9120, avg nll: 0.8077, avg wnll: 6.1313, avg kl: 0.0514, mse: 0.412181, wmse: 5.387288, mae: 0.463353
3534,slurmstepd: error: *** JOB 247375 ON gpu0 CANCELLED AT 2023-03-20T18:32:15 ***
