Namespace(n_union_tp=3500, data_folder='datasets/ZTF_all_noz', checkpoint='datasets/ZTF_all_noz1.0473997592926025.h5', start_col=1, inc_errors=False, print_at=1, embed_time=128, enc_num_heads=16, latent_dim=64, mixing='concat', num_ref_points=16, rec_hidden=128, width=512, save_at=30, patience=100, early_stopping=False, niters=20000, frac=0.5, batch_size=2, mse_weight=5.0, dropout=0.0, num_resamples=0, lr=7.5e-05, scheduler=False, warmup=4000, kl_zero=False, kl_annealing=True, net='hetvae', device='cuda', const_var=False, var_per_dim=False, std=0.1, seed=2, save=True, k_iwae=1) 3769001
validated 3407 files out of 3407 for band='i'
validated 3407 files out of 3407 for band='g'
validated 3407 files out of 3407 for band='r'
3407 3407
(2683, 3, 4431, 3)
created union_tp attribute of length 3500
dataset created w/ shape (2683, 3, 4431, 3)
train size: 2414, valid size: 242, test size: 269
datasets/ZTF_all_noz
=> loading checkpoint 'datasets/ZTF_all_noz1.0473997592926025.h5'
Namespace(n_union_tp=3500, data_folder='datasets/ZTF_all_noz', checkpoint='', start_col=1, inc_errors=False, print_at=1, embed_time=128, enc_num_heads=16, latent_dim=64, mixing='concat', num_ref_points=16, rec_hidden=128, width=512, save_at=30, patience=100, early_stopping=False, niters=20000, frac=0.5, batch_size=2, mse_weight=5.0, dropout=0.0, num_resamples=0, lr=0.00015, scheduler=False, warmup=4000, kl_zero=False, kl_annealing=True, net='hetvae', device='cuda', const_var=False, var_per_dim=False, std=0.1, seed=2, save=True, k_iwae=1)
loaded checkpoint w/ loss=3.660820102187949
model_size=574662
271,	Iter: 271, train loss: 3.6110, avg nll: 1.0379, avg wnll: 6.3678, avg kl: 0.0045, mse: 0.513727, wmse: 6.801904, mae: 0.517203
272,	Iter: 272, train loss: 3.6024, avg nll: 1.0314, avg wnll: 6.3218, avg kl: 0.0048, mse: 0.513257, wmse: 6.797686, mae: 0.515927
273,	Iter: 273, train loss: 3.5977, avg nll: 1.0323, avg wnll: 6.3651, avg kl: 0.0044, mse: 0.512192, wmse: 6.790539, mae: 0.515557
274,	Iter: 274, train loss: 3.5759, avg nll: 1.0279, avg wnll: 6.3269, avg kl: 0.0045, mse: 0.508715, wmse: 6.707620, mae: 0.514564
275,	Iter: 275, train loss: 3.5837, avg nll: 1.0285, avg wnll: 6.3266, avg kl: 0.0047, mse: 0.510089, wmse: 6.750966, mae: 0.514782
276,	Iter: 276, train loss: 3.5782, avg nll: 1.0275, avg wnll: 6.3139, avg kl: 0.0045, mse: 0.509250, wmse: 6.749219, mae: 0.514261
277,	Iter: 277, train loss: 3.5790, avg nll: 1.0252, avg wnll: 6.3477, avg kl: 0.0048, mse: 0.509813, wmse: 6.721045, mae: 0.514612
278,	Iter: 278, train loss: 3.5624, avg nll: 1.0222, avg wnll: 6.3525, avg kl: 0.0047, mse: 0.507107, wmse: 6.694243, mae: 0.512709
279,	Iter: 279, train loss: 3.5465, avg nll: 1.0192, avg wnll: 6.3160, avg kl: 0.0045, mse: 0.504557, wmse: 6.669616, mae: 0.511849
280,	Iter: 280, train loss: 3.5408, avg nll: 1.0178, avg wnll: 6.3355, avg kl: 0.0045, mse: 0.503699, wmse: 6.657083, mae: 0.511483
nll: 1.0048, mse: 0.5170, mae: 0.5184, mean_mse: 6.6949, mean_mae: 0.5184
1679000192.2673635
281,	Iter: 281, train loss: 3.5314, avg nll: 1.0148, avg wnll: 6.3527, avg kl: 0.0040, mse: 0.502525, wmse: 6.638627, mae: 0.510412
282,	Iter: 282, train loss: 3.5222, avg nll: 1.0123, avg wnll: 6.3480, avg kl: 0.0043, mse: 0.501121, wmse: 6.617546, mae: 0.509866
283,	Iter: 283, train loss: 3.5243, avg nll: 1.0100, avg wnll: 6.3372, avg kl: 0.0042, mse: 0.502027, wmse: 6.612344, mae: 0.509824
284,	Iter: 284, train loss: 3.5185, avg nll: 1.0105, avg wnll: 6.3241, avg kl: 0.0042, mse: 0.500744, wmse: 6.610657, mae: 0.509594
285,	Iter: 285, train loss: 3.5197, avg nll: 1.0108, avg wnll: 6.3382, avg kl: 0.0043, mse: 0.500907, wmse: 6.586042, mae: 0.509574
286,	Iter: 286, train loss: 3.5200, avg nll: 1.0085, avg wnll: 6.3251, avg kl: 0.0048, mse: 0.501344, wmse: 6.605304, mae: 0.509847
287,	Iter: 287, train loss: 3.4820, avg nll: 1.0030, avg wnll: 6.3218, avg kl: 0.0044, mse: 0.494909, wmse: 6.520051, mae: 0.507434
288,	Iter: 288, train loss: 3.5038, avg nll: 1.0060, avg wnll: 6.3516, avg kl: 0.0044, mse: 0.498671, wmse: 6.555635, mae: 0.508719
289,	Iter: 289, train loss: 3.5020, avg nll: 1.0083, avg wnll: 6.3524, avg kl: 0.0044, mse: 0.497864, wmse: 6.560871, mae: 0.507884
290,	Iter: 290, train loss: 3.4888, avg nll: 1.0004, avg wnll: 6.3413, avg kl: 0.0044, mse: 0.496782, wmse: 6.554770, mae: 0.507006
nll: 0.9923, mse: 0.5122, mae: 0.5152, mean_mse: 6.6244, mean_mae: 0.5152
1679002093.470531
291,	Iter: 291, train loss: 3.4925, avg nll: 1.0025, avg wnll: 6.3290, avg kl: 0.0043, mse: 0.497144, wmse: 6.555831, mae: 0.507482
292,	Iter: 292, train loss: 3.4860, avg nll: 1.0021, avg wnll: 6.3521, avg kl: 0.0046, mse: 0.495856, wmse: 6.532986, mae: 0.506891
293,	Iter: 293, train loss: 3.4834, avg nll: 0.9989, avg wnll: 6.3286, avg kl: 0.0047, mse: 0.495962, wmse: 6.516088, mae: 0.506473
294,	Iter: 294, train loss: 3.4829, avg nll: 0.9997, avg wnll: 6.3264, avg kl: 0.0045, mse: 0.495740, wmse: 6.532092, mae: 0.506903
295,	Iter: 295, train loss: 3.4853, avg nll: 1.0005, avg wnll: 6.3442, avg kl: 0.0048, mse: 0.496010, wmse: 6.510372, mae: 0.506817
296,	Iter: 296, train loss: 3.4819, avg nll: 0.9965, avg wnll: 6.3358, avg kl: 0.0049, mse: 0.496110, wmse: 6.519586, mae: 0.506960
297,	Iter: 297, train loss: 3.4464, avg nll: 0.9928, avg wnll: 6.3374, avg kl: 0.0047, mse: 0.489772, wmse: 6.439209, mae: 0.504565
298,	Iter: 298, train loss: 3.4702, avg nll: 0.9962, avg wnll: 6.3611, avg kl: 0.0049, mse: 0.493830, wmse: 6.481928, mae: 0.506102
299,	Iter: 299, train loss: 3.4649, avg nll: 0.9941, avg wnll: 6.3482, avg kl: 0.0048, mse: 0.493201, wmse: 6.482007, mae: 0.505130
300,	Iter: 300, train loss: 3.4925, avg nll: 1.0060, avg wnll: 6.4302, avg kl: 0.0048, mse: 0.496333, wmse: 6.548761, mae: 0.506615
nll: 0.9867, mse: 0.5091, mae: 0.5132, mean_mse: 6.5699, mean_mae: 0.5132
1679003989.2657175
saving.................
done
301,	Iter: 301, train loss: 3.4594, avg nll: 0.9934, avg wnll: 6.3262, avg kl: 0.0047, mse: 0.492280, wmse: 6.477774, mae: 0.504664
302,	Iter: 302, train loss: 3.4528, avg nll: 0.9932, avg wnll: 6.3426, avg kl: 0.0048, mse: 0.490963, wmse: 6.454789, mae: 0.504065
303,	Iter: 303, train loss: 3.4553, avg nll: 0.9906, avg wnll: 6.3479, avg kl: 0.0051, mse: 0.491918, wmse: 6.456705, mae: 0.504145
304,	Iter: 304, train loss: 3.4572, avg nll: 0.9933, avg wnll: 6.3664, avg kl: 0.0049, mse: 0.491811, wmse: 6.471514, mae: 0.504443
305,	Iter: 305, train loss: 3.4593, avg nll: 0.9926, avg wnll: 6.3377, avg kl: 0.0050, mse: 0.492343, wmse: 6.453291, mae: 0.504657
306,	Iter: 306, train loss: 3.4556, avg nll: 0.9892, avg wnll: 6.3422, avg kl: 0.0053, mse: 0.492208, wmse: 6.458366, mae: 0.504952
307,	Iter: 307, train loss: 3.4227, avg nll: 0.9864, avg wnll: 6.3314, avg kl: 0.0049, mse: 0.486277, wmse: 6.383493, mae: 0.502493
308,	Iter: 308, train loss: 3.4439, avg nll: 0.9892, avg wnll: 6.3660, avg kl: 0.0053, mse: 0.489879, wmse: 6.421114, mae: 0.503769
309,	Iter: 309, train loss: 3.4433, avg nll: 0.9885, avg wnll: 6.3802, avg kl: 0.0050, mse: 0.489973, wmse: 6.433623, mae: 0.503326
310,	Iter: 310, train loss: 3.4436, avg nll: 0.9901, avg wnll: 6.3737, avg kl: 0.0053, mse: 0.489665, wmse: 6.442463, mae: 0.502867
nll: 0.9842, mse: 0.5070, mae: 0.5118, mean_mse: 6.5385, mean_mae: 0.5118
1679005814.6251297
311,	Iter: 311, train loss: 3.4430, avg nll: 0.9880, avg wnll: 6.3308, avg kl: 0.0049, mse: 0.490015, wmse: 6.443033, mae: 0.503474
312,	Iter: 312, train loss: 3.4348, avg nll: 0.9868, avg wnll: 6.3627, avg kl: 0.0052, mse: 0.488562, wmse: 6.417533, mae: 0.502684
313,	Iter: 313, train loss: 3.4340, avg nll: 0.9849, avg wnll: 6.3493, avg kl: 0.0054, mse: 0.488731, wmse: 6.410556, mae: 0.502312
314,	Iter: 314, train loss: 3.4362, avg nll: 0.9873, avg wnll: 6.3574, avg kl: 0.0051, mse: 0.488754, wmse: 6.424246, mae: 0.502860
315,	Iter: 315, train loss: 3.4405, avg nll: 0.9875, avg wnll: 6.3550, avg kl: 0.0053, mse: 0.489549, wmse: 6.411543, mae: 0.503164
316,	Iter: 316, train loss: 3.4362, avg nll: 0.9852, avg wnll: 6.3587, avg kl: 0.0056, mse: 0.489087, wmse: 6.411968, mae: 0.503106
317,	Iter: 317, train loss: 3.3988, avg nll: 0.9796, avg wnll: 6.3347, avg kl: 0.0053, mse: 0.482773, wmse: 6.327204, mae: 0.500523
318,	Iter: 318, train loss: 3.4237, avg nll: 0.9828, avg wnll: 6.3644, avg kl: 0.0055, mse: 0.487080, wmse: 6.378587, mae: 0.502122
319,	Iter: 319, train loss: 3.4191, avg nll: 0.9804, avg wnll: 6.3563, avg kl: 0.0053, mse: 0.486668, wmse: 6.382404, mae: 0.501351
320,	Iter: 320, train loss: 3.4250, avg nll: 0.9840, avg wnll: 6.3805, avg kl: 0.0055, mse: 0.487096, wmse: 6.402266, mae: 0.501369
nll: 0.9837, mse: 0.5073, mae: 0.5123, mean_mse: 6.5459, mean_mae: 0.5123
1679007669.3924322
321,	Iter: 321, train loss: 3.4170, avg nll: 0.9805, avg wnll: 6.3150, avg kl: 0.0054, mse: 0.486210, wmse: 6.382314, mae: 0.501254
322,	Iter: 322, train loss: 3.4157, avg nll: 0.9810, avg wnll: 6.3742, avg kl: 0.0056, mse: 0.485805, wmse: 6.376874, mae: 0.501107
323,	Iter: 323, train loss: 3.4163, avg nll: 0.9802, avg wnll: 6.3527, avg kl: 0.0058, mse: 0.486053, wmse: 6.366623, mae: 0.500724
324,	Iter: 324, train loss: 3.4222, avg nll: 0.9829, avg wnll: 6.3515, avg kl: 0.0055, mse: 0.486741, wmse: 6.399109, mae: 0.501617
325,	Iter: 325, train loss: 3.4233, avg nll: 0.9842, avg wnll: 6.3693, avg kl: 0.0056, mse: 0.486703, wmse: 6.371634, mae: 0.501521
326,	Iter: 326, train loss: 3.4217, avg nll: 0.9799, avg wnll: 6.3554, avg kl: 0.0060, mse: 0.487149, wmse: 6.383382, mae: 0.502059
327,	Iter: 327, train loss: 3.3827, avg nll: 0.9745, avg wnll: 6.3029, avg kl: 0.0057, mse: 0.480500, wmse: 6.293813, mae: 0.499344
328,	Iter: 328, train loss: 3.4050, avg nll: 0.9762, avg wnll: 6.3607, avg kl: 0.0059, mse: 0.484567, wmse: 6.342809, mae: 0.500714
329,	Iter: 329, train loss: 3.4032, avg nll: 0.9748, avg wnll: 6.3635, avg kl: 0.0056, mse: 0.484561, wmse: 6.351898, mae: 0.500269
330,	Iter: 330, train loss: 3.4061, avg nll: 0.9775, avg wnll: 6.3829, avg kl: 0.0058, mse: 0.484569, wmse: 6.363361, mae: 0.500061
nll: 0.9795, mse: 0.5044, mae: 0.5107, mean_mse: 6.5000, mean_mae: 0.5107
1679009479.988106
saving.................
done
331,	Iter: 331, train loss: 3.4035, avg nll: 0.9774, avg wnll: 6.3475, avg kl: 0.0056, mse: 0.484085, wmse: 6.355198, mae: 0.500081
332,	Iter: 332, train loss: 3.3996, avg nll: 0.9761, avg wnll: 6.3973, avg kl: 0.0058, mse: 0.483533, wmse: 6.341967, mae: 0.499812
333,	Iter: 333, train loss: 3.3992, avg nll: 0.9738, avg wnll: 6.3361, avg kl: 0.0061, mse: 0.483857, wmse: 6.330863, mae: 0.499780
334,	Iter: 334, train loss: 3.4114, avg nll: 0.9811, avg wnll: 6.3926, avg kl: 0.0058, mse: 0.484908, wmse: 6.363052, mae: 0.500644
335,	Iter: 335, train loss: 3.4098, avg nll: 0.9790, avg wnll: 6.3324, avg kl: 0.0059, mse: 0.484991, wmse: 6.346895, mae: 0.500632
336,	Iter: 336, train loss: 3.4064, avg nll: 0.9757, avg wnll: 6.3787, avg kl: 0.0062, mse: 0.484883, wmse: 6.344247, mae: 0.500750
337,	Iter: 337, train loss: 3.3672, avg nll: 0.9706, avg wnll: 6.3247, avg kl: 0.0058, mse: 0.478160, wmse: 6.258107, mae: 0.497823
338,	Iter: 338, train loss: 3.3857, avg nll: 0.9711, avg wnll: 6.3540, avg kl: 0.0062, mse: 0.481684, wmse: 6.297161, mae: 0.499053
339,	Iter: 339, train loss: 3.3878, avg nll: 0.9711, avg wnll: 6.3587, avg kl: 0.0059, mse: 0.482151, wmse: 6.315811, mae: 0.499030
340,	Iter: 340, train loss: 3.3899, avg nll: 0.9725, avg wnll: 6.3672, avg kl: 0.0061, mse: 0.482252, wmse: 6.326301, mae: 0.498816
nll: 0.9796, mse: 0.5054, mae: 0.5114, mean_mse: 6.5105, mean_mae: 0.5114
1679011366.1532743
341,	Iter: 341, train loss: 3.3850, avg nll: 0.9711, avg wnll: 6.3419, avg kl: 0.0060, mse: 0.481588, wmse: 6.311376, mae: 0.498730
342,	Iter: 342, train loss: 3.3849, avg nll: 0.9719, avg wnll: 6.3925, avg kl: 0.0062, mse: 0.481376, wmse: 6.308745, mae: 0.498529
343,	Iter: 343, train loss: 3.3873, avg nll: 0.9712, avg wnll: 6.3502, avg kl: 0.0065, mse: 0.481940, wmse: 6.307129, mae: 0.498715
344,	Iter: 344, train loss: 3.3941, avg nll: 0.9769, avg wnll: 6.4740, avg kl: 0.0062, mse: 0.482221, wmse: 6.332047, mae: 0.499213
345,	Iter: 345, train loss: 3.3953, avg nll: 0.9736, avg wnll: 6.3351, avg kl: 0.0062, mse: 0.483100, wmse: 6.314704, mae: 0.499593
346,	Iter: 346, train loss: 3.3973, avg nll: 0.9739, avg wnll: 6.4071, avg kl: 0.0063, mse: 0.483416, wmse: 6.321695, mae: 0.500049
347,	Iter: 347, train loss: 3.3516, avg nll: 0.9657, avg wnll: 6.3300, avg kl: 0.0062, mse: 0.475936, wmse: 6.226440, mae: 0.496648
348,	Iter: 348, train loss: 3.3735, avg nll: 0.9671, avg wnll: 6.3561, avg kl: 0.0064, mse: 0.479997, wmse: 6.273839, mae: 0.498237
349,	Iter: 349, train loss: 3.3758, avg nll: 0.9659, avg wnll: 6.3496, avg kl: 0.0063, mse: 0.480714, wmse: 6.290004, mae: 0.498126
350,	Iter: 350, train loss: 3.3767, avg nll: 0.9684, avg wnll: 6.3999, avg kl: 0.0063, mse: 0.480399, wmse: 6.301097, mae: 0.497784
nll: 0.9771, mse: 0.5033, mae: 0.5100, mean_mse: 6.4825, mean_mae: 0.5100
1679013151.27086
351,	Iter: 351, train loss: 3.3724, avg nll: 0.9673, avg wnll: 6.3528, avg kl: 0.0061, mse: 0.479804, wmse: 6.287633, mae: 0.497935
352,	Iter: 352, train loss: 3.3751, avg nll: 0.9687, avg wnll: 6.3796, avg kl: 0.0063, mse: 0.480013, wmse: 6.287292, mae: 0.497957
353,	Iter: 353, train loss: 3.3715, avg nll: 0.9653, avg wnll: 6.3569, avg kl: 0.0067, mse: 0.479914, wmse: 6.277394, mae: 0.497591
354,	Iter: 354, train loss: 3.3738, avg nll: 0.9671, avg wnll: 6.4002, avg kl: 0.0064, mse: 0.480060, wmse: 6.299988, mae: 0.498280
355,	Iter: 355, train loss: 3.3827, avg nll: 0.9710, avg wnll: 6.3905, avg kl: 0.0064, mse: 0.481055, wmse: 6.289884, mae: 0.498435
356,	Iter: 356, train loss: 3.3792, avg nll: 0.9669, avg wnll: 6.3634, avg kl: 0.0071, mse: 0.481039, wmse: 6.292145, mae: 0.498701
357,	Iter: 357, train loss: 3.3406, avg nll: 0.9616, avg wnll: 6.3491, avg kl: 0.0067, mse: 0.474457, wmse: 6.207547, mae: 0.496002
358,	Iter: 358, train loss: 3.3670, avg nll: 0.9667, avg wnll: 6.3944, avg kl: 0.0066, mse: 0.478737, wmse: 6.257350, mae: 0.497641
359,	Iter: 359, train loss: 3.3612, avg nll: 0.9626, avg wnll: 6.3556, avg kl: 0.0066, mse: 0.478404, wmse: 6.258745, mae: 0.497007
360,	Iter: 360, train loss: 3.3608, avg nll: 0.9635, avg wnll: 6.3822, avg kl: 0.0067, mse: 0.478119, wmse: 6.267148, mae: 0.496558
nll: 0.9758, mse: 0.5032, mae: 0.5103, mean_mse: 6.4775, mean_mae: 0.5103
1679014963.794107
saving.................
done
361,	Iter: 361, train loss: 3.3585, avg nll: 0.9632, avg wnll: 6.3646, avg kl: 0.0065, mse: 0.477755, wmse: 6.259541, mae: 0.496796
362,	Iter: 362, train loss: 3.3608, avg nll: 0.9639, avg wnll: 6.3857, avg kl: 0.0068, mse: 0.478025, wmse: 6.257211, mae: 0.496858
363,	Iter: 363, train loss: 3.3594, avg nll: 0.9616, avg wnll: 6.3612, avg kl: 0.0070, mse: 0.478148, wmse: 6.249876, mae: 0.496668
364,	Iter: 364, train loss: 3.3650, avg nll: 0.9650, avg wnll: 6.4100, avg kl: 0.0066, mse: 0.478665, wmse: 6.272879, mae: 0.497420
365,	Iter: 365, train loss: 3.3856, avg nll: 0.9800, avg wnll: 6.6258, avg kl: 0.0067, mse: 0.479791, wmse: 6.265798, mae: 0.497833
366,	Iter: 366, train loss: 3.3711, avg nll: 0.9653, avg wnll: 6.3794, avg kl: 0.0072, mse: 0.479731, wmse: 6.273374, mae: 0.498021
367,	Iter: 367, train loss: 3.3297, avg nll: 0.9587, avg wnll: 6.3205, avg kl: 0.0070, mse: 0.472805, wmse: 6.178156, mae: 0.494935
368,	Iter: 368, train loss: 3.3503, avg nll: 0.9611, avg wnll: 6.3600, avg kl: 0.0070, mse: 0.476447, wmse: 6.220112, mae: 0.496219
369,	Iter: 369, train loss: 3.3501, avg nll: 0.9602, avg wnll: 6.3696, avg kl: 0.0071, mse: 0.476553, wmse: 6.234431, mae: 0.495984
370,	Iter: 370, train loss: 3.3464, avg nll: 0.9586, avg wnll: 6.4001, avg kl: 0.0069, mse: 0.476188, wmse: 6.238428, mae: 0.495429
nll: 0.9741, mse: 0.5029, mae: 0.5101, mean_mse: 6.4816, mean_mae: 0.5101
1679016884.7254727
371,	Iter: 371, train loss: 3.3471, avg nll: 0.9602, avg wnll: 6.3719, avg kl: 0.0067, mse: 0.476032, wmse: 6.235133, mae: 0.495706
372,	Iter: 372, train loss: 3.3470, avg nll: 0.9598, avg wnll: 6.3903, avg kl: 0.0071, mse: 0.476042, wmse: 6.230080, mae: 0.495826
373,	Iter: 373, train loss: 3.3520, avg nll: 0.9608, avg wnll: 6.3683, avg kl: 0.0074, mse: 0.476749, wmse: 6.234936, mae: 0.496075
374,	Iter: 374, train loss: 3.3620, avg nll: 0.9647, avg wnll: 6.3890, avg kl: 0.0070, mse: 0.478067, wmse: 6.267110, mae: 0.497102
375,	Iter: 375, train loss: 3.3495, avg nll: 0.9627, avg wnll: 6.3877, avg kl: 0.0130, mse: 0.477354, wmse: 6.229214, mae: 0.496604
376,	Iter: 376, train loss: 3.3500, avg nll: 0.9598, avg wnll: 6.3895, avg kl: 0.0319, mse: 0.477998, wmse: 6.244612, mae: 0.497227
377,	Iter: 377, train loss: 3.3044, avg nll: 0.9515, avg wnll: 6.3760, avg kl: 0.0507, mse: 0.470464, wmse: 6.143909, mae: 0.493660
378,	Iter: 378, train loss: 3.3262, avg nll: 0.9540, avg wnll: 6.4185, avg kl: 0.0626, mse: 0.474247, wmse: 6.185716, mae: 0.494825
379,	Iter: 379, train loss: 3.3257, avg nll: 0.9525, avg wnll: 6.3948, avg kl: 0.0673, mse: 0.474343, wmse: 6.197777, mae: 0.494632
380,	Iter: 380, train loss: 3.3224, avg nll: 0.9516, avg wnll: 6.4057, avg kl: 0.0627, mse: 0.473829, wmse: 6.202724, mae: 0.494186
nll: 0.9735, mse: 0.5023, mae: 0.5097, mean_mse: 6.4627, mean_mae: 0.5097
1679018733.2718136
381,	Iter: 381, train loss: 3.3211, avg nll: 0.9518, avg wnll: 6.3959, avg kl: 0.0592, mse: 0.473465, wmse: 6.193477, mae: 0.494424
382,	Iter: 382, train loss: 3.3265, avg nll: 0.9549, avg wnll: 6.4097, avg kl: 0.0554, mse: 0.473889, wmse: 6.200988, mae: 0.494624
383,	Iter: 383, train loss: 3.3297, avg nll: 0.9541, avg wnll: 6.4354, avg kl: 0.0543, mse: 0.474654, wmse: 6.193716, mae: 0.494800
384,	Iter: 384, train loss: 3.3236, avg nll: 0.9529, avg wnll: 6.3948, avg kl: 0.0495, mse: 0.473661, wmse: 6.200102, mae: 0.494490
385,	Iter: 385, train loss: 3.3344, avg nll: 0.9556, avg wnll: 6.3890, avg kl: 0.0473, mse: 0.475249, wmse: 6.196273, mae: 0.495317
386,	Iter: 386, train loss: 3.3431, avg nll: 0.9581, avg wnll: 6.4517, avg kl: 0.0520, mse: 0.476392, wmse: 6.216571, mae: 0.496361
387,	Iter: 387, train loss: 3.2904, avg nll: 0.9466, avg wnll: 6.3868, avg kl: 0.0457, mse: 0.468186, wmse: 6.110012, mae: 0.492528
388,	Iter: 388, train loss: 3.3160, avg nll: 0.9507, avg wnll: 6.4417, avg kl: 0.0437, mse: 0.472455, wmse: 6.165322, mae: 0.494112
389,	Iter: 389, train loss: 3.3201, avg nll: 0.9510, avg wnll: 6.4070, avg kl: 0.0417, mse: 0.473198, wmse: 6.177817, mae: 0.494138
390,	Iter: 390, train loss: 3.3173, avg nll: 0.9522, avg wnll: 6.4119, avg kl: 0.0396, mse: 0.472377, wmse: 6.177524, mae: 0.493303
nll: 0.9756, mse: 0.5026, mae: 0.5100, mean_mse: 6.4681, mean_mae: 0.5100
1679020565.166498
saving.................
done
391,	Iter: 391, train loss: 3.3191, avg nll: 0.9519, avg wnll: 6.3981, avg kl: 0.0402, mse: 0.472748, wmse: 6.178706, mae: 0.494107
392,	Iter: 392, train loss: 3.3214, avg nll: 0.9545, avg wnll: 6.4488, avg kl: 0.0393, mse: 0.472658, wmse: 6.179149, mae: 0.494118
393,	Iter: 393, train loss: 3.3131, avg nll: 0.9501, avg wnll: 6.4341, avg kl: 0.0398, mse: 0.471829, wmse: 6.153832, mae: 0.493263
394,	Iter: 394, train loss: 3.3190, avg nll: 0.9533, avg wnll: 6.4130, avg kl: 0.0369, mse: 0.472374, wmse: 6.183197, mae: 0.493965
395,	Iter: 395, train loss: 3.3203, avg nll: 0.9512, avg wnll: 6.3816, avg kl: 0.0362, mse: 0.473046, wmse: 6.166519, mae: 0.494225
396,	Iter: 396, train loss: 3.3226, avg nll: 0.9515, avg wnll: 6.4098, avg kl: 0.0393, mse: 0.473346, wmse: 6.176837, mae: 0.494557
397,	Iter: 397, train loss: 3.2933, avg nll: 0.9479, avg wnll: 6.3784, avg kl: 0.0367, mse: 0.468220, wmse: 6.111511, mae: 0.492574
398,	Iter: 398, train loss: 3.3073, avg nll: 0.9478, avg wnll: 6.4683, avg kl: 0.0370, mse: 0.470985, wmse: 6.140525, mae: 0.493337
399,	Iter: 399, train loss: 3.3087, avg nll: 0.9469, avg wnll: 6.4046, avg kl: 0.0354, mse: 0.471457, wmse: 6.158223, mae: 0.493447
400,	Iter: 400, train loss: 3.3057, avg nll: 0.9476, avg wnll: 6.4488, avg kl: 0.0355, mse: 0.470673, wmse: 6.154032, mae: 0.492409
nll: 0.9735, mse: 0.5016, mae: 0.5095, mean_mse: 6.4459, mean_mae: 0.5095
1679022465.6928723
401,	Iter: 401, train loss: 3.3176, avg nll: 0.9517, avg wnll: 6.3752, avg kl: 0.0341, mse: 0.472229, wmse: 6.170275, mae: 0.493981
402,	Iter: 402, train loss: 3.3051, avg nll: 0.9477, avg wnll: 6.4119, avg kl: 0.0350, mse: 0.470474, wmse: 6.147836, mae: 0.492883
403,	Iter: 403, train loss: 3.3100, avg nll: 0.9487, avg wnll: 6.3925, avg kl: 0.0353, mse: 0.471209, wmse: 6.151910, mae: 0.492956
404,	Iter: 404, train loss: 3.3125, avg nll: 0.9510, avg wnll: 6.3840, avg kl: 0.0336, mse: 0.471252, wmse: 6.165991, mae: 0.493358
405,	Iter: 405, train loss: 3.3085, avg nll: 0.9468, avg wnll: 6.3742, avg kl: 0.0339, mse: 0.471248, wmse: 6.142806, mae: 0.493166
406,	Iter: 406, train loss: 3.3092, avg nll: 0.9469, avg wnll: 6.4164, avg kl: 0.0359, mse: 0.471269, wmse: 6.147652, mae: 0.493362
407,	Iter: 407, train loss: 3.2820, avg nll: 0.9452, avg wnll: 6.3433, avg kl: 0.0337, mse: 0.466219, wmse: 6.084732, mae: 0.491659
408,	Iter: 408, train loss: 3.2931, avg nll: 0.9420, avg wnll: 6.4199, avg kl: 0.0344, mse: 0.468997, wmse: 6.115736, mae: 0.492319
409,	Iter: 409, train loss: 3.2976, avg nll: 0.9427, avg wnll: 6.4384, avg kl: 0.0342, mse: 0.469741, wmse: 6.131691, mae: 0.492396
410,	Iter: 410, train loss: 3.2945, avg nll: 0.9426, avg wnll: 6.4187, avg kl: 0.0340, mse: 0.469097, wmse: 6.133115, mae: 0.491691
nll: 0.9757, mse: 0.5026, mae: 0.5102, mean_mse: 6.4725, mean_mae: 0.5102
1679024247.303963
411,	Iter: 411, train loss: 3.2962, avg nll: 0.9449, avg wnll: 6.4121, avg kl: 0.0323, mse: 0.469018, wmse: 6.131987, mae: 0.492221
412,	Iter: 412, train loss: 3.3196, avg nll: 0.9515, avg wnll: 6.4934, avg kl: 0.0336, mse: 0.472303, wmse: 6.177334, mae: 0.494084
413,	Iter: 413, train loss: 3.2997, avg nll: 0.9450, avg wnll: 6.4087, avg kl: 0.0336, mse: 0.469576, wmse: 6.119719, mae: 0.491976
414,	Iter: 414, train loss: 3.2986, avg nll: 0.9456, avg wnll: 6.4156, avg kl: 0.0331, mse: 0.469234, wmse: 6.139370, mae: 0.492417
415,	Iter: 415, train loss: 3.3010, avg nll: 0.9442, avg wnll: 6.3944, avg kl: 0.0333, mse: 0.469935, wmse: 6.127193, mae: 0.492567
416,	Iter: 416, train loss: 3.3064, avg nll: 0.9461, avg wnll: 6.4049, avg kl: 0.0346, mse: 0.470529, wmse: 6.136302, mae: 0.493215
417,	Iter: 417, train loss: 3.2889, avg nll: 0.9485, avg wnll: 6.4540, avg kl: 0.0326, mse: 0.466605, wmse: 6.094367, mae: 0.491889
418,	Iter: 418, train loss: 3.2845, avg nll: 0.9404, avg wnll: 6.4005, avg kl: 0.0325, mse: 0.467321, wmse: 6.087195, mae: 0.491290
419,	Iter: 419, train loss: 3.2901, avg nll: 0.9408, avg wnll: 6.4096, avg kl: 0.0324, mse: 0.468323, wmse: 6.110037, mae: 0.491702
420,	Iter: 420, train loss: 3.2940, avg nll: 0.9440, avg wnll: 6.4425, avg kl: 0.0316, mse: 0.468490, wmse: 6.125796, mae: 0.491362
nll: 0.9778, mse: 0.5044, mae: 0.5113, mean_mse: 6.5009, mean_mae: 0.5113
1679026075.7278948
saving.................
done
421,	Iter: 421, train loss: 3.2905, avg nll: 0.9428, avg wnll: 6.3824, avg kl: 0.0310, mse: 0.468033, wmse: 6.116372, mae: 0.491681
422,slurmstepd: error: *** JOB 246740 ON gpu0 CANCELLED AT 2023-03-17T04:14:06 ***
