Namespace(n_union_tp=3500, data_folder='datasets/ZTF_all_noz', checkpoint='datasets/ZTF_all_noz0.9522435069084167.h5', start_col=1, inc_errors=False, print_at=1, embed_time=128, enc_num_heads=16, latent_dim=64, mixing='concat', num_ref_points=16, rec_hidden=128, width=512, save_at=30, patience=100, early_stopping=False, niters=20000, frac=0.5, batch_size=2, mse_weight=5.0, dropout=0.0, num_resamples=0, lr=3e-05, scheduler=False, warmup=4000, kl_zero=False, kl_annealing=True, net='hetvae', device='cuda', const_var=False, var_per_dim=False, std=0.1, seed=2, save=True, k_iwae=1) 6392882
validated 3407 files out of 3407 for band='i'
validated 3407 files out of 3407 for band='g'
validated 3407 files out of 3407 for band='r'
3407 3407
(2683, 3, 4431, 3)
created union_tp attribute of length 3500
dataset created w/ shape (2683, 3, 4431, 3)
train size: 2414, valid size: 242, test size: 269
datasets/ZTF_all_noz
=> loading checkpoint 'datasets/ZTF_all_noz0.9522435069084167.h5'
Namespace(n_union_tp=3500, data_folder='datasets/ZTF_all_noz', checkpoint='datasets/ZTF_all_noz1.0473997592926025.h5', start_col=1, inc_errors=False, print_at=1, embed_time=128, enc_num_heads=16, latent_dim=64, mixing='concat', num_ref_points=16, rec_hidden=128, width=512, save_at=30, patience=100, early_stopping=False, niters=20000, frac=0.5, batch_size=2, mse_weight=5.0, dropout=0.0, num_resamples=0, lr=7.5e-05, scheduler=False, warmup=4000, kl_zero=False, kl_annealing=True, net='hetvae', device='cuda', const_var=False, var_per_dim=False, std=0.1, seed=2, save=True, k_iwae=1)
loaded checkpoint w/ loss=3.3172955193989715
model_size=574662
391,	Iter: 391, train loss: 3.4038, avg nll: 0.9863, avg wnll: 6.5586, avg kl: 0.0544, mse: 0.482566, wmse: 6.297491, mae: 0.499170
392,	Iter: 392, train loss: 3.4019, avg nll: 0.9780, avg wnll: 6.4613, avg kl: 0.0651, mse: 0.483595, wmse: 6.315699, mae: 0.498905
393,	Iter: 393, train loss: 3.3884, avg nll: 0.9741, avg wnll: 6.4186, avg kl: 0.0673, mse: 0.481569, wmse: 6.301849, mae: 0.497628
394,	Iter: 394, train loss: 3.3764, avg nll: 0.9731, avg wnll: 6.4469, avg kl: 0.0648, mse: 0.479350, wmse: 6.247881, mae: 0.497292
395,	Iter: 395, train loss: 3.3865, avg nll: 0.9754, avg wnll: 6.4534, avg kl: 0.0659, mse: 0.480802, wmse: 6.284923, mae: 0.497606
396,	Iter: 396, train loss: 3.3751, avg nll: 0.9709, avg wnll: 6.4135, avg kl: 0.0619, mse: 0.479457, wmse: 6.268326, mae: 0.496806
397,	Iter: 397, train loss: 3.3870, avg nll: 0.9719, avg wnll: 6.4675, avg kl: 0.0612, mse: 0.481586, wmse: 6.271515, mae: 0.498273
398,	Iter: 398, train loss: 3.3716, avg nll: 0.9681, avg wnll: 6.4226, avg kl: 0.0556, mse: 0.479344, wmse: 6.254300, mae: 0.496341
399,	Iter: 399, train loss: 3.3593, avg nll: 0.9678, avg wnll: 6.4186, avg kl: 0.0550, mse: 0.476889, wmse: 6.234235, mae: 0.495922
400,	Iter: 400, train loss: 3.3613, avg nll: 0.9684, avg wnll: 6.4102, avg kl: 0.0512, mse: 0.477215, wmse: 6.229965, mae: 0.496047
nll: 0.9717, mse: 0.4987, mae: 0.5075, mean_mse: 6.3972, mean_mae: 0.5075
1679028381.8113668
401,	Iter: 401, train loss: 3.2787, avg nll: 0.9398, avg wnll: 6.3039, avg kl: 0.0383, mse: 0.466719, wmse: 6.088204, mae: 0.490052
402,	Iter: 402, train loss: 3.2788, avg nll: 0.9410, avg wnll: 6.3977, avg kl: 0.0346, mse: 0.466567, wmse: 6.082988, mae: 0.489967
403,	Iter: 403, train loss: 3.2736, avg nll: 0.9383, avg wnll: 6.4078, avg kl: 0.0324, mse: 0.466104, wmse: 6.070085, mae: 0.489335
404,	Iter: 404, train loss: 3.2704, avg nll: 0.9374, avg wnll: 6.3862, avg kl: 0.0305, mse: 0.465667, wmse: 6.077908, mae: 0.489556
405,	Iter: 405, train loss: 3.2782, avg nll: 0.9383, avg wnll: 6.3785, avg kl: 0.0304, mse: 0.467015, wmse: 6.077956, mae: 0.490132
406,	Iter: 406, train loss: 3.2752, avg nll: 0.9356, avg wnll: 6.3835, avg kl: 0.0313, mse: 0.466879, wmse: 6.076002, mae: 0.490311
407,	Iter: 407, train loss: 3.2430, avg nll: 0.9338, avg wnll: 6.3634, avg kl: 0.0299, mse: 0.460820, wmse: 5.999072, mae: 0.487745
408,	Iter: 408, train loss: 3.2567, avg nll: 0.9317, avg wnll: 6.4023, avg kl: 0.0292, mse: 0.463974, wmse: 6.036984, mae: 0.488735
409,	Iter: 409, train loss: 3.2572, avg nll: 0.9313, avg wnll: 6.3801, avg kl: 0.0287, mse: 0.464128, wmse: 6.044484, mae: 0.488594
410,	Iter: 410, train loss: 3.2548, avg nll: 0.9317, avg wnll: 6.4282, avg kl: 0.0295, mse: 0.463528, wmse: 6.045953, mae: 0.487776
nll: 0.9700, mse: 0.4989, mae: 0.5073, mean_mse: 6.3978, mean_mae: 0.5073
1679030285.9960237
411,	Iter: 411, train loss: 3.2582, avg nll: 0.9322, avg wnll: 6.3896, avg kl: 0.0268, mse: 0.464168, wmse: 6.054919, mae: 0.488749
412,	Iter: 412, train loss: 3.2595, avg nll: 0.9325, avg wnll: 6.4160, avg kl: 0.0279, mse: 0.464291, wmse: 6.052042, mae: 0.488755
413,	Iter: 413, train loss: 3.2545, avg nll: 0.9295, avg wnll: 6.3757, avg kl: 0.0286, mse: 0.463841, wmse: 6.037392, mae: 0.488123
414,	Iter: 414, train loss: 3.2546, avg nll: 0.9302, avg wnll: 6.3891, avg kl: 0.0273, mse: 0.463746, wmse: 6.050969, mae: 0.488549
415,	Iter: 415, train loss: 3.2633, avg nll: 0.9317, avg wnll: 6.3787, avg kl: 0.0278, mse: 0.465116, wmse: 6.052680, mae: 0.488989
416,	Iter: 416, train loss: 3.2605, avg nll: 0.9293, avg wnll: 6.4000, avg kl: 0.0286, mse: 0.464993, wmse: 6.052291, mae: 0.489252
417,	Iter: 417, train loss: 3.2264, avg nll: 0.9246, avg wnll: 6.3691, avg kl: 0.0277, mse: 0.459112, wmse: 5.975101, mae: 0.486823
418,	Iter: 418, train loss: 3.2419, avg nll: 0.9246, avg wnll: 6.4053, avg kl: 0.0274, mse: 0.462186, wmse: 6.012038, mae: 0.487678
419,	Iter: 419, train loss: 3.2441, avg nll: 0.9242, avg wnll: 6.3899, avg kl: 0.0276, mse: 0.462687, wmse: 6.026072, mae: 0.487774
420,	Iter: 420, train loss: 3.2418, avg nll: 0.9245, avg wnll: 6.4115, avg kl: 0.0275, mse: 0.462137, wmse: 6.027251, mae: 0.486940
nll: 0.9737, mse: 0.4990, mae: 0.5074, mean_mse: 6.3982, mean_mae: 0.5074
1679032184.829579
saving.................
done
421,	Iter: 421, train loss: 3.2490, avg nll: 0.9283, avg wnll: 6.4074, avg kl: 0.0255, mse: 0.462889, wmse: 6.035952, mae: 0.488093
422,	Iter: 422, train loss: 3.2484, avg nll: 0.9270, avg wnll: 6.4145, avg kl: 0.0271, mse: 0.462920, wmse: 6.034702, mae: 0.487927
423,	Iter: 423, train loss: 3.2440, avg nll: 0.9246, avg wnll: 6.3765, avg kl: 0.0269, mse: 0.462514, wmse: 6.019942, mae: 0.487418
424,	Iter: 424, train loss: 3.2441, avg nll: 0.9251, avg wnll: 6.3991, avg kl: 0.0263, mse: 0.462411, wmse: 6.031646, mae: 0.487731
425,	Iter: 425, train loss: 3.2541, avg nll: 0.9278, avg wnll: 6.3861, avg kl: 0.0265, mse: 0.463854, wmse: 6.035459, mae: 0.488336
426,	Iter: 426, train loss: 3.2703, avg nll: 0.9376, avg wnll: 6.4700, avg kl: 0.0280, mse: 0.465021, wmse: 6.053409, mae: 0.489201
427,	Iter: 427, train loss: 3.2164, avg nll: 0.9205, avg wnll: 6.3415, avg kl: 0.0265, mse: 0.457721, wmse: 5.956120, mae: 0.486007
428,	Iter: 428, train loss: 3.2313, avg nll: 0.9201, avg wnll: 6.3883, avg kl: 0.0260, mse: 0.460774, wmse: 5.991613, mae: 0.486936
429,	Iter: 429, train loss: 3.2331, avg nll: 0.9196, avg wnll: 6.3931, avg kl: 0.0257, mse: 0.461230, wmse: 6.006803, mae: 0.486894
430,	Iter: 430, train loss: 3.2331, avg nll: 0.9209, avg wnll: 6.4104, avg kl: 0.0256, mse: 0.460935, wmse: 6.010037, mae: 0.486281
nll: 0.9723, mse: 0.4987, mae: 0.5074, mean_mse: 6.3957, mean_mae: 0.5074
1679034012.5455616
431,	Iter: 431, train loss: 3.2423, avg nll: 0.9261, avg wnll: 6.4124, avg kl: 0.0236, mse: 0.461828, wmse: 6.022636, mae: 0.487501
432,	Iter: 432, train loss: 3.2456, avg nll: 0.9270, avg wnll: 6.4140, avg kl: 0.0257, mse: 0.462161, wmse: 6.022827, mae: 0.487539
433,	Iter: 433, train loss: 3.2388, avg nll: 0.9238, avg wnll: 6.3854, avg kl: 0.0259, mse: 0.461395, wmse: 6.005339, mae: 0.486835
434,	Iter: 434, train loss: 3.2337, avg nll: 0.9210, avg wnll: 6.3933, avg kl: 0.0249, mse: 0.460980, wmse: 6.012372, mae: 0.487008
435,	Iter: 435, train loss: 3.2474, avg nll: 0.9257, avg wnll: 6.3858, avg kl: 0.0250, mse: 0.462754, wmse: 6.019744, mae: 0.487739
436,	Iter: 436, train loss: 3.2545, avg nll: 0.9290, avg wnll: 6.4457, avg kl: 0.0262, mse: 0.463403, wmse: 6.029745, mae: 0.488461
437,	Iter: 437, train loss: 3.2196, avg nll: 0.9229, avg wnll: 6.3689, avg kl: 0.0257, mse: 0.457648, wmse: 5.954588, mae: 0.485993
438,	Iter: 438, train loss: 3.2269, avg nll: 0.9186, avg wnll: 6.4006, avg kl: 0.0248, mse: 0.459999, wmse: 5.980522, mae: 0.486521
439,	Iter: 439, train loss: 3.2296, avg nll: 0.9186, avg wnll: 6.3970, avg kl: 0.0248, mse: 0.460502, wmse: 5.995054, mae: 0.486629
440,	Iter: 440, train loss: 3.2266, avg nll: 0.9181, avg wnll: 6.4072, avg kl: 0.0248, mse: 0.459996, wmse: 5.996796, mae: 0.485876
nll: 0.9758, mse: 0.4986, mae: 0.5072, mean_mse: 6.3949, mean_mae: 0.5072
1679035869.5310729
441,	Iter: 441, train loss: 3.2397, avg nll: 0.9251, avg wnll: 6.4008, avg kl: 0.0228, mse: 0.461321, wmse: 6.014154, mae: 0.487199
442,	Iter: 442, train loss: 3.2407, avg nll: 0.9262, avg wnll: 6.4244, avg kl: 0.0242, mse: 0.461181, wmse: 6.010753, mae: 0.487043
443,	Iter: 443, train loss: 3.2327, avg nll: 0.9217, avg wnll: 6.3803, avg kl: 0.0241, mse: 0.460465, wmse: 5.992366, mae: 0.486363
444,	Iter: 444, train loss: 3.2281, avg nll: 0.9191, avg wnll: 6.3884, avg kl: 0.0233, mse: 0.460082, wmse: 6.001554, mae: 0.486565
445,	Iter: 445, train loss: 3.2423, avg nll: 0.9247, avg wnll: 6.3946, avg kl: 0.0234, mse: 0.461761, wmse: 6.005118, mae: 0.487231
446,	Iter: 446, train loss: 3.2445, avg nll: 0.9235, avg wnll: 6.3984, avg kl: 0.0241, mse: 0.462362, wmse: 6.015819, mae: 0.487844
447,	Iter: 447, train loss: 3.2115, avg nll: 0.9197, avg wnll: 6.3538, avg kl: 0.0234, mse: 0.456580, wmse: 5.938919, mae: 0.485418
448,	Iter: 448, train loss: 3.2258, avg nll: 0.9188, avg wnll: 6.3933, avg kl: 0.0238, mse: 0.459540, wmse: 5.975581, mae: 0.486255
449,	Iter: 449, train loss: 3.2228, avg nll: 0.9155, avg wnll: 6.3864, avg kl: 0.0235, mse: 0.459616, wmse: 5.984025, mae: 0.486131
450,	Iter: 450, train loss: 3.2259, avg nll: 0.9190, avg wnll: 6.4363, avg kl: 0.0233, mse: 0.459521, wmse: 5.991157, mae: 0.485619
nll: 0.9730, mse: 0.4981, mae: 0.5069, mean_mse: 6.3911, mean_mae: 0.5069
1679037682.9994216
saving.................
done
451,	Iter: 451, train loss: 3.2326, avg nll: 0.9219, avg wnll: 6.3829, avg kl: 0.0211, mse: 0.460423, wmse: 6.001378, mae: 0.486712
452,	Iter: 452, train loss: 3.2334, avg nll: 0.9214, avg wnll: 6.4100, avg kl: 0.0230, mse: 0.460507, wmse: 6.001421, mae: 0.486641
453,	Iter: 453, train loss: 3.2334, avg nll: 0.9221, avg wnll: 6.4092, avg kl: 0.0231, mse: 0.460355, wmse: 5.990118, mae: 0.486365
454,	Iter: 454, train loss: 3.2254, avg nll: 0.9194, avg wnll: 6.4271, avg kl: 0.0224, mse: 0.459326, wmse: 5.990883, mae: 0.486157
455,	Iter: 455, train loss: 3.2372, avg nll: 0.9224, avg wnll: 6.3921, avg kl: 0.0227, mse: 0.461012, wmse: 5.994590, mae: 0.486862
456,	Iter: 456, train loss: 3.2394, avg nll: 0.9225, avg wnll: 6.3943, avg kl: 0.0229, mse: 0.461414, wmse: 6.000977, mae: 0.487303
457,	Iter: 457, train loss: 3.2048, avg nll: 0.9167, avg wnll: 6.3684, avg kl: 0.0224, mse: 0.455669, wmse: 5.926498, mae: 0.484936
458,	Iter: 458, train loss: 3.2179, avg nll: 0.9150, avg wnll: 6.3877, avg kl: 0.0223, mse: 0.458598, wmse: 5.961074, mae: 0.485778
459,	Iter: 459, train loss: 3.2181, avg nll: 0.9134, avg wnll: 6.3999, avg kl: 0.0221, mse: 0.458964, wmse: 5.975436, mae: 0.485805
460,	Iter: 460, train loss: 3.2178, avg nll: 0.9149, avg wnll: 6.4284, avg kl: 0.0221, mse: 0.458561, wmse: 5.977182, mae: 0.485088
nll: 0.9764, mse: 0.4986, mae: 0.5073, mean_mse: 6.3975, mean_mae: 0.5073
1679039571.79588
461,	Iter: 461, train loss: 3.2291, avg nll: 0.9206, avg wnll: 6.3943, avg kl: 0.0203, mse: 0.459839, wmse: 5.995650, mae: 0.486444
462,	Iter: 462, train loss: 3.2299, avg nll: 0.9210, avg wnll: 6.4552, avg kl: 0.0218, mse: 0.459757, wmse: 5.991176, mae: 0.486294
463,	Iter: 463, train loss: 3.2238, avg nll: 0.9179, avg wnll: 6.3863, avg kl: 0.0215, mse: 0.459167, wmse: 5.975065, mae: 0.485669
464,	Iter: 464, train loss: 3.2216, avg nll: 0.9178, avg wnll: 6.4181, avg kl: 0.0210, mse: 0.458776, wmse: 5.981679, mae: 0.485810
465,	Iter: 465, train loss: 3.2334, avg nll: 0.9210, avg wnll: 6.4021, avg kl: 0.0208, mse: 0.460475, wmse: 5.988919, mae: 0.486652
466,	Iter: 466, train loss: 3.2347, avg nll: 0.9202, avg wnll: 6.3970, avg kl: 0.0219, mse: 0.460781, wmse: 5.993784, mae: 0.487046
467,	Iter: 467, train loss: 3.2255, avg nll: 0.9293, avg wnll: 6.5682, avg kl: 0.0212, mse: 0.457165, wmse: 5.951108, mae: 0.485950
468,	Iter: 468, train loss: 3.2207, avg nll: 0.9189, avg wnll: 6.3984, avg kl: 0.0204, mse: 0.458338, wmse: 5.958557, mae: 0.485688
469,	Iter: 469, train loss: 3.2181, avg nll: 0.9159, avg wnll: 6.4087, avg kl: 0.0208, mse: 0.458368, wmse: 5.967657, mae: 0.485513
470,	Iter: 470, train loss: 3.2124, avg nll: 0.9140, avg wnll: 6.4221, avg kl: 0.0204, mse: 0.457604, wmse: 5.963824, mae: 0.484486
nll: 0.9754, mse: 0.4981, mae: 0.5072, mean_mse: 6.3839, mean_mae: 0.5072
1679041359.3042314
471,	Iter: 471, train loss: 3.2211, avg nll: 0.9184, avg wnll: 6.3951, avg kl: 0.0192, mse: 0.458562, wmse: 5.976102, mae: 0.485760
472,	Iter: 472, train loss: 3.2263, avg nll: 0.9196, avg wnll: 6.4352, avg kl: 0.0203, mse: 0.459250, wmse: 5.983848, mae: 0.486026
473,	Iter: 473, train loss: 3.2181, avg nll: 0.9155, avg wnll: 6.3848, avg kl: 0.0207, mse: 0.458347, wmse: 5.961820, mae: 0.485276
474,	Iter: 474, train loss: 3.2151, avg nll: 0.9156, avg wnll: 6.3947, avg kl: 0.0201, mse: 0.457784, wmse: 5.970113, mae: 0.485400
475,	Iter: 475, train loss: 3.2272, avg nll: 0.9182, avg wnll: 6.3709, avg kl: 0.0199, mse: 0.459687, wmse: 5.977532, mae: 0.486147
476,	Iter: 476, train loss: 3.2323, avg nll: 0.9201, avg wnll: 6.4196, avg kl: 0.0206, mse: 0.460226, wmse: 5.986493, mae: 0.486745
477,	Iter: 477, train loss: 3.1980, avg nll: 0.9142, avg wnll: 6.3510, avg kl: 0.0204, mse: 0.454545, wmse: 5.911232, mae: 0.484374
478,	Iter: 478, train loss: 3.2132, avg nll: 0.9138, avg wnll: 6.3803, avg kl: 0.0199, mse: 0.457682, wmse: 5.948029, mae: 0.485301
479,	Iter: 479, train loss: 3.2129, avg nll: 0.9119, avg wnll: 6.3883, avg kl: 0.0199, mse: 0.457985, wmse: 5.961481, mae: 0.485329
480,	Iter: 480, train loss: 3.2072, avg nll: 0.9107, avg wnll: 6.4096, avg kl: 0.0197, mse: 0.457087, wmse: 5.957098, mae: 0.484277
nll: 0.9898, mse: 0.4980, mae: 0.5069, mean_mse: 6.3886, mean_mae: 0.5069
1679043174.396194
saving.................
done
481,	Iter: 481, train loss: 3.2175, avg nll: 0.9158, avg wnll: 6.3968, avg kl: 0.0182, mse: 0.458276, wmse: 5.974014, mae: 0.485531
482,	Iter: 482, train loss: 3.2214, avg nll: 0.9174, avg wnll: 6.4065, avg kl: 0.0195, mse: 0.458577, wmse: 5.976442, mae: 0.485749
483,	Iter: 483, train loss: 3.2158, avg nll: 0.9152, avg wnll: 6.3626, avg kl: 0.0193, mse: 0.457907, wmse: 5.956995, mae: 0.485147
484,	Iter: 484, train loss: 3.2089, avg nll: 0.9127, avg wnll: 6.3858, avg kl: 0.0189, mse: 0.457044, wmse: 5.959358, mae: 0.484988
485,	Iter: 485, train loss: 3.2223, avg nll: 0.9166, avg wnll: 6.3750, avg kl: 0.0189, mse: 0.458934, wmse: 5.965504, mae: 0.485811
486,	Iter: 486, train loss: 3.2235, avg nll: 0.9159, avg wnll: 6.4172, avg kl: 0.0201, mse: 0.459146, wmse: 5.971956, mae: 0.486210
487,	Iter: 487, train loss: 3.1917, avg nll: 0.9108, avg wnll: 6.3511, avg kl: 0.0191, mse: 0.453884, wmse: 5.903008, mae: 0.483998
488,	Iter: 488, train loss: 3.2089, avg nll: 0.9131, avg wnll: 6.4388, avg kl: 0.0192, mse: 0.456861, wmse: 5.938986, mae: 0.484889
489,	Iter: 489, train loss: 3.2137, avg nll: 0.9146, avg wnll: 6.3997, avg kl: 0.0192, mse: 0.457484, wmse: 5.955555, mae: 0.485121
490,	Iter: 490, train loss: 3.2069, avg nll: 0.9111, avg wnll: 6.4080, avg kl: 0.0191, mse: 0.456806, wmse: 5.952237, mae: 0.484202
nll: 0.9745, mse: 0.4976, mae: 0.5069, mean_mse: 6.3820, mean_mae: 0.5069
1679045096.926562
491,	Iter: 491, train loss: 3.2116, avg nll: 0.9145, avg wnll: 6.4002, avg kl: 0.0174, mse: 0.457268, wmse: 5.958174, mae: 0.484991
492,	Iter: 492, train loss: 3.2210, avg nll: 0.9190, avg wnll: 6.4511, avg kl: 0.0187, mse: 0.458065, wmse: 5.966541, mae: 0.485534
493,	Iter: 493, train loss: 3.2108, avg nll: 0.9134, avg wnll: 6.3732, avg kl: 0.0184, mse: 0.457147, wmse: 5.946229, mae: 0.484675
494,	Iter: 494, train loss: 3.2055, avg nll: 0.9114, avg wnll: 6.3825, avg kl: 0.0183, mse: 0.456497, wmse: 5.952599, mae: 0.484740
495,	Iter: 495, train loss: 3.2224, avg nll: 0.9177, avg wnll: 6.3746, avg kl: 0.0180, mse: 0.458636, wmse: 5.963919, mae: 0.485743
496,	Iter: 496, train loss: 3.2240, avg nll: 0.9183, avg wnll: 6.3917, avg kl: 0.0187, mse: 0.458736, wmse: 5.966448, mae: 0.485976
497,	Iter: 497, train loss: 3.1977, avg nll: 0.9159, avg wnll: 6.3855, avg kl: 0.0184, mse: 0.453958, wmse: 5.903672, mae: 0.484095
498,	Iter: 498, train loss: 3.2069, avg nll: 0.9129, avg wnll: 6.4227, avg kl: 0.0179, mse: 0.456438, wmse: 5.931139, mae: 0.484735
499,	Iter: 499, train loss: 3.2068, avg nll: 0.9114, avg wnll: 6.3968, avg kl: 0.0177, mse: 0.456744, wmse: 5.945220, mae: 0.484654
500,	Iter: 500, train loss: 3.1989, avg nll: 0.9077, avg wnll: 6.3833, avg kl: 0.0179, mse: 0.455846, wmse: 5.938412, mae: 0.483653
nll: 0.9815, mse: 0.4976, mae: 0.5066, mean_mse: 6.3762, mean_mae: 0.5066
1679046948.0054176
501,	Iter: 501, train loss: 3.2080, avg nll: 0.9136, avg wnll: 6.3850, avg kl: 0.0163, mse: 0.456700, wmse: 5.950906, mae: 0.484633
502,	Iter: 502, train loss: 3.2157, avg nll: 0.9163, avg wnll: 6.4304, avg kl: 0.0178, mse: 0.457455, wmse: 5.961484, mae: 0.485294
503,	Iter: 503, train loss: 3.2062, avg nll: 0.9118, avg wnll: 6.3570, avg kl: 0.0176, mse: 0.456494, wmse: 5.938310, mae: 0.484201
504,	Iter: 504, train loss: 3.2017, avg nll: 0.9104, avg wnll: 6.3941, avg kl: 0.0174, mse: 0.455863, wmse: 5.944161, mae: 0.484449
505,	Iter: 505, train loss: 3.2138, avg nll: 0.9135, avg wnll: 6.3691, avg kl: 0.0172, mse: 0.457665, wmse: 5.948986, mae: 0.485132
506,	Iter: 506, train loss: 3.2178, avg nll: 0.9148, avg wnll: 6.4025, avg kl: 0.0180, mse: 0.458092, wmse: 5.958121, mae: 0.485695
507,	Iter: 507, train loss: 3.1836, avg nll: 0.9086, avg wnll: 6.3485, avg kl: 0.0174, mse: 0.452545, wmse: 5.883122, mae: 0.483261
508,	Iter: 508, train loss: 3.1994, avg nll: 0.9080, avg wnll: 6.3813, avg kl: 0.0173, mse: 0.455836, wmse: 5.923732, mae: 0.484339
509,	Iter: 509, train loss: 3.2003, avg nll: 0.9069, avg wnll: 6.3935, avg kl: 0.0174, mse: 0.456193, wmse: 5.937831, mae: 0.484372
510,	Iter: 510, train loss: 3.1968, avg nll: 0.9074, avg wnll: 6.4144, avg kl: 0.0172, mse: 0.455411, wmse: 5.933825, mae: 0.483451
nll: 0.9765, mse: 0.4971, mae: 0.5066, mean_mse: 6.3765, mean_mae: 0.5066
1679048782.227602
saving.................
done
511,	Iter: 511, train loss: 3.2038, avg nll: 0.9116, avg wnll: 6.3720, avg kl: 0.0160, mse: 0.456128, wmse: 5.943978, mae: 0.484462
512,	Iter: 512, train loss: 3.2126, avg nll: 0.9154, avg wnll: 6.4338, avg kl: 0.0169, mse: 0.456967, wmse: 5.956207, mae: 0.484881
513,	Iter: 513, train loss: 3.2030, avg nll: 0.9103, avg wnll: 6.3511, avg kl: 0.0164, mse: 0.456115, wmse: 5.932425, mae: 0.484099
514,	Iter: 514, train loss: 3.2011, avg nll: 0.9110, avg wnll: 6.4101, avg kl: 0.0164, mse: 0.455574, wmse: 5.940423, mae: 0.484216
515,	Iter: 515, train loss: 3.2098, avg nll: 0.9118, avg wnll: 6.3492, avg kl: 0.0164, mse: 0.457165, wmse: 5.943233, mae: 0.484884
516,	Iter: 516, train loss: 3.2165, avg nll: 0.9150, avg wnll: 6.4090, avg kl: 0.0166, mse: 0.457804, wmse: 5.954848, mae: 0.485534
517,	Iter: 517, train loss: 3.1853, avg nll: 0.9099, avg wnll: 6.3644, avg kl: 0.0167, mse: 0.452566, wmse: 5.885209, mae: 0.483308
518,	Iter: 518, train loss: 3.2029, avg nll: 0.9125, avg wnll: 6.4267, avg kl: 0.0165, mse: 0.455570, wmse: 5.921226, mae: 0.484352
519,	Iter: 519, train loss: 3.1971, avg nll: 0.9073, avg wnll: 6.3888, avg kl: 0.0163, mse: 0.455449, wmse: 5.926014, mae: 0.484025
520,	Iter: 520, train loss: 3.1919, avg nll: 0.9055, avg wnll: 6.4031, avg kl: 0.0163, mse: 0.454771, wmse: 5.923759, mae: 0.483117
nll: 0.9810, mse: 0.4972, mae: 0.5066, mean_mse: 6.3781, mean_mae: 0.5066
1679050685.245179
521,	Iter: 521, train loss: 3.1995, avg nll: 0.9103, avg wnll: 6.4037, avg kl: 0.0152, mse: 0.455473, wmse: 5.934409, mae: 0.484114
522,	Iter: 522, train loss: 3.2085, avg nll: 0.9139, avg wnll: 6.3903, avg kl: 0.0161, mse: 0.456399, wmse: 5.946198, mae: 0.484694
523,	Iter: 523, train loss: 3.2109, avg nll: 0.9171, avg wnll: 6.4549, avg kl: 0.0162, mse: 0.456211, wmse: 5.935376, mae: 0.484384
524,	Iter: 524, train loss: 3.1947, avg nll: 0.9091, avg wnll: 6.3967, avg kl: 0.0158, mse: 0.454614, wmse: 5.924370, mae: 0.483727
525,	Iter: 525, train loss: 3.2093, avg nll: 0.9126, avg wnll: 6.3533, avg kl: 0.0159, mse: 0.456803, wmse: 5.937566, mae: 0.484775
526,	Iter: 526, train loss: 3.2117, avg nll: 0.9134, avg wnll: 6.3997, avg kl: 0.0164, mse: 0.457028, wmse: 5.942350, mae: 0.485137
527,	Iter: 527, train loss: 3.1813, avg nll: 0.9088, avg wnll: 6.3316, avg kl: 0.0161, mse: 0.451897, wmse: 5.876314, mae: 0.482952
528,	Iter: 528, train loss: 3.1989, avg nll: 0.9115, avg wnll: 6.3942, avg kl: 0.0160, mse: 0.454877, wmse: 5.910248, mae: 0.483827
529,	Iter: 529, train loss: 3.1955, avg nll: 0.9078, avg wnll: 6.3839, avg kl: 0.0156, mse: 0.454972, wmse: 5.918966, mae: 0.483781
530,	Iter: 530, train loss: 3.1916, avg nll: 0.9074, avg wnll: 6.4053, avg kl: 0.0160, mse: 0.454192, wmse: 5.916873, mae: 0.482771
nll: 0.9914, mse: 0.4969, mae: 0.5066, mean_mse: 6.3767, mean_mae: 0.5066
1679052469.9252117
531,	Iter: 531, train loss: 3.1929, avg nll: 0.9080, avg wnll: 6.3699, avg kl: 0.0146, mse: 0.454545, wmse: 5.921295, mae: 0.483436
532,	Iter: 532, train loss: 3.2001, avg nll: 0.9099, avg wnll: 6.3940, avg kl: 0.0157, mse: 0.455427, wmse: 5.933905, mae: 0.484114
533,	Iter: 533, train loss: 3.2006, avg nll: 0.9111, avg wnll: 6.3545, avg kl: 0.0150, mse: 0.455359, wmse: 5.920962, mae: 0.483725
534,	Iter: 534, train loss: 3.1930, avg nll: 0.9076, avg wnll: 6.3966, avg kl: 0.0152, mse: 0.454501, wmse: 5.927992, mae: 0.483698
535,	Iter: 535, train loss: 3.2088, avg nll: 0.9128, avg wnll: 6.3660, avg kl: 0.0150, mse: 0.456618, wmse: 5.935454, mae: 0.484726
536,	Iter: 536, train loss: 3.2071, avg nll: 0.9116, avg wnll: 6.3959, avg kl: 0.0157, mse: 0.456397, wmse: 5.935637, mae: 0.484704
537,	Iter: 537, train loss: 3.1730, avg nll: 0.9052, avg wnll: 6.3354, avg kl: 0.0151, mse: 0.450950, wmse: 5.862134, mae: 0.482436
538,	Iter: 538, train loss: 3.1869, avg nll: 0.9039, avg wnll: 6.3599, avg kl: 0.0149, mse: 0.454009, wmse: 5.899987, mae: 0.483264
539,	Iter: 539, train loss: 3.1895, avg nll: 0.9043, avg wnll: 6.4061, avg kl: 0.0150, mse: 0.454416, wmse: 5.912871, mae: 0.483520
540,	Iter: 540, train loss: 3.1905, avg nll: 0.9050, avg wnll: 6.4113, avg kl: 0.0148, mse: 0.454481, wmse: 5.920716, mae: 0.483039
nll: 0.9798, mse: 0.4976, mae: 0.5069, mean_mse: 6.3843, mean_mae: 0.5069
1679054301.2142088
saving.................
done
541,	Iter: 541, train loss: 3.1899, avg nll: 0.9062, avg wnll: 6.3563, avg kl: 0.0139, mse: 0.454284, wmse: 5.917563, mae: 0.483459
542,	Iter: 542, train loss: 3.1978, avg nll: 0.9093, avg wnll: 6.4238, avg kl: 0.0145, mse: 0.455111, wmse: 5.930237, mae: 0.484017
543,	Iter: 543, train loss: 3.1991, avg nll: 0.9112, avg wnll: 6.4168, avg kl: 0.0149, mse: 0.454916, wmse: 5.916349, mae: 0.483667
544,	Iter: 544, train loss: 3.2003, avg nll: 0.9122, avg wnll: 6.3905, avg kl: 0.0144, mse: 0.455030, wmse: 5.933548, mae: 0.484099
545,	Iter: 545, train loss: 3.2000, avg nll: 0.9087, avg wnll: 6.3397, avg kl: 0.0144, mse: 0.455657, wmse: 5.920667, mae: 0.484170
546,	Iter: 546, train loss: 3.2009, avg nll: 0.9086, avg wnll: 6.3603, avg kl: 0.0150, mse: 0.455729, wmse: 5.924737, mae: 0.484397
547,	Iter: 547, train loss: 3.1750, avg nll: 0.9066, avg wnll: 6.4000, avg kl: 0.0147, mse: 0.450979, wmse: 5.863319, mae: 0.482385
548,	Iter: 548, train loss: 3.1845, avg nll: 0.9040, avg wnll: 6.3874, avg kl: 0.0146, mse: 0.453410, wmse: 5.891224, mae: 0.483091
549,	Iter: 549, train loss: 3.1883, avg nll: 0.9042, avg wnll: 6.3899, avg kl: 0.0143, mse: 0.454162, wmse: 5.908781, mae: 0.483401
550,	Iter: 550, train loss: 3.1965, avg nll: 0.9101, avg wnll: 6.4647, avg kl: 0.0144, mse: 0.454600, wmse: 5.921413, mae: 0.483135
nll: 0.9804, mse: 0.4976, mae: 0.5069, mean_mse: 6.3842, mean_mae: 0.5069
1679056102.1451879
551,	Iter: 551, train loss: 3.1918, avg nll: 0.9086, avg wnll: 6.3829, avg kl: 0.0132, mse: 0.454182, wmse: 5.917734, mae: 0.483434
552,	Iter: 552, train loss: 3.1949, avg nll: 0.9085, avg wnll: 6.3959, avg kl: 0.0144, mse: 0.454583, wmse: 5.923601, mae: 0.483750
553,	Iter: 553, train loss: 3.1940, avg nll: 0.9095, avg wnll: 6.4476, avg kl: 0.0139, mse: 0.454243, wmse: 5.906241, mae: 0.483133
554,	Iter: 554, train loss: 3.1852, avg nll: 0.9044, avg wnll: 6.3513, avg kl: 0.0140, mse: 0.453481, wmse: 5.912876, mae: 0.483168
555,	Iter: 555, train loss: 3.1982, avg nll: 0.9082, avg wnll: 6.3537, avg kl: 0.0139, mse: 0.455318, wmse: 5.916597, mae: 0.483997
556,	Iter: 556, train loss: 3.2016, avg nll: 0.9094, avg wnll: 6.3800, avg kl: 0.0144, mse: 0.455673, wmse: 5.924514, mae: 0.484440
557,	Iter: 557, train loss: 3.1703, avg nll: 0.9052, avg wnll: 6.3694, avg kl: 0.0139, mse: 0.450322, wmse: 5.853398, mae: 0.482042
558,	Iter: 558, train loss: 3.1842, avg nll: 0.9050, avg wnll: 6.3782, avg kl: 0.0138, mse: 0.453145, wmse: 5.887302, mae: 0.482984
559,	Iter: 559, train loss: 3.1838, avg nll: 0.9023, avg wnll: 6.3640, avg kl: 0.0137, mse: 0.453615, wmse: 5.901945, mae: 0.483096
560,	Iter: 560, train loss: 3.1812, avg nll: 0.9024, avg wnll: 6.3961, avg kl: 0.0137, mse: 0.453046, wmse: 5.902531, mae: 0.482381
nll: 0.9899, mse: 0.4972, mae: 0.5067, mean_mse: 6.3811, mean_mae: 0.5067
1679058026.0487626
561,	Iter: 561, train loss: 3.1886, avg nll: 0.9075, avg wnll: 6.3856, avg kl: 0.0128, mse: 0.453687, wmse: 5.910430, mae: 0.483153
562,	Iter: 562, train loss: 3.1903, avg nll: 0.9066, avg wnll: 6.3918, avg kl: 0.0136, mse: 0.454022, wmse: 5.915047, mae: 0.483438
563,	Iter: 563, train loss: 3.1877, avg nll: 0.9063, avg wnll: 6.3580, avg kl: 0.0132, mse: 0.453636, wmse: 5.898050, mae: 0.482803
564,	Iter: 564, train loss: 3.1796, avg nll: 0.9025, avg wnll: 6.3656, avg kl: 0.0134, mse: 0.452737, wmse: 5.901865, mae: 0.482737
565,	Iter: 565, train loss: 3.2000, avg nll: 0.9117, avg wnll: 6.3832, avg kl: 0.0136, mse: 0.454948, wmse: 5.911998, mae: 0.483908
566,	Iter: 566, train loss: 3.1951, avg nll: 0.9069, avg wnll: 6.3958, avg kl: 0.0139, mse: 0.454851, wmse: 5.912962, mae: 0.483920
567,	Iter: 567, train loss: 3.1656, avg nll: 0.9045, avg wnll: 6.3563, avg kl: 0.0135, mse: 0.449517, wmse: 5.841963, mae: 0.481606
568,	Iter: 568, train loss: 3.1774, avg nll: 0.9017, avg wnll: 6.3852, avg kl: 0.0133, mse: 0.452469, wmse: 5.879041, mae: 0.482564
569,	Iter: 569, train loss: 3.1794, avg nll: 0.9008, avg wnll: 6.3525, avg kl: 0.0133, mse: 0.453048, wmse: 5.894621, mae: 0.482951
570,	Iter: 570, train loss: 3.1815, avg nll: 0.9029, avg wnll: 6.4467, avg kl: 0.0132, mse: 0.453073, wmse: 5.901610, mae: 0.482268
nll: 0.9830, mse: 0.4968, mae: 0.5064, mean_mse: 6.3735, mean_mae: 0.5064
1679059830.9892793
saving.................
done
571,	Iter: 571, train loss: 3.1870, avg nll: 0.9072, avg wnll: 6.3686, avg kl: 0.0124, mse: 0.453477, wmse: 5.905121, mae: 0.483077
572,slurmstepd: error: *** JOB 246777 ON gpu0 CANCELLED AT 2023-03-17T13:39:26 ***
