Namespace(n_union_tp=3500, data_folder='datasets/ZTF_g', checkpoint='ZTF_g0.6500861048698425.h5', start_col=1, inc_errors=False, print_at=1, embed_time=128, enc_num_heads=16, latent_dim=64, mixing='concat', num_ref_points=16, rec_hidden=128, width=512, save_at=30, patience=100, early_stopping=False, niters=20000, frac=0.5, batch_size=2, mse_weight=5.0, dropout=0.0, num_resamples=0, lr=0.0001, scheduler=False, warmup=4000, kl_zero=False, kl_annealing=True, net='hetvae', device='cuda', const_var=False, var_per_dim=False, std=0.1, seed=2, save=True, k_iwae=1) 557826
validated 3407 files out of 3407 for band='g'
3407 3407
(2559, 1, 585, 3)
created union_tp attribute of length 3501
dataset created w/ shape (2559, 1, 585, 3)
train size: 2303, valid size: 231, test size: 256
datasets/ZTF_g
=> loading checkpoint 'ZTF_g0.6500861048698425.h5'
Namespace(n_union_tp=3500, data_folder='datasets/ZTF_g', checkpoint='ZTF_g0.6659670472145081.h5', start_col=1, inc_errors=False, print_at=1, embed_time=128, enc_num_heads=16, latent_dim=64, mixing='concat', num_ref_points=16, rec_hidden=128, width=512, save_at=30, patience=100, early_stopping=False, niters=20000, frac=0.5, batch_size=2, mse_weight=5.0, dropout=0.0, num_resamples=0, lr=2e-07, scheduler=False, warmup=4000, kl_zero=False, kl_annealing=True, net='hetvae', device='cuda', const_var=False, var_per_dim=False, std=0.1, seed=2, save=True, k_iwae=1)
loaded checkpoint w/ loss=2.4780263793996453
model_size=498882
3751,	Iter: 3751, train loss: 10.9714, avg nll: 5.3443, avg wnll: nan, avg kl: 0.0078, mse: 1.125412, wmse: 17.401669, mae: 0.833593
3752,	Iter: 3752, train loss: 6.5629, avg nll: 1.4619, avg wnll: nan, avg kl: 0.0161, mse: 1.020160, wmse: 15.554954, mae: 0.791928
3753,	Iter: 3753, train loss: 7.1047, avg nll: 1.7608, avg wnll: nan, avg kl: 0.0131, mse: 1.068739, wmse: 16.399380, mae: 0.810808
3754,	Iter: 3754, train loss: 6.6459, avg nll: 1.4660, avg wnll: nan, avg kl: 0.0083, mse: 1.035927, wmse: 15.850300, mae: 0.800390
3755,	Iter: 3755, train loss: 6.7100, avg nll: 1.4650, avg wnll: nan, avg kl: 0.0087, mse: 1.048960, wmse: 16.123676, mae: 0.804635
3756,	Iter: 3756, train loss: 6.7153, avg nll: 1.4590, avg wnll: nan, avg kl: 0.0105, mse: 1.051195, wmse: 16.202648, mae: 0.806709
3757,	Iter: 3757, train loss: 6.7754, avg nll: 1.4608, avg wnll: nan, avg kl: 0.0053, mse: 1.062883, wmse: 16.370169, mae: 0.812106
3758,	Iter: 3758, train loss: 6.7946, avg nll: 1.4658, avg wnll: nan, avg kl: 0.0116, mse: 1.065679, wmse: 16.510517, mae: 0.813428
3759,	Iter: 3759, train loss: 6.7315, avg nll: 1.4562, avg wnll: nan, avg kl: 0.0063, mse: 1.054994, wmse: 16.235155, mae: 0.809678
3760,	Iter: 3760, train loss: 6.7005, avg nll: 1.4490, avg wnll: nan, avg kl: 0.0035, mse: 1.050261, wmse: 16.298548, mae: 0.808131
nll: 1.4642, mse: 1.0907, mae: 0.8222, mean_mse: 17.3330, mean_mae: 0.8222
1679489849.5532534
3761,	Iter: 3761, train loss: 6.7507, avg nll: 1.4535, avg wnll: nan, avg kl: 0.0043, mse: 1.059385, wmse: 16.402058, mae: 0.813366
3762,nan in loss,,,,,,,,, stopping
