Namespace(n_union_tp=3500, data_folder='datasets/ZTF_g', checkpoint='datasets/ZTF_g0.8123718500137329.h5', start_col=1, inc_errors=False, print_at=1, embed_time=128, enc_num_heads=16, latent_dim=64, mixing='concat', num_ref_points=16, rec_hidden=128, width=512, save_at=30, patience=100, early_stopping=False, niters=20000, frac=0.5, batch_size=2, mse_weight=5.0, dropout=0.0, num_resamples=0, lr=2.5e-05, scheduler=False, warmup=4000, kl_zero=False, kl_annealing=True, net='hetvae', device='cuda', const_var=False, var_per_dim=False, std=0.1, seed=2, save=True, k_iwae=1) 4024147
validated 3407 files out of 3407 for band='g'
3407 3407
(2559, 1, 1974, 3)
created union_tp attribute of length 3500
dataset created w/ shape (2559, 1, 1974, 3)
train size: 2303, valid size: 231, test size: 256
datasets/ZTF_g
=> loading checkpoint 'datasets/ZTF_g0.8123718500137329.h5'
Namespace(n_union_tp=3500, data_folder='datasets/ZTF_g', checkpoint='datasets/ZTF_g0.8861883878707886.h5', start_col=1, inc_errors=False, print_at=1, embed_time=128, enc_num_heads=16, latent_dim=64, mixing='concat', num_ref_points=16, rec_hidden=128, width=512, save_at=30, patience=100, early_stopping=False, niters=20000, frac=0.5, batch_size=2, mse_weight=5.0, dropout=0.0, num_resamples=0, lr=5e-05, scheduler=False, warmup=4000, kl_zero=False, kl_annealing=True, net='hetvae', device='cuda', const_var=False, var_per_dim=False, std=0.1, seed=2, save=True, k_iwae=1)
loaded checkpoint w/ loss=2.7696360522283454
model_size=498882
991,	Iter: 991, train loss: 3.3720, avg nll: 1.0027, avg wnll: nan, avg kl: 0.0172, mse: 0.470427, wmse: 6.192516, mae: 0.493311
992,	Iter: 992, train loss: 3.3135, avg nll: 0.9809, avg wnll: nan, avg kl: 0.0166, mse: 0.463211, wmse: 6.038093, mae: 0.489709
993,	Iter: 993, train loss: 3.2957, avg nll: 0.9697, avg wnll: nan, avg kl: 0.0167, mse: 0.461856, wmse: 6.046302, mae: 0.488644
994,	Iter: 994, train loss: 3.2691, avg nll: 0.9571, avg wnll: nan, avg kl: 0.0164, mse: 0.459127, wmse: 5.991872, mae: 0.486914
995,	Iter: 995, train loss: 3.2656, avg nll: 0.9561, avg wnll: nan, avg kl: 0.0157, mse: 0.458759, wmse: 6.013324, mae: 0.486520
996,	Iter: 996, train loss: 3.2678, avg nll: 0.9544, avg wnll: nan, avg kl: 0.0159, mse: 0.459485, wmse: 5.988048, mae: 0.486555
997,	Iter: 997, train loss: 3.2448, avg nll: 0.9507, avg wnll: nan, avg kl: 0.0152, mse: 0.455776, wmse: 5.950608, mae: 0.484762
998,	Iter: 998, train loss: 3.2521, avg nll: 0.9517, avg wnll: nan, avg kl: 0.0144, mse: 0.457196, wmse: 5.958014, mae: 0.484803
999,	Iter: 999, train loss: 3.2446, avg nll: 0.9542, avg wnll: nan, avg kl: 0.0137, mse: 0.455336, wmse: 5.931758, mae: 0.484666
1000,	Iter: 1000, train loss: 3.2502, avg nll: 0.9522, avg wnll: nan, avg kl: 0.0135, mse: 0.456906, wmse: 5.963237, mae: 0.484970
nll: 0.8684, mse: 0.4285, mae: 0.4695, mean_mse: 5.8989, mean_mae: 0.4695
1679027518.8718908
1001,	Iter: 1001, train loss: 2.8590, avg nll: 0.8489, avg wnll: nan, avg kl: 0.0108, mse: 0.399865, wmse: 5.164349, mae: 0.453889
1002,	Iter: 1002, train loss: 2.7821, avg nll: 0.8171, avg wnll: nan, avg kl: 0.0116, mse: 0.390673, wmse: 5.064937, mae: 0.448961
1003,	Iter: 1003, train loss: 2.7746, avg nll: 0.8103, avg wnll: nan, avg kl: 0.0117, mse: 0.390514, wmse: 5.047126, mae: 0.448810
1004,	Iter: 1004, train loss: 2.7820, avg nll: 0.8094, avg wnll: nan, avg kl: 0.0119, mse: 0.392136, wmse: 5.085789, mae: 0.448443
1005,	Iter: 1005, train loss: 2.7748, avg nll: 0.8109, avg wnll: nan, avg kl: 0.0124, mse: 0.390291, wmse: 5.031622, mae: 0.448716
1006,	Iter: 1006, train loss: 2.7621, avg nll: 0.8020, avg wnll: nan, avg kl: 0.0123, mse: 0.389558, wmse: 5.054306, mae: 0.448211
1007,	Iter: 1007, train loss: 2.7476, avg nll: 0.8021, avg wnll: nan, avg kl: 0.0117, mse: 0.386768, wmse: 4.989990, mae: 0.447314
1008,	Iter: 1008, train loss: 2.7362, avg nll: 0.7948, avg wnll: nan, avg kl: 0.0123, mse: 0.385809, wmse: 4.977680, mae: 0.446188
1009,	Iter: 1009, train loss: 2.7433, avg nll: 0.7969, avg wnll: nan, avg kl: 0.0125, mse: 0.386776, wmse: 5.004826, mae: 0.447142
1010,	Iter: 1010, train loss: 2.7347, avg nll: 0.8020, avg wnll: nan, avg kl: 0.0126, mse: 0.384029, wmse: 4.961209, mae: 0.445580
nll: 0.8842, mse: 0.4364, mae: 0.4746, mean_mse: 6.0196, mean_mae: 0.4746
1679028471.982665
1011,	Iter: 1011, train loss: 2.7592, avg nll: 0.8012, avg wnll: nan, avg kl: 0.0126, mse: 0.389081, wmse: 5.024595, mae: 0.447609
1012,	Iter: 1012, train loss: 2.7236, avg nll: 0.7844, avg wnll: nan, avg kl: 0.0129, mse: 0.385269, wmse: 4.988332, mae: 0.445295
1013,	Iter: 1013, train loss: 2.7388, avg nll: 0.7921, avg wnll: nan, avg kl: 0.0128, mse: 0.386777, wmse: 4.997339, mae: 0.446400
1014,	Iter: 1014, train loss: 2.7520, avg nll: 0.7927, avg wnll: nan, avg kl: 0.0128, mse: 0.389310, wmse: 5.048955, mae: 0.446619
1015,	Iter: 1015, train loss: 2.7441, avg nll: 0.7948, avg wnll: nan, avg kl: 0.0127, mse: 0.387308, wmse: 4.992485, mae: 0.447079
1016,	Iter: 1016, train loss: 2.7282, avg nll: 0.7822, avg wnll: nan, avg kl: 0.0129, mse: 0.386615, wmse: 5.017255, mae: 0.446224
1017,	Iter: 1017, train loss: 2.7108, avg nll: 0.7798, avg wnll: nan, avg kl: 0.0123, mse: 0.383744, wmse: 4.950840, mae: 0.445037
1018,	Iter: 1018, train loss: 2.7124, avg nll: 0.7788, avg wnll: nan, avg kl: 0.0127, mse: 0.384180, wmse: 4.956082, mae: 0.445068
1019,	Iter: 1019, train loss: 2.7178, avg nll: 0.7810, avg wnll: nan, avg kl: 0.0128, mse: 0.384800, wmse: 4.979494, mae: 0.445866
1020,	Iter: 1020, train loss: 2.7104, avg nll: 0.7842, avg wnll: nan, avg kl: 0.0125, mse: 0.382762, wmse: 4.948764, mae: 0.444644
nll: 0.8885, mse: 0.4376, mae: 0.4748, mean_mse: 6.0258, mean_mae: 0.4748
1679029365.44606
saving.................
done
1021,	Iter: 1021, train loss: 2.7413, avg nll: 0.7895, avg wnll: nan, avg kl: 0.0124, mse: 0.387888, wmse: 5.009587, mae: 0.446965
1022,	Iter: 1022, train loss: 2.7135, avg nll: 0.7778, avg wnll: nan, avg kl: 0.0132, mse: 0.384489, wmse: 4.979038, mae: 0.444889
1023,	Iter: 1023, train loss: 2.7337, avg nll: 0.7905, avg wnll: nan, avg kl: 0.0128, mse: 0.386091, wmse: 4.993604, mae: 0.445975
1024,	Iter: 1024, train loss: 2.7499, avg nll: 0.7923, avg wnll: nan, avg kl: 0.0129, mse: 0.388946, wmse: 5.044120, mae: 0.446469
1025,	Iter: 1025, train loss: 2.7391, avg nll: 0.7920, avg wnll: nan, avg kl: 0.0133, mse: 0.386752, wmse: 4.984483, mae: 0.446797
1026,	Iter: 1026, train loss: 2.7246, avg nll: 0.7812, avg wnll: nan, avg kl: 0.0133, mse: 0.386035, wmse: 5.011548, mae: 0.446001
1027,	Iter: 1027, train loss: 2.7174, avg nll: 0.7855, avg wnll: nan, avg kl: 0.0124, mse: 0.383897, wmse: 4.951416, mae: 0.445500
1028,	Iter: 1028, train loss: 2.7134, avg nll: 0.7828, avg wnll: nan, avg kl: 0.0132, mse: 0.383460, wmse: 4.947841, mae: 0.444922
1029,	Iter: 1029, train loss: 2.7159, avg nll: 0.7813, avg wnll: nan, avg kl: 0.0133, mse: 0.384268, wmse: 4.975376, mae: 0.445678
1030,	Iter: 1030, train loss: 2.7118, avg nll: 0.7876, avg wnll: nan, avg kl: 0.0133, mse: 0.382187, wmse: 4.945753, mae: 0.444322
nll: 0.8918, mse: 0.4398, mae: 0.4768, mean_mse: 6.0687, mean_mae: 0.4768
1679030320.4339137
1031,	Iter: 1031, train loss: 2.7557, avg nll: 0.7998, avg wnll: nan, avg kl: 0.0129, mse: 0.388601, wmse: 5.021408, mae: 0.447410
1032,	Iter: 1032, train loss: 2.7169, avg nll: 0.7830, avg wnll: nan, avg kl: 0.0133, mse: 0.384125, wmse: 4.971963, mae: 0.444883
1033,	Iter: 1033, train loss: 2.7340, avg nll: 0.7932, avg wnll: nan, avg kl: 0.0129, mse: 0.385583, wmse: 4.985080, mae: 0.445980
1034,	Iter: 1034, train loss: 2.7522, avg nll: 0.7967, avg wnll: nan, avg kl: 0.0129, mse: 0.388504, wmse: 5.041884, mae: 0.446302
1035,	Iter: 1035, train loss: 2.7356, avg nll: 0.7930, avg wnll: nan, avg kl: 0.0134, mse: 0.385845, wmse: 4.974783, mae: 0.446596
1036,	Iter: 1036, train loss: 2.7229, avg nll: 0.7825, avg wnll: nan, avg kl: 0.0132, mse: 0.385451, wmse: 5.003589, mae: 0.445833
1037,	Iter: 1037, train loss: 2.7108, avg nll: 0.7854, avg wnll: nan, avg kl: 0.0126, mse: 0.382572, wmse: 4.935424, mae: 0.444761
1038,	Iter: 1038, train loss: 2.6998, avg nll: 0.7750, avg wnll: nan, avg kl: 0.0133, mse: 0.382303, wmse: 4.933820, mae: 0.444158
1039,	Iter: 1039, train loss: 2.7171, avg nll: 0.7833, avg wnll: nan, avg kl: 0.0136, mse: 0.384033, wmse: 4.973887, mae: 0.445623
1040,	Iter: 1040, train loss: 2.7061, avg nll: 0.7836, avg wnll: nan, avg kl: 0.0133, mse: 0.381833, wmse: 4.936547, mae: 0.444204
nll: 0.8900, mse: 0.4377, mae: 0.4752, mean_mse: 6.0282, mean_mae: 0.4752
1679031242.3637671
1041,	Iter: 1041, train loss: 2.7408, avg nll: 0.7924, avg wnll: nan, avg kl: 0.0130, mse: 0.387069, wmse: 4.999116, mae: 0.446528
1042,	Iter: 1042, train loss: 2.7092, avg nll: 0.7763, avg wnll: nan, avg kl: 0.0137, mse: 0.383855, wmse: 4.970092, mae: 0.444653
1043,	Iter: 1043, train loss: 2.7288, avg nll: 0.7899, avg wnll: nan, avg kl: 0.0126, mse: 0.385263, wmse: 4.980614, mae: 0.445778
1044,	Iter: 1044, train loss: 2.7411, avg nll: 0.7892, avg wnll: nan, avg kl: 0.0134, mse: 0.387686, wmse: 5.030478, mae: 0.445920
1045,	Iter: 1045, train loss: 2.7353, avg nll: 0.7934, avg wnll: nan, avg kl: 0.0136, mse: 0.385658, wmse: 4.973739, mae: 0.446289
1046,	Iter: 1046, train loss: 2.7270, avg nll: 0.7862, avg wnll: nan, avg kl: 0.0135, mse: 0.385470, wmse: 5.007518, mae: 0.445854
1047,	Iter: 1047, train loss: 2.7045, avg nll: 0.7801, avg wnll: nan, avg kl: 0.0127, mse: 0.382363, wmse: 4.931876, mae: 0.444470
1048,	Iter: 1048, train loss: 2.6997, avg nll: 0.7751, avg wnll: nan, avg kl: 0.0133, mse: 0.382272, wmse: 4.930653, mae: 0.444072
1049,	Iter: 1049, train loss: 2.7129, avg nll: 0.7813, avg wnll: nan, avg kl: 0.0135, mse: 0.383614, wmse: 4.964055, mae: 0.445322
1050,	Iter: 1050, train loss: 2.7056, avg nll: 0.7829, avg wnll: nan, avg kl: 0.0132, mse: 0.381900, wmse: 4.938925, mae: 0.444190
nll: 0.8925, mse: 0.4393, mae: 0.4767, mean_mse: 6.0636, mean_mae: 0.4767
1679032165.6263993
saving.................
done
1051,	Iter: 1051, train loss: 2.7408, avg nll: 0.7928, avg wnll: nan, avg kl: 0.0131, mse: 0.386963, wmse: 5.000409, mae: 0.446498
1052,	Iter: 1052, train loss: 2.7117, avg nll: 0.7807, avg wnll: nan, avg kl: 0.0134, mse: 0.383512, wmse: 4.967569, mae: 0.444598
1053,	Iter: 1053, train loss: 2.7306, avg nll: 0.7953, avg wnll: nan, avg kl: 0.0132, mse: 0.384416, wmse: 4.970277, mae: 0.445065
1054,	Iter: 1054, train loss: 2.7394, avg nll: 0.7881, avg wnll: nan, avg kl: 0.0132, mse: 0.387632, wmse: 5.028037, mae: 0.445930
1055,	Iter: 1055, train loss: 2.7309, avg nll: 0.7918, avg wnll: nan, avg kl: 0.0134, mse: 0.385130, wmse: 4.965193, mae: 0.446142
1056,	Iter: 1056, train loss: 2.7221, avg nll: 0.7848, avg wnll: nan, avg kl: 0.0132, mse: 0.384809, wmse: 4.996488, mae: 0.445548
1057,	Iter: 1057, train loss: 2.7059, avg nll: 0.7823, avg wnll: nan, avg kl: 0.0129, mse: 0.382148, wmse: 4.929044, mae: 0.444367
1058,	Iter: 1058, train loss: 2.7005, avg nll: 0.7773, avg wnll: nan, avg kl: 0.0134, mse: 0.381971, wmse: 4.928303, mae: 0.443816
1059,	Iter: 1059, train loss: 2.7088, avg nll: 0.7796, avg wnll: nan, avg kl: 0.0135, mse: 0.383146, wmse: 4.960584, mae: 0.445112
1060,	Iter: 1060, train loss: 2.7015, avg nll: 0.7855, avg wnll: nan, avg kl: 0.0132, mse: 0.380546, wmse: 4.920598, mae: 0.443381
nll: 0.8885, mse: 0.4378, mae: 0.4753, mean_mse: 6.0185, mean_mae: 0.4753
1679033096.8838408
1061,	Iter: 1061, train loss: 2.7314, avg nll: 0.7879, avg wnll: nan, avg kl: 0.0128, mse: 0.386143, wmse: 4.987415, mae: 0.446160
1062,	Iter: 1062, train loss: 2.7079, avg nll: 0.7770, avg wnll: nan, avg kl: 0.0136, mse: 0.383455, wmse: 4.965277, mae: 0.444708
1063,	Iter: 1063, train loss: 2.7211, avg nll: 0.7872, avg wnll: nan, avg kl: 0.0133, mse: 0.384127, wmse: 4.967185, mae: 0.445067
1064,	Iter: 1064, train loss: 2.7326, avg nll: 0.7838, avg wnll: nan, avg kl: 0.0134, mse: 0.387066, wmse: 5.020302, mae: 0.445589
1065,	Iter: 1065, train loss: 2.7305, avg nll: 0.7902, avg wnll: nan, avg kl: 0.0131, mse: 0.385452, wmse: 4.971177, mae: 0.446330
1066,	Iter: 1066, train loss: 2.7100, avg nll: 0.7759, avg wnll: nan, avg kl: 0.0134, mse: 0.384127, wmse: 4.988707, mae: 0.444998
1067,	Iter: 1067, train loss: 2.7086, avg nll: 0.7859, avg wnll: nan, avg kl: 0.0127, mse: 0.381992, wmse: 4.928801, mae: 0.444510
1068,	Iter: 1068, train loss: 2.6973, avg nll: 0.7741, avg wnll: nan, avg kl: 0.0134, mse: 0.381962, wmse: 4.929492, mae: 0.443898
1069,	Iter: 1069, train loss: 2.7075, avg nll: 0.7808, avg wnll: nan, avg kl: 0.0137, mse: 0.382616, wmse: 4.952753, mae: 0.444878
1070,	Iter: 1070, train loss: 2.7070, avg nll: 0.7871, avg wnll: nan, avg kl: 0.0135, mse: 0.381285, wmse: 4.930805, mae: 0.443997
nll: 0.8913, mse: 0.4391, mae: 0.4760, mean_mse: 6.0528, mean_mae: 0.4760
1679034013.227801
1071,	Iter: 1071, train loss: 2.7297, avg nll: 0.7879, avg wnll: nan, avg kl: 0.0135, mse: 0.385666, wmse: 4.982311, mae: 0.445840
1072,	Iter: 1072, train loss: 2.7069, avg nll: 0.7776, avg wnll: nan, avg kl: 0.0136, mse: 0.383158, wmse: 4.960635, mae: 0.444691
1073,	Iter: 1073, train loss: 2.7201, avg nll: 0.7852, avg wnll: nan, avg kl: 0.0134, mse: 0.384308, wmse: 4.970477, mae: 0.445184
1074,	Iter: 1074, train loss: 2.7427, avg nll: 0.7926, avg wnll: nan, avg kl: 0.0135, mse: 0.387322, wmse: 5.027846, mae: 0.445878
1075,	Iter: 1075, train loss: 2.7316, avg nll: 0.7936, avg wnll: nan, avg kl: 0.0133, mse: 0.384957, wmse: 4.964094, mae: 0.445966
1076,	Iter: 1076, train loss: 2.7160, avg nll: 0.7829, avg wnll: nan, avg kl: 0.0137, mse: 0.383867, wmse: 4.984768, mae: 0.445064
1077,	Iter: 1077, train loss: 2.7019, avg nll: 0.7809, avg wnll: nan, avg kl: 0.0130, mse: 0.381608, wmse: 4.922310, mae: 0.444237
1078,	Iter: 1078, train loss: 2.6982, avg nll: 0.7774, avg wnll: nan, avg kl: 0.0136, mse: 0.381427, wmse: 4.920653, mae: 0.443642
1079,	Iter: 1079, train loss: 2.7070, avg nll: 0.7783, avg wnll: nan, avg kl: 0.0136, mse: 0.383031, wmse: 4.959701, mae: 0.445088
1080,	Iter: 1080, train loss: 2.6921, avg nll: 0.7773, avg wnll: nan, avg kl: 0.0137, mse: 0.380228, wmse: 4.915762, mae: 0.443213
nll: 0.8881, mse: 0.4375, mae: 0.4752, mean_mse: 6.0264, mean_mae: 0.4752
1679034929.7622063
saving.................
done
1081,	Iter: 1081, train loss: 2.7308, avg nll: 0.7883, avg wnll: nan, avg kl: 0.0132, mse: 0.385849, wmse: 4.982953, mae: 0.445981
1082,	Iter: 1082, train loss: 2.7113, avg nll: 0.7827, avg wnll: nan, avg kl: 0.0133, mse: 0.383057, wmse: 4.960595, mae: 0.444504
1083,	Iter: 1083, train loss: 2.7182, avg nll: 0.7861, avg wnll: nan, avg kl: 0.0134, mse: 0.383754, wmse: 4.961315, mae: 0.444866
1084,	Iter: 1084, train loss: 2.7376, avg nll: 0.7900, avg wnll: nan, avg kl: 0.0132, mse: 0.386865, wmse: 5.021483, mae: 0.445543
1085,	Iter: 1085, train loss: 2.7229, avg nll: 0.7875, avg wnll: nan, avg kl: 0.0135, mse: 0.384374, wmse: 4.958185, mae: 0.445771
1086,	Iter: 1086, train loss: 2.7088, avg nll: 0.7764, avg wnll: nan, avg kl: 0.0138, mse: 0.383715, wmse: 4.982698, mae: 0.444793
1087,	Iter: 1087, train loss: 2.6987, avg nll: 0.7791, avg wnll: nan, avg kl: 0.0130, mse: 0.381320, wmse: 4.918149, mae: 0.444012
1088,	Iter: 1088, train loss: 2.7024, avg nll: 0.7794, avg wnll: nan, avg kl: 0.0132, mse: 0.381963, wmse: 4.927660, mae: 0.444297
1089,	Iter: 1089, train loss: 2.7052, avg nll: 0.7783, avg wnll: nan, avg kl: 0.0141, mse: 0.382557, wmse: 4.953708, mae: 0.444686
1090,	Iter: 1090, train loss: 2.6972, avg nll: 0.7822, avg wnll: nan, avg kl: 0.0137, mse: 0.380257, wmse: 4.920027, mae: 0.443462
nll: 0.8861, mse: 0.4367, mae: 0.4746, mean_mse: 6.0208, mean_mae: 0.4746
1679035870.7670586
1091,	Iter: 1091, train loss: 2.7330, avg nll: 0.7917, avg wnll: nan, avg kl: 0.0130, mse: 0.385665, wmse: 4.981695, mae: 0.445921
1092,	Iter: 1092, train loss: 2.6982, avg nll: 0.7745, avg wnll: nan, avg kl: 0.0138, mse: 0.381979, wmse: 4.944731, mae: 0.443723
1093,	Iter: 1093, train loss: 2.7107, avg nll: 0.7819, avg wnll: nan, avg kl: 0.0136, mse: 0.383037, wmse: 4.952877, mae: 0.444424
1094,	Iter: 1094, train loss: 2.7320, avg nll: 0.7848, avg wnll: nan, avg kl: 0.0138, mse: 0.386669, wmse: 5.015342, mae: 0.445507
1095,	Iter: 1095, train loss: 2.7186, avg nll: 0.7863, avg wnll: nan, avg kl: 0.0137, mse: 0.383723, wmse: 4.947165, mae: 0.445123
1096,	Iter: 1096, train loss: 2.7172, avg nll: 0.7837, avg wnll: nan, avg kl: 0.0134, mse: 0.384026, wmse: 4.986966, mae: 0.445248
1097,	Iter: 1097, train loss: 2.6977, avg nll: 0.7790, avg wnll: nan, avg kl: 0.0132, mse: 0.381097, wmse: 4.917611, mae: 0.444110
1098,	Iter: 1098, train loss: 2.6941, avg nll: 0.7745, avg wnll: nan, avg kl: 0.0134, mse: 0.381217, wmse: 4.918712, mae: 0.443546
1099,	Iter: 1099, train loss: 2.6984, avg nll: 0.7751, avg wnll: nan, avg kl: 0.0137, mse: 0.381924, wmse: 4.944458, mae: 0.444300
1100,	Iter: 1100, train loss: 2.6952, avg nll: 0.7802, avg wnll: nan, avg kl: 0.0139, mse: 0.380219, wmse: 4.914987, mae: 0.443391
nll: 0.8877, mse: 0.4374, mae: 0.4752, mean_mse: 6.0249, mean_mae: 0.4752
1679036807.7458062
1101,	Iter: 1101, train loss: 2.7205, avg nll: 0.7824, avg wnll: nan, avg kl: 0.0135, mse: 0.384925, wmse: 4.973529, mae: 0.445456
1102,	Iter: 1102, train loss: 2.6976, avg nll: 0.7741, avg wnll: nan, avg kl: 0.0139, mse: 0.381911, wmse: 4.947559, mae: 0.443840
1103,	Iter: 1103, train loss: 2.7124, avg nll: 0.7841, avg wnll: nan, avg kl: 0.0132, mse: 0.383006, wmse: 4.952755, mae: 0.444488
1104,	Iter: 1104, train loss: 2.7301, avg nll: 0.7856, avg wnll: nan, avg kl: 0.0138, mse: 0.386142, wmse: 5.013465, mae: 0.445255
1105,	Iter: 1105, train loss: 2.7298, avg nll: 0.7937, avg wnll: nan, avg kl: 0.0137, mse: 0.384470, wmse: 4.958080, mae: 0.446057
1106,	Iter: 1106, train loss: 2.7089, avg nll: 0.7776, avg wnll: nan, avg kl: 0.0135, mse: 0.383543, wmse: 4.979483, mae: 0.444854
1107,	Iter: 1107, train loss: 2.6913, avg nll: 0.7750, avg wnll: nan, avg kl: 0.0126, mse: 0.380728, wmse: 4.911945, mae: 0.443764
1108,	Iter: 1108, train loss: 2.6947, avg nll: 0.7756, avg wnll: nan, avg kl: 0.0137, mse: 0.381089, wmse: 4.917865, mae: 0.443729
1109,	Iter: 1109, train loss: 2.6986, avg nll: 0.7776, avg wnll: nan, avg kl: 0.0139, mse: 0.381442, wmse: 4.938425, mae: 0.444043
1110,	Iter: 1110, train loss: 2.6914, avg nll: 0.7783, avg wnll: nan, avg kl: 0.0133, mse: 0.379951, wmse: 4.911911, mae: 0.443389
nll: 0.8912, mse: 0.4387, mae: 0.4758, mean_mse: 6.0526, mean_mae: 0.4758
1679037721.286803
saving.................
done
1111,	Iter: 1111, train loss: 2.7201, avg nll: 0.7828, avg wnll: nan, avg kl: 0.0132, mse: 0.384807, wmse: 4.968346, mae: 0.445339
1112,	Iter: 1112, train loss: 2.7073, avg nll: 0.7815, avg wnll: nan, avg kl: 0.0136, mse: 0.382440, wmse: 4.951360, mae: 0.444249
1113,	Iter: 1113, train loss: 2.7127, avg nll: 0.7853, avg wnll: nan, avg kl: 0.0137, mse: 0.382734, wmse: 4.947921, mae: 0.444422
1114,	Iter: 1114, train loss: 2.7264, avg nll: 0.7856, avg wnll: nan, avg kl: 0.0135, mse: 0.385463, wmse: 5.001108, mae: 0.444913
1115,	Iter: 1115, train loss: 2.7246, avg nll: 0.7905, avg wnll: nan, avg kl: 0.0133, mse: 0.384169, wmse: 4.954861, mae: 0.445648
1116,	Iter: 1116, train loss: 2.6999, avg nll: 0.7713, avg wnll: nan, avg kl: 0.0138, mse: 0.382966, wmse: 4.971565, mae: 0.444495
1117,	Iter: 1117, train loss: 2.6945, avg nll: 0.7779, avg wnll: nan, avg kl: 0.0132, mse: 0.380673, wmse: 4.909356, mae: 0.443815
1118,	Iter: 1118, train loss: 2.6881, avg nll: 0.7733, avg wnll: nan, avg kl: 0.0133, mse: 0.380289, wmse: 4.907302, mae: 0.443182
1119,	Iter: 1119, train loss: 2.7022, avg nll: 0.7806, avg wnll: nan, avg kl: 0.0139, mse: 0.381536, wmse: 4.937706, mae: 0.444348
1120,	Iter: 1120, train loss: 2.6888, avg nll: 0.7765, avg wnll: nan, avg kl: 0.0139, mse: 0.379669, wmse: 4.909946, mae: 0.443123
nll: 0.8917, mse: 0.4395, mae: 0.4769, mean_mse: 6.0609, mean_mae: 0.4769
1679038653.798687
1121,	Iter: 1121, train loss: 2.7230, avg nll: 0.7867, avg wnll: nan, avg kl: 0.0138, mse: 0.384490, wmse: 4.969511, mae: 0.445072
1122,	Iter: 1122, train loss: 2.7029, avg nll: 0.7783, avg wnll: nan, avg kl: 0.0139, mse: 0.382138, wmse: 4.950126, mae: 0.444067
1123,	Iter: 1123, train loss: 2.7145, avg nll: 0.7868, avg wnll: nan, avg kl: 0.0138, mse: 0.382771, wmse: 4.948270, mae: 0.444318
1124,	Iter: 1124, train loss: 2.7298, avg nll: 0.7867, avg wnll: nan, avg kl: 0.0140, mse: 0.385816, wmse: 5.007632, mae: 0.445181
1125,	Iter: 1125, train loss: 2.6989, avg nll: 0.7849, avg wnll: nan, avg kl: 0.0163, mse: 0.382790, wmse: 4.935122, mae: 0.444901
1126,	Iter: 1126, train loss: 2.6875, avg nll: 0.7750, avg wnll: nan, avg kl: 0.0186, mse: 0.382481, wmse: 4.964860, mae: 0.444241
1127,	Iter: 1127, train loss: 2.6778, avg nll: 0.7779, avg wnll: nan, avg kl: 0.0190, mse: 0.379936, wmse: 4.898515, mae: 0.443361
1128,	Iter: 1128, train loss: 2.6746, avg nll: 0.7741, avg wnll: nan, avg kl: 0.0212, mse: 0.380018, wmse: 4.898861, mae: 0.442846
1129,	Iter: 1129, train loss: 2.6782, avg nll: 0.7740, avg wnll: nan, avg kl: 0.0235, mse: 0.380740, wmse: 4.926894, mae: 0.443750
1130,	Iter: 1130, train loss: 2.6721, avg nll: 0.7762, avg wnll: nan, avg kl: 0.0241, mse: 0.379052, wmse: 4.897238, mae: 0.442476
nll: 0.8907, mse: 0.4393, mae: 0.4760, mean_mse: 6.0524, mean_mae: 0.4760
1679039587.443065
1131,	Iter: 1131, train loss: 2.7025, avg nll: 0.7838, avg wnll: nan, avg kl: 0.0241, mse: 0.383577, wmse: 4.951475, mae: 0.444550
1132,	Iter: 1132, train loss: 2.6831, avg nll: 0.7765, avg wnll: nan, avg kl: 0.0258, mse: 0.381134, wmse: 4.932698, mae: 0.443261
1133,	Iter: 1133, train loss: 2.6936, avg nll: 0.7827, avg wnll: nan, avg kl: 0.0267, mse: 0.381940, wmse: 4.936011, mae: 0.443771
1134,	Iter: 1134, train loss: 2.7059, avg nll: 0.7825, avg wnll: nan, avg kl: 0.0273, mse: 0.384431, wmse: 4.982694, mae: 0.444175
1135,	Iter: 1135, train loss: 2.6966, avg nll: 0.7839, avg wnll: nan, avg kl: 0.0286, mse: 0.382223, wmse: 4.920929, mae: 0.444461
1136,	Iter: 1136, train loss: 2.6864, avg nll: 0.7752, avg wnll: nan, avg kl: 0.0289, mse: 0.381908, wmse: 4.954872, mae: 0.443515
1137,	Iter: 1137, train loss: 2.6759, avg nll: 0.7772, avg wnll: nan, avg kl: 0.0275, mse: 0.379391, wmse: 4.890338, mae: 0.442930
1138,	Iter: 1138, train loss: 2.6661, avg nll: 0.7682, avg wnll: nan, avg kl: 0.0294, mse: 0.379175, wmse: 4.884534, mae: 0.442432
1139,	Iter: 1139, train loss: 2.6762, avg nll: 0.7734, avg wnll: nan, avg kl: 0.0297, mse: 0.380110, wmse: 4.916565, mae: 0.443501
1140,	Iter: 1140, train loss: 2.6725, avg nll: 0.7770, avg wnll: nan, avg kl: 0.0296, mse: 0.378621, wmse: 4.891830, mae: 0.442238
nll: 0.8913, mse: 0.4384, mae: 0.4759, mean_mse: 6.0483, mean_mae: 0.4759
1679040481.8367724
saving.................
done
1141,	Iter: 1141, train loss: 2.6995, avg nll: 0.7823, avg wnll: nan, avg kl: 0.0292, mse: 0.382943, wmse: 4.943453, mae: 0.444100
1142,	Iter: 1142, train loss: 2.6814, avg nll: 0.7757, avg wnll: nan, avg kl: 0.0303, mse: 0.380594, wmse: 4.926640, mae: 0.443027
1143,	Iter: 1143, train loss: 2.6832, avg nll: 0.7761, avg wnll: nan, avg kl: 0.0314, mse: 0.380822, wmse: 4.918580, mae: 0.443100
1144,	Iter: 1144, train loss: 2.7017, avg nll: 0.7787, avg wnll: nan, avg kl: 0.0312, mse: 0.383965, wmse: 4.977688, mae: 0.443918
1145,	Iter: 1145, train loss: 2.6983, avg nll: 0.7844, avg wnll: nan, avg kl: 0.0315, mse: 0.382103, wmse: 4.922842, mae: 0.444390
1146,	Iter: 1146, train loss: 2.6774, avg nll: 0.7686, avg wnll: nan, avg kl: 0.0319, mse: 0.381042, wmse: 4.943459, mae: 0.443146
1147,	Iter: 1147, train loss: 2.6714, avg nll: 0.7728, avg wnll: nan, avg kl: 0.0299, mse: 0.379018, wmse: 4.883274, mae: 0.442522
1148,	Iter: 1148, train loss: 2.6701, avg nll: 0.7711, avg wnll: nan, avg kl: 0.0303, mse: 0.379056, wmse: 4.886409, mae: 0.442209
1149,	Iter: 1149, train loss: 2.6744, avg nll: 0.7718, avg wnll: nan, avg kl: 0.0313, mse: 0.379725, wmse: 4.914136, mae: 0.443159
1150,	Iter: 1150, train loss: 2.6738, avg nll: 0.7791, avg wnll: nan, avg kl: 0.0313, mse: 0.378121, wmse: 4.885388, mae: 0.442212
nll: 0.8907, mse: 0.4390, mae: 0.4762, mean_mse: 6.0493, mean_mae: 0.4762
1679041444.396872
1151,	Iter: 1151, train loss: 2.6966, avg nll: 0.7794, avg wnll: nan, avg kl: 0.0307, mse: 0.382590, wmse: 4.938446, mae: 0.443917
1152,	Iter: 1152, train loss: 2.6776, avg nll: 0.7735, avg wnll: nan, avg kl: 0.0313, mse: 0.379915, wmse: 4.915472, mae: 0.442555
1153,	Iter: 1153, train loss: 2.6816, avg nll: 0.7747, avg wnll: nan, avg kl: 0.0308, mse: 0.380458, wmse: 4.915012, mae: 0.442755
1154,	Iter: 1154, train loss: 2.7061, avg nll: 0.7817, avg wnll: nan, avg kl: 0.0317, mse: 0.383887, wmse: 4.977770, mae: 0.443902
1155,	Iter: 1155, train loss: 2.6921, avg nll: 0.7811, avg wnll: nan, avg kl: 0.0321, mse: 0.381182, wmse: 4.911085, mae: 0.443785
1156,	Iter: 1156, train loss: 2.6816, avg nll: 0.7710, avg wnll: nan, avg kl: 0.0314, mse: 0.381068, wmse: 4.944304, mae: 0.443190
1157,	Iter: 1157, train loss: 2.6715, avg nll: 0.7734, avg wnll: nan, avg kl: 0.0298, mse: 0.378601, wmse: 4.879661, mae: 0.442395
1158,	Iter: 1158, train loss: 2.6690, avg nll: 0.7699, avg wnll: nan, avg kl: 0.0304, mse: 0.378758, wmse: 4.882715, mae: 0.442245
1159,	Iter: 1159, train loss: 2.6709, avg nll: 0.7689, avg wnll: nan, avg kl: 0.0317, mse: 0.379250, wmse: 4.907639, mae: 0.442788
1160,	Iter: 1160, train loss: 2.6690, avg nll: 0.7743, avg wnll: nan, avg kl: 0.0318, mse: 0.377761, wmse: 4.880862, mae: 0.441868
nll: 0.8912, mse: 0.4381, mae: 0.4758, mean_mse: 6.0472, mean_mae: 0.4758
1679042349.8135316
1161,	Iter: 1161, train loss: 2.6982, avg nll: 0.7803, avg wnll: nan, avg kl: 0.0308, mse: 0.382408, wmse: 4.939729, mae: 0.444058
1162,	Iter: 1162, train loss: 2.6710, avg nll: 0.7679, avg wnll: nan, avg kl: 0.0311, mse: 0.379381, wmse: 4.908065, mae: 0.442194
1163,	Iter: 1163, train loss: 2.6886, avg nll: 0.7786, avg wnll: nan, avg kl: 0.0314, mse: 0.380720, wmse: 4.917790, mae: 0.443076
1164,	Iter: 1164, train loss: 2.7048, avg nll: 0.7811, avg wnll: nan, avg kl: 0.0303, mse: 0.383479, wmse: 4.970571, mae: 0.443715
1165,	Iter: 1165, train loss: 2.6979, avg nll: 0.7849, avg wnll: nan, avg kl: 0.0301, mse: 0.381319, wmse: 4.912911, mae: 0.444030
1166,	Iter: 1166, train loss: 2.6792, avg nll: 0.7698, avg wnll: nan, avg kl: 0.0305, mse: 0.380542, wmse: 4.938219, mae: 0.443021
1167,	Iter: 1167, train loss: 2.6739, avg nll: 0.7746, avg wnll: nan, avg kl: 0.0289, mse: 0.378566, wmse: 4.880754, mae: 0.442632
1168,	Iter: 1168, train loss: 2.6693, avg nll: 0.7703, avg wnll: nan, avg kl: 0.0295, mse: 0.378452, wmse: 4.879516, mae: 0.442264
1169,	Iter: 1169, train loss: 2.6762, avg nll: 0.7725, avg wnll: nan, avg kl: 0.0305, mse: 0.379315, wmse: 4.909353, mae: 0.442968
1170,	Iter: 1170, train loss: 2.6784, avg nll: 0.7815, avg wnll: nan, avg kl: 0.0306, mse: 0.377913, wmse: 4.884390, mae: 0.442201
nll: 0.8925, mse: 0.4401, mae: 0.4767, mean_mse: 6.0477, mean_mae: 0.4767
1679043282.496634
saving.................
done
1171,	Iter: 1171, train loss: 2.6999, avg nll: 0.7812, avg wnll: nan, avg kl: 0.0305, mse: 0.382248, wmse: 4.933574, mae: 0.443900
1172,	Iter: 1172, train loss: 2.6732, avg nll: 0.7703, avg wnll: nan, avg kl: 0.0303, mse: 0.379069, wmse: 4.906064, mae: 0.442220
1173,	Iter: 1173, train loss: 2.6925, avg nll: 0.7828, avg wnll: nan, avg kl: 0.0303, mse: 0.380383, wmse: 4.914844, mae: 0.442877
1174,	Iter: 1174, train loss: 2.7013, avg nll: 0.7777, avg wnll: nan, avg kl: 0.0309, mse: 0.383120, wmse: 4.967768, mae: 0.443359
1175,	Iter: 1175, train loss: 2.6948, avg nll: 0.7824, avg wnll: nan, avg kl: 0.0312, mse: 0.380816, wmse: 4.906526, mae: 0.443654
1176,	Iter: 1176, train loss: 2.6783, avg nll: 0.7691, avg wnll: nan, avg kl: 0.0304, mse: 0.380189, wmse: 4.933707, mae: 0.442803
1177,	Iter: 1177, train loss: 2.6693, avg nll: 0.7715, avg wnll: nan, avg kl: 0.0288, mse: 0.377972, wmse: 4.871722, mae: 0.442268
1178,	Iter: 1178, train loss: 2.6632, avg nll: 0.7658, avg wnll: nan, avg kl: 0.0293, mse: 0.377832, wmse: 4.871489, mae: 0.441750
1179,	Iter: 1179, train loss: 2.6778, avg nll: 0.7744, avg wnll: nan, avg kl: 0.0292, mse: 0.378993, wmse: 4.905038, mae: 0.442750
1180,	Iter: 1180, train loss: 2.6712, avg nll: 0.7750, avg wnll: nan, avg kl: 0.0300, mse: 0.377477, wmse: 4.878016, mae: 0.441743
nll: 0.8936, mse: 0.4386, mae: 0.4764, mean_mse: 6.0629, mean_mae: 0.4764
1679044218.995863
1181,	Iter: 1181, train loss: 2.6931, avg nll: 0.7751, avg wnll: nan, avg kl: 0.0290, mse: 0.381866, wmse: 4.931580, mae: 0.443632
1182,	Iter: 1182, train loss: 2.6780, avg nll: 0.7728, avg wnll: nan, avg kl: 0.0300, mse: 0.379218, wmse: 4.907693, mae: 0.442379
1183,	Iter: 1183, train loss: 2.6877, avg nll: 0.7783, avg wnll: nan, avg kl: 0.0292, mse: 0.380078, wmse: 4.910574, mae: 0.443059
1184,	Iter: 1184, train loss: 2.7064, avg nll: 0.7809, avg wnll: nan, avg kl: 0.0289, mse: 0.383285, wmse: 4.972377, mae: 0.443641
1185,	Iter: 1185, train loss: 2.6957, avg nll: 0.7825, avg wnll: nan, avg kl: 0.0287, mse: 0.380819, wmse: 4.905497, mae: 0.443640
1186,	Iter: 1186, train loss: 2.6814, avg nll: 0.7717, avg wnll: nan, avg kl: 0.0290, mse: 0.380051, wmse: 4.932734, mae: 0.442848
1187,	Iter: 1187, train loss: 2.6703, avg nll: 0.7714, avg wnll: nan, avg kl: 0.0271, mse: 0.377972, wmse: 4.870708, mae: 0.442106
1188,	Iter: 1188, train loss: 2.6688, avg nll: 0.7703, avg wnll: nan, avg kl: 0.0279, mse: 0.377827, wmse: 4.870651, mae: 0.441782
1189,	Iter: 1189, train loss: 2.6712, avg nll: 0.7681, avg wnll: nan, avg kl: 0.0295, mse: 0.378605, wmse: 4.897378, mae: 0.442669
1190,	Iter: 1190, train loss: 2.6716, avg nll: 0.7748, avg wnll: nan, avg kl: 0.0294, mse: 0.377319, wmse: 4.879068, mae: 0.441933
nll: 0.8918, mse: 0.4387, mae: 0.4757, mean_mse: 6.0395, mean_mae: 0.4757
1679045144.1699886
1191,	Iter: 1191, train loss: 2.6917, avg nll: 0.7759, avg wnll: nan, avg kl: 0.0286, mse: 0.381151, wmse: 4.923902, mae: 0.443382
1192,	Iter: 1192, train loss: 2.6814, avg nll: 0.7751, avg wnll: nan, avg kl: 0.0286, mse: 0.379213, wmse: 4.910936, mae: 0.442518
1193,	Iter: 1193, train loss: 2.6954, avg nll: 0.7838, avg wnll: nan, avg kl: 0.0283, mse: 0.380275, wmse: 4.916965, mae: 0.442959
1194,	Iter: 1194, train loss: 2.7044, avg nll: 0.7788, avg wnll: nan, avg kl: 0.0290, mse: 0.382980, wmse: 4.965851, mae: 0.443469
1195,	Iter: 1195, train loss: 2.6898, avg nll: 0.7780, avg wnll: nan, avg kl: 0.0287, mse: 0.380234, wmse: 4.898553, mae: 0.443315
1196,	Iter: 1196, train loss: 2.6843, avg nll: 0.7709, avg wnll: nan, avg kl: 0.0283, mse: 0.380542, wmse: 4.938754, mae: 0.443156
1197,	Iter: 1197, train loss: 2.6696, avg nll: 0.7704, avg wnll: nan, avg kl: 0.0267, mse: 0.377782, wmse: 4.870018, mae: 0.442232
1198,	Iter: 1198, train loss: 2.6666, avg nll: 0.7679, avg wnll: nan, avg kl: 0.0275, mse: 0.377593, wmse: 4.870945, mae: 0.441660
1199,	Iter: 1199, train loss: 2.6797, avg nll: 0.7729, avg wnll: nan, avg kl: 0.0280, mse: 0.379136, wmse: 4.907332, mae: 0.442940
1200,	Iter: 1200, train loss: 2.6646, avg nll: 0.7711, avg wnll: nan, avg kl: 0.0279, mse: 0.376472, wmse: 4.865908, mae: 0.441181
nll: 0.8938, mse: 0.4394, mae: 0.4769, mean_mse: 6.0666, mean_mae: 0.4769
1679046068.6395476
saving.................
done
1201,	Iter: 1201, train loss: 2.6979, avg nll: 0.7780, avg wnll: nan, avg kl: 0.0274, mse: 0.381760, wmse: 4.927653, mae: 0.443533
1202,	Iter: 1202, train loss: 2.6737, avg nll: 0.7688, avg wnll: nan, avg kl: 0.0276, mse: 0.378717, wmse: 4.900517, mae: 0.441920
1203,	Iter: 1203, train loss: 2.6806, avg nll: 0.7729, avg wnll: nan, avg kl: 0.0274, mse: 0.379266, wmse: 4.898733, mae: 0.442409
1204,	Iter: 1204, train loss: 2.7016, avg nll: 0.7774, avg wnll: nan, avg kl: 0.0269, mse: 0.382590, wmse: 4.961014, mae: 0.443089
1205,	Iter: 1205, train loss: 2.7054, avg nll: 0.7858, avg wnll: nan, avg kl: 0.0263, mse: 0.381668, wmse: 4.921443, mae: 0.444326
1206,	Iter: 1206, train loss: 2.6886, avg nll: 0.7757, avg wnll: nan, avg kl: 0.0265, mse: 0.380274, wmse: 4.937194, mae: 0.442936
1207,	Iter: 1207, train loss: 2.6653, avg nll: 0.7682, avg wnll: nan, avg kl: 0.0256, mse: 0.377183, wmse: 4.863114, mae: 0.441570
1208,	Iter: 1208, train loss: 2.6679, avg nll: 0.7683, avg wnll: nan, avg kl: 0.0263, mse: 0.377572, wmse: 4.867887, mae: 0.441840
1209,	Iter: 1209, train loss: 2.6661, avg nll: 0.7637, avg wnll: nan, avg kl: 0.0267, mse: 0.378104, wmse: 4.892159, mae: 0.442315
1210,	Iter: 1210, train loss: 2.6715, avg nll: 0.7731, avg wnll: nan, avg kl: 0.0264, mse: 0.377291, wmse: 4.876461, mae: 0.441733
nll: 0.8938, mse: 0.4388, mae: 0.4759, mean_mse: 6.0418, mean_mae: 0.4759
1679047015.746424
1211,	Iter: 1211, train loss: 2.7000, avg nll: 0.7812, avg wnll: nan, avg kl: 0.0262, mse: 0.381358, wmse: 4.926069, mae: 0.443579
1212,	Iter: 1212, train loss: 2.6730, avg nll: 0.7686, avg wnll: nan, avg kl: 0.0266, mse: 0.378409, wmse: 4.898684, mae: 0.441958
1213,	Iter: 1213, train loss: 2.6863, avg nll: 0.7764, avg wnll: nan, avg kl: 0.0259, mse: 0.379557, wmse: 4.906522, mae: 0.442688
1214,	Iter: 1214, train loss: 2.7114, avg nll: 0.7841, avg wnll: nan, avg kl: 0.0262, mse: 0.382977, wmse: 4.967265, mae: 0.443678
1215,	Iter: 1215, train loss: 2.6936, avg nll: 0.7810, avg wnll: nan, avg kl: 0.0260, mse: 0.380038, wmse: 4.896830, mae: 0.443175
1216,	Iter: 1216, train loss: 2.6753, avg nll: 0.7656, avg wnll: nan, avg kl: 0.0261, mse: 0.379401, wmse: 4.924786, mae: 0.442283
1217,	Iter: 1217, train loss: 2.6643, avg nll: 0.7671, avg wnll: nan, avg kl: 0.0247, mse: 0.377024, wmse: 4.860963, mae: 0.441769
1218,	Iter: 1218, train loss: 2.6692, avg nll: 0.7699, avg wnll: nan, avg kl: 0.0251, mse: 0.377376, wmse: 4.867532, mae: 0.441648
1219,	Iter: 1219, train loss: 2.6655, avg nll: 0.7647, avg wnll: nan, avg kl: 0.0261, mse: 0.377552, wmse: 4.887372, mae: 0.441774
1220,	Iter: 1220, train loss: 2.6718, avg nll: 0.7764, avg wnll: nan, avg kl: 0.0263, mse: 0.376414, wmse: 4.863238, mae: 0.441373
nll: 0.8923, mse: 0.4385, mae: 0.4760, mean_mse: 6.0567, mean_mae: 0.4760
1679047933.9020863
1221,	Iter: 1221, train loss: 2.6923, avg nll: 0.7757, avg wnll: nan, avg kl: 0.0255, mse: 0.380704, wmse: 4.916742, mae: 0.442891
1222,	Iter: 1222, train loss: 2.6713, avg nll: 0.7676, avg wnll: nan, avg kl: 0.0256, mse: 0.378093, wmse: 4.893318, mae: 0.441581
1223,	Iter: 1223, train loss: 2.6796, avg nll: 0.7703, avg wnll: nan, avg kl: 0.0251, mse: 0.379231, wmse: 4.902760, mae: 0.442464
1224,	Iter: 1224, train loss: 2.7034, avg nll: 0.7772, avg wnll: nan, avg kl: 0.0254, mse: 0.382552, wmse: 4.961709, mae: 0.443294
1225,	Iter: 1225, train loss: 2.6911, avg nll: 0.7775, avg wnll: nan, avg kl: 0.0253, mse: 0.380017, wmse: 4.896910, mae: 0.443390
1226,	Iter: 1226, train loss: 2.6757, avg nll: 0.7651, avg wnll: nan, avg kl: 0.0254, mse: 0.379389, wmse: 4.923766, mae: 0.442360
1227,	Iter: 1227, train loss: 2.6786, avg nll: 0.7772, avg wnll: nan, avg kl: 0.0236, mse: 0.377692, wmse: 4.871096, mae: 0.442188
1228,	Iter: 1228, train loss: 2.6652, avg nll: 0.7684, avg wnll: nan, avg kl: 0.0237, mse: 0.376761, wmse: 4.858787, mae: 0.441337
1229,	Iter: 1229, train loss: 2.6693, avg nll: 0.7666, avg wnll: nan, avg kl: 0.0245, mse: 0.377834, wmse: 4.891099, mae: 0.442072
1230,	Iter: 1230, train loss: 2.6687, avg nll: 0.7718, avg wnll: nan, avg kl: 0.0250, mse: 0.376581, wmse: 4.870458, mae: 0.441289
nll: 0.8930, mse: 0.4391, mae: 0.4759, mean_mse: 6.0348, mean_mae: 0.4759
1679048854.9264553
saving.................
done
1231,	Iter: 1231, train loss: 2.6934, avg nll: 0.7754, avg wnll: nan, avg kl: 0.0241, mse: 0.380872, wmse: 4.920871, mae: 0.443125
1232,	Iter: 1232, train loss: 2.6742, avg nll: 0.7698, avg wnll: nan, avg kl: 0.0249, mse: 0.378036, wmse: 4.895015, mae: 0.441661
1233,	Iter: 1233, train loss: 2.6792, avg nll: 0.7721, avg wnll: nan, avg kl: 0.0239, mse: 0.378676, wmse: 4.894681, mae: 0.442131
1234,	Iter: 1234, train loss: 2.7024, avg nll: 0.7774, avg wnll: nan, avg kl: 0.0238, mse: 0.382229, wmse: 4.959006, mae: 0.443224
1235,	Iter: 1235, train loss: 2.6908, avg nll: 0.7782, avg wnll: nan, avg kl: 0.0242, mse: 0.379677, wmse: 4.892360, mae: 0.443255
1236,	Iter: 1236, train loss: 2.6777, avg nll: 0.7668, avg wnll: nan, avg kl: 0.0242, mse: 0.379311, wmse: 4.923848, mae: 0.442509
1237,	Iter: 1237, train loss: 2.6691, avg nll: 0.7692, avg wnll: nan, avg kl: 0.0227, mse: 0.377255, wmse: 4.863923, mae: 0.441844
1238,	Iter: 1238, train loss: 2.6626, avg nll: 0.7633, avg wnll: nan, avg kl: 0.0234, mse: 0.377029, wmse: 4.862336, mae: 0.441332
1239,	Iter: 1239, train loss: 2.6704, avg nll: 0.7668, avg wnll: nan, avg kl: 0.0243, mse: 0.377756, wmse: 4.888448, mae: 0.442196
1240,	Iter: 1240, train loss: 2.6756, avg nll: 0.7798, avg wnll: nan, avg kl: 0.0237, mse: 0.376247, wmse: 4.861654, mae: 0.441369
nll: 0.8929, mse: 0.4393, mae: 0.4765, mean_mse: 6.0627, mean_mae: 0.4765
1679049781.4385493
1241,	Iter: 1241, train loss: 2.6960, avg nll: 0.7781, avg wnll: nan, avg kl: 0.0236, mse: 0.380664, wmse: 4.918163, mae: 0.442899
1242,	Iter: 1242, train loss: 2.6743, avg nll: 0.7699, avg wnll: nan, avg kl: 0.0240, mse: 0.377899, wmse: 4.891061, mae: 0.441733
1243,	Iter: 1243, train loss: 2.6780, avg nll: 0.7714, avg wnll: nan, avg kl: 0.0234, mse: 0.378383, wmse: 4.889301, mae: 0.441960
1244,	Iter: 1244, train loss: 2.7046, avg nll: 0.7792, avg wnll: nan, avg kl: 0.0234, mse: 0.382122, wmse: 4.957143, mae: 0.443217
1245,	Iter: 1245, train loss: 2.6965, avg nll: 0.7828, avg wnll: nan, avg kl: 0.0233, mse: 0.379762, wmse: 4.894577, mae: 0.443477
1246,	Iter: 1246, train loss: 2.6793, avg nll: 0.7683, avg wnll: nan, avg kl: 0.0236, mse: 0.379143, wmse: 4.924677, mae: 0.442386
1247,	Iter: 1247, train loss: 2.6699, avg nll: 0.7718, avg wnll: nan, avg kl: 0.0217, mse: 0.376795, wmse: 4.858781, mae: 0.441635
1248,	Iter: 1248, train loss: 2.6684, avg nll: 0.7680, avg wnll: nan, avg kl: 0.0225, mse: 0.377129, wmse: 4.866490, mae: 0.441795
1249,	Iter: 1249, train loss: 2.6717, avg nll: 0.7686, avg wnll: nan, avg kl: 0.0231, mse: 0.377564, wmse: 4.889026, mae: 0.442083
1250,	Iter: 1250, train loss: 2.6632, avg nll: 0.7688, avg wnll: nan, avg kl: 0.0232, mse: 0.375793, wmse: 4.859366, mae: 0.440907
nll: 0.8898, mse: 0.4384, mae: 0.4758, mean_mse: 6.0594, mean_mae: 0.4758
1679050726.8322513
1251,	Iter: 1251, train loss: 2.6923, avg nll: 0.7755, avg wnll: nan, avg kl: 0.0229, mse: 0.380289, wmse: 4.913601, mae: 0.442754
1252,	Iter: 1252, train loss: 2.6719, avg nll: 0.7670, avg wnll: nan, avg kl: 0.0226, mse: 0.377921, wmse: 4.893326, mae: 0.441740
1253,	Iter: 1253, train loss: 2.6791, avg nll: 0.7713, avg wnll: nan, avg kl: 0.0222, mse: 0.378536, wmse: 4.891683, mae: 0.442001
1254,	Iter: 1254, train loss: 2.7063, avg nll: 0.7798, avg wnll: nan, avg kl: 0.0225, mse: 0.382205, wmse: 4.958336, mae: 0.443222
1255,	Iter: 1255, train loss: 2.6914, avg nll: 0.7790, avg wnll: nan, avg kl: 0.0222, mse: 0.379404, wmse: 4.889259, mae: 0.443082
1256,	Iter: 1256, train loss: 2.6798, avg nll: 0.7676, avg wnll: nan, avg kl: 0.0221, mse: 0.379365, wmse: 4.925732, mae: 0.442578
1257,	Iter: 1257, train loss: 2.6720, avg nll: 0.7707, avg wnll: nan, avg kl: 0.0211, mse: 0.377279, wmse: 4.866531, mae: 0.441940
1258,	Iter: 1258, train loss: 2.6652, avg nll: 0.7660, avg wnll: nan, avg kl: 0.0218, mse: 0.376736, wmse: 4.859443, mae: 0.441342
1259,	Iter: 1259, train loss: 2.6659, avg nll: 0.7637, avg wnll: nan, avg kl: 0.0223, mse: 0.377261, wmse: 4.884384, mae: 0.441879
1260,	Iter: 1260, train loss: 2.6704, avg nll: 0.7723, avg wnll: nan, avg kl: 0.0215, mse: 0.376525, wmse: 4.866426, mae: 0.441469
nll: 0.8928, mse: 0.4390, mae: 0.4765, mean_mse: 6.0420, mean_mae: 0.4765
1679051651.2464707
saving.................
done
1261,	Iter: 1261, train loss: 2.6976, avg nll: 0.7794, avg wnll: nan, avg kl: 0.0215, mse: 0.380515, wmse: 4.915792, mae: 0.443072
1262,	Iter: 1262, train loss: 2.6736, avg nll: 0.7685, avg wnll: nan, avg kl: 0.0217, mse: 0.377858, wmse: 4.892624, mae: 0.441779
1263,	Iter: 1263, train loss: 2.6808, avg nll: 0.7732, avg wnll: nan, avg kl: 0.0215, mse: 0.378364, wmse: 4.890156, mae: 0.441972
1264,	Iter: 1264, train loss: 2.7013, avg nll: 0.7754, avg wnll: nan, avg kl: 0.0218, mse: 0.381947, wmse: 4.954263, mae: 0.443066
1265,	Iter: 1265, train loss: 2.6963, avg nll: 0.7829, avg wnll: nan, avg kl: 0.0214, mse: 0.379485, wmse: 4.892355, mae: 0.443020
1266,	Iter: 1266, train loss: 2.6809, avg nll: 0.7696, avg wnll: nan, avg kl: 0.0212, mse: 0.379073, wmse: 4.922085, mae: 0.442600
1267,	Iter: 1267, train loss: 2.6731, avg nll: 0.7733, avg wnll: nan, avg kl: 0.0206, mse: 0.376846, wmse: 4.860863, mae: 0.441783
1268,	Iter: 1268, train loss: 2.6675, avg nll: 0.7678, avg wnll: nan, avg kl: 0.0210, mse: 0.376728, wmse: 4.860116, mae: 0.441438
1269,	Iter: 1269, train loss: 2.6753, avg nll: 0.7697, avg wnll: nan, avg kl: 0.0216, mse: 0.377807, wmse: 4.890609, mae: 0.442084
1270,	Iter: 1270, train loss: 2.6853, avg nll: 0.7816, avg wnll: nan, avg kl: 0.0214, mse: 0.377443, wmse: 4.882190, mae: 0.442045
nll: 0.8883, mse: 0.4376, mae: 0.4753, mean_mse: 6.0312, mean_mae: 0.4753
1679052578.5060856
1271,	Iter: 1271, train loss: 2.6903, avg nll: 0.7738, avg wnll: nan, avg kl: 0.0211, mse: 0.380019, wmse: 4.911307, mae: 0.442561
1272,	Iter: 1272, train loss: 2.6757, avg nll: 0.7716, avg wnll: nan, avg kl: 0.0215, mse: 0.377451, wmse: 4.887396, mae: 0.441502
1273,	Iter: 1273, train loss: 2.6811, avg nll: 0.7742, avg wnll: nan, avg kl: 0.0205, mse: 0.378159, wmse: 4.888546, mae: 0.441866
1274,	Iter: 1274, train loss: 2.7052, avg nll: 0.7801, avg wnll: nan, avg kl: 0.0202, mse: 0.381790, wmse: 4.954829, mae: 0.442939
1275,	Iter: 1275, train loss: 2.6833, avg nll: 0.7734, avg wnll: nan, avg kl: 0.0207, mse: 0.378674, wmse: 4.877314, mae: 0.442377
1276,	Iter: 1276, train loss: 2.6785, avg nll: 0.7666, avg wnll: nan, avg kl: 0.0206, mse: 0.379053, wmse: 4.922079, mae: 0.442386
1277,	Iter: 1277, train loss: 2.6645, avg nll: 0.7669, avg wnll: nan, avg kl: 0.0197, mse: 0.376315, wmse: 4.852520, mae: 0.441236
1278,	Iter: 1278, train loss: 2.6621, avg nll: 0.7643, avg wnll: nan, avg kl: 0.0201, mse: 0.376271, wmse: 4.854516, mae: 0.441034
1279,	Iter: 1279, train loss: 2.6695, avg nll: 0.7682, avg wnll: nan, avg kl: 0.0208, mse: 0.376855, wmse: 4.876366, mae: 0.441568
1280,	Iter: 1280, train loss: 2.6625, avg nll: 0.7678, avg wnll: nan, avg kl: 0.0208, mse: 0.375491, wmse: 4.855873, mae: 0.440673
nll: 0.8930, mse: 0.4387, mae: 0.4758, mean_mse: 6.0485, mean_mae: 0.4758
1679053562.5075483
1281,	Iter: 1281, train loss: 2.6889, avg nll: 0.7716, avg wnll: nan, avg kl: 0.0204, mse: 0.380072, wmse: 4.909236, mae: 0.442819
1282,	Iter: 1282, train loss: 2.6724, avg nll: 0.7695, avg wnll: nan, avg kl: 0.0202, mse: 0.377178, wmse: 4.883416, mae: 0.441131
1283,	Iter: 1283, train loss: 2.6847, avg nll: 0.7738, avg wnll: nan, avg kl: 0.0203, mse: 0.378763, wmse: 4.896318, mae: 0.442224
1284,	Iter: 1284, train loss: 2.7029, avg nll: 0.7780, avg wnll: nan, avg kl: 0.0203, mse: 0.381516, wmse: 4.951288, mae: 0.442862
1285,	Iter: 1285, train loss: 2.6920, avg nll: 0.7801, avg wnll: nan, avg kl: 0.0199, mse: 0.379002, wmse: 4.886495, mae: 0.442953
1286,	Iter: 1286, train loss: 2.6741, avg nll: 0.7644, avg wnll: nan, avg kl: 0.0202, mse: 0.378485, wmse: 4.913857, mae: 0.442026
1287,	Iter: 1287, train loss: 2.6724, avg nll: 0.7721, avg wnll: nan, avg kl: 0.0188, mse: 0.376796, wmse: 4.858800, mae: 0.441926
1288,	Iter: 1288, train loss: 2.6633, avg nll: 0.7659, avg wnll: nan, avg kl: 0.0193, mse: 0.376135, wmse: 4.854110, mae: 0.440975
1289,	Iter: 1289, train loss: 2.6677, avg nll: 0.7649, avg wnll: nan, avg kl: 0.0201, mse: 0.377055, wmse: 4.881379, mae: 0.441746
1290,	Iter: 1290, train loss: 2.6753, avg nll: 0.7774, avg wnll: nan, avg kl: 0.0196, mse: 0.376131, wmse: 4.863009, mae: 0.441277
nll: 0.8988, mse: 0.4433, mae: 0.4794, mean_mse: 6.1065, mean_mae: 0.4794
1679054515.7749603
saving.................
done
1291,	Iter: 1291, train loss: 2.6932, avg nll: 0.7756, avg wnll: nan, avg kl: 0.0194, mse: 0.380093, wmse: 4.912281, mae: 0.442836
1292,	Iter: 1292, train loss: 2.6741, avg nll: 0.7699, avg wnll: nan, avg kl: 0.0199, mse: 0.377304, wmse: 4.884751, mae: 0.441356
1293,	Iter: 1293, train loss: 2.6811, avg nll: 0.7727, avg wnll: nan, avg kl: 0.0193, mse: 0.378245, wmse: 4.887522, mae: 0.441905
1294,	Iter: 1294, train loss: 2.6981, avg nll: 0.7752, avg wnll: nan, avg kl: 0.0193, mse: 0.381110, wmse: 4.943052, mae: 0.442620
1295,	Iter: 1295, train loss: 2.6904, avg nll: 0.7772, avg wnll: nan, avg kl: 0.0195, mse: 0.379094, wmse: 4.889123, mae: 0.442917
1296,	Iter: 1296, train loss: 2.6809, avg nll: 0.7693, avg wnll: nan, avg kl: 0.0192, mse: 0.378819, wmse: 4.918862, mae: 0.442329
1297,	Iter: 1297, train loss: 2.6692, avg nll: 0.7717, avg wnll: nan, avg kl: 0.0182, mse: 0.376173, wmse: 4.849383, mae: 0.441328
1298,	Iter: 1298, train loss: 2.6623, avg nll: 0.7640, avg wnll: nan, avg kl: 0.0188, mse: 0.376189, wmse: 4.854580, mae: 0.440960
1299,	Iter: 1299, train loss: 2.6734, avg nll: 0.7688, avg wnll: nan, avg kl: 0.0193, mse: 0.377333, wmse: 4.883780, mae: 0.441987
1300,	Iter: 1300, train loss: 2.6771, avg nll: 0.7778, avg wnll: nan, avg kl: 0.0191, mse: 0.376301, wmse: 4.865535, mae: 0.441254
nll: 0.8906, mse: 0.4382, mae: 0.4755, mean_mse: 6.0469, mean_mae: 0.4755
1679055467.3822281
1301,	Iter: 1301, train loss: 2.6884, avg nll: 0.7710, avg wnll: nan, avg kl: 0.0186, mse: 0.379988, wmse: 4.910403, mae: 0.442697
1302,	Iter: 1302, train loss: 2.6657, avg nll: 0.7632, avg wnll: nan, avg kl: 0.0186, mse: 0.377013, wmse: 4.881722, mae: 0.441067
1303,	Iter: 1303, train loss: 2.6817, avg nll: 0.7738, avg wnll: nan, avg kl: 0.0182, mse: 0.378129, wmse: 4.890527, mae: 0.441753
1304,	Iter: 1304, train loss: 2.6952, avg nll: 0.7732, avg wnll: nan, avg kl: 0.0185, mse: 0.380877, wmse: 4.941998, mae: 0.442438
1305,	Iter: 1305, train loss: 2.6926, avg nll: 0.7794, avg wnll: nan, avg kl: 0.0185, mse: 0.379071, wmse: 4.886561, mae: 0.443048
1306,	Iter: 1306, train loss: 2.6769, avg nll: 0.7662, avg wnll: nan, avg kl: 0.0182, mse: 0.378609, wmse: 4.916809, mae: 0.442074
1307,	Iter: 1307, train loss: 2.6666, avg nll: 0.7688, avg wnll: nan, avg kl: 0.0175, mse: 0.376145, wmse: 4.848557, mae: 0.441290
1308,	Iter: 1308, train loss: 2.6581, avg nll: 0.7607, avg wnll: nan, avg kl: 0.0183, mse: 0.375909, wmse: 4.852108, mae: 0.441020
1309,	Iter: 1309, train loss: 2.6729, avg nll: 0.7680, avg wnll: nan, avg kl: 0.0184, mse: 0.377358, wmse: 4.886055, mae: 0.442053
1310,	Iter: 1310, train loss: 2.6637, avg nll: 0.7672, avg wnll: nan, avg kl: 0.0180, mse: 0.375741, wmse: 4.862542, mae: 0.441009
nll: 0.8922, mse: 0.4385, mae: 0.4760, mean_mse: 6.0475, mean_mae: 0.4760
1679056409.2785885
1311,	Iter: 1311, train loss: 2.7109, avg nll: 0.7857, avg wnll: nan, avg kl: 0.0182, mse: 0.381421, wmse: 4.930113, mae: 0.443869
1312,	Iter: 1312, train loss: 2.6648, avg nll: 0.7646, avg wnll: nan, avg kl: 0.0182, mse: 0.376405, wmse: 4.871835, mae: 0.440843
1313,	Iter: 1313, train loss: 2.6798, avg nll: 0.7735, avg wnll: nan, avg kl: 0.0179, mse: 0.377679, wmse: 4.882210, mae: 0.441781
1314,	Iter: 1314, train loss: 2.6999, avg nll: 0.7759, avg wnll: nan, avg kl: 0.0174, mse: 0.381313, wmse: 4.947448, mae: 0.442779
1315,	Iter: 1315, train loss: 2.6908, avg nll: 0.7791, avg wnll: nan, avg kl: 0.0179, mse: 0.378764, wmse: 4.882843, mae: 0.442898
1316,	Iter: 1316, train loss: 2.6732, avg nll: 0.7639, avg wnll: nan, avg kl: 0.0178, mse: 0.378304, wmse: 4.911862, mae: 0.441965
1317,	Iter: 1317, train loss: 2.6664, avg nll: 0.7683, avg wnll: nan, avg kl: 0.0173, mse: 0.376161, wmse: 4.850526, mae: 0.441276
1318,	Iter: 1318, train loss: 2.6563, avg nll: 0.7610, avg wnll: nan, avg kl: 0.0177, mse: 0.375522, wmse: 4.847656, mae: 0.440700
1319,	Iter: 1319, train loss: 2.6713, avg nll: 0.7666, avg wnll: nan, avg kl: 0.0178, mse: 0.377386, wmse: 4.885767, mae: 0.442150
1320,	Iter: 1320, train loss: 2.6686, avg nll: 0.7724, avg wnll: nan, avg kl: 0.0176, mse: 0.375716, wmse: 4.862259, mae: 0.440990
nll: 0.8928, mse: 0.4393, mae: 0.4760, mean_mse: 6.0493, mean_mae: 0.4760
1679057351.3894198
saving.................
done
1321,	Iter: 1321, train loss: 2.6994, avg nll: 0.7831, avg wnll: nan, avg kl: 0.0175, mse: 0.379769, wmse: 4.908199, mae: 0.442772
1322,	Iter: 1322, train loss: 2.6625, avg nll: 0.7623, avg wnll: nan, avg kl: 0.0183, mse: 0.376381, wmse: 4.873872, mae: 0.440656
1323,	Iter: 1323, train loss: 2.6826, avg nll: 0.7736, avg wnll: nan, avg kl: 0.0173, mse: 0.378338, wmse: 4.893981, mae: 0.442092
1324,	Iter: 1324, train loss: 2.6923, avg nll: 0.7721, avg wnll: nan, avg kl: 0.0176, mse: 0.380533, wmse: 4.935987, mae: 0.442215
1325,	Iter: 1325, train loss: 2.6918, avg nll: 0.7794, avg wnll: nan, avg kl: 0.0176, mse: 0.378979, wmse: 4.886003, mae: 0.442911
1326,	Iter: 1326, train loss: 2.6742, avg nll: 0.7648, avg wnll: nan, avg kl: 0.0178, mse: 0.378307, wmse: 4.912637, mae: 0.441867
1327,	Iter: 1327, train loss: 2.6636, avg nll: 0.7666, avg wnll: nan, avg kl: 0.0168, mse: 0.376046, wmse: 4.849207, mae: 0.441229
1328,	Iter: 1328, train loss: 2.6685, avg nll: 0.7704, avg wnll: nan, avg kl: 0.0173, mse: 0.376172, wmse: 4.854167, mae: 0.441346
1329,	Iter: 1329, train loss: 2.6651, avg nll: 0.7651, avg wnll: nan, avg kl: 0.0182, mse: 0.376344, wmse: 4.873477, mae: 0.441361
1330,	Iter: 1330, train loss: 2.6649, avg nll: 0.7694, avg wnll: nan, avg kl: 0.0179, mse: 0.375529, wmse: 4.857609, mae: 0.440765
nll: 0.8922, mse: 0.4387, mae: 0.4759, mean_mse: 6.0577, mean_mae: 0.4759
1679058303.8737335
1331,	Iter: 1331, train loss: 2.6861, avg nll: 0.7725, avg wnll: nan, avg kl: 0.0175, mse: 0.379221, wmse: 4.899338, mae: 0.442226
1332,	Iter: 1332, train loss: 2.6674, avg nll: 0.7651, avg wnll: nan, avg kl: 0.0179, mse: 0.376879, wmse: 4.879369, mae: 0.441157
1333,	Iter: 1333, train loss: 2.6735, avg nll: 0.7701, avg wnll: nan, avg kl: 0.0174, mse: 0.377195, wmse: 4.875215, mae: 0.441537
1334,	Iter: 1334, train loss: 2.6930, avg nll: 0.7721, avg wnll: nan, avg kl: 0.0172, mse: 0.380749, wmse: 4.940663, mae: 0.442391
1335,	Iter: 1335, train loss: 2.6905, avg nll: 0.7800, avg wnll: nan, avg kl: 0.0172, mse: 0.378655, wmse: 4.879402, mae: 0.442869
1336,	Iter: 1336, train loss: 2.6795, avg nll: 0.7686, avg wnll: nan, avg kl: 0.0171, mse: 0.378759, wmse: 4.918841, mae: 0.442306
1337,	Iter: 1337, train loss: 2.6640, avg nll: 0.7680, avg wnll: nan, avg kl: 0.0169, mse: 0.375828, wmse: 4.845479, mae: 0.441069
1338,	Iter: 1338, train loss: 2.6592, avg nll: 0.7637, avg wnll: nan, avg kl: 0.0172, mse: 0.375659, wmse: 4.845213, mae: 0.440783
1339,	Iter: 1339, train loss: 2.6632, avg nll: 0.7626, avg wnll: nan, avg kl: 0.0174, mse: 0.376648, wmse: 4.877303, mae: 0.441598
1340,	Iter: 1340, train loss: 2.6673, avg nll: 0.7734, avg wnll: nan, avg kl: 0.0173, mse: 0.375342, wmse: 4.855373, mae: 0.441000
nll: 0.8911, mse: 0.4392, mae: 0.4761, mean_mse: 6.0452, mean_mae: 0.4761
1679059222.6131554
1341,	Iter: 1341, train loss: 2.6951, avg nll: 0.7788, avg wnll: nan, avg kl: 0.0173, mse: 0.379798, wmse: 4.910831, mae: 0.442728
1342,	Iter: 1342, train loss: 2.6680, avg nll: 0.7671, avg wnll: nan, avg kl: 0.0174, mse: 0.376701, wmse: 4.876943, mae: 0.441042
1343,	Iter: 1343, train loss: 2.6741, avg nll: 0.7707, avg wnll: nan, avg kl: 0.0168, mse: 0.377331, wmse: 4.877383, mae: 0.441410
1344,	Iter: 1344, train loss: 2.7040, avg nll: 0.7808, avg wnll: nan, avg kl: 0.0172, mse: 0.381210, wmse: 4.948575, mae: 0.442901
1345,	Iter: 1345, train loss: 2.6835, avg nll: 0.7753, avg wnll: nan, avg kl: 0.0177, mse: 0.378096, wmse: 4.874135, mae: 0.442326
1346,	Iter: 1346, train loss: 2.6726, avg nll: 0.7648, avg wnll: nan, avg kl: 0.0173, mse: 0.378104, wmse: 4.907938, mae: 0.441924
1347,	Iter: 1347, train loss: 2.6707, avg nll: 0.7696, avg wnll: nan, avg kl: 0.0165, mse: 0.376931, wmse: 4.862099, mae: 0.441805
1348,	Iter: 1348, train loss: 2.6647, avg nll: 0.7670, avg wnll: nan, avg kl: 0.0174, mse: 0.376056, wmse: 4.854104, mae: 0.440997
1349,	Iter: 1349, train loss: 2.6688, avg nll: 0.7678, avg wnll: nan, avg kl: 0.0174, mse: 0.376735, wmse: 4.879123, mae: 0.441718
1350,	Iter: 1350, train loss: 2.6631, avg nll: 0.7687, avg wnll: nan, avg kl: 0.0171, mse: 0.375478, wmse: 4.852905, mae: 0.440952
nll: 0.8902, mse: 0.4378, mae: 0.4754, mean_mse: 6.0421, mean_mae: 0.4754
1679060148.3643825
saving.................
done
1351,	Iter: 1351, train loss: 2.6868, avg nll: 0.7731, avg wnll: nan, avg kl: 0.0171, mse: 0.379330, wmse: 4.900529, mae: 0.442413
1352,slurmstepd: error: *** JOB 246778 ON gpu1 CANCELLED AT 2023-03-17T13:39:29 ***
