Namespace(n_union_tp=3500, data_folder='datasets/ZTF_gi', checkpoint='', start_col=1, inc_errors=False, print_at=1, embed_time=128, enc_num_heads=16, latent_dim=64, mixing='concat', num_ref_points=16, rec_hidden=128, width=512, save_at=30, patience=100, early_stopping=False, niters=20000, frac=0.5, batch_size=2, mse_weight=5.0, dropout=0.0, num_resamples=0, lr=0.0001, scheduler=False, warmup=4000, kl_zero=False, kl_annealing=True, net='hetvae', device='cuda', const_var=False, var_per_dim=False, std=0.1, seed=2, save=True, k_iwae=1) 28002
validated 3407 files out of 3407 for band='g'
validated 3407 files out of 3407 for band='i'
3407 3407
(2577, 2, 2420, 3)
created union_tp attribute of length 3500
dataset created w/ shape (2577, 2, 2420, 3)
train size: 2319, valid size: 232, test size: 258
datasets/ZTF_gi
model_size=536772
1,	Iter: 1, train loss: 6.5073, avg nll: 1.4256, avg wnll: 7.2768, avg kl: 0.1537, mse: 1.016285, wmse: 15.950885, mae: 0.795721
2,	Iter: 2, train loss: 6.4805, avg nll: 1.4232, avg wnll: 7.2452, avg kl: 0.1123, mse: 1.011390, wmse: 15.865228, mae: 0.794010
3,	Iter: 3, train loss: 6.4802, avg nll: 1.4221, avg wnll: 7.2738, avg kl: 0.0724, mse: 1.011560, wmse: 15.890703, mae: 0.794359
4,	Iter: 4, train loss: 6.4908, avg nll: 1.4229, avg wnll: 7.2582, avg kl: 0.0503, mse: 1.013506, wmse: 15.900560, mae: 0.795016
5,	Iter: 5, train loss: 6.5035, avg nll: 1.4242, avg wnll: 7.2473, avg kl: 0.0376, mse: 1.015807, wmse: 15.914821, mae: 0.795292
6,	Iter: 6, train loss: 6.4966, avg nll: 1.4255, avg wnll: 7.2377, avg kl: 0.0321, mse: 1.014156, wmse: 15.856637, mae: 0.794900
7,	Iter: 7, train loss: 6.4838, avg nll: 1.4234, avg wnll: 7.2296, avg kl: 0.0280, mse: 1.012015, wmse: 15.809191, mae: 0.793829
8,	Iter: 8, train loss: 5.9960, avg nll: 1.3811, avg wnll: 7.1676, avg kl: 0.1743, mse: 0.922508, wmse: 14.253774, mae: 0.746833
9,	Iter: 9, train loss: 5.5504, avg nll: 1.3350, avg wnll: 7.0130, avg kl: 0.2308, mse: 0.842385, wmse: 12.836685, mae: 0.707623
10,	Iter: 10, train loss: 5.0622, avg nll: 1.2832, avg wnll: 6.9179, avg kl: 0.4393, mse: 0.754320, wmse: 11.255295, mae: 0.658604
nll: 1.2357, mse: 0.7160, mae: 0.6394, mean_mse: 9.8731, mean_mae: 0.6394
1679333975.6404345
11,	Iter: 11, train loss: 4.8427, avg nll: 1.2521, avg wnll: 6.8212, avg kl: 0.5714, mse: 0.716023, wmse: 10.566410, mae: 0.636411
12,	Iter: 12, train loss: 4.7149, avg nll: 1.2313, avg wnll: 6.8249, avg kl: 0.6166, mse: 0.694254, wmse: 10.193061, mae: 0.623091
13,	Iter: 13, train loss: 4.6616, avg nll: 1.2189, avg wnll: 6.7996, avg kl: 0.5455, mse: 0.686183, wmse: 10.038326, mae: 0.618727
14,	Iter: 14, train loss: 4.5891, avg nll: 1.2067, avg wnll: 6.7287, avg kl: 0.4584, mse: 0.674346, wmse: 9.834265, mae: 0.612527
15,	Iter: 15, train loss: 4.5698, avg nll: 1.2039, avg wnll: 6.7929, avg kl: 0.4383, mse: 0.670989, wmse: 9.813354, mae: 0.610419
16,	Iter: 16, train loss: 4.5454, avg nll: 1.1984, avg wnll: 6.6964, avg kl: 0.3764, mse: 0.667404, wmse: 9.730734, mae: 0.607775
17,	Iter: 17, train loss: 4.4940, avg nll: 1.1893, avg wnll: 6.7305, avg kl: 0.3297, mse: 0.659059, wmse: 9.616463, mae: 0.605014
18,	Iter: 18, train loss: 4.4553, avg nll: 1.1856, avg wnll: 6.6974, avg kl: 0.2971, mse: 0.652169, wmse: 9.492274, mae: 0.602280
19,	Iter: 19, train loss: 4.4195, avg nll: 1.1784, avg wnll: 6.7353, avg kl: 0.2978, mse: 0.646345, wmse: 9.423862, mae: 0.597872
20,	Iter: 20, train loss: 4.3701, avg nll: 1.1714, avg wnll: 6.6391, avg kl: 0.3194, mse: 0.637610, wmse: 9.192637, mae: 0.593857
nll: 1.1248, mse: 0.6178, mae: 0.5838, mean_mse: 8.1919, mean_mae: 0.5838
1679335056.640593
21,	Iter: 21, train loss: 4.3035, avg nll: 1.1627, avg wnll: 6.6326, avg kl: 0.3217, mse: 0.625901, wmse: 8.989543, mae: 0.587950
22,	Iter: 22, train loss: 4.2896, avg nll: 1.1602, avg wnll: 6.6678, avg kl: 0.3352, mse: 0.623421, wmse: 8.939857, mae: 0.585874
23,	Iter: 23, train loss: 4.2619, avg nll: 1.1553, avg wnll: 6.6437, avg kl: 0.3187, mse: 0.618871, wmse: 8.842117, mae: 0.583736
24,	Iter: 24, train loss: 4.2029, avg nll: 1.1452, avg wnll: 6.6100, avg kl: 0.3174, mse: 0.609015, wmse: 8.687711, mae: 0.578962
25,	Iter: 25, train loss: 4.1927, avg nll: 1.1440, avg wnll: 6.6759, avg kl: 0.3233, mse: 0.607050, wmse: 8.658692, mae: 0.577793
26,	Iter: 26, train loss: 4.1597, avg nll: 1.1371, avg wnll: 6.5949, avg kl: 0.3249, mse: 0.601708, wmse: 8.542727, mae: 0.573450
27,	Iter: 27, train loss: 4.1237, avg nll: 1.1323, avg wnll: 6.6016, avg kl: 0.3253, mse: 0.595339, wmse: 8.451127, mae: 0.570993
28,	Iter: 28, train loss: 4.0978, avg nll: 1.1291, avg wnll: 6.6042, avg kl: 0.3360, mse: 0.590599, wmse: 8.374166, mae: 0.568182
29,	Iter: 29, train loss: 4.1454, avg nll: 1.1365, avg wnll: 6.6195, avg kl: 0.3556, mse: 0.598342, wmse: 8.543654, mae: 0.572171
30,	Iter: 30, train loss: 4.0662, avg nll: 1.1195, avg wnll: 6.5481, avg kl: 0.3377, mse: 0.585957, wmse: 8.249456, mae: 0.564752
nll: 1.0710, mse: 0.5682, mae: 0.5547, mean_mse: 7.4652, mean_mae: 0.5547
1679336173.467152
saving.................
done
31,	Iter: 31, train loss: 4.0128, avg nll: 1.1100, avg wnll: 6.5156, avg kl: 0.3355, mse: 0.577080, wmse: 8.121813, mae: 0.559528
32,	Iter: 32, train loss: 4.0060, avg nll: 1.1077, avg wnll: 6.5496, avg kl: 0.3248, mse: 0.576211, wmse: 8.099619, mae: 0.558217
33,	Iter: 33, train loss: 3.9798, avg nll: 1.1026, avg wnll: 6.5420, avg kl: 0.3189, mse: 0.571933, wmse: 8.027168, mae: 0.556204
34,	Iter: 34, train loss: 3.9428, avg nll: 1.0958, avg wnll: 6.5075, avg kl: 0.3117, mse: 0.565856, wmse: 7.917491, mae: 0.553284
35,	Iter: 35, train loss: 3.9411, avg nll: 1.0982, avg wnll: 6.5497, avg kl: 0.2990, mse: 0.565082, wmse: 7.907979, mae: 0.552529
36,	Iter: 36, train loss: 3.9191, avg nll: 1.0913, avg wnll: 6.5095, avg kl: 0.2901, mse: 0.562066, wmse: 7.859811, mae: 0.549731
37,	Iter: 37, train loss: 3.8971, avg nll: 1.0894, avg wnll: 6.5069, avg kl: 0.2767, mse: 0.558124, wmse: 7.791161, mae: 0.548472
38,	Iter: 38, train loss: 3.8723, avg nll: 1.0846, avg wnll: 6.5103, avg kl: 0.2769, mse: 0.554021, wmse: 7.736276, mae: 0.545668
39,	Iter: 39, train loss: 3.8631, avg nll: 1.0813, avg wnll: 6.5030, avg kl: 0.2697, mse: 0.552848, wmse: 7.734123, mae: 0.544434
40,	Iter: 40, train loss: 3.8598, avg nll: 1.0797, avg wnll: 6.4834, avg kl: 0.2528, mse: 0.552642, wmse: 7.669215, mae: 0.544486
nll: 1.0320, mse: 0.5394, mae: 0.5364, mean_mse: 7.0385, mean_mae: 0.5364
1679337323.8235142
41,	Iter: 41, train loss: 3.8373, avg nll: 1.0741, avg wnll: 6.4898, avg kl: 0.2445, mse: 0.549306, wmse: 7.656802, mae: 0.542294
42,	Iter: 42, train loss: 3.8427, avg nll: 1.0743, avg wnll: 6.5271, avg kl: 0.2355, mse: 0.550390, wmse: 7.661605, mae: 0.542363
43,	Iter: 43, train loss: 3.8334, avg nll: 1.0724, avg wnll: 6.4994, avg kl: 0.2408, mse: 0.548757, wmse: 7.620855, mae: 0.541945
44,	Iter: 44, train loss: 3.7956, avg nll: 1.0650, avg wnll: 6.4539, avg kl: 0.2314, mse: 0.542731, wmse: 7.520296, mae: 0.539146
45,	Iter: 45, train loss: 3.8098, avg nll: 1.0699, avg wnll: 6.5385, avg kl: 0.2231, mse: 0.544643, wmse: 7.565759, mae: 0.539737
46,	Iter: 46, train loss: 3.8116, avg nll: 1.0664, avg wnll: 6.5200, avg kl: 0.2190, mse: 0.545676, wmse: 7.581822, mae: 0.539340
47,	Iter: 47, train loss: 3.7850, avg nll: 1.0650, avg wnll: 6.4796, avg kl: 0.2079, mse: 0.540744, wmse: 7.485755, mae: 0.537801
48,	Iter: 48, train loss: 3.7735, avg nll: 1.0619, avg wnll: 6.4919, avg kl: 0.2087, mse: 0.538979, wmse: 7.493958, mae: 0.536873
49,	Iter: 49, train loss: 3.7589, avg nll: 1.0575, avg wnll: 6.5001, avg kl: 0.2069, mse: 0.536889, wmse: 7.468296, mae: 0.534931
50,	Iter: 50, train loss: 3.7571, avg nll: 1.0558, avg wnll: 6.4598, avg kl: 0.1986, mse: 0.536943, wmse: 7.415382, mae: 0.535363
nll: 1.0162, mse: 0.5290, mae: 0.5304, mean_mse: 6.8955, mean_mae: 0.5304
1679338438.897932
51,	Iter: 51, train loss: 3.7448, avg nll: 1.0535, avg wnll: 6.4900, avg kl: 0.1930, mse: 0.534988, wmse: 7.416033, mae: 0.534487
52,	Iter: 52, train loss: 3.7462, avg nll: 1.0534, avg wnll: 6.4845, avg kl: 0.1899, mse: 0.535265, wmse: 7.397548, mae: 0.533349
53,	Iter: 53, train loss: 3.7507, avg nll: 1.0543, avg wnll: 6.4905, avg kl: 0.1894, mse: 0.535931, wmse: 7.408845, mae: 0.534368
54,	Iter: 54, train loss: 3.7228, avg nll: 1.0475, avg wnll: 6.4429, avg kl: 0.1794, mse: 0.531823, wmse: 7.334903, mae: 0.532506
55,	Iter: 55, train loss: 3.7300, avg nll: 1.0519, avg wnll: 6.5078, avg kl: 0.1767, mse: 0.532389, wmse: 7.367871, mae: 0.532735
56,	Iter: 56, train loss: 3.7356, avg nll: 1.0504, avg wnll: 6.5061, avg kl: 0.1748, mse: 0.533785, wmse: 7.383018, mae: 0.532568
57,	Iter: 57, train loss: 3.7087, avg nll: 1.0478, avg wnll: 6.4646, avg kl: 0.1737, mse: 0.528885, wmse: 7.297323, mae: 0.531013
58,	Iter: 58, train loss: 3.6982, avg nll: 1.0444, avg wnll: 6.4754, avg kl: 0.1738, mse: 0.527405, wmse: 7.293731, mae: 0.530115
59,	Iter: 59, train loss: 3.6891, avg nll: 1.0418, avg wnll: 6.5042, avg kl: 0.1708, mse: 0.526106, wmse: 7.289179, mae: 0.528748
60,	Iter: 60, train loss: 3.6947, avg nll: 1.0420, avg wnll: 6.4749, avg kl: 0.1695, mse: 0.527140, wmse: 7.253361, mae: 0.529732
nll: 1.0162, mse: 0.5246, mae: 0.5271, mean_mse: 6.8116, mean_mae: 0.5271
1679339564.182222
saving.................
done
61,	Iter: 61, train loss: 3.6741, avg nll: 1.0381, avg wnll: 6.4769, avg kl: 0.1610, mse: 0.523916, wmse: 7.246688, mae: 0.528009
62,	Iter: 62, train loss: 3.6817, avg nll: 1.0397, avg wnll: 6.4971, avg kl: 0.1575, mse: 0.525151, wmse: 7.231960, mae: 0.527679
63,	Iter: 63, train loss: 3.6873, avg nll: 1.0392, avg wnll: 6.4808, avg kl: 0.1585, mse: 0.526298, wmse: 7.248391, mae: 0.528706
64,	Iter: 64, train loss: 3.6611, avg nll: 1.0337, avg wnll: 6.4329, avg kl: 0.1481, mse: 0.522313, wmse: 7.174062, mae: 0.527034
65,	Iter: 65, train loss: 3.6657, avg nll: 1.0372, avg wnll: 6.4911, avg kl: 0.1451, mse: 0.522555, wmse: 7.196276, mae: 0.526685
66,	Iter: 66, train loss: 3.6708, avg nll: 1.0352, avg wnll: 6.4967, avg kl: 0.1523, mse: 0.523776, wmse: 7.206076, mae: 0.526522
67,	Iter: 67, train loss: 3.6546, avg nll: 1.0345, avg wnll: 6.4389, avg kl: 0.1481, mse: 0.520710, wmse: 7.158693, mae: 0.526244
68,	Iter: 68, train loss: 3.6471, avg nll: 1.0318, avg wnll: 6.4738, avg kl: 0.1452, mse: 0.519772, wmse: 7.168357, mae: 0.525446
69,	Iter: 69, train loss: 3.6342, avg nll: 1.0287, avg wnll: 6.5005, avg kl: 0.1461, mse: 0.517736, wmse: 7.149748, mae: 0.524011
70,	Iter: 70, train loss: 3.6387, avg nll: 1.0285, avg wnll: 6.4318, avg kl: 0.1406, mse: 0.518759, wmse: 7.110816, mae: 0.524733
nll: 1.0031, mse: 0.5199, mae: 0.5248, mean_mse: 6.7453, mean_mae: 0.5248
1679340691.2142763
71,	Iter: 71, train loss: 3.6213, avg nll: 1.0246, avg wnll: 6.4827, avg kl: 0.1416, mse: 0.516000, wmse: 7.115215, mae: 0.523089
72,	Iter: 72, train loss: 3.6307, avg nll: 1.0280, avg wnll: 6.4628, avg kl: 0.1377, mse: 0.517232, wmse: 7.096661, mae: 0.523491
73,	Iter: 73, train loss: 3.6361, avg nll: 1.0273, avg wnll: 6.4860, avg kl: 0.1363, mse: 0.518437, wmse: 7.122599, mae: 0.524395
74,	Iter: 74, train loss: 3.6168, avg nll: 1.0237, avg wnll: 6.4248, avg kl: 0.1273, mse: 0.515483, wmse: 7.052458, mae: 0.522901
75,	Iter: 75, train loss: 3.6169, avg nll: 1.0260, avg wnll: 6.4756, avg kl: 0.1279, mse: 0.514978, wmse: 7.074074, mae: 0.522745
76,	Iter: 76, train loss: 3.6288, avg nll: 1.0241, avg wnll: 6.4908, avg kl: 0.1339, mse: 0.517541, wmse: 7.107188, mae: 0.523000
77,	Iter: 77, train loss: 3.6070, avg nll: 1.0236, avg wnll: 6.4529, avg kl: 0.1257, mse: 0.513465, wmse: 7.051392, mae: 0.522147
78,	Iter: 78, train loss: 3.6027, avg nll: 1.0214, avg wnll: 6.4524, avg kl: 0.1273, mse: 0.512952, wmse: 7.048203, mae: 0.521751
79,	Iter: 79, train loss: 3.5911, avg nll: 1.0188, avg wnll: 6.5032, avg kl: 0.1267, mse: 0.511127, wmse: 7.040254, mae: 0.520274
80,	Iter: 80, train loss: 3.5914, avg nll: 1.0169, avg wnll: 6.4459, avg kl: 0.1222, mse: 0.511635, wmse: 6.990083, mae: 0.520685
nll: 0.9955, mse: 0.5152, mae: 0.5226, mean_mse: 6.6873, mean_mae: 0.5226
1679341820.1934383
81,	Iter: 81, train loss: 3.5757, avg nll: 1.0142, avg wnll: 6.4910, avg kl: 0.1219, mse: 0.508995, wmse: 7.007624, mae: 0.519234
82,	Iter: 82, train loss: 3.5929, avg nll: 1.0184, avg wnll: 6.4783, avg kl: 0.1213, mse: 0.511595, wmse: 7.008848, mae: 0.520064
83,	Iter: 83, train loss: 3.5938, avg nll: 1.0173, avg wnll: 6.4945, avg kl: 0.1173, mse: 0.512042, wmse: 7.020872, mae: 0.520597
84,	Iter: 84, train loss: 3.5703, avg nll: 1.0130, avg wnll: 6.4314, avg kl: 0.1134, mse: 0.508298, wmse: 6.942960, mae: 0.518651
85,	Iter: 85, train loss: 3.5732, avg nll: 1.0154, avg wnll: 6.4684, avg kl: 0.1088, mse: 0.508468, wmse: 6.967180, mae: 0.519103
86,	Iter: 86, train loss: 3.5882, avg nll: 1.0153, avg wnll: 6.5240, avg kl: 0.1157, mse: 0.511263, wmse: 7.016739, mae: 0.519309
87,	Iter: 87, train loss: 3.5698, avg nll: 1.0149, avg wnll: 6.4613, avg kl: 0.1107, mse: 0.507775, wmse: 6.957521, mae: 0.518909
88,	Iter: 88, train loss: 3.5647, avg nll: 1.0117, avg wnll: 6.4811, avg kl: 0.1111, mse: 0.507334, wmse: 6.963436, mae: 0.518425
89,	Iter: 89, train loss: 3.5512, avg nll: 1.0095, avg wnll: 6.5019, avg kl: 0.1087, mse: 0.505117, wmse: 6.940816, mae: 0.516722
90,	Iter: 90, train loss: 3.5511, avg nll: 1.0084, avg wnll: 6.4492, avg kl: 0.1085, mse: 0.505282, wmse: 6.893201, mae: 0.516899
nll: 0.9920, mse: 0.5126, mae: 0.5209, mean_mse: 6.6298, mean_mae: 0.5209
1679342946.4789286
saving.................
done
91,	Iter: 91, train loss: 3.5445, avg nll: 1.0081, avg wnll: 6.4709, avg kl: 0.1102, mse: 0.503939, wmse: 6.925125, mae: 0.516603
92,	Iter: 92, train loss: 3.5515, avg nll: 1.0083, avg wnll: 6.4586, avg kl: 0.1055, mse: 0.505417, wmse: 6.908798, mae: 0.516587
93,	Iter: 93, train loss: 3.5590, avg nll: 1.0120, avg wnll: 6.5501, avg kl: 0.1043, mse: 0.506163, wmse: 6.927064, mae: 0.517328
94,	Iter: 94, train loss: 3.5298, avg nll: 1.0031, avg wnll: 6.4229, avg kl: 0.1004, mse: 0.502193, wmse: 6.843003, mae: 0.515100
95,	Iter: 95, train loss: 3.5332, avg nll: 1.0053, avg wnll: 6.4469, avg kl: 0.0955, mse: 0.502575, wmse: 6.866061, mae: 0.515496
96,	Iter: 96, train loss: 3.5475, avg nll: 1.0053, avg wnll: 6.5233, avg kl: 0.1025, mse: 0.505161, wmse: 6.923504, mae: 0.515550
97,	Iter: 97, train loss: 3.5290, avg nll: 1.0053, avg wnll: 6.4438, avg kl: 0.1007, mse: 0.501487, wmse: 6.864869, mae: 0.515442
98,	Iter: 98, train loss: 3.5223, avg nll: 1.0021, avg wnll: 6.4590, avg kl: 0.0974, mse: 0.500864, wmse: 6.851005, mae: 0.514690
99,	Iter: 99, train loss: 3.5141, avg nll: 1.0007, avg wnll: 6.4856, avg kl: 0.0970, mse: 0.499488, wmse: 6.839987, mae: 0.513606
100,	Iter: 100, train loss: 3.5198, avg nll: 1.0006, avg wnll: 6.4440, avg kl: 0.0977, mse: 0.500586, wmse: 6.828802, mae: 0.514676
nll: 0.9808, mse: 0.5060, mae: 0.5173, mean_mse: 6.5414, mean_mae: 0.5173
1679344075.0892382
101,	Iter: 101, train loss: 3.5030, avg nll: 0.9979, avg wnll: 6.4487, avg kl: 0.0945, mse: 0.497834, wmse: 6.827127, mae: 0.513024
102,	Iter: 102, train loss: 3.5170, avg nll: 1.0006, avg wnll: 6.4693, avg kl: 0.0938, mse: 0.500079, wmse: 6.823937, mae: 0.513688
103,	Iter: 103, train loss: 3.5195, avg nll: 1.0012, avg wnll: 6.4905, avg kl: 0.0919, mse: 0.500510, wmse: 6.837052, mae: 0.514137
104,	Iter: 104, train loss: 3.4927, avg nll: 0.9941, avg wnll: 6.4228, avg kl: 0.0895, mse: 0.496620, wmse: 6.753486, mae: 0.511941
105,	Iter: 105, train loss: 3.5026, avg nll: 0.9992, avg wnll: 6.4759, avg kl: 0.0876, mse: 0.497615, wmse: 6.793114, mae: 0.512847
106,	Iter: 106, train loss: 3.5105, avg nll: 0.9965, avg wnll: 6.4742, avg kl: 0.0907, mse: 0.499598, wmse: 6.817015, mae: 0.512417
107,	Iter: 107, train loss: 3.4959, avg nll: 0.9972, avg wnll: 6.4363, avg kl: 0.0886, mse: 0.496591, wmse: 6.775243, mae: 0.512657
108,	Iter: 108, train loss: 3.4971, avg nll: 0.9963, avg wnll: 6.4490, avg kl: 0.0887, mse: 0.496978, wmse: 6.787753, mae: 0.512358
109,	Iter: 109, train loss: 3.4858, avg nll: 0.9950, avg wnll: 6.4963, avg kl: 0.0877, mse: 0.494986, wmse: 6.786035, mae: 0.511168
110,	Iter: 110, train loss: 3.4838, avg nll: 0.9913, avg wnll: 6.4273, avg kl: 0.0881, mse: 0.495279, wmse: 6.740260, mae: 0.511639
nll: 0.9857, mse: 0.5074, mae: 0.5183, mean_mse: 6.5612, mean_mae: 0.5183
1679345163.3143198
111,	Iter: 111, train loss: 3.4731, avg nll: 0.9914, avg wnll: 6.4420, avg kl: 0.0853, mse: 0.493187, wmse: 6.751694, mae: 0.510455
112,	Iter: 112, train loss: 3.4766, avg nll: 0.9906, avg wnll: 6.4494, avg kl: 0.0824, mse: 0.494125, wmse: 6.731898, mae: 0.510475
113,	Iter: 113, train loss: 3.4906, avg nll: 0.9929, avg wnll: 6.4922, avg kl: 0.0826, mse: 0.496437, wmse: 6.775887, mae: 0.511981
114,	Iter: 114, train loss: 3.4650, avg nll: 0.9889, avg wnll: 6.3958, avg kl: 0.0818, mse: 0.492102, wmse: 6.678437, mae: 0.509381
115,	Iter: 115, train loss: 3.4794, avg nll: 0.9932, avg wnll: 6.4573, avg kl: 0.0797, mse: 0.494203, wmse: 6.738269, mae: 0.510936
116,	Iter: 116, train loss: 3.4848, avg nll: 0.9897, avg wnll: 6.4668, avg kl: 0.0812, mse: 0.495889, wmse: 6.762094, mae: 0.510287
117,	Iter: 117, train loss: 3.4696, avg nll: 0.9914, avg wnll: 6.4270, avg kl: 0.0808, mse: 0.492490, wmse: 6.706904, mae: 0.510405
118,	Iter: 118, train loss: 3.4625, avg nll: 0.9876, avg wnll: 6.4424, avg kl: 0.0800, mse: 0.491823, wmse: 6.717447, mae: 0.509650
119,	Iter: 119, train loss: 3.4502, avg nll: 0.9864, avg wnll: 6.4578, avg kl: 0.0806, mse: 0.489565, wmse: 6.694362, mae: 0.508330
120,	Iter: 120, train loss: 3.4563, avg nll: 0.9847, avg wnll: 6.4036, avg kl: 0.0801, mse: 0.491112, wmse: 6.676382, mae: 0.509419
nll: 0.9770, mse: 0.5055, mae: 0.5172, mean_mse: 6.5428, mean_mae: 0.5172
1679346301.8102949
saving.................
done
121,	Iter: 121, train loss: 3.4389, avg nll: 0.9835, avg wnll: 6.4439, avg kl: 0.0782, mse: 0.487918, wmse: 6.664747, mae: 0.507526
122,	Iter: 122, train loss: 3.4552, avg nll: 0.9872, avg wnll: 6.4777, avg kl: 0.0776, mse: 0.490442, wmse: 6.679617, mae: 0.508381
123,	Iter: 123, train loss: 3.4620, avg nll: 0.9873, avg wnll: 6.4841, avg kl: 0.0759, mse: 0.491827, wmse: 6.710723, mae: 0.509576
124,	Iter: 124, train loss: 3.4388, avg nll: 0.9816, avg wnll: 6.3980, avg kl: 0.0742, mse: 0.488369, wmse: 6.621097, mae: 0.507565
125,	Iter: 125, train loss: 3.4513, avg nll: 0.9861, avg wnll: 6.4545, avg kl: 0.0737, mse: 0.489974, wmse: 6.675166, mae: 0.508697
126,	Iter: 126, train loss: 3.4518, avg nll: 0.9809, avg wnll: 6.4529, avg kl: 0.0758, mse: 0.490992, wmse: 6.685214, mae: 0.507674
127,	Iter: 127, train loss: 3.4446, avg nll: 0.9874, avg wnll: 6.4366, avg kl: 0.0753, mse: 0.488247, wmse: 6.647246, mae: 0.508148
128,	Iter: 128, train loss: 3.4363, avg nll: 0.9799, avg wnll: 6.4571, avg kl: 0.0740, mse: 0.488138, wmse: 6.646039, mae: 0.507304
129,	Iter: 129, train loss: 3.4285, avg nll: 0.9803, avg wnll: 6.4794, avg kl: 0.0742, mse: 0.486457, wmse: 6.647652, mae: 0.506632
130,	Iter: 130, train loss: 3.4280, avg nll: 0.9789, avg wnll: 6.3864, avg kl: 0.0760, mse: 0.486533, wmse: 6.604514, mae: 0.506663
nll: 0.9819, mse: 0.5090, mae: 0.5196, mean_mse: 6.5745, mean_mae: 0.5196
1679347420.5198507
131,	Iter: 131, train loss: 3.4174, avg nll: 0.9777, avg wnll: 6.4316, avg kl: 0.0713, mse: 0.484837, wmse: 6.624401, mae: 0.506181
132,	Iter: 132, train loss: 3.4396, avg nll: 0.9868, avg wnll: 6.4712, avg kl: 0.0718, mse: 0.487399, wmse: 6.627921, mae: 0.506842
133,	Iter: 133, train loss: 3.4315, avg nll: 0.9792, avg wnll: 6.4503, avg kl: 0.0725, mse: 0.487237, wmse: 6.629031, mae: 0.506742
134,	Iter: 134, train loss: 3.4107, avg nll: 0.9762, avg wnll: 6.3897, avg kl: 0.0698, mse: 0.483790, wmse: 6.549619, mae: 0.504969
135,	Iter: 135, train loss: 3.4245, avg nll: 0.9803, avg wnll: 6.4252, avg kl: 0.0685, mse: 0.485754, wmse: 6.611787, mae: 0.506464
136,	Iter: 136, train loss: 3.4313, avg nll: 0.9778, avg wnll: 6.4464, avg kl: 0.0726, mse: 0.487424, wmse: 6.632680, mae: 0.505792
137,	Iter: 137, train loss: 3.4154, avg nll: 0.9787, avg wnll: 6.4263, avg kl: 0.0685, mse: 0.484215, wmse: 6.569796, mae: 0.506148
138,	Iter: 138, train loss: 3.4128, avg nll: 0.9743, avg wnll: 6.4472, avg kl: 0.0696, mse: 0.484484, wmse: 6.591102, mae: 0.505357
139,	Iter: 139, train loss: 3.4037, avg nll: 0.9761, avg wnll: 6.4669, avg kl: 0.0701, mse: 0.482284, wmse: 6.587718, mae: 0.504306
140,	Iter: 140, train loss: 3.3988, avg nll: 0.9710, avg wnll: 6.4068, avg kl: 0.0683, mse: 0.482372, wmse: 6.547765, mae: 0.504476
nll: 0.9775, mse: 0.5064, mae: 0.5176, mean_mse: 6.5445, mean_mae: 0.5176
1679348538.1560388
141,	Iter: 141, train loss: 3.3981, avg nll: 0.9773, avg wnll: 6.4573, avg kl: 0.0684, mse: 0.480947, wmse: 6.562159, mae: 0.503927
142,	Iter: 142, train loss: 3.4083, avg nll: 0.9774, avg wnll: 6.4279, avg kl: 0.0683, mse: 0.482949, wmse: 6.549423, mae: 0.504509
143,	Iter: 143, train loss: 3.4066, avg nll: 0.9732, avg wnll: 6.4611, avg kl: 0.0661, mse: 0.483547, wmse: 6.582104, mae: 0.505012
144,	Iter: 144, train loss: 3.3850, avg nll: 0.9698, avg wnll: 6.3702, avg kl: 0.0652, mse: 0.479912, wmse: 6.492219, mae: 0.502764
145,	Iter: 145, train loss: 3.4002, avg nll: 0.9747, avg wnll: 6.4099, avg kl: 0.0634, mse: 0.482044, wmse: 6.554252, mae: 0.504310
146,	Iter: 146, train loss: 3.4029, avg nll: 0.9704, avg wnll: 6.4586, avg kl: 0.0674, mse: 0.483234, wmse: 6.578926, mae: 0.503521
147,	Iter: 147, train loss: 3.3910, avg nll: 0.9725, avg wnll: 6.4234, avg kl: 0.0652, mse: 0.480503, wmse: 6.519754, mae: 0.504124
148,	Iter: 148, train loss: 3.3857, avg nll: 0.9679, avg wnll: 6.4355, avg kl: 0.0657, mse: 0.480313, wmse: 6.524487, mae: 0.503143
149,	Iter: 149, train loss: 3.3725, avg nll: 0.9672, avg wnll: 6.4423, avg kl: 0.0658, mse: 0.477783, wmse: 6.511642, mae: 0.501689
150,	Iter: 150, train loss: 3.3776, avg nll: 0.9673, avg wnll: 6.3952, avg kl: 0.0652, mse: 0.478800, wmse: 6.485573, mae: 0.502584
nll: 0.9810, mse: 0.5092, mae: 0.5194, mean_mse: 6.6009, mean_mae: 0.5194
1679349659.6510034
saving.................
done
151,	Iter: 151, train loss: 3.3812, avg nll: 0.9724, avg wnll: 6.4461, avg kl: 0.0662, mse: 0.478421, wmse: 6.524208, mae: 0.503064
152,	Iter: 152, train loss: 3.3859, avg nll: 0.9731, avg wnll: 6.4035, avg kl: 0.0640, mse: 0.479329, wmse: 6.501798, mae: 0.502379
153,	Iter: 153, train loss: 3.3878, avg nll: 0.9706, avg wnll: 6.4741, avg kl: 0.0639, mse: 0.480186, wmse: 6.521319, mae: 0.503094
154,	Iter: 154, train loss: 3.3629, avg nll: 0.9658, avg wnll: 6.3786, avg kl: 0.0628, mse: 0.476190, wmse: 6.436856, mae: 0.500554
155,	Iter: 155, train loss: 3.3726, avg nll: 0.9679, avg wnll: 6.4067, avg kl: 0.0626, mse: 0.477711, wmse: 6.485538, mae: 0.502047
156,	Iter: 156, train loss: 3.3822, avg nll: 0.9663, avg wnll: 6.4311, avg kl: 0.0644, mse: 0.479835, wmse: 6.521735, mae: 0.501849
157,	Iter: 157, train loss: 3.3664, avg nll: 0.9668, avg wnll: 6.4180, avg kl: 0.0624, mse: 0.476635, wmse: 6.458548, mae: 0.502004
158,	Iter: 158, train loss: 3.3585, avg nll: 0.9611, avg wnll: 6.4438, avg kl: 0.0612, mse: 0.476264, wmse: 6.474078, mae: 0.500990
159,	Iter: 159, train loss: 3.3534, avg nll: 0.9624, avg wnll: 6.4202, avg kl: 0.0631, mse: 0.474849, wmse: 6.468915, mae: 0.500138
160,	Iter: 160, train loss: 3.3616, avg nll: 0.9666, avg wnll: 6.4573, avg kl: 0.0618, mse: 0.475687, wmse: 6.437144, mae: 0.500689
nll: 0.9874, mse: 0.5134, mae: 0.5226, mean_mse: 6.6715, mean_mae: 0.5226
1679350788.5747592
161,	Iter: 161, train loss: 3.3460, avg nll: 0.9617, avg wnll: 6.4327, avg kl: 0.0618, mse: 0.473551, wmse: 6.455084, mae: 0.500027
162,	Iter: 162, train loss: 3.3558, avg nll: 0.9636, avg wnll: 6.4419, avg kl: 0.0597, mse: 0.475213, wmse: 6.444807, mae: 0.500431
163,	Iter: 163, train loss: 3.3656, avg nll: 0.9644, avg wnll: 6.4367, avg kl: 0.0605, mse: 0.476954, wmse: 6.471982, mae: 0.501558
164,	Iter: 164, train loss: 3.3472, avg nll: 0.9641, avg wnll: 6.4324, avg kl: 0.0600, mse: 0.473325, wmse: 6.397563, mae: 0.499147
165,	Iter: 165, train loss: 3.3459, avg nll: 0.9612, avg wnll: 6.3901, avg kl: 0.0597, mse: 0.473654, wmse: 6.421303, mae: 0.499889
166,	Iter: 166, train loss: 3.3600, avg nll: 0.9620, avg wnll: 6.4242, avg kl: 0.0616, mse: 0.476190, wmse: 6.465723, mae: 0.499700
167,	Iter: 167, train loss: 3.3414, avg nll: 0.9600, avg wnll: 6.3670, avg kl: 0.0585, mse: 0.473031, wmse: 6.401555, mae: 0.499893
168,	Iter: 168, train loss: 3.3347, avg nll: 0.9541, avg wnll: 6.4241, avg kl: 0.0592, mse: 0.472799, wmse: 6.417850, mae: 0.498849
169,	Iter: 169, train loss: 3.3399, avg nll: 0.9603, avg wnll: 6.4378, avg kl: 0.0606, mse: 0.472517, wmse: 6.427689, mae: 0.498896
170,	Iter: 170, train loss: 3.3408, avg nll: 0.9610, avg wnll: 6.3871, avg kl: 0.0593, mse: 0.472588, wmse: 6.394796, mae: 0.499289
nll: 0.9783, mse: 0.5076, mae: 0.5184, mean_mse: 6.5832, mean_mae: 0.5184
1679351895.5774531
171,	Iter: 171, train loss: 3.3190, avg nll: 0.9539, avg wnll: 6.4359, avg kl: 0.0580, mse: 0.469718, wmse: 6.394160, mae: 0.497820
172,	Iter: 172, train loss: 3.3317, avg nll: 0.9577, avg wnll: 6.4335, avg kl: 0.0571, mse: 0.471529, wmse: 6.394213, mae: 0.498448
173,	Iter: 173, train loss: 3.3335, avg nll: 0.9556, avg wnll: 6.4097, avg kl: 0.0580, mse: 0.472248, wmse: 6.403806, mae: 0.498853
174,	Iter: 174, train loss: 3.3231, avg nll: 0.9562, avg wnll: 6.3967, avg kl: 0.0578, mse: 0.470012, wmse: 6.351584, mae: 0.497439
175,	Iter: 175, train loss: 3.3362, avg nll: 0.9584, avg wnll: 6.3878, avg kl: 0.0569, mse: 0.472243, wmse: 6.394146, mae: 0.498932
176,	Iter: 176, train loss: 3.3376, avg nll: 0.9542, avg wnll: 6.4089, avg kl: 0.0599, mse: 0.473172, wmse: 6.416142, mae: 0.498261
177,	Iter: 177, train loss: 3.3217, avg nll: 0.9565, avg wnll: 6.3765, avg kl: 0.0567, mse: 0.469710, wmse: 6.346075, mae: 0.498163
178,	Iter: 178, train loss: 3.3131, avg nll: 0.9509, avg wnll: 6.4186, avg kl: 0.0570, mse: 0.469049, wmse: 6.354774, mae: 0.497062
179,	Iter: 179, train loss: 3.3188, avg nll: 0.9595, avg wnll: 6.4474, avg kl: 0.0578, mse: 0.468404, wmse: 6.368782, mae: 0.497043
180,	Iter: 180, train loss: 3.3165, avg nll: 0.9542, avg wnll: 6.3609, avg kl: 0.0566, mse: 0.469073, wmse: 6.335545, mae: 0.497032
nll: 0.9806, mse: 0.5090, mae: 0.5196, mean_mse: 6.6001, mean_mae: 0.5196
1679353039.115429
saving.................
done
181,	Iter: 181, train loss: 3.3058, avg nll: 0.9528, avg wnll: 6.4049, avg kl: 0.0564, mse: 0.467193, wmse: 6.344606, mae: 0.496787
182,	Iter: 182, train loss: 3.3150, avg nll: 0.9564, avg wnll: 6.4200, avg kl: 0.0553, mse: 0.468365, wmse: 6.340758, mae: 0.496516
183,	Iter: 183, train loss: 3.3143, avg nll: 0.9503, avg wnll: 6.4114, avg kl: 0.0565, mse: 0.469368, wmse: 6.361058, mae: 0.496969
184,	Iter: 184, train loss: 3.2974, avg nll: 0.9519, avg wnll: 6.3807, avg kl: 0.0550, mse: 0.465717, wmse: 6.279482, mae: 0.495333
185,	Iter: 185, train loss: 3.3077, avg nll: 0.9508, avg wnll: 6.3962, avg kl: 0.0532, mse: 0.468110, wmse: 6.337502, mae: 0.496537
186,	Iter: 186, train loss: 3.3246, avg nll: 0.9541, avg wnll: 6.4604, avg kl: 0.0576, mse: 0.470540, wmse: 6.377454, mae: 0.496713
187,	Iter: 187, train loss: 3.3083, avg nll: 0.9557, avg wnll: 6.3575, avg kl: 0.0548, mse: 0.467106, wmse: 6.311102, mae: 0.496886
188,	Iter: 188, train loss: 3.3059, avg nll: 0.9513, avg wnll: 6.4212, avg kl: 0.0545, mse: 0.467493, wmse: 6.338914, mae: 0.496290
189,	Iter: 189, train loss: 3.2874, avg nll: 0.9492, avg wnll: 6.3903, avg kl: 0.0536, mse: 0.464267, wmse: 6.306652, mae: 0.494216
190,	Iter: 190, train loss: 3.2907, avg nll: 0.9480, avg wnll: 6.3831, avg kl: 0.0531, mse: 0.465172, wmse: 6.277376, mae: 0.495091
nll: 0.9837, mse: 0.5114, mae: 0.5211, mean_mse: 6.6699, mean_mae: 0.5211
1679354160.0874093
191,	Iter: 191, train loss: 3.2841, avg nll: 0.9476, avg wnll: 6.4066, avg kl: 0.0542, mse: 0.463836, wmse: 6.294206, mae: 0.494890
192,	Iter: 192, train loss: 3.2941, avg nll: 0.9495, avg wnll: 6.4620, avg kl: 0.0524, mse: 0.465573, wmse: 6.302139, mae: 0.495123
193,	Iter: 193, train loss: 3.2974, avg nll: 0.9482, avg wnll: 6.4265, avg kl: 0.0529, mse: 0.466430, wmse: 6.329099, mae: 0.495453
194,	Iter: 194, train loss: 3.2820, avg nll: 0.9466, avg wnll: 6.3615, avg kl: 0.0522, mse: 0.463712, wmse: 6.252403, mae: 0.494158
195,	Iter: 195, train loss: 3.2975, avg nll: 0.9519, avg wnll: 6.4054, avg kl: 0.0528, mse: 0.465680, wmse: 6.305049, mae: 0.495695
196,	Iter: 196, train loss: 3.3029, avg nll: 0.9492, avg wnll: 6.3749, avg kl: 0.0551, mse: 0.467142, wmse: 6.329525, mae: 0.495072
197,	Iter: 197, train loss: 3.2838, avg nll: 0.9470, avg wnll: 6.3709, avg kl: 0.0509, mse: 0.464007, wmse: 6.273170, mae: 0.495368
198,	Iter: 198, train loss: 3.2848, avg nll: 0.9448, avg wnll: 6.4114, avg kl: 0.0521, mse: 0.464544, wmse: 6.293644, mae: 0.494862
199,	Iter: 199, train loss: 3.2708, avg nll: 0.9435, avg wnll: 6.4066, avg kl: 0.0522, mse: 0.461993, wmse: 6.277124, mae: 0.493298
200,	Iter: 200, train loss: 3.2730, avg nll: 0.9427, avg wnll: 6.3577, avg kl: 0.0514, mse: 0.462624, wmse: 6.246602, mae: 0.493869
nll: 0.9769, mse: 0.5041, mae: 0.5175, mean_mse: 6.5413, mean_mae: 0.5175
1679355268.1520069
201,	Iter: 201, train loss: 3.2741, avg nll: 0.9462, avg wnll: 6.4075, avg kl: 0.0529, mse: 0.462035, wmse: 6.277981, mae: 0.494184
202,	Iter: 202, train loss: 3.2771, avg nll: 0.9446, avg wnll: 6.4065, avg kl: 0.0531, mse: 0.462931, wmse: 6.255846, mae: 0.493551
203,	Iter: 203, train loss: 3.2738, avg nll: 0.9420, avg wnll: 6.4119, avg kl: 0.0521, mse: 0.462836, wmse: 6.268928, mae: 0.493680
204,	Iter: 204, train loss: 3.2619, avg nll: 0.9437, avg wnll: 6.3564, avg kl: 0.0502, mse: 0.460225, wmse: 6.200268, mae: 0.492323
205,	Iter: 205, train loss: 3.2871, avg nll: 0.9496, avg wnll: 6.4112, avg kl: 0.0511, mse: 0.464027, wmse: 6.279366, mae: 0.494683
206,	Iter: 206, train loss: 3.2875, avg nll: 0.9452, avg wnll: 6.4213, avg kl: 0.0530, mse: 0.464825, wmse: 6.298673, mae: 0.494038
207,	Iter: 207, train loss: 3.2697, avg nll: 0.9450, avg wnll: 6.3560, avg kl: 0.0503, mse: 0.461469, wmse: 6.236785, mae: 0.493986
208,	Iter: 208, train loss: 3.2664, avg nll: 0.9415, avg wnll: 6.4374, avg kl: 0.0510, mse: 0.461445, wmse: 6.243993, mae: 0.492703
209,	Iter: 209, train loss: 3.2485, avg nll: 0.9392, avg wnll: 6.3884, avg kl: 0.0511, mse: 0.458291, wmse: 6.218471, mae: 0.491406
210,	Iter: 210, train loss: 3.2525, avg nll: 0.9378, avg wnll: 6.3728, avg kl: 0.0495, mse: 0.459464, wmse: 6.197727, mae: 0.492000
nll: 0.9771, mse: 0.5053, mae: 0.5173, mean_mse: 6.5642, mean_mae: 0.5173
1679356399.8675075
saving.................
done
211,	Iter: 211, train loss: 3.2510, avg nll: 0.9409, avg wnll: 6.4059, avg kl: 0.0511, mse: 0.458430, wmse: 6.220154, mae: 0.492312
212,	Iter: 212, train loss: 3.2779, avg nll: 0.9487, avg wnll: 6.4312, avg kl: 0.0512, mse: 0.462213, wmse: 6.253853, mae: 0.493438
213,	Iter: 213, train loss: 3.2592, avg nll: 0.9389, avg wnll: 6.3953, avg kl: 0.0505, mse: 0.460488, wmse: 6.245770, mae: 0.492543
214,	Iter: 214, train loss: 3.2440, avg nll: 0.9379, avg wnll: 6.3606, avg kl: 0.0489, mse: 0.457735, wmse: 6.167191, mae: 0.491047
215,	Iter: 215, train loss: 3.2612, avg nll: 0.9430, avg wnll: 6.4001, avg kl: 0.0492, mse: 0.460105, wmse: 6.222545, mae: 0.492588
216,	Iter: 216, train loss: 3.2604, avg nll: 0.9369, avg wnll: 6.3881, avg kl: 0.0511, mse: 0.461028, wmse: 6.234039, mae: 0.491711
217,	Iter: 217, train loss: 3.2520, avg nll: 0.9400, avg wnll: 6.3766, avg kl: 0.0495, mse: 0.458813, wmse: 6.192598, mae: 0.492436
218,	Iter: 218, train loss: 3.2474, avg nll: 0.9344, avg wnll: 6.3879, avg kl: 0.0498, mse: 0.458976, wmse: 6.203945, mae: 0.491306
219,	Iter: 219, train loss: 3.2348, avg nll: 0.9352, avg wnll: 6.3938, avg kl: 0.0487, mse: 0.456364, wmse: 6.188755, mae: 0.490372
220,	Iter: 220, train loss: 3.2286, avg nll: 0.9305, avg wnll: 6.3637, avg kl: 0.0481, mse: 0.456085, wmse: 6.148465, mae: 0.490352
nll: 0.9764, mse: 0.5057, mae: 0.5172, mean_mse: 6.5545, mean_mae: 0.5172
1679357530.0228415
221,	Iter: 221, train loss: 3.2295, avg nll: 0.9353, avg wnll: 6.4139, avg kl: 0.0490, mse: 0.455229, wmse: 6.175932, mae: 0.490542
222,	Iter: 222, train loss: 3.2555, avg nll: 0.9398, avg wnll: 6.4039, avg kl: 0.0482, mse: 0.459577, wmse: 6.215255, mae: 0.491785
223,	Iter: 223, train loss: 3.2438, avg nll: 0.9365, avg wnll: 6.3815, avg kl: 0.0482, mse: 0.457879, wmse: 6.201345, mae: 0.491067
224,	Iter: 224, train loss: 3.2341, avg nll: 0.9366, avg wnll: 6.3699, avg kl: 0.0468, mse: 0.456014, wmse: 6.150904, mae: 0.490444
225,	Iter: 225, train loss: 3.2365, avg nll: 0.9342, avg wnll: 6.3897, avg kl: 0.0481, mse: 0.456854, wmse: 6.173000, mae: 0.490738
226,	Iter: 226, train loss: 3.2544, avg nll: 0.9384, avg wnll: 6.4099, avg kl: 0.0501, mse: 0.459445, wmse: 6.224159, mae: 0.491240
227,	Iter: 227, train loss: 3.2332, avg nll: 0.9374, avg wnll: 6.3455, avg kl: 0.0471, mse: 0.455604, wmse: 6.148919, mae: 0.490740
228,	Iter: 228, train loss: 3.2345, avg nll: 0.9320, avg wnll: 6.3863, avg kl: 0.0483, mse: 0.456839, wmse: 6.174739, mae: 0.490398
229,	Iter: 229, train loss: 3.2199, avg nll: 0.9327, avg wnll: 6.4295, avg kl: 0.0479, mse: 0.453772, wmse: 6.152812, mae: 0.488872
230,	Iter: 230, train loss: 3.2144, avg nll: 0.9285, avg wnll: 6.3476, avg kl: 0.0474, mse: 0.453552, wmse: 6.114942, mae: 0.488804
nll: 0.9845, mse: 0.5107, mae: 0.5205, mean_mse: 6.6520, mean_mae: 0.5205
1679358660.8345106
231,	Iter: 231, train loss: 3.2153, avg nll: 0.9301, avg wnll: 6.4010, avg kl: 0.0475, mse: 0.453380, wmse: 6.144704, mae: 0.489352
232,	Iter: 232, train loss: 3.2404, avg nll: 0.9385, avg wnll: 6.4181, avg kl: 0.0470, mse: 0.456735, wmse: 6.169949, mae: 0.490504
233,	Iter: 233, train loss: 3.2282, avg nll: 0.9328, avg wnll: 6.3872, avg kl: 0.0473, mse: 0.455422, wmse: 6.165683, mae: 0.489975
234,	Iter: 234, train loss: 3.2197, avg nll: 0.9325, avg wnll: 6.3622, avg kl: 0.0458, mse: 0.453864, wmse: 6.110419, mae: 0.488990
235,	Iter: 235, train loss: 3.2224, avg nll: 0.9308, avg wnll: 6.3733, avg kl: 0.0462, mse: 0.454704, wmse: 6.147463, mae: 0.489538
236,	Iter: 236, train loss: 3.2399, avg nll: 0.9364, avg wnll: 6.4043, avg kl: 0.0481, mse: 0.456917, wmse: 6.178754, mae: 0.489781
237,	Iter: 237, train loss: 3.2108, avg nll: 0.9277, avg wnll: 6.3633, avg kl: 0.0462, mse: 0.452970, wmse: 6.109492, mae: 0.489494
238,	Iter: 238, train loss: 3.2206, avg nll: 0.9289, avg wnll: 6.4048, avg kl: 0.0471, mse: 0.454603, wmse: 6.145238, mae: 0.488982
239,	Iter: 239, train loss: 3.2048, avg nll: 0.9282, avg wnll: 6.3717, avg kl: 0.0474, mse: 0.451538, wmse: 6.126144, mae: 0.487563
240,	Iter: 240, train loss: 3.1997, avg nll: 0.9253, avg wnll: 6.3420, avg kl: 0.0458, mse: 0.451211, wmse: 6.074734, mae: 0.487663
nll: 0.9810, mse: 0.5061, mae: 0.5178, mean_mse: 6.5721, mean_mae: 0.5178
1679359778.4860604
saving.................
done
241,	Iter: 241, train loss: 3.2002, avg nll: 0.9297, avg wnll: 6.3714, avg kl: 0.0463, mse: 0.450387, wmse: 6.107152, mae: 0.487777
242,	Iter: 242, train loss: 3.2284, avg nll: 0.9328, avg wnll: 6.4068, avg kl: 0.0455, mse: 0.455433, wmse: 6.155876, mae: 0.490009
243,	Iter: 243, train loss: 3.2174, avg nll: 0.9300, avg wnll: 6.4031, avg kl: 0.0464, mse: 0.453734, wmse: 6.140848, mae: 0.488947
244,	Iter: 244, train loss: 3.2022, avg nll: 0.9290, avg wnll: 6.3638, avg kl: 0.0453, mse: 0.450964, wmse: 6.070645, mae: 0.487598
245,	Iter: 245, train loss: 3.2097, avg nll: 0.9298, avg wnll: 6.3832, avg kl: 0.0458, mse: 0.452234, wmse: 6.109877, mae: 0.488328
246,	Iter: 246, train loss: 3.2201, avg nll: 0.9296, avg wnll: 6.3731, avg kl: 0.0474, mse: 0.454208, wmse: 6.139213, mae: 0.488129
247,	Iter: 247, train loss: 3.2053, avg nll: 0.9292, avg wnll: 6.3717, avg kl: 0.0447, mse: 0.451539, wmse: 6.096864, mae: 0.488788
248,	Iter: 248, train loss: 3.2092, avg nll: 0.9274, avg wnll: 6.3920, avg kl: 0.0465, mse: 0.452503, wmse: 6.121066, mae: 0.488050
249,	Iter: 249, train loss: 3.2213, avg nll: 0.9393, avg wnll: 6.3592, avg kl: 0.0464, mse: 0.452546, wmse: 6.138278, mae: 0.488774
250,	Iter: 250, train loss: 3.1928, avg nll: 0.9238, avg wnll: 6.3636, avg kl: 0.0451, mse: 0.450040, wmse: 6.067059, mae: 0.487300
nll: 0.9756, mse: 0.5036, mae: 0.5165, mean_mse: 6.5295, mean_mae: 0.5165
1679360874.670875
251,	Iter: 251, train loss: 3.1875, avg nll: 0.9243, avg wnll: 6.3958, avg kl: 0.0450, mse: 0.448878, wmse: 6.087303, mae: 0.486913
252,	Iter: 252, train loss: 3.1985, avg nll: 0.9243, avg wnll: 6.4154, avg kl: 0.0444, mse: 0.451102, wmse: 6.094991, mae: 0.487347
253,	Iter: 253, train loss: 3.1991, avg nll: 0.9263, avg wnll: 6.4054, avg kl: 0.0458, mse: 0.450700, wmse: 6.091988, mae: 0.487387
254,	Iter: 254, train loss: 3.1813, avg nll: 0.9218, avg wnll: 6.3710, avg kl: 0.0440, mse: 0.448178, wmse: 6.032286, mae: 0.486218
255,	Iter: 255, train loss: 3.2211, avg nll: 0.9405, avg wnll: 6.5314, avg kl: 0.0454, mse: 0.452265, wmse: 6.113766, mae: 0.488748
256,	Iter: 256, train loss: 3.2226, avg nll: 0.9316, avg wnll: 6.3191, avg kl: 0.0491, mse: 0.454013, wmse: 6.136616, mae: 0.487999
257,	Iter: 257, train loss: 3.2017, avg nll: 0.9325, avg wnll: 6.3945, avg kl: 0.0449, mse: 0.449986, wmse: 6.062960, mae: 0.487883
258,	Iter: 258, train loss: 3.1897, avg nll: 0.9217, avg wnll: 6.3810, avg kl: 0.0460, mse: 0.449646, wmse: 6.067667, mae: 0.486519
259,	Iter: 259, train loss: 3.1838, avg nll: 0.9246, avg wnll: 6.3708, avg kl: 0.0436, mse: 0.448078, wmse: 6.074970, mae: 0.486064
260,	Iter: 260, train loss: 3.1786, avg nll: 0.9185, avg wnll: 6.3592, avg kl: 0.0437, mse: 0.448223, wmse: 6.039576, mae: 0.486286
nll: 0.9846, mse: 0.5105, mae: 0.5202, mean_mse: 6.6600, mean_mae: 0.5202
1679362016.4369662
261,	Iter: 261, train loss: 3.1827, avg nll: 0.9249, avg wnll: 6.3726, avg kl: 0.0446, mse: 0.447681, wmse: 6.067476, mae: 0.486520
262,	Iter: 262, train loss: 3.1939, avg nll: 0.9234, avg wnll: 6.3962, avg kl: 0.0433, mse: 0.450315, wmse: 6.079075, mae: 0.487101
263,	Iter: 263, train loss: 3.1850, avg nll: 0.9213, avg wnll: 6.3933, avg kl: 0.0442, mse: 0.448855, wmse: 6.065927, mae: 0.486305
264,	Iter: 264, train loss: 3.1712, avg nll: 0.9212, avg wnll: 6.3479, avg kl: 0.0427, mse: 0.446252, wmse: 6.008667, mae: 0.484952
265,	Iter: 265, train loss: 3.1915, avg nll: 0.9282, avg wnll: 6.4002, avg kl: 0.0425, mse: 0.448912, wmse: 6.067094, mae: 0.486612
266,	Iter: 266, train loss: 3.1965, avg nll: 0.9224, avg wnll: 6.3352, avg kl: 0.0448, mse: 0.450841, wmse: 6.089985, mae: 0.486970
267,	Iter: 267, train loss: 3.1788, avg nll: 0.9237, avg wnll: 6.3477, avg kl: 0.0431, mse: 0.447188, wmse: 6.028393, mae: 0.486461
268,	Iter: 268, train loss: 3.1835, avg nll: 0.9212, avg wnll: 6.3821, avg kl: 0.0439, mse: 0.448552, wmse: 6.059461, mae: 0.486144
269,	Iter: 269, train loss: 3.1719, avg nll: 0.9224, avg wnll: 6.3812, avg kl: 0.0432, mse: 0.446024, wmse: 6.041807, mae: 0.485108
270,	Iter: 270, train loss: 3.1692, avg nll: 0.9202, avg wnll: 6.3403, avg kl: 0.0429, mse: 0.445944, wmse: 6.006521, mae: 0.485115
nll: 0.9767, mse: 0.5047, mae: 0.5171, mean_mse: 6.5528, mean_mae: 0.5171
1679363110.9148898
saving.................
done
271,	Iter: 271, train loss: 3.1700, avg nll: 0.9240, avg wnll: 6.3735, avg kl: 0.0432, mse: 0.445308, wmse: 6.029730, mae: 0.485147
272,	Iter: 272, train loss: 3.1735, avg nll: 0.9198, avg wnll: 6.3925, avg kl: 0.0415, mse: 0.446964, wmse: 6.033051, mae: 0.485013
273,	Iter: 273, train loss: 3.1717, avg nll: 0.9179, avg wnll: 6.3773, avg kl: 0.0435, mse: 0.446809, wmse: 6.037674, mae: 0.485611
274,	Iter: 274, train loss: 3.1543, avg nll: 0.9155, avg wnll: 6.3422, avg kl: 0.0411, mse: 0.444010, wmse: 5.963296, mae: 0.483619
275,	Iter: 275, train loss: 3.1638, avg nll: 0.9191, avg wnll: 6.3888, avg kl: 0.0417, mse: 0.445120, wmse: 6.012191, mae: 0.484550
276,	Iter: 276, train loss: 3.1883, avg nll: 0.9219, avg wnll: 6.3626, avg kl: 0.0436, mse: 0.449280, wmse: 6.073021, mae: 0.486246
277,	Iter: 277, train loss: 3.1613, avg nll: 0.9169, avg wnll: 6.3461, avg kl: 0.0424, mse: 0.444947, wmse: 5.992827, mae: 0.485164
278,	Iter: 278, train loss: 3.1724, avg nll: 0.9168, avg wnll: 6.3864, avg kl: 0.0441, mse: 0.447033, wmse: 6.040913, mae: 0.485610
279,	Iter: 279, train loss: 3.1517, avg nll: 0.9168, avg wnll: 6.3699, avg kl: 0.0419, mse: 0.443087, wmse: 6.009942, mae: 0.483373
280,	Iter: 280, train loss: 3.1571, avg nll: 0.9169, avg wnll: 6.3623, avg kl: 0.0415, mse: 0.444174, wmse: 5.977743, mae: 0.484091
nll: 0.9820, mse: 0.5077, mae: 0.5190, mean_mse: 6.6028, mean_mae: 0.5190
1679364250.6623063
281,	Iter: 281, train loss: 3.1589, avg nll: 0.9194, avg wnll: 6.3663, avg kl: 0.0428, mse: 0.443895, wmse: 6.008678, mae: 0.484531
282,	Iter: 282, train loss: 3.1671, avg nll: 0.9182, avg wnll: 6.3825, avg kl: 0.0415, mse: 0.445876, wmse: 6.013463, mae: 0.484694
283,	Iter: 283, train loss: 3.1606, avg nll: 0.9155, avg wnll: 6.3989, avg kl: 0.0429, mse: 0.444973, wmse: 6.023767, mae: 0.484640
284,	Iter: 284, train loss: 3.1333, avg nll: 0.9100, avg wnll: 6.3270, avg kl: 0.0417, mse: 0.440704, wmse: 5.928203, mae: 0.481999
285,	Iter: 285, train loss: 3.1577, avg nll: 0.9190, avg wnll: 6.4022, avg kl: 0.0416, mse: 0.443786, wmse: 6.008789, mae: 0.484254
286,	Iter: 286, train loss: 3.1770, avg nll: 0.9194, avg wnll: 6.3490, avg kl: 0.0427, mse: 0.447444, wmse: 6.044275, mae: 0.484996
287,	Iter: 287, train loss: 3.1521, avg nll: 0.9167, avg wnll: 6.3322, avg kl: 0.0413, mse: 0.443129, wmse: 5.967200, mae: 0.484253
288,	Iter: 288, train loss: 3.1604, avg nll: 0.9166, avg wnll: 6.4030, avg kl: 0.0428, mse: 0.444658, wmse: 6.011708, mae: 0.484276
289,	Iter: 289, train loss: 3.1482, avg nll: 0.9171, avg wnll: 6.3772, avg kl: 0.0406, mse: 0.442308, wmse: 5.995481, mae: 0.483212
290,	Iter: 290, train loss: 3.1404, avg nll: 0.9134, avg wnll: 6.3711, avg kl: 0.0409, mse: 0.441435, wmse: 5.938437, mae: 0.482833
nll: 0.9782, mse: 0.5040, mae: 0.5168, mean_mse: 6.5405, mean_mae: 0.5168
1679365392.8447332
291,slurmstepd: error: *** JOB 247426 ON gpu1 CANCELLED AT 2023-03-21T02:25:17 ***
