Namespace(n_union_tp=3500, data_folder='datasets/ZTF_gr', checkpoint='datasets/ZTF_gr0.8849831819534302.h5', start_col=1, inc_errors=False, print_at=1, embed_time=128, enc_num_heads=16, latent_dim=64, mixing='concat', num_ref_points=16, rec_hidden=128, width=512, save_at=30, patience=100, early_stopping=False, niters=20000, frac=0.5, batch_size=2, mse_weight=5.0, dropout=0.0, num_resamples=0, lr=1e-05, scheduler=False, warmup=4000, kl_zero=False, kl_annealing=True, net='hetvae', device='cuda', const_var=False, var_per_dim=False, std=0.1, seed=2, save=True, k_iwae=1) 6092328
validated 3407 files out of 3407 for band='r'
3407 3407
(2614, 1, 2011, 3)
created union_tp attribute of length 3500
dataset created w/ shape (2614, 1, 2011, 3)
train size: 2352, valid size: 236, test size: 262
datasets/ZTF_gr
=> loading checkpoint 'datasets/ZTF_gr0.8849831819534302.h5'
Namespace(n_union_tp=3500, data_folder='datasets/ZTF_gr', checkpoint='ZTF_gr0.9500744938850403.h5', start_col=1, inc_errors=False, print_at=1, embed_time=128, enc_num_heads=16, latent_dim=64, mixing='concat', num_ref_points=16, rec_hidden=128, width=512, save_at=30, patience=100, early_stopping=False, niters=20000, frac=0.5, batch_size=2, mse_weight=5.0, dropout=0.0, num_resamples=0, lr=5e-05, scheduler=False, warmup=4000, kl_zero=False, kl_annealing=True, net='hetvae', device='cuda', const_var=False, var_per_dim=False, std=0.1, seed=2, save=True, k_iwae=1)
loaded checkpoint w/ loss=3.1251197732782283
model_size=498882
691,	Iter: 691, train loss: 3.6278, avg nll: 1.0563, avg wnll: 6.8533, avg kl: 0.0205, mse: 0.510208, wmse: 6.498173, mae: 0.519217
692,	Iter: 692, train loss: 3.5954, avg nll: 1.0298, avg wnll: 6.3487, avg kl: 0.0231, mse: 0.508518, wmse: 6.461402, mae: 0.517173
693,	Iter: 693, train loss: 3.5930, avg nll: 1.0295, avg wnll: 6.4037, avg kl: 0.0231, mse: 0.508078, wmse: 6.458502, mae: 0.517033
694,	Iter: 694, train loss: 3.5428, avg nll: 1.0120, avg wnll: 6.2788, avg kl: 0.0230, mse: 0.501543, wmse: 6.372054, mae: 0.514603
695,	Iter: 695, train loss: 3.5539, avg nll: 1.0120, avg wnll: 6.2275, avg kl: 0.0223, mse: 0.503914, wmse: 6.407770, mae: 0.515441
696,	Iter: 696, train loss: 3.5468, avg nll: 1.0123, avg wnll: 6.2402, avg kl: 0.0229, mse: 0.502330, wmse: 6.380662, mae: 0.514353
697,	Iter: 697, train loss: 3.5338, avg nll: 1.0067, avg wnll: 6.1590, avg kl: 0.0215, mse: 0.501125, wmse: 6.365449, mae: 0.513488
698,	Iter: 698, train loss: 3.5477, avg nll: 1.0110, avg wnll: 6.1856, avg kl: 0.0219, mse: 0.502964, wmse: 6.370623, mae: 0.514799
699,	Iter: 699, train loss: 3.5421, avg nll: 1.0044, avg wnll: 6.1764, avg kl: 0.0214, mse: 0.503254, wmse: 6.366355, mae: 0.513724
700,	Iter: 700, train loss: 3.5311, avg nll: 1.0042, avg wnll: 6.2295, avg kl: 0.0209, mse: 0.501198, wmse: 6.377754, mae: 0.512924
nll: 0.9562, mse: 0.5066, mae: 0.5087, mean_mse: 6.6076, mean_mae: 0.5087
1679366767.4400847
701,	Iter: 701, train loss: 3.1686, avg nll: 0.9099, avg wnll: 5.7674, avg kl: 0.0161, mse: 0.448531, wmse: 5.653324, mae: 0.484453
702,	Iter: 702, train loss: 3.1290, avg nll: 0.8920, avg wnll: 5.9819, avg kl: 0.0150, mse: 0.444392, wmse: 5.602146, mae: 0.481796
703,	Iter: 703, train loss: 3.1205, avg nll: 0.8855, avg wnll: 6.0525, avg kl: 0.0157, mse: 0.443870, wmse: 5.594408, mae: 0.481483
704,	Iter: 704, train loss: 3.1159, avg nll: 0.8834, avg wnll: 6.0601, avg kl: 0.0159, mse: 0.443311, wmse: 5.593908, mae: 0.481018
705,	Iter: 705, train loss: 3.1101, avg nll: 0.8800, avg wnll: 6.0977, avg kl: 0.0158, mse: 0.442869, wmse: 5.585919, mae: 0.480728
706,	Iter: 706, train loss: 3.0910, avg nll: 0.8768, avg wnll: 6.1159, avg kl: 0.0154, mse: 0.439756, wmse: 5.545180, mae: 0.479097
707,	Iter: 707, train loss: 3.0821, avg nll: 0.8695, avg wnll: 6.0781, avg kl: 0.0157, mse: 0.439375, wmse: 5.527842, mae: 0.478947
708,	Iter: 708, train loss: 3.0959, avg nll: 0.8750, avg wnll: 6.1323, avg kl: 0.0156, mse: 0.441069, wmse: 5.550543, mae: 0.479072
709,	Iter: 709, train loss: 3.1027, avg nll: 0.8751, avg wnll: 6.0740, avg kl: 0.0154, mse: 0.442445, wmse: 5.585037, mae: 0.480020
710,	Iter: 710, train loss: 3.0825, avg nll: 0.8740, avg wnll: 6.1204, avg kl: 0.0156, mse: 0.438588, wmse: 5.528344, mae: 0.478641
nll: 0.9628, mse: 0.5097, mae: 0.5108, mean_mse: 6.6729, mean_mae: 0.5108
1679367762.0526507
711,	Iter: 711, train loss: 3.0988, avg nll: 0.8741, avg wnll: 6.0632, avg kl: 0.0153, mse: 0.441881, wmse: 5.567090, mae: 0.480505
712,	Iter: 712, train loss: 3.0882, avg nll: 0.8704, avg wnll: 6.0737, avg kl: 0.0150, mse: 0.440565, wmse: 5.548029, mae: 0.479522
713,	Iter: 713, train loss: 3.0890, avg nll: 0.8700, avg wnll: 6.1163, avg kl: 0.0157, mse: 0.440662, wmse: 5.551745, mae: 0.479488
714,	Iter: 714, train loss: 3.0855, avg nll: 0.8688, avg wnll: 6.0820, avg kl: 0.0160, mse: 0.440144, wmse: 5.550923, mae: 0.478964
715,	Iter: 715, train loss: 3.0869, avg nll: 0.8682, avg wnll: 6.1281, avg kl: 0.0159, mse: 0.440556, wmse: 5.555967, mae: 0.479348
716,	Iter: 716, train loss: 3.0712, avg nll: 0.8664, avg wnll: 6.1381, avg kl: 0.0157, mse: 0.437828, wmse: 5.519745, mae: 0.477797
717,	Iter: 717, train loss: 3.0616, avg nll: 0.8583, avg wnll: 6.0765, avg kl: 0.0160, mse: 0.437469, wmse: 5.502728, mae: 0.477614
718,	Iter: 718, train loss: 3.0751, avg nll: 0.8626, avg wnll: 6.1006, avg kl: 0.0157, mse: 0.439365, wmse: 5.528683, mae: 0.477875
719,	Iter: 719, train loss: 3.0845, avg nll: 0.8632, avg wnll: 6.0659, avg kl: 0.0156, mse: 0.441159, wmse: 5.567205, mae: 0.479133
720,	Iter: 720, train loss: 3.0603, avg nll: 0.8593, avg wnll: 6.1105, avg kl: 0.0158, mse: 0.437034, wmse: 5.506916, mae: 0.477395
nll: 0.9664, mse: 0.5104, mae: 0.5114, mean_mse: 6.6867, mean_mae: 0.5114
1679368725.6218204
saving.................
done
721,	Iter: 721, train loss: 3.0860, avg nll: 0.8664, avg wnll: 6.0892, avg kl: 0.0156, mse: 0.440795, wmse: 5.553077, mae: 0.479763
722,	Iter: 722, train loss: 3.0757, avg nll: 0.8631, avg wnll: 6.0878, avg kl: 0.0152, mse: 0.439464, wmse: 5.533514, mae: 0.478816
723,	Iter: 723, train loss: 3.0769, avg nll: 0.8635, avg wnll: 6.1282, avg kl: 0.0158, mse: 0.439522, wmse: 5.536576, mae: 0.478788
724,	Iter: 724, train loss: 3.0733, avg nll: 0.8619, avg wnll: 6.0905, avg kl: 0.0162, mse: 0.439034, wmse: 5.536054, mae: 0.478242
725,	Iter: 725, train loss: 3.0766, avg nll: 0.8624, avg wnll: 6.1357, avg kl: 0.0161, mse: 0.439609, wmse: 5.544614, mae: 0.478775
726,	Iter: 726, train loss: 3.0605, avg nll: 0.8602, avg wnll: 6.1446, avg kl: 0.0158, mse: 0.436902, wmse: 5.507863, mae: 0.477256
727,	Iter: 727, train loss: 3.0517, avg nll: 0.8525, avg wnll: 6.0888, avg kl: 0.0161, mse: 0.436626, wmse: 5.492748, mae: 0.477073
728,	Iter: 728, train loss: 3.0645, avg nll: 0.8562, avg wnll: 6.0982, avg kl: 0.0159, mse: 0.438490, wmse: 5.517338, mae: 0.477281
729,	Iter: 729, train loss: 3.0744, avg nll: 0.8569, avg wnll: 6.0647, avg kl: 0.0158, mse: 0.440352, wmse: 5.556839, mae: 0.478623
730,	Iter: 730, train loss: 3.0503, avg nll: 0.8524, avg wnll: 6.1080, avg kl: 0.0160, mse: 0.436379, wmse: 5.498419, mae: 0.476899
nll: 0.9680, mse: 0.5104, mae: 0.5116, mean_mse: 6.6883, mean_mae: 0.5116
1679369694.0283022
731,	Iter: 731, train loss: 3.0755, avg nll: 0.8601, avg wnll: 6.0872, avg kl: 0.0158, mse: 0.439907, wmse: 5.541330, mae: 0.479138
732,	Iter: 732, train loss: 3.0677, avg nll: 0.8583, avg wnll: 6.0916, avg kl: 0.0154, mse: 0.438820, wmse: 5.525913, mae: 0.478369
733,	Iter: 733, train loss: 3.0690, avg nll: 0.8587, avg wnll: 6.1326, avg kl: 0.0160, mse: 0.438856, wmse: 5.527884, mae: 0.478401
734,	Iter: 734, train loss: 3.0654, avg nll: 0.8576, avg wnll: 6.0941, avg kl: 0.0163, mse: 0.438327, wmse: 5.527524, mae: 0.477808
735,	Iter: 735, train loss: 3.0694, avg nll: 0.8586, avg wnll: 6.1429, avg kl: 0.0161, mse: 0.438921, wmse: 5.536008, mae: 0.478406
736,	Iter: 736, train loss: 3.0531, avg nll: 0.8561, avg wnll: 6.1542, avg kl: 0.0160, mse: 0.436222, wmse: 5.499303, mae: 0.476874
737,	Iter: 737, train loss: 3.0449, avg nll: 0.8486, avg wnll: 6.0937, avg kl: 0.0162, mse: 0.436047, wmse: 5.485695, mae: 0.476729
738,	Iter: 738, train loss: 3.0584, avg nll: 0.8525, avg wnll: 6.1072, avg kl: 0.0161, mse: 0.437951, wmse: 5.510211, mae: 0.476984
739,	Iter: 739, train loss: 3.0688, avg nll: 0.8535, avg wnll: 6.0684, avg kl: 0.0159, mse: 0.439883, wmse: 5.551071, mae: 0.478340
740,	Iter: 740, train loss: 3.0441, avg nll: 0.8483, avg wnll: 6.1034, avg kl: 0.0162, mse: 0.435916, wmse: 5.492610, mae: 0.476595
nll: 0.9694, mse: 0.5107, mae: 0.5117, mean_mse: 6.6919, mean_mae: 0.5117
1679370685.1019044
741,	Iter: 741, train loss: 3.0699, avg nll: 0.8576, avg wnll: 6.1071, avg kl: 0.0161, mse: 0.439251, wmse: 5.533199, mae: 0.478789
742,	Iter: 742, train loss: 3.0638, avg nll: 0.8567, avg wnll: 6.0965, avg kl: 0.0155, mse: 0.438315, wmse: 5.520298, mae: 0.478116
743,	Iter: 743, train loss: 3.0646, avg nll: 0.8568, avg wnll: 6.1432, avg kl: 0.0162, mse: 0.438319, wmse: 5.521324, mae: 0.478150
744,	Iter: 744, train loss: 3.0612, avg nll: 0.8559, avg wnll: 6.1058, avg kl: 0.0165, mse: 0.437753, wmse: 5.520371, mae: 0.477499
745,	Iter: 745, train loss: 3.0639, avg nll: 0.8560, avg wnll: 6.1402, avg kl: 0.0163, mse: 0.438314, wmse: 5.528404, mae: 0.478040
746,	Iter: 746, train loss: 3.0500, avg nll: 0.8553, avg wnll: 6.1601, avg kl: 0.0161, mse: 0.435700, wmse: 5.492927, mae: 0.476591
747,	Iter: 747, train loss: 3.0407, avg nll: 0.8465, avg wnll: 6.0870, avg kl: 0.0164, mse: 0.435561, wmse: 5.480165, mae: 0.476457
748,	Iter: 748, train loss: 3.0554, avg nll: 0.8520, avg wnll: 6.1674, avg kl: 0.0162, mse: 0.437436, wmse: 5.504519, mae: 0.476758
749,	Iter: 749, train loss: 3.0688, avg nll: 0.8546, avg wnll: 6.0953, avg kl: 0.0160, mse: 0.439621, wmse: 5.547837, mae: 0.478214
750,	Iter: 750, train loss: 3.0239, avg nll: 0.8469, avg wnll: 6.1035, avg kl: 0.0175, mse: 0.435401, wmse: 5.485856, mae: 0.476319
nll: 0.9697, mse: 0.5110, mae: 0.5120, mean_mse: 6.6949, mean_mae: 0.5120
1679371614.9674392
saving.................
done
751,	Iter: 751, train loss: 3.0557, avg nll: 0.8614, avg wnll: 6.1955, avg kl: 0.0190, mse: 0.438849, wmse: 5.526887, mae: 0.478551
752,	Iter: 752, train loss: 3.0482, avg nll: 0.8585, avg wnll: 6.1149, avg kl: 0.0197, mse: 0.437926, wmse: 5.512537, mae: 0.477916
753,	Iter: 753, train loss: 3.0467, avg nll: 0.8572, avg wnll: 6.1519, avg kl: 0.0222, mse: 0.437875, wmse: 5.512164, mae: 0.477897
754,	Iter: 754, train loss: 3.0382, avg nll: 0.8538, avg wnll: 6.0900, avg kl: 0.0241, mse: 0.436851, wmse: 5.505961, mae: 0.476935
755,	Iter: 755, train loss: 3.0394, avg nll: 0.8532, avg wnll: 6.1442, avg kl: 0.0257, mse: 0.437191, wmse: 5.509463, mae: 0.477226
756,	Iter: 756, train loss: 3.0301, avg nll: 0.8557, avg wnll: 6.1819, avg kl: 0.0261, mse: 0.434824, wmse: 5.477197, mae: 0.475956
757,	Iter: 757, train loss: 3.0178, avg nll: 0.8449, avg wnll: 6.0823, avg kl: 0.0276, mse: 0.434510, wmse: 5.462018, mae: 0.475726
758,	Iter: 758, train loss: 3.0366, avg nll: 0.8527, avg wnll: 6.2327, avg kl: 0.0281, mse: 0.436693, wmse: 5.491298, mae: 0.476189
759,	Iter: 759, train loss: 3.0456, avg nll: 0.8518, avg wnll: 6.0617, avg kl: 0.0283, mse: 0.438674, wmse: 5.531088, mae: 0.477435
760,	Iter: 760, train loss: 3.0161, avg nll: 0.8435, avg wnll: 6.1023, avg kl: 0.0287, mse: 0.434411, wmse: 5.469462, mae: 0.475600
nll: 0.9706, mse: 0.5111, mae: 0.5120, mean_mse: 6.6968, mean_mae: 0.5120
1679372567.0273366
761,	Iter: 761, train loss: 3.0445, avg nll: 0.8553, avg wnll: 6.1279, avg kl: 0.0300, mse: 0.437720, wmse: 5.509683, mae: 0.477774
762,	Iter: 762, train loss: 3.0380, avg nll: 0.8528, avg wnll: 6.0961, avg kl: 0.0304, mse: 0.436929, wmse: 5.497784, mae: 0.477174
763,	Iter: 763, train loss: 3.0405, avg nll: 0.8546, avg wnll: 6.1539, avg kl: 0.0326, mse: 0.437021, wmse: 5.499998, mae: 0.477268
764,	Iter: 764, train loss: 3.0327, avg nll: 0.8514, avg wnll: 6.0901, avg kl: 0.0338, mse: 0.436103, wmse: 5.494413, mae: 0.476366
765,	Iter: 765, train loss: 3.0351, avg nll: 0.8520, avg wnll: 6.1563, avg kl: 0.0350, mse: 0.436440, wmse: 5.498736, mae: 0.476746
766,	Iter: 766, train loss: 3.0266, avg nll: 0.8539, avg wnll: 6.1828, avg kl: 0.0351, mse: 0.434336, wmse: 5.470106, mae: 0.475616
767,	Iter: 767, train loss: 3.0117, avg nll: 0.8416, avg wnll: 6.0700, avg kl: 0.0356, mse: 0.433825, wmse: 5.453380, mae: 0.475241
768,	Iter: 768, train loss: 3.0274, avg nll: 0.8476, avg wnll: 6.1675, avg kl: 0.0357, mse: 0.435745, wmse: 5.478765, mae: 0.475571
769,	Iter: 769, train loss: 3.0411, avg nll: 0.8495, avg wnll: 6.0933, avg kl: 0.0347, mse: 0.438101, wmse: 5.522528, mae: 0.477114
770,	Iter: 770, train loss: 3.0121, avg nll: 0.8417, avg wnll: 6.1011, avg kl: 0.0349, mse: 0.433853, wmse: 5.462612, mae: 0.475239
nll: 0.9716, mse: 0.5118, mae: 0.5125, mean_mse: 6.7087, mean_mae: 0.5125
1679373532.5027158
771,	Iter: 771, train loss: 3.0425, avg nll: 0.8548, avg wnll: 6.1383, avg kl: 0.0365, mse: 0.437267, wmse: 5.501816, mae: 0.477535
772,	Iter: 772, train loss: 3.0364, avg nll: 0.8528, avg wnll: 6.1019, avg kl: 0.0362, mse: 0.436451, wmse: 5.490800, mae: 0.476990
773,	Iter: 773, train loss: 3.0359, avg nll: 0.8522, avg wnll: 6.1366, avg kl: 0.0378, mse: 0.436456, wmse: 5.491351, mae: 0.476946
774,	Iter: 774, train loss: 3.0295, avg nll: 0.8500, avg wnll: 6.1025, avg kl: 0.0392, mse: 0.435585, wmse: 5.486886, mae: 0.476139
775,	Iter: 775, train loss: 3.0357, avg nll: 0.8538, avg wnll: 6.1904, avg kl: 0.0401, mse: 0.436043, wmse: 5.493116, mae: 0.476579
776,	Iter: 776, train loss: 3.0193, avg nll: 0.8501, avg wnll: 6.1557, avg kl: 0.0399, mse: 0.433487, wmse: 5.457689, mae: 0.475140
777,	Iter: 777, train loss: 3.0080, avg nll: 0.8396, avg wnll: 6.0816, avg kl: 0.0401, mse: 0.433319, wmse: 5.446168, mae: 0.474929
778,	Iter: 778, train loss: 3.0228, avg nll: 0.8450, avg wnll: 6.1259, avg kl: 0.0394, mse: 0.435188, wmse: 5.470550, mae: 0.475211
779,	Iter: 779, train loss: 3.0392, avg nll: 0.8492, avg wnll: 6.0972, avg kl: 0.0387, mse: 0.437617, wmse: 5.516789, mae: 0.476858
780,	Iter: 780, train loss: 3.0087, avg nll: 0.8403, avg wnll: 6.1104, avg kl: 0.0384, mse: 0.433296, wmse: 5.454449, mae: 0.474977
nll: 0.9718, mse: 0.5114, mae: 0.5121, mean_mse: 6.7027, mean_mae: 0.5121
1679374522.8093626
saving.................
done
781,	Iter: 781, train loss: 3.0378, avg nll: 0.8520, avg wnll: 6.1160, avg kl: 0.0394, mse: 0.436753, wmse: 5.496219, mae: 0.477248
782,	Iter: 782, train loss: 3.0318, avg nll: 0.8498, avg wnll: 6.1030, avg kl: 0.0396, mse: 0.435976, wmse: 5.485200, mae: 0.476667
783,	Iter: 783, train loss: 3.0326, avg nll: 0.8512, avg wnll: 6.1533, avg kl: 0.0414, mse: 0.435834, wmse: 5.484259, mae: 0.476593
784,	Iter: 784, train loss: 3.0268, avg nll: 0.8488, avg wnll: 6.0991, avg kl: 0.0423, mse: 0.435120, wmse: 5.480474, mae: 0.475840
785,	Iter: 785, train loss: 3.0315, avg nll: 0.8511, avg wnll: 6.1726, avg kl: 0.0430, mse: 0.435582, wmse: 5.488159, mae: 0.476383
786,	Iter: 786, train loss: 3.0177, avg nll: 0.8483, avg wnll: 6.1631, avg kl: 0.0422, mse: 0.433363, wmse: 5.456065, mae: 0.475040
787,	Iter: 787, train loss: 3.0057, avg nll: 0.8386, avg wnll: 6.0911, avg kl: 0.0432, mse: 0.432906, wmse: 5.441185, mae: 0.474729
788,	Iter: 788, train loss: 3.0199, avg nll: 0.8439, avg wnll: 6.1381, avg kl: 0.0421, mse: 0.434656, wmse: 5.464815, mae: 0.474940
789,	Iter: 789, train loss: 3.0359, avg nll: 0.8475, avg wnll: 6.1007, avg kl: 0.0409, mse: 0.437141, wmse: 5.509614, mae: 0.476555
790,	Iter: 790, train loss: 3.0051, avg nll: 0.8382, avg wnll: 6.0882, avg kl: 0.0410, mse: 0.432828, wmse: 5.449001, mae: 0.474676
nll: 0.9720, mse: 0.5118, mae: 0.5125, mean_mse: 6.7077, mean_mae: 0.5125
1679375497.9212863
791,	Iter: 791, train loss: 3.0348, avg nll: 0.8504, avg wnll: 6.1281, avg kl: 0.0421, mse: 0.436311, wmse: 5.489900, mae: 0.477098
792,	Iter: 792, train loss: 3.0289, avg nll: 0.8485, avg wnll: 6.0935, avg kl: 0.0418, mse: 0.435499, wmse: 5.478086, mae: 0.476437
793,	Iter: 793, train loss: 3.0329, avg nll: 0.8518, avg wnll: 6.1507, avg kl: 0.0431, mse: 0.435601, wmse: 5.480998, mae: 0.476518
794,	Iter: 794, train loss: 3.0258, avg nll: 0.8490, avg wnll: 6.1173, avg kl: 0.0441, mse: 0.434718, wmse: 5.475328, mae: 0.475680
795,	Iter: 795, train loss: 3.0316, avg nll: 0.8511, avg wnll: 6.1813, avg kl: 0.0446, mse: 0.435443, wmse: 5.486217, mae: 0.476279
796,	Iter: 796, train loss: 3.0142, avg nll: 0.8468, avg wnll: 6.1485, avg kl: 0.0444, mse: 0.432792, wmse: 5.449227, mae: 0.474799
797,	Iter: 797, train loss: 3.0051, avg nll: 0.8390, avg wnll: 6.0992, avg kl: 0.0446, mse: 0.432522, wmse: 5.435921, mae: 0.474544
798,	Iter: 798, train loss: 3.0174, avg nll: 0.8428, avg wnll: 6.1176, avg kl: 0.0436, mse: 0.434231, wmse: 5.458510, mae: 0.474705
799,	Iter: 799, train loss: 3.0374, avg nll: 0.8485, avg wnll: 6.0819, avg kl: 0.0426, mse: 0.437093, wmse: 5.510610, mae: 0.476646
800,	Iter: 800, train loss: 3.0030, avg nll: 0.8374, avg wnll: 6.1026, avg kl: 0.0426, mse: 0.432415, wmse: 5.443684, mae: 0.474526
nll: 0.9730, mse: 0.5120, mae: 0.5125, mean_mse: 6.7126, mean_mae: 0.5125
1679376462.9225924
801,	Iter: 801, train loss: 3.0321, avg nll: 0.8491, avg wnll: 6.1487, avg kl: 0.0434, mse: 0.435881, wmse: 5.485566, mae: 0.476781
802,	Iter: 802, train loss: 3.0266, avg nll: 0.8476, avg wnll: 6.0958, avg kl: 0.0430, mse: 0.435058, wmse: 5.472601, mae: 0.476202
803,	Iter: 803, train loss: 3.0329, avg nll: 0.8530, avg wnll: 6.1551, avg kl: 0.0442, mse: 0.435203, wmse: 5.475507, mae: 0.476322
804,	Iter: 804, train loss: 3.0243, avg nll: 0.8486, avg wnll: 6.0962, avg kl: 0.0456, mse: 0.434334, wmse: 5.470282, mae: 0.475459
805,	Iter: 805, train loss: 3.0277, avg nll: 0.8488, avg wnll: 6.1508, avg kl: 0.0459, mse: 0.434941, wmse: 5.479435, mae: 0.476014
806,	Iter: 806, train loss: 3.0129, avg nll: 0.8458, avg wnll: 6.1472, avg kl: 0.0451, mse: 0.432575, wmse: 5.445820, mae: 0.474641
807,	Iter: 807, train loss: 3.0033, avg nll: 0.8385, avg wnll: 6.0891, avg kl: 0.0455, mse: 0.432100, wmse: 5.431184, mae: 0.474377
808,	Iter: 808, train loss: 3.0146, avg nll: 0.8417, avg wnll: 6.1356, avg kl: 0.0443, mse: 0.433726, wmse: 5.453287, mae: 0.474434
809,	Iter: 809, train loss: 3.0342, avg nll: 0.8474, avg wnll: 6.0885, avg kl: 0.0433, mse: 0.436507, wmse: 5.501569, mae: 0.476251
810,	Iter: 810, train loss: 3.0019, avg nll: 0.8368, avg wnll: 6.0939, avg kl: 0.0436, mse: 0.432151, wmse: 5.440631, mae: 0.474336
nll: 0.9722, mse: 0.5117, mae: 0.5125, mean_mse: 6.7056, mean_mae: 0.5125
1679377454.899632
saving.................
done
811,	Iter: 811, train loss: 3.0318, avg nll: 0.8499, avg wnll: 6.1802, avg kl: 0.0446, mse: 0.435485, wmse: 5.480277, mae: 0.476579
812,	Iter: 812, train loss: 3.0257, avg nll: 0.8470, avg wnll: 6.0938, avg kl: 0.0440, mse: 0.434836, wmse: 5.469883, mae: 0.476066
813,	Iter: 813, train loss: 3.0278, avg nll: 0.8484, avg wnll: 6.1277, avg kl: 0.0449, mse: 0.434934, wmse: 5.472521, mae: 0.476176
814,	Iter: 814, train loss: 3.0208, avg nll: 0.8458, avg wnll: 6.1060, avg kl: 0.0458, mse: 0.434022, wmse: 5.465991, mae: 0.475277
815,	Iter: 815, train loss: 3.0258, avg nll: 0.8474, avg wnll: 6.1505, avg kl: 0.0462, mse: 0.434673, wmse: 5.476954, mae: 0.475855
816,	Iter: 816, train loss: 3.0091, avg nll: 0.8433, avg wnll: 6.1355, avg kl: 0.0453, mse: 0.432157, wmse: 5.441153, mae: 0.474359
817,	Iter: 817, train loss: 3.0018, avg nll: 0.8377, avg wnll: 6.0966, avg kl: 0.0456, mse: 0.431812, wmse: 5.427416, mae: 0.474166
818,	Iter: 818, train loss: 3.0129, avg nll: 0.8406, avg wnll: 6.1198, avg kl: 0.0447, mse: 0.433446, wmse: 5.448622, mae: 0.474334
819,	Iter: 819, train loss: 3.0315, avg nll: 0.8449, avg wnll: 6.0696, avg kl: 0.0438, mse: 0.436317, wmse: 5.500251, mae: 0.476209
820,	Iter: 820, train loss: 2.9989, avg nll: 0.8354, avg wnll: 6.1040, avg kl: 0.0435, mse: 0.431685, wmse: 5.435429, mae: 0.474113
nll: 0.9732, mse: 0.5122, mae: 0.5127, mean_mse: 6.7157, mean_mae: 0.5127
1679378448.957955
821,	Iter: 821, train loss: 3.0272, avg nll: 0.8468, avg wnll: 6.1534, avg kl: 0.0441, mse: 0.435026, wmse: 5.474891, mae: 0.476261
822,	Iter: 822, train loss: 3.0221, avg nll: 0.8449, avg wnll: 6.0888, avg kl: 0.0439, mse: 0.434384, wmse: 5.464630, mae: 0.475795
823,	Iter: 823, train loss: 3.0258, avg nll: 0.8476, avg wnll: 6.1510, avg kl: 0.0453, mse: 0.434539, wmse: 5.467536, mae: 0.475944
824,	Iter: 824, train loss: 3.0195, avg nll: 0.8451, avg wnll: 6.0972, avg kl: 0.0465, mse: 0.433729, wmse: 5.462503, mae: 0.475178
825,	Iter: 825, train loss: 3.0246, avg nll: 0.8468, avg wnll: 6.1492, avg kl: 0.0465, mse: 0.434392, wmse: 5.472537, mae: 0.475721
826,	Iter: 826, train loss: 3.0121, avg nll: 0.8458, avg wnll: 6.1468, avg kl: 0.0456, mse: 0.432106, wmse: 5.440277, mae: 0.474418
827,	Iter: 827, train loss: 3.0011, avg nll: 0.8371, avg wnll: 6.0811, avg kl: 0.0461, mse: 0.431632, wmse: 5.425464, mae: 0.474147
828,	Iter: 828, train loss: 3.0120, avg nll: 0.8399, avg wnll: 6.1191, avg kl: 0.0452, mse: 0.433255, wmse: 5.447076, mae: 0.474203
829,	Iter: 829, train loss: 3.0287, avg nll: 0.8437, avg wnll: 6.0747, avg kl: 0.0441, mse: 0.435831, wmse: 5.493419, mae: 0.475878
830,	Iter: 830, train loss: 3.0024, avg nll: 0.8380, avg wnll: 6.1309, avg kl: 0.0442, mse: 0.431690, wmse: 5.436033, mae: 0.474187
nll: 0.9724, mse: 0.5118, mae: 0.5124, mean_mse: 6.7088, mean_mae: 0.5124
1679379402.230657
831,	Iter: 831, train loss: 3.0267, avg nll: 0.8461, avg wnll: 6.1168, avg kl: 0.0445, mse: 0.434915, wmse: 5.474407, mae: 0.476193
832,	Iter: 832, train loss: 3.0215, avg nll: 0.8442, avg wnll: 6.0933, avg kl: 0.0443, mse: 0.434237, wmse: 5.462939, mae: 0.475724
833,	Iter: 833, train loss: 3.0253, avg nll: 0.8474, avg wnll: 6.1605, avg kl: 0.0447, mse: 0.434355, wmse: 5.465287, mae: 0.475862
834,	Iter: 834, train loss: 3.0167, avg nll: 0.8434, avg wnll: 6.0896, avg kl: 0.0459, mse: 0.433375, wmse: 5.457016, mae: 0.474968
835,	Iter: 835, train loss: 3.0215, avg nll: 0.8451, avg wnll: 6.1451, avg kl: 0.0463, mse: 0.433967, wmse: 5.468396, mae: 0.475509
836,	Iter: 836, train loss: 3.0127, avg nll: 0.8468, avg wnll: 6.1602, avg kl: 0.0449, mse: 0.431895, wmse: 5.437792, mae: 0.474412
837,	Iter: 837, train loss: 2.9989, avg nll: 0.8354, avg wnll: 6.0844, avg kl: 0.0456, mse: 0.431383, wmse: 5.422550, mae: 0.473945
838,	Iter: 838, train loss: 3.0100, avg nll: 0.8395, avg wnll: 6.1136, avg kl: 0.0445, mse: 0.432812, wmse: 5.440903, mae: 0.473965
839,	Iter: 839, train loss: 3.0285, avg nll: 0.8438, avg wnll: 6.0727, avg kl: 0.0438, mse: 0.435651, wmse: 5.490726, mae: 0.475813
840,	Iter: 840, train loss: 3.0003, avg nll: 0.8378, avg wnll: 6.1286, avg kl: 0.0438, mse: 0.431196, wmse: 5.428721, mae: 0.473969
nll: 0.9728, mse: 0.5122, mae: 0.5128, mean_mse: 6.7143, mean_mae: 0.5128
1679380377.1582494
saving.................
done
841,	Iter: 841, train loss: 3.0228, avg nll: 0.8430, avg wnll: 6.0924, avg kl: 0.0444, mse: 0.434616, wmse: 5.468780, mae: 0.476014
842,	Iter: 842, train loss: 3.0201, avg nll: 0.8440, avg wnll: 6.1062, avg kl: 0.0438, mse: 0.433888, wmse: 5.458595, mae: 0.475548
843,	Iter: 843, train loss: 3.0237, avg nll: 0.8462, avg wnll: 6.1563, avg kl: 0.0452, mse: 0.434106, wmse: 5.461489, mae: 0.475734
844,	Iter: 844, train loss: 3.0173, avg nll: 0.8443, avg wnll: 6.1025, avg kl: 0.0465, mse: 0.433155, wmse: 5.456015, mae: 0.474914
845,	Iter: 845, train loss: 3.0205, avg nll: 0.8447, avg wnll: 6.1548, avg kl: 0.0459, mse: 0.433703, wmse: 5.465043, mae: 0.475320
846,	Iter: 846, train loss: 3.0095, avg nll: 0.8448, avg wnll: 6.1450, avg kl: 0.0447, mse: 0.431502, wmse: 5.433629, mae: 0.474114
847,	Iter: 847, train loss: 2.9971, avg nll: 0.8345, avg wnll: 6.0923, avg kl: 0.0458, mse: 0.431041, wmse: 5.418464, mae: 0.473790
848,	Iter: 848, train loss: 3.0094, avg nll: 0.8388, avg wnll: 6.1223, avg kl: 0.0448, mse: 0.432653, wmse: 5.440444, mae: 0.473912
849,	Iter: 849, train loss: 3.0278, avg nll: 0.8436, avg wnll: 6.0950, avg kl: 0.0436, mse: 0.435405, wmse: 5.489014, mae: 0.475706
850,	Iter: 850, train loss: 3.0005, avg nll: 0.8371, avg wnll: 6.1158, avg kl: 0.0441, mse: 0.431211, wmse: 5.430727, mae: 0.473974
nll: 0.9722, mse: 0.5121, mae: 0.5127, mean_mse: 6.7120, mean_mae: 0.5127
1679381336.6993623
851,	Iter: 851, train loss: 3.0222, avg nll: 0.8429, avg wnll: 6.1034, avg kl: 0.0440, mse: 0.434390, wmse: 5.468027, mae: 0.475914
852,	Iter: 852, train loss: 3.0181, avg nll: 0.8430, avg wnll: 6.1122, avg kl: 0.0437, mse: 0.433529, wmse: 5.454116, mae: 0.475326
853,	Iter: 853, train loss: 3.0220, avg nll: 0.8447, avg wnll: 6.1457, avg kl: 0.0437, mse: 0.433962, wmse: 5.461298, mae: 0.475662
854,	Iter: 854, train loss: 3.0168, avg nll: 0.8441, avg wnll: 6.1177, avg kl: 0.0451, mse: 0.432970, wmse: 5.452516, mae: 0.474768
855,	Iter: 855, train loss: 3.0192, avg nll: 0.8440, avg wnll: 6.1616, avg kl: 0.0456, mse: 0.433447, wmse: 5.462126, mae: 0.475212
856,	Iter: 856, train loss: 3.0078, avg nll: 0.8440, avg wnll: 6.1682, avg kl: 0.0443, mse: 0.431184, wmse: 5.428908, mae: 0.473924
857,	Iter: 857, train loss: 2.9995, avg nll: 0.8358, avg wnll: 6.0981, avg kl: 0.0450, mse: 0.431132, wmse: 5.419515, mae: 0.473901
858,	Iter: 858, train loss: 3.0072, avg nll: 0.8379, avg wnll: 6.1090, avg kl: 0.0440, mse: 0.432269, wmse: 5.433585, mae: 0.473707
859,	Iter: 859, train loss: 3.0269, avg nll: 0.8430, avg wnll: 6.0794, avg kl: 0.0432, mse: 0.435203, wmse: 5.485834, mae: 0.475650
860,	Iter: 860, train loss: 2.9952, avg nll: 0.8336, avg wnll: 6.1088, avg kl: 0.0433, mse: 0.430724, wmse: 5.423290, mae: 0.473699
nll: 0.9742, mse: 0.5123, mae: 0.5128, mean_mse: 6.7171, mean_mae: 0.5128
1679382295.3245246
861,	Iter: 861, train loss: 3.0237, avg nll: 0.8439, avg wnll: 6.1257, avg kl: 0.0438, mse: 0.434329, wmse: 5.465958, mae: 0.475871
862,	Iter: 862, train loss: 3.0163, avg nll: 0.8420, avg wnll: 6.0989, avg kl: 0.0432, mse: 0.433244, wmse: 5.450414, mae: 0.475165
863,	Iter: 863, train loss: 3.0201, avg nll: 0.8443, avg wnll: 6.1563, avg kl: 0.0444, mse: 0.433492, wmse: 5.454094, mae: 0.475455
864,	Iter: 864, train loss: 3.0169, avg nll: 0.8448, avg wnll: 6.1179, avg kl: 0.0453, mse: 0.432708, wmse: 5.450610, mae: 0.474650
865,	Iter: 865, train loss: 3.0167, avg nll: 0.8426, avg wnll: 6.1364, avg kl: 0.0450, mse: 0.433085, wmse: 5.456483, mae: 0.475010
866,	Iter: 866, train loss: 3.0069, avg nll: 0.8430, avg wnll: 6.1584, avg kl: 0.0438, mse: 0.431092, wmse: 5.427752, mae: 0.473853
867,	Iter: 867, train loss: 2.9971, avg nll: 0.8348, avg wnll: 6.0926, avg kl: 0.0446, mse: 0.430723, wmse: 5.415589, mae: 0.473653
868,	Iter: 868, train loss: 3.0071, avg nll: 0.8371, avg wnll: 6.1179, avg kl: 0.0438, mse: 0.432279, wmse: 5.435671, mae: 0.473772
869,	Iter: 869, train loss: 3.0243, avg nll: 0.8415, avg wnll: 6.0785, avg kl: 0.0431, mse: 0.434861, wmse: 5.481973, mae: 0.475438
870,	Iter: 870, train loss: 2.9956, avg nll: 0.8338, avg wnll: 6.1257, avg kl: 0.0432, mse: 0.430639, wmse: 5.423191, mae: 0.473684
nll: 0.9738, mse: 0.5122, mae: 0.5127, mean_mse: 6.7155, mean_mae: 0.5127
1679383245.6196766
saving.................
done
871,	Iter: 871, train loss: 3.0223, avg nll: 0.8437, avg wnll: 6.1359, avg kl: 0.0433, mse: 0.433981, wmse: 5.463655, mae: 0.475648
872,	Iter: 872, train loss: 3.0154, avg nll: 0.8413, avg wnll: 6.0989, avg kl: 0.0427, mse: 0.433094, wmse: 5.448514, mae: 0.475141
873,	Iter: 873, train loss: 3.0202, avg nll: 0.8442, avg wnll: 6.1657, avg kl: 0.0432, mse: 0.433422, wmse: 5.454248, mae: 0.475442
874,	Iter: 874, train loss: 3.0172, avg nll: 0.8445, avg wnll: 6.1110, avg kl: 0.0446, mse: 0.432688, wmse: 5.450111, mae: 0.474765
875,	Iter: 875, train loss: 3.0163, avg nll: 0.8422, avg wnll: 6.1168, avg kl: 0.0448, mse: 0.432955, wmse: 5.456066, mae: 0.474966
876,	Iter: 876, train loss: 3.0034, avg nll: 0.8410, avg wnll: 6.1445, avg kl: 0.0435, mse: 0.430658, wmse: 5.423635, mae: 0.473721
877,	Iter: 877, train loss: 2.9951, avg nll: 0.8329, avg wnll: 6.0754, avg kl: 0.0442, mse: 0.430584, wmse: 5.412545, mae: 0.473593
878,	Iter: 878, train loss: 3.0041, avg nll: 0.8358, avg wnll: 6.1243, avg kl: 0.0433, mse: 0.431800, wmse: 5.428975, mae: 0.473483
879,	Iter: 879, train loss: 3.0233, avg nll: 0.8406, avg wnll: 6.0878, avg kl: 0.0426, mse: 0.434720, wmse: 5.480402, mae: 0.475392
880,	Iter: 880, train loss: 2.9970, avg nll: 0.8352, avg wnll: 6.1352, avg kl: 0.0427, mse: 0.430506, wmse: 5.421786, mae: 0.473680
nll: 0.9741, mse: 0.5124, mae: 0.5128, mean_mse: 6.7154, mean_mae: 0.5128
1679384199.5750594
881,	Iter: 881, train loss: 3.0205, avg nll: 0.8423, avg wnll: 6.1250, avg kl: 0.0432, mse: 0.433757, wmse: 5.459229, mae: 0.475576
882,	Iter: 882, train loss: 3.0113, avg nll: 0.8392, avg wnll: 6.0920, avg kl: 0.0423, mse: 0.432554, wmse: 5.441891, mae: 0.474754
883,	Iter: 883, train loss: 3.0170, avg nll: 0.8422, avg wnll: 6.1525, avg kl: 0.0436, mse: 0.433020, wmse: 5.448409, mae: 0.475185
884,	Iter: 884, train loss: 3.0171, avg nll: 0.8453, avg wnll: 6.1111, avg kl: 0.0439, mse: 0.432391, wmse: 5.445877, mae: 0.474548
885,	Iter: 885, train loss: 3.0155, avg nll: 0.8419, avg wnll: 6.1211, avg kl: 0.0440, mse: 0.432747, wmse: 5.452575, mae: 0.474915
886,	Iter: 886, train loss: 3.0045, avg nll: 0.8415, avg wnll: 6.1394, avg kl: 0.0429, mse: 0.430652, wmse: 5.421875, mae: 0.473696
887,	Iter: 887, train loss: 2.9933, avg nll: 0.8322, avg wnll: 6.0934, avg kl: 0.0437, mse: 0.430223, wmse: 5.409311, mae: 0.473428
888,	Iter: 888, train loss: 3.0056, avg nll: 0.8366, avg wnll: 6.1230, avg kl: 0.0429, mse: 0.431820, wmse: 5.429758, mae: 0.473603
889,	Iter: 889, train loss: 3.0214, avg nll: 0.8395, avg wnll: 6.0827, avg kl: 0.0424, mse: 0.434423, wmse: 5.476144, mae: 0.475210
890,	Iter: 890, train loss: 2.9956, avg nll: 0.8344, avg wnll: 6.1203, avg kl: 0.0424, mse: 0.430275, wmse: 5.419425, mae: 0.473507
nll: 0.9732, mse: 0.5121, mae: 0.5127, mean_mse: 6.7127, mean_mae: 0.5127
1679385166.720212
891,	Iter: 891, train loss: 3.0184, avg nll: 0.8410, avg wnll: 6.0969, avg kl: 0.0425, mse: 0.433480, wmse: 5.456099, mae: 0.475405
892,	Iter: 892, train loss: 3.0144, avg nll: 0.8407, avg wnll: 6.0998, avg kl: 0.0419, mse: 0.432753, wmse: 5.445223, mae: 0.474967
893,	Iter: 893, train loss: 3.0138, avg nll: 0.8408, avg wnll: 6.1515, avg kl: 0.0423, mse: 0.432566, wmse: 5.443079, mae: 0.474936
894,	Iter: 894, train loss: 3.0131, avg nll: 0.8418, avg wnll: 6.1127, avg kl: 0.0438, mse: 0.432157, wmse: 5.444285, mae: 0.474401
895,	Iter: 895, train loss: 3.0175, avg nll: 0.8431, avg wnll: 6.1400, avg kl: 0.0436, mse: 0.432769, wmse: 5.453643, mae: 0.474910
896,	Iter: 896, train loss: 3.0027, avg nll: 0.8405, avg wnll: 6.1482, avg kl: 0.0422, mse: 0.430383, wmse: 5.420400, mae: 0.473551
897,	Iter: 897, train loss: 2.9928, avg nll: 0.8321, avg wnll: 6.0877, avg kl: 0.0432, mse: 0.430014, wmse: 5.406033, mae: 0.473312
898,	Iter: 898, train loss: 3.0026, avg nll: 0.8350, avg wnll: 6.1140, avg kl: 0.0422, mse: 0.431439, wmse: 5.424738, mae: 0.473258
899,	Iter: 899, train loss: 3.0203, avg nll: 0.8385, avg wnll: 6.0777, avg kl: 0.0416, mse: 0.434294, wmse: 5.474885, mae: 0.475166
900,	Iter: 900, train loss: 2.9942, avg nll: 0.8332, avg wnll: 6.0940, avg kl: 0.0421, mse: 0.430083, wmse: 5.416087, mae: 0.473447
nll: 0.9741, mse: 0.5126, mae: 0.5131, mean_mse: 6.7182, mean_mae: 0.5131
1679386171.7886956
saving.................
done
901,	Iter: 901, train loss: 3.0188, avg nll: 0.8417, avg wnll: 6.0997, avg kl: 0.0422, mse: 0.433294, wmse: 5.454166, mae: 0.475364
902,	Iter: 902, train loss: 3.0150, avg nll: 0.8427, avg wnll: 6.1055, avg kl: 0.0411, mse: 0.432383, wmse: 5.440029, mae: 0.474777
903,	Iter: 903, train loss: 3.0154, avg nll: 0.8414, avg wnll: 6.1241, avg kl: 0.0424, mse: 0.432644, wmse: 5.444410, mae: 0.475032
904,	Iter: 904, train loss: 3.0101, avg nll: 0.8398, avg wnll: 6.1033, avg kl: 0.0432, mse: 0.431854, wmse: 5.438678, mae: 0.474175
905,	Iter: 905, train loss: 3.0189, avg nll: 0.8447, avg wnll: 6.1804, avg kl: 0.0431, mse: 0.432619, wmse: 5.452372, mae: 0.474962
906,	Iter: 906, train loss: 3.0012, avg nll: 0.8396, avg wnll: 6.1334, avg kl: 0.0421, mse: 0.430122, wmse: 5.415950, mae: 0.473400
907,	Iter: 907, train loss: 2.9953, avg nll: 0.8342, avg wnll: 6.1136, avg kl: 0.0425, mse: 0.429982, wmse: 5.407388, mae: 0.473297
908,	Iter: 908, train loss: 3.0016, avg nll: 0.8337, avg wnll: 6.0992, avg kl: 0.0419, mse: 0.431365, wmse: 5.423600, mae: 0.473323
909,	Iter: 909, train loss: 3.0199, avg nll: 0.8393, avg wnll: 6.0867, avg kl: 0.0412, mse: 0.433926, wmse: 5.469495, mae: 0.474953
910,	Iter: 910, train loss: 2.9902, avg nll: 0.8310, avg wnll: 6.0901, avg kl: 0.0416, mse: 0.429631, wmse: 5.410022, mae: 0.473153
nll: 0.9742, mse: 0.5124, mae: 0.5128, mean_mse: 6.7190, mean_mae: 0.5128
1679387148.806506
911,	Iter: 911, train loss: 3.0161, avg nll: 0.8398, avg wnll: 6.0800, avg kl: 0.0413, mse: 0.433049, wmse: 5.450767, mae: 0.475224
912,	Iter: 912, train loss: 3.0116, avg nll: 0.8386, avg wnll: 6.0830, avg kl: 0.0410, mse: 0.432388, wmse: 5.440235, mae: 0.474746
913,	Iter: 913, train loss: 3.0102, avg nll: 0.8387, avg wnll: 6.1301, avg kl: 0.0416, mse: 0.432040, wmse: 5.435934, mae: 0.474622
914,	Iter: 914, train loss: 3.0116, avg nll: 0.8410, avg wnll: 6.1163, avg kl: 0.0426, mse: 0.431799, wmse: 5.439088, mae: 0.474253
915,	Iter: 915, train loss: 3.0202, avg nll: 0.8453, avg wnll: 6.2041, avg kl: 0.0424, mse: 0.432653, wmse: 5.451841, mae: 0.474873
916,	Iter: 916, train loss: 3.0020, avg nll: 0.8398, avg wnll: 6.1406, avg kl: 0.0409, mse: 0.430187, wmse: 5.417687, mae: 0.473468
917,	Iter: 917, train loss: 2.9947, avg nll: 0.8330, avg wnll: 6.0876, avg kl: 0.0422, mse: 0.429999, wmse: 5.405932, mae: 0.473397
918,	Iter: 918, train loss: 2.9995, avg nll: 0.8327, avg wnll: 6.0982, avg kl: 0.0414, mse: 0.431032, wmse: 5.419032, mae: 0.473055
919,	Iter: 919, train loss: 3.0203, avg nll: 0.8389, avg wnll: 6.0733, avg kl: 0.0407, mse: 0.433977, wmse: 5.471551, mae: 0.474976
920,	Iter: 920, train loss: 2.9949, avg nll: 0.8338, avg wnll: 6.0863, avg kl: 0.0412, mse: 0.429887, wmse: 5.415874, mae: 0.473361
nll: 0.9751, mse: 0.5129, mae: 0.5133, mean_mse: 6.7242, mean_mae: 0.5133
1679388099.2060626
921,	Iter: 921, train loss: 3.0134, avg nll: 0.8378, avg wnll: 6.0775, avg kl: 0.0413, mse: 0.432770, wmse: 5.447312, mae: 0.475012
922,	Iter: 922, train loss: 3.0101, avg nll: 0.8393, avg wnll: 6.0981, avg kl: 0.0399, mse: 0.431880, wmse: 5.433631, mae: 0.474532
923,	Iter: 923, train loss: 3.0142, avg nll: 0.8410, avg wnll: 6.1508, avg kl: 0.0409, mse: 0.432275, wmse: 5.441202, mae: 0.474791
924,	Iter: 924, train loss: 3.0105, avg nll: 0.8412, avg wnll: 6.1351, avg kl: 0.0419, mse: 0.431422, wmse: 5.434490, mae: 0.474006
925,	Iter: 925, train loss: 3.0182, avg nll: 0.8438, avg wnll: 6.1815, avg kl: 0.0419, mse: 0.432433, wmse: 5.450588, mae: 0.474869
926,	Iter: 926, train loss: 3.0006, avg nll: 0.8393, avg wnll: 6.1283, avg kl: 0.0409, mse: 0.429869, wmse: 5.413022, mae: 0.473278
927,	Iter: 927, train loss: 2.9917, avg nll: 0.8313, avg wnll: 6.0867, avg kl: 0.0414, mse: 0.429640, wmse: 5.403217, mae: 0.473186
928,	Iter: 928, train loss: 3.0027, avg nll: 0.8353, avg wnll: 6.1348, avg kl: 0.0405, mse: 0.431061, wmse: 5.420361, mae: 0.473132
929,	Iter: 929, train loss: 3.0174, avg nll: 0.8379, avg wnll: 6.0597, avg kl: 0.0404, mse: 0.433476, wmse: 5.464396, mae: 0.474724
930,	Iter: 930, train loss: 2.9914, avg nll: 0.8322, avg wnll: 6.0980, avg kl: 0.0403, mse: 0.429425, wmse: 5.407660, mae: 0.473093
nll: 0.9750, mse: 0.5125, mae: 0.5128, mean_mse: 6.7197, mean_mae: 0.5128
1679389061.78981
saving.................
done
931,	Iter: 931, train loss: 3.0114, avg nll: 0.8363, avg wnll: 6.0946, avg kl: 0.0403, mse: 0.432579, wmse: 5.444919, mae: 0.474919
932,	Iter: 932, train loss: 3.0112, avg nll: 0.8395, avg wnll: 6.1158, avg kl: 0.0398, mse: 0.431920, wmse: 5.434339, mae: 0.474558
933,	Iter: 933, train loss: 3.0099, avg nll: 0.8391, avg wnll: 6.1542, avg kl: 0.0404, mse: 0.431693, wmse: 5.432371, mae: 0.474455
934,	Iter: 934, train loss: 3.0074, avg nll: 0.8381, avg wnll: 6.1045, avg kl: 0.0414, mse: 0.431303, wmse: 5.431856, mae: 0.473853
935,	Iter: 935, train loss: 3.0151, avg nll: 0.8417, avg wnll: 6.1734, avg kl: 0.0415, mse: 0.432111, wmse: 5.446049, mae: 0.474619
936,	Iter: 936, train loss: 2.9992, avg nll: 0.8382, avg wnll: 6.1476, avg kl: 0.0400, mse: 0.429716, wmse: 5.411538, mae: 0.473218
937,	Iter: 937, train loss: 2.9899, avg nll: 0.8295, avg wnll: 6.0894, avg kl: 0.0409, mse: 0.429519, wmse: 5.400694, mae: 0.473053
938,	Iter: 938, train loss: 3.0050, avg nll: 0.8369, avg wnll: 6.1670, avg kl: 0.0403, mse: 0.431103, wmse: 5.420079, mae: 0.473178
939,	Iter: 939, train loss: 3.0183, avg nll: 0.8375, avg wnll: 6.0364, avg kl: 0.0395, mse: 0.433679, wmse: 5.466844, mae: 0.474779
940,	Iter: 940, train loss: 2.9879, avg nll: 0.8289, avg wnll: 6.0827, avg kl: 0.0402, mse: 0.429262, wmse: 5.406789, mae: 0.472959
nll: 0.9756, mse: 0.5132, mae: 0.5134, mean_mse: 6.7283, mean_mae: 0.5134
1679390018.172673
941,	Iter: 941, train loss: 3.0102, avg nll: 0.8357, avg wnll: 6.1071, avg kl: 0.0401, mse: 0.432343, wmse: 5.442533, mae: 0.474737
942,	Iter: 942, train loss: 3.0059, avg nll: 0.8366, avg wnll: 6.1191, avg kl: 0.0393, mse: 0.431361, wmse: 5.427750, mae: 0.474258
943,	Iter: 943, train loss: 3.0117, avg nll: 0.8397, avg wnll: 6.1726, avg kl: 0.0398, mse: 0.431839, wmse: 5.435606, mae: 0.474567
944,	Iter: 944, train loss: 3.0078, avg nll: 0.8390, avg wnll: 6.1263, avg kl: 0.0410, mse: 0.431122, wmse: 5.431450, mae: 0.473837
945,	Iter: 945, train loss: 3.0142, avg nll: 0.8411, avg wnll: 6.1723, avg kl: 0.0408, mse: 0.431965, wmse: 5.444109, mae: 0.474581
946,	Iter: 946, train loss: 2.9975, avg nll: 0.8372, avg wnll: 6.1398, avg kl: 0.0397, mse: 0.429480, wmse: 5.408514, mae: 0.473078
947,	Iter: 947, train loss: 2.9864, avg nll: 0.8273, avg wnll: 6.0954, avg kl: 0.0406, mse: 0.429159, wmse: 5.396649, mae: 0.472904
948,	Iter: 948, train loss: 2.9996, avg nll: 0.8339, avg wnll: 6.1347, avg kl: 0.0397, mse: 0.430531, wmse: 5.414274, mae: 0.472903
949,	Iter: 949, train loss: 3.0176, avg nll: 0.8373, avg wnll: 6.0608, avg kl: 0.0393, mse: 0.433458, wmse: 5.464665, mae: 0.474738
950,	Iter: 950, train loss: 2.9848, avg nll: 0.8268, avg wnll: 6.0817, avg kl: 0.0397, mse: 0.428951, wmse: 5.402562, mae: 0.472757
nll: 0.9760, mse: 0.5127, mae: 0.5130, mean_mse: 6.7226, mean_mae: 0.5130
1679391004.0670185
951,	Iter: 951, train loss: 3.0116, avg nll: 0.8368, avg wnll: 6.1106, avg kl: 0.0396, mse: 0.432292, wmse: 5.442364, mae: 0.474815
952,	Iter: 952, train loss: 3.0078, avg nll: 0.8371, avg wnll: 6.1360, avg kl: 0.0389, mse: 0.431507, wmse: 5.430116, mae: 0.474355
953,	Iter: 953, train loss: 3.0127, avg nll: 0.8403, avg wnll: 6.1772, avg kl: 0.0398, mse: 0.431782, wmse: 5.433076, mae: 0.474509
954,	Iter: 954, train loss: 3.0105, avg nll: 0.8404, avg wnll: 6.1236, avg kl: 0.0408, mse: 0.431247, wmse: 5.433028, mae: 0.473980
955,	Iter: 955, train loss: 3.0126, avg nll: 0.8400, avg wnll: 6.1439, avg kl: 0.0404, mse: 0.431756, wmse: 5.440993, mae: 0.474434
956,	Iter: 956, train loss: 2.9978, avg nll: 0.8368, avg wnll: 6.1412, avg kl: 0.0392, mse: 0.429520, wmse: 5.409514, mae: 0.473094
957,	Iter: 957, train loss: 2.9864, avg nll: 0.8277, avg wnll: 6.0954, avg kl: 0.0398, mse: 0.428983, wmse: 5.395049, mae: 0.472778
958,	Iter: 958, train loss: 2.9991, avg nll: 0.8324, avg wnll: 6.1246, avg kl: 0.0394, mse: 0.430606, wmse: 5.413567, mae: 0.472905
959,	Iter: 959, train loss: 3.0212, avg nll: 0.8404, avg wnll: 6.1137, avg kl: 0.0388, mse: 0.433440, wmse: 5.464721, mae: 0.474727
960,	Iter: 960, train loss: 2.9881, avg nll: 0.8291, avg wnll: 6.0845, avg kl: 0.0394, mse: 0.429030, wmse: 5.403051, mae: 0.472852
nll: 0.9748, mse: 0.5127, mae: 0.5131, mean_mse: 6.7197, mean_mae: 0.5131
1679391937.913065
saving.................
done
961,	Iter: 961, train loss: 3.0101, avg nll: 0.8363, avg wnll: 6.0717, avg kl: 0.0389, mse: 0.432026, wmse: 5.438329, mae: 0.474530
962,	Iter: 962, train loss: 3.0048, avg nll: 0.8358, avg wnll: 6.1231, avg kl: 0.0383, mse: 0.431098, wmse: 5.425840, mae: 0.474089
963,	Iter: 963, train loss: 3.0109, avg nll: 0.8391, avg wnll: 6.1749, avg kl: 0.0387, mse: 0.431613, wmse: 5.433035, mae: 0.474479
964,	Iter: 964, train loss: 3.0104, avg nll: 0.8408, avg wnll: 6.1050, avg kl: 0.0398, mse: 0.431081, wmse: 5.430381, mae: 0.473857
965,	Iter: 965, train loss: 3.0145, avg nll: 0.8415, avg wnll: 6.1937, avg kl: 0.0395, mse: 0.431767, wmse: 5.441947, mae: 0.474492
966,	Iter: 966, train loss: 2.9956, avg nll: 0.8360, avg wnll: 6.1476, avg kl: 0.0386, mse: 0.429127, wmse: 5.404728, mae: 0.472858
967,	Iter: 967, train loss: 2.9875, avg nll: 0.8285, avg wnll: 6.0806, avg kl: 0.0395, mse: 0.428948, wmse: 5.393743, mae: 0.472743
968,	Iter: 968, train loss: 2.9964, avg nll: 0.8314, avg wnll: 6.1324, avg kl: 0.0390, mse: 0.430169, wmse: 5.409133, mae: 0.472610
969,	Iter: 969, train loss: 3.0188, avg nll: 0.8385, avg wnll: 6.1062, avg kl: 0.0383, mse: 0.433266, wmse: 5.463206, mae: 0.474692
970,	Iter: 970, train loss: 2.9868, avg nll: 0.8285, avg wnll: 6.0712, avg kl: 0.0385, mse: 0.428831, wmse: 5.402152, mae: 0.472718
nll: 0.9756, mse: 0.5128, mae: 0.5132, mean_mse: 6.7244, mean_mae: 0.5132
1679392898.136871
971,	Iter: 971, train loss: 3.0107, avg nll: 0.8368, avg wnll: 6.1106, avg kl: 0.0388, mse: 0.431909, wmse: 5.437489, mae: 0.474657
972,	Iter: 972, train loss: 3.0056, avg nll: 0.8366, avg wnll: 6.1029, avg kl: 0.0377, mse: 0.431009, wmse: 5.423229, mae: 0.474036
973,	Iter: 973, train loss: 3.0080, avg nll: 0.8374, avg wnll: 6.1524, avg kl: 0.0388, mse: 0.431232, wmse: 5.428042, mae: 0.474163
974,	Iter: 974, train loss: 3.0073, avg nll: 0.8381, avg wnll: 6.1025, avg kl: 0.0395, mse: 0.430881, wmse: 5.428398, mae: 0.473813
975,	Iter: 975, train loss: 3.0144, avg nll: 0.8416, avg wnll: 6.1949, avg kl: 0.0395, mse: 0.431603, wmse: 5.439656, mae: 0.474409
976,	Iter: 976, train loss: 2.9959, avg nll: 0.8358, avg wnll: 6.1373, avg kl: 0.0384, mse: 0.429121, wmse: 5.404125, mae: 0.472874
977,	Iter: 977, train loss: 2.9863, avg nll: 0.8282, avg wnll: 6.0830, avg kl: 0.0389, mse: 0.428666, wmse: 5.391555, mae: 0.472661
978,	Iter: 978, train loss: 2.9944, avg nll: 0.8300, avg wnll: 6.1004, avg kl: 0.0383, mse: 0.429961, wmse: 5.406440, mae: 0.472533
979,	Iter: 979, train loss: 3.0167, avg nll: 0.8374, avg wnll: 6.1203, avg kl: 0.0383, mse: 0.432919, wmse: 5.457827, mae: 0.474460
980,	Iter: 980, train loss: 2.9890, avg nll: 0.8303, avg wnll: 6.0859, avg kl: 0.0385, mse: 0.428792, wmse: 5.400954, mae: 0.472769
nll: 0.9751, mse: 0.5127, mae: 0.5131, mean_mse: 6.7206, mean_mae: 0.5131
1679393869.6931438
981,	Iter: 981, train loss: 3.0132, avg nll: 0.8383, avg wnll: 6.1278, avg kl: 0.0380, mse: 0.432042, wmse: 5.439926, mae: 0.474676
982,	Iter: 982, train loss: 3.0061, avg nll: 0.8365, avg wnll: 6.0885, avg kl: 0.0376, mse: 0.431020, wmse: 5.424751, mae: 0.474089
983,	Iter: 983, train loss: 3.0058, avg nll: 0.8359, avg wnll: 6.1259, avg kl: 0.0381, mse: 0.431023, wmse: 5.424199, mae: 0.474123
984,	Iter: 984, train loss: 3.0061, avg nll: 0.8373, avg wnll: 6.1040, avg kl: 0.0390, mse: 0.430731, wmse: 5.426059, mae: 0.473739
985,	Iter: 985, train loss: 3.0146, avg nll: 0.8417, avg wnll: 6.1927, avg kl: 0.0388, mse: 0.431533, wmse: 5.439258, mae: 0.474424
986,	Iter: 986, train loss: 2.9941, avg nll: 0.8350, avg wnll: 6.1275, avg kl: 0.0375, mse: 0.428876, wmse: 5.401976, mae: 0.472762
987,	Iter: 987, train loss: 2.9868, avg nll: 0.8278, avg wnll: 6.0892, avg kl: 0.0385, mse: 0.428773, wmse: 5.392747, mae: 0.472787
988,	Iter: 988, train loss: 2.9935, avg nll: 0.8292, avg wnll: 6.1035, avg kl: 0.0381, mse: 0.429823, wmse: 5.404433, mae: 0.472498
989,	Iter: 989, train loss: 3.0154, avg nll: 0.8367, avg wnll: 6.1182, avg kl: 0.0372, mse: 0.432780, wmse: 5.456085, mae: 0.474453
990,	Iter: 990, train loss: 2.9854, avg nll: 0.8279, avg wnll: 6.0735, avg kl: 0.0377, mse: 0.428491, wmse: 5.397957, mae: 0.472656
nll: 0.9764, mse: 0.5129, mae: 0.5133, mean_mse: 6.7252, mean_mae: 0.5133
1679394837.2430682
saving.................
done
991,	Iter: 991, train loss: 3.0104, avg nll: 0.8362, avg wnll: 6.1232, avg kl: 0.0378, mse: 0.431786, wmse: 5.436282, mae: 0.474605
992,	Iter: 992, train loss: 3.0034, avg nll: 0.8352, avg wnll: 6.0830, avg kl: 0.0368, mse: 0.430675, wmse: 5.417515, mae: 0.473829
993,	Iter: 993, train loss: 3.0067, avg nll: 0.8363, avg wnll: 6.1541, avg kl: 0.0379, mse: 0.431002, wmse: 5.425493, mae: 0.474095
994,	Iter: 994, train loss: 3.0035, avg nll: 0.8352, avg wnll: 6.1134, avg kl: 0.0391, mse: 0.430473, wmse: 5.423226, mae: 0.473621
995,	Iter: 995, train loss: 3.0117, avg nll: 0.8395, avg wnll: 6.1684, avg kl: 0.0385, mse: 0.431279, wmse: 5.436474, mae: 0.474240
996,	Iter: 996, train loss: 2.9938, avg nll: 0.8346, avg wnll: 6.1310, avg kl: 0.0373, mse: 0.428784, wmse: 5.400279, mae: 0.472714
997,	Iter: 997, train loss: 2.9850, avg nll: 0.8274, avg wnll: 6.0867, avg kl: 0.0378, mse: 0.428423, wmse: 5.388583, mae: 0.472523
998,	Iter: 998, train loss: 2.9913, avg nll: 0.8282, avg wnll: 6.1002, avg kl: 0.0376, mse: 0.429512, wmse: 5.400376, mae: 0.472329
999,	Iter: 999, train loss: 3.0145, avg nll: 0.8355, avg wnll: 6.0945, avg kl: 0.0372, mse: 0.432700, wmse: 5.455962, mae: 0.474407
1000,	Iter: 1000, train loss: 2.9883, avg nll: 0.8292, avg wnll: 6.0931, avg kl: 0.0375, mse: 0.428695, wmse: 5.399886, mae: 0.472722
nll: 0.9755, mse: 0.5128, mae: 0.5131, mean_mse: 6.7212, mean_mae: 0.5131
1679395829.214949
1001,	Iter: 1001, train loss: 3.0091, avg nll: 0.8355, avg wnll: 6.1103, avg kl: 0.0373, mse: 0.431606, wmse: 5.434508, mae: 0.474423
1002,	Iter: 1002, train loss: 3.0069, avg nll: 0.8374, avg wnll: 6.1157, avg kl: 0.0369, mse: 0.430783, wmse: 5.421555, mae: 0.473981
1003,	Iter: 1003, train loss: 3.0054, avg nll: 0.8359, avg wnll: 6.1328, avg kl: 0.0372, mse: 0.430765, wmse: 5.421662, mae: 0.474026
1004,	Iter: 1004, train loss: 3.0020, avg nll: 0.8345, avg wnll: 6.1160, avg kl: 0.0381, mse: 0.430287, wmse: 5.421492, mae: 0.473478
1005,	Iter: 1005, train loss: 3.0116, avg nll: 0.8392, avg wnll: 6.1737, avg kl: 0.0379, mse: 0.431248, wmse: 5.436594, mae: 0.474250
1006,	Iter: 1006, train loss: 2.9987, avg nll: 0.8390, avg wnll: 6.1679, avg kl: 0.0367, mse: 0.428826, wmse: 5.402290, mae: 0.472835
1007,	Iter: 1007, train loss: 2.9846, avg nll: 0.8260, avg wnll: 6.0686, avg kl: 0.0377, mse: 0.428479, wmse: 5.389206, mae: 0.472649
1008,	Iter: 1008, train loss: 2.9895, avg nll: 0.8271, avg wnll: 6.0943, avg kl: 0.0372, mse: 0.429282, wmse: 5.398120, mae: 0.472113
1009,	Iter: 1009, train loss: 3.0137, avg nll: 0.8364, avg wnll: 6.1024, avg kl: 0.0365, mse: 0.432318, wmse: 5.450806, mae: 0.474247
1010,	Iter: 1010, train loss: 2.9870, avg nll: 0.8289, avg wnll: 6.0928, avg kl: 0.0369, mse: 0.428408, wmse: 5.395987, mae: 0.472638
nll: 0.9767, mse: 0.5133, mae: 0.5134, mean_mse: 6.7298, mean_mae: 0.5134
1679396817.2498074
1011,	Iter: 1011, train loss: 3.0081, avg nll: 0.8347, avg wnll: 6.1170, avg kl: 0.0370, mse: 0.431460, wmse: 5.432273, mae: 0.474310
1012,	Iter: 1012, train loss: 3.0030, avg nll: 0.8352, avg wnll: 6.0940, avg kl: 0.0359, mse: 0.430424, wmse: 5.416059, mae: 0.473712
1013,	Iter: 1013, train loss: 3.0032, avg nll: 0.8341, avg wnll: 6.1359, avg kl: 0.0370, mse: 0.430570, wmse: 5.419740, mae: 0.473921
1014,	Iter: 1014, train loss: 3.0046, avg nll: 0.8366, avg wnll: 6.1239, avg kl: 0.0379, mse: 0.430261, wmse: 5.420118, mae: 0.473431
1015,	Iter: 1015, train loss: 3.0123, avg nll: 0.8400, avg wnll: 6.1909, avg kl: 0.0375, mse: 0.431142, wmse: 5.435307, mae: 0.474213
1016,	Iter: 1016, train loss: 2.9983, avg nll: 0.8385, avg wnll: 6.1521, avg kl: 0.0362, mse: 0.428760, wmse: 5.399974, mae: 0.472731
1017,	Iter: 1017, train loss: 2.9809, avg nll: 0.8241, avg wnll: 6.0691, avg kl: 0.0371, mse: 0.428055, wmse: 5.383917, mae: 0.472303
1018,	Iter: 1018, train loss: 2.9917, avg nll: 0.8286, avg wnll: 6.1103, avg kl: 0.0369, mse: 0.429327, wmse: 5.397689, mae: 0.472336
1019,	Iter: 1019, train loss: 3.0116, avg nll: 0.8336, avg wnll: 6.0807, avg kl: 0.0363, mse: 0.432343, wmse: 5.450270, mae: 0.474154
1020,	Iter: 1020, train loss: 2.9846, avg nll: 0.8268, avg wnll: 6.0758, avg kl: 0.0365, mse: 0.428268, wmse: 5.395527, mae: 0.472540
nll: 0.9760, mse: 0.5127, mae: 0.5131, mean_mse: 6.7183, mean_mae: 0.5131
1679397806.7264686
saving.................
done
1021,	Iter: 1021, train loss: 3.0048, avg nll: 0.8323, avg wnll: 6.1134, avg kl: 0.0366, mse: 0.431199, wmse: 5.429094, mae: 0.474132
1022,	Iter: 1022, train loss: 3.0030, avg nll: 0.8345, avg wnll: 6.1015, avg kl: 0.0356, mse: 0.430487, wmse: 5.417687, mae: 0.473785
1023,	Iter: 1023, train loss: 3.0034, avg nll: 0.8342, avg wnll: 6.1414, avg kl: 0.0366, mse: 0.430510, wmse: 5.419050, mae: 0.473909
1024,	Iter: 1024, train loss: 3.0051, avg nll: 0.8374, avg wnll: 6.1320, avg kl: 0.0374, mse: 0.430108, wmse: 5.419467, mae: 0.473356
1025,	Iter: 1025, train loss: 3.0149, avg nll: 0.8417, avg wnll: 6.1757, avg kl: 0.0370, mse: 0.431243, wmse: 5.435863, mae: 0.474324
1026,	Iter: 1026, train loss: 2.9954, avg nll: 0.8361, avg wnll: 6.1416, avg kl: 0.0359, mse: 0.428558, wmse: 5.398321, mae: 0.472638
1027,	Iter: 1027, train loss: 2.9843, avg nll: 0.8269, avg wnll: 6.0938, avg kl: 0.0365, mse: 0.428111, wmse: 5.384951, mae: 0.472421
1028,	Iter: 1028, train loss: 2.9909, avg nll: 0.8286, avg wnll: 6.0988, avg kl: 0.0362, mse: 0.429093, wmse: 5.397049, mae: 0.472073
1029,	Iter: 1029, train loss: 3.0118, avg nll: 0.8338, avg wnll: 6.0892, avg kl: 0.0360, mse: 0.432242, wmse: 5.450235, mae: 0.474151
1030,	Iter: 1030, train loss: 2.9819, avg nll: 0.8253, avg wnll: 6.0778, avg kl: 0.0362, mse: 0.427951, wmse: 5.390462, mae: 0.472250
nll: 0.9776, mse: 0.5131, mae: 0.5133, mean_mse: 6.7309, mean_mae: 0.5133
1679398777.7522433
1031,	Iter: 1031, train loss: 3.0063, avg nll: 0.8336, avg wnll: 6.1457, avg kl: 0.0360, mse: 0.431164, wmse: 5.428661, mae: 0.474146
1032,	Iter: 1032, train loss: 2.9992, avg nll: 0.8323, avg wnll: 6.0867, avg kl: 0.0350, mse: 0.430094, wmse: 5.413064, mae: 0.473577
1033,	Iter: 1033, train loss: 3.0055, avg nll: 0.8358, avg wnll: 6.1590, avg kl: 0.0362, mse: 0.430528, wmse: 5.420132, mae: 0.473954
1034,	Iter: 1034, train loss: 3.0023, avg nll: 0.8351, avg wnll: 6.0948, avg kl: 0.0367, mse: 0.429960, wmse: 5.416508, mae: 0.473197
1035,	Iter: 1035, train loss: 3.0124, avg nll: 0.8393, avg wnll: 6.1630, avg kl: 0.0366, mse: 0.431159, wmse: 5.436396, mae: 0.474254
1036,	Iter: 1036, train loss: 2.9982, avg nll: 0.8374, avg wnll: 6.1543, avg kl: 0.0352, mse: 0.428816, wmse: 5.400507, mae: 0.472876
1037,	Iter: 1037, train loss: 2.9840, avg nll: 0.8263, avg wnll: 6.0958, avg kl: 0.0361, mse: 0.428075, wmse: 5.385068, mae: 0.472407
1038,	Iter: 1038, train loss: 2.9905, avg nll: 0.8282, avg wnll: 6.0994, avg kl: 0.0357, mse: 0.429028, wmse: 5.395014, mae: 0.472089
1039,	Iter: 1039, train loss: 3.0116, avg nll: 0.8344, avg wnll: 6.0811, avg kl: 0.0354, mse: 0.432013, wmse: 5.446882, mae: 0.473953
1040,	Iter: 1040, train loss: 2.9831, avg nll: 0.8255, avg wnll: 6.0745, avg kl: 0.0361, mse: 0.428048, wmse: 5.391876, mae: 0.472427
nll: 0.9772, mse: 0.5130, mae: 0.5132, mean_mse: 6.7257, mean_mae: 0.5132
1679399763.5810168
1041,	Iter: 1041, train loss: 3.0043, avg nll: 0.8318, avg wnll: 6.1487, avg kl: 0.0356, mse: 0.431063, wmse: 5.427982, mae: 0.474169
1042,	Iter: 1042, train loss: 2.9980, avg nll: 0.8306, avg wnll: 6.0835, avg kl: 0.0348, mse: 0.430094, wmse: 5.412114, mae: 0.473448
1043,	Iter: 1043, train loss: 3.0043, avg nll: 0.8354, avg wnll: 6.1863, avg kl: 0.0354, mse: 0.430305, wmse: 5.417046, mae: 0.473713
1044,	Iter: 1044, train loss: 3.0035, avg nll: 0.8364, avg wnll: 6.1369, avg kl: 0.0362, mse: 0.429863, wmse: 5.415803, mae: 0.473160
1045,	Iter: 1045, train loss: 3.0137, avg nll: 0.8403, avg wnll: 6.1758, avg kl: 0.0362, mse: 0.431119, wmse: 5.434930, mae: 0.474179
1046,	Iter: 1046, train loss: 2.9955, avg nll: 0.8363, avg wnll: 6.1550, avg kl: 0.0349, mse: 0.428404, wmse: 5.396565, mae: 0.472591
1047,	Iter: 1047, train loss: 2.9816, avg nll: 0.8244, avg wnll: 6.0776, avg kl: 0.0356, mse: 0.427921, wmse: 5.382887, mae: 0.472253
1048,	Iter: 1048, train loss: 2.9888, avg nll: 0.8269, avg wnll: 6.0923, avg kl: 0.0355, mse: 0.428858, wmse: 5.393635, mae: 0.471942
1049,	Iter: 1049, train loss: 3.0124, avg nll: 0.8345, avg wnll: 6.0900, avg kl: 0.0349, mse: 0.432096, wmse: 5.448134, mae: 0.474054
1050,	Iter: 1050, train loss: 2.9821, avg nll: 0.8261, avg wnll: 6.0853, avg kl: 0.0353, mse: 0.427674, wmse: 5.387482, mae: 0.472088
nll: 0.9777, mse: 0.5136, mae: 0.5138, mean_mse: 6.7344, mean_mae: 0.5138
1679400708.6275446
saving.................
done
1051,	Iter: 1051, train loss: 3.0021, avg nll: 0.8304, avg wnll: 6.0983, avg kl: 0.0354, mse: 0.430793, wmse: 5.423770, mae: 0.473983
1052,	Iter: 1052, train loss: 2.9957, avg nll: 0.8303, avg wnll: 6.0771, avg kl: 0.0342, mse: 0.429635, wmse: 5.407394, mae: 0.473205
1053,	Iter: 1053, train loss: 3.0011, avg nll: 0.8328, avg wnll: 6.1412, avg kl: 0.0351, mse: 0.430115, wmse: 5.414722, mae: 0.473714
1054,	Iter: 1054, train loss: 3.0060, avg nll: 0.8385, avg wnll: 6.1618, avg kl: 0.0359, mse: 0.429869, wmse: 5.417054, mae: 0.473220
1055,	Iter: 1055, train loss: 3.0105, avg nll: 0.8379, avg wnll: 6.1626, avg kl: 0.0354, mse: 0.430906, wmse: 5.433511, mae: 0.474110
1056,	Iter: 1056, train loss: 2.9944, avg nll: 0.8349, avg wnll: 6.1387, avg kl: 0.0345, mse: 0.428375, wmse: 5.396182, mae: 0.472520
1057,	Iter: 1057, train loss: 2.9813, avg nll: 0.8243, avg wnll: 6.0884, avg kl: 0.0354, mse: 0.427768, wmse: 5.382144, mae: 0.472226
1058,	Iter: 1058, train loss: 2.9881, avg nll: 0.8267, avg wnll: 6.0989, avg kl: 0.0350, mse: 0.428686, wmse: 5.391120, mae: 0.471899
1059,	Iter: 1059, train loss: 3.0085, avg nll: 0.8326, avg wnll: 6.0820, avg kl: 0.0346, mse: 0.431623, wmse: 5.443103, mae: 0.473739
1060,	Iter: 1060, train loss: 2.9855, avg nll: 0.8279, avg wnll: 6.0837, avg kl: 0.0350, mse: 0.427904, wmse: 5.389696, mae: 0.472406
nll: 0.9765, mse: 0.5127, mae: 0.5128, mean_mse: 6.7267, mean_mae: 0.5128
1679401691.9421837
1061,	Iter: 1061, train loss: 3.0012, avg nll: 0.8301, avg wnll: 6.1005, avg kl: 0.0345, mse: 0.430641, wmse: 5.423935, mae: 0.473862
1062,	Iter: 1062, train loss: 2.9982, avg nll: 0.8316, avg wnll: 6.0839, avg kl: 0.0338, mse: 0.429788, wmse: 5.408544, mae: 0.473408
1063,	Iter: 1063, train loss: 3.0009, avg nll: 0.8333, avg wnll: 6.1520, avg kl: 0.0346, mse: 0.429918, wmse: 5.411428, mae: 0.473539
1064,	Iter: 1064, train loss: 3.0012, avg nll: 0.8341, avg wnll: 6.1160, avg kl: 0.0354, mse: 0.429716, wmse: 5.412843, mae: 0.473154
1065,	Iter: 1065, train loss: 3.0074, avg nll: 0.8356, avg wnll: 6.1680, avg kl: 0.0355, mse: 0.430640, wmse: 5.429811, mae: 0.473911
1066,	Iter: 1066, train loss: 2.9947, avg nll: 0.8352, avg wnll: 6.1572, avg kl: 0.0340, mse: 0.428320, wmse: 5.395545, mae: 0.472591
1067,	Iter: 1067, train loss: 2.9837, avg nll: 0.8259, avg wnll: 6.0917, avg kl: 0.0347, mse: 0.427893, wmse: 5.382787, mae: 0.472323
1068,	Iter: 1068, train loss: 2.9877, avg nll: 0.8261, avg wnll: 6.0881, avg kl: 0.0344, mse: 0.428677, wmse: 5.390923, mae: 0.471901
1069,	Iter: 1069, train loss: 3.0088, avg nll: 0.8317, avg wnll: 6.0888, avg kl: 0.0341, mse: 0.431790, wmse: 5.443354, mae: 0.473875
1070,	Iter: 1070, train loss: 2.9834, avg nll: 0.8270, avg wnll: 6.0928, avg kl: 0.0345, mse: 0.427612, wmse: 5.387224, mae: 0.472181
nll: 0.9776, mse: 0.5142, mae: 0.5143, mean_mse: 6.7441, mean_mae: 0.5143
1679402678.371688
1071,	Iter: 1071, train loss: 3.0033, avg nll: 0.8313, avg wnll: 6.1234, avg kl: 0.0344, mse: 0.430720, wmse: 5.423916, mae: 0.473893
1072,	Iter: 1072, train loss: 2.9964, avg nll: 0.8304, avg wnll: 6.0760, avg kl: 0.0335, mse: 0.429619, wmse: 5.408355, mae: 0.473245
1073,	Iter: 1073, train loss: 3.0005, avg nll: 0.8321, avg wnll: 6.1291, avg kl: 0.0343, mse: 0.429988, wmse: 5.413543, mae: 0.473585
1074,	Iter: 1074, train loss: 3.0009, avg nll: 0.8349, avg wnll: 6.1137, avg kl: 0.0352, mse: 0.429412, wmse: 5.410748, mae: 0.472931
1075,	Iter: 1075, train loss: 3.0093, avg nll: 0.8379, avg wnll: 6.1577, avg kl: 0.0346, mse: 0.430537, wmse: 5.427814, mae: 0.473880
1076,	Iter: 1076, train loss: 2.9936, avg nll: 0.8352, avg wnll: 6.1443, avg kl: 0.0336, mse: 0.428029, wmse: 5.391958, mae: 0.472369
1077,	Iter: 1077, train loss: 2.9823, avg nll: 0.8253, avg wnll: 6.0877, avg kl: 0.0342, mse: 0.427672, wmse: 5.381618, mae: 0.472221
1078,	Iter: 1078, train loss: 2.9855, avg nll: 0.8250, avg wnll: 6.0966, avg kl: 0.0340, mse: 0.428374, wmse: 5.387041, mae: 0.471712
1079,	Iter: 1079, train loss: 3.0080, avg nll: 0.8323, avg wnll: 6.0949, avg kl: 0.0336, mse: 0.431455, wmse: 5.441095, mae: 0.473699
1080,	Iter: 1080, train loss: 2.9821, avg nll: 0.8256, avg wnll: 6.0710, avg kl: 0.0343, mse: 0.427531, wmse: 5.386030, mae: 0.472077
nll: 0.9777, mse: 0.5130, mae: 0.5132, mean_mse: 6.7306, mean_mae: 0.5132
1679403675.7835574
saving.................
done
1081,	Iter: 1081, train loss: 3.0048, avg nll: 0.8338, avg wnll: 6.1274, avg kl: 0.0339, mse: 0.430462, wmse: 5.421565, mae: 0.473786
1082,	Iter: 1082, train loss: 2.9972, avg nll: 0.8314, avg wnll: 6.0867, avg kl: 0.0329, mse: 0.429510, wmse: 5.405259, mae: 0.473301
1083,	Iter: 1083, train loss: 2.9991, avg nll: 0.8317, avg wnll: 6.1228, avg kl: 0.0337, mse: 0.429743, wmse: 5.409839, mae: 0.473423
1084,	Iter: 1084, train loss: 3.0030, avg nll: 0.8358, avg wnll: 6.1189, avg kl: 0.0346, mse: 0.429589, wmse: 5.411945, mae: 0.473140
1085,	Iter: 1085, train loss: 3.0129, avg nll: 0.8402, avg wnll: 6.1705, avg kl: 0.0346, mse: 0.430687, wmse: 5.430472, mae: 0.474062
1086,	Iter: 1086, train loss: 2.9940, avg nll: 0.8343, avg wnll: 6.1230, avg kl: 0.0332, mse: 0.428225, wmse: 5.395742, mae: 0.472559
1087,	Iter: 1087, train loss: 2.9807, avg nll: 0.8233, avg wnll: 6.0681, avg kl: 0.0341, mse: 0.427649, wmse: 5.380230, mae: 0.472145
1088,	Iter: 1088, train loss: 2.9863, avg nll: 0.8253, avg wnll: 6.1062, avg kl: 0.0337, mse: 0.428409, wmse: 5.387246, mae: 0.471748
1089,	Iter: 1089, train loss: 3.0115, avg nll: 0.8344, avg wnll: 6.0954, avg kl: 0.0332, mse: 0.431681, wmse: 5.443045, mae: 0.473998
1090,	Iter: 1090, train loss: 2.9800, avg nll: 0.8239, avg wnll: 6.0872, avg kl: 0.0337, mse: 0.427399, wmse: 5.384120, mae: 0.472002
nll: 0.9780, mse: 0.5139, mae: 0.5140, mean_mse: 6.7399, mean_mae: 0.5140
1679404646.9703078
1091,	Iter: 1091, train loss: 3.0041, avg nll: 0.8325, avg wnll: 6.0978, avg kl: 0.0337, mse: 0.430487, wmse: 5.421206, mae: 0.473767
1092,	Iter: 1092, train loss: 2.9941, avg nll: 0.8292, avg wnll: 6.0782, avg kl: 0.0327, mse: 0.429252, wmse: 5.403752, mae: 0.472987
1093,	Iter: 1093, train loss: 2.9997, avg nll: 0.8326, avg wnll: 6.1536, avg kl: 0.0336, mse: 0.429587, wmse: 5.408672, mae: 0.473415
1094,	Iter: 1094, train loss: 3.0003, avg nll: 0.8341, avg wnll: 6.0978, avg kl: 0.0342, mse: 0.429306, wmse: 5.409867, mae: 0.472879
1095,	Iter: 1095, train loss: 3.0095, avg nll: 0.8386, avg wnll: 6.1590, avg kl: 0.0339, mse: 0.430272, wmse: 5.425306, mae: 0.473743
1096,	Iter: 1096, train loss: 2.9901, avg nll: 0.8321, avg wnll: 6.1210, avg kl: 0.0328, mse: 0.427812, wmse: 5.389962, mae: 0.472267
1097,	Iter: 1097, train loss: 2.9790, avg nll: 0.8228, avg wnll: 6.0792, avg kl: 0.0335, mse: 0.427375, wmse: 5.377035, mae: 0.472011
1098,	Iter: 1098, train loss: 2.9857, avg nll: 0.8253, avg wnll: 6.1351, avg kl: 0.0333, mse: 0.428229, wmse: 5.386308, mae: 0.471592
1099,	Iter: 1099, train loss: 3.0102, avg nll: 0.8336, avg wnll: 6.1148, avg kl: 0.0330, mse: 0.431475, wmse: 5.440678, mae: 0.473756
1100,	Iter: 1100, train loss: 2.9810, avg nll: 0.8251, avg wnll: 6.1020, avg kl: 0.0335, mse: 0.427269, wmse: 5.383589, mae: 0.471983
nll: 0.9783, mse: 0.5131, mae: 0.5133, mean_mse: 6.7286, mean_mae: 0.5133
1679405614.30765
1101,	Iter: 1101, train loss: 3.0008, avg nll: 0.8305, avg wnll: 6.0955, avg kl: 0.0331, mse: 0.430191, wmse: 5.418432, mae: 0.473647
1102,	Iter: 1102, train loss: 2.9940, avg nll: 0.8291, avg wnll: 6.0923, avg kl: 0.0322, mse: 0.429198, wmse: 5.401977, mae: 0.473109
1103,	Iter: 1103, train loss: 3.0004, avg nll: 0.8334, avg wnll: 6.1456, avg kl: 0.0330, mse: 0.429505, wmse: 5.407161, mae: 0.473377
1104,	Iter: 1104, train loss: 2.9993, avg nll: 0.8327, avg wnll: 6.0997, avg kl: 0.0339, mse: 0.429327, wmse: 5.408866, mae: 0.473040
1105,	Iter: 1105, train loss: 3.0080, avg nll: 0.8365, avg wnll: 6.1495, avg kl: 0.0336, mse: 0.430319, wmse: 5.425356, mae: 0.473900
1106,	Iter: 1106, train loss: 2.9938, avg nll: 0.8346, avg wnll: 6.1592, avg kl: 0.0324, mse: 0.427997, wmse: 5.392788, mae: 0.472419
1107,	Iter: 1107, train loss: 2.9784, avg nll: 0.8223, avg wnll: 6.0699, avg kl: 0.0330, mse: 0.427297, wmse: 5.376456, mae: 0.471969
1108,	Iter: 1108, train loss: 2.9851, avg nll: 0.8251, avg wnll: 6.1303, avg kl: 0.0328, mse: 0.428094, wmse: 5.383613, mae: 0.471591
1109,	Iter: 1109, train loss: 3.0054, avg nll: 0.8297, avg wnll: 6.0736, avg kl: 0.0325, mse: 0.431242, wmse: 5.437639, mae: 0.473615
1110,	Iter: 1110, train loss: 2.9818, avg nll: 0.8249, avg wnll: 6.1019, avg kl: 0.0328, mse: 0.427426, wmse: 5.384890, mae: 0.472118
nll: 0.9788, mse: 0.5138, mae: 0.5139, mean_mse: 6.7402, mean_mae: 0.5139
1679406555.3608575
saving.................
done
1111,	Iter: 1111, train loss: 3.0014, avg nll: 0.8308, avg wnll: 6.0969, avg kl: 0.0327, mse: 0.430186, wmse: 5.417772, mae: 0.473619
1112,	Iter: 1112, train loss: 2.9953, avg nll: 0.8306, avg wnll: 6.1305, avg kl: 0.0319, mse: 0.429089, wmse: 5.401460, mae: 0.472919
1113,	Iter: 1113, train loss: 2.9993, avg nll: 0.8324, avg wnll: 6.1347, avg kl: 0.0325, mse: 0.429446, wmse: 5.407581, mae: 0.473335
1114,	Iter: 1114, train loss: 2.9973, avg nll: 0.8315, avg wnll: 6.0905, avg kl: 0.0334, mse: 0.429107, wmse: 5.407645, mae: 0.472841
1115,	Iter: 1115, train loss: 3.0067, avg nll: 0.8363, avg wnll: 6.1769, avg kl: 0.0333, mse: 0.430014, wmse: 5.422909, mae: 0.473633
1116,	Iter: 1116, train loss: 2.9934, avg nll: 0.8351, avg wnll: 6.1474, avg kl: 0.0321, mse: 0.427754, wmse: 5.389167, mae: 0.472279
1117,	Iter: 1117, train loss: 2.9787, avg nll: 0.8229, avg wnll: 6.0863, avg kl: 0.0326, mse: 0.427185, wmse: 5.374592, mae: 0.471872
1118,	Iter: 1118, train loss: 2.9841, avg nll: 0.8246, avg wnll: 6.0899, avg kl: 0.0324, mse: 0.427915, wmse: 5.382327, mae: 0.471465
1119,	Iter: 1119, train loss: 3.0046, avg nll: 0.8294, avg wnll: 6.0733, avg kl: 0.0321, mse: 0.431096, wmse: 5.435773, mae: 0.473505
1120,	Iter: 1120, train loss: 2.9808, avg nll: 0.8253, avg wnll: 6.0951, avg kl: 0.0327, mse: 0.427078, wmse: 5.380781, mae: 0.471918
nll: 0.9777, mse: 0.5131, mae: 0.5132, mean_mse: 6.7270, mean_mae: 0.5132
1679407512.2471526
1121,	Iter: 1121, train loss: 3.0024, avg nll: 0.8317, avg wnll: 6.1212, avg kl: 0.0322, mse: 0.430169, wmse: 5.418298, mae: 0.473706
1122,	Iter: 1122, train loss: 2.9954, avg nll: 0.8307, avg wnll: 6.1217, avg kl: 0.0312, mse: 0.429074, wmse: 5.401496, mae: 0.472939
1123,	Iter: 1123, train loss: 2.9943, avg nll: 0.8289, avg wnll: 6.1113, avg kl: 0.0322, mse: 0.429077, wmse: 5.401153, mae: 0.473066
1124,	Iter: 1124, train loss: 2.9973, avg nll: 0.8308, avg wnll: 6.0912, avg kl: 0.0331, mse: 0.429187, wmse: 5.407800, mae: 0.472916
1125,	Iter: 1125, train loss: 3.0086, avg nll: 0.8377, avg wnll: 6.1937, avg kl: 0.0326, mse: 0.430102, wmse: 5.422901, mae: 0.473801
1126,	Iter: 1126, train loss: 2.9937, avg nll: 0.8339, avg wnll: 6.1275, avg kl: 0.0316, mse: 0.427999, wmse: 5.392604, mae: 0.472378
1127,	Iter: 1127, train loss: 2.9776, avg nll: 0.8216, avg wnll: 6.0809, avg kl: 0.0323, mse: 0.427151, wmse: 5.375797, mae: 0.471910
1128,	Iter: 1128, train loss: 2.9841, avg nll: 0.8244, avg wnll: 6.0901, avg kl: 0.0321, mse: 0.427899, wmse: 5.382313, mae: 0.471495
1129,	Iter: 1129, train loss: 3.0040, avg nll: 0.8291, avg wnll: 6.0667, avg kl: 0.0318, mse: 0.430974, wmse: 5.434402, mae: 0.473541
1130,	Iter: 1130, train loss: 2.9783, avg nll: 0.8223, avg wnll: 6.0775, avg kl: 0.0321, mse: 0.427124, wmse: 5.381412, mae: 0.472011
nll: 0.9782, mse: 0.5139, mae: 0.5138, mean_mse: 6.7375, mean_mae: 0.5138
1679408513.5062182
1131,	Iter: 1131, train loss: 3.0023, avg nll: 0.8315, avg wnll: 6.1071, avg kl: 0.0320, mse: 0.430111, wmse: 5.417102, mae: 0.473585
1132,	Iter: 1132, train loss: 2.9944, avg nll: 0.8298, avg wnll: 6.1100, avg kl: 0.0311, mse: 0.428947, wmse: 5.399436, mae: 0.472892
1133,	Iter: 1133, train loss: 2.9937, avg nll: 0.8278, avg wnll: 6.1079, avg kl: 0.0319, mse: 0.429099, wmse: 5.402640, mae: 0.473093
1134,	Iter: 1134, train loss: 2.9986, avg nll: 0.8330, avg wnll: 6.1225, avg kl: 0.0327, mse: 0.428940, wmse: 5.405696, mae: 0.472787
1135,	Iter: 1135, train loss: 3.0070, avg nll: 0.8365, avg wnll: 6.1874, avg kl: 0.0326, mse: 0.429923, wmse: 5.421887, mae: 0.473644
1136,	Iter: 1136, train loss: 2.9892, avg nll: 0.8319, avg wnll: 6.1228, avg kl: 0.0313, mse: 0.427439, wmse: 5.385211, mae: 0.472098
1137,	Iter: 1137, train loss: 2.9781, avg nll: 0.8221, avg wnll: 6.0785, avg kl: 0.0319, mse: 0.427076, wmse: 5.373056, mae: 0.471787
1138,	Iter: 1138, train loss: 2.9843, avg nll: 0.8251, avg wnll: 6.0881, avg kl: 0.0318, mse: 0.427718, wmse: 5.379775, mae: 0.471399
1139,	Iter: 1139, train loss: 3.0056, avg nll: 0.8305, avg wnll: 6.0702, avg kl: 0.0314, mse: 0.430940, wmse: 5.433331, mae: 0.473480
1140,	Iter: 1140, train loss: 2.9771, avg nll: 0.8228, avg wnll: 6.0763, avg kl: 0.0320, mse: 0.426708, wmse: 5.375762, mae: 0.471715
nll: 0.9785, mse: 0.5137, mae: 0.5139, mean_mse: 6.7388, mean_mae: 0.5139
1679409459.6995914
saving.................
done
1141,	Iter: 1141, train loss: 3.0029, avg nll: 0.8320, avg wnll: 6.1299, avg kl: 0.0315, mse: 0.430072, wmse: 5.417583, mae: 0.473664
1142,	Iter: 1142, train loss: 2.9938, avg nll: 0.8293, avg wnll: 6.1125, avg kl: 0.0305, mse: 0.428923, wmse: 5.399312, mae: 0.472940
1143,	Iter: 1143, train loss: 2.9947, avg nll: 0.8289, avg wnll: 6.1191, avg kl: 0.0314, mse: 0.429047, wmse: 5.401146, mae: 0.473104
1144,	Iter: 1144, train loss: 2.9993, avg nll: 0.8337, avg wnll: 6.1163, avg kl: 0.0321, mse: 0.428910, wmse: 5.405104, mae: 0.472732
1145,	Iter: 1145, train loss: 3.0062, avg nll: 0.8361, avg wnll: 6.1744, avg kl: 0.0317, mse: 0.429865, wmse: 5.420712, mae: 0.473627
1146,	Iter: 1146, train loss: 2.9902, avg nll: 0.8321, avg wnll: 6.1213, avg kl: 0.0306, mse: 0.427572, wmse: 5.387032, mae: 0.472131
1147,	Iter: 1147, train loss: 2.9765, avg nll: 0.8210, avg wnll: 6.0952, avg kl: 0.0314, mse: 0.426940, wmse: 5.373008, mae: 0.471798
1148,	Iter: 1148, train loss: 2.9845, avg nll: 0.8245, avg wnll: 6.0934, avg kl: 0.0312, mse: 0.427843, wmse: 5.382182, mae: 0.471545
1149,	Iter: 1149, train loss: 3.0024, avg nll: 0.8289, avg wnll: 6.0608, avg kl: 0.0311, mse: 0.430555, wmse: 5.429488, mae: 0.473266
1150,	Iter: 1150, train loss: 2.9797, avg nll: 0.8234, avg wnll: 6.0816, avg kl: 0.0316, mse: 0.427066, wmse: 5.381078, mae: 0.471926
nll: 0.9767, mse: 0.5132, mae: 0.5133, mean_mse: 6.7263, mean_mae: 0.5133
1679410408.1841018
1151,	Iter: 1151, train loss: 3.0005, avg nll: 0.8301, avg wnll: 6.1074, avg kl: 0.0309, mse: 0.429931, wmse: 5.415427, mae: 0.473522
1152,	Iter: 1152, train loss: 2.9914, avg nll: 0.8276, avg wnll: 6.0889, avg kl: 0.0305, mse: 0.428686, wmse: 5.396091, mae: 0.472841
1153,	Iter: 1153, train loss: 2.9921, avg nll: 0.8275, avg wnll: 6.1255, avg kl: 0.0311, mse: 0.428733, wmse: 5.398138, mae: 0.472989
1154,	Iter: 1154, train loss: 2.9990, avg nll: 0.8332, avg wnll: 6.1208, avg kl: 0.0319, mse: 0.428854, wmse: 5.404167, mae: 0.472760
1155,	Iter: 1155, train loss: 3.0044, avg nll: 0.8338, avg wnll: 6.1689, avg kl: 0.0316, mse: 0.429844, wmse: 5.419440, mae: 0.473509
1156,	Iter: 1156, train loss: 2.9867, avg nll: 0.8299, avg wnll: 6.1153, avg kl: 0.0308, mse: 0.427200, wmse: 5.381849, mae: 0.471935
1157,	Iter: 1157, train loss: 2.9762, avg nll: 0.8213, avg wnll: 6.0848, avg kl: 0.0311, mse: 0.426763, wmse: 5.369992, mae: 0.471724
1158,	Iter: 1158, train loss: 2.9851, avg nll: 0.8256, avg wnll: 6.0996, avg kl: 0.0309, mse: 0.427690, wmse: 5.379142, mae: 0.471380
1159,	Iter: 1159, train loss: 3.0045, avg nll: 0.8297, avg wnll: 6.0657, avg kl: 0.0306, mse: 0.430793, wmse: 5.431600, mae: 0.473353
1160,	Iter: 1160, train loss: 2.9749, avg nll: 0.8214, avg wnll: 6.1043, avg kl: 0.0310, mse: 0.426463, wmse: 5.372943, mae: 0.471538
nll: 0.9786, mse: 0.5137, mae: 0.5138, mean_mse: 6.7400, mean_mae: 0.5138
1679411373.5205944
1161,	Iter: 1161, train loss: 3.0016, avg nll: 0.8311, avg wnll: 6.1789, avg kl: 0.0310, mse: 0.429853, wmse: 5.414323, mae: 0.473405
1162,	Iter: 1162, train loss: 2.9921, avg nll: 0.8281, avg wnll: 6.0792, avg kl: 0.0298, mse: 0.428707, wmse: 5.397081, mae: 0.472811
1163,	Iter: 1163, train loss: 2.9919, avg nll: 0.8274, avg wnll: 6.1272, avg kl: 0.0308, mse: 0.428671, wmse: 5.397388, mae: 0.472970
1164,	Iter: 1164, train loss: 3.0011, avg nll: 0.8358, avg wnll: 6.1438, avg kl: 0.0315, mse: 0.428705, wmse: 5.402637, mae: 0.472676
1165,	Iter: 1165, train loss: 3.0035, avg nll: 0.8339, avg wnll: 6.1873, avg kl: 0.0311, mse: 0.429621, wmse: 5.417191, mae: 0.473458
1166,	Iter: 1166, train loss: 2.9883, avg nll: 0.8316, avg wnll: 6.1421, avg kl: 0.0301, mse: 0.427165, wmse: 5.382452, mae: 0.471976
1167,	Iter: 1167, train loss: 2.9773, avg nll: 0.8222, avg wnll: 6.1047, avg kl: 0.0306, mse: 0.426751, wmse: 5.370939, mae: 0.471768
1168,	Iter: 1168, train loss: 2.9845, avg nll: 0.8250, avg wnll: 6.1005, avg kl: 0.0306, mse: 0.427624, wmse: 5.379606, mae: 0.471372
1169,	Iter: 1169, train loss: 3.0029, avg nll: 0.8299, avg wnll: 6.0788, avg kl: 0.0304, mse: 0.430363, wmse: 5.427330, mae: 0.473137
1170,	Iter: 1170, train loss: 2.9775, avg nll: 0.8223, avg wnll: 6.0920, avg kl: 0.0307, mse: 0.426723, wmse: 5.375939, mae: 0.471714
nll: 0.9781, mse: 0.5131, mae: 0.5133, mean_mse: 6.7269, mean_mae: 0.5133
1679412340.4704354
saving.................
done
1171,	Iter: 1171, train loss: 2.9980, avg nll: 0.8288, avg wnll: 6.1394, avg kl: 0.0301, mse: 0.429607, wmse: 5.411937, mae: 0.473327
1172,	Iter: 1172, train loss: 2.9923, avg nll: 0.8282, avg wnll: 6.0881, avg kl: 0.0297, mse: 0.428648, wmse: 5.395644, mae: 0.472798
1173,	Iter: 1173, train loss: 2.9904, avg nll: 0.8263, avg wnll: 6.1309, avg kl: 0.0304, mse: 0.428544, wmse: 5.395255, mae: 0.472763
1174,	Iter: 1174, train loss: 2.9953, avg nll: 0.8303, avg wnll: 6.0978, avg kl: 0.0312, mse: 0.428583, wmse: 5.399657, mae: 0.472539
1175,	Iter: 1175, train loss: 3.0034, avg nll: 0.8331, avg wnll: 6.1630, avg kl: 0.0308, mse: 0.429686, wmse: 5.418140, mae: 0.473477
1176,	Iter: 1176, train loss: 2.9858, avg nll: 0.8297, avg wnll: 6.1459, avg kl: 0.0299, mse: 0.426960, wmse: 5.378528, mae: 0.471761
1177,	Iter: 1177, train loss: 2.9788, avg nll: 0.8231, avg wnll: 6.0886, avg kl: 0.0304, mse: 0.426826, wmse: 5.371122, mae: 0.471799
1178,	Iter: 1178, train loss: 2.9831, avg nll: 0.8235, avg wnll: 6.1032, avg kl: 0.0302, mse: 0.427619, wmse: 5.378061, mae: 0.471366
1179,	Iter: 1179, train loss: 3.0067, avg nll: 0.8315, avg wnll: 6.1101, avg kl: 0.0299, mse: 0.430760, wmse: 5.432693, mae: 0.473447
1180,	Iter: 1180, train loss: 2.9736, avg nll: 0.8197, avg wnll: 6.0662, avg kl: 0.0304, mse: 0.426421, wmse: 5.372903, mae: 0.471581
nll: 0.9799, mse: 0.5144, mae: 0.5142, mean_mse: 6.7459, mean_mae: 0.5142
1679413318.2799642
1181,	Iter: 1181, train loss: 3.0000, avg nll: 0.8305, avg wnll: 6.1381, avg kl: 0.0302, mse: 0.429566, wmse: 5.411077, mae: 0.473323
1182,	Iter: 1182, train loss: 2.9913, avg nll: 0.8283, avg wnll: 6.0754, avg kl: 0.0293, mse: 0.428378, wmse: 5.392473, mae: 0.472639
1183,	Iter: 1183, train loss: 2.9926, avg nll: 0.8288, avg wnll: 6.1523, avg kl: 0.0303, mse: 0.428379, wmse: 5.393898, mae: 0.472755
1184,	Iter: 1184, train loss: 2.9928, avg nll: 0.8296, avg wnll: 6.0927, avg kl: 0.0310, mse: 0.428158, wmse: 5.395166, mae: 0.472338
1185,	Iter: 1185, train loss: 3.0018, avg nll: 0.8333, avg wnll: 6.1505, avg kl: 0.0304, mse: 0.429299, wmse: 5.414447, mae: 0.473294
1186,	Iter: 1186, train loss: 2.9875, avg nll: 0.8311, avg wnll: 6.1449, avg kl: 0.0295, mse: 0.426999, wmse: 5.380820, mae: 0.471891
1187,	Iter: 1187, train loss: 2.9775, avg nll: 0.8226, avg wnll: 6.1063, avg kl: 0.0299, mse: 0.426623, wmse: 5.370333, mae: 0.471706
1188,	Iter: 1188, train loss: 2.9838, avg nll: 0.8246, avg wnll: 6.1067, avg kl: 0.0299, mse: 0.427479, wmse: 5.377448, mae: 0.471316
1189,	Iter: 1189, train loss: 3.0079, avg nll: 0.8329, avg wnll: 6.1322, avg kl: 0.0296, mse: 0.430680, wmse: 5.431633, mae: 0.473365
1190,	Iter: 1190, train loss: 2.9757, avg nll: 0.8215, avg wnll: 6.0620, avg kl: 0.0302, mse: 0.426419, wmse: 5.372817, mae: 0.471609
nll: 0.9790, mse: 0.5131, mae: 0.5133, mean_mse: 6.7302, mean_mae: 0.5133
1679414279.1186373
1191,	Iter: 1191, train loss: 2.9973, avg nll: 0.8288, avg wnll: 6.0881, avg kl: 0.0295, mse: 0.429367, wmse: 5.408994, mae: 0.473272
1192,	Iter: 1192, train loss: 2.9932, avg nll: 0.8295, avg wnll: 6.0990, avg kl: 0.0288, mse: 0.428482, wmse: 5.394833, mae: 0.472710
1193,	Iter: 1193, train loss: 2.9916, avg nll: 0.8275, avg wnll: 6.1463, avg kl: 0.0297, mse: 0.428425, wmse: 5.393956, mae: 0.472757
1194,	Iter: 1194, train loss: 2.9946, avg nll: 0.8297, avg wnll: 6.1020, avg kl: 0.0304, mse: 0.428474, wmse: 5.398680, mae: 0.472508
1195,	Iter: 1195, train loss: 3.0030, avg nll: 0.8333, avg wnll: 6.1675, avg kl: 0.0298, mse: 0.429518, wmse: 5.415588, mae: 0.473419
1196,	Iter: 1196, train loss: 2.9833, avg nll: 0.8276, avg wnll: 6.1176, avg kl: 0.0290, mse: 0.426812, wmse: 5.378192, mae: 0.471685
1197,	Iter: 1197, train loss: 2.9749, avg nll: 0.8200, avg wnll: 6.1008, avg kl: 0.0297, mse: 0.426566, wmse: 5.367815, mae: 0.471635
1198,	Iter: 1198, train loss: 2.9831, avg nll: 0.8236, avg wnll: 6.1091, avg kl: 0.0295, mse: 0.427492, wmse: 5.376679, mae: 0.471358
1199,	Iter: 1199, train loss: 3.0007, avg nll: 0.8269, avg wnll: 6.0906, avg kl: 0.0294, mse: 0.430356, wmse: 5.427806, mae: 0.473161
1200,	Iter: 1200, train loss: 2.9754, avg nll: 0.8208, avg wnll: 6.0759, avg kl: 0.0296, mse: 0.426486, wmse: 5.374380, mae: 0.471668
nll: 0.9804, mse: 0.5148, mae: 0.5145, mean_mse: 6.7506, mean_mae: 0.5145
1679415259.0428536
saving.................
done
1201,	Iter: 1201, train loss: 2.9962, avg nll: 0.8274, avg wnll: 6.0769, avg kl: 0.0293, mse: 0.429356, wmse: 5.408419, mae: 0.473170
1202,	Iter: 1202, train loss: 2.9909, avg nll: 0.8280, avg wnll: 6.0877, avg kl: 0.0285, mse: 0.428276, wmse: 5.391542, mae: 0.472590
1203,	Iter: 1203, train loss: 2.9904, avg nll: 0.8271, avg wnll: 6.1467, avg kl: 0.0296, mse: 0.428194, wmse: 5.392146, mae: 0.472679
1204,	Iter: 1204, train loss: 2.9958, avg nll: 0.8320, avg wnll: 6.1329, avg kl: 0.0301, mse: 0.428210, wmse: 5.397563, mae: 0.472469
1205,	Iter: 1205, train loss: 3.0009, avg nll: 0.8326, avg wnll: 6.1471, avg kl: 0.0297, mse: 0.429150, wmse: 5.413359, mae: 0.473231
1206,	Iter: 1206, train loss: 2.9826, avg nll: 0.8269, avg wnll: 6.1234, avg kl: 0.0291, mse: 0.426714, wmse: 5.375433, mae: 0.471673
1207,	Iter: 1207, train loss: 2.9753, avg nll: 0.8207, avg wnll: 6.1099, avg kl: 0.0293, mse: 0.426471, wmse: 5.368943, mae: 0.471668
1208,	Iter: 1208, train loss: 2.9854, avg nll: 0.8260, avg wnll: 6.1304, avg kl: 0.0289, mse: 0.427459, wmse: 5.378355, mae: 0.471413
1209,	Iter: 1209, train loss: 3.0024, avg nll: 0.8281, avg wnll: 6.0653, avg kl: 0.0289, mse: 0.430435, wmse: 5.428935, mae: 0.473271
1210,	Iter: 1210, train loss: 2.9788, avg nll: 0.8241, avg wnll: 6.0988, avg kl: 0.0294, mse: 0.426452, wmse: 5.373175, mae: 0.471716
nll: 0.9780, mse: 0.5133, mae: 0.5134, mean_mse: 6.7352, mean_mae: 0.5134
1679416244.199406
1211,	Iter: 1211, train loss: 2.9941, avg nll: 0.8262, avg wnll: 6.0764, avg kl: 0.0290, mse: 0.429119, wmse: 5.405902, mae: 0.473033
1212,	Iter: 1212, train loss: 2.9912, avg nll: 0.8282, avg wnll: 6.0943, avg kl: 0.0282, mse: 0.428245, wmse: 5.392081, mae: 0.472600
1213,	Iter: 1213, train loss: 2.9900, avg nll: 0.8265, avg wnll: 6.1581, avg kl: 0.0289, mse: 0.428235, wmse: 5.392289, mae: 0.472682
1214,	Iter: 1214, train loss: 2.9956, avg nll: 0.8310, avg wnll: 6.1344, avg kl: 0.0298, mse: 0.428296, wmse: 5.397356, mae: 0.472439
1215,	Iter: 1215, train loss: 2.9995, avg nll: 0.8313, avg wnll: 6.1247, avg kl: 0.0294, mse: 0.429093, wmse: 5.410082, mae: 0.473169
1216,	Iter: 1216, train loss: 2.9853, avg nll: 0.8297, avg wnll: 6.1377, avg kl: 0.0285, mse: 0.426692, wmse: 5.377739, mae: 0.471765
1217,	Iter: 1217, train loss: 2.9744, avg nll: 0.8202, avg wnll: 6.0780, avg kl: 0.0289, mse: 0.426350, wmse: 5.365169, mae: 0.471512
1218,	Iter: 1218, train loss: 2.9843, avg nll: 0.8248, avg wnll: 6.1028, avg kl: 0.0289, mse: 0.427397, wmse: 5.376154, mae: 0.471362
1219,	Iter: 1219, train loss: 2.9991, avg nll: 0.8256, avg wnll: 6.0699, avg kl: 0.0288, mse: 0.430191, wmse: 5.425852, mae: 0.473062
1220,	Iter: 1220, train loss: 2.9757, avg nll: 0.8219, avg wnll: 6.0969, avg kl: 0.0287, mse: 0.426273, wmse: 5.372120, mae: 0.471568
nll: 0.9799, mse: 0.5147, mae: 0.5144, mean_mse: 6.7482, mean_mae: 0.5144
1679417204.23374
1221,	Iter: 1221, train loss: 2.9924, avg nll: 0.8246, avg wnll: 6.0923, avg kl: 0.0285, mse: 0.429089, wmse: 5.404834, mae: 0.473031
1222,	Iter: 1222, train loss: 2.9901, avg nll: 0.8274, avg wnll: 6.0776, avg kl: 0.0278, mse: 0.428165, wmse: 5.390378, mae: 0.472577
1223,	Iter: 1223, train loss: 2.9891, avg nll: 0.8262, avg wnll: 6.1669, avg kl: 0.0288, mse: 0.428047, wmse: 5.390251, mae: 0.472602
1224,	Iter: 1224, train loss: 2.9957, avg nll: 0.8318, avg wnll: 6.1427, avg kl: 0.0294, mse: 0.428147, wmse: 5.396150, mae: 0.472418
1225,	Iter: 1225, train loss: 2.9987, avg nll: 0.8308, avg wnll: 6.1231, avg kl: 0.0291, mse: 0.428964, wmse: 5.409736, mae: 0.473153
1226,	Iter: 1226, train loss: 2.9844, avg nll: 0.8290, avg wnll: 6.1251, avg kl: 0.0282, mse: 0.426584, wmse: 5.374151, mae: 0.471679
1227,	Iter: 1227, train loss: 2.9739, avg nll: 0.8199, avg wnll: 6.0967, avg kl: 0.0286, mse: 0.426258, wmse: 5.365911, mae: 0.471498
1228,	Iter: 1228, train loss: 2.9811, avg nll: 0.8227, avg wnll: 6.1041, avg kl: 0.0285, mse: 0.427149, wmse: 5.374124, mae: 0.471164
1229,	Iter: 1229, train loss: 2.9999, avg nll: 0.8265, avg wnll: 6.0725, avg kl: 0.0282, mse: 0.430192, wmse: 5.426343, mae: 0.473124
1230,	Iter: 1230, train loss: 2.9775, avg nll: 0.8229, avg wnll: 6.1132, avg kl: 0.0289, mse: 0.426298, wmse: 5.372373, mae: 0.471585
nll: 0.9798, mse: 0.5136, mae: 0.5135, mean_mse: 6.7389, mean_mae: 0.5135
1679418184.7011807
saving.................
done
1231,	Iter: 1231, train loss: 2.9924, avg nll: 0.8250, avg wnll: 6.0989, avg kl: 0.0284, mse: 0.428943, wmse: 5.404298, mae: 0.472907
1232,	Iter: 1232, train loss: 2.9906, avg nll: 0.8279, avg wnll: 6.0844, avg kl: 0.0274, mse: 0.428148, wmse: 5.391218, mae: 0.472527
1233,	Iter: 1233, train loss: 2.9889, avg nll: 0.8264, avg wnll: 6.1419, avg kl: 0.0284, mse: 0.427917, wmse: 5.389061, mae: 0.472579
1234,	Iter: 1234, train loss: 2.9941, avg nll: 0.8304, avg wnll: 6.1233, avg kl: 0.0291, mse: 0.428059, wmse: 5.394709, mae: 0.472323
1235,	Iter: 1235, train loss: 2.9975, avg nll: 0.8304, avg wnll: 6.1455, avg kl: 0.0286, mse: 0.428798, wmse: 5.407481, mae: 0.473063
1236,	Iter: 1236, train loss: 2.9842, avg nll: 0.8291, avg wnll: 6.1311, avg kl: 0.0278, mse: 0.426503, wmse: 5.375135, mae: 0.471633
1237,	Iter: 1237, train loss: 2.9735, avg nll: 0.8197, avg wnll: 6.0962, avg kl: 0.0283, mse: 0.426168, wmse: 5.364594, mae: 0.471420
1238,	Iter: 1238, train loss: 2.9788, avg nll: 0.8207, avg wnll: 6.0735, avg kl: 0.0282, mse: 0.427013, wmse: 5.371408, mae: 0.471098
1239,	Iter: 1239, train loss: 2.9993, avg nll: 0.8266, avg wnll: 6.0972, avg kl: 0.0282, mse: 0.429934, wmse: 5.422667, mae: 0.472952
1240,	Iter: 1240, train loss: 2.9767, avg nll: 0.8220, avg wnll: 6.0774, avg kl: 0.0284, mse: 0.426304, wmse: 5.372356, mae: 0.471639
nll: 0.9801, mse: 0.5145, mae: 0.5143, mean_mse: 6.7459, mean_mae: 0.5143
1679419189.1967573
1241,	Iter: 1241, train loss: 2.9915, avg nll: 0.8239, avg wnll: 6.0989, avg kl: 0.0280, mse: 0.428931, wmse: 5.403422, mae: 0.472985
1242,	Iter: 1242, train loss: 2.9868, avg nll: 0.8254, avg wnll: 6.0800, avg kl: 0.0272, mse: 0.427831, wmse: 5.386101, mae: 0.472298
1243,	Iter: 1243, train loss: 2.9921, avg nll: 0.8283, avg wnll: 6.1179, avg kl: 0.0279, mse: 0.428158, wmse: 5.391044, mae: 0.472714
1244,	Iter: 1244, train loss: 2.9941, avg nll: 0.8302, avg wnll: 6.1209, avg kl: 0.0287, mse: 0.428070, wmse: 5.395672, mae: 0.472420
1245,	Iter: 1245, train loss: 2.9999, avg nll: 0.8326, avg wnll: 6.1618, avg kl: 0.0281, mse: 0.428828, wmse: 5.408258, mae: 0.473112
1246,	Iter: 1246, train loss: 2.9839, avg nll: 0.8290, avg wnll: 6.1258, avg kl: 0.0276, mse: 0.426419, wmse: 5.373159, mae: 0.471525
1247,	Iter: 1247, train loss: 2.9755, avg nll: 0.8217, avg wnll: 6.0812, avg kl: 0.0278, mse: 0.426145, wmse: 5.363016, mae: 0.471477
1248,	Iter: 1248, train loss: 2.9765, avg nll: 0.8193, avg wnll: 6.0718, avg kl: 0.0279, mse: 0.426811, wmse: 5.369007, mae: 0.470922
1249,	Iter: 1249, train loss: 2.9999, avg nll: 0.8276, avg wnll: 6.0872, avg kl: 0.0275, mse: 0.429870, wmse: 5.421728, mae: 0.472990
1250,	Iter: 1250, train loss: 2.9773, avg nll: 0.8226, avg wnll: 6.1116, avg kl: 0.0279, mse: 0.426274, wmse: 5.372772, mae: 0.471546
nll: 0.9797, mse: 0.5136, mae: 0.5134, mean_mse: 6.7378, mean_mae: 0.5134
1679420185.0045016
1251,	Iter: 1251, train loss: 2.9941, avg nll: 0.8266, avg wnll: 6.1241, avg kl: 0.0274, mse: 0.428919, wmse: 5.404824, mae: 0.473015
1252,	Iter: 1252, train loss: 2.9844, avg nll: 0.8240, avg wnll: 6.0793, avg kl: 0.0269, mse: 0.427576, wmse: 5.384098, mae: 0.472203
1253,	Iter: 1253, train loss: 2.9949, avg nll: 0.8309, avg wnll: 6.1284, avg kl: 0.0277, mse: 0.428165, wmse: 5.393684, mae: 0.472846
1254,	Iter: 1254, train loss: 2.9910, avg nll: 0.8278, avg wnll: 6.1145, avg kl: 0.0284, mse: 0.427893, wmse: 5.393488, mae: 0.472188
1255,	Iter: 1255, train loss: 3.0041, avg nll: 0.8355, avg wnll: 6.2120, avg kl: 0.0279, mse: 0.429017, wmse: 5.411999, mae: 0.473283
1256,	Iter: 1256, train loss: 2.9835, avg nll: 0.8286, avg wnll: 6.1104, avg kl: 0.0271, mse: 0.426415, wmse: 5.373496, mae: 0.471503
1257,	Iter: 1257, train loss: 2.9752, avg nll: 0.8215, avg wnll: 6.0685, avg kl: 0.0277, mse: 0.426049, wmse: 5.364319, mae: 0.471438
1258,	Iter: 1258, train loss: 2.9773, avg nll: 0.8197, avg wnll: 6.0763, avg kl: 0.0275, mse: 0.426850, wmse: 5.369185, mae: 0.470954
1259,	Iter: 1259, train loss: 2.9979, avg nll: 0.8255, avg wnll: 6.0780, avg kl: 0.0276, mse: 0.429800, wmse: 5.421591, mae: 0.472847
1260,	Iter: 1260, train loss: 2.9781, avg nll: 0.8225, avg wnll: 6.0919, avg kl: 0.0278, mse: 0.426390, wmse: 5.372973, mae: 0.471636
nll: 0.9809, mse: 0.5146, mae: 0.5145, mean_mse: 6.7492, mean_mae: 0.5145
1679421181.8101776
saving.................
done
1261,	Iter: 1261, train loss: 2.9936, avg nll: 0.8260, avg wnll: 6.1058, avg kl: 0.0275, mse: 0.428837, wmse: 5.403174, mae: 0.472901
1262,	Iter: 1262, train loss: 2.9852, avg nll: 0.8248, avg wnll: 6.1080, avg kl: 0.0266, mse: 0.427550, wmse: 5.383407, mae: 0.472140
1263,	Iter: 1263, train loss: 2.9920, avg nll: 0.8292, avg wnll: 6.1609, avg kl: 0.0273, mse: 0.427904, wmse: 5.387769, mae: 0.472591
1264,	Iter: 1264, train loss: 2.9914, avg nll: 0.8283, avg wnll: 6.1416, avg kl: 0.0280, mse: 0.427799, wmse: 5.392078, mae: 0.472186
1265,	Iter: 1265, train loss: 3.0040, avg nll: 0.8342, avg wnll: 6.1536, avg kl: 0.0273, mse: 0.429264, wmse: 5.414329, mae: 0.473312
1266,	Iter: 1266, train loss: 2.9818, avg nll: 0.8273, avg wnll: 6.1159, avg kl: 0.0267, mse: 0.426309, wmse: 5.371906, mae: 0.471449
1267,	Iter: 1267, train loss: 2.9717, avg nll: 0.8187, avg wnll: 6.0526, avg kl: 0.0271, mse: 0.425932, wmse: 5.360558, mae: 0.471291
1268,	Iter: 1268, train loss: 2.9774, avg nll: 0.8208, avg wnll: 6.1171, avg kl: 0.0273, mse: 0.426616, wmse: 5.366538, mae: 0.470915
1269,	Iter: 1269, train loss: 2.9955, avg nll: 0.8245, avg wnll: 6.0624, avg kl: 0.0269, mse: 0.429553, wmse: 5.417045, mae: 0.472821
1270,	Iter: 1270, train loss: 2.9745, avg nll: 0.8211, avg wnll: 6.0645, avg kl: 0.0273, mse: 0.425962, wmse: 5.369341, mae: 0.471347
nll: 0.9797, mse: 0.5139, mae: 0.5137, mean_mse: 6.7423, mean_mae: 0.5137
1679422165.23611
1271,	Iter: 1271, train loss: 2.9932, avg nll: 0.8259, avg wnll: 6.1014, avg kl: 0.0269, mse: 0.428790, wmse: 5.403122, mae: 0.472915
1272,	Iter: 1272, train loss: 2.9855, avg nll: 0.8250, avg wnll: 6.1192, avg kl: 0.0263, mse: 0.427507, wmse: 5.383589, mae: 0.472197
1273,	Iter: 1273, train loss: 2.9878, avg nll: 0.8252, avg wnll: 6.1309, avg kl: 0.0271, mse: 0.427786, wmse: 5.387914, mae: 0.472481
1274,	Iter: 1274, train loss: 2.9904, avg nll: 0.8282, avg wnll: 6.1197, avg kl: 0.0278, mse: 0.427576, wmse: 5.388274, mae: 0.472051
1275,	Iter: 1275, train loss: 2.9980, avg nll: 0.8304, avg wnll: 6.1513, avg kl: 0.0273, mse: 0.428752, wmse: 5.408684, mae: 0.473074
1276,	Iter: 1276, train loss: 2.9836, avg nll: 0.8284, avg wnll: 6.1237, avg kl: 0.0266, mse: 0.426376, wmse: 5.373205, mae: 0.471552
1277,	Iter: 1277, train loss: 2.9712, avg nll: 0.8179, avg wnll: 6.0639, avg kl: 0.0271, mse: 0.425900, wmse: 5.362052, mae: 0.471314
1278,	Iter: 1278, train loss: 2.9827, avg nll: 0.8245, avg wnll: 6.1732, avg kl: 0.0268, mse: 0.426918, wmse: 5.371105, mae: 0.471112
1279,	Iter: 1279, train loss: 2.9964, avg nll: 0.8250, avg wnll: 6.0705, avg kl: 0.0268, mse: 0.429559, wmse: 5.418886, mae: 0.472836
1280,	Iter: 1280, train loss: 2.9730, avg nll: 0.8192, avg wnll: 6.0701, avg kl: 0.0272, mse: 0.425951, wmse: 5.367280, mae: 0.471405
nll: 0.9801, mse: 0.5140, mae: 0.5141, mean_mse: 6.7419, mean_mae: 0.5141
1679423134.6226294
1281,	Iter: 1281, train loss: 2.9931, avg nll: 0.8255, avg wnll: 6.1002, avg kl: 0.0268, mse: 0.428776, wmse: 5.402318, mae: 0.472889
1282,slurmstepd: error: *** JOB 247570 ON gpu1 CANCELLED AT 2023-03-21T18:29:43 ***
