Namespace(n_union_tp=3500, data_folder='datasets/ZTF_r', checkpoint='ZTF_r0.7303081154823303.h5', start_col=1, inc_errors=False, print_at=1, embed_time=128, enc_num_heads=16, latent_dim=64, mixing='concat', num_ref_points=16, rec_hidden=128, width=512, save_at=30, patience=100, early_stopping=False, niters=20000, frac=0.5, batch_size=2, mse_weight=5.0, dropout=0.0, num_resamples=0, lr=1e-07, scheduler=False, warmup=4000, kl_zero=False, kl_annealing=True, net='hetvae', device='cuda', const_var=False, var_per_dim=False, std=0.1, seed=2, save=True, k_iwae=1) 1196277
validated 3407 files out of 3407 for band='r'
3407 3407
(2614, 1, 2011, 3)
created union_tp attribute of length 3500
dataset created w/ shape (2614, 1, 2011, 3)
train size: 2352, valid size: 236, test size: 262
datasets/ZTF_r
=> loading checkpoint 'ZTF_r0.7303081154823303.h5'
Namespace(n_union_tp=3500, data_folder='datasets/ZTF_r', checkpoint='ZTF_r0.7484720349311829.h5', start_col=1, inc_errors=False, print_at=1, embed_time=128, enc_num_heads=16, latent_dim=64, mixing='concat', num_ref_points=16, rec_hidden=128, width=512, save_at=30, patience=100, early_stopping=False, niters=20000, frac=0.5, batch_size=2, mse_weight=5.0, dropout=0.0, num_resamples=0, lr=5e-07, scheduler=False, warmup=4000, kl_zero=False, kl_annealing=True, net='hetvae', device='cuda', const_var=False, var_per_dim=False, std=0.1, seed=2, save=True, k_iwae=1)
loaded checkpoint w/ loss=2.8077844346867127
model_size=498882
3571,	Iter: 3571, train loss: 897.5289, avg nll: 894.8177, avg wnll: 12924.0537, avg kl: 0.0393, mse: 0.534381, wmse: 6.864114, mae: 0.529952
3572,	Iter: 3572, train loss: 6059.5256, avg nll: 6056.8174, avg wnll: 65268.2383, avg kl: 0.0368, mse: 0.534051, wmse: 6.859305, mae: 0.529893
3573,	Iter: 3573, train loss: 1042.1823, avg nll: 1039.4679, avg wnll: 12418.1357, avg kl: 0.0373, mse: 0.535434, wmse: 6.880658, mae: 0.530269
3574,	Iter: 3574, train loss: 1113.6357, avg nll: 1110.8971, avg wnll: 12408.1133, avg kl: 0.0368, mse: 0.540009, wmse: 6.905567, mae: 0.531280
3575,	Iter: 3575, train loss: 162.4671, avg nll: 159.7428, avg wnll: 2485.8828, avg kl: 0.0380, mse: 0.537246, wmse: 6.873568, mae: 0.530180
3576,	Iter: 3576, train loss: 149.1619, avg nll: 146.4462, avg wnll: 2151.6963, avg kl: 0.0360, mse: 0.535955, wmse: 6.862466, mae: 0.529920
3577,	Iter: 3577, train loss: 3885.8677, avg nll: 3883.1406, avg wnll: 22283.7422, avg kl: 0.0373, mse: 0.537042, wmse: 6.862696, mae: 0.530075
3578,	Iter: 3578, train loss: 2158.0758, avg nll: 2155.3623, avg wnll: 17581.1094, avg kl: 0.0372, mse: 0.535076, wmse: 6.898357, mae: 0.530317
3579,	Iter: 3579, train loss: 3101.7349, avg nll: 3099.0115, avg wnll: 42862.1797, avg kl: 0.0371, mse: 0.537297, wmse: 6.897401, mae: 0.531093
3580,	Iter: 3580, train loss: 312.4783, avg nll: 309.7683, avg wnll: 6226.3164, avg kl: 0.0364, mse: 0.534750, wmse: 6.853940, mae: 0.529146
nll: 12.9949, mse: 0.5486, mae: 0.5320, mean_mse: 7.0383, mean_mae: 0.5320
1679327807.096575
3581,	Iter: 3581, train loss: 2.8212, avg nll: 0.7486, avg wnll: 6.3072, avg kl: 0.0358, mse: 0.407375, wmse: 5.140896, mae: 0.460870
3582,	Iter: 3582, train loss: 2.8036, avg nll: 0.7378, avg wnll: 6.0307, avg kl: 0.0368, mse: 0.405802, wmse: 5.143031, mae: 0.460374
3583,	Iter: 3583, train loss: 2.8265, avg nll: 0.7486, avg wnll: 6.2117, avg kl: 0.0351, mse: 0.408574, wmse: 5.165843, mae: 0.461790
3584,	Iter: 3584, train loss: 2.8328, avg nll: 0.7505, avg wnll: 6.3308, avg kl: 0.0362, mse: 0.409241, wmse: 5.186718, mae: 0.461857
3585,	Iter: 3585, train loss: 2.8291, avg nll: 0.7485, avg wnll: 6.2766, avg kl: 0.0351, mse: 0.409112, wmse: 5.173384, mae: 0.461533
3586,	Iter: 3586, train loss: 2.8411, avg nll: 0.7589, avg wnll: 6.4316, avg kl: 0.0350, mse: 0.409446, wmse: 5.180774, mae: 0.462353
3587,	Iter: 3587, train loss: 2.8247, avg nll: 0.7471, avg wnll: 6.2249, avg kl: 0.0356, mse: 0.408396, wmse: 5.187163, mae: 0.461004
3588,	Iter: 3588, train loss: 2.8292, avg nll: 0.7503, avg wnll: 6.3601, avg kl: 0.0351, mse: 0.408771, wmse: 5.179976, mae: 0.461360
3589,	Iter: 3589, train loss: 2.8096, avg nll: 0.7435, avg wnll: 6.2029, avg kl: 0.0352, mse: 0.406188, wmse: 5.145849, mae: 0.459755
3590,	Iter: 3590, train loss: 2.8256, avg nll: 0.7485, avg wnll: 6.2072, avg kl: 0.0361, mse: 0.408198, wmse: 5.162308, mae: 0.461058
nll: 13.0100, mse: 0.5486, mae: 0.5320, mean_mse: 7.0384, mean_mae: 0.5320
1679328674.724707
3591,	Iter: 3591, train loss: 2.8211, avg nll: 0.7484, avg wnll: 6.3052, avg kl: 0.0358, mse: 0.407372, wmse: 5.140952, mae: 0.460867
3592,	Iter: 3592, train loss: 2.8033, avg nll: 0.7375, avg wnll: 6.0280, avg kl: 0.0368, mse: 0.405792, wmse: 5.143167, mae: 0.460366
3593,	Iter: 3593, train loss: 2.8258, avg nll: 0.7479, avg wnll: 6.2030, avg kl: 0.0351, mse: 0.408555, wmse: 5.166085, mae: 0.461775
3594,	Iter: 3594, train loss: 2.8308, avg nll: 0.7486, avg wnll: 6.3014, avg kl: 0.0361, mse: 0.409199, wmse: 5.186524, mae: 0.461824
3595,	Iter: 3595, train loss: 2.8258, avg nll: 0.7456, avg wnll: 6.2396, avg kl: 0.0351, mse: 0.409033, wmse: 5.172542, mae: 0.461473
3596,	Iter: 3596, train loss: 2.8379, avg nll: 0.7560, avg wnll: 6.3989, avg kl: 0.0350, mse: 0.409369, wmse: 5.179530, mae: 0.462291
3597,	Iter: 3597, train loss: 2.8187, avg nll: 0.7419, avg wnll: 6.1559, avg kl: 0.0357, mse: 0.408228, wmse: 5.184478, mae: 0.460873
3598,	Iter: 3598, train loss: 2.8177, avg nll: 0.7400, avg wnll: 6.2198, avg kl: 0.0353, mse: 0.408484, wmse: 5.175869, mae: 0.461131
3599,	Iter: 3599, train loss: 2.7979, avg nll: 0.7332, avg wnll: 6.0868, avg kl: 0.0355, mse: 0.405841, wmse: 5.141342, mae: 0.459477
3600,	Iter: 3600, train loss: 2.8141, avg nll: 0.7374, avg wnll: 6.1065, avg kl: 0.0366, mse: 0.407994, wmse: 5.159003, mae: 0.460859
nll: 15.5654, mse: 0.5487, mae: 0.5321, mean_mse: 7.0414, mean_mae: 0.5321
1679329575.099012
saving.................
done
3601,	Iter: 3601, train loss: 2.8108, avg nll: 0.7394, avg wnll: 6.2441, avg kl: 0.0363, mse: 0.407026, wmse: 5.136641, mae: 0.460602
3602,	Iter: 3602, train loss: 2.7922, avg nll: 0.7282, avg wnll: 5.9777, avg kl: 0.0373, mse: 0.405342, wmse: 5.137954, mae: 0.460021
3603,	Iter: 3603, train loss: 2.8083, avg nll: 0.7327, avg wnll: 6.0749, avg kl: 0.0357, mse: 0.407986, wmse: 5.158808, mae: 0.461349
3604,	Iter: 3604, train loss: 2.8136, avg nll: 0.7332, avg wnll: 6.1683, avg kl: 0.0367, mse: 0.408735, wmse: 5.180028, mae: 0.461480
3605,	Iter: 3605, train loss: 2.8074, avg nll: 0.7295, avg wnll: 6.1342, avg kl: 0.0357, mse: 0.408448, wmse: 5.164141, mae: 0.461017
3606,	Iter: 3606, train loss: 2.8200, avg nll: 0.7396, avg wnll: 6.2770, avg kl: 0.0357, mse: 0.408952, wmse: 5.173293, mae: 0.461996
3607,	Iter: 3607, train loss: 2.8054, avg nll: 0.7301, avg wnll: 6.1025, avg kl: 0.0363, mse: 0.407809, wmse: 5.177273, mae: 0.460529
3608,	Iter: 3608, train loss: 2.8016, avg nll: 0.7251, avg wnll: 6.1347, avg kl: 0.0358, mse: 0.408134, wmse: 5.170309, mae: 0.460815
3609,	Iter: 3609, train loss: 2.7836, avg nll: 0.7195, avg wnll: 6.0320, avg kl: 0.0360, mse: 0.405629, wmse: 5.137863, mae: 0.459295
3610,	Iter: 3610, train loss: 2.8084, avg nll: 0.7312, avg wnll: 6.1518, avg kl: 0.0371, mse: 0.408017, wmse: 5.157977, mae: 0.460861
nll: 18.5820, mse: 0.5489, mae: 0.5321, mean_mse: 7.0434, mean_mae: 0.5321
1679330456.92544
3611,	Iter: 3611, train loss: 2.8125, avg nll: 0.7411, avg wnll: 6.3594, avg kl: 0.0363, mse: 0.407007, wmse: 5.136099, mae: 0.460634
3612,	Iter: 3612, train loss: 2.7901, avg nll: 0.7267, avg wnll: 6.0089, avg kl: 0.0372, mse: 0.405262, wmse: 5.136436, mae: 0.459971
3613,	Iter: 3613, train loss: 2.8050, avg nll: 0.7300, avg wnll: 6.0829, avg kl: 0.0356, mse: 0.407880, wmse: 5.157096, mae: 0.461274
3614,	Iter: 3614, train loss: 2.8117, avg nll: 0.7315, avg wnll: 6.1859, avg kl: 0.0367, mse: 0.408713, wmse: 5.179399, mae: 0.461464
3615,	Iter: 3615, train loss: 2.8053, avg nll: 0.7278, avg wnll: 6.1413, avg kl: 0.0356, mse: 0.408384, wmse: 5.162948, mae: 0.460966
3616,	Iter: 3616, train loss: 2.8179, avg nll: 0.7376, avg wnll: 6.2803, avg kl: 0.0356, mse: 0.408945, wmse: 5.172920, mae: 0.461988
3617,	Iter: 3617, train loss: 2.8043, avg nll: 0.7290, avg wnll: 6.1118, avg kl: 0.0362, mse: 0.407813, wmse: 5.177057, mae: 0.460522
3618,	Iter: 3618, train loss: 2.8002, avg nll: 0.7237, avg wnll: 6.1491, avg kl: 0.0358, mse: 0.408133, wmse: 5.170148, mae: 0.460807
3619,	Iter: 3619, train loss: 2.7820, avg nll: 0.7178, avg wnll: 6.0403, avg kl: 0.0359, mse: 0.405657, wmse: 5.138128, mae: 0.459313
3620,	Iter: 3620, train loss: 2.8076, avg nll: 0.7303, avg wnll: 6.1674, avg kl: 0.0371, mse: 0.408055, wmse: 5.158356, mae: 0.460887
nll: 18.8973, mse: 0.5489, mae: 0.5321, mean_mse: 7.0436, mean_mae: 0.5321
1679331347.1926901
3621,	Iter: 3621, train loss: 2.8107, avg nll: 0.7394, avg wnll: 6.3484, avg kl: 0.0363, mse: 0.407000, wmse: 5.136086, mae: 0.460620
3622,	Iter: 3622, train loss: 2.7896, avg nll: 0.7262, avg wnll: 6.0237, avg kl: 0.0371, mse: 0.405259, wmse: 5.136450, mae: 0.459964
3623,	Iter: 3623, train loss: 2.8037, avg nll: 0.7290, avg wnll: 6.0903, avg kl: 0.0356, mse: 0.407845, wmse: 5.156585, mae: 0.461247
3624,	Iter: 3624, train loss: 2.8107, avg nll: 0.7306, avg wnll: 6.1968, avg kl: 0.0366, mse: 0.408698, wmse: 5.179094, mae: 0.461452
3625,	Iter: 3625, train loss: 2.8045, avg nll: 0.7271, avg wnll: 6.1531, avg kl: 0.0355, mse: 0.408368, wmse: 5.162657, mae: 0.460951
3626,	Iter: 3626, train loss: 2.8169, avg nll: 0.7366, avg wnll: 6.2879, avg kl: 0.0356, mse: 0.408940, wmse: 5.172817, mae: 0.461983
3627,	Iter: 3627, train loss: 2.8037, avg nll: 0.7284, avg wnll: 6.1193, avg kl: 0.0362, mse: 0.407819, wmse: 5.177048, mae: 0.460521
3628,	Iter: 3628, train loss: 2.7994, avg nll: 0.7230, avg wnll: 6.1615, avg kl: 0.0358, mse: 0.408132, wmse: 5.170093, mae: 0.460804
3629,	Iter: 3629, train loss: 2.7810, avg nll: 0.7167, avg wnll: 6.0478, avg kl: 0.0359, mse: 0.405664, wmse: 5.138196, mae: 0.459316
3630,	Iter: 3630, train loss: 2.8070, avg nll: 0.7296, avg wnll: 6.1776, avg kl: 0.0371, mse: 0.408069, wmse: 5.158506, mae: 0.460896
nll: 19.0485, mse: 0.5489, mae: 0.5321, mean_mse: 7.0437, mean_mae: 0.5321
1679332239.8920841
saving.................
done
3631,	Iter: 3631, train loss: 2.8094, avg nll: 0.7382, avg wnll: 6.3383, avg kl: 0.0362, mse: 0.406998, wmse: 5.136162, mae: 0.460609
3632,	Iter: 3632, train loss: 2.7893, avg nll: 0.7259, avg wnll: 6.0333, avg kl: 0.0371, mse: 0.405264, wmse: 5.136576, mae: 0.459963
3633,	Iter: 3633, train loss: 2.8030, avg nll: 0.7283, avg wnll: 6.0977, avg kl: 0.0355, mse: 0.407833, wmse: 5.156342, mae: 0.461234
3634,	Iter: 3634, train loss: 2.8101, avg nll: 0.7301, avg wnll: 6.2043, avg kl: 0.0366, mse: 0.408692, wmse: 5.178998, mae: 0.461446
3635,	Iter: 3635, train loss: 2.8040, avg nll: 0.7267, avg wnll: 6.1609, avg kl: 0.0355, mse: 0.408368, wmse: 5.162633, mae: 0.460948
3636,	Iter: 3636, train loss: 2.8165, avg nll: 0.7362, avg wnll: 6.2958, avg kl: 0.0356, mse: 0.408938, wmse: 5.172799, mae: 0.461981
3637,	Iter: 3637, train loss: 2.8034, avg nll: 0.7281, avg wnll: 6.1253, avg kl: 0.0362, mse: 0.407822, wmse: 5.176996, mae: 0.460521
3638,	Iter: 3638, train loss: 2.7991, avg nll: 0.7227, avg wnll: 6.1710, avg kl: 0.0357, mse: 0.408136, wmse: 5.170096, mae: 0.460806
3639,	Iter: 3639, train loss: 2.7805, avg nll: 0.7163, avg wnll: 6.0542, avg kl: 0.0358, mse: 0.405670, wmse: 5.138290, mae: 0.459320
3640,	Iter: 3640, train loss: 2.8065, avg nll: 0.7292, avg wnll: 6.1837, avg kl: 0.0370, mse: 0.408070, wmse: 5.158532, mae: 0.460896
nll: 19.1769, mse: 0.5489, mae: 0.5321, mean_mse: 7.0438, mean_mae: 0.5321
1679333097.288585
3641,	Iter: 3641, train loss: 2.8087, avg nll: 0.7375, avg wnll: 6.3340, avg kl: 0.0362, mse: 0.406994, wmse: 5.136144, mae: 0.460598
3642,	Iter: 3642, train loss: 2.7890, avg nll: 0.7256, avg wnll: 6.0397, avg kl: 0.0370, mse: 0.405268, wmse: 5.136654, mae: 0.459962
3643,	Iter: 3643, train loss: 2.8025, avg nll: 0.7279, avg wnll: 6.1033, avg kl: 0.0355, mse: 0.407828, wmse: 5.156226, mae: 0.461228
3644,	Iter: 3644, train loss: 2.8097, avg nll: 0.7298, avg wnll: 6.2097, avg kl: 0.0365, mse: 0.408691, wmse: 5.178999, mae: 0.461442
3645,	Iter: 3645, train loss: 2.8037, avg nll: 0.7264, avg wnll: 6.1663, avg kl: 0.0354, mse: 0.408372, wmse: 5.162694, mae: 0.460950
3646,	Iter: 3646, train loss: 2.8163, avg nll: 0.7360, avg wnll: 6.3002, avg kl: 0.0355, mse: 0.408945, wmse: 5.172842, mae: 0.461983
3647,	Iter: 3647, train loss: 2.8032, avg nll: 0.7280, avg wnll: 6.1316, avg kl: 0.0361, mse: 0.407825, wmse: 5.177056, mae: 0.460523
3648,	Iter: 3648, train loss: 2.7989, avg nll: 0.7225, avg wnll: 6.1776, avg kl: 0.0357, mse: 0.408139, wmse: 5.170181, mae: 0.460808
3649,	Iter: 3649, train loss: 2.7802, avg nll: 0.7161, avg wnll: 6.0585, avg kl: 0.0358, mse: 0.405678, wmse: 5.138430, mae: 0.459324
3650,	Iter: 3650, train loss: 2.8062, avg nll: 0.7289, avg wnll: 6.1873, avg kl: 0.0369, mse: 0.408068, wmse: 5.158533, mae: 0.460893
nll: 19.2911, mse: 0.5489, mae: 0.5321, mean_mse: 7.0437, mean_mae: 0.5321
1679333989.124221
3651,	Iter: 3651, train loss: 2.8083, avg nll: 0.7372, avg wnll: 6.3362, avg kl: 0.0361, mse: 0.406988, wmse: 5.136127, mae: 0.460593
3652,	Iter: 3652, train loss: 2.7887, avg nll: 0.7254, avg wnll: 6.0438, avg kl: 0.0370, mse: 0.405267, wmse: 5.136681, mae: 0.459960
3653,	Iter: 3653, train loss: 2.8022, avg nll: 0.7276, avg wnll: 6.1064, avg kl: 0.0355, mse: 0.407824, wmse: 5.156158, mae: 0.461224
3654,	Iter: 3654, train loss: 2.8095, avg nll: 0.7296, avg wnll: 6.2120, avg kl: 0.0365, mse: 0.408689, wmse: 5.178997, mae: 0.461438
3655,	Iter: 3655, train loss: 2.8035, avg nll: 0.7263, avg wnll: 6.1693, avg kl: 0.0354, mse: 0.408373, wmse: 5.162754, mae: 0.460950
3656,	Iter: 3656, train loss: 2.8161, avg nll: 0.7359, avg wnll: 6.3045, avg kl: 0.0355, mse: 0.408948, wmse: 5.172984, mae: 0.461985
3657,	Iter: 3657, train loss: 2.8030, avg nll: 0.7278, avg wnll: 6.1340, avg kl: 0.0360, mse: 0.407832, wmse: 5.177111, mae: 0.460527
3658,	Iter: 3658, train loss: 2.7988, avg nll: 0.7224, avg wnll: 6.1809, avg kl: 0.0356, mse: 0.408150, wmse: 5.170312, mae: 0.460816
3659,	Iter: 3659, train loss: 2.7801, avg nll: 0.7159, avg wnll: 6.0609, avg kl: 0.0357, mse: 0.405686, wmse: 5.138564, mae: 0.459329
3660,	Iter: 3660, train loss: 2.8060, avg nll: 0.7288, avg wnll: 6.1895, avg kl: 0.0369, mse: 0.408068, wmse: 5.158566, mae: 0.460892
nll: 19.3997, mse: 0.5489, mae: 0.5321, mean_mse: 7.0436, mean_mae: 0.5321
1679334848.48811
saving.................
done
3661,	Iter: 3661, train loss: 2.8080, avg nll: 0.7370, avg wnll: 6.3368, avg kl: 0.0361, mse: 0.406986, wmse: 5.136097, mae: 0.460591
3662,	Iter: 3662, train loss: 2.7885, avg nll: 0.7252, avg wnll: 6.0465, avg kl: 0.0370, mse: 0.405265, wmse: 5.136677, mae: 0.459958
3663,	Iter: 3663, train loss: 2.8020, avg nll: 0.7274, avg wnll: 6.1086, avg kl: 0.0354, mse: 0.407826, wmse: 5.156150, mae: 0.461224
3664,	Iter: 3664, train loss: 2.8093, avg nll: 0.7294, avg wnll: 6.2149, avg kl: 0.0364, mse: 0.408689, wmse: 5.179003, mae: 0.461437
3665,	Iter: 3665, train loss: 2.8033, avg nll: 0.7261, avg wnll: 6.1722, avg kl: 0.0353, mse: 0.408377, wmse: 5.162850, mae: 0.460953
3666,	Iter: 3666, train loss: 2.8160, avg nll: 0.7358, avg wnll: 6.3065, avg kl: 0.0354, mse: 0.408958, wmse: 5.173096, mae: 0.461990
3667,	Iter: 3667, train loss: 2.8029, avg nll: 0.7277, avg wnll: 6.1378, avg kl: 0.0360, mse: 0.407836, wmse: 5.177242, mae: 0.460531
3668,	Iter: 3668, train loss: 2.7986, avg nll: 0.7223, avg wnll: 6.1842, avg kl: 0.0356, mse: 0.408151, wmse: 5.170371, mae: 0.460817
3669,	Iter: 3669, train loss: 2.7799, avg nll: 0.7158, avg wnll: 6.0629, avg kl: 0.0357, mse: 0.405693, wmse: 5.138666, mae: 0.459333
3670,	Iter: 3670, train loss: 2.8058, avg nll: 0.7286, avg wnll: 6.1908, avg kl: 0.0368, mse: 0.408068, wmse: 5.158596, mae: 0.460891
nll: 19.4638, mse: 0.5489, mae: 0.5321, mean_mse: 7.0435, mean_mae: 0.5321
1679335751.5049012
3671,	Iter: 3671, train loss: 2.8078, avg nll: 0.7369, avg wnll: 6.3388, avg kl: 0.0360, mse: 0.406983, wmse: 5.136083, mae: 0.460589
3672,	Iter: 3672, train loss: 2.7883, avg nll: 0.7251, avg wnll: 6.0481, avg kl: 0.0369, mse: 0.405267, wmse: 5.136710, mae: 0.459959
3673,	Iter: 3673, train loss: 2.8018, avg nll: 0.7273, avg wnll: 6.1094, avg kl: 0.0353, mse: 0.407827, wmse: 5.156187, mae: 0.461224
3674,	Iter: 3674, train loss: 2.8091, avg nll: 0.7293, avg wnll: 6.2150, avg kl: 0.0364, mse: 0.408689, wmse: 5.179027, mae: 0.461436
3675,	Iter: 3675, train loss: 2.8032, avg nll: 0.7260, avg wnll: 6.1725, avg kl: 0.0352, mse: 0.408384, wmse: 5.162955, mae: 0.460957
3676,	Iter: 3676, train loss: 2.8159, avg nll: 0.7357, avg wnll: 6.3081, avg kl: 0.0353, mse: 0.408960, wmse: 5.173202, mae: 0.461991
3677,	Iter: 3677, train loss: 2.8028, avg nll: 0.7277, avg wnll: 6.1384, avg kl: 0.0359, mse: 0.407841, wmse: 5.177248, mae: 0.460534
3678,	Iter: 3678, train loss: 2.7985, avg nll: 0.7222, avg wnll: 6.1849, avg kl: 0.0355, mse: 0.408163, wmse: 5.170495, mae: 0.460823
3679,	Iter: 3679, train loss: 2.7798, avg nll: 0.7157, avg wnll: 6.0632, avg kl: 0.0356, mse: 0.405697, wmse: 5.138737, mae: 0.459336
3680,	Iter: 3680, train loss: 2.8057, avg nll: 0.7286, avg wnll: 6.1919, avg kl: 0.0368, mse: 0.408073, wmse: 5.158691, mae: 0.460894
nll: 19.5626, mse: 0.5489, mae: 0.5321, mean_mse: 7.0434, mean_mae: 0.5321
1679336657.067123
3681,	Iter: 3681, train loss: 2.8076, avg nll: 0.7367, avg wnll: 6.3398, avg kl: 0.0360, mse: 0.406983, wmse: 5.136052, mae: 0.460588
3682,	Iter: 3682, train loss: 2.7881, avg nll: 0.7250, avg wnll: 6.0496, avg kl: 0.0369, mse: 0.405265, wmse: 5.136698, mae: 0.459958
3683,	Iter: 3683, train loss: 2.8016, avg nll: 0.7272, avg wnll: 6.1102, avg kl: 0.0353, mse: 0.407827, wmse: 5.156168, mae: 0.461224
3684,	Iter: 3684, train loss: 2.8090, avg nll: 0.7292, avg wnll: 6.2176, avg kl: 0.0363, mse: 0.408688, wmse: 5.179043, mae: 0.461437
3685,	Iter: 3685, train loss: 2.8031, avg nll: 0.7259, avg wnll: 6.1741, avg kl: 0.0352, mse: 0.408389, wmse: 5.163051, mae: 0.460961
3686,	Iter: 3686, train loss: 2.8158, avg nll: 0.7357, avg wnll: 6.3087, avg kl: 0.0353, mse: 0.408967, wmse: 5.173276, mae: 0.461995
3687,	Iter: 3687, train loss: 2.8027, avg nll: 0.7276, avg wnll: 6.1412, avg kl: 0.0359, mse: 0.407844, wmse: 5.177389, mae: 0.460537
3688,	Iter: 3688, train loss: 2.7984, avg nll: 0.7221, avg wnll: 6.1872, avg kl: 0.0355, mse: 0.408162, wmse: 5.170538, mae: 0.460824
3689,	Iter: 3689, train loss: 2.7797, avg nll: 0.7156, avg wnll: 6.0644, avg kl: 0.0356, mse: 0.405702, wmse: 5.138828, mae: 0.459338
3690,	Iter: 3690, train loss: 2.8055, avg nll: 0.7285, avg wnll: 6.1920, avg kl: 0.0367, mse: 0.408073, wmse: 5.158720, mae: 0.460893
nll: 19.6132, mse: 0.5489, mae: 0.5321, mean_mse: 7.0434, mean_mae: 0.5321
1679337527.7823503
saving.................
done
3691,	Iter: 3691, train loss: 2.8074, avg nll: 0.7366, avg wnll: 6.3404, avg kl: 0.0359, mse: 0.406979, wmse: 5.136036, mae: 0.460586
3692,	Iter: 3692, train loss: 2.7880, avg nll: 0.7249, avg wnll: 6.0504, avg kl: 0.0368, mse: 0.405270, wmse: 5.136748, mae: 0.459962
3693,	Iter: 3693, train loss: 2.8015, avg nll: 0.7271, avg wnll: 6.1104, avg kl: 0.0353, mse: 0.407830, wmse: 5.156210, mae: 0.461225
3694,	Iter: 3694, train loss: 2.8088, avg nll: 0.7291, avg wnll: 6.2166, avg kl: 0.0362, mse: 0.408692, wmse: 5.179090, mae: 0.461438
3695,	Iter: 3695, train loss: 2.8029, avg nll: 0.7258, avg wnll: 6.1741, avg kl: 0.0351, mse: 0.408391, wmse: 5.163078, mae: 0.460960
3696,	Iter: 3696, train loss: 2.8157, avg nll: 0.7356, avg wnll: 6.3095, avg kl: 0.0352, mse: 0.408970, wmse: 5.173376, mae: 0.461996
3697,	Iter: 3697, train loss: 2.8026, avg nll: 0.7275, avg wnll: 6.1411, avg kl: 0.0359, mse: 0.407851, wmse: 5.177383, mae: 0.460541
3698,	Iter: 3698, train loss: 2.7983, avg nll: 0.7221, avg wnll: 6.1872, avg kl: 0.0354, mse: 0.408173, wmse: 5.170649, mae: 0.460831
3699,	Iter: 3699, train loss: 2.7796, avg nll: 0.7155, avg wnll: 6.0639, avg kl: 0.0355, mse: 0.405706, wmse: 5.138888, mae: 0.459342
3700,	Iter: 3700, train loss: 2.8055, avg nll: 0.7284, avg wnll: 6.1927, avg kl: 0.0367, mse: 0.408076, wmse: 5.158804, mae: 0.460895
nll: 19.7258, mse: 0.5489, mae: 0.5321, mean_mse: 7.0434, mean_mae: 0.5321
1679338415.1550994
3701,	Iter: 3701, train loss: 2.8073, avg nll: 0.7365, avg wnll: 6.3416, avg kl: 0.0359, mse: 0.406981, wmse: 5.136032, mae: 0.460586
3702,	Iter: 3702, train loss: 2.7879, avg nll: 0.7248, avg wnll: 6.0512, avg kl: 0.0368, mse: 0.405267, wmse: 5.136739, mae: 0.459961
3703,	Iter: 3703, train loss: 2.8014, avg nll: 0.7270, avg wnll: 6.1109, avg kl: 0.0352, mse: 0.407831, wmse: 5.156234, mae: 0.461226
3704,	Iter: 3704, train loss: 2.8087, avg nll: 0.7291, avg wnll: 6.2187, avg kl: 0.0362, mse: 0.408692, wmse: 5.179131, mae: 0.461438
3705,	Iter: 3705, train loss: 2.8028, avg nll: 0.7257, avg wnll: 6.1752, avg kl: 0.0351, mse: 0.408395, wmse: 5.163186, mae: 0.460964
3706,	Iter: 3706, train loss: 2.8156, avg nll: 0.7355, avg wnll: 6.3098, avg kl: 0.0352, mse: 0.408975, wmse: 5.173423, mae: 0.461998
3707,	Iter: 3707, train loss: 2.8026, avg nll: 0.7275, avg wnll: 6.1430, avg kl: 0.0358, mse: 0.407851, wmse: 5.177549, mae: 0.460544
3708,	Iter: 3708, train loss: 2.7982, avg nll: 0.7220, avg wnll: 6.1885, avg kl: 0.0354, mse: 0.408171, wmse: 5.170681, mae: 0.460831
3709,	Iter: 3709, train loss: 2.7795, avg nll: 0.7154, avg wnll: 6.0646, avg kl: 0.0355, mse: 0.405711, wmse: 5.138981, mae: 0.459344
3710,	Iter: 3710, train loss: 2.8053, avg nll: 0.7283, avg wnll: 6.1923, avg kl: 0.0366, mse: 0.408074, wmse: 5.158818, mae: 0.460893
nll: 19.7646, mse: 0.5489, mae: 0.5321, mean_mse: 7.0433, mean_mae: 0.5321
1679339297.3023133
3711,	Iter: 3711, train loss: 2.8071, avg nll: 0.7364, avg wnll: 6.3410, avg kl: 0.0359, mse: 0.406977, wmse: 5.136014, mae: 0.460584
3712,	Iter: 3712, train loss: 2.7877, avg nll: 0.7247, avg wnll: 6.0516, avg kl: 0.0367, mse: 0.405270, wmse: 5.136761, mae: 0.459963
3713,	Iter: 3713, train loss: 2.8013, avg nll: 0.7269, avg wnll: 6.1108, avg kl: 0.0352, mse: 0.407834, wmse: 5.156290, mae: 0.461227
3714,	Iter: 3714, train loss: 2.8086, avg nll: 0.7290, avg wnll: 6.2172, avg kl: 0.0362, mse: 0.408696, wmse: 5.179173, mae: 0.461438
3715,	Iter: 3715, train loss: 2.8027, avg nll: 0.7257, avg wnll: 6.1752, avg kl: 0.0351, mse: 0.408397, wmse: 5.163226, mae: 0.460964
3716,	Iter: 3716, train loss: 2.8155, avg nll: 0.7354, avg wnll: 6.3099, avg kl: 0.0352, mse: 0.408977, wmse: 5.173509, mae: 0.461998
3717,	Iter: 3717, train loss: 2.8025, avg nll: 0.7274, avg wnll: 6.1427, avg kl: 0.0358, mse: 0.407857, wmse: 5.177509, mae: 0.460546
3718,	Iter: 3718, train loss: 2.7982, avg nll: 0.7219, avg wnll: 6.1884, avg kl: 0.0353, mse: 0.408181, wmse: 5.170776, mae: 0.460836
3719,	Iter: 3719, train loss: 2.7794, avg nll: 0.7154, avg wnll: 6.0639, avg kl: 0.0354, mse: 0.405714, wmse: 5.139006, mae: 0.459347
3720,	Iter: 3720, train loss: 2.8052, avg nll: 0.7282, avg wnll: 6.1926, avg kl: 0.0366, mse: 0.408077, wmse: 5.158878, mae: 0.460895
nll: 19.8241, mse: 0.5489, mae: 0.5321, mean_mse: 7.0433, mean_mae: 0.5321
1679340188.4613395
saving.................
done
3721,	Iter: 3721, train loss: 2.8071, avg nll: 0.7363, avg wnll: 6.3427, avg kl: 0.0358, mse: 0.406981, wmse: 5.136058, mae: 0.460586
3722,	Iter: 3722, train loss: 2.7876, avg nll: 0.7246, avg wnll: 6.0526, avg kl: 0.0367, mse: 0.405270, wmse: 5.136779, mae: 0.459963
3723,	Iter: 3723, train loss: 2.8011, avg nll: 0.7268, avg wnll: 6.1111, avg kl: 0.0351, mse: 0.407836, wmse: 5.156317, mae: 0.461228
3724,	Iter: 3724, train loss: 2.8085, avg nll: 0.7289, avg wnll: 6.2190, avg kl: 0.0361, mse: 0.408696, wmse: 5.179220, mae: 0.461440
3725,	Iter: 3725, train loss: 2.8026, avg nll: 0.7256, avg wnll: 6.1758, avg kl: 0.0350, mse: 0.408402, wmse: 5.163333, mae: 0.460969
3726,	Iter: 3726, train loss: 2.8154, avg nll: 0.7354, avg wnll: 6.3103, avg kl: 0.0351, mse: 0.408982, wmse: 5.173581, mae: 0.462002
3727,	Iter: 3727, train loss: 2.8024, avg nll: 0.7273, avg wnll: 6.1437, avg kl: 0.0357, mse: 0.407857, wmse: 5.177668, mae: 0.460548
3728,	Iter: 3728, train loss: 2.7980, avg nll: 0.7218, avg wnll: 6.1895, avg kl: 0.0353, mse: 0.408178, wmse: 5.170790, mae: 0.460835
3729,	Iter: 3729, train loss: 2.7793, avg nll: 0.7153, avg wnll: 6.0644, avg kl: 0.0354, mse: 0.405718, wmse: 5.139102, mae: 0.459348
3730,	Iter: 3730, train loss: 2.8051, avg nll: 0.7281, avg wnll: 6.1922, avg kl: 0.0365, mse: 0.408077, wmse: 5.158915, mae: 0.460894
nll: 19.8807, mse: 0.5489, mae: 0.5321, mean_mse: 7.0433, mean_mae: 0.5321
1679341065.9007368
3731,	Iter: 3731, train loss: 2.8069, avg nll: 0.7362, avg wnll: 6.3416, avg kl: 0.0358, mse: 0.406978, wmse: 5.136047, mae: 0.460583
3732,	Iter: 3732, train loss: 2.7875, avg nll: 0.7245, avg wnll: 6.0529, avg kl: 0.0366, mse: 0.405273, wmse: 5.136806, mae: 0.459966
3733,	Iter: 3733, train loss: 2.8010, avg nll: 0.7268, avg wnll: 6.1113, avg kl: 0.0351, mse: 0.407839, wmse: 5.156373, mae: 0.461230
3734,	Iter: 3734, train loss: 2.8084, avg nll: 0.7288, avg wnll: 6.2173, avg kl: 0.0361, mse: 0.408700, wmse: 5.179257, mae: 0.461441
3735,	Iter: 3735, train loss: 2.8025, avg nll: 0.7255, avg wnll: 6.1759, avg kl: 0.0350, mse: 0.408404, wmse: 5.163348, mae: 0.460969
3736,	Iter: 3736, train loss: 2.8153, avg nll: 0.7353, avg wnll: 6.3098, avg kl: 0.0351, mse: 0.408981, wmse: 5.173604, mae: 0.462000
3737,	Iter: 3737, train loss: 2.8023, avg nll: 0.7273, avg wnll: 6.1437, avg kl: 0.0357, mse: 0.407864, wmse: 5.177648, mae: 0.460551
3738,	Iter: 3738, train loss: 2.7980, avg nll: 0.7218, avg wnll: 6.1891, avg kl: 0.0353, mse: 0.408185, wmse: 5.170878, mae: 0.460839
3739,	Iter: 3739, train loss: 2.7792, avg nll: 0.7152, avg wnll: 6.0640, avg kl: 0.0354, mse: 0.405720, wmse: 5.139110, mae: 0.459350
3740,	Iter: 3740, train loss: 2.8050, avg nll: 0.7281, avg wnll: 6.1927, avg kl: 0.0365, mse: 0.408079, wmse: 5.158965, mae: 0.460895
nll: 19.9530, mse: 0.5488, mae: 0.5321, mean_mse: 7.0433, mean_mae: 0.5321
1679341925.6015627
3741,	Iter: 3741, train loss: 2.8068, avg nll: 0.7361, avg wnll: 6.3436, avg kl: 0.0358, mse: 0.406982, wmse: 5.136074, mae: 0.460586
3742,	Iter: 3742, train loss: 2.7874, avg nll: 0.7244, avg wnll: 6.0541, avg kl: 0.0366, mse: 0.405273, wmse: 5.136815, mae: 0.459966
3743,	Iter: 3743, train loss: 2.8009, avg nll: 0.7267, avg wnll: 6.1118, avg kl: 0.0351, mse: 0.407840, wmse: 5.156390, mae: 0.461231
3744,	Iter: 3744, train loss: 2.8083, avg nll: 0.7288, avg wnll: 6.2195, avg kl: 0.0360, mse: 0.408700, wmse: 5.179301, mae: 0.461442
3745,	Iter: 3745, train loss: 2.8024, avg nll: 0.7254, avg wnll: 6.1768, avg kl: 0.0349, mse: 0.408408, wmse: 5.163472, mae: 0.460972
3746,	Iter: 3746, train loss: 2.8152, avg nll: 0.7352, avg wnll: 6.3109, avg kl: 0.0350, mse: 0.408987, wmse: 5.173707, mae: 0.462004
3747,	Iter: 3747, train loss: 2.8022, avg nll: 0.7272, avg wnll: 6.1445, avg kl: 0.0357, mse: 0.407862, wmse: 5.177760, mae: 0.460552
3748,	Iter: 3748, train loss: 2.7978, avg nll: 0.7217, avg wnll: 6.1906, avg kl: 0.0352, mse: 0.408185, wmse: 5.170881, mae: 0.460840
3749,	Iter: 3749, train loss: 2.7791, avg nll: 0.7151, avg wnll: 6.0643, avg kl: 0.0353, mse: 0.405725, wmse: 5.139202, mae: 0.459352
3750,	Iter: 3750, train loss: 2.7682, avg nll: 0.7280, avg wnll: 6.1972, avg kl: 0.0368, mse: 0.408045, wmse: 5.158413, mae: 0.460871
nll: 20.1339, mse: 0.5489, mae: 0.5321, mean_mse: 7.0433, mean_mae: 0.5321
1679342813.3726397
saving.................
done
3751,	Iter: 3751, train loss: 2.7707, avg nll: 0.7360, avg wnll: 6.3527, avg kl: 0.0364, mse: 0.406909, wmse: 5.134886, mae: 0.460527
3752,	Iter: 3752, train loss: 2.7504, avg nll: 0.7241, avg wnll: 6.0630, avg kl: 0.0375, mse: 0.405180, wmse: 5.135434, mae: 0.459892
3753,	Iter: 3753, train loss: 2.7659, avg nll: 0.7265, avg wnll: 6.1232, avg kl: 0.0361, mse: 0.407778, wmse: 5.155139, mae: 0.461170
3754,	Iter: 3754, train loss: 2.7724, avg nll: 0.7285, avg wnll: 6.2325, avg kl: 0.0372, mse: 0.408611, wmse: 5.177796, mae: 0.461377
3755,	Iter: 3755, train loss: 2.7679, avg nll: 0.7253, avg wnll: 6.1891, avg kl: 0.0362, mse: 0.408343, wmse: 5.162091, mae: 0.460908
3756,	Iter: 3756, train loss: 2.7804, avg nll: 0.7350, avg wnll: 6.3225, avg kl: 0.0364, mse: 0.408848, wmse: 5.171564, mae: 0.461892
3757,	Iter: 3757, train loss: 2.7671, avg nll: 0.7269, avg wnll: 6.1598, avg kl: 0.0372, mse: 0.407747, wmse: 5.175465, mae: 0.460455
3758,	Iter: 3758, train loss: 2.7634, avg nll: 0.7216, avg wnll: 6.2044, avg kl: 0.0368, mse: 0.408064, wmse: 5.168671, mae: 0.460745
3759,	Iter: 3759, train loss: 2.7446, avg nll: 0.7149, avg wnll: 6.0729, avg kl: 0.0369, mse: 0.405584, wmse: 5.136655, mae: 0.459223
3760,	Iter: 3760, train loss: 2.7692, avg nll: 0.7276, avg wnll: 6.2033, avg kl: 0.0381, mse: 0.407900, wmse: 5.156085, mae: 0.460766
nll: 20.2388, mse: 0.5489, mae: 0.5322, mean_mse: 7.0436, mean_mae: 0.5322
1679343704.267321
3761,	Iter: 3761, train loss: 2.7721, avg nll: 0.7359, avg wnll: 6.3622, avg kl: 0.0375, mse: 0.406810, wmse: 5.133106, mae: 0.460449
3762,	Iter: 3762, train loss: 2.7518, avg nll: 0.7239, avg wnll: 6.0671, avg kl: 0.0384, mse: 0.405088, wmse: 5.134062, mae: 0.459821
3763,	Iter: 3763, train loss: 2.7673, avg nll: 0.7262, avg wnll: 6.1238, avg kl: 0.0369, mse: 0.407720, wmse: 5.153995, mae: 0.461122
3764,	Iter: 3764, train loss: 2.7738, avg nll: 0.7282, avg wnll: 6.2335, avg kl: 0.0380, mse: 0.408553, wmse: 5.176811, mae: 0.461339
3765,	Iter: 3765, train loss: 2.7694, avg nll: 0.7250, avg wnll: 6.1884, avg kl: 0.0369, mse: 0.408284, wmse: 5.161009, mae: 0.460869
3766,	Iter: 3766, train loss: 2.7819, avg nll: 0.7348, avg wnll: 6.3246, avg kl: 0.0370, mse: 0.408786, wmse: 5.170563, mae: 0.461851
3767,	Iter: 3767, train loss: 2.7687, avg nll: 0.7268, avg wnll: 6.1598, avg kl: 0.0378, mse: 0.407697, wmse: 5.174705, mae: 0.460420
3768,	Iter: 3768, train loss: 2.7649, avg nll: 0.7213, avg wnll: 6.2034, avg kl: 0.0373, mse: 0.408019, wmse: 5.167872, mae: 0.460713
3769,	Iter: 3769, train loss: 2.7462, avg nll: 0.7146, avg wnll: 6.0721, avg kl: 0.0374, mse: 0.405543, wmse: 5.136028, mae: 0.459194
3770,	Iter: 3770, train loss: 2.7707, avg nll: 0.7274, avg wnll: 6.1996, avg kl: 0.0386, mse: 0.407851, wmse: 5.155323, mae: 0.460733
nll: 20.1716, mse: 0.5490, mae: 0.5322, mean_mse: 7.0442, mean_mae: 0.5322
1679344611.253219
3771,	Iter: 3771, train loss: 2.7736, avg nll: 0.7355, avg wnll: 6.3560, avg kl: 0.0380, mse: 0.406760, wmse: 5.132205, mae: 0.460407
3772,	Iter: 3772, train loss: 2.7534, avg nll: 0.7237, avg wnll: 6.0661, avg kl: 0.0389, mse: 0.405038, wmse: 5.133282, mae: 0.459786
3773,	Iter: 3773, train loss: 2.7690, avg nll: 0.7260, avg wnll: 6.1219, avg kl: 0.0373, mse: 0.407683, wmse: 5.153319, mae: 0.461095
3774,	Iter: 3774, train loss: 2.7755, avg nll: 0.7280, avg wnll: 6.2293, avg kl: 0.0384, mse: 0.408516, wmse: 5.176116, mae: 0.461312
3775,	Iter: 3775, train loss: 2.7709, avg nll: 0.7248, avg wnll: 6.1856, avg kl: 0.0373, mse: 0.408236, wmse: 5.160268, mae: 0.460839
3776,	Iter: 3776, train loss: 2.7836, avg nll: 0.7346, avg wnll: 6.3198, avg kl: 0.0374, mse: 0.408757, wmse: 5.170003, mae: 0.461828
3777,	Iter: 3777, train loss: 2.7704, avg nll: 0.7266, avg wnll: 6.1574, avg kl: 0.0381, mse: 0.407669, wmse: 5.174160, mae: 0.460400
3778,	Iter: 3778, train loss: 2.7667, avg nll: 0.7211, avg wnll: 6.2010, avg kl: 0.0376, mse: 0.407990, wmse: 5.167375, mae: 0.460693
3779,	Iter: 3779, train loss: 2.7479, avg nll: 0.7145, avg wnll: 6.0698, avg kl: 0.0377, mse: 0.405512, wmse: 5.135437, mae: 0.459173
3780,	Iter: 3780, train loss: 2.7725, avg nll: 0.7272, avg wnll: 6.1974, avg kl: 0.0390, mse: 0.407820, wmse: 5.154728, mae: 0.460712
nll: 20.1764, mse: 0.5490, mae: 0.5322, mean_mse: 7.0449, mean_mae: 0.5322
1679345523.9398751
saving.................
done
3781,	Iter: 3781, train loss: 2.7753, avg nll: 0.7353, avg wnll: 6.3544, avg kl: 0.0383, mse: 0.406727, wmse: 5.131741, mae: 0.460386
3782,	Iter: 3782, train loss: 2.7553, avg nll: 0.7235, avg wnll: 6.0646, avg kl: 0.0392, mse: 0.405009, wmse: 5.132729, mae: 0.459766
3783,	Iter: 3783, train loss: 2.7707, avg nll: 0.7258, avg wnll: 6.1192, avg kl: 0.0376, mse: 0.407658, wmse: 5.152874, mae: 0.461077
3784,	Iter: 3784, train loss: 2.7773, avg nll: 0.7278, avg wnll: 6.2259, avg kl: 0.0387, mse: 0.408487, wmse: 5.175668, mae: 0.461290
3785,	Iter: 3785, train loss: 2.7726, avg nll: 0.7246, avg wnll: 6.1824, avg kl: 0.0376, mse: 0.408201, wmse: 5.159697, mae: 0.460816
3786,	Iter: 3786, train loss: 2.7853, avg nll: 0.7344, avg wnll: 6.3184, avg kl: 0.0377, mse: 0.408727, wmse: 5.169613, mae: 0.461809
3787,	Iter: 3787, train loss: 2.7723, avg nll: 0.7265, avg wnll: 6.1542, avg kl: 0.0384, mse: 0.407647, wmse: 5.173802, mae: 0.460383
3788,	Iter: 3788, train loss: 2.7685, avg nll: 0.7210, avg wnll: 6.1976, avg kl: 0.0379, mse: 0.407976, wmse: 5.167135, mae: 0.460680
3789,	Iter: 3789, train loss: 2.7497, avg nll: 0.7144, avg wnll: 6.0680, avg kl: 0.0379, mse: 0.405488, wmse: 5.135093, mae: 0.459159
3790,	Iter: 3790, train loss: 2.7744, avg nll: 0.7270, avg wnll: 6.1946, avg kl: 0.0392, mse: 0.407799, wmse: 5.154384, mae: 0.460700
nll: 20.1984, mse: 0.5490, mae: 0.5322, mean_mse: 7.0453, mean_mae: 0.5322
1679346403.5173993
3791,	Iter: 3791, train loss: 2.7771, avg nll: 0.7352, avg wnll: 6.3507, avg kl: 0.0385, mse: 0.406708, wmse: 5.131317, mae: 0.460370
3792,	Iter: 3792, train loss: 2.7572, avg nll: 0.7234, avg wnll: 6.0635, avg kl: 0.0394, mse: 0.404984, wmse: 5.132368, mae: 0.459750
3793,	Iter: 3793, train loss: 2.7725, avg nll: 0.7257, avg wnll: 6.1176, avg kl: 0.0377, mse: 0.407638, wmse: 5.152518, mae: 0.461061
3794,	Iter: 3794, train loss: 2.7791, avg nll: 0.7277, avg wnll: 6.2245, avg kl: 0.0388, mse: 0.408467, wmse: 5.175288, mae: 0.461275
3795,	Iter: 3795, train loss: 2.7744, avg nll: 0.7244, avg wnll: 6.1811, avg kl: 0.0377, mse: 0.408179, wmse: 5.159366, mae: 0.460801
3796,	Iter: 3796, train loss: 2.7872, avg nll: 0.7343, avg wnll: 6.3156, avg kl: 0.0378, mse: 0.408719, wmse: 5.169399, mae: 0.461801
3797,	Iter: 3797, train loss: 2.7742, avg nll: 0.7264, avg wnll: 6.1544, avg kl: 0.0385, mse: 0.407634, wmse: 5.173579, mae: 0.460374
3798,	Iter: 3798, train loss: 2.7704, avg nll: 0.7208, avg wnll: 6.1974, avg kl: 0.0380, mse: 0.407959, wmse: 5.166868, mae: 0.460668
3799,	Iter: 3799, train loss: 2.7515, avg nll: 0.7142, avg wnll: 6.0669, avg kl: 0.0381, mse: 0.405473, wmse: 5.134809, mae: 0.459148
3800,	Iter: 3800, train loss: 2.7763, avg nll: 0.7269, avg wnll: 6.1935, avg kl: 0.0393, mse: 0.407784, wmse: 5.154099, mae: 0.460689
nll: 20.1809, mse: 0.5490, mae: 0.5322, mean_mse: 7.0456, mean_mae: 0.5322
1679347314.0630877
3801,	Iter: 3801, train loss: 2.7790, avg nll: 0.7350, avg wnll: 6.3499, avg kl: 0.0386, mse: 0.406690, wmse: 5.131112, mae: 0.460359
3802,	Iter: 3802, train loss: 2.7591, avg nll: 0.7233, avg wnll: 6.0630, avg kl: 0.0395, mse: 0.404969, wmse: 5.132059, mae: 0.459741
3803,	Iter: 3803, train loss: 2.7744, avg nll: 0.7256, avg wnll: 6.1165, avg kl: 0.0379, mse: 0.407626, wmse: 5.152298, mae: 0.461053
3804,	Iter: 3804, train loss: 2.7810, avg nll: 0.7276, avg wnll: 6.2214, avg kl: 0.0389, mse: 0.408449, wmse: 5.175006, mae: 0.461262
3805,	Iter: 3805, train loss: 2.7762, avg nll: 0.7243, avg wnll: 6.1781, avg kl: 0.0378, mse: 0.408159, wmse: 5.158989, mae: 0.460788
3806,	Iter: 3806, train loss: 2.7890, avg nll: 0.7341, avg wnll: 6.3146, avg kl: 0.0379, mse: 0.408705, wmse: 5.169222, mae: 0.461792
3807,	Iter: 3807, train loss: 2.7762, avg nll: 0.7263, avg wnll: 6.1513, avg kl: 0.0386, mse: 0.407624, wmse: 5.173417, mae: 0.460367
3808,	Iter: 3808, train loss: 2.7723, avg nll: 0.7207, avg wnll: 6.1946, avg kl: 0.0381, mse: 0.407956, wmse: 5.166821, mae: 0.460663
3809,	Iter: 3809, train loss: 2.7534, avg nll: 0.7141, avg wnll: 6.0652, avg kl: 0.0381, mse: 0.405461, wmse: 5.134696, mae: 0.459143
3810,	Iter: 3810, train loss: 2.7783, avg nll: 0.7268, avg wnll: 6.1922, avg kl: 0.0394, mse: 0.407777, wmse: 5.153997, mae: 0.460686
nll: 20.2780, mse: 0.5491, mae: 0.5322, mean_mse: 7.0458, mean_mae: 0.5322
1679348204.813788
saving.................
done
3811,	Iter: 3811, train loss: 2.7809, avg nll: 0.7349, avg wnll: 6.3479, avg kl: 0.0386, mse: 0.406683, wmse: 5.130886, mae: 0.460351
3812,	Iter: 3812, train loss: 2.7611, avg nll: 0.7232, avg wnll: 6.0619, avg kl: 0.0396, mse: 0.404957, wmse: 5.131890, mae: 0.459733
3813,	Iter: 3813, train loss: 2.7763, avg nll: 0.7255, avg wnll: 6.1152, avg kl: 0.0379, mse: 0.407613, wmse: 5.152127, mae: 0.461043
3814,	Iter: 3814, train loss: 2.7830, avg nll: 0.7275, avg wnll: 6.2218, avg kl: 0.0390, mse: 0.408439, wmse: 5.174868, mae: 0.461254
3815,	Iter: 3815, train loss: 2.7780, avg nll: 0.7242, avg wnll: 6.1787, avg kl: 0.0379, mse: 0.408149, wmse: 5.158925, mae: 0.460781
3816,	Iter: 3816, train loss: 2.7910, avg nll: 0.7341, avg wnll: 6.3137, avg kl: 0.0379, mse: 0.408703, wmse: 5.169145, mae: 0.461790
3817,	Iter: 3817, train loss: 2.7781, avg nll: 0.7262, avg wnll: 6.1527, avg kl: 0.0386, mse: 0.407619, wmse: 5.173359, mae: 0.460363
3818,	Iter: 3818, train loss: 2.7742, avg nll: 0.7206, avg wnll: 6.1954, avg kl: 0.0381, mse: 0.407943, wmse: 5.166627, mae: 0.460653
3819,	Iter: 3819, train loss: 2.7553, avg nll: 0.7140, avg wnll: 6.0650, avg kl: 0.0382, mse: 0.405454, wmse: 5.134523, mae: 0.459136
3820,	Iter: 3820, train loss: 2.7803, avg nll: 0.7267, avg wnll: 6.1918, avg kl: 0.0394, mse: 0.407771, wmse: 5.153890, mae: 0.460680
nll: 20.2669, mse: 0.5491, mae: 0.5322, mean_mse: 7.0459, mean_mae: 0.5322
1679349111.4140487
3821,	Iter: 3821, train loss: 2.7828, avg nll: 0.7348, avg wnll: 6.3478, avg kl: 0.0387, mse: 0.406673, wmse: 5.130843, mae: 0.460346
3822,	Iter: 3822, train loss: 2.7631, avg nll: 0.7231, avg wnll: 6.0619, avg kl: 0.0396, mse: 0.404953, wmse: 5.131766, mae: 0.459730
3823,	Iter: 3823, train loss: 2.7783, avg nll: 0.7255, avg wnll: 6.1151, avg kl: 0.0379, mse: 0.407609, wmse: 5.152063, mae: 0.461040
3824,	Iter: 3824, train loss: 2.7850, avg nll: 0.7274, avg wnll: 6.2192, avg kl: 0.0390, mse: 0.408434, wmse: 5.174747, mae: 0.461249
3825,	Iter: 3825, train loss: 2.7799, avg nll: 0.7241, avg wnll: 6.1765, avg kl: 0.0379, mse: 0.408137, wmse: 5.158680, mae: 0.460773
3826,	Iter: 3826, train loss: 2.7928, avg nll: 0.7340, avg wnll: 6.3128, avg kl: 0.0379, mse: 0.408697, wmse: 5.169077, mae: 0.461786
3827,	Iter: 3827, train loss: 2.7801, avg nll: 0.7261, avg wnll: 6.1499, avg kl: 0.0386, mse: 0.407617, wmse: 5.173354, mae: 0.460361
3828,	Iter: 3828, train loss: 2.7761, avg nll: 0.7206, avg wnll: 6.1932, avg kl: 0.0381, mse: 0.407947, wmse: 5.166729, mae: 0.460654
3829,	Iter: 3829, train loss: 2.7573, avg nll: 0.7140, avg wnll: 6.0631, avg kl: 0.0381, mse: 0.405449, wmse: 5.134516, mae: 0.459135
3830,	Iter: 3830, train loss: 2.7823, avg nll: 0.7267, avg wnll: 6.1912, avg kl: 0.0394, mse: 0.407772, wmse: 5.153903, mae: 0.460681
nll: 20.3346, mse: 0.5491, mae: 0.5322, mean_mse: 7.0460, mean_mae: 0.5322
1679349981.0545604
3831,	Iter: 3831, train loss: 2.7848, avg nll: 0.7347, avg wnll: 6.3469, avg kl: 0.0386, mse: 0.406675, wmse: 5.130778, mae: 0.460345
3832,	Iter: 3832, train loss: 2.7651, avg nll: 0.7230, avg wnll: 6.0612, avg kl: 0.0395, mse: 0.404948, wmse: 5.131715, mae: 0.459728
3833,	Iter: 3833, train loss: 2.7801, avg nll: 0.7254, avg wnll: 6.1140, avg kl: 0.0379, mse: 0.407601, wmse: 5.151982, mae: 0.461035
3834,	Iter: 3834, train loss: 2.7869, avg nll: 0.7273, avg wnll: 6.2202, avg kl: 0.0389, mse: 0.408430, wmse: 5.174763, mae: 0.461246
3835,	Iter: 3835, train loss: 2.7818, avg nll: 0.7240, avg wnll: 6.1772, avg kl: 0.0378, mse: 0.408134, wmse: 5.158725, mae: 0.460772
3836,	Iter: 3836, train loss: 2.7948, avg nll: 0.7339, avg wnll: 6.3122, avg kl: 0.0379, mse: 0.408705, wmse: 5.169173, mae: 0.461790
3837,	Iter: 3837, train loss: 2.7821, avg nll: 0.7261, avg wnll: 6.1516, avg kl: 0.0386, mse: 0.407618, wmse: 5.173383, mae: 0.460361
3838,	Iter: 3838, train loss: 2.7780, avg nll: 0.7205, avg wnll: 6.1941, avg kl: 0.0381, mse: 0.407940, wmse: 5.166625, mae: 0.460648
3839,	Iter: 3839, train loss: 2.7592, avg nll: 0.7139, avg wnll: 6.0638, avg kl: 0.0381, mse: 0.405450, wmse: 5.134500, mae: 0.459136
3840,	Iter: 3840, train loss: 2.7843, avg nll: 0.7266, avg wnll: 6.1908, avg kl: 0.0393, mse: 0.407771, wmse: 5.153900, mae: 0.460679
nll: 20.3400, mse: 0.5491, mae: 0.5322, mean_mse: 7.0460, mean_mae: 0.5322
1679350900.940575
saving.................
done
3841,	Iter: 3841, train loss: 2.7867, avg nll: 0.7346, avg wnll: 6.3468, avg kl: 0.0386, mse: 0.406672, wmse: 5.130840, mae: 0.460347
3842,	Iter: 3842, train loss: 2.7671, avg nll: 0.7230, avg wnll: 6.0617, avg kl: 0.0395, mse: 0.404952, wmse: 5.131737, mae: 0.459733
3843,	Iter: 3843, train loss: 2.7821, avg nll: 0.7253, avg wnll: 6.1143, avg kl: 0.0378, mse: 0.407604, wmse: 5.152042, mae: 0.461038
3844,	Iter: 3844, train loss: 2.7889, avg nll: 0.7273, avg wnll: 6.2177, avg kl: 0.0389, mse: 0.408430, wmse: 5.174703, mae: 0.461245
3845,	Iter: 3845, train loss: 2.7837, avg nll: 0.7239, avg wnll: 6.1755, avg kl: 0.0378, mse: 0.408130, wmse: 5.158639, mae: 0.460769
3846,	Iter: 3846, train loss: 2.7967, avg nll: 0.7339, avg wnll: 6.3117, avg kl: 0.0378, mse: 0.408704, wmse: 5.169168, mae: 0.461790
3847,	Iter: 3847, train loss: 2.7840, avg nll: 0.7260, avg wnll: 6.1492, avg kl: 0.0385, mse: 0.407619, wmse: 5.173416, mae: 0.460362
3848,	Iter: 3848, train loss: 2.7800, avg nll: 0.7204, avg wnll: 6.1923, avg kl: 0.0380, mse: 0.407947, wmse: 5.166807, mae: 0.460652
3849,	Iter: 3849, train loss: 2.7611, avg nll: 0.7138, avg wnll: 6.0623, avg kl: 0.0380, mse: 0.405450, wmse: 5.134568, mae: 0.459139
3850,	Iter: 3850, train loss: 2.7864, avg nll: 0.7265, avg wnll: 6.1908, avg kl: 0.0392, mse: 0.407778, wmse: 5.154014, mae: 0.460685
nll: 20.4023, mse: 0.5491, mae: 0.5322, mean_mse: 7.0459, mean_mae: 0.5322
1679351776.8963912
3851,	Iter: 3851, train loss: 2.7887, avg nll: 0.7345, avg wnll: 6.3463, avg kl: 0.0385, mse: 0.406679, wmse: 5.130873, mae: 0.460350
3852,	Iter: 3852, train loss: 2.7691, avg nll: 0.7229, avg wnll: 6.0612, avg kl: 0.0394, mse: 0.404954, wmse: 5.131801, mae: 0.459734
3853,	Iter: 3853, train loss: 2.7840, avg nll: 0.7253, avg wnll: 6.1133, avg kl: 0.0377, mse: 0.407600, wmse: 5.152040, mae: 0.461036
3854,	Iter: 3854, train loss: 2.7909, avg nll: 0.7272, avg wnll: 6.2193, avg kl: 0.0388, mse: 0.408433, wmse: 5.174860, mae: 0.461247
3855,	Iter: 3855, train loss: 2.7857, avg nll: 0.7239, avg wnll: 6.1758, avg kl: 0.0377, mse: 0.408136, wmse: 5.158804, mae: 0.460773
3856,	Iter: 3856, train loss: 2.7988, avg nll: 0.7338, avg wnll: 6.3114, avg kl: 0.0377, mse: 0.408719, wmse: 5.169425, mae: 0.461801
3857,	Iter: 3857, train loss: 2.7860, avg nll: 0.7260, avg wnll: 6.1509, avg kl: 0.0384, mse: 0.407625, wmse: 5.173584, mae: 0.460367
3858,	Iter: 3858, train loss: 2.7819, avg nll: 0.7203, avg wnll: 6.1936, avg kl: 0.0379, mse: 0.407944, wmse: 5.166769, mae: 0.460651
3859,	Iter: 3859, train loss: 2.7631, avg nll: 0.7137, avg wnll: 6.0628, avg kl: 0.0379, mse: 0.405455, wmse: 5.134625, mae: 0.459142
3860,	Iter: 3860, train loss: 2.7883, avg nll: 0.7265, avg wnll: 6.1903, avg kl: 0.0391, mse: 0.407785, wmse: 5.154129, mae: 0.460689
nll: 20.4002, mse: 0.5490, mae: 0.5322, mean_mse: 7.0458, mean_mae: 0.5322
1679352656.356098
3861,	Iter: 3861, train loss: 2.7906, avg nll: 0.7344, avg wnll: 6.3460, avg kl: 0.0384, mse: 0.406682, wmse: 5.131052, mae: 0.460356
3862,	Iter: 3862, train loss: 2.7712, avg nll: 0.7229, avg wnll: 6.0615, avg kl: 0.0393, mse: 0.404963, wmse: 5.131899, mae: 0.459742
3863,	Iter: 3863, train loss: 2.7860, avg nll: 0.7253, avg wnll: 6.1139, avg kl: 0.0376, mse: 0.407609, wmse: 5.152208, mae: 0.461043
3864,	Iter: 3864, train loss: 2.7929, avg nll: 0.7272, avg wnll: 6.2167, avg kl: 0.0387, mse: 0.408437, wmse: 5.174881, mae: 0.461250
3865,	Iter: 3865, train loss: 2.7876, avg nll: 0.7239, avg wnll: 6.1753, avg kl: 0.0375, mse: 0.408137, wmse: 5.158841, mae: 0.460774
3866,	Iter: 3866, train loss: 2.8006, avg nll: 0.7337, avg wnll: 6.3096, avg kl: 0.0376, mse: 0.408722, wmse: 5.169439, mae: 0.461802
3867,	Iter: 3867, train loss: 2.7880, avg nll: 0.7259, avg wnll: 6.1487, avg kl: 0.0383, mse: 0.407630, wmse: 5.173695, mae: 0.460372
3868,	Iter: 3868, train loss: 2.7838, avg nll: 0.7203, avg wnll: 6.1924, avg kl: 0.0377, mse: 0.407954, wmse: 5.167022, mae: 0.460657
3869,	Iter: 3869, train loss: 2.7650, avg nll: 0.7137, avg wnll: 6.0623, avg kl: 0.0378, mse: 0.405462, wmse: 5.134799, mae: 0.459150
3870,	Iter: 3870, train loss: 2.7903, avg nll: 0.7264, avg wnll: 6.1906, avg kl: 0.0390, mse: 0.407792, wmse: 5.154251, mae: 0.460694
nll: 20.5139, mse: 0.5490, mae: 0.5322, mean_mse: 7.0458, mean_mae: 0.5322
1679353559.1516798
saving.................
done
3871,	Iter: 3871, train loss: 2.7926, avg nll: 0.7344, avg wnll: 6.3461, avg kl: 0.0383, mse: 0.406694, wmse: 5.131167, mae: 0.460362
3872,	Iter: 3872, train loss: 2.7732, avg nll: 0.7228, avg wnll: 6.0616, avg kl: 0.0391, mse: 0.404972, wmse: 5.132098, mae: 0.459749
3873,	Iter: 3873, train loss: 2.7878, avg nll: 0.7252, avg wnll: 6.1131, avg kl: 0.0375, mse: 0.407610, wmse: 5.152288, mae: 0.461045
3874,	Iter: 3874, train loss: 2.7948, avg nll: 0.7272, avg wnll: 6.2188, avg kl: 0.0385, mse: 0.408447, wmse: 5.175136, mae: 0.461256
3875,	Iter: 3875, train loss: 2.7895, avg nll: 0.7238, avg wnll: 6.1758, avg kl: 0.0374, mse: 0.408149, wmse: 5.159070, mae: 0.460782
3876,	Iter: 3876, train loss: 2.8026, avg nll: 0.7338, avg wnll: 6.3109, avg kl: 0.0375, mse: 0.408742, wmse: 5.169853, mae: 0.461817
3877,	Iter: 3877, train loss: 2.7899, avg nll: 0.7259, avg wnll: 6.1500, avg kl: 0.0381, mse: 0.407641, wmse: 5.173908, mae: 0.460380
3878,	Iter: 3878, train loss: 2.7857, avg nll: 0.7203, avg wnll: 6.1929, avg kl: 0.0376, mse: 0.407959, wmse: 5.167104, mae: 0.460663
3879,	Iter: 3879, train loss: 2.7669, avg nll: 0.7136, avg wnll: 6.0621, avg kl: 0.0376, mse: 0.405471, wmse: 5.134945, mae: 0.459155
3880,	Iter: 3880, train loss: 2.7923, avg nll: 0.7264, avg wnll: 6.1900, avg kl: 0.0388, mse: 0.407806, wmse: 5.154523, mae: 0.460702
nll: 20.4680, mse: 0.5490, mae: 0.5322, mean_mse: 7.0456, mean_mae: 0.5322
1679354428.6856053
3881,	Iter: 3881, train loss: 2.7944, avg nll: 0.7343, avg wnll: 6.3452, avg kl: 0.0381, mse: 0.406703, wmse: 5.131421, mae: 0.460371
3882,	Iter: 3882, train loss: 2.7752, avg nll: 0.7228, avg wnll: 6.0613, avg kl: 0.0390, mse: 0.404985, wmse: 5.132270, mae: 0.459759
3883,	Iter: 3883, train loss: 2.7898, avg nll: 0.7252, avg wnll: 6.1140, avg kl: 0.0373, mse: 0.407624, wmse: 5.152569, mae: 0.461057
3884,	Iter: 3884, train loss: 2.7968, avg nll: 0.7271, avg wnll: 6.2163, avg kl: 0.0383, mse: 0.408457, wmse: 5.175268, mae: 0.461262
3885,	Iter: 3885, train loss: 2.7914, avg nll: 0.7238, avg wnll: 6.1754, avg kl: 0.0372, mse: 0.408154, wmse: 5.159233, mae: 0.460788
3886,	Iter: 3886, train loss: 2.8046, avg nll: 0.7338, avg wnll: 6.3095, avg kl: 0.0373, mse: 0.408754, wmse: 5.169939, mae: 0.461826
3887,	Iter: 3887, train loss: 2.7919, avg nll: 0.7259, avg wnll: 6.1507, avg kl: 0.0380, mse: 0.407654, wmse: 5.174209, mae: 0.460391
3888,	Iter: 3888, train loss: 2.7876, avg nll: 0.7202, avg wnll: 6.1932, avg kl: 0.0374, mse: 0.407969, wmse: 5.167343, mae: 0.460668
3889,	Iter: 3889, train loss: 2.7688, avg nll: 0.7136, avg wnll: 6.0614, avg kl: 0.0375, mse: 0.405483, wmse: 5.135190, mae: 0.459166
3890,	Iter: 3890, train loss: 2.7943, avg nll: 0.7264, avg wnll: 6.1905, avg kl: 0.0387, mse: 0.407814, wmse: 5.154702, mae: 0.460707
nll: 20.5673, mse: 0.5490, mae: 0.5322, mean_mse: 7.0456, mean_mae: 0.5322
1679355260.453857
3891,	Iter: 3891, train loss: 2.7963, avg nll: 0.7343, avg wnll: 6.3455, avg kl: 0.0379, mse: 0.406712, wmse: 5.131609, mae: 0.460377
3892,	Iter: 3892, train loss: 2.7771, avg nll: 0.7228, avg wnll: 6.0617, avg kl: 0.0388, mse: 0.404995, wmse: 5.132461, mae: 0.459768
3893,	Iter: 3893, train loss: 2.7916, avg nll: 0.7251, avg wnll: 6.1132, avg kl: 0.0371, mse: 0.407625, wmse: 5.152643, mae: 0.461059
3894,	Iter: 3894, train loss: 2.7987, avg nll: 0.7271, avg wnll: 6.2184, avg kl: 0.0382, mse: 0.408468, wmse: 5.175544, mae: 0.461270
3895,	Iter: 3895, train loss: 2.7933, avg nll: 0.7238, avg wnll: 6.1757, avg kl: 0.0371, mse: 0.408167, wmse: 5.159471, mae: 0.460795
3896,	Iter: 3896, train loss: 2.8066, avg nll: 0.7339, avg wnll: 6.3145, avg kl: 0.0372, mse: 0.408767, wmse: 5.170334, mae: 0.461837
3897,	Iter: 3897, train loss: 2.7939, avg nll: 0.7259, avg wnll: 6.1521, avg kl: 0.0378, mse: 0.407672, wmse: 5.174506, mae: 0.460405
3898,	Iter: 3898, train loss: 2.7896, avg nll: 0.7202, avg wnll: 6.1933, avg kl: 0.0372, mse: 0.407988, wmse: 5.167562, mae: 0.460682
3899,	Iter: 3899, train loss: 2.7707, avg nll: 0.7136, avg wnll: 6.0614, avg kl: 0.0373, mse: 0.405498, wmse: 5.135384, mae: 0.459176
3900,	Iter: 3900, train loss: 2.7963, avg nll: 0.7264, avg wnll: 6.1894, avg kl: 0.0385, mse: 0.407832, wmse: 5.154992, mae: 0.460720
nll: 20.5349, mse: 0.5490, mae: 0.5322, mean_mse: 7.0453, mean_mae: 0.5322
1679356151.1090765
saving.................
done
3901,	Iter: 3901, train loss: 2.7982, avg nll: 0.7342, avg wnll: 6.3439, avg kl: 0.0377, mse: 0.406727, wmse: 5.131835, mae: 0.460389
3902,	Iter: 3902, train loss: 2.7791, avg nll: 0.7227, avg wnll: 6.0610, avg kl: 0.0386, mse: 0.405007, wmse: 5.132648, mae: 0.459778
3903,	Iter: 3903, train loss: 2.7935, avg nll: 0.7251, avg wnll: 6.1137, avg kl: 0.0369, mse: 0.407639, wmse: 5.152930, mae: 0.461071
3904,	Iter: 3904, train loss: 2.8006, avg nll: 0.7270, avg wnll: 6.2156, avg kl: 0.0380, mse: 0.408479, wmse: 5.175707, mae: 0.461278
3905,	Iter: 3905, train loss: 2.7951, avg nll: 0.7237, avg wnll: 6.1749, avg kl: 0.0369, mse: 0.408178, wmse: 5.159707, mae: 0.460805
3906,	Iter: 3906, train loss: 2.8084, avg nll: 0.7337, avg wnll: 6.3100, avg kl: 0.0369, mse: 0.408792, wmse: 5.170547, mae: 0.461854
3907,	Iter: 3907, train loss: 2.7958, avg nll: 0.7259, avg wnll: 6.1514, avg kl: 0.0376, mse: 0.407687, wmse: 5.174842, mae: 0.460417
3908,	Iter: 3908, train loss: 2.7914, avg nll: 0.7202, avg wnll: 6.1938, avg kl: 0.0371, mse: 0.407999, wmse: 5.167906, mae: 0.460691
3909,	Iter: 3909, train loss: 2.7726, avg nll: 0.7136, avg wnll: 6.0611, avg kl: 0.0371, mse: 0.405516, wmse: 5.135753, mae: 0.459191
3910,	Iter: 3910, train loss: 2.7982, avg nll: 0.7263, avg wnll: 6.1897, avg kl: 0.0383, mse: 0.407847, wmse: 5.155280, mae: 0.460729
nll: 20.5562, mse: 0.5490, mae: 0.5322, mean_mse: 7.0452, mean_mae: 0.5322
1679357025.51058
3911,	Iter: 3911, train loss: 2.8002, avg nll: 0.7343, avg wnll: 6.3469, avg kl: 0.0375, mse: 0.406747, wmse: 5.132216, mae: 0.460406
3912,	Iter: 3912, train loss: 2.7811, avg nll: 0.7227, avg wnll: 6.0615, avg kl: 0.0384, mse: 0.405027, wmse: 5.132923, mae: 0.459793
3913,	Iter: 3913, train loss: 2.7953, avg nll: 0.7251, avg wnll: 6.1121, avg kl: 0.0368, mse: 0.407649, wmse: 5.153126, mae: 0.461079
3914,	Iter: 3914, train loss: 2.8025, avg nll: 0.7270, avg wnll: 6.2159, avg kl: 0.0378, mse: 0.408492, wmse: 5.175968, mae: 0.461286
3915,	Iter: 3915, train loss: 2.7970, avg nll: 0.7237, avg wnll: 6.1748, avg kl: 0.0367, mse: 0.408192, wmse: 5.159960, mae: 0.460812
3916,	Iter: 3916, train loss: 2.8103, avg nll: 0.7337, avg wnll: 6.3113, avg kl: 0.0368, mse: 0.408804, wmse: 5.170885, mae: 0.461866
3917,	Iter: 3917, train loss: 2.7978, avg nll: 0.7260, avg wnll: 6.1510, avg kl: 0.0374, mse: 0.407710, wmse: 5.175109, mae: 0.460434
3918,	Iter: 3918, train loss: 2.7934, avg nll: 0.7202, avg wnll: 6.1924, avg kl: 0.0369, mse: 0.408023, wmse: 5.168178, mae: 0.460708
3919,	Iter: 3919, train loss: 2.7745, avg nll: 0.7136, avg wnll: 6.0608, avg kl: 0.0369, mse: 0.405535, wmse: 5.136032, mae: 0.459206
3920,	Iter: 3920, train loss: 2.8002, avg nll: 0.7263, avg wnll: 6.1890, avg kl: 0.0381, mse: 0.407868, wmse: 5.155623, mae: 0.460745
nll: 20.5751, mse: 0.5490, mae: 0.5322, mean_mse: 7.0450, mean_mae: 0.5322
1679357911.345044
3921,	Iter: 3921, train loss: 2.8021, avg nll: 0.7342, avg wnll: 6.3440, avg kl: 0.0373, mse: 0.406767, wmse: 5.132513, mae: 0.460419
3922,	Iter: 3922, train loss: 2.7830, avg nll: 0.7227, avg wnll: 6.0602, avg kl: 0.0382, mse: 0.405048, wmse: 5.133262, mae: 0.459809
3923,	Iter: 3923, train loss: 2.7972, avg nll: 0.7251, avg wnll: 6.1124, avg kl: 0.0366, mse: 0.407665, wmse: 5.153447, mae: 0.461094
3924,	Iter: 3924, train loss: 2.8044, avg nll: 0.7270, avg wnll: 6.2150, avg kl: 0.0375, mse: 0.408508, wmse: 5.176244, mae: 0.461298
3925,	Iter: 3925, train loss: 2.7988, avg nll: 0.7237, avg wnll: 6.1739, avg kl: 0.0364, mse: 0.408210, wmse: 5.160322, mae: 0.460829
3926,	Iter: 3926, train loss: 2.8122, avg nll: 0.7337, avg wnll: 6.3090, avg kl: 0.0365, mse: 0.408835, wmse: 5.171268, mae: 0.461887
3927,	Iter: 3927, train loss: 2.7997, avg nll: 0.7260, avg wnll: 6.1515, avg kl: 0.0372, mse: 0.407725, wmse: 5.175546, mae: 0.460447
3928,	Iter: 3928, train loss: 2.7952, avg nll: 0.7202, avg wnll: 6.1937, avg kl: 0.0366, mse: 0.408034, wmse: 5.168528, mae: 0.460718
3929,	Iter: 3929, train loss: 2.7764, avg nll: 0.7136, avg wnll: 6.0605, avg kl: 0.0367, mse: 0.405555, wmse: 5.136427, mae: 0.459222
3930,	Iter: 3930, train loss: 2.8021, avg nll: 0.7263, avg wnll: 6.1882, avg kl: 0.0378, mse: 0.407886, wmse: 5.155971, mae: 0.460756
nll: 20.6149, mse: 0.5490, mae: 0.5321, mean_mse: 7.0448, mean_mae: 0.5321
1679358807.6462998
saving.................
done
3931,	Iter: 3931, train loss: 2.8040, avg nll: 0.7342, avg wnll: 6.3464, avg kl: 0.0371, mse: 0.406788, wmse: 5.132961, mae: 0.460437
3932,	Iter: 3932, train loss: 2.7850, avg nll: 0.7227, avg wnll: 6.0614, avg kl: 0.0380, mse: 0.405069, wmse: 5.133592, mae: 0.459825
3933,	Iter: 3933, train loss: 2.7990, avg nll: 0.7251, avg wnll: 6.1114, avg kl: 0.0363, mse: 0.407682, wmse: 5.153762, mae: 0.461105
3934,	Iter: 3934, train loss: 2.8063, avg nll: 0.7270, avg wnll: 6.2143, avg kl: 0.0373, mse: 0.408525, wmse: 5.176531, mae: 0.461310
3935,	Iter: 3935, train loss: 2.8006, avg nll: 0.7237, avg wnll: 6.1738, avg kl: 0.0363, mse: 0.408228, wmse: 5.160590, mae: 0.460838
3936,	Iter: 3936, train loss: 2.8139, avg nll: 0.7337, avg wnll: 6.3085, avg kl: 0.0363, mse: 0.408845, wmse: 5.171459, mae: 0.461896
3937,	Iter: 3937, train loss: 2.8015, avg nll: 0.7260, avg wnll: 6.1491, avg kl: 0.0369, mse: 0.407751, wmse: 5.175751, mae: 0.460465
3938,	Iter: 3938, train loss: 2.7970, avg nll: 0.7202, avg wnll: 6.1914, avg kl: 0.0364, mse: 0.408062, wmse: 5.168866, mae: 0.460737
3939,	Iter: 3939, train loss: 2.7780, avg nll: 0.7136, avg wnll: 6.0602, avg kl: 0.0365, mse: 0.405578, wmse: 5.136758, mae: 0.459242
3940,	Iter: 3940, train loss: 2.8035, avg nll: 0.7263, avg wnll: 6.1885, avg kl: 0.0376, mse: 0.407910, wmse: 5.156338, mae: 0.460774
nll: 20.6750, mse: 0.5489, mae: 0.5321, mean_mse: 7.0447, mean_mae: 0.5321
1679359689.4277105
3941,	Iter: 3941, train loss: 2.8051, avg nll: 0.7342, avg wnll: 6.3439, avg kl: 0.0369, mse: 0.406810, wmse: 5.133242, mae: 0.460452
3942,	Iter: 3942, train loss: 2.7860, avg nll: 0.7228, avg wnll: 6.0604, avg kl: 0.0378, mse: 0.405096, wmse: 5.133975, mae: 0.459846
3943,	Iter: 3943, train loss: 2.7998, avg nll: 0.7251, avg wnll: 6.1122, avg kl: 0.0361, mse: 0.407701, wmse: 5.154097, mae: 0.461121
3944,	Iter: 3944, train loss: 2.8069, avg nll: 0.7270, avg wnll: 6.2160, avg kl: 0.0371, mse: 0.408542, wmse: 5.176865, mae: 0.461324
3945,	Iter: 3945, train loss: 2.8010, avg nll: 0.7237, avg wnll: 6.1742, avg kl: 0.0360, mse: 0.408247, wmse: 5.161025, mae: 0.460855
3946,	Iter: 3946, train loss: 2.8142, avg nll: 0.7337, avg wnll: 6.3094, avg kl: 0.0361, mse: 0.408877, wmse: 5.171995, mae: 0.461917
3947,	Iter: 3947, train loss: 2.8015, avg nll: 0.7259, avg wnll: 6.1509, avg kl: 0.0367, mse: 0.407762, wmse: 5.176211, mae: 0.460476
3948,	Iter: 3948, train loss: 2.7968, avg nll: 0.7202, avg wnll: 6.1943, avg kl: 0.0363, mse: 0.408071, wmse: 5.169124, mae: 0.460747
3949,	Iter: 3949, train loss: 2.7779, avg nll: 0.7136, avg wnll: 6.0605, avg kl: 0.0363, mse: 0.405594, wmse: 5.137076, mae: 0.459251
3950,	Iter: 3950, train loss: 2.8034, avg nll: 0.7263, avg wnll: 6.1876, avg kl: 0.0375, mse: 0.407923, wmse: 5.156626, mae: 0.460782
nll: 20.7193, mse: 0.5489, mae: 0.5321, mean_mse: 7.0445, mean_mae: 0.5321
1679360577.837957
3951,	Iter: 3951, train loss: 2.8051, avg nll: 0.7342, avg wnll: 6.3463, avg kl: 0.0368, mse: 0.406825, wmse: 5.133613, mae: 0.460465
3952,	Iter: 3952, train loss: 2.7859, avg nll: 0.7227, avg wnll: 6.0619, avg kl: 0.0377, mse: 0.405108, wmse: 5.134211, mae: 0.459854
3953,	Iter: 3953, train loss: 2.7997, avg nll: 0.7251, avg wnll: 6.1121, avg kl: 0.0360, mse: 0.407712, wmse: 5.154291, mae: 0.461128
3954,	Iter: 3954, train loss: 2.8068, avg nll: 0.7271, avg wnll: 6.2147, avg kl: 0.0370, mse: 0.408560, wmse: 5.177068, mae: 0.461335
3955,	Iter: 3955, train loss: 2.8009, avg nll: 0.7237, avg wnll: 6.1740, avg kl: 0.0359, mse: 0.408260, wmse: 5.161155, mae: 0.460861
3956,	Iter: 3956, train loss: 2.8140, avg nll: 0.7337, avg wnll: 6.3072, avg kl: 0.0360, mse: 0.408880, wmse: 5.172013, mae: 0.461919
3957,	Iter: 3957, train loss: 2.8014, avg nll: 0.7259, avg wnll: 6.1491, avg kl: 0.0366, mse: 0.407779, wmse: 5.176270, mae: 0.460485
3958,	Iter: 3958, train loss: 2.7968, avg nll: 0.7202, avg wnll: 6.1918, avg kl: 0.0361, mse: 0.408086, wmse: 5.169341, mae: 0.460755
3959,	Iter: 3959, train loss: 2.7778, avg nll: 0.7136, avg wnll: 6.0601, avg kl: 0.0362, mse: 0.405604, wmse: 5.137178, mae: 0.459260
3960,	Iter: 3960, train loss: 2.8033, avg nll: 0.7263, avg wnll: 6.1888, avg kl: 0.0374, mse: 0.407935, wmse: 5.156813, mae: 0.460791
nll: 20.7885, mse: 0.5489, mae: 0.5321, mean_mse: 7.0444, mean_mae: 0.5321
1679361481.948917
saving.................
done
3961,	Iter: 3961, train loss: 2.8049, avg nll: 0.7341, avg wnll: 6.3439, avg kl: 0.0366, mse: 0.406839, wmse: 5.133749, mae: 0.460472
3962,	Iter: 3962, train loss: 2.7859, avg nll: 0.7227, avg wnll: 6.0613, avg kl: 0.0375, mse: 0.405127, wmse: 5.134504, mae: 0.459868
3963,	Iter: 3963, train loss: 2.7996, avg nll: 0.7251, avg wnll: 6.1128, avg kl: 0.0359, mse: 0.407723, wmse: 5.154497, mae: 0.461137
3964,	Iter: 3964, train loss: 2.8067, avg nll: 0.7270, avg wnll: 6.2170, avg kl: 0.0369, mse: 0.408570, wmse: 5.177328, mae: 0.461343
3965,	Iter: 3965, train loss: 2.8008, avg nll: 0.7237, avg wnll: 6.1757, avg kl: 0.0358, mse: 0.408274, wmse: 5.161498, mae: 0.460874
3966,	Iter: 3966, train loss: 2.8140, avg nll: 0.7337, avg wnll: 6.3108, avg kl: 0.0359, mse: 0.408898, wmse: 5.172381, mae: 0.461932
3967,	Iter: 3967, train loss: 2.8013, avg nll: 0.7259, avg wnll: 6.1506, avg kl: 0.0365, mse: 0.407782, wmse: 5.176558, mae: 0.460489
3968,	Iter: 3968, train loss: 2.7966, avg nll: 0.7201, avg wnll: 6.1949, avg kl: 0.0360, mse: 0.408094, wmse: 5.169470, mae: 0.460764
3969,	Iter: 3969, train loss: 2.7777, avg nll: 0.7135, avg wnll: 6.0616, avg kl: 0.0361, mse: 0.405616, wmse: 5.137457, mae: 0.459268
3970,	Iter: 3970, train loss: 2.8031, avg nll: 0.7262, avg wnll: 6.1876, avg kl: 0.0372, mse: 0.407942, wmse: 5.156958, mae: 0.460793
nll: 20.7922, mse: 0.5489, mae: 0.5321, mean_mse: 7.0442, mean_mae: 0.5321
1679362395.7800753
3971,	Iter: 3971, train loss: 2.8048, avg nll: 0.7340, avg wnll: 6.3460, avg kl: 0.0365, mse: 0.406846, wmse: 5.133959, mae: 0.460479
3972,	Iter: 3972, train loss: 2.7858, avg nll: 0.7227, avg wnll: 6.0627, avg kl: 0.0374, mse: 0.405132, wmse: 5.134617, mae: 0.459871
3973,	Iter: 3973, train loss: 2.7995, avg nll: 0.7251, avg wnll: 6.1132, avg kl: 0.0358, mse: 0.407733, wmse: 5.154678, mae: 0.461143
3974,	Iter: 3974, train loss: 2.8067, avg nll: 0.7270, avg wnll: 6.2155, avg kl: 0.0368, mse: 0.408581, wmse: 5.177428, mae: 0.461349
3975,	Iter: 3975, train loss: 2.8008, avg nll: 0.7237, avg wnll: 6.1763, avg kl: 0.0357, mse: 0.408283, wmse: 5.161592, mae: 0.460878
3976,	Iter: 3976, train loss: 2.8143, avg nll: 0.7340, avg wnll: 6.3130, avg kl: 0.0357, mse: 0.408913, wmse: 5.172507, mae: 0.461944
3977,	Iter: 3977, train loss: 2.8013, avg nll: 0.7259, avg wnll: 6.1531, avg kl: 0.0364, mse: 0.407800, wmse: 5.176687, mae: 0.460504
3978,	Iter: 3978, train loss: 2.7966, avg nll: 0.7201, avg wnll: 6.1941, avg kl: 0.0359, mse: 0.408104, wmse: 5.169639, mae: 0.460769
3979,	Iter: 3979, train loss: 2.7776, avg nll: 0.7135, avg wnll: 6.0606, avg kl: 0.0360, mse: 0.405629, wmse: 5.137571, mae: 0.459277
3980,	Iter: 3980, train loss: 2.8031, avg nll: 0.7262, avg wnll: 6.1887, avg kl: 0.0371, mse: 0.407949, wmse: 5.157124, mae: 0.460800
nll: 20.8195, mse: 0.5489, mae: 0.5321, mean_mse: 7.0442, mean_mae: 0.5321
1679363307.7230604
3981,	Iter: 3981, train loss: 2.8046, avg nll: 0.7339, avg wnll: 6.3434, avg kl: 0.0365, mse: 0.406844, wmse: 5.133953, mae: 0.460475
3982,	Iter: 3982, train loss: 2.7857, avg nll: 0.7227, avg wnll: 6.0619, avg kl: 0.0373, mse: 0.405140, wmse: 5.134763, mae: 0.459878
3983,	Iter: 3983, train loss: 2.7995, avg nll: 0.7251, avg wnll: 6.1136, avg kl: 0.0357, mse: 0.407739, wmse: 5.154773, mae: 0.461149
3984,	Iter: 3984, train loss: 2.8065, avg nll: 0.7269, avg wnll: 6.2170, avg kl: 0.0367, mse: 0.408584, wmse: 5.177594, mae: 0.461352
3985,	Iter: 3985, train loss: 2.8007, avg nll: 0.7236, avg wnll: 6.1763, avg kl: 0.0356, mse: 0.408294, wmse: 5.161822, mae: 0.460887
3986,	Iter: 3986, train loss: 2.8140, avg nll: 0.7337, avg wnll: 6.3134, avg kl: 0.0357, mse: 0.408917, wmse: 5.172746, mae: 0.461948
3987,	Iter: 3987, train loss: 2.8012, avg nll: 0.7259, avg wnll: 6.1533, avg kl: 0.0363, mse: 0.407809, wmse: 5.176998, mae: 0.460511
3988,	Iter: 3988, train loss: 2.7965, avg nll: 0.7201, avg wnll: 6.1954, avg kl: 0.0359, mse: 0.408114, wmse: 5.169785, mae: 0.460777
3989,	Iter: 3989, train loss: 2.7775, avg nll: 0.7134, avg wnll: 6.0620, avg kl: 0.0359, mse: 0.405632, wmse: 5.137725, mae: 0.459280
3990,	Iter: 3990, train loss: 2.8030, avg nll: 0.7261, avg wnll: 6.1879, avg kl: 0.0371, mse: 0.407958, wmse: 5.157269, mae: 0.460804
nll: 20.7778, mse: 0.5489, mae: 0.5321, mean_mse: 7.0439, mean_mae: 0.5321
1679364195.0254004
saving.................
done
3991,	Iter: 3991, train loss: 2.8045, avg nll: 0.7339, avg wnll: 6.3451, avg kl: 0.0364, mse: 0.406850, wmse: 5.134063, mae: 0.460480
3992,	Iter: 3992, train loss: 2.7856, avg nll: 0.7226, avg wnll: 6.0635, avg kl: 0.0373, mse: 0.405140, wmse: 5.134784, mae: 0.459876
3993,	Iter: 3993, train loss: 2.7994, avg nll: 0.7250, avg wnll: 6.1142, avg kl: 0.0356, mse: 0.407743, wmse: 5.154878, mae: 0.461151
3994,	Iter: 3994, train loss: 2.8065, avg nll: 0.7269, avg wnll: 6.2161, avg kl: 0.0366, mse: 0.408593, wmse: 5.177662, mae: 0.461358
3995,	Iter: 3995, train loss: 2.8006, avg nll: 0.7236, avg wnll: 6.1769, avg kl: 0.0355, mse: 0.408298, wmse: 5.161880, mae: 0.460889
3996,	Iter: 3996, train loss: 2.8142, avg nll: 0.7339, avg wnll: 6.3129, avg kl: 0.0356, mse: 0.408935, wmse: 5.172912, mae: 0.461960
3997,	Iter: 3997, train loss: 2.8012, avg nll: 0.7259, avg wnll: 6.1551, avg kl: 0.0362, mse: 0.407822, wmse: 5.177102, mae: 0.460521
3998,	Iter: 3998, train loss: 2.7964, avg nll: 0.7200, avg wnll: 6.1957, avg kl: 0.0358, mse: 0.408121, wmse: 5.169906, mae: 0.460782
3999,	Iter: 3999, train loss: 2.7775, avg nll: 0.7134, avg wnll: 6.0614, avg kl: 0.0358, mse: 0.405643, wmse: 5.137818, mae: 0.459287
4000,	Iter: 4000, train loss: 2.8029, avg nll: 0.7261, avg wnll: 6.1889, avg kl: 0.0370, mse: 0.407959, wmse: 5.157322, mae: 0.460805
nll: 20.7726, mse: 0.5489, mae: 0.5321, mean_mse: 7.0439, mean_mae: 0.5321
1679365080.5006194
4001,	Iter: 4001, train loss: 2.8043, avg nll: 0.7337, avg wnll: 6.3433, avg kl: 0.0363, mse: 0.406845, wmse: 5.134030, mae: 0.460475
4002,	Iter: 4002, train loss: 2.7855, avg nll: 0.7225, avg wnll: 6.0626, avg kl: 0.0372, mse: 0.405149, wmse: 5.134891, mae: 0.459885
4003,	Iter: 4003, train loss: 2.7993, avg nll: 0.7250, avg wnll: 6.1142, avg kl: 0.0356, mse: 0.407747, wmse: 5.154893, mae: 0.461154
4004,slurmstepd: error: *** JOB 247371 ON gpu0 CANCELLED AT 2023-03-21T02:25:12 ***
